[0.127s] Invoking command in '/home/fiend/voice_grab/ros2_ws/build/ur_robotiq_description': CMAKE_PREFIX_PATH=${CMAKE_PREFIX_PATH}:/opt/ros/humble PS1=
\[[38;5;166m\]~/voice_grab/ros2_ws\[[0m\] underwent \[[36m\]2s\[[0m\]
\[[1;38;5;166m\]➜\[[0m\] /usr/bin/cmake --build /home/fiend/voice_grab/ros2_ws/build/ur_robotiq_description -- -j8 -l8
[0.149s] -- Found ament_cmake: 1.3.8 (/opt/ros/humble/share/ament_cmake/cmake)
[0.267s] -- Found robotiq_description: 0.0.1 (/opt/ros/humble/share/robotiq_description/cmake)
[0.267s] -- Found ur_description: 2.1.3 (/opt/ros/humble/share/ur_description/cmake)
[0.267s] -- Found moveit: 2.5.5 (/opt/ros/humble/share/moveit/cmake)
[0.267s] -- Found rclcpp: 16.0.8 (/opt/ros/humble/share/rclcpp/cmake)
[0.305s] -- Found rosidl_generator_c: 3.1.5 (/opt/ros/humble/share/rosidl_generator_c/cmake)
[0.308s] -- Found rosidl_adapter: 3.1.5 (/opt/ros/humble/share/rosidl_adapter/cmake)
[0.315s] -- Found rosidl_generator_cpp: 3.1.5 (/opt/ros/humble/share/rosidl_generator_cpp/cmake)
[0.327s] -- Using all available rosidl_typesupport_c: rosidl_typesupport_fastrtps_c;rosidl_typesupport_introspection_c
[0.344s] -- Using all available rosidl_typesupport_cpp: rosidl_typesupport_fastrtps_cpp;rosidl_typesupport_introspection_cpp
[0.405s] -- Found rmw_implementation_cmake: 6.1.1 (/opt/ros/humble/share/rmw_implementation_cmake/cmake)
[0.407s] -- Found rmw_fastrtps_cpp: 6.2.6 (/opt/ros/humble/share/rmw_fastrtps_cpp/cmake)
[0.521s] -- Using RMW implementation 'rmw_fastrtps_cpp' as default
[0.687s] [31mCMake Error at CMakeLists.txt:19 (find_package):
[0.687s]   By not providing "Findcatkin.cmake" in CMAKE_MODULE_PATH this project has
[0.687s]   asked CMake to find a package configuration file provided by "catkin", but
[0.687s]   CMake did not find one.
[0.687s] 
[0.687s]   Could not find a package configuration file provided by "catkin" with any
[0.687s]   of the following names:
[0.687s] 
[0.687s]     catkinConfig.cmake
[0.687s]     catkin-config.cmake
[0.687s] 
[0.688s]   Add the installation prefix of "catkin" to CMAKE_PREFIX_PATH or set
[0.688s]   "catkin_DIR" to a directory containing one of the above files.  If "catkin"
[0.688s]   provides a separate development package or SDK, be sure it has been
[0.688s]   installed.
[0.688s] 
[0.688s] [0m
[0.688s] -- Configuring incomplete, errors occurred!
[0.688s] See also "/home/fiend/voice_grab/ros2_ws/build/ur_robotiq_description/CMakeFiles/CMakeOutput.log".
[0.693s] gmake: *** [Makefile:267: cmake_check_build_system] Error 1
[0.695s] Invoked command in '/home/fiend/voice_grab/ros2_ws/build/ur_robotiq_description' returned '2': CMAKE_PREFIX_PATH=${CMAKE_PREFIX_PATH}:/opt/ros/humble PS1=
\[[38;5;166m\]~/voice_grab/ros2_ws\[[0m\] underwent \[[36m\]2s\[[0m\]
\[[1;38;5;166m\]➜\[[0m\] /usr/bin/cmake --build /home/fiend/voice_grab/ros2_ws/build/ur_robotiq_description -- -j8 -l8
