[0.077s] Invoking command in '/home/fiend/voice_grab/ros2_ws/build/robotiq_3f_gripper_articulated_msgs': /usr/bin/cmake /home/fiend/voice_grab/ros2_ws/src/robotiq/robotiq_3f_gripper_articulated_msgs -DCATKIN_INSTALL_INTO_PREFIX_ROOT=0 -DCATKIN_SYMLINK_INSTALL=ON -DCMAKE_INSTALL_PREFIX=/home/fiend/voice_grab/ros2_ws/install/robotiq_3f_gripper_articulated_msgs
[0.110s] [0mCMake Deprecation Warning at CMakeLists.txt:1 (cmake_minimum_required):
[0.111s]   Compatibility with CMake < 2.8.12 will be removed from a future version of
[0.112s]   CMake.
[0.112s] 
[0.112s]   Update the VERSION argument <min> value or use a ...<max> suffix to tell
[0.112s]   CMake that the project does not need compatibility with older versions.
[0.112s] 
[0.112s] [0m
[0.160s] -- The C compiler identification is GNU 11.4.0
[0.240s] -- The CXX compiler identification is GNU 11.4.0
[0.249s] -- Detecting C compiler ABI info
[0.356s] -- Detecting C compiler ABI info - done
[0.368s] -- Check for working C compiler: /usr/bin/cc - skipped
[0.369s] -- Detecting C compile features
[0.369s] -- Detecting C compile features - done
[0.374s] -- Detecting CXX compiler ABI info
[0.471s] -- Detecting CXX compiler ABI info - done
[0.482s] -- Check for working CXX compiler: /usr/bin/c++ - skipped
[0.482s] -- Detecting CXX compile features
[0.482s] -- Detecting CXX compile features - done
[0.512s] [31mCMake Error at CMakeLists.txt:4 (find_package):
[0.513s]   By not providing "Findcatkin.cmake" in CMAKE_MODULE_PATH this project has
[0.513s]   asked CMake to find a package configuration file provided by "catkin", but
[0.514s]   CMake did not find one.
[0.514s] 
[0.514s]   Could not find a package configuration file provided by "catkin" with any
[0.515s]   of the following names:
[0.515s] 
[0.516s]     catkinConfig.cmake
[0.517s]     catkin-config.cmake
[0.517s] 
[0.518s]   Add the installation prefix of "catkin" to CMAKE_PREFIX_PATH or set
[0.519s]   "catkin_DIR" to a directory containing one of the above files.  If "catkin"
[0.519s]   provides a separate development package or SDK, be sure it has been
[0.519s]   installed.
[0.519s] 
[0.519s] [0m
[0.520s] -- Configuring incomplete, errors occurred!
[0.520s] See also "/home/fiend/voice_grab/ros2_ws/build/robotiq_3f_gripper_articulated_msgs/CMakeFiles/CMakeOutput.log".
[0.525s] Invoked command in '/home/fiend/voice_grab/ros2_ws/build/robotiq_3f_gripper_articulated_msgs' returned '1': /usr/bin/cmake /home/fiend/voice_grab/ros2_ws/src/robotiq/robotiq_3f_gripper_articulated_msgs -DCATKIN_INSTALL_INTO_PREFIX_ROOT=0 -DCATKIN_SYMLINK_INSTALL=ON -DCMAKE_INSTALL_PREFIX=/home/fiend/voice_grab/ros2_ws/install/robotiq_3f_gripper_articulated_msgs
