[0.018s] Invoking command in '/home/fiend/voice_grab/ros2_ws/build/zed_interfaces': CMAKE_PREFIX_PATH=${CMAKE_PREFIX_PATH}:/opt/ros/humble PS1=
\[[38;5;156m\]\[[0m\]\[[38;5;166m\]ros2_ws\[[0m\]\[[38;5;166m\]\[[0m\] on \[[38;5;162m\] \[[0m\]\[[38;5;162m\]master\[[0m\] underwent \[[36m\]1s\[[0m\]
\[[1;38;5;166m\]➜\[[0m\] /usr/bin/cmake /home/fiend/voice_grab/ros2_ws/src/zed-ros2-wrapper/zed-ros2-interfaces -DCMAKE_BUILD_TYPE=Release -DAMENT_CMAKE_SYMLINK_INSTALL=1 -DCMAKE_INSTALL_PREFIX=/home/fiend/voice_grab/ros2_ws/install/zed_interfaces
[0.097s] -- The C compiler identification is GNU 11.4.0
[0.162s] -- The CXX compiler identification is GNU 11.4.0
[0.169s] -- Detecting C compiler ABI info
[0.226s] -- Detecting C compiler ABI info - done
[0.239s] -- Check for working C compiler: /usr/bin/cc - skipped
[0.239s] -- Detecting C compile features
[0.240s] -- Detecting C compile features - done
[0.244s] -- Detecting CXX compiler ABI info
[0.312s] -- Detecting CXX compiler ABI info - done
[0.319s] -- Check for working CXX compiler: /usr/bin/c++ - skipped
[0.319s] -- Detecting CXX compile features
[0.320s] -- Detecting CXX compile features - done
[0.322s] -- Found ament_cmake_auto: 1.3.8 (/opt/ros/humble/share/ament_cmake_auto/cmake)
[0.467s] -- Found Python3: /usr/bin/python3 (found version "3.10.12") found components: Interpreter 
[0.524s] -- Override CMake install command with custom implementation using symlinks instead of copying resources
[0.643s] -- Found rosidl_generator_c: 3.1.5 (/opt/ros/humble/share/rosidl_generator_c/cmake)
[0.649s] -- Found rosidl_adapter: 3.1.5 (/opt/ros/humble/share/rosidl_adapter/cmake)
[0.657s] -- Found rosidl_generator_cpp: 3.1.5 (/opt/ros/humble/share/rosidl_generator_cpp/cmake)
[0.670s] -- Using all available rosidl_typesupport_c: rosidl_typesupport_fastrtps_c;rosidl_typesupport_introspection_c
[0.689s] -- Using all available rosidl_typesupport_cpp: rosidl_typesupport_fastrtps_cpp;rosidl_typesupport_introspection_cpp
[0.867s] -- Found ament_lint_auto: 0.12.10 (/opt/ros/humble/share/ament_lint_auto/cmake)
[1.216s] -- Found ament_cmake_ros: 0.10.0 (/opt/ros/humble/share/ament_cmake_ros/cmake)
[1.621s] -- Using all available rosidl_typesupport_c: rosidl_typesupport_fastrtps_c;rosidl_typesupport_introspection_c
[1.811s] -- Using all available rosidl_typesupport_cpp: rosidl_typesupport_fastrtps_cpp;rosidl_typesupport_introspection_cpp
[1.832s] -- Found PythonInterp: /usr/bin/python3 (found suitable version "3.10.12", minimum required is "3.6") 
[1.834s] -- Found python_cmake_module: 0.10.0 (/opt/ros/humble/share/python_cmake_module/cmake)
[1.861s] -- Found PythonLibs: /usr/lib/x86_64-linux-gnu/libpython3.10.so (found suitable version "3.10.12", minimum required is "3.5") 
[1.861s] -- Using PYTHON_EXECUTABLE: /usr/bin/python3
[1.862s] -- Using PYTHON_INCLUDE_DIRS: /usr/include/python3.10
[1.862s] -- Using PYTHON_LIBRARIES: /usr/lib/x86_64-linux-gnu/libpython3.10.so
[1.880s] -- Found PythonExtra: .so  
[1.952s] -- Added test 'copyright' to check source files copyright and LICENSE
[1.955s] -- Added test 'lint_cmake' to check CMake code style
[1.956s] -- Added test 'xmllint' to check XML markup files
[1.964s] -- Configuring done
[2.032s] -- Generating done
[2.035s] -- Build files have been written to: /home/fiend/voice_grab/ros2_ws/build/zed_interfaces
[2.045s] Invoked command in '/home/fiend/voice_grab/ros2_ws/build/zed_interfaces' returned '0': CMAKE_PREFIX_PATH=${CMAKE_PREFIX_PATH}:/opt/ros/humble PS1=
\[[38;5;156m\]\[[0m\]\[[38;5;166m\]ros2_ws\[[0m\]\[[38;5;166m\]\[[0m\] on \[[38;5;162m\] \[[0m\]\[[38;5;162m\]master\[[0m\] underwent \[[36m\]1s\[[0m\]
\[[1;38;5;166m\]➜\[[0m\] /usr/bin/cmake /home/fiend/voice_grab/ros2_ws/src/zed-ros2-wrapper/zed-ros2-interfaces -DCMAKE_BUILD_TYPE=Release -DAMENT_CMAKE_SYMLINK_INSTALL=1 -DCMAKE_INSTALL_PREFIX=/home/fiend/voice_grab/ros2_ws/install/zed_interfaces
[2.048s] Invoking command in '/home/fiend/voice_grab/ros2_ws/build/zed_interfaces': CMAKE_PREFIX_PATH=${CMAKE_PREFIX_PATH}:/opt/ros/humble PS1=
\[[38;5;156m\]\[[0m\]\[[38;5;166m\]ros2_ws\[[0m\]\[[38;5;166m\]\[[0m\] on \[[38;5;162m\] \[[0m\]\[[38;5;162m\]master\[[0m\] underwent \[[36m\]1s\[[0m\]
\[[1;38;5;166m\]➜\[[0m\] /usr/bin/cmake --build /home/fiend/voice_grab/ros2_ws/build/zed_interfaces -- -j8 -l8
[2.089s] [  0%] [34m[1mGenerating C code for ROS interfaces[0m
[2.097s] [  0%] [34m[1mGenerating C++ code for ROS interfaces[0m
[2.105s] [  0%] Built target ament_cmake_python_symlink_zed_interfaces
[2.496s] running egg_info
[2.497s] creating zed_interfaces.egg-info
[2.497s] writing zed_interfaces.egg-info/PKG-INFO
[2.497s] writing dependency_links to zed_interfaces.egg-info/dependency_links.txt
[2.497s] writing top-level names to zed_interfaces.egg-info/top_level.txt
[2.497s] writing manifest file 'zed_interfaces.egg-info/SOURCES.txt'
[2.499s] reading manifest file 'zed_interfaces.egg-info/SOURCES.txt'
[2.500s] writing manifest file 'zed_interfaces.egg-info/SOURCES.txt'
[2.530s] [  0%] Built target ament_cmake_python_build_zed_interfaces_egg
[3.998s] [  0%] Built target zed_interfaces__cpp
[4.011s] [  1%] [34m[1mGenerating C++ type support dispatch for ROS interfaces[0m
[4.012s] [  2%] [34m[1mGenerating C++ type support for eProsima Fast-RTPS[0m
[4.019s] [  2%] [34m[1mGenerating C++ introspection for ROS interfaces[0m
[4.679s] [  3%] [32mBuilding C object CMakeFiles/zed_interfaces__rosidl_generator_c.dir/rosidl_generator_c/zed_interfaces/msg/detail/object__functions.c.o[0m
[4.679s] [  4%] [32mBuilding C object CMakeFiles/zed_interfaces__rosidl_generator_c.dir/rosidl_generator_c/zed_interfaces/msg/detail/objects_stamped__functions.c.o[0m
[4.690s] [  5%] [32mBuilding C object CMakeFiles/zed_interfaces__rosidl_generator_c.dir/rosidl_generator_c/zed_interfaces/msg/detail/keypoint2_df__functions.c.o[0m
[4.691s] [  5%] [32mBuilding C object CMakeFiles/zed_interfaces__rosidl_generator_c.dir/rosidl_generator_c/zed_interfaces/msg/detail/keypoint2_di__functions.c.o[0m
[4.706s] [  6%] [32mBuilding C object CMakeFiles/zed_interfaces__rosidl_generator_c.dir/rosidl_generator_c/zed_interfaces/msg/detail/keypoint3_d__functions.c.o[0m
[4.919s] [  6%] [32mBuilding C object CMakeFiles/zed_interfaces__rosidl_generator_c.dir/rosidl_generator_c/zed_interfaces/msg/detail/bounding_box2_di__functions.c.o[0m
[4.930s] [  7%] [32mBuilding C object CMakeFiles/zed_interfaces__rosidl_generator_c.dir/rosidl_generator_c/zed_interfaces/msg/detail/bounding_box2_df__functions.c.o[0m
[4.941s] [  7%] [32mBuilding C object CMakeFiles/zed_interfaces__rosidl_generator_c.dir/rosidl_generator_c/zed_interfaces/msg/detail/bounding_box3_d__functions.c.o[0m
[4.952s] [  8%] [32mBuilding C object CMakeFiles/zed_interfaces__rosidl_generator_c.dir/rosidl_generator_c/zed_interfaces/msg/detail/skeleton3_d__functions.c.o[0m
[4.972s] [  9%] [32mBuilding C object CMakeFiles/zed_interfaces__rosidl_generator_c.dir/rosidl_generator_c/zed_interfaces/msg/detail/skeleton2_d__functions.c.o[0m
[5.075s] [  9%] [32mBuilding C object CMakeFiles/zed_interfaces__rosidl_generator_c.dir/rosidl_generator_c/zed_interfaces/msg/detail/depth_info_stamped__functions.c.o[0m
[5.192s] [ 10%] [32mBuilding C object CMakeFiles/zed_interfaces__rosidl_generator_c.dir/rosidl_generator_c/zed_interfaces/msg/detail/plane_stamped__functions.c.o[0m
[5.198s] [ 11%] [32mBuilding C object CMakeFiles/zed_interfaces__rosidl_generator_c.dir/rosidl_generator_c/zed_interfaces/msg/detail/pos_track_status__functions.c.o[0m
[5.209s] [ 11%] [32mBuilding C object CMakeFiles/zed_interfaces__rosidl_generator_c.dir/rosidl_generator_c/zed_interfaces/msg/detail/heartbeat__functions.c.o[0m
[5.272s] [ 12%] [32mBuilding C object CMakeFiles/zed_interfaces__rosidl_generator_c.dir/rosidl_generator_c/zed_interfaces/srv/detail/set_pose__functions.c.o[0m
[5.309s] [ 12%] [32mBuilding C object CMakeFiles/zed_interfaces__rosidl_generator_c.dir/rosidl_generator_c/zed_interfaces/srv/detail/start_svo_rec__functions.c.o[0m
[5.409s] [ 13%] [32mBuilding C object CMakeFiles/zed_interfaces__rosidl_generator_c.dir/rosidl_generator_c/zed_interfaces/srv/detail/set_roi__functions.c.o[0m
[5.593s] [ 14%] [32m[1mLinking C shared library libzed_interfaces__rosidl_generator_c.so[0m
[5.633s] [ 14%] Built target zed_interfaces__rosidl_generator_c
[5.651s] [ 16%] [34m[1mGenerating C type support dispatch for ROS interfaces[0m
[5.651s] [ 16%] [34m[1mGenerating C introspection for ROS interfaces[0m
[5.664s] [ 17%] [34m[1mGenerating C type support for eProsima Fast-RTPS[0m
[6.865s] [ 18%] [32mBuilding CXX object CMakeFiles/zed_interfaces__rosidl_typesupport_cpp.dir/rosidl_typesupport_cpp/zed_interfaces/msg/objects_stamped__type_support.cpp.o[0m
[6.879s] [ 18%] [32mBuilding CXX object CMakeFiles/zed_interfaces__rosidl_typesupport_cpp.dir/rosidl_typesupport_cpp/zed_interfaces/msg/object__type_support.cpp.o[0m
[6.883s] [ 19%] [32mBuilding CXX object CMakeFiles/zed_interfaces__rosidl_typesupport_cpp.dir/rosidl_typesupport_cpp/zed_interfaces/msg/keypoint2_di__type_support.cpp.o[0m
[7.371s] [ 20%] [32mBuilding CXX object CMakeFiles/zed_interfaces__rosidl_typesupport_introspection_cpp.dir/rosidl_typesupport_introspection_cpp/zed_interfaces/msg/detail/object__type_support.cpp.o[0m
[7.394s] [ 20%] [32mBuilding CXX object CMakeFiles/zed_interfaces__rosidl_typesupport_cpp.dir/rosidl_typesupport_cpp/zed_interfaces/msg/keypoint2_df__type_support.cpp.o[0m
[7.396s] [ 21%] [32mBuilding CXX object CMakeFiles/zed_interfaces__rosidl_typesupport_cpp.dir/rosidl_typesupport_cpp/zed_interfaces/msg/keypoint3_d__type_support.cpp.o[0m
[7.416s] [ 21%] [32mBuilding CXX object CMakeFiles/zed_interfaces__rosidl_typesupport_introspection_cpp.dir/rosidl_typesupport_introspection_cpp/zed_interfaces/msg/detail/objects_stamped__type_support.cpp.o[0m
[7.599s] [ 22%] [32mBuilding CXX object CMakeFiles/zed_interfaces__rosidl_typesupport_fastrtps_cpp.dir/rosidl_typesupport_fastrtps_cpp/zed_interfaces/msg/detail/dds_fastrtps/object__type_support.cpp.o[0m
[7.872s] [ 23%] [32mBuilding CXX object CMakeFiles/zed_interfaces__rosidl_typesupport_cpp.dir/rosidl_typesupport_cpp/zed_interfaces/msg/bounding_box2_di__type_support.cpp.o[0m
[7.950s] [ 23%] [32mBuilding CXX object CMakeFiles/zed_interfaces__rosidl_typesupport_cpp.dir/rosidl_typesupport_cpp/zed_interfaces/msg/bounding_box2_df__type_support.cpp.o[0m
[8.297s] [ 24%] [32mBuilding CXX object CMakeFiles/zed_interfaces__rosidl_typesupport_introspection_cpp.dir/rosidl_typesupport_introspection_cpp/zed_interfaces/msg/detail/keypoint2_di__type_support.cpp.o[0m
[8.437s] [ 24%] [32mBuilding CXX object CMakeFiles/zed_interfaces__rosidl_typesupport_fastrtps_cpp.dir/rosidl_typesupport_fastrtps_cpp/zed_interfaces/msg/detail/dds_fastrtps/objects_stamped__type_support.cpp.o[0m
[8.519s] [ 25%] [32mBuilding CXX object CMakeFiles/zed_interfaces__rosidl_typesupport_cpp.dir/rosidl_typesupport_cpp/zed_interfaces/msg/bounding_box3_d__type_support.cpp.o[0m
[8.559s] [ 26%] [32mBuilding CXX object CMakeFiles/zed_interfaces__rosidl_typesupport_fastrtps_cpp.dir/rosidl_typesupport_fastrtps_cpp/zed_interfaces/msg/detail/dds_fastrtps/keypoint2_di__type_support.cpp.o[0m
[8.579s] [ 27%] [32mBuilding CXX object CMakeFiles/zed_interfaces__rosidl_typesupport_cpp.dir/rosidl_typesupport_cpp/zed_interfaces/msg/skeleton2_d__type_support.cpp.o[0m
[8.674s] [ 27%] [32mBuilding CXX object CMakeFiles/zed_interfaces__rosidl_typesupport_c.dir/rosidl_typesupport_c/zed_interfaces/msg/object__type_support.cpp.o[0m
[8.770s] [ 28%] [32mBuilding CXX object CMakeFiles/zed_interfaces__rosidl_typesupport_c.dir/rosidl_typesupport_c/zed_interfaces/msg/objects_stamped__type_support.cpp.o[0m
[8.846s] [ 29%] [32mBuilding CXX object CMakeFiles/zed_interfaces__rosidl_typesupport_c.dir/rosidl_typesupport_c/zed_interfaces/msg/keypoint2_di__type_support.cpp.o[0m
[8.917s] [ 29%] [32mBuilding CXX object CMakeFiles/zed_interfaces__rosidl_typesupport_c.dir/rosidl_typesupport_c/zed_interfaces/msg/keypoint2_df__type_support.cpp.o[0m
[8.975s] [ 30%] [32mBuilding CXX object CMakeFiles/zed_interfaces__rosidl_typesupport_c.dir/rosidl_typesupport_c/zed_interfaces/msg/keypoint3_d__type_support.cpp.o[0m
[9.019s] [ 30%] [32mBuilding CXX object CMakeFiles/zed_interfaces__rosidl_typesupport_c.dir/rosidl_typesupport_c/zed_interfaces/msg/bounding_box2_di__type_support.cpp.o[0m
[9.044s] [ 31%] [32mBuilding CXX object CMakeFiles/zed_interfaces__rosidl_typesupport_introspection_cpp.dir/rosidl_typesupport_introspection_cpp/zed_interfaces/msg/detail/keypoint2_df__type_support.cpp.o[0m
[9.068s] [ 31%] [32mBuilding CXX object CMakeFiles/zed_interfaces__rosidl_typesupport_cpp.dir/rosidl_typesupport_cpp/zed_interfaces/msg/skeleton3_d__type_support.cpp.o[0m
[9.088s] [ 32%] [32mBuilding CXX object CMakeFiles/zed_interfaces__rosidl_typesupport_c.dir/rosidl_typesupport_c/zed_interfaces/msg/bounding_box2_df__type_support.cpp.o[0m
[9.182s] [ 33%] [32mBuilding CXX object CMakeFiles/zed_interfaces__rosidl_typesupport_c.dir/rosidl_typesupport_c/zed_interfaces/msg/bounding_box3_d__type_support.cpp.o[0m
[9.252s] [ 34%] [32mBuilding CXX object CMakeFiles/zed_interfaces__rosidl_typesupport_cpp.dir/rosidl_typesupport_cpp/zed_interfaces/msg/depth_info_stamped__type_support.cpp.o[0m
[9.286s] [ 34%] [32mBuilding CXX object CMakeFiles/zed_interfaces__rosidl_typesupport_c.dir/rosidl_typesupport_c/zed_interfaces/msg/skeleton2_d__type_support.cpp.o[0m
[9.368s] [ 35%] [32mBuilding C object CMakeFiles/zed_interfaces__rosidl_typesupport_introspection_c.dir/rosidl_typesupport_introspection_c/zed_interfaces/msg/detail/object__type_support.c.o[0m
[9.381s] [ 36%] [32mBuilding CXX object CMakeFiles/zed_interfaces__rosidl_typesupport_c.dir/rosidl_typesupport_c/zed_interfaces/msg/skeleton3_d__type_support.cpp.o[0m
[9.428s] [ 36%] [32mBuilding CXX object CMakeFiles/zed_interfaces__rosidl_typesupport_fastrtps_c.dir/rosidl_typesupport_fastrtps_c/zed_interfaces/msg/detail/object__type_support_c.cpp.o[0m
[9.457s] [ 37%] [32mBuilding CXX object CMakeFiles/zed_interfaces__rosidl_typesupport_c.dir/rosidl_typesupport_c/zed_interfaces/msg/depth_info_stamped__type_support.cpp.o[0m
[9.483s] [ 38%] [32mBuilding CXX object CMakeFiles/zed_interfaces__rosidl_typesupport_fastrtps_c.dir/rosidl_typesupport_fastrtps_c/zed_interfaces/msg/detail/objects_stamped__type_support_c.cpp.o[0m
[9.494s] [ 38%] [32mBuilding C object CMakeFiles/zed_interfaces__rosidl_typesupport_introspection_c.dir/rosidl_typesupport_introspection_c/zed_interfaces/msg/detail/objects_stamped__type_support.c.o[0m
[9.519s] [ 38%] [32mBuilding CXX object CMakeFiles/zed_interfaces__rosidl_typesupport_c.dir/rosidl_typesupport_c/zed_interfaces/msg/plane_stamped__type_support.cpp.o[0m
[9.519s] [ 39%] [32mBuilding CXX object CMakeFiles/zed_interfaces__rosidl_typesupport_fastrtps_cpp.dir/rosidl_typesupport_fastrtps_cpp/zed_interfaces/msg/detail/dds_fastrtps/keypoint2_df__type_support.cpp.o[0m
[9.531s] [ 39%] [32mBuilding CXX object CMakeFiles/zed_interfaces__rosidl_typesupport_fastrtps_cpp.dir/rosidl_typesupport_fastrtps_cpp/zed_interfaces/msg/detail/dds_fastrtps/keypoint3_d__type_support.cpp.o[0m
[9.613s] [ 40%] [32mBuilding C object CMakeFiles/zed_interfaces__rosidl_typesupport_introspection_c.dir/rosidl_typesupport_introspection_c/zed_interfaces/msg/detail/keypoint2_di__type_support.c.o[0m
[9.644s] [ 41%] [32mBuilding CXX object CMakeFiles/zed_interfaces__rosidl_typesupport_c.dir/rosidl_typesupport_c/zed_interfaces/msg/pos_track_status__type_support.cpp.o[0m
[9.708s] [ 41%] [32mBuilding CXX object CMakeFiles/zed_interfaces__rosidl_typesupport_c.dir/rosidl_typesupport_c/zed_interfaces/msg/heartbeat__type_support.cpp.o[0m
[9.709s] [ 41%] [32mBuilding C object CMakeFiles/zed_interfaces__rosidl_typesupport_introspection_c.dir/rosidl_typesupport_introspection_c/zed_interfaces/msg/detail/keypoint2_df__type_support.c.o[0m
[9.756s] [ 41%] [32mBuilding CXX object CMakeFiles/zed_interfaces__rosidl_typesupport_introspection_cpp.dir/rosidl_typesupport_introspection_cpp/zed_interfaces/msg/detail/keypoint3_d__type_support.cpp.o[0m
[9.806s] [ 42%] [32mBuilding CXX object CMakeFiles/zed_interfaces__rosidl_typesupport_c.dir/rosidl_typesupport_c/zed_interfaces/srv/set_pose__type_support.cpp.o[0m
[9.806s] [ 43%] [32mBuilding C object CMakeFiles/zed_interfaces__rosidl_typesupport_introspection_c.dir/rosidl_typesupport_introspection_c/zed_interfaces/msg/detail/keypoint3_d__type_support.c.o[0m
[9.840s] [ 43%] [32mBuilding CXX object CMakeFiles/zed_interfaces__rosidl_typesupport_cpp.dir/rosidl_typesupport_cpp/zed_interfaces/msg/plane_stamped__type_support.cpp.o[0m
[9.903s] [ 44%] [32mBuilding CXX object CMakeFiles/zed_interfaces__rosidl_typesupport_c.dir/rosidl_typesupport_c/zed_interfaces/srv/start_svo_rec__type_support.cpp.o[0m
[9.957s] [ 44%] [32mBuilding CXX object CMakeFiles/zed_interfaces__rosidl_typesupport_c.dir/rosidl_typesupport_c/zed_interfaces/srv/set_roi__type_support.cpp.o[0m
[9.975s] [ 45%] [32mBuilding C object CMakeFiles/zed_interfaces__rosidl_typesupport_introspection_c.dir/rosidl_typesupport_introspection_c/zed_interfaces/msg/detail/bounding_box2_di__type_support.c.o[0m
[10.059s] [ 45%] [32mBuilding C object CMakeFiles/zed_interfaces__rosidl_typesupport_introspection_c.dir/rosidl_typesupport_introspection_c/zed_interfaces/msg/detail/bounding_box2_df__type_support.c.o[0m
[10.063s] [ 46%] [32m[1mLinking CXX shared library libzed_interfaces__rosidl_typesupport_c.so[0m
[10.147s] [ 46%] Built target zed_interfaces__rosidl_typesupport_c
[10.159s] [ 48%] [32mBuilding C object CMakeFiles/zed_interfaces__rosidl_typesupport_introspection_c.dir/rosidl_typesupport_introspection_c/zed_interfaces/msg/detail/skeleton2_d__type_support.c.o[0m
[10.160s] [ 48%] [32mBuilding C object CMakeFiles/zed_interfaces__rosidl_typesupport_introspection_c.dir/rosidl_typesupport_introspection_c/zed_interfaces/msg/detail/bounding_box3_d__type_support.c.o[0m
[10.170s] [ 49%] [32mBuilding CXX object CMakeFiles/zed_interfaces__rosidl_typesupport_fastrtps_c.dir/rosidl_typesupport_fastrtps_c/zed_interfaces/msg/detail/keypoint2_di__type_support_c.cpp.o[0m
[10.174s] [ 49%] [32mBuilding C object CMakeFiles/zed_interfaces__rosidl_typesupport_introspection_c.dir/rosidl_typesupport_introspection_c/zed_interfaces/msg/detail/skeleton3_d__type_support.c.o[0m
[10.236s] [ 50%] [32mBuilding C object CMakeFiles/zed_interfaces__rosidl_typesupport_introspection_c.dir/rosidl_typesupport_introspection_c/zed_interfaces/msg/detail/depth_info_stamped__type_support.c.o[0m
[10.244s] [ 51%] [32mBuilding C object CMakeFiles/zed_interfaces__rosidl_typesupport_introspection_c.dir/rosidl_typesupport_introspection_c/zed_interfaces/msg/detail/plane_stamped__type_support.c.o[0m
[10.247s] [ 51%] [32mBuilding CXX object CMakeFiles/zed_interfaces__rosidl_typesupport_fastrtps_c.dir/rosidl_typesupport_fastrtps_c/zed_interfaces/msg/detail/keypoint2_df__type_support_c.cpp.o[0m
[10.264s] [ 52%] [32mBuilding CXX object CMakeFiles/zed_interfaces__rosidl_typesupport_fastrtps_cpp.dir/rosidl_typesupport_fastrtps_cpp/zed_interfaces/msg/detail/dds_fastrtps/bounding_box2_di__type_support.cpp.o[0m
[10.322s] [ 52%] [32mBuilding CXX object CMakeFiles/zed_interfaces__rosidl_typesupport_fastrtps_cpp.dir/rosidl_typesupport_fastrtps_cpp/zed_interfaces/msg/detail/dds_fastrtps/bounding_box2_df__type_support.cpp.o[0m
[10.328s] [ 53%] [32mBuilding CXX object CMakeFiles/zed_interfaces__rosidl_typesupport_cpp.dir/rosidl_typesupport_cpp/zed_interfaces/msg/pos_track_status__type_support.cpp.o[0m
[10.352s] [ 53%] [32mBuilding C object CMakeFiles/zed_interfaces__rosidl_typesupport_introspection_c.dir/rosidl_typesupport_introspection_c/zed_interfaces/msg/detail/pos_track_status__type_support.c.o[0m
[10.384s] [ 54%] [32mBuilding CXX object CMakeFiles/zed_interfaces__rosidl_typesupport_fastrtps_cpp.dir/rosidl_typesupport_fastrtps_cpp/zed_interfaces/msg/detail/dds_fastrtps/bounding_box3_d__type_support.cpp.o[0m
[10.409s] [ 55%] [32mBuilding C object CMakeFiles/zed_interfaces__rosidl_typesupport_introspection_c.dir/rosidl_typesupport_introspection_c/zed_interfaces/msg/detail/heartbeat__type_support.c.o[0m
[10.429s] [ 56%] [32mBuilding CXX object CMakeFiles/zed_interfaces__rosidl_typesupport_introspection_cpp.dir/rosidl_typesupport_introspection_cpp/zed_interfaces/msg/detail/bounding_box2_di__type_support.cpp.o[0m
[10.569s] [ 56%] [32mBuilding C object CMakeFiles/zed_interfaces__rosidl_typesupport_introspection_c.dir/rosidl_typesupport_introspection_c/zed_interfaces/srv/detail/set_pose__type_support.c.o[0m
[10.789s] [ 57%] [32mBuilding C object CMakeFiles/zed_interfaces__rosidl_typesupport_introspection_c.dir/rosidl_typesupport_introspection_c/zed_interfaces/srv/detail/start_svo_rec__type_support.c.o[0m
[10.843s] [ 58%] [32mBuilding CXX object CMakeFiles/zed_interfaces__rosidl_typesupport_introspection_cpp.dir/rosidl_typesupport_introspection_cpp/zed_interfaces/msg/detail/bounding_box2_df__type_support.cpp.o[0m
[10.899s] [ 59%] [32mBuilding C object CMakeFiles/zed_interfaces__rosidl_typesupport_introspection_c.dir/rosidl_typesupport_introspection_c/zed_interfaces/srv/detail/set_roi__type_support.c.o[0m
[10.920s] [ 60%] [32mBuilding CXX object CMakeFiles/zed_interfaces__rosidl_typesupport_fastrtps_c.dir/rosidl_typesupport_fastrtps_c/zed_interfaces/msg/detail/keypoint3_d__type_support_c.cpp.o[0m
[10.931s] [ 61%] [32mBuilding CXX object CMakeFiles/zed_interfaces__rosidl_typesupport_cpp.dir/rosidl_typesupport_cpp/zed_interfaces/msg/heartbeat__type_support.cpp.o[0m
[11.018s] [ 62%] [32mBuilding CXX object CMakeFiles/zed_interfaces__rosidl_typesupport_fastrtps_cpp.dir/rosidl_typesupport_fastrtps_cpp/zed_interfaces/msg/detail/dds_fastrtps/skeleton2_d__type_support.cpp.o[0m
[11.034s] [ 62%] [32m[1mLinking C shared library libzed_interfaces__rosidl_typesupport_introspection_c.so[0m
[11.072s] [ 62%] [32mBuilding CXX object CMakeFiles/zed_interfaces__rosidl_typesupport_fastrtps_cpp.dir/rosidl_typesupport_fastrtps_cpp/zed_interfaces/msg/detail/dds_fastrtps/skeleton3_d__type_support.cpp.o[0m
[11.079s] [ 63%] [32mBuilding CXX object CMakeFiles/zed_interfaces__rosidl_typesupport_fastrtps_cpp.dir/rosidl_typesupport_fastrtps_cpp/zed_interfaces/msg/detail/dds_fastrtps/depth_info_stamped__type_support.cpp.o[0m
[11.100s] [ 63%] Built target zed_interfaces__rosidl_typesupport_introspection_c
[11.107s] [ 63%] [32mBuilding CXX object CMakeFiles/zed_interfaces__rosidl_typesupport_cpp.dir/rosidl_typesupport_cpp/zed_interfaces/srv/set_pose__type_support.cpp.o[0m
[11.113s] [ 64%] [32mBuilding CXX object CMakeFiles/zed_interfaces__rosidl_typesupport_cpp.dir/rosidl_typesupport_cpp/zed_interfaces/srv/start_svo_rec__type_support.cpp.o[0m
[11.455s] [ 65%] [32mBuilding CXX object CMakeFiles/zed_interfaces__rosidl_typesupport_cpp.dir/rosidl_typesupport_cpp/zed_interfaces/srv/set_roi__type_support.cpp.o[0m
[11.598s] [ 66%] [32mBuilding CXX object CMakeFiles/zed_interfaces__rosidl_typesupport_fastrtps_c.dir/rosidl_typesupport_fastrtps_c/zed_interfaces/msg/detail/bounding_box2_di__type_support_c.cpp.o[0m
[11.598s] [ 66%] [32mBuilding CXX object CMakeFiles/zed_interfaces__rosidl_typesupport_introspection_cpp.dir/rosidl_typesupport_introspection_cpp/zed_interfaces/msg/detail/bounding_box3_d__type_support.cpp.o[0m
[11.636s] [ 67%] [32mBuilding CXX object CMakeFiles/zed_interfaces__rosidl_typesupport_fastrtps_cpp.dir/rosidl_typesupport_fastrtps_cpp/zed_interfaces/msg/detail/dds_fastrtps/plane_stamped__type_support.cpp.o[0m
[11.743s] [ 67%] [32mBuilding CXX object CMakeFiles/zed_interfaces__rosidl_typesupport_fastrtps_cpp.dir/rosidl_typesupport_fastrtps_cpp/zed_interfaces/msg/detail/dds_fastrtps/pos_track_status__type_support.cpp.o[0m
[11.782s] [ 68%] [32mBuilding CXX object CMakeFiles/zed_interfaces__rosidl_typesupport_introspection_cpp.dir/rosidl_typesupport_introspection_cpp/zed_interfaces/msg/detail/skeleton2_d__type_support.cpp.o[0m
[11.833s] [ 68%] [32mBuilding CXX object CMakeFiles/zed_interfaces__rosidl_typesupport_introspection_cpp.dir/rosidl_typesupport_introspection_cpp/zed_interfaces/msg/detail/skeleton3_d__type_support.cpp.o[0m
[11.882s] [ 68%] [32mBuilding CXX object CMakeFiles/zed_interfaces__rosidl_typesupport_fastrtps_c.dir/rosidl_typesupport_fastrtps_c/zed_interfaces/msg/detail/bounding_box2_df__type_support_c.cpp.o[0m
[11.949s] [ 68%] [32m[1mLinking CXX shared library libzed_interfaces__rosidl_typesupport_cpp.so[0m
[12.114s] [ 68%] Built target zed_interfaces__rosidl_typesupport_cpp
[12.126s] [ 69%] [32mBuilding CXX object CMakeFiles/zed_interfaces__rosidl_typesupport_fastrtps_c.dir/rosidl_typesupport_fastrtps_c/zed_interfaces/msg/detail/bounding_box3_d__type_support_c.cpp.o[0m
[12.196s] [ 69%] [32mBuilding CXX object CMakeFiles/zed_interfaces__rosidl_typesupport_fastrtps_c.dir/rosidl_typesupport_fastrtps_c/zed_interfaces/msg/detail/skeleton2_d__type_support_c.cpp.o[0m
[12.463s] [ 70%] [32mBuilding CXX object CMakeFiles/zed_interfaces__rosidl_typesupport_introspection_cpp.dir/rosidl_typesupport_introspection_cpp/zed_interfaces/msg/detail/depth_info_stamped__type_support.cpp.o[0m
[12.475s] [ 71%] [32mBuilding CXX object CMakeFiles/zed_interfaces__rosidl_typesupport_introspection_cpp.dir/rosidl_typesupport_introspection_cpp/zed_interfaces/msg/detail/plane_stamped__type_support.cpp.o[0m
[12.516s] [ 72%] [32mBuilding CXX object CMakeFiles/zed_interfaces__rosidl_typesupport_fastrtps_c.dir/rosidl_typesupport_fastrtps_c/zed_interfaces/msg/detail/skeleton3_d__type_support_c.cpp.o[0m
[12.523s] [ 73%] [32mBuilding CXX object CMakeFiles/zed_interfaces__rosidl_typesupport_fastrtps_cpp.dir/rosidl_typesupport_fastrtps_cpp/zed_interfaces/msg/detail/dds_fastrtps/heartbeat__type_support.cpp.o[0m
[12.532s] [ 73%] [32mBuilding CXX object CMakeFiles/zed_interfaces__rosidl_typesupport_fastrtps_cpp.dir/rosidl_typesupport_fastrtps_cpp/zed_interfaces/srv/detail/dds_fastrtps/set_pose__type_support.cpp.o[0m
[12.580s] [ 73%] [32mBuilding CXX object CMakeFiles/zed_interfaces__rosidl_typesupport_introspection_cpp.dir/rosidl_typesupport_introspection_cpp/zed_interfaces/msg/detail/pos_track_status__type_support.cpp.o[0m
[12.750s] [ 74%] [32mBuilding CXX object CMakeFiles/zed_interfaces__rosidl_typesupport_fastrtps_c.dir/rosidl_typesupport_fastrtps_c/zed_interfaces/msg/detail/depth_info_stamped__type_support_c.cpp.o[0m
[12.902s] [ 74%] [32mBuilding CXX object CMakeFiles/zed_interfaces__rosidl_typesupport_fastrtps_c.dir/rosidl_typesupport_fastrtps_c/zed_interfaces/msg/detail/plane_stamped__type_support_c.cpp.o[0m
[13.162s] [ 75%] [32mBuilding CXX object CMakeFiles/zed_interfaces__rosidl_typesupport_introspection_cpp.dir/rosidl_typesupport_introspection_cpp/zed_interfaces/msg/detail/heartbeat__type_support.cpp.o[0m
[13.229s] [ 76%] [32mBuilding CXX object CMakeFiles/zed_interfaces__rosidl_typesupport_fastrtps_c.dir/rosidl_typesupport_fastrtps_c/zed_interfaces/msg/detail/pos_track_status__type_support_c.cpp.o[0m
[13.258s] [ 77%] [32mBuilding CXX object CMakeFiles/zed_interfaces__rosidl_typesupport_fastrtps_cpp.dir/rosidl_typesupport_fastrtps_cpp/zed_interfaces/srv/detail/dds_fastrtps/start_svo_rec__type_support.cpp.o[0m
[13.283s] [ 78%] [32mBuilding CXX object CMakeFiles/zed_interfaces__rosidl_typesupport_introspection_cpp.dir/rosidl_typesupport_introspection_cpp/zed_interfaces/srv/detail/set_pose__type_support.cpp.o[0m
[13.291s] [ 78%] [32mBuilding CXX object CMakeFiles/zed_interfaces__rosidl_typesupport_introspection_cpp.dir/rosidl_typesupport_introspection_cpp/zed_interfaces/srv/detail/start_svo_rec__type_support.cpp.o[0m
[13.334s] [ 79%] [32mBuilding CXX object CMakeFiles/zed_interfaces__rosidl_typesupport_fastrtps_cpp.dir/rosidl_typesupport_fastrtps_cpp/zed_interfaces/srv/detail/dds_fastrtps/set_roi__type_support.cpp.o[0m
[13.522s] [ 80%] [32mBuilding CXX object CMakeFiles/zed_interfaces__rosidl_typesupport_fastrtps_c.dir/rosidl_typesupport_fastrtps_c/zed_interfaces/msg/detail/heartbeat__type_support_c.cpp.o[0m
[13.820s] [ 80%] [32mBuilding CXX object CMakeFiles/zed_interfaces__rosidl_typesupport_fastrtps_c.dir/rosidl_typesupport_fastrtps_c/zed_interfaces/srv/detail/set_pose__type_support_c.cpp.o[0m
[13.831s] [ 81%] [32mBuilding CXX object CMakeFiles/zed_interfaces__rosidl_typesupport_introspection_cpp.dir/rosidl_typesupport_introspection_cpp/zed_interfaces/srv/detail/set_roi__type_support.cpp.o[0m
[13.975s] [ 82%] [32mBuilding CXX object CMakeFiles/zed_interfaces__rosidl_typesupport_fastrtps_c.dir/rosidl_typesupport_fastrtps_c/zed_interfaces/srv/detail/start_svo_rec__type_support_c.cpp.o[0m
[14.067s] [ 83%] [32mBuilding CXX object CMakeFiles/zed_interfaces__rosidl_typesupport_fastrtps_c.dir/rosidl_typesupport_fastrtps_c/zed_interfaces/srv/detail/set_roi__type_support_c.cpp.o[0m
[14.096s] [ 83%] [32m[1mLinking CXX shared library libzed_interfaces__rosidl_typesupport_fastrtps_cpp.so[0m
[14.246s] [ 83%] Built target zed_interfaces__rosidl_typesupport_fastrtps_cpp
[14.435s] [ 84%] [32m[1mLinking CXX shared library libzed_interfaces__rosidl_typesupport_introspection_cpp.so[0m
[14.514s] [ 84%] Built target zed_interfaces__rosidl_typesupport_introspection_cpp
[14.570s] [ 84%] [32m[1mLinking CXX shared library libzed_interfaces__rosidl_typesupport_fastrtps_c.so[0m
[14.653s] [ 84%] Built target zed_interfaces__rosidl_typesupport_fastrtps_c
[14.670s] [ 84%] Built target zed_interfaces
[14.688s] [ 85%] [34m[1mGenerating Python code for ROS interfaces[0m
[17.875s] [ 85%] Built target zed_interfaces__py
[17.895s] [ 88%] [32mBuilding C object CMakeFiles/zed_interfaces__rosidl_generator_py.dir/rosidl_generator_py/zed_interfaces/msg/_keypoint2_di_s.c.o[0m
[17.895s] [ 88%] [32mBuilding C object CMakeFiles/zed_interfaces__rosidl_generator_py.dir/rosidl_generator_py/zed_interfaces/msg/_object_s.c.o[0m
[17.895s] [ 88%] [32mBuilding C object CMakeFiles/zed_interfaces__rosidl_generator_py.dir/rosidl_generator_py/zed_interfaces/msg/_keypoint3_d_s.c.o[0m
[17.896s] [ 88%] [32mBuilding C object CMakeFiles/zed_interfaces__rosidl_generator_py.dir/rosidl_generator_py/zed_interfaces/msg/_bounding_box2_di_s.c.o[0m
[17.896s] [ 88%] [32mBuilding C object CMakeFiles/zed_interfaces__rosidl_generator_py.dir/rosidl_generator_py/zed_interfaces/msg/_keypoint2_df_s.c.o[0m
[17.897s] [ 88%] [32mBuilding C object CMakeFiles/zed_interfaces__rosidl_generator_py.dir/rosidl_generator_py/zed_interfaces/msg/_objects_stamped_s.c.o[0m
[17.897s] [ 89%] [32mBuilding C object CMakeFiles/zed_interfaces__rosidl_generator_py.dir/rosidl_generator_py/zed_interfaces/msg/_bounding_box2_df_s.c.o[0m
[17.904s] [ 90%] [32mBuilding C object CMakeFiles/zed_interfaces__rosidl_generator_py.dir/rosidl_generator_py/zed_interfaces/msg/_bounding_box3_d_s.c.o[0m
[18.124s] [ 90%] [32mBuilding C object CMakeFiles/zed_interfaces__rosidl_generator_py.dir/rosidl_generator_py/zed_interfaces/msg/_skeleton2_d_s.c.o[0m
[18.125s] [ 91%] [32mBuilding C object CMakeFiles/zed_interfaces__rosidl_generator_py.dir/rosidl_generator_py/zed_interfaces/msg/_skeleton3_d_s.c.o[0m
[18.131s] [ 92%] [32mBuilding C object CMakeFiles/zed_interfaces__rosidl_generator_py.dir/rosidl_generator_py/zed_interfaces/msg/_depth_info_stamped_s.c.o[0m
[18.142s] [ 92%] [32mBuilding C object CMakeFiles/zed_interfaces__rosidl_generator_py.dir/rosidl_generator_py/zed_interfaces/msg/_plane_stamped_s.c.o[0m
[18.148s] [ 93%] [32mBuilding C object CMakeFiles/zed_interfaces__rosidl_generator_py.dir/rosidl_generator_py/zed_interfaces/msg/_pos_track_status_s.c.o[0m
[18.160s] [ 94%] [32mBuilding C object CMakeFiles/zed_interfaces__rosidl_generator_py.dir/rosidl_generator_py/zed_interfaces/msg/_heartbeat_s.c.o[0m
[18.163s] [ 94%] [32mBuilding C object CMakeFiles/zed_interfaces__rosidl_generator_py.dir/rosidl_generator_py/zed_interfaces/srv/_set_pose_s.c.o[0m
[18.241s] [ 95%] [32mBuilding C object CMakeFiles/zed_interfaces__rosidl_generator_py.dir/rosidl_generator_py/zed_interfaces/srv/_start_svo_rec_s.c.o[0m
[18.339s] [ 95%] [32mBuilding C object CMakeFiles/zed_interfaces__rosidl_generator_py.dir/rosidl_generator_py/zed_interfaces/srv/_set_roi_s.c.o[0m
[18.482s] [ 96%] [32m[1mLinking C shared library rosidl_generator_py/zed_interfaces/libzed_interfaces__rosidl_generator_py.so[0m
[18.519s] [ 96%] Built target zed_interfaces__rosidl_generator_py
[18.536s] [ 99%] [32mBuilding C object CMakeFiles/zed_interfaces__rosidl_typesupport_c__pyext.dir/rosidl_generator_py/zed_interfaces/_zed_interfaces_s.ep.rosidl_typesupport_c.c.o[0m
[18.536s] [ 99%] [32mBuilding C object CMakeFiles/zed_interfaces__rosidl_typesupport_fastrtps_c__pyext.dir/rosidl_generator_py/zed_interfaces/_zed_interfaces_s.ep.rosidl_typesupport_fastrtps_c.c.o[0m
[18.536s] [ 99%] [32mBuilding C object CMakeFiles/zed_interfaces__rosidl_typesupport_introspection_c__pyext.dir/rosidl_generator_py/zed_interfaces/_zed_interfaces_s.ep.rosidl_typesupport_introspection_c.c.o[0m
[18.867s] [ 99%] [32m[1mLinking C shared library rosidl_generator_py/zed_interfaces/zed_interfaces_s__rosidl_typesupport_c.cpython-310-x86_64-linux-gnu.so[0m
[18.896s] [ 99%] [32m[1mLinking C shared library rosidl_generator_py/zed_interfaces/zed_interfaces_s__rosidl_typesupport_fastrtps_c.cpython-310-x86_64-linux-gnu.so[0m
[18.902s] [100%] [32m[1mLinking C shared library rosidl_generator_py/zed_interfaces/zed_interfaces_s__rosidl_typesupport_introspection_c.cpython-310-x86_64-linux-gnu.so[0m
[18.909s] [100%] Built target zed_interfaces__rosidl_typesupport_c__pyext
[18.935s] [100%] Built target zed_interfaces__rosidl_typesupport_fastrtps_c__pyext
[18.940s] [100%] Built target zed_interfaces__rosidl_typesupport_introspection_c__pyext
[18.952s] Invoked command in '/home/fiend/voice_grab/ros2_ws/build/zed_interfaces' returned '0': CMAKE_PREFIX_PATH=${CMAKE_PREFIX_PATH}:/opt/ros/humble PS1=
\[[38;5;156m\]\[[0m\]\[[38;5;166m\]ros2_ws\[[0m\]\[[38;5;166m\]\[[0m\] on \[[38;5;162m\] \[[0m\]\[[38;5;162m\]master\[[0m\] underwent \[[36m\]1s\[[0m\]
\[[1;38;5;166m\]➜\[[0m\] /usr/bin/cmake --build /home/fiend/voice_grab/ros2_ws/build/zed_interfaces -- -j8 -l8
[19.201s] Invoking command in '/home/fiend/voice_grab/ros2_ws/build/zed_interfaces': CMAKE_PREFIX_PATH=${CMAKE_PREFIX_PATH}:/opt/ros/humble PS1=
\[[38;5;156m\]\[[0m\]\[[38;5;166m\]ros2_ws\[[0m\]\[[38;5;166m\]\[[0m\] on \[[38;5;162m\] \[[0m\]\[[38;5;162m\]master\[[0m\] underwent \[[36m\]1s\[[0m\]
\[[1;38;5;166m\]➜\[[0m\] /usr/bin/cmake --install /home/fiend/voice_grab/ros2_ws/build/zed_interfaces
[19.207s] -- Install configuration: "Release"
[19.208s] -- Execute custom install script
[19.208s] -- Symlinking: /home/fiend/voice_grab/ros2_ws/install/zed_interfaces/share/ament_index/resource_index/rosidl_interfaces/zed_interfaces
[19.217s] -- Symlinking: /home/fiend/voice_grab/ros2_ws/install/zed_interfaces/include/zed_interfaces/zed_interfaces/msg/bounding_box2_df.h
[19.224s] -- Symlinking: /home/fiend/voice_grab/ros2_ws/install/zed_interfaces/include/zed_interfaces/zed_interfaces/msg/bounding_box2_di.h
[19.231s] -- Symlinking: /home/fiend/voice_grab/ros2_ws/install/zed_interfaces/include/zed_interfaces/zed_interfaces/msg/bounding_box3_d.h
[19.238s] -- Symlinking: /home/fiend/voice_grab/ros2_ws/install/zed_interfaces/include/zed_interfaces/zed_interfaces/msg/depth_info_stamped.h
[19.246s] -- Symlinking: /home/fiend/voice_grab/ros2_ws/install/zed_interfaces/include/zed_interfaces/zed_interfaces/msg/detail/bounding_box2_df__functions.h
[19.253s] -- Symlinking: /home/fiend/voice_grab/ros2_ws/install/zed_interfaces/include/zed_interfaces/zed_interfaces/msg/detail/bounding_box2_df__struct.h
[19.261s] -- Symlinking: /home/fiend/voice_grab/ros2_ws/install/zed_interfaces/include/zed_interfaces/zed_interfaces/msg/detail/bounding_box2_df__type_support.h
[19.269s] -- Symlinking: /home/fiend/voice_grab/ros2_ws/install/zed_interfaces/include/zed_interfaces/zed_interfaces/msg/detail/bounding_box2_di__functions.h
[19.276s] -- Symlinking: /home/fiend/voice_grab/ros2_ws/install/zed_interfaces/include/zed_interfaces/zed_interfaces/msg/detail/bounding_box2_di__struct.h
[19.284s] -- Symlinking: /home/fiend/voice_grab/ros2_ws/install/zed_interfaces/include/zed_interfaces/zed_interfaces/msg/detail/bounding_box2_di__type_support.h
[19.291s] -- Symlinking: /home/fiend/voice_grab/ros2_ws/install/zed_interfaces/include/zed_interfaces/zed_interfaces/msg/detail/bounding_box3_d__functions.h
[19.299s] -- Symlinking: /home/fiend/voice_grab/ros2_ws/install/zed_interfaces/include/zed_interfaces/zed_interfaces/msg/detail/bounding_box3_d__struct.h
[19.306s] -- Symlinking: /home/fiend/voice_grab/ros2_ws/install/zed_interfaces/include/zed_interfaces/zed_interfaces/msg/detail/bounding_box3_d__type_support.h
[19.314s] -- Symlinking: /home/fiend/voice_grab/ros2_ws/install/zed_interfaces/include/zed_interfaces/zed_interfaces/msg/detail/depth_info_stamped__functions.h
[19.320s] -- Symlinking: /home/fiend/voice_grab/ros2_ws/install/zed_interfaces/include/zed_interfaces/zed_interfaces/msg/detail/depth_info_stamped__struct.h
[19.328s] -- Symlinking: /home/fiend/voice_grab/ros2_ws/install/zed_interfaces/include/zed_interfaces/zed_interfaces/msg/detail/depth_info_stamped__type_support.h
[19.335s] -- Symlinking: /home/fiend/voice_grab/ros2_ws/install/zed_interfaces/include/zed_interfaces/zed_interfaces/msg/detail/heartbeat__functions.h
[19.343s] -- Symlinking: /home/fiend/voice_grab/ros2_ws/install/zed_interfaces/include/zed_interfaces/zed_interfaces/msg/detail/heartbeat__struct.h
[19.350s] -- Symlinking: /home/fiend/voice_grab/ros2_ws/install/zed_interfaces/include/zed_interfaces/zed_interfaces/msg/detail/heartbeat__type_support.h
[19.358s] -- Symlinking: /home/fiend/voice_grab/ros2_ws/install/zed_interfaces/include/zed_interfaces/zed_interfaces/msg/detail/keypoint2_df__functions.h
[19.365s] -- Symlinking: /home/fiend/voice_grab/ros2_ws/install/zed_interfaces/include/zed_interfaces/zed_interfaces/msg/detail/keypoint2_df__struct.h
[19.373s] -- Symlinking: /home/fiend/voice_grab/ros2_ws/install/zed_interfaces/include/zed_interfaces/zed_interfaces/msg/detail/keypoint2_df__type_support.h
[19.381s] -- Symlinking: /home/fiend/voice_grab/ros2_ws/install/zed_interfaces/include/zed_interfaces/zed_interfaces/msg/detail/keypoint2_di__functions.h
[19.388s] -- Symlinking: /home/fiend/voice_grab/ros2_ws/install/zed_interfaces/include/zed_interfaces/zed_interfaces/msg/detail/keypoint2_di__struct.h
[19.395s] -- Symlinking: /home/fiend/voice_grab/ros2_ws/install/zed_interfaces/include/zed_interfaces/zed_interfaces/msg/detail/keypoint2_di__type_support.h
[19.402s] -- Symlinking: /home/fiend/voice_grab/ros2_ws/install/zed_interfaces/include/zed_interfaces/zed_interfaces/msg/detail/keypoint3_d__functions.h
[19.409s] -- Symlinking: /home/fiend/voice_grab/ros2_ws/install/zed_interfaces/include/zed_interfaces/zed_interfaces/msg/detail/keypoint3_d__struct.h
[19.416s] -- Symlinking: /home/fiend/voice_grab/ros2_ws/install/zed_interfaces/include/zed_interfaces/zed_interfaces/msg/detail/keypoint3_d__type_support.h
[19.423s] -- Symlinking: /home/fiend/voice_grab/ros2_ws/install/zed_interfaces/include/zed_interfaces/zed_interfaces/msg/detail/object__functions.h
[19.431s] -- Symlinking: /home/fiend/voice_grab/ros2_ws/install/zed_interfaces/include/zed_interfaces/zed_interfaces/msg/detail/object__struct.h
[19.438s] -- Symlinking: /home/fiend/voice_grab/ros2_ws/install/zed_interfaces/include/zed_interfaces/zed_interfaces/msg/detail/object__type_support.h
[19.445s] -- Symlinking: /home/fiend/voice_grab/ros2_ws/install/zed_interfaces/include/zed_interfaces/zed_interfaces/msg/detail/objects_stamped__functions.h
[19.452s] -- Symlinking: /home/fiend/voice_grab/ros2_ws/install/zed_interfaces/include/zed_interfaces/zed_interfaces/msg/detail/objects_stamped__struct.h
[19.459s] -- Symlinking: /home/fiend/voice_grab/ros2_ws/install/zed_interfaces/include/zed_interfaces/zed_interfaces/msg/detail/objects_stamped__type_support.h
[19.467s] -- Symlinking: /home/fiend/voice_grab/ros2_ws/install/zed_interfaces/include/zed_interfaces/zed_interfaces/msg/detail/plane_stamped__functions.h
[19.474s] -- Symlinking: /home/fiend/voice_grab/ros2_ws/install/zed_interfaces/include/zed_interfaces/zed_interfaces/msg/detail/plane_stamped__struct.h
[19.482s] -- Symlinking: /home/fiend/voice_grab/ros2_ws/install/zed_interfaces/include/zed_interfaces/zed_interfaces/msg/detail/plane_stamped__type_support.h
[19.489s] -- Symlinking: /home/fiend/voice_grab/ros2_ws/install/zed_interfaces/include/zed_interfaces/zed_interfaces/msg/detail/pos_track_status__functions.h
[19.496s] -- Symlinking: /home/fiend/voice_grab/ros2_ws/install/zed_interfaces/include/zed_interfaces/zed_interfaces/msg/detail/pos_track_status__struct.h
[19.503s] -- Symlinking: /home/fiend/voice_grab/ros2_ws/install/zed_interfaces/include/zed_interfaces/zed_interfaces/msg/detail/pos_track_status__type_support.h
[19.510s] -- Symlinking: /home/fiend/voice_grab/ros2_ws/install/zed_interfaces/include/zed_interfaces/zed_interfaces/msg/detail/skeleton2_d__functions.h
[19.517s] -- Symlinking: /home/fiend/voice_grab/ros2_ws/install/zed_interfaces/include/zed_interfaces/zed_interfaces/msg/detail/skeleton2_d__struct.h
[19.525s] -- Symlinking: /home/fiend/voice_grab/ros2_ws/install/zed_interfaces/include/zed_interfaces/zed_interfaces/msg/detail/skeleton2_d__type_support.h
[19.532s] -- Symlinking: /home/fiend/voice_grab/ros2_ws/install/zed_interfaces/include/zed_interfaces/zed_interfaces/msg/detail/skeleton3_d__functions.h
[19.539s] -- Symlinking: /home/fiend/voice_grab/ros2_ws/install/zed_interfaces/include/zed_interfaces/zed_interfaces/msg/detail/skeleton3_d__struct.h
[19.546s] -- Symlinking: /home/fiend/voice_grab/ros2_ws/install/zed_interfaces/include/zed_interfaces/zed_interfaces/msg/detail/skeleton3_d__type_support.h
[19.553s] -- Symlinking: /home/fiend/voice_grab/ros2_ws/install/zed_interfaces/include/zed_interfaces/zed_interfaces/msg/heartbeat.h
[19.561s] -- Symlinking: /home/fiend/voice_grab/ros2_ws/install/zed_interfaces/include/zed_interfaces/zed_interfaces/msg/keypoint2_df.h
[19.568s] -- Symlinking: /home/fiend/voice_grab/ros2_ws/install/zed_interfaces/include/zed_interfaces/zed_interfaces/msg/keypoint2_di.h
[19.575s] -- Symlinking: /home/fiend/voice_grab/ros2_ws/install/zed_interfaces/include/zed_interfaces/zed_interfaces/msg/keypoint3_d.h
[19.583s] -- Symlinking: /home/fiend/voice_grab/ros2_ws/install/zed_interfaces/include/zed_interfaces/zed_interfaces/msg/object.h
[19.590s] -- Symlinking: /home/fiend/voice_grab/ros2_ws/install/zed_interfaces/include/zed_interfaces/zed_interfaces/msg/objects_stamped.h
[19.597s] -- Symlinking: /home/fiend/voice_grab/ros2_ws/install/zed_interfaces/include/zed_interfaces/zed_interfaces/msg/plane_stamped.h
[19.604s] -- Symlinking: /home/fiend/voice_grab/ros2_ws/install/zed_interfaces/include/zed_interfaces/zed_interfaces/msg/pos_track_status.h
[19.612s] -- Symlinking: /home/fiend/voice_grab/ros2_ws/install/zed_interfaces/include/zed_interfaces/zed_interfaces/msg/rosidl_generator_c__visibility_control.h
[19.619s] -- Symlinking: /home/fiend/voice_grab/ros2_ws/install/zed_interfaces/include/zed_interfaces/zed_interfaces/msg/skeleton2_d.h
[19.626s] -- Symlinking: /home/fiend/voice_grab/ros2_ws/install/zed_interfaces/include/zed_interfaces/zed_interfaces/msg/skeleton3_d.h
[19.633s] -- Symlinking: /home/fiend/voice_grab/ros2_ws/install/zed_interfaces/include/zed_interfaces/zed_interfaces/srv/detail/set_pose__functions.h
[19.641s] -- Symlinking: /home/fiend/voice_grab/ros2_ws/install/zed_interfaces/include/zed_interfaces/zed_interfaces/srv/detail/set_pose__struct.h
[19.648s] -- Symlinking: /home/fiend/voice_grab/ros2_ws/install/zed_interfaces/include/zed_interfaces/zed_interfaces/srv/detail/set_pose__type_support.h
[19.655s] -- Symlinking: /home/fiend/voice_grab/ros2_ws/install/zed_interfaces/include/zed_interfaces/zed_interfaces/srv/detail/set_roi__functions.h
[19.662s] -- Symlinking: /home/fiend/voice_grab/ros2_ws/install/zed_interfaces/include/zed_interfaces/zed_interfaces/srv/detail/set_roi__struct.h
[19.670s] -- Symlinking: /home/fiend/voice_grab/ros2_ws/install/zed_interfaces/include/zed_interfaces/zed_interfaces/srv/detail/set_roi__type_support.h
[19.678s] -- Symlinking: /home/fiend/voice_grab/ros2_ws/install/zed_interfaces/include/zed_interfaces/zed_interfaces/srv/detail/start_svo_rec__functions.h
[19.686s] -- Symlinking: /home/fiend/voice_grab/ros2_ws/install/zed_interfaces/include/zed_interfaces/zed_interfaces/srv/detail/start_svo_rec__struct.h
[19.693s] -- Symlinking: /home/fiend/voice_grab/ros2_ws/install/zed_interfaces/include/zed_interfaces/zed_interfaces/srv/detail/start_svo_rec__type_support.h
[19.700s] -- Symlinking: /home/fiend/voice_grab/ros2_ws/install/zed_interfaces/include/zed_interfaces/zed_interfaces/srv/set_pose.h
[19.707s] -- Symlinking: /home/fiend/voice_grab/ros2_ws/install/zed_interfaces/include/zed_interfaces/zed_interfaces/srv/set_roi.h
[19.714s] -- Symlinking: /home/fiend/voice_grab/ros2_ws/install/zed_interfaces/include/zed_interfaces/zed_interfaces/srv/start_svo_rec.h
[19.722s] -- Symlinking: /home/fiend/voice_grab/ros2_ws/install/zed_interfaces/share/zed_interfaces/environment/library_path.sh
[19.729s] -- Symlinking: /home/fiend/voice_grab/ros2_ws/install/zed_interfaces/share/zed_interfaces/environment/library_path.dsv
[19.737s] -- Symlinking: /home/fiend/voice_grab/ros2_ws/install/zed_interfaces/include/zed_interfaces/zed_interfaces/msg/detail/bounding_box2_df__rosidl_typesupport_fastrtps_c.h
[19.744s] -- Symlinking: /home/fiend/voice_grab/ros2_ws/install/zed_interfaces/include/zed_interfaces/zed_interfaces/msg/detail/bounding_box2_di__rosidl_typesupport_fastrtps_c.h
[19.752s] -- Symlinking: /home/fiend/voice_grab/ros2_ws/install/zed_interfaces/include/zed_interfaces/zed_interfaces/msg/detail/bounding_box3_d__rosidl_typesupport_fastrtps_c.h
[19.761s] -- Symlinking: /home/fiend/voice_grab/ros2_ws/install/zed_interfaces/include/zed_interfaces/zed_interfaces/msg/detail/depth_info_stamped__rosidl_typesupport_fastrtps_c.h
[19.767s] -- Symlinking: /home/fiend/voice_grab/ros2_ws/install/zed_interfaces/include/zed_interfaces/zed_interfaces/msg/detail/heartbeat__rosidl_typesupport_fastrtps_c.h
[19.774s] -- Symlinking: /home/fiend/voice_grab/ros2_ws/install/zed_interfaces/include/zed_interfaces/zed_interfaces/msg/detail/keypoint2_df__rosidl_typesupport_fastrtps_c.h
[19.782s] -- Symlinking: /home/fiend/voice_grab/ros2_ws/install/zed_interfaces/include/zed_interfaces/zed_interfaces/msg/detail/keypoint2_di__rosidl_typesupport_fastrtps_c.h
[19.789s] -- Symlinking: /home/fiend/voice_grab/ros2_ws/install/zed_interfaces/include/zed_interfaces/zed_interfaces/msg/detail/keypoint3_d__rosidl_typesupport_fastrtps_c.h
[19.796s] -- Symlinking: /home/fiend/voice_grab/ros2_ws/install/zed_interfaces/include/zed_interfaces/zed_interfaces/msg/detail/object__rosidl_typesupport_fastrtps_c.h
[19.804s] -- Symlinking: /home/fiend/voice_grab/ros2_ws/install/zed_interfaces/include/zed_interfaces/zed_interfaces/msg/detail/objects_stamped__rosidl_typesupport_fastrtps_c.h
[19.811s] -- Symlinking: /home/fiend/voice_grab/ros2_ws/install/zed_interfaces/include/zed_interfaces/zed_interfaces/msg/detail/plane_stamped__rosidl_typesupport_fastrtps_c.h
[19.819s] -- Symlinking: /home/fiend/voice_grab/ros2_ws/install/zed_interfaces/include/zed_interfaces/zed_interfaces/msg/detail/pos_track_status__rosidl_typesupport_fastrtps_c.h
[19.826s] -- Symlinking: /home/fiend/voice_grab/ros2_ws/install/zed_interfaces/include/zed_interfaces/zed_interfaces/msg/detail/skeleton2_d__rosidl_typesupport_fastrtps_c.h
[19.833s] -- Symlinking: /home/fiend/voice_grab/ros2_ws/install/zed_interfaces/include/zed_interfaces/zed_interfaces/msg/detail/skeleton3_d__rosidl_typesupport_fastrtps_c.h
[19.841s] -- Symlinking: /home/fiend/voice_grab/ros2_ws/install/zed_interfaces/include/zed_interfaces/zed_interfaces/msg/rosidl_typesupport_fastrtps_c__visibility_control.h
[19.848s] -- Symlinking: /home/fiend/voice_grab/ros2_ws/install/zed_interfaces/include/zed_interfaces/zed_interfaces/srv/detail/set_pose__rosidl_typesupport_fastrtps_c.h
[19.855s] -- Symlinking: /home/fiend/voice_grab/ros2_ws/install/zed_interfaces/include/zed_interfaces/zed_interfaces/srv/detail/set_roi__rosidl_typesupport_fastrtps_c.h
[19.862s] -- Symlinking: /home/fiend/voice_grab/ros2_ws/install/zed_interfaces/include/zed_interfaces/zed_interfaces/srv/detail/start_svo_rec__rosidl_typesupport_fastrtps_c.h
[19.871s] -- Symlinking: /home/fiend/voice_grab/ros2_ws/install/zed_interfaces/include/zed_interfaces/zed_interfaces/msg/bounding_box2_df.hpp
[19.878s] -- Symlinking: /home/fiend/voice_grab/ros2_ws/install/zed_interfaces/include/zed_interfaces/zed_interfaces/msg/bounding_box2_di.hpp
[19.885s] -- Symlinking: /home/fiend/voice_grab/ros2_ws/install/zed_interfaces/include/zed_interfaces/zed_interfaces/msg/bounding_box3_d.hpp
[19.892s] -- Symlinking: /home/fiend/voice_grab/ros2_ws/install/zed_interfaces/include/zed_interfaces/zed_interfaces/msg/depth_info_stamped.hpp
[19.899s] -- Symlinking: /home/fiend/voice_grab/ros2_ws/install/zed_interfaces/include/zed_interfaces/zed_interfaces/msg/detail/bounding_box2_df__builder.hpp
[19.906s] -- Symlinking: /home/fiend/voice_grab/ros2_ws/install/zed_interfaces/include/zed_interfaces/zed_interfaces/msg/detail/bounding_box2_df__struct.hpp
[19.913s] -- Symlinking: /home/fiend/voice_grab/ros2_ws/install/zed_interfaces/include/zed_interfaces/zed_interfaces/msg/detail/bounding_box2_df__traits.hpp
[19.920s] -- Symlinking: /home/fiend/voice_grab/ros2_ws/install/zed_interfaces/include/zed_interfaces/zed_interfaces/msg/detail/bounding_box2_di__builder.hpp
[19.928s] -- Symlinking: /home/fiend/voice_grab/ros2_ws/install/zed_interfaces/include/zed_interfaces/zed_interfaces/msg/detail/bounding_box2_di__struct.hpp
[19.935s] -- Symlinking: /home/fiend/voice_grab/ros2_ws/install/zed_interfaces/include/zed_interfaces/zed_interfaces/msg/detail/bounding_box2_di__traits.hpp
[19.944s] -- Symlinking: /home/fiend/voice_grab/ros2_ws/install/zed_interfaces/include/zed_interfaces/zed_interfaces/msg/detail/bounding_box3_d__builder.hpp
[19.950s] -- Symlinking: /home/fiend/voice_grab/ros2_ws/install/zed_interfaces/include/zed_interfaces/zed_interfaces/msg/detail/bounding_box3_d__struct.hpp
[19.957s] -- Symlinking: /home/fiend/voice_grab/ros2_ws/install/zed_interfaces/include/zed_interfaces/zed_interfaces/msg/detail/bounding_box3_d__traits.hpp
[19.964s] -- Symlinking: /home/fiend/voice_grab/ros2_ws/install/zed_interfaces/include/zed_interfaces/zed_interfaces/msg/detail/depth_info_stamped__builder.hpp
[19.971s] -- Symlinking: /home/fiend/voice_grab/ros2_ws/install/zed_interfaces/include/zed_interfaces/zed_interfaces/msg/detail/depth_info_stamped__struct.hpp
[19.978s] -- Symlinking: /home/fiend/voice_grab/ros2_ws/install/zed_interfaces/include/zed_interfaces/zed_interfaces/msg/detail/depth_info_stamped__traits.hpp
[19.985s] -- Symlinking: /home/fiend/voice_grab/ros2_ws/install/zed_interfaces/include/zed_interfaces/zed_interfaces/msg/detail/heartbeat__builder.hpp
[19.992s] -- Symlinking: /home/fiend/voice_grab/ros2_ws/install/zed_interfaces/include/zed_interfaces/zed_interfaces/msg/detail/heartbeat__struct.hpp
[19.998s] -- Symlinking: /home/fiend/voice_grab/ros2_ws/install/zed_interfaces/include/zed_interfaces/zed_interfaces/msg/detail/heartbeat__traits.hpp
[20.005s] -- Symlinking: /home/fiend/voice_grab/ros2_ws/install/zed_interfaces/include/zed_interfaces/zed_interfaces/msg/detail/keypoint2_df__builder.hpp
[20.012s] -- Symlinking: /home/fiend/voice_grab/ros2_ws/install/zed_interfaces/include/zed_interfaces/zed_interfaces/msg/detail/keypoint2_df__struct.hpp
[20.019s] -- Symlinking: /home/fiend/voice_grab/ros2_ws/install/zed_interfaces/include/zed_interfaces/zed_interfaces/msg/detail/keypoint2_df__traits.hpp
[20.026s] -- Symlinking: /home/fiend/voice_grab/ros2_ws/install/zed_interfaces/include/zed_interfaces/zed_interfaces/msg/detail/keypoint2_di__builder.hpp
[20.032s] -- Symlinking: /home/fiend/voice_grab/ros2_ws/install/zed_interfaces/include/zed_interfaces/zed_interfaces/msg/detail/keypoint2_di__struct.hpp
[20.039s] -- Symlinking: /home/fiend/voice_grab/ros2_ws/install/zed_interfaces/include/zed_interfaces/zed_interfaces/msg/detail/keypoint2_di__traits.hpp
[20.047s] -- Symlinking: /home/fiend/voice_grab/ros2_ws/install/zed_interfaces/include/zed_interfaces/zed_interfaces/msg/detail/keypoint3_d__builder.hpp
[20.055s] -- Symlinking: /home/fiend/voice_grab/ros2_ws/install/zed_interfaces/include/zed_interfaces/zed_interfaces/msg/detail/keypoint3_d__struct.hpp
[20.063s] -- Symlinking: /home/fiend/voice_grab/ros2_ws/install/zed_interfaces/include/zed_interfaces/zed_interfaces/msg/detail/keypoint3_d__traits.hpp
[20.070s] -- Symlinking: /home/fiend/voice_grab/ros2_ws/install/zed_interfaces/include/zed_interfaces/zed_interfaces/msg/detail/object__builder.hpp
[20.078s] -- Symlinking: /home/fiend/voice_grab/ros2_ws/install/zed_interfaces/include/zed_interfaces/zed_interfaces/msg/detail/object__struct.hpp
[20.085s] -- Symlinking: /home/fiend/voice_grab/ros2_ws/install/zed_interfaces/include/zed_interfaces/zed_interfaces/msg/detail/object__traits.hpp
[20.091s] -- Symlinking: /home/fiend/voice_grab/ros2_ws/install/zed_interfaces/include/zed_interfaces/zed_interfaces/msg/detail/objects_stamped__builder.hpp
[20.098s] -- Symlinking: /home/fiend/voice_grab/ros2_ws/install/zed_interfaces/include/zed_interfaces/zed_interfaces/msg/detail/objects_stamped__struct.hpp
[20.105s] -- Symlinking: /home/fiend/voice_grab/ros2_ws/install/zed_interfaces/include/zed_interfaces/zed_interfaces/msg/detail/objects_stamped__traits.hpp
[20.111s] -- Symlinking: /home/fiend/voice_grab/ros2_ws/install/zed_interfaces/include/zed_interfaces/zed_interfaces/msg/detail/plane_stamped__builder.hpp
[20.118s] -- Symlinking: /home/fiend/voice_grab/ros2_ws/install/zed_interfaces/include/zed_interfaces/zed_interfaces/msg/detail/plane_stamped__struct.hpp
[20.124s] -- Symlinking: /home/fiend/voice_grab/ros2_ws/install/zed_interfaces/include/zed_interfaces/zed_interfaces/msg/detail/plane_stamped__traits.hpp
[20.131s] -- Symlinking: /home/fiend/voice_grab/ros2_ws/install/zed_interfaces/include/zed_interfaces/zed_interfaces/msg/detail/pos_track_status__builder.hpp
[20.137s] -- Symlinking: /home/fiend/voice_grab/ros2_ws/install/zed_interfaces/include/zed_interfaces/zed_interfaces/msg/detail/pos_track_status__struct.hpp
[20.144s] -- Symlinking: /home/fiend/voice_grab/ros2_ws/install/zed_interfaces/include/zed_interfaces/zed_interfaces/msg/detail/pos_track_status__traits.hpp
[20.152s] -- Symlinking: /home/fiend/voice_grab/ros2_ws/install/zed_interfaces/include/zed_interfaces/zed_interfaces/msg/detail/skeleton2_d__builder.hpp
[20.158s] -- Symlinking: /home/fiend/voice_grab/ros2_ws/install/zed_interfaces/include/zed_interfaces/zed_interfaces/msg/detail/skeleton2_d__struct.hpp
[20.165s] -- Symlinking: /home/fiend/voice_grab/ros2_ws/install/zed_interfaces/include/zed_interfaces/zed_interfaces/msg/detail/skeleton2_d__traits.hpp
[20.172s] -- Symlinking: /home/fiend/voice_grab/ros2_ws/install/zed_interfaces/include/zed_interfaces/zed_interfaces/msg/detail/skeleton3_d__builder.hpp
[20.180s] -- Symlinking: /home/fiend/voice_grab/ros2_ws/install/zed_interfaces/include/zed_interfaces/zed_interfaces/msg/detail/skeleton3_d__struct.hpp
[20.187s] -- Symlinking: /home/fiend/voice_grab/ros2_ws/install/zed_interfaces/include/zed_interfaces/zed_interfaces/msg/detail/skeleton3_d__traits.hpp
[20.193s] -- Symlinking: /home/fiend/voice_grab/ros2_ws/install/zed_interfaces/include/zed_interfaces/zed_interfaces/msg/heartbeat.hpp
[20.200s] -- Symlinking: /home/fiend/voice_grab/ros2_ws/install/zed_interfaces/include/zed_interfaces/zed_interfaces/msg/keypoint2_df.hpp
[20.207s] -- Symlinking: /home/fiend/voice_grab/ros2_ws/install/zed_interfaces/include/zed_interfaces/zed_interfaces/msg/keypoint2_di.hpp
[20.213s] -- Symlinking: /home/fiend/voice_grab/ros2_ws/install/zed_interfaces/include/zed_interfaces/zed_interfaces/msg/keypoint3_d.hpp
[20.220s] -- Symlinking: /home/fiend/voice_grab/ros2_ws/install/zed_interfaces/include/zed_interfaces/zed_interfaces/msg/object.hpp
[20.226s] -- Symlinking: /home/fiend/voice_grab/ros2_ws/install/zed_interfaces/include/zed_interfaces/zed_interfaces/msg/objects_stamped.hpp
[20.233s] -- Symlinking: /home/fiend/voice_grab/ros2_ws/install/zed_interfaces/include/zed_interfaces/zed_interfaces/msg/plane_stamped.hpp
[20.240s] -- Symlinking: /home/fiend/voice_grab/ros2_ws/install/zed_interfaces/include/zed_interfaces/zed_interfaces/msg/pos_track_status.hpp
[20.246s] -- Symlinking: /home/fiend/voice_grab/ros2_ws/install/zed_interfaces/include/zed_interfaces/zed_interfaces/msg/skeleton2_d.hpp
[20.253s] -- Symlinking: /home/fiend/voice_grab/ros2_ws/install/zed_interfaces/include/zed_interfaces/zed_interfaces/msg/skeleton3_d.hpp
[20.260s] -- Symlinking: /home/fiend/voice_grab/ros2_ws/install/zed_interfaces/include/zed_interfaces/zed_interfaces/srv/detail/set_pose__builder.hpp
[20.266s] -- Symlinking: /home/fiend/voice_grab/ros2_ws/install/zed_interfaces/include/zed_interfaces/zed_interfaces/srv/detail/set_pose__struct.hpp
[20.273s] -- Symlinking: /home/fiend/voice_grab/ros2_ws/install/zed_interfaces/include/zed_interfaces/zed_interfaces/srv/detail/set_pose__traits.hpp
[20.280s] -- Symlinking: /home/fiend/voice_grab/ros2_ws/install/zed_interfaces/include/zed_interfaces/zed_interfaces/srv/detail/set_roi__builder.hpp
[20.287s] -- Symlinking: /home/fiend/voice_grab/ros2_ws/install/zed_interfaces/include/zed_interfaces/zed_interfaces/srv/detail/set_roi__struct.hpp
[20.294s] -- Symlinking: /home/fiend/voice_grab/ros2_ws/install/zed_interfaces/include/zed_interfaces/zed_interfaces/srv/detail/set_roi__traits.hpp
[20.300s] -- Symlinking: /home/fiend/voice_grab/ros2_ws/install/zed_interfaces/include/zed_interfaces/zed_interfaces/srv/detail/start_svo_rec__builder.hpp
[20.307s] -- Symlinking: /home/fiend/voice_grab/ros2_ws/install/zed_interfaces/include/zed_interfaces/zed_interfaces/srv/detail/start_svo_rec__struct.hpp
[20.314s] -- Symlinking: /home/fiend/voice_grab/ros2_ws/install/zed_interfaces/include/zed_interfaces/zed_interfaces/srv/detail/start_svo_rec__traits.hpp
[20.320s] -- Symlinking: /home/fiend/voice_grab/ros2_ws/install/zed_interfaces/include/zed_interfaces/zed_interfaces/srv/set_pose.hpp
[20.327s] -- Symlinking: /home/fiend/voice_grab/ros2_ws/install/zed_interfaces/include/zed_interfaces/zed_interfaces/srv/set_roi.hpp
[20.334s] -- Symlinking: /home/fiend/voice_grab/ros2_ws/install/zed_interfaces/include/zed_interfaces/zed_interfaces/srv/start_svo_rec.hpp
[20.341s] -- Symlinking: /home/fiend/voice_grab/ros2_ws/install/zed_interfaces/include/zed_interfaces/zed_interfaces/msg/detail/bounding_box2_df__rosidl_typesupport_fastrtps_cpp.hpp
[20.348s] -- Symlinking: /home/fiend/voice_grab/ros2_ws/install/zed_interfaces/include/zed_interfaces/zed_interfaces/msg/detail/bounding_box2_di__rosidl_typesupport_fastrtps_cpp.hpp
[20.355s] -- Symlinking: /home/fiend/voice_grab/ros2_ws/install/zed_interfaces/include/zed_interfaces/zed_interfaces/msg/detail/bounding_box3_d__rosidl_typesupport_fastrtps_cpp.hpp
[20.362s] -- Symlinking: /home/fiend/voice_grab/ros2_ws/install/zed_interfaces/include/zed_interfaces/zed_interfaces/msg/detail/depth_info_stamped__rosidl_typesupport_fastrtps_cpp.hpp
[20.369s] -- Symlinking: /home/fiend/voice_grab/ros2_ws/install/zed_interfaces/include/zed_interfaces/zed_interfaces/msg/detail/heartbeat__rosidl_typesupport_fastrtps_cpp.hpp
[20.376s] -- Symlinking: /home/fiend/voice_grab/ros2_ws/install/zed_interfaces/include/zed_interfaces/zed_interfaces/msg/detail/keypoint2_df__rosidl_typesupport_fastrtps_cpp.hpp
[20.383s] -- Symlinking: /home/fiend/voice_grab/ros2_ws/install/zed_interfaces/include/zed_interfaces/zed_interfaces/msg/detail/keypoint2_di__rosidl_typesupport_fastrtps_cpp.hpp
[20.391s] -- Symlinking: /home/fiend/voice_grab/ros2_ws/install/zed_interfaces/include/zed_interfaces/zed_interfaces/msg/detail/keypoint3_d__rosidl_typesupport_fastrtps_cpp.hpp
[20.397s] -- Symlinking: /home/fiend/voice_grab/ros2_ws/install/zed_interfaces/include/zed_interfaces/zed_interfaces/msg/detail/object__rosidl_typesupport_fastrtps_cpp.hpp
[20.404s] -- Symlinking: /home/fiend/voice_grab/ros2_ws/install/zed_interfaces/include/zed_interfaces/zed_interfaces/msg/detail/objects_stamped__rosidl_typesupport_fastrtps_cpp.hpp
[20.411s] -- Symlinking: /home/fiend/voice_grab/ros2_ws/install/zed_interfaces/include/zed_interfaces/zed_interfaces/msg/detail/plane_stamped__rosidl_typesupport_fastrtps_cpp.hpp
[20.418s] -- Symlinking: /home/fiend/voice_grab/ros2_ws/install/zed_interfaces/include/zed_interfaces/zed_interfaces/msg/detail/pos_track_status__rosidl_typesupport_fastrtps_cpp.hpp
[20.424s] -- Symlinking: /home/fiend/voice_grab/ros2_ws/install/zed_interfaces/include/zed_interfaces/zed_interfaces/msg/detail/skeleton2_d__rosidl_typesupport_fastrtps_cpp.hpp
[20.431s] -- Symlinking: /home/fiend/voice_grab/ros2_ws/install/zed_interfaces/include/zed_interfaces/zed_interfaces/msg/detail/skeleton3_d__rosidl_typesupport_fastrtps_cpp.hpp
[20.438s] -- Symlinking: /home/fiend/voice_grab/ros2_ws/install/zed_interfaces/include/zed_interfaces/zed_interfaces/msg/rosidl_typesupport_fastrtps_cpp__visibility_control.h
[20.445s] -- Symlinking: /home/fiend/voice_grab/ros2_ws/install/zed_interfaces/include/zed_interfaces/zed_interfaces/srv/detail/set_pose__rosidl_typesupport_fastrtps_cpp.hpp
[20.451s] -- Symlinking: /home/fiend/voice_grab/ros2_ws/install/zed_interfaces/include/zed_interfaces/zed_interfaces/srv/detail/set_roi__rosidl_typesupport_fastrtps_cpp.hpp
[20.458s] -- Symlinking: /home/fiend/voice_grab/ros2_ws/install/zed_interfaces/include/zed_interfaces/zed_interfaces/srv/detail/start_svo_rec__rosidl_typesupport_fastrtps_cpp.hpp
[20.465s] -- Symlinking: /home/fiend/voice_grab/ros2_ws/install/zed_interfaces/include/zed_interfaces/zed_interfaces/msg/detail/bounding_box2_df__rosidl_typesupport_introspection_c.h
[20.473s] -- Symlinking: /home/fiend/voice_grab/ros2_ws/install/zed_interfaces/include/zed_interfaces/zed_interfaces/msg/detail/bounding_box2_di__rosidl_typesupport_introspection_c.h
[20.480s] -- Symlinking: /home/fiend/voice_grab/ros2_ws/install/zed_interfaces/include/zed_interfaces/zed_interfaces/msg/detail/bounding_box3_d__rosidl_typesupport_introspection_c.h
[20.487s] -- Symlinking: /home/fiend/voice_grab/ros2_ws/install/zed_interfaces/include/zed_interfaces/zed_interfaces/msg/detail/depth_info_stamped__rosidl_typesupport_introspection_c.h
[20.494s] -- Symlinking: /home/fiend/voice_grab/ros2_ws/install/zed_interfaces/include/zed_interfaces/zed_interfaces/msg/detail/heartbeat__rosidl_typesupport_introspection_c.h
[20.500s] -- Symlinking: /home/fiend/voice_grab/ros2_ws/install/zed_interfaces/include/zed_interfaces/zed_interfaces/msg/detail/keypoint2_df__rosidl_typesupport_introspection_c.h
[20.507s] -- Symlinking: /home/fiend/voice_grab/ros2_ws/install/zed_interfaces/include/zed_interfaces/zed_interfaces/msg/detail/keypoint2_di__rosidl_typesupport_introspection_c.h
[20.514s] -- Symlinking: /home/fiend/voice_grab/ros2_ws/install/zed_interfaces/include/zed_interfaces/zed_interfaces/msg/detail/keypoint3_d__rosidl_typesupport_introspection_c.h
[20.520s] -- Symlinking: /home/fiend/voice_grab/ros2_ws/install/zed_interfaces/include/zed_interfaces/zed_interfaces/msg/detail/object__rosidl_typesupport_introspection_c.h
[20.527s] -- Symlinking: /home/fiend/voice_grab/ros2_ws/install/zed_interfaces/include/zed_interfaces/zed_interfaces/msg/detail/objects_stamped__rosidl_typesupport_introspection_c.h
[20.533s] -- Symlinking: /home/fiend/voice_grab/ros2_ws/install/zed_interfaces/include/zed_interfaces/zed_interfaces/msg/detail/plane_stamped__rosidl_typesupport_introspection_c.h
[20.540s] -- Symlinking: /home/fiend/voice_grab/ros2_ws/install/zed_interfaces/include/zed_interfaces/zed_interfaces/msg/detail/pos_track_status__rosidl_typesupport_introspection_c.h
[20.546s] -- Symlinking: /home/fiend/voice_grab/ros2_ws/install/zed_interfaces/include/zed_interfaces/zed_interfaces/msg/detail/skeleton2_d__rosidl_typesupport_introspection_c.h
[20.553s] -- Symlinking: /home/fiend/voice_grab/ros2_ws/install/zed_interfaces/include/zed_interfaces/zed_interfaces/msg/detail/skeleton3_d__rosidl_typesupport_introspection_c.h
[20.560s] -- Symlinking: /home/fiend/voice_grab/ros2_ws/install/zed_interfaces/include/zed_interfaces/zed_interfaces/msg/rosidl_typesupport_introspection_c__visibility_control.h
[20.567s] -- Symlinking: /home/fiend/voice_grab/ros2_ws/install/zed_interfaces/include/zed_interfaces/zed_interfaces/srv/detail/set_pose__rosidl_typesupport_introspection_c.h
[20.574s] -- Symlinking: /home/fiend/voice_grab/ros2_ws/install/zed_interfaces/include/zed_interfaces/zed_interfaces/srv/detail/set_roi__rosidl_typesupport_introspection_c.h
[20.581s] -- Symlinking: /home/fiend/voice_grab/ros2_ws/install/zed_interfaces/include/zed_interfaces/zed_interfaces/srv/detail/start_svo_rec__rosidl_typesupport_introspection_c.h
[20.588s] -- Symlinking: /home/fiend/voice_grab/ros2_ws/install/zed_interfaces/include/zed_interfaces/zed_interfaces/msg/detail/bounding_box2_df__rosidl_typesupport_introspection_cpp.hpp
[20.595s] -- Symlinking: /home/fiend/voice_grab/ros2_ws/install/zed_interfaces/include/zed_interfaces/zed_interfaces/msg/detail/bounding_box2_di__rosidl_typesupport_introspection_cpp.hpp
[20.602s] -- Symlinking: /home/fiend/voice_grab/ros2_ws/install/zed_interfaces/include/zed_interfaces/zed_interfaces/msg/detail/bounding_box3_d__rosidl_typesupport_introspection_cpp.hpp
[20.609s] -- Symlinking: /home/fiend/voice_grab/ros2_ws/install/zed_interfaces/include/zed_interfaces/zed_interfaces/msg/detail/depth_info_stamped__rosidl_typesupport_introspection_cpp.hpp
[20.616s] -- Symlinking: /home/fiend/voice_grab/ros2_ws/install/zed_interfaces/include/zed_interfaces/zed_interfaces/msg/detail/heartbeat__rosidl_typesupport_introspection_cpp.hpp
[20.623s] -- Symlinking: /home/fiend/voice_grab/ros2_ws/install/zed_interfaces/include/zed_interfaces/zed_interfaces/msg/detail/keypoint2_df__rosidl_typesupport_introspection_cpp.hpp
[20.629s] -- Symlinking: /home/fiend/voice_grab/ros2_ws/install/zed_interfaces/include/zed_interfaces/zed_interfaces/msg/detail/keypoint2_di__rosidl_typesupport_introspection_cpp.hpp
[20.636s] -- Symlinking: /home/fiend/voice_grab/ros2_ws/install/zed_interfaces/include/zed_interfaces/zed_interfaces/msg/detail/keypoint3_d__rosidl_typesupport_introspection_cpp.hpp
[20.643s] -- Symlinking: /home/fiend/voice_grab/ros2_ws/install/zed_interfaces/include/zed_interfaces/zed_interfaces/msg/detail/object__rosidl_typesupport_introspection_cpp.hpp
[20.649s] -- Symlinking: /home/fiend/voice_grab/ros2_ws/install/zed_interfaces/include/zed_interfaces/zed_interfaces/msg/detail/objects_stamped__rosidl_typesupport_introspection_cpp.hpp
[20.656s] -- Symlinking: /home/fiend/voice_grab/ros2_ws/install/zed_interfaces/include/zed_interfaces/zed_interfaces/msg/detail/plane_stamped__rosidl_typesupport_introspection_cpp.hpp
[20.662s] -- Symlinking: /home/fiend/voice_grab/ros2_ws/install/zed_interfaces/include/zed_interfaces/zed_interfaces/msg/detail/pos_track_status__rosidl_typesupport_introspection_cpp.hpp
[20.670s] -- Symlinking: /home/fiend/voice_grab/ros2_ws/install/zed_interfaces/include/zed_interfaces/zed_interfaces/msg/detail/skeleton2_d__rosidl_typesupport_introspection_cpp.hpp
[20.678s] -- Symlinking: /home/fiend/voice_grab/ros2_ws/install/zed_interfaces/include/zed_interfaces/zed_interfaces/msg/detail/skeleton3_d__rosidl_typesupport_introspection_cpp.hpp
[20.685s] -- Symlinking: /home/fiend/voice_grab/ros2_ws/install/zed_interfaces/include/zed_interfaces/zed_interfaces/srv/detail/set_pose__rosidl_typesupport_introspection_cpp.hpp
[20.692s] -- Symlinking: /home/fiend/voice_grab/ros2_ws/install/zed_interfaces/include/zed_interfaces/zed_interfaces/srv/detail/set_roi__rosidl_typesupport_introspection_cpp.hpp
[20.698s] -- Symlinking: /home/fiend/voice_grab/ros2_ws/install/zed_interfaces/include/zed_interfaces/zed_interfaces/srv/detail/start_svo_rec__rosidl_typesupport_introspection_cpp.hpp
[20.705s] -- Symlinking: /home/fiend/voice_grab/ros2_ws/install/zed_interfaces/share/zed_interfaces/environment/pythonpath.sh
[20.712s] -- Symlinking: /home/fiend/voice_grab/ros2_ws/install/zed_interfaces/share/zed_interfaces/environment/pythonpath.dsv
[20.718s] -- Symlinking: /home/fiend/voice_grab/ros2_ws/install/zed_interfaces/local/lib/python3.10/dist-packages/zed_interfaces-4.0.0-py3.10.egg-info/PKG-INFO
[20.725s] -- Symlinking: /home/fiend/voice_grab/ros2_ws/install/zed_interfaces/local/lib/python3.10/dist-packages/zed_interfaces-4.0.0-py3.10.egg-info/SOURCES.txt
[20.732s] -- Symlinking: /home/fiend/voice_grab/ros2_ws/install/zed_interfaces/local/lib/python3.10/dist-packages/zed_interfaces-4.0.0-py3.10.egg-info/dependency_links.txt
[20.739s] -- Symlinking: /home/fiend/voice_grab/ros2_ws/install/zed_interfaces/local/lib/python3.10/dist-packages/zed_interfaces-4.0.0-py3.10.egg-info/top_level.txt
[20.746s] -- Symlinking: /home/fiend/voice_grab/ros2_ws/install/zed_interfaces/local/lib/python3.10/dist-packages/zed_interfaces/__init__.py
[20.753s] -- Symlinking: /home/fiend/voice_grab/ros2_ws/install/zed_interfaces/local/lib/python3.10/dist-packages/zed_interfaces/_zed_interfaces_s.ep.rosidl_typesupport_c.c
[20.760s] -- Symlinking: /home/fiend/voice_grab/ros2_ws/install/zed_interfaces/local/lib/python3.10/dist-packages/zed_interfaces/_zed_interfaces_s.ep.rosidl_typesupport_fastrtps_c.c
[20.767s] -- Symlinking: /home/fiend/voice_grab/ros2_ws/install/zed_interfaces/local/lib/python3.10/dist-packages/zed_interfaces/_zed_interfaces_s.ep.rosidl_typesupport_introspection_c.c
[20.775s] -- Symlinking: /home/fiend/voice_grab/ros2_ws/install/zed_interfaces/local/lib/python3.10/dist-packages/zed_interfaces/libzed_interfaces__rosidl_generator_py.so
[20.782s] -- Symlinking: /home/fiend/voice_grab/ros2_ws/install/zed_interfaces/local/lib/python3.10/dist-packages/zed_interfaces/msg/__init__.py
[20.789s] -- Symlinking: /home/fiend/voice_grab/ros2_ws/install/zed_interfaces/local/lib/python3.10/dist-packages/zed_interfaces/msg/_bounding_box2_df.py
[20.795s] -- Symlinking: /home/fiend/voice_grab/ros2_ws/install/zed_interfaces/local/lib/python3.10/dist-packages/zed_interfaces/msg/_bounding_box2_df_s.c
[20.802s] -- Symlinking: /home/fiend/voice_grab/ros2_ws/install/zed_interfaces/local/lib/python3.10/dist-packages/zed_interfaces/msg/_bounding_box2_di.py
[20.809s] -- Symlinking: /home/fiend/voice_grab/ros2_ws/install/zed_interfaces/local/lib/python3.10/dist-packages/zed_interfaces/msg/_bounding_box2_di_s.c
[20.815s] -- Symlinking: /home/fiend/voice_grab/ros2_ws/install/zed_interfaces/local/lib/python3.10/dist-packages/zed_interfaces/msg/_bounding_box3_d.py
[20.822s] -- Symlinking: /home/fiend/voice_grab/ros2_ws/install/zed_interfaces/local/lib/python3.10/dist-packages/zed_interfaces/msg/_bounding_box3_d_s.c
[20.829s] -- Symlinking: /home/fiend/voice_grab/ros2_ws/install/zed_interfaces/local/lib/python3.10/dist-packages/zed_interfaces/msg/_depth_info_stamped.py
[20.836s] -- Symlinking: /home/fiend/voice_grab/ros2_ws/install/zed_interfaces/local/lib/python3.10/dist-packages/zed_interfaces/msg/_depth_info_stamped_s.c
[20.843s] -- Symlinking: /home/fiend/voice_grab/ros2_ws/install/zed_interfaces/local/lib/python3.10/dist-packages/zed_interfaces/msg/_heartbeat.py
[20.850s] -- Symlinking: /home/fiend/voice_grab/ros2_ws/install/zed_interfaces/local/lib/python3.10/dist-packages/zed_interfaces/msg/_heartbeat_s.c
[20.856s] -- Symlinking: /home/fiend/voice_grab/ros2_ws/install/zed_interfaces/local/lib/python3.10/dist-packages/zed_interfaces/msg/_keypoint2_df.py
[20.863s] -- Symlinking: /home/fiend/voice_grab/ros2_ws/install/zed_interfaces/local/lib/python3.10/dist-packages/zed_interfaces/msg/_keypoint2_df_s.c
[20.870s] -- Symlinking: /home/fiend/voice_grab/ros2_ws/install/zed_interfaces/local/lib/python3.10/dist-packages/zed_interfaces/msg/_keypoint2_di.py
[20.877s] -- Symlinking: /home/fiend/voice_grab/ros2_ws/install/zed_interfaces/local/lib/python3.10/dist-packages/zed_interfaces/msg/_keypoint2_di_s.c
[20.884s] -- Symlinking: /home/fiend/voice_grab/ros2_ws/install/zed_interfaces/local/lib/python3.10/dist-packages/zed_interfaces/msg/_keypoint3_d.py
[20.891s] -- Symlinking: /home/fiend/voice_grab/ros2_ws/install/zed_interfaces/local/lib/python3.10/dist-packages/zed_interfaces/msg/_keypoint3_d_s.c
[20.898s] -- Symlinking: /home/fiend/voice_grab/ros2_ws/install/zed_interfaces/local/lib/python3.10/dist-packages/zed_interfaces/msg/_object.py
[20.905s] -- Symlinking: /home/fiend/voice_grab/ros2_ws/install/zed_interfaces/local/lib/python3.10/dist-packages/zed_interfaces/msg/_object_s.c
[20.911s] -- Symlinking: /home/fiend/voice_grab/ros2_ws/install/zed_interfaces/local/lib/python3.10/dist-packages/zed_interfaces/msg/_objects_stamped.py
[20.918s] -- Symlinking: /home/fiend/voice_grab/ros2_ws/install/zed_interfaces/local/lib/python3.10/dist-packages/zed_interfaces/msg/_objects_stamped_s.c
[20.925s] -- Symlinking: /home/fiend/voice_grab/ros2_ws/install/zed_interfaces/local/lib/python3.10/dist-packages/zed_interfaces/msg/_plane_stamped.py
[20.931s] -- Symlinking: /home/fiend/voice_grab/ros2_ws/install/zed_interfaces/local/lib/python3.10/dist-packages/zed_interfaces/msg/_plane_stamped_s.c
[20.938s] -- Symlinking: /home/fiend/voice_grab/ros2_ws/install/zed_interfaces/local/lib/python3.10/dist-packages/zed_interfaces/msg/_pos_track_status.py
[20.945s] -- Symlinking: /home/fiend/voice_grab/ros2_ws/install/zed_interfaces/local/lib/python3.10/dist-packages/zed_interfaces/msg/_pos_track_status_s.c
[20.952s] -- Symlinking: /home/fiend/voice_grab/ros2_ws/install/zed_interfaces/local/lib/python3.10/dist-packages/zed_interfaces/msg/_skeleton2_d.py
[20.959s] -- Symlinking: /home/fiend/voice_grab/ros2_ws/install/zed_interfaces/local/lib/python3.10/dist-packages/zed_interfaces/msg/_skeleton2_d_s.c
[20.966s] -- Symlinking: /home/fiend/voice_grab/ros2_ws/install/zed_interfaces/local/lib/python3.10/dist-packages/zed_interfaces/msg/_skeleton3_d.py
[20.973s] -- Symlinking: /home/fiend/voice_grab/ros2_ws/install/zed_interfaces/local/lib/python3.10/dist-packages/zed_interfaces/msg/_skeleton3_d_s.c
[20.980s] -- Symlinking: /home/fiend/voice_grab/ros2_ws/install/zed_interfaces/local/lib/python3.10/dist-packages/zed_interfaces/srv/__init__.py
[20.987s] -- Symlinking: /home/fiend/voice_grab/ros2_ws/install/zed_interfaces/local/lib/python3.10/dist-packages/zed_interfaces/srv/_set_pose.py
[20.994s] -- Symlinking: /home/fiend/voice_grab/ros2_ws/install/zed_interfaces/local/lib/python3.10/dist-packages/zed_interfaces/srv/_set_pose_s.c
[21.000s] -- Symlinking: /home/fiend/voice_grab/ros2_ws/install/zed_interfaces/local/lib/python3.10/dist-packages/zed_interfaces/srv/_set_roi.py
[21.007s] -- Symlinking: /home/fiend/voice_grab/ros2_ws/install/zed_interfaces/local/lib/python3.10/dist-packages/zed_interfaces/srv/_set_roi_s.c
[21.013s] -- Symlinking: /home/fiend/voice_grab/ros2_ws/install/zed_interfaces/local/lib/python3.10/dist-packages/zed_interfaces/srv/_start_svo_rec.py
[21.020s] -- Symlinking: /home/fiend/voice_grab/ros2_ws/install/zed_interfaces/local/lib/python3.10/dist-packages/zed_interfaces/srv/_start_svo_rec_s.c
[21.027s] -- Symlinking: /home/fiend/voice_grab/ros2_ws/install/zed_interfaces/local/lib/python3.10/dist-packages/zed_interfaces/zed_interfaces_s__rosidl_typesupport_c.cpython-310-x86_64-linux-gnu.so
[21.033s] -- Symlinking: /home/fiend/voice_grab/ros2_ws/install/zed_interfaces/local/lib/python3.10/dist-packages/zed_interfaces/zed_interfaces_s__rosidl_typesupport_fastrtps_c.cpython-310-x86_64-linux-gnu.so
[21.040s] -- Symlinking: /home/fiend/voice_grab/ros2_ws/install/zed_interfaces/local/lib/python3.10/dist-packages/zed_interfaces/zed_interfaces_s__rosidl_typesupport_introspection_c.cpython-310-x86_64-linux-gnu.so
[21.047s] -- Up-to-date symlink: /home/fiend/voice_grab/ros2_ws/install/zed_interfaces/local/lib/python3.10/dist-packages/zed_interfaces/zed_interfaces_s__rosidl_typesupport_fastrtps_c.cpython-310-x86_64-linux-gnu.so
[21.047s] -- Up-to-date symlink: /home/fiend/voice_grab/ros2_ws/install/zed_interfaces/local/lib/python3.10/dist-packages/zed_interfaces/zed_interfaces_s__rosidl_typesupport_introspection_c.cpython-310-x86_64-linux-gnu.so
[21.047s] -- Up-to-date symlink: /home/fiend/voice_grab/ros2_ws/install/zed_interfaces/local/lib/python3.10/dist-packages/zed_interfaces/zed_interfaces_s__rosidl_typesupport_c.cpython-310-x86_64-linux-gnu.so
[21.047s] -- Symlinking: /home/fiend/voice_grab/ros2_ws/install/zed_interfaces/share/zed_interfaces/msg/Object.idl
[21.054s] -- Symlinking: /home/fiend/voice_grab/ros2_ws/install/zed_interfaces/share/zed_interfaces/msg/ObjectsStamped.idl
[21.061s] -- Symlinking: /home/fiend/voice_grab/ros2_ws/install/zed_interfaces/share/zed_interfaces/msg/Keypoint2Di.idl
[21.068s] -- Symlinking: /home/fiend/voice_grab/ros2_ws/install/zed_interfaces/share/zed_interfaces/msg/Keypoint2Df.idl
[21.075s] -- Symlinking: /home/fiend/voice_grab/ros2_ws/install/zed_interfaces/share/zed_interfaces/msg/Keypoint3D.idl
[21.082s] -- Symlinking: /home/fiend/voice_grab/ros2_ws/install/zed_interfaces/share/zed_interfaces/msg/BoundingBox2Di.idl
[21.089s] -- Symlinking: /home/fiend/voice_grab/ros2_ws/install/zed_interfaces/share/zed_interfaces/msg/BoundingBox2Df.idl
[21.096s] -- Symlinking: /home/fiend/voice_grab/ros2_ws/install/zed_interfaces/share/zed_interfaces/msg/BoundingBox3D.idl
[21.103s] -- Symlinking: /home/fiend/voice_grab/ros2_ws/install/zed_interfaces/share/zed_interfaces/msg/Skeleton2D.idl
[21.110s] -- Symlinking: /home/fiend/voice_grab/ros2_ws/install/zed_interfaces/share/zed_interfaces/msg/Skeleton3D.idl
[21.116s] -- Symlinking: /home/fiend/voice_grab/ros2_ws/install/zed_interfaces/share/zed_interfaces/msg/DepthInfoStamped.idl
[21.123s] -- Symlinking: /home/fiend/voice_grab/ros2_ws/install/zed_interfaces/share/zed_interfaces/msg/PlaneStamped.idl
[21.129s] -- Symlinking: /home/fiend/voice_grab/ros2_ws/install/zed_interfaces/share/zed_interfaces/msg/PosTrackStatus.idl
[21.136s] -- Symlinking: /home/fiend/voice_grab/ros2_ws/install/zed_interfaces/share/zed_interfaces/msg/Heartbeat.idl
[21.143s] -- Symlinking: /home/fiend/voice_grab/ros2_ws/install/zed_interfaces/share/zed_interfaces/srv/SetPose.idl
[21.149s] -- Symlinking: /home/fiend/voice_grab/ros2_ws/install/zed_interfaces/share/zed_interfaces/srv/StartSvoRec.idl
[21.156s] -- Symlinking: /home/fiend/voice_grab/ros2_ws/install/zed_interfaces/share/zed_interfaces/srv/SetROI.idl
[21.163s] -- Symlinking: /home/fiend/voice_grab/ros2_ws/install/zed_interfaces/share/zed_interfaces/msg/Object.msg
[21.170s] -- Symlinking: /home/fiend/voice_grab/ros2_ws/install/zed_interfaces/share/zed_interfaces/msg/ObjectsStamped.msg
[21.178s] -- Symlinking: /home/fiend/voice_grab/ros2_ws/install/zed_interfaces/share/zed_interfaces/msg/Keypoint2Di.msg
[21.185s] -- Symlinking: /home/fiend/voice_grab/ros2_ws/install/zed_interfaces/share/zed_interfaces/msg/Keypoint2Df.msg
[21.192s] -- Symlinking: /home/fiend/voice_grab/ros2_ws/install/zed_interfaces/share/zed_interfaces/msg/Keypoint3D.msg
[21.199s] -- Symlinking: /home/fiend/voice_grab/ros2_ws/install/zed_interfaces/share/zed_interfaces/msg/BoundingBox2Di.msg
[21.206s] -- Symlinking: /home/fiend/voice_grab/ros2_ws/install/zed_interfaces/share/zed_interfaces/msg/BoundingBox2Df.msg
[21.213s] -- Symlinking: /home/fiend/voice_grab/ros2_ws/install/zed_interfaces/share/zed_interfaces/msg/BoundingBox3D.msg
[21.220s] -- Symlinking: /home/fiend/voice_grab/ros2_ws/install/zed_interfaces/share/zed_interfaces/msg/Skeleton2D.msg
[21.226s] -- Symlinking: /home/fiend/voice_grab/ros2_ws/install/zed_interfaces/share/zed_interfaces/msg/Skeleton3D.msg
[21.233s] -- Symlinking: /home/fiend/voice_grab/ros2_ws/install/zed_interfaces/share/zed_interfaces/msg/DepthInfoStamped.msg
[21.240s] -- Symlinking: /home/fiend/voice_grab/ros2_ws/install/zed_interfaces/share/zed_interfaces/msg/PlaneStamped.msg
[21.247s] -- Symlinking: /home/fiend/voice_grab/ros2_ws/install/zed_interfaces/share/zed_interfaces/msg/PosTrackStatus.msg
[21.254s] -- Symlinking: /home/fiend/voice_grab/ros2_ws/install/zed_interfaces/share/zed_interfaces/msg/Heartbeat.msg
[21.261s] -- Symlinking: /home/fiend/voice_grab/ros2_ws/install/zed_interfaces/share/zed_interfaces/srv/SetPose.srv
[21.268s] -- Symlinking: /home/fiend/voice_grab/ros2_ws/install/zed_interfaces/share/zed_interfaces/srv/SetPose_Request.msg
[21.275s] -- Symlinking: /home/fiend/voice_grab/ros2_ws/install/zed_interfaces/share/zed_interfaces/srv/SetPose_Response.msg
[21.282s] -- Symlinking: /home/fiend/voice_grab/ros2_ws/install/zed_interfaces/share/zed_interfaces/srv/StartSvoRec.srv
[21.289s] -- Symlinking: /home/fiend/voice_grab/ros2_ws/install/zed_interfaces/share/zed_interfaces/srv/StartSvoRec_Request.msg
[21.295s] -- Symlinking: /home/fiend/voice_grab/ros2_ws/install/zed_interfaces/share/zed_interfaces/srv/StartSvoRec_Response.msg
[21.302s] -- Symlinking: /home/fiend/voice_grab/ros2_ws/install/zed_interfaces/share/zed_interfaces/srv/SetROI.srv
[21.309s] -- Symlinking: /home/fiend/voice_grab/ros2_ws/install/zed_interfaces/share/zed_interfaces/srv/SetROI_Request.msg
[21.316s] -- Symlinking: /home/fiend/voice_grab/ros2_ws/install/zed_interfaces/share/zed_interfaces/srv/SetROI_Response.msg
[21.323s] -- Symlinking: /home/fiend/voice_grab/ros2_ws/install/zed_interfaces/share/zed_interfaces/meshes/zed.stl
[21.329s] -- Symlinking: /home/fiend/voice_grab/ros2_ws/install/zed_interfaces/share/zed_interfaces/meshes/zed2.stl
[21.336s] -- Symlinking: /home/fiend/voice_grab/ros2_ws/install/zed_interfaces/share/zed_interfaces/meshes/zed2i.stl
[21.342s] -- Symlinking: /home/fiend/voice_grab/ros2_ws/install/zed_interfaces/share/zed_interfaces/meshes/zedm.stl
[21.349s] -- Symlinking: /home/fiend/voice_grab/ros2_ws/install/zed_interfaces/share/zed_interfaces/meshes/zedx.stl
[21.356s] -- Symlinking: /home/fiend/voice_grab/ros2_ws/install/zed_interfaces/share/zed_interfaces/meshes/zedxm.stl
[21.363s] -- Symlinking: /home/fiend/voice_grab/ros2_ws/install/zed_interfaces/share/ament_index/resource_index/package_run_dependencies/zed_interfaces
[21.370s] -- Symlinking: /home/fiend/voice_grab/ros2_ws/install/zed_interfaces/share/ament_index/resource_index/parent_prefix_path/zed_interfaces
[21.377s] -- Symlinking: /home/fiend/voice_grab/ros2_ws/install/zed_interfaces/share/zed_interfaces/environment/ament_prefix_path.sh
[21.384s] -- Symlinking: /home/fiend/voice_grab/ros2_ws/install/zed_interfaces/share/zed_interfaces/environment/ament_prefix_path.dsv
[21.391s] -- Symlinking: /home/fiend/voice_grab/ros2_ws/install/zed_interfaces/share/zed_interfaces/environment/path.sh
[21.398s] -- Symlinking: /home/fiend/voice_grab/ros2_ws/install/zed_interfaces/share/zed_interfaces/environment/path.dsv
[21.404s] -- Symlinking: /home/fiend/voice_grab/ros2_ws/install/zed_interfaces/share/zed_interfaces/local_setup.bash
[21.412s] -- Symlinking: /home/fiend/voice_grab/ros2_ws/install/zed_interfaces/share/zed_interfaces/local_setup.sh
[21.418s] -- Symlinking: /home/fiend/voice_grab/ros2_ws/install/zed_interfaces/share/zed_interfaces/local_setup.zsh
[21.425s] -- Symlinking: /home/fiend/voice_grab/ros2_ws/install/zed_interfaces/share/zed_interfaces/local_setup.dsv
[21.432s] -- Symlinking: /home/fiend/voice_grab/ros2_ws/install/zed_interfaces/share/zed_interfaces/package.dsv
[21.438s] -- Symlinking: /home/fiend/voice_grab/ros2_ws/install/zed_interfaces/share/ament_index/resource_index/packages/zed_interfaces
[21.445s] -- Symlinking: /home/fiend/voice_grab/ros2_ws/install/zed_interfaces/share/zed_interfaces/cmake/rosidl_cmake-extras.cmake
[21.452s] -- Symlinking: /home/fiend/voice_grab/ros2_ws/install/zed_interfaces/share/zed_interfaces/cmake/ament_cmake_export_dependencies-extras.cmake
[21.458s] -- Symlinking: /home/fiend/voice_grab/ros2_ws/install/zed_interfaces/share/zed_interfaces/cmake/ament_cmake_export_include_directories-extras.cmake
[21.465s] -- Symlinking: /home/fiend/voice_grab/ros2_ws/install/zed_interfaces/share/zed_interfaces/cmake/ament_cmake_export_libraries-extras.cmake
[21.472s] -- Symlinking: /home/fiend/voice_grab/ros2_ws/install/zed_interfaces/share/zed_interfaces/cmake/ament_cmake_export_targets-extras.cmake
[21.480s] -- Symlinking: /home/fiend/voice_grab/ros2_ws/install/zed_interfaces/share/zed_interfaces/cmake/rosidl_cmake_export_typesupport_targets-extras.cmake
[21.486s] -- Symlinking: /home/fiend/voice_grab/ros2_ws/install/zed_interfaces/share/zed_interfaces/cmake/rosidl_cmake_export_typesupport_libraries-extras.cmake
[21.493s] -- Symlinking: /home/fiend/voice_grab/ros2_ws/install/zed_interfaces/share/zed_interfaces/cmake/zed_interfacesConfig.cmake
[21.500s] -- Symlinking: /home/fiend/voice_grab/ros2_ws/install/zed_interfaces/share/zed_interfaces/cmake/zed_interfacesConfig-version.cmake
[21.507s] -- Symlinking: /home/fiend/voice_grab/ros2_ws/install/zed_interfaces/share/zed_interfaces/package.xml
[21.513s] -- Installing: /home/fiend/voice_grab/ros2_ws/install/zed_interfaces/lib/libzed_interfaces__rosidl_generator_c.so
[21.514s] -- Set runtime path of "/home/fiend/voice_grab/ros2_ws/install/zed_interfaces/lib/libzed_interfaces__rosidl_generator_c.so" to ""
[21.514s] -- Installing: /home/fiend/voice_grab/ros2_ws/install/zed_interfaces/lib/libzed_interfaces__rosidl_typesupport_fastrtps_c.so
[21.514s] -- Set runtime path of "/home/fiend/voice_grab/ros2_ws/install/zed_interfaces/lib/libzed_interfaces__rosidl_typesupport_fastrtps_c.so" to ""
[21.514s] -- Installing: /home/fiend/voice_grab/ros2_ws/install/zed_interfaces/lib/libzed_interfaces__rosidl_typesupport_fastrtps_cpp.so
[21.515s] -- Set runtime path of "/home/fiend/voice_grab/ros2_ws/install/zed_interfaces/lib/libzed_interfaces__rosidl_typesupport_fastrtps_cpp.so" to ""
[21.515s] -- Installing: /home/fiend/voice_grab/ros2_ws/install/zed_interfaces/lib/libzed_interfaces__rosidl_typesupport_introspection_c.so
[21.515s] -- Set runtime path of "/home/fiend/voice_grab/ros2_ws/install/zed_interfaces/lib/libzed_interfaces__rosidl_typesupport_introspection_c.so" to ""
[21.515s] -- Installing: /home/fiend/voice_grab/ros2_ws/install/zed_interfaces/lib/libzed_interfaces__rosidl_typesupport_c.so
[21.515s] -- Set runtime path of "/home/fiend/voice_grab/ros2_ws/install/zed_interfaces/lib/libzed_interfaces__rosidl_typesupport_c.so" to ""
[21.516s] -- Installing: /home/fiend/voice_grab/ros2_ws/install/zed_interfaces/lib/libzed_interfaces__rosidl_typesupport_introspection_cpp.so
[21.516s] -- Set runtime path of "/home/fiend/voice_grab/ros2_ws/install/zed_interfaces/lib/libzed_interfaces__rosidl_typesupport_introspection_cpp.so" to ""
[21.516s] -- Installing: /home/fiend/voice_grab/ros2_ws/install/zed_interfaces/lib/libzed_interfaces__rosidl_typesupport_cpp.so
[21.516s] -- Set runtime path of "/home/fiend/voice_grab/ros2_ws/install/zed_interfaces/lib/libzed_interfaces__rosidl_typesupport_cpp.so" to ""
[21.560s] Listing '/home/fiend/voice_grab/ros2_ws/install/zed_interfaces/local/lib/python3.10/dist-packages/zed_interfaces'...
[21.560s] Compiling '/home/fiend/voice_grab/ros2_ws/install/zed_interfaces/local/lib/python3.10/dist-packages/zed_interfaces/__init__.py'...
[21.560s] Listing '/home/fiend/voice_grab/ros2_ws/install/zed_interfaces/local/lib/python3.10/dist-packages/zed_interfaces/msg'...
[21.561s] Compiling '/home/fiend/voice_grab/ros2_ws/install/zed_interfaces/local/lib/python3.10/dist-packages/zed_interfaces/msg/__init__.py'...
[21.561s] Compiling '/home/fiend/voice_grab/ros2_ws/install/zed_interfaces/local/lib/python3.10/dist-packages/zed_interfaces/msg/_bounding_box2_df.py'...
[21.561s] Compiling '/home/fiend/voice_grab/ros2_ws/install/zed_interfaces/local/lib/python3.10/dist-packages/zed_interfaces/msg/_bounding_box2_di.py'...
[21.561s] Compiling '/home/fiend/voice_grab/ros2_ws/install/zed_interfaces/local/lib/python3.10/dist-packages/zed_interfaces/msg/_bounding_box3_d.py'...
[21.561s] Compiling '/home/fiend/voice_grab/ros2_ws/install/zed_interfaces/local/lib/python3.10/dist-packages/zed_interfaces/msg/_depth_info_stamped.py'...
[21.561s] Compiling '/home/fiend/voice_grab/ros2_ws/install/zed_interfaces/local/lib/python3.10/dist-packages/zed_interfaces/msg/_heartbeat.py'...
[21.561s] Compiling '/home/fiend/voice_grab/ros2_ws/install/zed_interfaces/local/lib/python3.10/dist-packages/zed_interfaces/msg/_keypoint2_df.py'...
[21.561s] Compiling '/home/fiend/voice_grab/ros2_ws/install/zed_interfaces/local/lib/python3.10/dist-packages/zed_interfaces/msg/_keypoint2_di.py'...
[21.561s] Compiling '/home/fiend/voice_grab/ros2_ws/install/zed_interfaces/local/lib/python3.10/dist-packages/zed_interfaces/msg/_keypoint3_d.py'...
[21.561s] Compiling '/home/fiend/voice_grab/ros2_ws/install/zed_interfaces/local/lib/python3.10/dist-packages/zed_interfaces/msg/_object.py'...
[21.561s] Compiling '/home/fiend/voice_grab/ros2_ws/install/zed_interfaces/local/lib/python3.10/dist-packages/zed_interfaces/msg/_objects_stamped.py'...
[21.561s] Compiling '/home/fiend/voice_grab/ros2_ws/install/zed_interfaces/local/lib/python3.10/dist-packages/zed_interfaces/msg/_plane_stamped.py'...
[21.561s] Compiling '/home/fiend/voice_grab/ros2_ws/install/zed_interfaces/local/lib/python3.10/dist-packages/zed_interfaces/msg/_pos_track_status.py'...
[21.561s] Compiling '/home/fiend/voice_grab/ros2_ws/install/zed_interfaces/local/lib/python3.10/dist-packages/zed_interfaces/msg/_skeleton2_d.py'...
[21.561s] Compiling '/home/fiend/voice_grab/ros2_ws/install/zed_interfaces/local/lib/python3.10/dist-packages/zed_interfaces/msg/_skeleton3_d.py'...
[21.561s] Listing '/home/fiend/voice_grab/ros2_ws/install/zed_interfaces/local/lib/python3.10/dist-packages/zed_interfaces/srv'...
[21.561s] Compiling '/home/fiend/voice_grab/ros2_ws/install/zed_interfaces/local/lib/python3.10/dist-packages/zed_interfaces/srv/__init__.py'...
[21.561s] Compiling '/home/fiend/voice_grab/ros2_ws/install/zed_interfaces/local/lib/python3.10/dist-packages/zed_interfaces/srv/_set_pose.py'...
[21.561s] Compiling '/home/fiend/voice_grab/ros2_ws/install/zed_interfaces/local/lib/python3.10/dist-packages/zed_interfaces/srv/_set_roi.py'...
[21.561s] Compiling '/home/fiend/voice_grab/ros2_ws/install/zed_interfaces/local/lib/python3.10/dist-packages/zed_interfaces/srv/_start_svo_rec.py'...
[21.564s] -- Installing: /home/fiend/voice_grab/ros2_ws/install/zed_interfaces/lib/libzed_interfaces__rosidl_generator_py.so
[21.565s] -- Set runtime path of "/home/fiend/voice_grab/ros2_ws/install/zed_interfaces/lib/libzed_interfaces__rosidl_generator_py.so" to ""
[21.565s] -- Installing: /home/fiend/voice_grab/ros2_ws/install/zed_interfaces/share/zed_interfaces/cmake/export_zed_interfaces__rosidl_generator_cExport.cmake
[21.565s] -- Installing: /home/fiend/voice_grab/ros2_ws/install/zed_interfaces/share/zed_interfaces/cmake/export_zed_interfaces__rosidl_generator_cExport-release.cmake
[21.565s] -- Installing: /home/fiend/voice_grab/ros2_ws/install/zed_interfaces/share/zed_interfaces/cmake/export_zed_interfaces__rosidl_typesupport_fastrtps_cExport.cmake
[21.565s] -- Installing: /home/fiend/voice_grab/ros2_ws/install/zed_interfaces/share/zed_interfaces/cmake/export_zed_interfaces__rosidl_typesupport_fastrtps_cExport-release.cmake
[21.565s] -- Installing: /home/fiend/voice_grab/ros2_ws/install/zed_interfaces/share/zed_interfaces/cmake/export_zed_interfaces__rosidl_generator_cppExport.cmake
[21.565s] -- Installing: /home/fiend/voice_grab/ros2_ws/install/zed_interfaces/share/zed_interfaces/cmake/export_zed_interfaces__rosidl_typesupport_fastrtps_cppExport.cmake
[21.565s] -- Installing: /home/fiend/voice_grab/ros2_ws/install/zed_interfaces/share/zed_interfaces/cmake/export_zed_interfaces__rosidl_typesupport_fastrtps_cppExport-release.cmake
[21.566s] -- Installing: /home/fiend/voice_grab/ros2_ws/install/zed_interfaces/share/zed_interfaces/cmake/zed_interfaces__rosidl_typesupport_introspection_cExport.cmake
[21.566s] -- Installing: /home/fiend/voice_grab/ros2_ws/install/zed_interfaces/share/zed_interfaces/cmake/zed_interfaces__rosidl_typesupport_introspection_cExport-release.cmake
[21.566s] -- Installing: /home/fiend/voice_grab/ros2_ws/install/zed_interfaces/share/zed_interfaces/cmake/zed_interfaces__rosidl_typesupport_cExport.cmake
[21.566s] -- Installing: /home/fiend/voice_grab/ros2_ws/install/zed_interfaces/share/zed_interfaces/cmake/zed_interfaces__rosidl_typesupport_cExport-release.cmake
[21.566s] -- Installing: /home/fiend/voice_grab/ros2_ws/install/zed_interfaces/share/zed_interfaces/cmake/zed_interfaces__rosidl_typesupport_introspection_cppExport.cmake
[21.566s] -- Installing: /home/fiend/voice_grab/ros2_ws/install/zed_interfaces/share/zed_interfaces/cmake/zed_interfaces__rosidl_typesupport_introspection_cppExport-release.cmake
[21.566s] -- Installing: /home/fiend/voice_grab/ros2_ws/install/zed_interfaces/share/zed_interfaces/cmake/zed_interfaces__rosidl_typesupport_cppExport.cmake
[21.566s] -- Installing: /home/fiend/voice_grab/ros2_ws/install/zed_interfaces/share/zed_interfaces/cmake/zed_interfaces__rosidl_typesupport_cppExport-release.cmake
[21.566s] -- Installing: /home/fiend/voice_grab/ros2_ws/install/zed_interfaces/share/zed_interfaces/cmake/export_zed_interfaces__rosidl_generator_pyExport.cmake
[21.567s] -- Installing: /home/fiend/voice_grab/ros2_ws/install/zed_interfaces/share/zed_interfaces/cmake/export_zed_interfaces__rosidl_generator_pyExport-release.cmake
[21.569s] Invoked command in '/home/fiend/voice_grab/ros2_ws/build/zed_interfaces' returned '0': CMAKE_PREFIX_PATH=${CMAKE_PREFIX_PATH}:/opt/ros/humble PS1=
\[[38;5;156m\]\[[0m\]\[[38;5;166m\]ros2_ws\[[0m\]\[[38;5;166m\]\[[0m\] on \[[38;5;162m\] \[[0m\]\[[38;5;162m\]master\[[0m\] underwent \[[36m\]1s\[[0m\]
\[[1;38;5;166m\]➜\[[0m\] /usr/bin/cmake --install /home/fiend/voice_grab/ros2_ws/build/zed_interfaces
