[0.051s] Invoking command in '/home/fiend/voice_grab/ros2_ws/build/robotiq_2f_c2_gripper_visualization': /usr/bin/cmake /home/fiend/voice_grab/ros2_ws/src/robotiq/robotiq_2f_c2_gripper_visualization -DCATKIN_INSTALL_INTO_PREFIX_ROOT=0 -DCATKIN_SYMLINK_INSTALL=ON -DCMAKE_INSTALL_PREFIX=/home/fiend/voice_grab/ros2_ws/install/robotiq_2f_c2_gripper_visualization
[0.073s] [0mCMake Deprecation Warning at CMakeLists.txt:1 (cmake_minimum_required):
[0.074s]   Compatibility with CMake < 2.8.12 will be removed from a future version of
[0.074s]   CMake.
[0.074s] 
[0.074s]   Update the VERSION argument <min> value or use a ...<max> suffix to tell
[0.074s]   CMake that the project does not need compatibility with older versions.
[0.074s] 
[0.074s] [0m
[0.126s] -- The C compiler identification is GNU 11.4.0
[0.200s] -- The CXX compiler identification is GNU 11.4.0
[0.207s] -- Detecting C compiler ABI info
[0.305s] -- Detecting C compiler ABI info - done
[0.317s] -- Check for working C compiler: /usr/bin/cc - skipped
[0.317s] -- Detecting C compile features
[0.317s] -- Detecting C compile features - done
[0.322s] -- Detecting CXX compiler ABI info
[0.430s] -- Detecting CXX compiler ABI info - done
[0.440s] -- Check for working CXX compiler: /usr/bin/c++ - skipped
[0.440s] -- Detecting CXX compile features
[0.440s] -- Detecting CXX compile features - done
[0.463s] [31mCMake Error at CMakeLists.txt:4 (find_package):
[0.463s]   By not providing "Findcatkin.cmake" in CMAKE_MODULE_PATH this project has
[0.463s]   asked CMake to find a package configuration file provided by "catkin", but
[0.463s]   CMake did not find one.
[0.464s] 
[0.464s]   Could not find a package configuration file provided by "catkin" with any
[0.465s]   of the following names:
[0.465s] 
[0.465s]     catkinConfig.cmake
[0.465s]     catkin-config.cmake
[0.465s] 
[0.465s]   Add the installation prefix of "catkin" to CMAKE_PREFIX_PATH or set
[0.465s]   "catkin_DIR" to a directory containing one of the above files.  If "catkin"
[0.465s]   provides a separate development package or SDK, be sure it has been
[0.465s]   installed.
[0.466s] 
[0.466s] [0m
[0.467s] -- Configuring incomplete, errors occurred!
[0.467s] See also "/home/fiend/voice_grab/ros2_ws/build/robotiq_2f_c2_gripper_visualization/CMakeFiles/CMakeOutput.log".
[0.480s] Invoked command in '/home/fiend/voice_grab/ros2_ws/build/robotiq_2f_c2_gripper_visualization' returned '1': /usr/bin/cmake /home/fiend/voice_grab/ros2_ws/src/robotiq/robotiq_2f_c2_gripper_visualization -DCATKIN_INSTALL_INTO_PREFIX_ROOT=0 -DCATKIN_SYMLINK_INSTALL=ON -DCMAKE_INSTALL_PREFIX=/home/fiend/voice_grab/ros2_ws/install/robotiq_2f_c2_gripper_visualization
