[0.019s] Invoking command in '/home/fiend/voice_grab/ros2_ws/build/ur_moveit_config': CMAKE_PREFIX_PATH=${CMAKE_PREFIX_PATH}:/home/fiend/ws_moveit2/install/moveit_configs_utils:/home/fiend/ws_moveit2/install/launch_param_builder:/opt/ros/humble /usr/bin/cmake /home/fiend/voice_grab/ros2_ws/src/ur_moveit_config -DAMENT_CMAKE_SYMLINK_INSTALL=1 -DCMAKE_INSTALL_PREFIX=/home/fiend/voice_grab/ros2_ws/install/ur_moveit_config
[0.077s] -- The C compiler identification is GNU 11.4.0
[0.129s] -- The CXX compiler identification is GNU 11.4.0
[0.136s] -- Detecting C compiler ABI info
[0.208s] -- Detecting C compiler ABI info - done
[0.214s] -- Check for working C compiler: /usr/bin/cc - skipped
[0.214s] -- Detecting C compile features
[0.215s] -- Detecting C compile features - done
[0.217s] -- Detecting CXX compiler ABI info
[0.299s] -- Detecting CXX compiler ABI info - done
[0.306s] -- Check for working CXX compiler: /usr/bin/c++ - skipped
[0.306s] -- Detecting CXX compile features
[0.306s] -- Detecting CXX compile features - done
[0.312s] -- Found ament_cmake: 1.3.9 (/opt/ros/humble/share/ament_cmake/cmake)
[0.453s] -- Found Python3: /usr/bin/python3 (found version "3.10.12") found components: Interpreter 
[0.506s] -- Override CMake install command with custom implementation using symlinks instead of copying resources
[0.628s] -- Configuring done
[0.630s] -- Generating done
[0.630s] -- Build files have been written to: /home/fiend/voice_grab/ros2_ws/build/ur_moveit_config
[0.635s] Invoked command in '/home/fiend/voice_grab/ros2_ws/build/ur_moveit_config' returned '0': CMAKE_PREFIX_PATH=${CMAKE_PREFIX_PATH}:/home/fiend/ws_moveit2/install/moveit_configs_utils:/home/fiend/ws_moveit2/install/launch_param_builder:/opt/ros/humble /usr/bin/cmake /home/fiend/voice_grab/ros2_ws/src/ur_moveit_config -DAMENT_CMAKE_SYMLINK_INSTALL=1 -DCMAKE_INSTALL_PREFIX=/home/fiend/voice_grab/ros2_ws/install/ur_moveit_config
[0.637s] Invoking command in '/home/fiend/voice_grab/ros2_ws/build/ur_moveit_config': CMAKE_PREFIX_PATH=${CMAKE_PREFIX_PATH}:/home/fiend/ws_moveit2/install/moveit_configs_utils:/home/fiend/ws_moveit2/install/launch_param_builder:/opt/ros/humble /usr/bin/cmake --build /home/fiend/voice_grab/ros2_ws/build/ur_moveit_config -- -j20 -l20
[0.685s] Invoked command in '/home/fiend/voice_grab/ros2_ws/build/ur_moveit_config' returned '0': CMAKE_PREFIX_PATH=${CMAKE_PREFIX_PATH}:/home/fiend/ws_moveit2/install/moveit_configs_utils:/home/fiend/ws_moveit2/install/launch_param_builder:/opt/ros/humble /usr/bin/cmake --build /home/fiend/voice_grab/ros2_ws/build/ur_moveit_config -- -j20 -l20
[0.734s] Invoking command in '/home/fiend/voice_grab/ros2_ws/build/ur_moveit_config': CMAKE_PREFIX_PATH=${CMAKE_PREFIX_PATH}:/home/fiend/ws_moveit2/install/moveit_configs_utils:/home/fiend/ws_moveit2/install/launch_param_builder:/opt/ros/humble /usr/bin/cmake --install /home/fiend/voice_grab/ros2_ws/build/ur_moveit_config
[0.742s] -- Install configuration: ""
[0.742s] -- Execute custom install script
[0.742s] -- Symlinking: /home/fiend/voice_grab/ros2_ws/install/ur_moveit_config/share/ament_index/resource_index/package_run_dependencies/ur_moveit_config
[0.752s] -- Symlinking: /home/fiend/voice_grab/ros2_ws/install/ur_moveit_config/share/ament_index/resource_index/parent_prefix_path/ur_moveit_config
[0.762s] -- Symlinking: /home/fiend/voice_grab/ros2_ws/install/ur_moveit_config/share/ur_moveit_config/environment/ament_prefix_path.sh
[0.772s] -- Symlinking: /home/fiend/voice_grab/ros2_ws/install/ur_moveit_config/share/ur_moveit_config/environment/ament_prefix_path.dsv
[0.781s] -- Symlinking: /home/fiend/voice_grab/ros2_ws/install/ur_moveit_config/share/ur_moveit_config/environment/path.sh
[0.791s] -- Symlinking: /home/fiend/voice_grab/ros2_ws/install/ur_moveit_config/share/ur_moveit_config/environment/path.dsv
[0.800s] -- Symlinking: /home/fiend/voice_grab/ros2_ws/install/ur_moveit_config/share/ur_moveit_config/local_setup.bash
[0.810s] -- Symlinking: /home/fiend/voice_grab/ros2_ws/install/ur_moveit_config/share/ur_moveit_config/local_setup.sh
[0.819s] -- Symlinking: /home/fiend/voice_grab/ros2_ws/install/ur_moveit_config/share/ur_moveit_config/local_setup.zsh
[0.829s] -- Symlinking: /home/fiend/voice_grab/ros2_ws/install/ur_moveit_config/share/ur_moveit_config/local_setup.dsv
[0.838s] -- Symlinking: /home/fiend/voice_grab/ros2_ws/install/ur_moveit_config/share/ur_moveit_config/package.dsv
[0.847s] -- Symlinking: /home/fiend/voice_grab/ros2_ws/install/ur_moveit_config/share/ament_index/resource_index/packages/ur_moveit_config
[0.856s] -- Symlinking: /home/fiend/voice_grab/ros2_ws/install/ur_moveit_config/share/ur_moveit_config/cmake/ur_moveit_configConfig.cmake
[0.866s] -- Symlinking: /home/fiend/voice_grab/ros2_ws/install/ur_moveit_config/share/ur_moveit_config/cmake/ur_moveit_configConfig-version.cmake
[0.876s] -- Symlinking: /home/fiend/voice_grab/ros2_ws/install/ur_moveit_config/share/ur_moveit_config/package.xml
[0.887s] -- Symlinking: /home/fiend/voice_grab/ros2_ws/install/ur_moveit_config/share/ur_moveit_config/launch/move_group.launch.py
[0.898s] -- Symlinking: /home/fiend/voice_grab/ros2_ws/install/ur_moveit_config/share/ur_moveit_config/config/initial_positions.yaml
[0.908s] -- Symlinking: /home/fiend/voice_grab/ros2_ws/install/ur_moveit_config/share/ur_moveit_config/config/joint_limits.yaml
[0.919s] -- Symlinking: /home/fiend/voice_grab/ros2_ws/install/ur_moveit_config/share/ur_moveit_config/config/kinematics.yaml
[0.930s] -- Symlinking: /home/fiend/voice_grab/ros2_ws/install/ur_moveit_config/share/ur_moveit_config/config/moveit.rviz
[0.940s] -- Symlinking: /home/fiend/voice_grab/ros2_ws/install/ur_moveit_config/share/ur_moveit_config/config/moveit_controllers.yaml
[0.950s] -- Symlinking: /home/fiend/voice_grab/ros2_ws/install/ur_moveit_config/share/ur_moveit_config/config/pilz_cartesian_limits.yaml
[0.959s] -- Symlinking: /home/fiend/voice_grab/ros2_ws/install/ur_moveit_config/share/ur_moveit_config/config/ros2_controllers.yaml
[0.969s] -- Symlinking: /home/fiend/voice_grab/ros2_ws/install/ur_moveit_config/share/ur_moveit_config/config/sensors_3d.yaml
[0.981s] -- Symlinking: /home/fiend/voice_grab/ros2_ws/install/ur_moveit_config/share/ur_moveit_config/config/ur.gazebo_control.xacro
[0.991s] -- Symlinking: /home/fiend/voice_grab/ros2_ws/install/ur_moveit_config/share/ur_moveit_config/config/ur.srdf
[1.008s] -- Symlinking: /home/fiend/voice_grab/ros2_ws/install/ur_moveit_config/share/ur_moveit_config/config/ur.urdf.xacro
[1.018s] -- Symlinking: /home/fiend/voice_grab/ros2_ws/install/ur_moveit_config/share/ur_moveit_config/config/ur5.urdf
[1.028s] -- Symlinking: /home/fiend/voice_grab/ros2_ws/install/ur_moveit_config/share/ur_moveit_config/.setup_assistant
[1.040s] Invoked command in '/home/fiend/voice_grab/ros2_ws/build/ur_moveit_config' returned '0': CMAKE_PREFIX_PATH=${CMAKE_PREFIX_PATH}:/home/fiend/ws_moveit2/install/moveit_configs_utils:/home/fiend/ws_moveit2/install/launch_param_builder:/opt/ros/humble /usr/bin/cmake --install /home/fiend/voice_grab/ros2_ws/build/ur_moveit_config
