[0.011s] Invoking command in '/home/fiend/voice_grab/ros2_ws/build/zed_ros2': CMAKE_PREFIX_PATH=/home/fiend/voice_grab/ros2_ws/install/zed_wrapper:/home/fiend/voice_grab/ros2_ws/install/zed_components:/home/fiend/voice_grab/ros2_ws/install/zed_interfaces:/home/fiend/voice_grab/ros2_ws/install/zed_ros2:/home/fiend/Navigation_Bot/dev_ws/install/navigation_bot:/home/fiend/voice_grab/ros2_ws/install/voice_grabber:/home/fiend/voice_grab/ros2_ws/install/ur_robotiq:/home/fiend/voice_grab/ros2_ws/install/ur_robotiq_description:/home/fiend/LineFollowingRobot/ros_ws/install/line_bhakt:/home/fiend/ROS/practice_codes_ROS2/articubot_one/install/articubot_one:/opt/ros/humble PS1=
\[[38;5;156m\]\[[0m\]\[[38;5;166m\]ros2_ws\[[0m\]\[[38;5;166m\]\[[0m\] on \[[38;5;162m\] \[[0m\]\[[38;5;162m\]master\[[0m\]
\[[1;38;5;166m\]➜\[[0m\] /usr/bin/cmake /home/fiend/voice_grab/ros2_ws/src/zed-ros2-wrapper/zed_ros2 -DAMENT_CMAKE_SYMLINK_INSTALL=1 -DCMAKE_INSTALL_PREFIX=/home/fiend/voice_grab/ros2_ws/install/zed_ros2
[0.018s] -- Found ament_cmake_auto: 1.3.8 (/opt/ros/humble/share/ament_cmake_auto/cmake)
[0.117s] -- Override CMake install command with custom implementation using symlinks instead of copying resources
[0.175s] -- Found ament_lint_auto: 0.12.10 (/opt/ros/humble/share/ament_lint_auto/cmake)
[0.181s] -- Added test 'copyright' to check source files copyright and LICENSE
[0.182s] -- Added test 'lint_cmake' to check CMake code style
[0.182s] -- Added test 'xmllint' to check XML markup files
[0.183s] -- Configuring done
[0.187s] -- Generating done
[0.188s] -- Build files have been written to: /home/fiend/voice_grab/ros2_ws/build/zed_ros2
[0.190s] Invoked command in '/home/fiend/voice_grab/ros2_ws/build/zed_ros2' returned '0': CMAKE_PREFIX_PATH=/home/fiend/voice_grab/ros2_ws/install/zed_wrapper:/home/fiend/voice_grab/ros2_ws/install/zed_components:/home/fiend/voice_grab/ros2_ws/install/zed_interfaces:/home/fiend/voice_grab/ros2_ws/install/zed_ros2:/home/fiend/Navigation_Bot/dev_ws/install/navigation_bot:/home/fiend/voice_grab/ros2_ws/install/voice_grabber:/home/fiend/voice_grab/ros2_ws/install/ur_robotiq:/home/fiend/voice_grab/ros2_ws/install/ur_robotiq_description:/home/fiend/LineFollowingRobot/ros_ws/install/line_bhakt:/home/fiend/ROS/practice_codes_ROS2/articubot_one/install/articubot_one:/opt/ros/humble PS1=
\[[38;5;156m\]\[[0m\]\[[38;5;166m\]ros2_ws\[[0m\]\[[38;5;166m\]\[[0m\] on \[[38;5;162m\] \[[0m\]\[[38;5;162m\]master\[[0m\]
\[[1;38;5;166m\]➜\[[0m\] /usr/bin/cmake /home/fiend/voice_grab/ros2_ws/src/zed-ros2-wrapper/zed_ros2 -DAMENT_CMAKE_SYMLINK_INSTALL=1 -DCMAKE_INSTALL_PREFIX=/home/fiend/voice_grab/ros2_ws/install/zed_ros2
[0.191s] Invoking command in '/home/fiend/voice_grab/ros2_ws/build/zed_ros2': CMAKE_PREFIX_PATH=/home/fiend/voice_grab/ros2_ws/install/zed_wrapper:/home/fiend/voice_grab/ros2_ws/install/zed_components:/home/fiend/voice_grab/ros2_ws/install/zed_interfaces:/home/fiend/voice_grab/ros2_ws/install/zed_ros2:/home/fiend/Navigation_Bot/dev_ws/install/navigation_bot:/home/fiend/voice_grab/ros2_ws/install/voice_grabber:/home/fiend/voice_grab/ros2_ws/install/ur_robotiq:/home/fiend/voice_grab/ros2_ws/install/ur_robotiq_description:/home/fiend/LineFollowingRobot/ros_ws/install/line_bhakt:/home/fiend/ROS/practice_codes_ROS2/articubot_one/install/articubot_one:/opt/ros/humble PS1=
\[[38;5;156m\]\[[0m\]\[[38;5;166m\]ros2_ws\[[0m\]\[[38;5;166m\]\[[0m\] on \[[38;5;162m\] \[[0m\]\[[38;5;162m\]master\[[0m\]
\[[1;38;5;166m\]➜\[[0m\] /usr/bin/cmake --build /home/fiend/voice_grab/ros2_ws/build/zed_ros2 -- -j8 -l8
[0.220s] Invoked command in '/home/fiend/voice_grab/ros2_ws/build/zed_ros2' returned '0': CMAKE_PREFIX_PATH=/home/fiend/voice_grab/ros2_ws/install/zed_wrapper:/home/fiend/voice_grab/ros2_ws/install/zed_components:/home/fiend/voice_grab/ros2_ws/install/zed_interfaces:/home/fiend/voice_grab/ros2_ws/install/zed_ros2:/home/fiend/Navigation_Bot/dev_ws/install/navigation_bot:/home/fiend/voice_grab/ros2_ws/install/voice_grabber:/home/fiend/voice_grab/ros2_ws/install/ur_robotiq:/home/fiend/voice_grab/ros2_ws/install/ur_robotiq_description:/home/fiend/LineFollowingRobot/ros_ws/install/line_bhakt:/home/fiend/ROS/practice_codes_ROS2/articubot_one/install/articubot_one:/opt/ros/humble PS1=
\[[38;5;156m\]\[[0m\]\[[38;5;166m\]ros2_ws\[[0m\]\[[38;5;166m\]\[[0m\] on \[[38;5;162m\] \[[0m\]\[[38;5;162m\]master\[[0m\]
\[[1;38;5;166m\]➜\[[0m\] /usr/bin/cmake --build /home/fiend/voice_grab/ros2_ws/build/zed_ros2 -- -j8 -l8
[0.236s] Invoking command in '/home/fiend/voice_grab/ros2_ws/build/zed_ros2': CMAKE_PREFIX_PATH=/home/fiend/voice_grab/ros2_ws/install/zed_wrapper:/home/fiend/voice_grab/ros2_ws/install/zed_components:/home/fiend/voice_grab/ros2_ws/install/zed_interfaces:/home/fiend/voice_grab/ros2_ws/install/zed_ros2:/home/fiend/Navigation_Bot/dev_ws/install/navigation_bot:/home/fiend/voice_grab/ros2_ws/install/voice_grabber:/home/fiend/voice_grab/ros2_ws/install/ur_robotiq:/home/fiend/voice_grab/ros2_ws/install/ur_robotiq_description:/home/fiend/LineFollowingRobot/ros_ws/install/line_bhakt:/home/fiend/ROS/practice_codes_ROS2/articubot_one/install/articubot_one:/opt/ros/humble PS1=
\[[38;5;156m\]\[[0m\]\[[38;5;166m\]ros2_ws\[[0m\]\[[38;5;166m\]\[[0m\] on \[[38;5;162m\] \[[0m\]\[[38;5;162m\]master\[[0m\]
\[[1;38;5;166m\]➜\[[0m\] /usr/bin/cmake --install /home/fiend/voice_grab/ros2_ws/build/zed_ros2
[0.243s] -- Install configuration: "Release"
[0.243s] -- Execute custom install script
[0.243s] -- Up-to-date symlink: /home/fiend/voice_grab/ros2_ws/install/zed_ros2/share/ament_index/resource_index/package_run_dependencies/zed_ros2
[0.245s] -- Up-to-date symlink: /home/fiend/voice_grab/ros2_ws/install/zed_ros2/share/ament_index/resource_index/parent_prefix_path/zed_ros2
[0.245s] -- Up-to-date symlink: /home/fiend/voice_grab/ros2_ws/install/zed_ros2/share/zed_ros2/environment/ament_prefix_path.sh
[0.245s] -- Up-to-date symlink: /home/fiend/voice_grab/ros2_ws/install/zed_ros2/share/zed_ros2/environment/ament_prefix_path.dsv
[0.246s] -- Up-to-date symlink: /home/fiend/voice_grab/ros2_ws/install/zed_ros2/share/zed_ros2/environment/path.sh
[0.246s] -- Up-to-date symlink: /home/fiend/voice_grab/ros2_ws/install/zed_ros2/share/zed_ros2/environment/path.dsv
[0.246s] -- Up-to-date symlink: /home/fiend/voice_grab/ros2_ws/install/zed_ros2/share/zed_ros2/local_setup.bash
[0.247s] -- Up-to-date symlink: /home/fiend/voice_grab/ros2_ws/install/zed_ros2/share/zed_ros2/local_setup.sh
[0.247s] -- Up-to-date symlink: /home/fiend/voice_grab/ros2_ws/install/zed_ros2/share/zed_ros2/local_setup.zsh
[0.247s] -- Up-to-date symlink: /home/fiend/voice_grab/ros2_ws/install/zed_ros2/share/zed_ros2/local_setup.dsv
[0.247s] -- Symlinking: /home/fiend/voice_grab/ros2_ws/install/zed_ros2/share/zed_ros2/package.dsv
[0.254s] -- Up-to-date symlink: /home/fiend/voice_grab/ros2_ws/install/zed_ros2/share/ament_index/resource_index/packages/zed_ros2
[0.255s] -- Up-to-date symlink: /home/fiend/voice_grab/ros2_ws/install/zed_ros2/share/zed_ros2/cmake/zed_ros2Config.cmake
[0.255s] -- Up-to-date symlink: /home/fiend/voice_grab/ros2_ws/install/zed_ros2/share/zed_ros2/cmake/zed_ros2Config-version.cmake
[0.255s] -- Up-to-date symlink: /home/fiend/voice_grab/ros2_ws/install/zed_ros2/share/zed_ros2/package.xml
[0.257s] Invoked command in '/home/fiend/voice_grab/ros2_ws/build/zed_ros2' returned '0': CMAKE_PREFIX_PATH=/home/fiend/voice_grab/ros2_ws/install/zed_wrapper:/home/fiend/voice_grab/ros2_ws/install/zed_components:/home/fiend/voice_grab/ros2_ws/install/zed_interfaces:/home/fiend/voice_grab/ros2_ws/install/zed_ros2:/home/fiend/Navigation_Bot/dev_ws/install/navigation_bot:/home/fiend/voice_grab/ros2_ws/install/voice_grabber:/home/fiend/voice_grab/ros2_ws/install/ur_robotiq:/home/fiend/voice_grab/ros2_ws/install/ur_robotiq_description:/home/fiend/LineFollowingRobot/ros_ws/install/line_bhakt:/home/fiend/ROS/practice_codes_ROS2/articubot_one/install/articubot_one:/opt/ros/humble PS1=
\[[38;5;156m\]\[[0m\]\[[38;5;166m\]ros2_ws\[[0m\]\[[38;5;166m\]\[[0m\] on \[[38;5;162m\] \[[0m\]\[[38;5;162m\]master\[[0m\]
\[[1;38;5;166m\]➜\[[0m\] /usr/bin/cmake --install /home/fiend/voice_grab/ros2_ws/build/zed_ros2
