-- The C compiler identification is GNU 11.4.0
-- The CXX compiler identification is GNU 11.4.0
-- Detecting C compiler ABI info
-- Detecting C compiler ABI info - done
-- Check for working C compiler: /usr/bin/cc - skipped
-- Detecting C compile features
-- Detecting C compile features - done
-- Detecting CXX compiler ABI info
-- Detecting CXX compiler ABI info - done
-- Check for working CXX compiler: /usr/bin/c++ - skipped
-- Detecting CXX compile features
-- Detecting CXX compile features - done
-- Found ament_cmake: 1.3.9 (/opt/ros/humble/share/ament_cmake/cmake)
-- Found Python3: /usr/bin/python3 (found version "3.10.12") found components: Interpreter 
-- Override CMake install command with custom implementation using symlinks instead of copying resources
-- Found rclpy: 3.3.13 (/opt/ros/humble/share/rclpy/cmake)
-- Found moveit_task_constructor_core: 0.1.3 (/home/fiend/ws_moveit2/install/moveit_task_constructor_core/share/moveit_task_constructor_core/cmake)
-- Found rosidl_generator_c: 3.1.5 (/opt/ros/humble/share/rosidl_generator_c/cmake)
-- Found rosidl_adapter: 3.1.5 (/opt/ros/humble/share/rosidl_adapter/cmake)
-- Found rosidl_generator_cpp: 3.1.5 (/opt/ros/humble/share/rosidl_generator_cpp/cmake)
-- Using all available rosidl_typesupport_c: rosidl_typesupport_fastrtps_c;rosidl_typesupport_introspection_c
-- Using all available rosidl_typesupport_cpp: rosidl_typesupport_fastrtps_cpp;rosidl_typesupport_introspection_cpp
-- Found Boost: /usr/lib/x86_64-linux-gnu/cmake/Boost-1.74.0/BoostConfig.cmake (found version "1.74.0") found components: chrono date_time filesystem iostreams program_options regex serialization system thread 
-- Found parameter_traits: 0.3.8 (/opt/ros/humble/share/parameter_traits/cmake)
-- Found rmw_implementation_cmake: 6.1.2 (/opt/ros/humble/share/rmw_implementation_cmake/cmake)
-- Found rmw_fastrtps_cpp: 6.2.6 (/opt/ros/humble/share/rmw_fastrtps_cpp/cmake)
-- Found OpenSSL: /usr/lib/x86_64-linux-gnu/libcrypto.so (found version "3.0.2")  
-- Found FastRTPS: /opt/ros/humble/include  
-- Using RMW implementation 'rmw_fastrtps_cpp' as default
-- Found Threads: TRUE  
-- Found Eigen3: TRUE (found version "3.4.0") 
-- Found rclcpp_lifecycle: 16.0.9 (/opt/ros/humble/share/rclcpp_lifecycle/cmake)
-- Found Boost: /usr/lib/x86_64-linux-gnu/cmake/Boost-1.74.0/BoostConfig.cmake (found version "1.74.0") found components: filesystem 
-- library: /usr/lib/x86_64-linux-gnu/libcurl.so
-- Ensuring Eigen3 include directory is part of orocos-kdl CMake target
-- Found Boost: /usr/lib/x86_64-linux-gnu/cmake/Boost-1.74.0/BoostConfig.cmake (found version "1.74.0") found components: system filesystem date_time program_options thread chrono 
-- Found Boost: /usr/lib/x86_64-linux-gnu/cmake/Boost-1.74.0/BoostConfig.cmake (found version "1.74.0") found components: date_time filesystem program_options system thread 
-- Found Boost: /usr/lib/x86_64-linux-gnu/cmake/Boost-1.74.0/BoostConfig.cmake (found version "1.74.0") found components: thread system filesystem regex date_time program_options 
-- Found Boost: /usr/lib/x86_64-linux-gnu/cmake/Boost-1.74.0/BoostConfig.cmake (found version "1.74.0") found components: system filesystem date_time program_options thread 
-- Found PythonInterp: /usr/bin/python3.10 (found version "3.10.12") 
-- Configuring done
-- Generating done
-- Build files have been written to: /home/fiend/voice_grab/ros2_ws/build/octomap
Built target ament_cmake_python_symlink_octomap
running egg_info
creating octomap.egg-info
writing octomap.egg-info/PKG-INFO
writing dependency_links to octomap.egg-info/dependency_links.txt
writing top-level names to octomap.egg-info/top_level.txt
writing manifest file 'octomap.egg-info/SOURCES.txt'
reading manifest file 'octomap.egg-info/SOURCES.txt'
writing manifest file 'octomap.egg-info/SOURCES.txt'
Built target ament_cmake_python_build_octomap_egg
-- Install configuration: ""
-- Execute custom install script
-- Symlinking: /home/fiend/voice_grab/ros2_ws/install/octomap/share/octomap/environment/pythonpath.sh
-- Symlinking: /home/fiend/voice_grab/ros2_ws/install/octomap/share/octomap/environment/pythonpath.dsv
-- Symlinking: /home/fiend/voice_grab/ros2_ws/install/octomap/local/lib/python3.10/dist-packages/octomap-2.1.5-py3.10.egg-info/PKG-INFO
-- Symlinking: /home/fiend/voice_grab/ros2_ws/install/octomap/local/lib/python3.10/dist-packages/octomap-2.1.5-py3.10.egg-info/SOURCES.txt
-- Symlinking: /home/fiend/voice_grab/ros2_ws/install/octomap/local/lib/python3.10/dist-packages/octomap-2.1.5-py3.10.egg-info/dependency_links.txt
-- Symlinking: /home/fiend/voice_grab/ros2_ws/install/octomap/local/lib/python3.10/dist-packages/octomap-2.1.5-py3.10.egg-info/top_level.txt
-- Symlinking: /home/fiend/voice_grab/ros2_ws/install/octomap/local/lib/python3.10/dist-packages/octomap/__init__.py
-- Symlinking: /home/fiend/voice_grab/ros2_ws/install/octomap/lib/octomap/octoload.py
-- Symlinking: /home/fiend/voice_grab/ros2_ws/install/octomap/share/octomap/launch/load_octomap.launch.py
-- Symlinking: /home/fiend/voice_grab/ros2_ws/install/octomap/share/octomap/launch/load_octomap.launch.xml
-- Symlinking: /home/fiend/voice_grab/ros2_ws/install/octomap/share/octomap/config/octomap_params.yaml
-- Symlinking: /home/fiend/voice_grab/ros2_ws/install/octomap/share/octomap/map/big_octomap.bt
-- Symlinking: /home/fiend/voice_grab/ros2_ws/install/octomap/share/octomap/map/med_octomap.bt
-- Symlinking: /home/fiend/voice_grab/ros2_ws/install/octomap/share/octomap/map/small_octomap.bt
-- Symlinking: /home/fiend/voice_grab/ros2_ws/install/octomap/share/ament_index/resource_index/package_run_dependencies/octomap
-- Symlinking: /home/fiend/voice_grab/ros2_ws/install/octomap/share/ament_index/resource_index/parent_prefix_path/octomap
-- Symlinking: /home/fiend/voice_grab/ros2_ws/install/octomap/share/octomap/environment/ament_prefix_path.sh
-- Symlinking: /home/fiend/voice_grab/ros2_ws/install/octomap/share/octomap/environment/ament_prefix_path.dsv
-- Symlinking: /home/fiend/voice_grab/ros2_ws/install/octomap/share/octomap/environment/path.sh
-- Symlinking: /home/fiend/voice_grab/ros2_ws/install/octomap/share/octomap/environment/path.dsv
-- Symlinking: /home/fiend/voice_grab/ros2_ws/install/octomap/share/octomap/local_setup.bash
-- Symlinking: /home/fiend/voice_grab/ros2_ws/install/octomap/share/octomap/local_setup.sh
-- Symlinking: /home/fiend/voice_grab/ros2_ws/install/octomap/share/octomap/local_setup.zsh
-- Symlinking: /home/fiend/voice_grab/ros2_ws/install/octomap/share/octomap/local_setup.dsv
-- Symlinking: /home/fiend/voice_grab/ros2_ws/install/octomap/share/octomap/package.dsv
-- Symlinking: /home/fiend/voice_grab/ros2_ws/install/octomap/share/ament_index/resource_index/packages/octomap
-- Symlinking: /home/fiend/voice_grab/ros2_ws/install/octomap/share/octomap/cmake/octomapConfig.cmake
-- Symlinking: /home/fiend/voice_grab/ros2_ws/install/octomap/share/octomap/cmake/octomapConfig-version.cmake
-- Symlinking: /home/fiend/voice_grab/ros2_ws/install/octomap/share/octomap/package.xml
Listing '/home/fiend/voice_grab/ros2_ws/install/octomap/local/lib/python3.10/dist-packages/octomap'...
Compiling '/home/fiend/voice_grab/ros2_ws/install/octomap/local/lib/python3.10/dist-packages/octomap/__init__.py'...
