[0.027s] Invoking command in '/home/fiend/voice_grab/ros2_ws/build/octomap': CMAKE_PREFIX_PATH=${CMAKE_PREFIX_PATH}:/home/fiend/ws_moveit2/install/moveit_configs_utils:/home/fiend/ws_moveit2/install/launch_param_builder:/opt/ros/humble /usr/bin/cmake /home/fiend/voice_grab/ros2_ws/src/octomap -DAMENT_CMAKE_SYMLINK_INSTALL=1 -DCMAKE_INSTALL_PREFIX=/home/fiend/voice_grab/ros2_ws/install/octomap
[0.084s] -- The C compiler identification is GNU 11.4.0
[0.136s] -- The CXX compiler identification is GNU 11.4.0
[0.144s] -- Detecting C compiler ABI info
[0.219s] -- Detecting C compiler ABI info - done
[0.225s] -- Check for working C compiler: /usr/bin/cc - skipped
[0.225s] -- Detecting C compile features
[0.226s] -- Detecting C compile features - done
[0.228s] -- Detecting CXX compiler ABI info
[0.315s] -- Detecting CXX compiler ABI info - done
[0.321s] -- Check for working CXX compiler: /usr/bin/c++ - skipped
[0.321s] -- Detecting CXX compile features
[0.322s] -- Detecting CXX compile features - done
[0.327s] -- Found ament_cmake: 1.3.9 (/opt/ros/humble/share/ament_cmake/cmake)
[0.467s] -- Found Python3: /usr/bin/python3 (found version "3.10.12") found components: Interpreter 
[0.519s] -- Override CMake install command with custom implementation using symlinks instead of copying resources
[0.588s] -- Found rclpy: 3.3.13 (/opt/ros/humble/share/rclpy/cmake)
[0.588s] -- Found moveit_task_constructor_core: 0.1.3 (/home/fiend/ws_moveit2/install/moveit_task_constructor_core/share/moveit_task_constructor_core/cmake)
[0.666s] -- Found rosidl_generator_c: 3.1.5 (/opt/ros/humble/share/rosidl_generator_c/cmake)
[0.676s] -- Found rosidl_adapter: 3.1.5 (/opt/ros/humble/share/rosidl_adapter/cmake)
[0.689s] -- Found rosidl_generator_cpp: 3.1.5 (/opt/ros/humble/share/rosidl_generator_cpp/cmake)
[0.707s] -- Using all available rosidl_typesupport_c: rosidl_typesupport_fastrtps_c;rosidl_typesupport_introspection_c
[0.733s] -- Using all available rosidl_typesupport_cpp: rosidl_typesupport_fastrtps_cpp;rosidl_typesupport_introspection_cpp
[1.064s] -- Found Boost: /usr/lib/x86_64-linux-gnu/cmake/Boost-1.74.0/BoostConfig.cmake (found version "1.74.0") found components: chrono date_time filesystem iostreams program_options regex serialization system thread 
[1.140s] -- Found parameter_traits: 0.3.8 (/opt/ros/humble/share/parameter_traits/cmake)
[1.225s] -- Found rmw_implementation_cmake: 6.1.2 (/opt/ros/humble/share/rmw_implementation_cmake/cmake)
[1.231s] -- Found rmw_fastrtps_cpp: 6.2.6 (/opt/ros/humble/share/rmw_fastrtps_cpp/cmake)
[1.360s] -- Found OpenSSL: /usr/lib/x86_64-linux-gnu/libcrypto.so (found version "3.0.2")  
[1.389s] -- Found FastRTPS: /opt/ros/humble/include  
[1.438s] -- Using RMW implementation 'rmw_fastrtps_cpp' as default
[1.455s] -- Found Threads: TRUE  
[1.592s] -- Found Eigen3: TRUE (found version "3.4.0") 
[1.597s] -- Found rclcpp_lifecycle: 16.0.9 (/opt/ros/humble/share/rclcpp_lifecycle/cmake)
[1.644s] -- Found Boost: /usr/lib/x86_64-linux-gnu/cmake/Boost-1.74.0/BoostConfig.cmake (found version "1.74.0") found components: filesystem 
[1.771s] -- library: /usr/lib/x86_64-linux-gnu/libcurl.so
[2.047s] -- Ensuring Eigen3 include directory is part of orocos-kdl CMake target
[3.110s] -- Found Boost: /usr/lib/x86_64-linux-gnu/cmake/Boost-1.74.0/BoostConfig.cmake (found version "1.74.0") found components: system filesystem date_time program_options thread chrono 
[3.577s] -- Found Boost: /usr/lib/x86_64-linux-gnu/cmake/Boost-1.74.0/BoostConfig.cmake (found version "1.74.0") found components: date_time filesystem program_options system thread 
[3.740s] -- Found Boost: /usr/lib/x86_64-linux-gnu/cmake/Boost-1.74.0/BoostConfig.cmake (found version "1.74.0") found components: thread system filesystem regex date_time program_options 
[3.951s] -- Found Boost: /usr/lib/x86_64-linux-gnu/cmake/Boost-1.74.0/BoostConfig.cmake (found version "1.74.0") found components: system filesystem date_time program_options thread 
[4.695s] -- Found PythonInterp: /usr/bin/python3.10 (found version "3.10.12") 
[4.829s] -- Configuring done
[4.835s] -- Generating done
[4.836s] -- Build files have been written to: /home/fiend/voice_grab/ros2_ws/build/octomap
[4.851s] Invoked command in '/home/fiend/voice_grab/ros2_ws/build/octomap' returned '0': CMAKE_PREFIX_PATH=${CMAKE_PREFIX_PATH}:/home/fiend/ws_moveit2/install/moveit_configs_utils:/home/fiend/ws_moveit2/install/launch_param_builder:/opt/ros/humble /usr/bin/cmake /home/fiend/voice_grab/ros2_ws/src/octomap -DAMENT_CMAKE_SYMLINK_INSTALL=1 -DCMAKE_INSTALL_PREFIX=/home/fiend/voice_grab/ros2_ws/install/octomap
[4.853s] Invoking command in '/home/fiend/voice_grab/ros2_ws/build/octomap': CMAKE_PREFIX_PATH=${CMAKE_PREFIX_PATH}:/home/fiend/ws_moveit2/install/moveit_configs_utils:/home/fiend/ws_moveit2/install/launch_param_builder:/opt/ros/humble /usr/bin/cmake --build /home/fiend/voice_grab/ros2_ws/build/octomap -- -j20 -l20
[4.941s] Built target ament_cmake_python_symlink_octomap
[5.126s] running egg_info
[5.126s] creating octomap.egg-info
[5.127s] writing octomap.egg-info/PKG-INFO
[5.127s] writing dependency_links to octomap.egg-info/dependency_links.txt
[5.127s] writing top-level names to octomap.egg-info/top_level.txt
[5.127s] writing manifest file 'octomap.egg-info/SOURCES.txt'
[5.129s] reading manifest file 'octomap.egg-info/SOURCES.txt'
[5.129s] writing manifest file 'octomap.egg-info/SOURCES.txt'
[5.159s] Built target ament_cmake_python_build_octomap_egg
[5.172s] Invoked command in '/home/fiend/voice_grab/ros2_ws/build/octomap' returned '0': CMAKE_PREFIX_PATH=${CMAKE_PREFIX_PATH}:/home/fiend/ws_moveit2/install/moveit_configs_utils:/home/fiend/ws_moveit2/install/launch_param_builder:/opt/ros/humble /usr/bin/cmake --build /home/fiend/voice_grab/ros2_ws/build/octomap -- -j20 -l20
[5.221s] Invoking command in '/home/fiend/voice_grab/ros2_ws/build/octomap': CMAKE_PREFIX_PATH=${CMAKE_PREFIX_PATH}:/home/fiend/ws_moveit2/install/moveit_configs_utils:/home/fiend/ws_moveit2/install/launch_param_builder:/opt/ros/humble /usr/bin/cmake --install /home/fiend/voice_grab/ros2_ws/build/octomap
[5.229s] -- Install configuration: ""
[5.230s] -- Execute custom install script
[5.230s] -- Symlinking: /home/fiend/voice_grab/ros2_ws/install/octomap/share/octomap/environment/pythonpath.sh
[5.240s] -- Symlinking: /home/fiend/voice_grab/ros2_ws/install/octomap/share/octomap/environment/pythonpath.dsv
[5.251s] -- Symlinking: /home/fiend/voice_grab/ros2_ws/install/octomap/local/lib/python3.10/dist-packages/octomap-2.1.5-py3.10.egg-info/PKG-INFO
[5.260s] -- Symlinking: /home/fiend/voice_grab/ros2_ws/install/octomap/local/lib/python3.10/dist-packages/octomap-2.1.5-py3.10.egg-info/SOURCES.txt
[5.270s] -- Symlinking: /home/fiend/voice_grab/ros2_ws/install/octomap/local/lib/python3.10/dist-packages/octomap-2.1.5-py3.10.egg-info/dependency_links.txt
[5.280s] -- Symlinking: /home/fiend/voice_grab/ros2_ws/install/octomap/local/lib/python3.10/dist-packages/octomap-2.1.5-py3.10.egg-info/top_level.txt
[5.290s] -- Symlinking: /home/fiend/voice_grab/ros2_ws/install/octomap/local/lib/python3.10/dist-packages/octomap/__init__.py
[5.304s] -- Symlinking: /home/fiend/voice_grab/ros2_ws/install/octomap/lib/octomap/octoload.py
[5.315s] -- Symlinking: /home/fiend/voice_grab/ros2_ws/install/octomap/share/octomap/launch/load_octomap.launch.py
[5.324s] -- Symlinking: /home/fiend/voice_grab/ros2_ws/install/octomap/share/octomap/launch/load_octomap.launch.xml
[5.333s] -- Symlinking: /home/fiend/voice_grab/ros2_ws/install/octomap/share/octomap/config/octomap_params.yaml
[5.342s] -- Symlinking: /home/fiend/voice_grab/ros2_ws/install/octomap/share/octomap/map/big_octomap.bt
[5.351s] -- Symlinking: /home/fiend/voice_grab/ros2_ws/install/octomap/share/octomap/map/med_octomap.bt
[5.360s] -- Symlinking: /home/fiend/voice_grab/ros2_ws/install/octomap/share/octomap/map/small_octomap.bt
[5.371s] -- Symlinking: /home/fiend/voice_grab/ros2_ws/install/octomap/share/ament_index/resource_index/package_run_dependencies/octomap
[5.379s] -- Symlinking: /home/fiend/voice_grab/ros2_ws/install/octomap/share/ament_index/resource_index/parent_prefix_path/octomap
[5.388s] -- Symlinking: /home/fiend/voice_grab/ros2_ws/install/octomap/share/octomap/environment/ament_prefix_path.sh
[5.397s] -- Symlinking: /home/fiend/voice_grab/ros2_ws/install/octomap/share/octomap/environment/ament_prefix_path.dsv
[5.406s] -- Symlinking: /home/fiend/voice_grab/ros2_ws/install/octomap/share/octomap/environment/path.sh
[5.416s] -- Symlinking: /home/fiend/voice_grab/ros2_ws/install/octomap/share/octomap/environment/path.dsv
[5.424s] -- Symlinking: /home/fiend/voice_grab/ros2_ws/install/octomap/share/octomap/local_setup.bash
[5.435s] -- Symlinking: /home/fiend/voice_grab/ros2_ws/install/octomap/share/octomap/local_setup.sh
[5.448s] -- Symlinking: /home/fiend/voice_grab/ros2_ws/install/octomap/share/octomap/local_setup.zsh
[5.459s] -- Symlinking: /home/fiend/voice_grab/ros2_ws/install/octomap/share/octomap/local_setup.dsv
[5.469s] -- Symlinking: /home/fiend/voice_grab/ros2_ws/install/octomap/share/octomap/package.dsv
[5.478s] -- Symlinking: /home/fiend/voice_grab/ros2_ws/install/octomap/share/ament_index/resource_index/packages/octomap
[5.491s] -- Symlinking: /home/fiend/voice_grab/ros2_ws/install/octomap/share/octomap/cmake/octomapConfig.cmake
[5.500s] -- Symlinking: /home/fiend/voice_grab/ros2_ws/install/octomap/share/octomap/cmake/octomapConfig-version.cmake
[5.512s] -- Symlinking: /home/fiend/voice_grab/ros2_ws/install/octomap/share/octomap/package.xml
[5.548s] Listing '/home/fiend/voice_grab/ros2_ws/install/octomap/local/lib/python3.10/dist-packages/octomap'...
[5.548s] Compiling '/home/fiend/voice_grab/ros2_ws/install/octomap/local/lib/python3.10/dist-packages/octomap/__init__.py'...
[5.554s] Invoked command in '/home/fiend/voice_grab/ros2_ws/build/octomap' returned '0': CMAKE_PREFIX_PATH=${CMAKE_PREFIX_PATH}:/home/fiend/ws_moveit2/install/moveit_configs_utils:/home/fiend/ws_moveit2/install/launch_param_builder:/opt/ros/humble /usr/bin/cmake --install /home/fiend/voice_grab/ros2_ws/build/octomap
