-- Found ament_cmake_auto: 1.3.9 (/opt/ros/humble/share/ament_cmake_auto/cmake)
-- Override CMake install command with custom implementation using symlinks instead of copying resources
-- Configuring done
-- Generating done
-- Build files have been written to: /home/fiend/voice_grab/ros2_ws/build/robotiq
-- Install configuration: ""
-- Execute custom install script
-- Symlinking: /home/fiend/voice_grab/ros2_ws/install/robotiq/share/ament_index/resource_index/package_run_dependencies/robotiq
-- Symlinking: /home/fiend/voice_grab/ros2_ws/install/robotiq/share/ament_index/resource_index/parent_prefix_path/robotiq
-- Symlinking: /home/fiend/voice_grab/ros2_ws/install/robotiq/share/robotiq/environment/ament_prefix_path.sh
-- Symlinking: /home/fiend/voice_grab/ros2_ws/install/robotiq/share/robotiq/environment/ament_prefix_path.dsv
-- Symlinking: /home/fiend/voice_grab/ros2_ws/install/robotiq/share/robotiq/environment/path.sh
-- Symlinking: /home/fiend/voice_grab/ros2_ws/install/robotiq/share/robotiq/environment/path.dsv
-- Symlinking: /home/fiend/voice_grab/ros2_ws/install/robotiq/share/robotiq/local_setup.bash
-- Symlinking: /home/fiend/voice_grab/ros2_ws/install/robotiq/share/robotiq/local_setup.sh
-- Symlinking: /home/fiend/voice_grab/ros2_ws/install/robotiq/share/robotiq/local_setup.zsh
-- Symlinking: /home/fiend/voice_grab/ros2_ws/install/robotiq/share/robotiq/local_setup.dsv
-- Symlinking: /home/fiend/voice_grab/ros2_ws/install/robotiq/share/robotiq/package.dsv
-- Symlinking: /home/fiend/voice_grab/ros2_ws/install/robotiq/share/ament_index/resource_index/packages/robotiq
-- Symlinking: /home/fiend/voice_grab/ros2_ws/install/robotiq/share/robotiq/cmake/robotiqConfig.cmake
-- Symlinking: /home/fiend/voice_grab/ros2_ws/install/robotiq/share/robotiq/cmake/robotiqConfig-version.cmake
-- Symlinking: /home/fiend/voice_grab/ros2_ws/install/robotiq/share/robotiq/package.xml
