[0.043s] Invoking command in '/home/fiend/voice_grab/ros2_ws/build/robotiq': CMAKE_PREFIX_PATH=${CMAKE_PREFIX_PATH}:/home/fiend/ws_moveit2/install/moveit_configs_utils:/home/fiend/ws_moveit2/install/launch_param_builder:/opt/ros/humble /usr/bin/cmake /home/fiend/voice_grab/ros2_ws/src/robotiq/robotiq -DAMENT_CMAKE_SYMLINK_INSTALL=1 -DCMAKE_INSTALL_PREFIX=/home/fiend/voice_grab/ros2_ws/install/robotiq
[0.055s] -- Found ament_cmake_auto: 1.3.9 (/opt/ros/humble/share/ament_cmake_auto/cmake)
[0.167s] -- Override CMake install command with custom implementation using symlinks instead of copying resources
[0.234s] -- Configuring done
[0.235s] -- Generating done
[0.236s] -- Build files have been written to: /home/fiend/voice_grab/ros2_ws/build/robotiq
[0.249s] Invoked command in '/home/fiend/voice_grab/ros2_ws/build/robotiq' returned '0': CMAKE_PREFIX_PATH=${CMAKE_PREFIX_PATH}:/home/fiend/ws_moveit2/install/moveit_configs_utils:/home/fiend/ws_moveit2/install/launch_param_builder:/opt/ros/humble /usr/bin/cmake /home/fiend/voice_grab/ros2_ws/src/robotiq/robotiq -DAMENT_CMAKE_SYMLINK_INSTALL=1 -DCMAKE_INSTALL_PREFIX=/home/fiend/voice_grab/ros2_ws/install/robotiq
[0.250s] Invoking command in '/home/fiend/voice_grab/ros2_ws/build/robotiq': CMAKE_PREFIX_PATH=${CMAKE_PREFIX_PATH}:/home/fiend/ws_moveit2/install/moveit_configs_utils:/home/fiend/ws_moveit2/install/launch_param_builder:/opt/ros/humble /usr/bin/cmake --build /home/fiend/voice_grab/ros2_ws/build/robotiq -- -j20 -l20
[0.294s] Invoked command in '/home/fiend/voice_grab/ros2_ws/build/robotiq' returned '0': CMAKE_PREFIX_PATH=${CMAKE_PREFIX_PATH}:/home/fiend/ws_moveit2/install/moveit_configs_utils:/home/fiend/ws_moveit2/install/launch_param_builder:/opt/ros/humble /usr/bin/cmake --build /home/fiend/voice_grab/ros2_ws/build/robotiq -- -j20 -l20
[0.332s] Invoking command in '/home/fiend/voice_grab/ros2_ws/build/robotiq': CMAKE_PREFIX_PATH=${CMAKE_PREFIX_PATH}:/home/fiend/ws_moveit2/install/moveit_configs_utils:/home/fiend/ws_moveit2/install/launch_param_builder:/opt/ros/humble /usr/bin/cmake --install /home/fiend/voice_grab/ros2_ws/build/robotiq
[0.342s] -- Install configuration: ""
[0.342s] -- Execute custom install script
[0.343s] -- Symlinking: /home/fiend/voice_grab/ros2_ws/install/robotiq/share/ament_index/resource_index/package_run_dependencies/robotiq
[0.355s] -- Symlinking: /home/fiend/voice_grab/ros2_ws/install/robotiq/share/ament_index/resource_index/parent_prefix_path/robotiq
[0.365s] -- Symlinking: /home/fiend/voice_grab/ros2_ws/install/robotiq/share/robotiq/environment/ament_prefix_path.sh
[0.376s] -- Symlinking: /home/fiend/voice_grab/ros2_ws/install/robotiq/share/robotiq/environment/ament_prefix_path.dsv
[0.390s] -- Symlinking: /home/fiend/voice_grab/ros2_ws/install/robotiq/share/robotiq/environment/path.sh
[0.401s] -- Symlinking: /home/fiend/voice_grab/ros2_ws/install/robotiq/share/robotiq/environment/path.dsv
[0.411s] -- Symlinking: /home/fiend/voice_grab/ros2_ws/install/robotiq/share/robotiq/local_setup.bash
[0.423s] -- Symlinking: /home/fiend/voice_grab/ros2_ws/install/robotiq/share/robotiq/local_setup.sh
[0.433s] -- Symlinking: /home/fiend/voice_grab/ros2_ws/install/robotiq/share/robotiq/local_setup.zsh
[0.444s] -- Symlinking: /home/fiend/voice_grab/ros2_ws/install/robotiq/share/robotiq/local_setup.dsv
[0.453s] -- Symlinking: /home/fiend/voice_grab/ros2_ws/install/robotiq/share/robotiq/package.dsv
[0.463s] -- Symlinking: /home/fiend/voice_grab/ros2_ws/install/robotiq/share/ament_index/resource_index/packages/robotiq
[0.473s] -- Symlinking: /home/fiend/voice_grab/ros2_ws/install/robotiq/share/robotiq/cmake/robotiqConfig.cmake
[0.483s] -- Symlinking: /home/fiend/voice_grab/ros2_ws/install/robotiq/share/robotiq/cmake/robotiqConfig-version.cmake
[0.493s] -- Symlinking: /home/fiend/voice_grab/ros2_ws/install/robotiq/share/robotiq/package.xml
[0.513s] Invoked command in '/home/fiend/voice_grab/ros2_ws/build/robotiq' returned '0': CMAKE_PREFIX_PATH=${CMAKE_PREFIX_PATH}:/home/fiend/ws_moveit2/install/moveit_configs_utils:/home/fiend/ws_moveit2/install/launch_param_builder:/opt/ros/humble /usr/bin/cmake --install /home/fiend/voice_grab/ros2_ws/build/robotiq
