[0.011s] Invoking command in '/home/fiend/voice_grab/ros2_ws/build/zed_wrapper': CMAKE_PREFIX_PATH=/home/fiend/voice_grab/ros2_ws/install/zed_components:/home/fiend/voice_grab/ros2_ws/install/zed_interfaces:/home/fiend/voice_grab/ros2_ws/install/zed_ros2:/home/fiend/voice_grab/ros2_ws/install/zed_wrapper:/home/fiend/Navigation_Bot/dev_ws/install/navigation_bot:/home/fiend/voice_grab/ros2_ws/install/voice_grabber:/home/fiend/voice_grab/ros2_ws/install/ur_robotiq:/home/fiend/voice_grab/ros2_ws/install/ur_robotiq_description:/home/fiend/LineFollowingRobot/ros_ws/install/line_bhakt:/home/fiend/ROS/practice_codes_ROS2/articubot_one/install/articubot_one:/opt/ros/humble PS1=
\[[38;5;156m\]\[[0m\]\[[38;5;166m\]ros2_ws\[[0m\]\[[38;5;166m\]\[[0m\] on \[[38;5;162m\] \[[0m\]\[[38;5;162m\]master\[[0m\]
\[[1;38;5;166m\]➜\[[0m\] /usr/bin/cmake /home/fiend/voice_grab/ros2_ws/src/zed-ros2-wrapper/zed_wrapper -DAMENT_CMAKE_SYMLINK_INSTALL=1 -DCMAKE_INSTALL_PREFIX=/home/fiend/voice_grab/ros2_ws/install/zed_wrapper
[0.059s] -- Found CUDA: /usr/local/cuda (found suitable version "12.4", minimum required is "12") 
[0.090s] -- Found CUDA: /usr/local/cuda (found version "12.4") 
[0.091s] -- Found ament_cmake_auto: 1.3.8 (/opt/ros/humble/share/ament_cmake_auto/cmake)
[0.196s] -- Override CMake install command with custom implementation using symlinks instead of copying resources
[0.277s] -- Found rosidl_generator_c: 3.1.5 (/opt/ros/humble/share/rosidl_generator_c/cmake)
[0.279s] -- Found rosidl_adapter: 3.1.5 (/opt/ros/humble/share/rosidl_adapter/cmake)
[0.284s] -- Found rosidl_generator_cpp: 3.1.5 (/opt/ros/humble/share/rosidl_generator_cpp/cmake)
[0.294s] -- Using all available rosidl_typesupport_c: rosidl_typesupport_fastrtps_c;rosidl_typesupport_introspection_c
[0.308s] -- Using all available rosidl_typesupport_cpp: rosidl_typesupport_fastrtps_cpp;rosidl_typesupport_introspection_cpp
[0.359s] -- Found rmw_implementation_cmake: 6.1.1 (/opt/ros/humble/share/rmw_implementation_cmake/cmake)
[0.360s] -- Found rmw_fastrtps_cpp: 6.2.6 (/opt/ros/humble/share/rmw_fastrtps_cpp/cmake)
[0.463s] -- Using RMW implementation 'rmw_fastrtps_cpp' as default
[1.053s] -- Found eigen3_cmake_module: 0.1.1 (/opt/ros/humble/share/eigen3_cmake_module/cmake)
[1.054s] -- Ensuring Eigen3 include directory is part of orocos-kdl CMake target
[1.872s] -- Found ament_lint_auto: 0.12.10 (/opt/ros/humble/share/ament_lint_auto/cmake)
[2.436s] -- Added test 'copyright' to check source files copyright and LICENSE
[2.438s] -- Added test 'cppcheck' to perform static code analysis on C / C++ code
[2.438s] -- Configured cppcheck include dirs: /home/fiend/voice_grab/ros2_ws/src/zed-ros2-wrapper/zed_wrapper/src
[2.438s] -- Configured cppcheck exclude dirs and/or files: 
[2.438s] -- Added test 'lint_cmake' to check CMake code style
[2.439s] -- Added test 'pep257' to check Python code against some of the docstring style conventions in PEP 257
[2.440s] -- Added test 'uncrustify' to check C / C++ code style
[2.440s] -- Configured uncrustify additional arguments: 
[2.440s] -- Added test 'xmllint' to check XML markup files
[2.441s] -- Configuring done
[2.526s] -- Generating done
[2.528s] -- Build files have been written to: /home/fiend/voice_grab/ros2_ws/build/zed_wrapper
[2.536s] Invoked command in '/home/fiend/voice_grab/ros2_ws/build/zed_wrapper' returned '0': CMAKE_PREFIX_PATH=/home/fiend/voice_grab/ros2_ws/install/zed_components:/home/fiend/voice_grab/ros2_ws/install/zed_interfaces:/home/fiend/voice_grab/ros2_ws/install/zed_ros2:/home/fiend/voice_grab/ros2_ws/install/zed_wrapper:/home/fiend/Navigation_Bot/dev_ws/install/navigation_bot:/home/fiend/voice_grab/ros2_ws/install/voice_grabber:/home/fiend/voice_grab/ros2_ws/install/ur_robotiq:/home/fiend/voice_grab/ros2_ws/install/ur_robotiq_description:/home/fiend/LineFollowingRobot/ros_ws/install/line_bhakt:/home/fiend/ROS/practice_codes_ROS2/articubot_one/install/articubot_one:/opt/ros/humble PS1=
\[[38;5;156m\]\[[0m\]\[[38;5;166m\]ros2_ws\[[0m\]\[[38;5;166m\]\[[0m\] on \[[38;5;162m\] \[[0m\]\[[38;5;162m\]master\[[0m\]
\[[1;38;5;166m\]➜\[[0m\] /usr/bin/cmake /home/fiend/voice_grab/ros2_ws/src/zed-ros2-wrapper/zed_wrapper -DAMENT_CMAKE_SYMLINK_INSTALL=1 -DCMAKE_INSTALL_PREFIX=/home/fiend/voice_grab/ros2_ws/install/zed_wrapper
[2.538s] Invoking command in '/home/fiend/voice_grab/ros2_ws/build/zed_wrapper': CMAKE_PREFIX_PATH=/home/fiend/voice_grab/ros2_ws/install/zed_components:/home/fiend/voice_grab/ros2_ws/install/zed_interfaces:/home/fiend/voice_grab/ros2_ws/install/zed_ros2:/home/fiend/voice_grab/ros2_ws/install/zed_wrapper:/home/fiend/Navigation_Bot/dev_ws/install/navigation_bot:/home/fiend/voice_grab/ros2_ws/install/voice_grabber:/home/fiend/voice_grab/ros2_ws/install/ur_robotiq:/home/fiend/voice_grab/ros2_ws/install/ur_robotiq_description:/home/fiend/LineFollowingRobot/ros_ws/install/line_bhakt:/home/fiend/ROS/practice_codes_ROS2/articubot_one/install/articubot_one:/opt/ros/humble PS1=
\[[38;5;156m\]\[[0m\]\[[38;5;166m\]ros2_ws\[[0m\]\[[38;5;166m\]\[[0m\] on \[[38;5;162m\] \[[0m\]\[[38;5;162m\]master\[[0m\]
\[[1;38;5;166m\]➜\[[0m\] /usr/bin/cmake --build /home/fiend/voice_grab/ros2_ws/build/zed_wrapper -- -j8 -l8
[2.572s] [35m[1mConsolidate compiler generated dependencies of target zed_wrapper[0m
[2.589s] [100%] Built target zed_wrapper
[2.598s] Invoked command in '/home/fiend/voice_grab/ros2_ws/build/zed_wrapper' returned '0': CMAKE_PREFIX_PATH=/home/fiend/voice_grab/ros2_ws/install/zed_components:/home/fiend/voice_grab/ros2_ws/install/zed_interfaces:/home/fiend/voice_grab/ros2_ws/install/zed_ros2:/home/fiend/voice_grab/ros2_ws/install/zed_wrapper:/home/fiend/Navigation_Bot/dev_ws/install/navigation_bot:/home/fiend/voice_grab/ros2_ws/install/voice_grabber:/home/fiend/voice_grab/ros2_ws/install/ur_robotiq:/home/fiend/voice_grab/ros2_ws/install/ur_robotiq_description:/home/fiend/LineFollowingRobot/ros_ws/install/line_bhakt:/home/fiend/ROS/practice_codes_ROS2/articubot_one/install/articubot_one:/opt/ros/humble PS1=
\[[38;5;156m\]\[[0m\]\[[38;5;166m\]ros2_ws\[[0m\]\[[38;5;166m\]\[[0m\] on \[[38;5;162m\] \[[0m\]\[[38;5;162m\]master\[[0m\]
\[[1;38;5;166m\]➜\[[0m\] /usr/bin/cmake --build /home/fiend/voice_grab/ros2_ws/build/zed_wrapper -- -j8 -l8
[2.618s] Invoking command in '/home/fiend/voice_grab/ros2_ws/build/zed_wrapper': CMAKE_PREFIX_PATH=/home/fiend/voice_grab/ros2_ws/install/zed_components:/home/fiend/voice_grab/ros2_ws/install/zed_interfaces:/home/fiend/voice_grab/ros2_ws/install/zed_ros2:/home/fiend/voice_grab/ros2_ws/install/zed_wrapper:/home/fiend/Navigation_Bot/dev_ws/install/navigation_bot:/home/fiend/voice_grab/ros2_ws/install/voice_grabber:/home/fiend/voice_grab/ros2_ws/install/ur_robotiq:/home/fiend/voice_grab/ros2_ws/install/ur_robotiq_description:/home/fiend/LineFollowingRobot/ros_ws/install/line_bhakt:/home/fiend/ROS/practice_codes_ROS2/articubot_one/install/articubot_one:/opt/ros/humble PS1=
\[[38;5;156m\]\[[0m\]\[[38;5;166m\]ros2_ws\[[0m\]\[[38;5;166m\]\[[0m\] on \[[38;5;162m\] \[[0m\]\[[38;5;162m\]master\[[0m\]
\[[1;38;5;166m\]➜\[[0m\] /usr/bin/cmake --install /home/fiend/voice_grab/ros2_ws/build/zed_wrapper
[2.624s] -- Install configuration: "Release"
[2.624s] -- Execute custom install script
[2.624s] -- Up-to-date symlink: /home/fiend/voice_grab/ros2_ws/install/zed_wrapper/lib/zed_wrapper/zed_wrapper
[2.625s] -- Up-to-date symlink: /home/fiend/voice_grab/ros2_ws/install/zed_wrapper/share/zed_wrapper/config/common.yaml
[2.625s] -- Up-to-date symlink: /home/fiend/voice_grab/ros2_ws/install/zed_wrapper/share/zed_wrapper/config/zed.yaml
[2.625s] -- Up-to-date symlink: /home/fiend/voice_grab/ros2_ws/install/zed_wrapper/share/zed_wrapper/config/zed2.yaml
[2.625s] -- Up-to-date symlink: /home/fiend/voice_grab/ros2_ws/install/zed_wrapper/share/zed_wrapper/config/zed2i.yaml
[2.626s] -- Up-to-date symlink: /home/fiend/voice_grab/ros2_ws/install/zed_wrapper/share/zed_wrapper/config/zedm.yaml
[2.626s] -- Up-to-date symlink: /home/fiend/voice_grab/ros2_ws/install/zed_wrapper/share/zed_wrapper/config/zedx.yaml
[2.626s] -- Up-to-date symlink: /home/fiend/voice_grab/ros2_ws/install/zed_wrapper/share/zed_wrapper/config/zedxm.yaml
[2.626s] -- Up-to-date symlink: /home/fiend/voice_grab/ros2_ws/install/zed_wrapper/share/zed_wrapper/urdf/include/materials.urdf.xacro
[2.626s] -- Up-to-date symlink: /home/fiend/voice_grab/ros2_ws/install/zed_wrapper/share/zed_wrapper/urdf/zed_descr.urdf.xacro
[2.626s] -- Up-to-date symlink: /home/fiend/voice_grab/ros2_ws/install/zed_wrapper/share/zed_wrapper/urdf/zed_macro.urdf.xacro
[2.627s] -- Up-to-date symlink: /home/fiend/voice_grab/ros2_ws/install/zed_wrapper/share/zed_wrapper/launch/obsolete/zed.launch.py
[2.627s] -- Up-to-date symlink: /home/fiend/voice_grab/ros2_ws/install/zed_wrapper/share/zed_wrapper/launch/obsolete/zed2.launch.py
[2.627s] -- Up-to-date symlink: /home/fiend/voice_grab/ros2_ws/install/zed_wrapper/share/zed_wrapper/launch/obsolete/zed2i.launch.py
[2.627s] -- Up-to-date symlink: /home/fiend/voice_grab/ros2_ws/install/zed_wrapper/share/zed_wrapper/launch/obsolete/zedm.launch.py
[2.627s] -- Up-to-date symlink: /home/fiend/voice_grab/ros2_ws/install/zed_wrapper/share/zed_wrapper/launch/obsolete/zedx.launch.py
[2.627s] -- Up-to-date symlink: /home/fiend/voice_grab/ros2_ws/install/zed_wrapper/share/zed_wrapper/launch/obsolete/zedxm.launch.py
[2.627s] -- Up-to-date symlink: /home/fiend/voice_grab/ros2_ws/install/zed_wrapper/share/zed_wrapper/launch/zed_camera.launch.py
[2.627s] -- Up-to-date symlink: /home/fiend/voice_grab/ros2_ws/install/zed_wrapper/share/ament_index/resource_index/package_run_dependencies/zed_wrapper
[2.628s] -- Up-to-date symlink: /home/fiend/voice_grab/ros2_ws/install/zed_wrapper/share/ament_index/resource_index/parent_prefix_path/zed_wrapper
[2.628s] -- Up-to-date symlink: /home/fiend/voice_grab/ros2_ws/install/zed_wrapper/share/zed_wrapper/environment/ament_prefix_path.sh
[2.628s] -- Up-to-date symlink: /home/fiend/voice_grab/ros2_ws/install/zed_wrapper/share/zed_wrapper/environment/ament_prefix_path.dsv
[2.628s] -- Up-to-date symlink: /home/fiend/voice_grab/ros2_ws/install/zed_wrapper/share/zed_wrapper/environment/path.sh
[2.629s] -- Up-to-date symlink: /home/fiend/voice_grab/ros2_ws/install/zed_wrapper/share/zed_wrapper/environment/path.dsv
[2.629s] -- Up-to-date symlink: /home/fiend/voice_grab/ros2_ws/install/zed_wrapper/share/zed_wrapper/local_setup.bash
[2.629s] -- Up-to-date symlink: /home/fiend/voice_grab/ros2_ws/install/zed_wrapper/share/zed_wrapper/local_setup.sh
[2.629s] -- Up-to-date symlink: /home/fiend/voice_grab/ros2_ws/install/zed_wrapper/share/zed_wrapper/local_setup.zsh
[2.629s] -- Up-to-date symlink: /home/fiend/voice_grab/ros2_ws/install/zed_wrapper/share/zed_wrapper/local_setup.dsv
[2.630s] -- Symlinking: /home/fiend/voice_grab/ros2_ws/install/zed_wrapper/share/zed_wrapper/package.dsv
[2.637s] -- Up-to-date symlink: /home/fiend/voice_grab/ros2_ws/install/zed_wrapper/share/ament_index/resource_index/packages/zed_wrapper
[2.637s] -- Up-to-date symlink: /home/fiend/voice_grab/ros2_ws/install/zed_wrapper/share/zed_wrapper/cmake/zed_wrapperConfig.cmake
[2.637s] -- Up-to-date symlink: /home/fiend/voice_grab/ros2_ws/install/zed_wrapper/share/zed_wrapper/cmake/zed_wrapperConfig-version.cmake
[2.637s] -- Up-to-date symlink: /home/fiend/voice_grab/ros2_ws/install/zed_wrapper/share/zed_wrapper/package.xml
[2.639s] Invoked command in '/home/fiend/voice_grab/ros2_ws/build/zed_wrapper' returned '0': CMAKE_PREFIX_PATH=/home/fiend/voice_grab/ros2_ws/install/zed_components:/home/fiend/voice_grab/ros2_ws/install/zed_interfaces:/home/fiend/voice_grab/ros2_ws/install/zed_ros2:/home/fiend/voice_grab/ros2_ws/install/zed_wrapper:/home/fiend/Navigation_Bot/dev_ws/install/navigation_bot:/home/fiend/voice_grab/ros2_ws/install/voice_grabber:/home/fiend/voice_grab/ros2_ws/install/ur_robotiq:/home/fiend/voice_grab/ros2_ws/install/ur_robotiq_description:/home/fiend/LineFollowingRobot/ros_ws/install/line_bhakt:/home/fiend/ROS/practice_codes_ROS2/articubot_one/install/articubot_one:/opt/ros/humble PS1=
\[[38;5;156m\]\[[0m\]\[[38;5;166m\]ros2_ws\[[0m\]\[[38;5;166m\]\[[0m\] on \[[38;5;162m\] \[[0m\]\[[38;5;162m\]master\[[0m\]
\[[1;38;5;166m\]➜\[[0m\] /usr/bin/cmake --install /home/fiend/voice_grab/ros2_ws/build/zed_wrapper
