[0.040s] Invoking command in '/home/fiend/voice_grab/ros2_ws/build/robotiq_2f_140_gripper_visualization': /usr/bin/cmake /home/fiend/voice_grab/ros2_ws/src/robotiq/robotiq_2f_140_gripper_visualization -DCATKIN_INSTALL_INTO_PREFIX_ROOT=0 -DCATKIN_SYMLINK_INSTALL=ON -DCMAKE_INSTALL_PREFIX=/home/fiend/voice_grab/ros2_ws/install/robotiq_2f_140_gripper_visualization
[0.051s] [0mCMake Deprecation Warning at CMakeLists.txt:1 (cmake_minimum_required):
[0.051s]   Compatibility with CMake < 2.8.12 will be removed from a future version of
[0.052s]   CMake.
[0.052s] 
[0.052s]   Update the VERSION argument <min> value or use a ...<max> suffix to tell
[0.052s]   CMake that the project does not need compatibility with older versions.
[0.053s] 
[0.054s] [0m
[0.058s] -- Found ament_cmake_auto: 1.3.9 (/opt/ros/humble/share/ament_cmake_auto/cmake)
[0.225s] -- Found Python3: /usr/bin/python3 (found version "3.10.12") found components: Interpreter 
[0.431s] [33mCMake Warning (dev) at /opt/ros/humble/share/ament_cmake_core/cmake/core/ament_execute_extensions.cmake:41 (if):
[0.431s]   Policy CMP0057 is not set: Support new IN_LIST if() operator.  Run "cmake
[0.432s]   --help-policy CMP0057" for policy details.  Use the cmake_policy command to
[0.432s]   set the policy and suppress this warning.
[0.432s] 
[0.432s]   IN_LIST will be interpreted as an operator when the policy is set to NEW.
[0.432s]   Since the policy is not set the OLD behavior will be used.
[0.432s] Call Stack (most recent call first):
[0.432s]   /opt/ros/humble/share/ament_cmake_core/cmake/core/ament_package.cmake:66 (ament_execute_extensions)
[0.432s]   /opt/ros/humble/share/ament_cmake_auto/cmake/ament_auto_package.cmake:102 (ament_package)
[0.432s]   CMakeLists.txt:7 (ament_auto_package)
[0.432s] This warning is for project developers.  Use -Wno-dev to suppress it.
[0.432s] [0m
[0.432s] [31mCMake Error at /opt/ros/humble/share/ament_cmake_core/cmake/core/ament_execute_extensions.cmake:41 (if):
[0.432s]   if given arguments:
[0.433s] 
[0.433s]     "ament_cmake_core" "IN_LIST" "_ARG_EXCLUDE"
[0.433s] 
[0.433s]   Unknown arguments specified
[0.433s] Call Stack (most recent call first):
[0.433s]   /opt/ros/humble/share/ament_cmake_core/cmake/core/ament_package.cmake:66 (ament_execute_extensions)
[0.433s]   /opt/ros/humble/share/ament_cmake_auto/cmake/ament_auto_package.cmake:102 (ament_package)
[0.433s]   CMakeLists.txt:7 (ament_auto_package)
[0.433s] 
[0.434s] [0m
[0.434s] -- Configuring incomplete, errors occurred!
[0.434s] See also "/home/fiend/voice_grab/ros2_ws/build/robotiq_2f_140_gripper_visualization/CMakeFiles/CMakeOutput.log".
