[0.015s] Invoking command in '/home/fiend/voice_grab/ros2_ws/build/zed_wrapper': AMENT_PREFIX_PATH=/home/fiend/voice_grab/ros2_ws/install/zed_components:/home/fiend/voice_grab/ros2_ws/install/zed_interfaces:${AMENT_PREFIX_PATH} CMAKE_PREFIX_PATH=/home/fiend/voice_grab/ros2_ws/install/zed_components:/home/fiend/voice_grab/ros2_ws/install/zed_interfaces:/home/fiend/Navigation_Bot/dev_ws/install/navigation_bot:/home/fiend/voice_grab/ros2_ws/install/voice_grabber:/home/fiend/voice_grab/ros2_ws/install/ur_robotiq:/home/fiend/voice_grab/ros2_ws/install/ur_robotiq_description:/home/fiend/LineFollowingRobot/ros_ws/install/line_bhakt:/home/fiend/ROS/practice_codes_ROS2/articubot_one/install/articubot_one:/opt/ros/humble LD_LIBRARY_PATH=/home/fiend/voice_grab/ros2_ws/install/zed_components/lib:/home/fiend/voice_grab/ros2_ws/install/zed_interfaces/lib:${LD_LIBRARY_PATH} PS1=
\[[38;5;156m\]\[[0m\]\[[38;5;166m\]ros2_ws\[[0m\]\[[38;5;166m\]\[[0m\] on \[[38;5;162m\] \[[0m\]\[[38;5;162m\]master\[[0m\] underwent \[[36m\]9s\[[0m\]
\[[1;38;5;166m\]➜\[[0m\] PYTHONPATH=/home/fiend/voice_grab/ros2_ws/install/zed_interfaces/local/lib/python3.10/dist-packages:${PYTHONPATH} /usr/bin/cmake /home/fiend/voice_grab/ros2_ws/src/zed-ros2-wrapper/zed_wrapper -DCMAKE_BUILD_TYPE=Release -DAMENT_CMAKE_SYMLINK_INSTALL=1 -DCMAKE_INSTALL_PREFIX=/home/fiend/voice_grab/ros2_ws/install/zed_wrapper
[0.071s] -- The C compiler identification is GNU 11.4.0
[0.119s] -- The CXX compiler identification is GNU 11.4.0
[0.128s] -- Detecting C compiler ABI info
[0.182s] -- Detecting C compiler ABI info - done
[0.189s] -- Check for working C compiler: /usr/bin/cc - skipped
[0.189s] -- Detecting C compile features
[0.190s] -- Detecting C compile features - done
[0.193s] -- Detecting CXX compiler ABI info
[0.255s] -- Detecting CXX compiler ABI info - done
[0.263s] -- Check for working CXX compiler: /usr/bin/c++ - skipped
[0.264s] -- Detecting CXX compile features
[0.264s] -- Detecting CXX compile features - done
[0.271s] -- Looking for sgemm_
[0.324s] -- Looking for sgemm_ - not found
[0.325s] -- Looking for pthread.h
[0.384s] -- Looking for pthread.h - found
[0.384s] -- Performing Test CMAKE_HAVE_LIBC_PTHREAD
[0.441s] -- Performing Test CMAKE_HAVE_LIBC_PTHREAD - Success
[0.442s] -- Found Threads: TRUE  
[0.473s] -- Looking for sgemm_
[0.563s] -- Looking for sgemm_ - found
[0.564s] -- Found BLAS: /usr/lib/x86_64-linux-gnu/libopenblas.so  
[0.584s] -- Found CUDA: /usr/local/cuda (found suitable version "12.4", minimum required is "12") 
[0.759s] -- Found CUDA: /usr/local/cuda (found version "12.4") 
[0.762s] -- Found ament_cmake_auto: 1.3.8 (/opt/ros/humble/share/ament_cmake_auto/cmake)
[0.909s] -- Found Python3: /usr/bin/python3 (found version "3.10.12") found components: Interpreter 
[0.973s] -- Override CMake install command with custom implementation using symlinks instead of copying resources
[1.125s] -- Found rosidl_generator_c: 3.1.5 (/opt/ros/humble/share/rosidl_generator_c/cmake)
[1.132s] -- Found rosidl_adapter: 3.1.5 (/opt/ros/humble/share/rosidl_adapter/cmake)
[1.143s] -- Found rosidl_generator_cpp: 3.1.5 (/opt/ros/humble/share/rosidl_generator_cpp/cmake)
[1.163s] -- Using all available rosidl_typesupport_c: rosidl_typesupport_fastrtps_c;rosidl_typesupport_introspection_c
[1.186s] -- Using all available rosidl_typesupport_cpp: rosidl_typesupport_fastrtps_cpp;rosidl_typesupport_introspection_cpp
[1.270s] -- Found rmw_implementation_cmake: 6.1.1 (/opt/ros/humble/share/rmw_implementation_cmake/cmake)
[1.274s] -- Found rmw_fastrtps_cpp: 6.2.6 (/opt/ros/humble/share/rmw_fastrtps_cpp/cmake)
[1.372s] -- Found OpenSSL: /usr/lib/x86_64-linux-gnu/libcrypto.so (found version "3.0.2")  
[1.394s] -- Found FastRTPS: /opt/ros/humble/include  
[1.438s] -- Using RMW implementation 'rmw_fastrtps_cpp' as default
[2.173s] -- Found eigen3_cmake_module: 0.1.1 (/opt/ros/humble/share/eigen3_cmake_module/cmake)
[2.174s] -- Found Eigen3: TRUE (found version "3.4.0") 
[2.174s] -- Ensuring Eigen3 include directory is part of orocos-kdl CMake target
[3.113s] -- Found ament_lint_auto: 0.12.10 (/opt/ros/humble/share/ament_lint_auto/cmake)
[3.710s] -- Added test 'copyright' to check source files copyright and LICENSE
[3.714s] -- Added test 'cppcheck' to perform static code analysis on C / C++ code
[3.715s] -- Configured cppcheck include dirs: /home/fiend/voice_grab/ros2_ws/src/zed-ros2-wrapper/zed_wrapper/src
[3.715s] -- Configured cppcheck exclude dirs and/or files: 
[3.716s] -- Added test 'lint_cmake' to check CMake code style
[3.716s] -- Added test 'pep257' to check Python code against some of the docstring style conventions in PEP 257
[3.718s] -- Added test 'uncrustify' to check C / C++ code style
[3.718s] -- Configured uncrustify additional arguments: 
[3.719s] -- Added test 'xmllint' to check XML markup files
[3.720s] -- Configuring done
[3.758s] -- Generating done
[3.760s] -- Build files have been written to: /home/fiend/voice_grab/ros2_ws/build/zed_wrapper
[3.770s] Invoked command in '/home/fiend/voice_grab/ros2_ws/build/zed_wrapper' returned '0': AMENT_PREFIX_PATH=/home/fiend/voice_grab/ros2_ws/install/zed_components:/home/fiend/voice_grab/ros2_ws/install/zed_interfaces:${AMENT_PREFIX_PATH} CMAKE_PREFIX_PATH=/home/fiend/voice_grab/ros2_ws/install/zed_components:/home/fiend/voice_grab/ros2_ws/install/zed_interfaces:/home/fiend/Navigation_Bot/dev_ws/install/navigation_bot:/home/fiend/voice_grab/ros2_ws/install/voice_grabber:/home/fiend/voice_grab/ros2_ws/install/ur_robotiq:/home/fiend/voice_grab/ros2_ws/install/ur_robotiq_description:/home/fiend/LineFollowingRobot/ros_ws/install/line_bhakt:/home/fiend/ROS/practice_codes_ROS2/articubot_one/install/articubot_one:/opt/ros/humble LD_LIBRARY_PATH=/home/fiend/voice_grab/ros2_ws/install/zed_components/lib:/home/fiend/voice_grab/ros2_ws/install/zed_interfaces/lib:${LD_LIBRARY_PATH} PS1=
\[[38;5;156m\]\[[0m\]\[[38;5;166m\]ros2_ws\[[0m\]\[[38;5;166m\]\[[0m\] on \[[38;5;162m\] \[[0m\]\[[38;5;162m\]master\[[0m\] underwent \[[36m\]9s\[[0m\]
\[[1;38;5;166m\]➜\[[0m\] PYTHONPATH=/home/fiend/voice_grab/ros2_ws/install/zed_interfaces/local/lib/python3.10/dist-packages:${PYTHONPATH} /usr/bin/cmake /home/fiend/voice_grab/ros2_ws/src/zed-ros2-wrapper/zed_wrapper -DCMAKE_BUILD_TYPE=Release -DAMENT_CMAKE_SYMLINK_INSTALL=1 -DCMAKE_INSTALL_PREFIX=/home/fiend/voice_grab/ros2_ws/install/zed_wrapper
[3.771s] Invoking command in '/home/fiend/voice_grab/ros2_ws/build/zed_wrapper': AMENT_PREFIX_PATH=/home/fiend/voice_grab/ros2_ws/install/zed_components:/home/fiend/voice_grab/ros2_ws/install/zed_interfaces:${AMENT_PREFIX_PATH} CMAKE_PREFIX_PATH=/home/fiend/voice_grab/ros2_ws/install/zed_components:/home/fiend/voice_grab/ros2_ws/install/zed_interfaces:/home/fiend/Navigation_Bot/dev_ws/install/navigation_bot:/home/fiend/voice_grab/ros2_ws/install/voice_grabber:/home/fiend/voice_grab/ros2_ws/install/ur_robotiq:/home/fiend/voice_grab/ros2_ws/install/ur_robotiq_description:/home/fiend/LineFollowingRobot/ros_ws/install/line_bhakt:/home/fiend/ROS/practice_codes_ROS2/articubot_one/install/articubot_one:/opt/ros/humble LD_LIBRARY_PATH=/home/fiend/voice_grab/ros2_ws/install/zed_components/lib:/home/fiend/voice_grab/ros2_ws/install/zed_interfaces/lib:${LD_LIBRARY_PATH} PS1=
\[[38;5;156m\]\[[0m\]\[[38;5;166m\]ros2_ws\[[0m\]\[[38;5;166m\]\[[0m\] on \[[38;5;162m\] \[[0m\]\[[38;5;162m\]master\[[0m\] underwent \[[36m\]9s\[[0m\]
\[[1;38;5;166m\]➜\[[0m\] PYTHONPATH=/home/fiend/voice_grab/ros2_ws/install/zed_interfaces/local/lib/python3.10/dist-packages:${PYTHONPATH} /usr/bin/cmake --build /home/fiend/voice_grab/ros2_ws/build/zed_wrapper -- -j8 -l8
[3.811s] [ 50%] [32mBuilding CXX object CMakeFiles/zed_wrapper.dir/src/zed_wrapper.cpp.o[0m
[6.141s] In file included from [01m[K/home/fiend/voice_grab/ros2_ws/install/zed_components/include/zed_components/zed_camera_component.hpp:19[m[K,
[6.141s]                  from [01m[K/home/fiend/voice_grab/ros2_ws/src/zed-ros2-wrapper/zed_wrapper/src/zed_wrapper.cpp:17[m[K:
[6.141s] [01m[K/usr/local/zed/include/sl/Fusion.hpp:68:64:[m[K [36m[Knote: [m[K‘[01m[K#pragma message: ~ FUSION SDK is distributed in Early Access ~[m[K’
[6.142s]    68 | #pragma message("~ FUSION SDK is distributed in Early Access ~"[36m[K)[m[K
[6.142s]       |                                                                [36m[K^[m[K
[8.287s] [100%] [32m[1mLinking CXX executable zed_wrapper[0m
[8.564s] [100%] Built target zed_wrapper
[8.573s] Invoked command in '/home/fiend/voice_grab/ros2_ws/build/zed_wrapper' returned '0': AMENT_PREFIX_PATH=/home/fiend/voice_grab/ros2_ws/install/zed_components:/home/fiend/voice_grab/ros2_ws/install/zed_interfaces:${AMENT_PREFIX_PATH} CMAKE_PREFIX_PATH=/home/fiend/voice_grab/ros2_ws/install/zed_components:/home/fiend/voice_grab/ros2_ws/install/zed_interfaces:/home/fiend/Navigation_Bot/dev_ws/install/navigation_bot:/home/fiend/voice_grab/ros2_ws/install/voice_grabber:/home/fiend/voice_grab/ros2_ws/install/ur_robotiq:/home/fiend/voice_grab/ros2_ws/install/ur_robotiq_description:/home/fiend/LineFollowingRobot/ros_ws/install/line_bhakt:/home/fiend/ROS/practice_codes_ROS2/articubot_one/install/articubot_one:/opt/ros/humble LD_LIBRARY_PATH=/home/fiend/voice_grab/ros2_ws/install/zed_components/lib:/home/fiend/voice_grab/ros2_ws/install/zed_interfaces/lib:${LD_LIBRARY_PATH} PS1=
\[[38;5;156m\]\[[0m\]\[[38;5;166m\]ros2_ws\[[0m\]\[[38;5;166m\]\[[0m\] on \[[38;5;162m\] \[[0m\]\[[38;5;162m\]master\[[0m\] underwent \[[36m\]9s\[[0m\]
\[[1;38;5;166m\]➜\[[0m\] PYTHONPATH=/home/fiend/voice_grab/ros2_ws/install/zed_interfaces/local/lib/python3.10/dist-packages:${PYTHONPATH} /usr/bin/cmake --build /home/fiend/voice_grab/ros2_ws/build/zed_wrapper -- -j8 -l8
[8.592s] Invoking command in '/home/fiend/voice_grab/ros2_ws/build/zed_wrapper': AMENT_PREFIX_PATH=/home/fiend/voice_grab/ros2_ws/install/zed_components:/home/fiend/voice_grab/ros2_ws/install/zed_interfaces:${AMENT_PREFIX_PATH} CMAKE_PREFIX_PATH=/home/fiend/voice_grab/ros2_ws/install/zed_components:/home/fiend/voice_grab/ros2_ws/install/zed_interfaces:/home/fiend/Navigation_Bot/dev_ws/install/navigation_bot:/home/fiend/voice_grab/ros2_ws/install/voice_grabber:/home/fiend/voice_grab/ros2_ws/install/ur_robotiq:/home/fiend/voice_grab/ros2_ws/install/ur_robotiq_description:/home/fiend/LineFollowingRobot/ros_ws/install/line_bhakt:/home/fiend/ROS/practice_codes_ROS2/articubot_one/install/articubot_one:/opt/ros/humble LD_LIBRARY_PATH=/home/fiend/voice_grab/ros2_ws/install/zed_components/lib:/home/fiend/voice_grab/ros2_ws/install/zed_interfaces/lib:${LD_LIBRARY_PATH} PS1=
\[[38;5;156m\]\[[0m\]\[[38;5;166m\]ros2_ws\[[0m\]\[[38;5;166m\]\[[0m\] on \[[38;5;162m\] \[[0m\]\[[38;5;162m\]master\[[0m\] underwent \[[36m\]9s\[[0m\]
\[[1;38;5;166m\]➜\[[0m\] PYTHONPATH=/home/fiend/voice_grab/ros2_ws/install/zed_interfaces/local/lib/python3.10/dist-packages:${PYTHONPATH} /usr/bin/cmake --install /home/fiend/voice_grab/ros2_ws/build/zed_wrapper
[8.598s] -- Install configuration: "Release"
[8.598s] -- Execute custom install script
[8.598s] -- Symlinking: /home/fiend/voice_grab/ros2_ws/install/zed_wrapper/lib/zed_wrapper/zed_wrapper
[8.606s] -- Symlinking: /home/fiend/voice_grab/ros2_ws/install/zed_wrapper/share/zed_wrapper/config/common.yaml
[8.612s] -- Symlinking: /home/fiend/voice_grab/ros2_ws/install/zed_wrapper/share/zed_wrapper/config/zed.yaml
[8.619s] -- Symlinking: /home/fiend/voice_grab/ros2_ws/install/zed_wrapper/share/zed_wrapper/config/zed2.yaml
[8.626s] -- Symlinking: /home/fiend/voice_grab/ros2_ws/install/zed_wrapper/share/zed_wrapper/config/zed2i.yaml
[8.633s] -- Symlinking: /home/fiend/voice_grab/ros2_ws/install/zed_wrapper/share/zed_wrapper/config/zedm.yaml
[8.640s] -- Symlinking: /home/fiend/voice_grab/ros2_ws/install/zed_wrapper/share/zed_wrapper/config/zedx.yaml
[8.647s] -- Symlinking: /home/fiend/voice_grab/ros2_ws/install/zed_wrapper/share/zed_wrapper/config/zedxm.yaml
[8.655s] -- Symlinking: /home/fiend/voice_grab/ros2_ws/install/zed_wrapper/share/zed_wrapper/urdf/include/materials.urdf.xacro
[8.662s] -- Symlinking: /home/fiend/voice_grab/ros2_ws/install/zed_wrapper/share/zed_wrapper/urdf/zed_descr.urdf.xacro
[8.668s] -- Symlinking: /home/fiend/voice_grab/ros2_ws/install/zed_wrapper/share/zed_wrapper/urdf/zed_macro.urdf.xacro
[8.676s] -- Symlinking: /home/fiend/voice_grab/ros2_ws/install/zed_wrapper/share/zed_wrapper/launch/obsolete/zed.launch.py
[8.682s] -- Symlinking: /home/fiend/voice_grab/ros2_ws/install/zed_wrapper/share/zed_wrapper/launch/obsolete/zed2.launch.py
[8.690s] -- Symlinking: /home/fiend/voice_grab/ros2_ws/install/zed_wrapper/share/zed_wrapper/launch/obsolete/zed2i.launch.py
[8.696s] -- Symlinking: /home/fiend/voice_grab/ros2_ws/install/zed_wrapper/share/zed_wrapper/launch/obsolete/zedm.launch.py
[8.703s] -- Symlinking: /home/fiend/voice_grab/ros2_ws/install/zed_wrapper/share/zed_wrapper/launch/obsolete/zedx.launch.py
[8.710s] -- Symlinking: /home/fiend/voice_grab/ros2_ws/install/zed_wrapper/share/zed_wrapper/launch/obsolete/zedxm.launch.py
[8.717s] -- Symlinking: /home/fiend/voice_grab/ros2_ws/install/zed_wrapper/share/zed_wrapper/launch/zed_camera.launch.py
[8.724s] -- Symlinking: /home/fiend/voice_grab/ros2_ws/install/zed_wrapper/share/ament_index/resource_index/package_run_dependencies/zed_wrapper
[8.731s] -- Symlinking: /home/fiend/voice_grab/ros2_ws/install/zed_wrapper/share/ament_index/resource_index/parent_prefix_path/zed_wrapper
[8.738s] -- Symlinking: /home/fiend/voice_grab/ros2_ws/install/zed_wrapper/share/zed_wrapper/environment/ament_prefix_path.sh
[8.745s] -- Symlinking: /home/fiend/voice_grab/ros2_ws/install/zed_wrapper/share/zed_wrapper/environment/ament_prefix_path.dsv
[8.753s] -- Symlinking: /home/fiend/voice_grab/ros2_ws/install/zed_wrapper/share/zed_wrapper/environment/path.sh
[8.760s] -- Symlinking: /home/fiend/voice_grab/ros2_ws/install/zed_wrapper/share/zed_wrapper/environment/path.dsv
[8.767s] -- Symlinking: /home/fiend/voice_grab/ros2_ws/install/zed_wrapper/share/zed_wrapper/local_setup.bash
[8.774s] -- Symlinking: /home/fiend/voice_grab/ros2_ws/install/zed_wrapper/share/zed_wrapper/local_setup.sh
[8.781s] -- Symlinking: /home/fiend/voice_grab/ros2_ws/install/zed_wrapper/share/zed_wrapper/local_setup.zsh
[8.788s] -- Symlinking: /home/fiend/voice_grab/ros2_ws/install/zed_wrapper/share/zed_wrapper/local_setup.dsv
[8.795s] -- Symlinking: /home/fiend/voice_grab/ros2_ws/install/zed_wrapper/share/zed_wrapper/package.dsv
[8.802s] -- Symlinking: /home/fiend/voice_grab/ros2_ws/install/zed_wrapper/share/ament_index/resource_index/packages/zed_wrapper
[8.809s] -- Symlinking: /home/fiend/voice_grab/ros2_ws/install/zed_wrapper/share/zed_wrapper/cmake/zed_wrapperConfig.cmake
[8.815s] -- Symlinking: /home/fiend/voice_grab/ros2_ws/install/zed_wrapper/share/zed_wrapper/cmake/zed_wrapperConfig-version.cmake
[8.822s] -- Symlinking: /home/fiend/voice_grab/ros2_ws/install/zed_wrapper/share/zed_wrapper/package.xml
[8.831s] Invoked command in '/home/fiend/voice_grab/ros2_ws/build/zed_wrapper' returned '0': AMENT_PREFIX_PATH=/home/fiend/voice_grab/ros2_ws/install/zed_components:/home/fiend/voice_grab/ros2_ws/install/zed_interfaces:${AMENT_PREFIX_PATH} CMAKE_PREFIX_PATH=/home/fiend/voice_grab/ros2_ws/install/zed_components:/home/fiend/voice_grab/ros2_ws/install/zed_interfaces:/home/fiend/Navigation_Bot/dev_ws/install/navigation_bot:/home/fiend/voice_grab/ros2_ws/install/voice_grabber:/home/fiend/voice_grab/ros2_ws/install/ur_robotiq:/home/fiend/voice_grab/ros2_ws/install/ur_robotiq_description:/home/fiend/LineFollowingRobot/ros_ws/install/line_bhakt:/home/fiend/ROS/practice_codes_ROS2/articubot_one/install/articubot_one:/opt/ros/humble LD_LIBRARY_PATH=/home/fiend/voice_grab/ros2_ws/install/zed_components/lib:/home/fiend/voice_grab/ros2_ws/install/zed_interfaces/lib:${LD_LIBRARY_PATH} PS1=
\[[38;5;156m\]\[[0m\]\[[38;5;166m\]ros2_ws\[[0m\]\[[38;5;166m\]\[[0m\] on \[[38;5;162m\] \[[0m\]\[[38;5;162m\]master\[[0m\] underwent \[[36m\]9s\[[0m\]
\[[1;38;5;166m\]➜\[[0m\] PYTHONPATH=/home/fiend/voice_grab/ros2_ws/install/zed_interfaces/local/lib/python3.10/dist-packages:${PYTHONPATH} /usr/bin/cmake --install /home/fiend/voice_grab/ros2_ws/build/zed_wrapper
