[0.203s] DEBUG:colcon:Command line arguments: ['/usr/bin/colcon', 'build', '--symlink-install']
[0.203s] DEBUG:colcon:Parsed command line arguments: Namespace(log_base=None, log_level=None, verb_name='build', build_base='build', install_base='install', merge_install=False, symlink_install=True, test_result_base=None, continue_on_error=False, executor='parallel', parallel_workers=8, event_handlers=None, ignore_user_meta=False, metas=['./colcon.meta'], base_paths=['.'], packages_ignore=None, packages_ignore_regex=None, paths=None, packages_up_to=None, packages_up_to_regex=None, packages_above=None, packages_above_and_dependencies=None, packages_above_depth=None, packages_select_by_dep=None, packages_skip_by_dep=None, packages_skip_up_to=None, packages_select_build_failed=False, packages_skip_build_finished=False, packages_select_test_failures=False, packages_skip_test_passed=False, packages_select=None, packages_skip=None, packages_select_regex=None, packages_skip_regex=None, packages_start=None, packages_end=None, allow_overriding=[], cmake_args=None, cmake_target=None, cmake_target_skip_unavailable=False, cmake_clean_cache=False, cmake_clean_first=False, cmake_force_configure=False, ament_cmake_args=None, catkin_cmake_args=None, catkin_skip_building_tests=False, mixin_files=None, mixin=None, verb_parser=<colcon_mixin.mixin.mixin_argument.MixinArgumentDecorator object at 0x7cecdac43b50>, verb_extension=<colcon_core.verb.build.BuildVerb object at 0x7cecdac437f0>, main=<bound method BuildVerb.main of <colcon_core.verb.build.BuildVerb object at 0x7cecdac437f0>>, mixin_verb=('build',))
[0.471s] Level 1:colcon.colcon_core.package_discovery:discover_packages(colcon_meta) check parameters
[0.471s] Level 1:colcon.colcon_core.package_discovery:discover_packages(recursive) check parameters
[0.471s] Level 1:colcon.colcon_core.package_discovery:discover_packages(ignore) check parameters
[0.471s] Level 1:colcon.colcon_core.package_discovery:discover_packages(path) check parameters
[0.471s] Level 1:colcon.colcon_core.package_discovery:discover_packages(colcon_meta) discover
[0.471s] Level 1:colcon.colcon_core.package_discovery:discover_packages(recursive) discover
[0.471s] INFO:colcon.colcon_core.package_discovery:Crawling recursively for packages in '/home/fiend/voice_grab/ros2_ws'
[0.471s] Level 1:colcon.colcon_core.package_identification:_identify(.) by extensions ['ignore', 'ignore_ament_install']
[0.471s] Level 1:colcon.colcon_core.package_identification:_identify(.) by extension 'ignore'
[0.471s] Level 1:colcon.colcon_core.package_identification:_identify(.) by extension 'ignore_ament_install'
[0.471s] Level 1:colcon.colcon_core.package_identification:_identify(.) by extensions ['colcon_pkg']
[0.471s] Level 1:colcon.colcon_core.package_identification:_identify(.) by extension 'colcon_pkg'
[0.471s] Level 1:colcon.colcon_core.package_identification:_identify(.) by extensions ['colcon_meta']
[0.471s] Level 1:colcon.colcon_core.package_identification:_identify(.) by extension 'colcon_meta'
[0.471s] Level 1:colcon.colcon_core.package_identification:_identify(.) by extensions ['ros']
[0.471s] Level 1:colcon.colcon_core.package_identification:_identify(.) by extension 'ros'
[0.492s] Level 1:colcon.colcon_core.package_identification:_identify(.) by extensions ['cmake', 'python']
[0.492s] Level 1:colcon.colcon_core.package_identification:_identify(.) by extension 'cmake'
[0.493s] Level 1:colcon.colcon_core.package_identification:_identify(.) by extension 'python'
[0.493s] Level 1:colcon.colcon_core.package_identification:_identify(.) by extensions ['python_setup_py']
[0.493s] Level 1:colcon.colcon_core.package_identification:_identify(.) by extension 'python_setup_py'
[0.493s] Level 1:colcon.colcon_core.package_identification:_identify(build) by extensions ['ignore', 'ignore_ament_install']
[0.493s] Level 1:colcon.colcon_core.package_identification:_identify(build) by extension 'ignore'
[0.493s] Level 1:colcon.colcon_core.package_identification:_identify(build) ignored
[0.493s] Level 1:colcon.colcon_core.package_identification:_identify(install) by extensions ['ignore', 'ignore_ament_install']
[0.493s] Level 1:colcon.colcon_core.package_identification:_identify(install) by extension 'ignore'
[0.493s] Level 1:colcon.colcon_core.package_identification:_identify(install) ignored
[0.493s] Level 1:colcon.colcon_core.package_identification:_identify(log) by extensions ['ignore', 'ignore_ament_install']
[0.493s] Level 1:colcon.colcon_core.package_identification:_identify(log) by extension 'ignore'
[0.493s] Level 1:colcon.colcon_core.package_identification:_identify(log) ignored
[0.493s] Level 1:colcon.colcon_core.package_identification:_identify(src) by extensions ['ignore', 'ignore_ament_install']
[0.494s] Level 1:colcon.colcon_core.package_identification:_identify(src) by extension 'ignore'
[0.494s] Level 1:colcon.colcon_core.package_identification:_identify(src) by extension 'ignore_ament_install'
[0.494s] Level 1:colcon.colcon_core.package_identification:_identify(src) by extensions ['colcon_pkg']
[0.494s] Level 1:colcon.colcon_core.package_identification:_identify(src) by extension 'colcon_pkg'
[0.494s] Level 1:colcon.colcon_core.package_identification:_identify(src) by extensions ['colcon_meta']
[0.494s] Level 1:colcon.colcon_core.package_identification:_identify(src) by extension 'colcon_meta'
[0.494s] Level 1:colcon.colcon_core.package_identification:_identify(src) by extensions ['ros']
[0.494s] Level 1:colcon.colcon_core.package_identification:_identify(src) by extension 'ros'
[0.494s] Level 1:colcon.colcon_core.package_identification:_identify(src) by extensions ['cmake', 'python']
[0.494s] Level 1:colcon.colcon_core.package_identification:_identify(src) by extension 'cmake'
[0.494s] Level 1:colcon.colcon_core.package_identification:_identify(src) by extension 'python'
[0.494s] Level 1:colcon.colcon_core.package_identification:_identify(src) by extensions ['python_setup_py']
[0.494s] Level 1:colcon.colcon_core.package_identification:_identify(src) by extension 'python_setup_py'
[0.494s] Level 1:colcon.colcon_core.package_identification:_identify(src/ur_robotiq) by extensions ['ignore', 'ignore_ament_install']
[0.494s] Level 1:colcon.colcon_core.package_identification:_identify(src/ur_robotiq) by extension 'ignore'
[0.494s] Level 1:colcon.colcon_core.package_identification:_identify(src/ur_robotiq) by extension 'ignore_ament_install'
[0.494s] Level 1:colcon.colcon_core.package_identification:_identify(src/ur_robotiq) by extensions ['colcon_pkg']
[0.494s] Level 1:colcon.colcon_core.package_identification:_identify(src/ur_robotiq) by extension 'colcon_pkg'
[0.495s] Level 1:colcon.colcon_core.package_identification:_identify(src/ur_robotiq) by extensions ['colcon_meta']
[0.495s] Level 1:colcon.colcon_core.package_identification:_identify(src/ur_robotiq) by extension 'colcon_meta'
[0.495s] Level 1:colcon.colcon_core.package_identification:_identify(src/ur_robotiq) by extensions ['ros']
[0.495s] Level 1:colcon.colcon_core.package_identification:_identify(src/ur_robotiq) by extension 'ros'
[0.495s] Level 1:colcon.colcon_core.package_identification:_identify(src/ur_robotiq) by extensions ['cmake', 'python']
[0.495s] Level 1:colcon.colcon_core.package_identification:_identify(src/ur_robotiq) by extension 'cmake'
[0.495s] Level 1:colcon.colcon_core.package_identification:_identify(src/ur_robotiq) by extension 'python'
[0.495s] Level 1:colcon.colcon_core.package_identification:_identify(src/ur_robotiq) by extensions ['python_setup_py']
[0.495s] Level 1:colcon.colcon_core.package_identification:_identify(src/ur_robotiq) by extension 'python_setup_py'
[0.495s] Level 1:colcon.colcon_core.package_identification:_identify(src/ur_robotiq/ur_robotiq) by extensions ['ignore', 'ignore_ament_install']
[0.495s] Level 1:colcon.colcon_core.package_identification:_identify(src/ur_robotiq/ur_robotiq) by extension 'ignore'
[0.495s] Level 1:colcon.colcon_core.package_identification:_identify(src/ur_robotiq/ur_robotiq) by extension 'ignore_ament_install'
[0.495s] Level 1:colcon.colcon_core.package_identification:_identify(src/ur_robotiq/ur_robotiq) by extensions ['colcon_pkg']
[0.495s] Level 1:colcon.colcon_core.package_identification:_identify(src/ur_robotiq/ur_robotiq) by extension 'colcon_pkg'
[0.495s] Level 1:colcon.colcon_core.package_identification:_identify(src/ur_robotiq/ur_robotiq) by extensions ['colcon_meta']
[0.496s] Level 1:colcon.colcon_core.package_identification:_identify(src/ur_robotiq/ur_robotiq) by extension 'colcon_meta'
[0.496s] Level 1:colcon.colcon_core.package_identification:_identify(src/ur_robotiq/ur_robotiq) by extensions ['ros']
[0.496s] Level 1:colcon.colcon_core.package_identification:_identify(src/ur_robotiq/ur_robotiq) by extension 'ros'
[0.498s] DEBUG:colcon.colcon_core.package_identification:Package 'src/ur_robotiq/ur_robotiq' with type 'ros.ament_cmake' and name 'ur_robotiq'
[0.498s] Level 1:colcon.colcon_core.package_identification:_identify(src/ur_robotiq/ur_robotiq_description) by extensions ['ignore', 'ignore_ament_install']
[0.498s] Level 1:colcon.colcon_core.package_identification:_identify(src/ur_robotiq/ur_robotiq_description) by extension 'ignore'
[0.499s] Level 1:colcon.colcon_core.package_identification:_identify(src/ur_robotiq/ur_robotiq_description) by extension 'ignore_ament_install'
[0.499s] Level 1:colcon.colcon_core.package_identification:_identify(src/ur_robotiq/ur_robotiq_description) by extensions ['colcon_pkg']
[0.499s] Level 1:colcon.colcon_core.package_identification:_identify(src/ur_robotiq/ur_robotiq_description) by extension 'colcon_pkg'
[0.499s] Level 1:colcon.colcon_core.package_identification:_identify(src/ur_robotiq/ur_robotiq_description) by extensions ['colcon_meta']
[0.499s] Level 1:colcon.colcon_core.package_identification:_identify(src/ur_robotiq/ur_robotiq_description) by extension 'colcon_meta'
[0.499s] Level 1:colcon.colcon_core.package_identification:_identify(src/ur_robotiq/ur_robotiq_description) by extensions ['ros']
[0.499s] Level 1:colcon.colcon_core.package_identification:_identify(src/ur_robotiq/ur_robotiq_description) by extension 'ros'
[0.499s] DEBUG:colcon.colcon_core.package_identification:Package 'src/ur_robotiq/ur_robotiq_description' with type 'ros.ament_cmake' and name 'ur_robotiq_description'
[0.500s] Level 1:colcon.colcon_core.package_identification:_identify(src/voice_grabber) by extensions ['ignore', 'ignore_ament_install']
[0.500s] Level 1:colcon.colcon_core.package_identification:_identify(src/voice_grabber) by extension 'ignore'
[0.500s] Level 1:colcon.colcon_core.package_identification:_identify(src/voice_grabber) by extension 'ignore_ament_install'
[0.500s] Level 1:colcon.colcon_core.package_identification:_identify(src/voice_grabber) by extensions ['colcon_pkg']
[0.500s] Level 1:colcon.colcon_core.package_identification:_identify(src/voice_grabber) by extension 'colcon_pkg'
[0.500s] Level 1:colcon.colcon_core.package_identification:_identify(src/voice_grabber) by extensions ['colcon_meta']
[0.500s] Level 1:colcon.colcon_core.package_identification:_identify(src/voice_grabber) by extension 'colcon_meta'
[0.500s] Level 1:colcon.colcon_core.package_identification:_identify(src/voice_grabber) by extensions ['ros']
[0.500s] Level 1:colcon.colcon_core.package_identification:_identify(src/voice_grabber) by extension 'ros'
[0.501s] DEBUG:colcon.colcon_core.package_identification:Package 'src/voice_grabber' with type 'ros.ament_cmake' and name 'voice_grabber'
[0.501s] Level 1:colcon.colcon_core.package_discovery:discover_packages(recursive) using defaults
[0.501s] Level 1:colcon.colcon_core.package_discovery:discover_packages(ignore) discover
[0.501s] Level 1:colcon.colcon_core.package_discovery:discover_packages(ignore) using defaults
[0.501s] Level 1:colcon.colcon_core.package_discovery:discover_packages(path) discover
[0.501s] Level 1:colcon.colcon_core.package_discovery:discover_packages(path) using defaults
[0.526s] Level 1:colcon.colcon_core.package_discovery:discover_packages(prefix_path) check parameters
[0.526s] Level 1:colcon.colcon_core.package_discovery:discover_packages(prefix_path) discover
[0.529s] DEBUG:colcon.colcon_installed_package_information.package_discovery:Found 7 installed packages in /home/fiend/voice_grab/ros2_ws/install
[0.530s] DEBUG:colcon.colcon_installed_package_information.package_discovery:Found 1 installed packages in /home/fiend/Navigation_Bot/dev_ws/install
[0.530s] DEBUG:colcon.colcon_installed_package_information.package_discovery:Found 1 installed packages in /home/fiend/LineFollowingRobot/ros_ws/install
[0.531s] DEBUG:colcon.colcon_installed_package_information.package_discovery:Found 1 installed packages in /home/fiend/ROS/practice_codes_ROS2/articubot_one/install
[0.532s] DEBUG:colcon.colcon_installed_package_information.package_discovery:Found 444 installed packages in /opt/ros/humble
[0.534s] Level 1:colcon.colcon_core.package_discovery:discover_packages(prefix_path) using defaults
[0.596s] Level 5:colcon.colcon_core.verb:set package 'ur_robotiq_description' build argument 'cmake_args' from command line to 'None'
[0.597s] Level 5:colcon.colcon_core.verb:set package 'ur_robotiq_description' build argument 'cmake_target' from command line to 'None'
[0.597s] Level 5:colcon.colcon_core.verb:set package 'ur_robotiq_description' build argument 'cmake_target_skip_unavailable' from command line to 'False'
[0.597s] Level 5:colcon.colcon_core.verb:set package 'ur_robotiq_description' build argument 'cmake_clean_cache' from command line to 'False'
[0.597s] Level 5:colcon.colcon_core.verb:set package 'ur_robotiq_description' build argument 'cmake_clean_first' from command line to 'False'
[0.597s] Level 5:colcon.colcon_core.verb:set package 'ur_robotiq_description' build argument 'cmake_force_configure' from command line to 'False'
[0.597s] Level 5:colcon.colcon_core.verb:set package 'ur_robotiq_description' build argument 'ament_cmake_args' from command line to 'None'
[0.597s] Level 5:colcon.colcon_core.verb:set package 'ur_robotiq_description' build argument 'catkin_cmake_args' from command line to 'None'
[0.597s] Level 5:colcon.colcon_core.verb:set package 'ur_robotiq_description' build argument 'catkin_skip_building_tests' from command line to 'False'
[0.597s] DEBUG:colcon.colcon_core.verb:Building package 'ur_robotiq_description' with the following arguments: {'ament_cmake_args': None, 'build_base': '/home/fiend/voice_grab/ros2_ws/build/ur_robotiq_description', 'catkin_cmake_args': None, 'catkin_skip_building_tests': False, 'cmake_args': None, 'cmake_clean_cache': False, 'cmake_clean_first': False, 'cmake_force_configure': False, 'cmake_target': None, 'cmake_target_skip_unavailable': False, 'install_base': '/home/fiend/voice_grab/ros2_ws/install/ur_robotiq_description', 'merge_install': False, 'path': '/home/fiend/voice_grab/ros2_ws/src/ur_robotiq/ur_robotiq_description', 'symlink_install': True, 'test_result_base': None}
[0.597s] Level 5:colcon.colcon_core.verb:set package 'voice_grabber' build argument 'cmake_args' from command line to 'None'
[0.597s] Level 5:colcon.colcon_core.verb:set package 'voice_grabber' build argument 'cmake_target' from command line to 'None'
[0.597s] Level 5:colcon.colcon_core.verb:set package 'voice_grabber' build argument 'cmake_target_skip_unavailable' from command line to 'False'
[0.597s] Level 5:colcon.colcon_core.verb:set package 'voice_grabber' build argument 'cmake_clean_cache' from command line to 'False'
[0.597s] Level 5:colcon.colcon_core.verb:set package 'voice_grabber' build argument 'cmake_clean_first' from command line to 'False'
[0.597s] Level 5:colcon.colcon_core.verb:set package 'voice_grabber' build argument 'cmake_force_configure' from command line to 'False'
[0.597s] Level 5:colcon.colcon_core.verb:set package 'voice_grabber' build argument 'ament_cmake_args' from command line to 'None'
[0.597s] Level 5:colcon.colcon_core.verb:set package 'voice_grabber' build argument 'catkin_cmake_args' from command line to 'None'
[0.597s] Level 5:colcon.colcon_core.verb:set package 'voice_grabber' build argument 'catkin_skip_building_tests' from command line to 'False'
[0.597s] DEBUG:colcon.colcon_core.verb:Building package 'voice_grabber' with the following arguments: {'ament_cmake_args': None, 'build_base': '/home/fiend/voice_grab/ros2_ws/build/voice_grabber', 'catkin_cmake_args': None, 'catkin_skip_building_tests': False, 'cmake_args': None, 'cmake_clean_cache': False, 'cmake_clean_first': False, 'cmake_force_configure': False, 'cmake_target': None, 'cmake_target_skip_unavailable': False, 'install_base': '/home/fiend/voice_grab/ros2_ws/install/voice_grabber', 'merge_install': False, 'path': '/home/fiend/voice_grab/ros2_ws/src/voice_grabber', 'symlink_install': True, 'test_result_base': None}
[0.598s] Level 5:colcon.colcon_core.verb:set package 'ur_robotiq' build argument 'cmake_args' from command line to 'None'
[0.598s] Level 5:colcon.colcon_core.verb:set package 'ur_robotiq' build argument 'cmake_target' from command line to 'None'
[0.598s] Level 5:colcon.colcon_core.verb:set package 'ur_robotiq' build argument 'cmake_target_skip_unavailable' from command line to 'False'
[0.598s] Level 5:colcon.colcon_core.verb:set package 'ur_robotiq' build argument 'cmake_clean_cache' from command line to 'False'
[0.598s] Level 5:colcon.colcon_core.verb:set package 'ur_robotiq' build argument 'cmake_clean_first' from command line to 'False'
[0.598s] Level 5:colcon.colcon_core.verb:set package 'ur_robotiq' build argument 'cmake_force_configure' from command line to 'False'
[0.598s] Level 5:colcon.colcon_core.verb:set package 'ur_robotiq' build argument 'ament_cmake_args' from command line to 'None'
[0.598s] Level 5:colcon.colcon_core.verb:set package 'ur_robotiq' build argument 'catkin_cmake_args' from command line to 'None'
[0.598s] Level 5:colcon.colcon_core.verb:set package 'ur_robotiq' build argument 'catkin_skip_building_tests' from command line to 'False'
[0.598s] DEBUG:colcon.colcon_core.verb:Building package 'ur_robotiq' with the following arguments: {'ament_cmake_args': None, 'build_base': '/home/fiend/voice_grab/ros2_ws/build/ur_robotiq', 'catkin_cmake_args': None, 'catkin_skip_building_tests': False, 'cmake_args': None, 'cmake_clean_cache': False, 'cmake_clean_first': False, 'cmake_force_configure': False, 'cmake_target': None, 'cmake_target_skip_unavailable': False, 'install_base': '/home/fiend/voice_grab/ros2_ws/install/ur_robotiq', 'merge_install': False, 'path': '/home/fiend/voice_grab/ros2_ws/src/ur_robotiq/ur_robotiq', 'symlink_install': True, 'test_result_base': None}
[0.598s] INFO:colcon.colcon_core.executor:Executing jobs using 'parallel' executor
[0.599s] DEBUG:colcon.colcon_parallel_executor.executor.parallel:run_until_complete
[0.599s] INFO:colcon.colcon_ros.task.ament_cmake.build:Building ROS package in '/home/fiend/voice_grab/ros2_ws/src/ur_robotiq/ur_robotiq_description' with build type 'ament_cmake'
[0.599s] INFO:colcon.colcon_cmake.task.cmake.build:Building CMake package in '/home/fiend/voice_grab/ros2_ws/src/ur_robotiq/ur_robotiq_description'
[0.602s] INFO:colcon.colcon_core.plugin_system:Skipping extension 'colcon_core.shell.bat': Not used on non-Windows systems
[0.603s] INFO:colcon.colcon_core.shell:Skip shell extension 'powershell' for command environment: Not usable outside of PowerShell
[0.603s] DEBUG:colcon.colcon_core.shell:Skip shell extension 'dsv' for command environment
[0.607s] INFO:colcon.colcon_ros.task.ament_cmake.build:Building ROS package in '/home/fiend/voice_grab/ros2_ws/src/voice_grabber' with build type 'ament_cmake'
[0.608s] INFO:colcon.colcon_cmake.task.cmake.build:Building CMake package in '/home/fiend/voice_grab/ros2_ws/src/voice_grabber'
[0.608s] INFO:colcon.colcon_core.shell:Skip shell extension 'powershell' for command environment: Not usable outside of PowerShell
[0.608s] DEBUG:colcon.colcon_core.shell:Skip shell extension 'dsv' for command environment
[0.617s] DEBUG:colcon.colcon_core.event_handler.log_command:Invoking command in '/home/fiend/voice_grab/ros2_ws/build/ur_robotiq_description': CMAKE_PREFIX_PATH=${CMAKE_PREFIX_PATH}:/opt/ros/humble PS1=
\[[38;5;156m\]\[[0m\]\[[38;5;166m\]ros2_ws\[[0m\]\[[38;5;166m\]\[[0m\] on \[[38;5;162m\] \[[0m\]\[[38;5;162m\]main\[[0m\]
\[[1;38;5;166m\]➜\[[0m\] /usr/bin/cmake --build /home/fiend/voice_grab/ros2_ws/build/ur_robotiq_description -- -j8 -l8
[0.622s] DEBUG:colcon.colcon_core.event_handler.log_command:Invoking command in '/home/fiend/voice_grab/ros2_ws/build/voice_grabber': CMAKE_PREFIX_PATH=${CMAKE_PREFIX_PATH}:/opt/ros/humble PS1=
\[[38;5;156m\]\[[0m\]\[[38;5;166m\]ros2_ws\[[0m\]\[[38;5;166m\]\[[0m\] on \[[38;5;162m\] \[[0m\]\[[38;5;162m\]main\[[0m\]
\[[1;38;5;166m\]➜\[[0m\] /usr/bin/cmake --build /home/fiend/voice_grab/ros2_ws/build/voice_grabber -- -j8 -l8
[0.701s] DEBUG:colcon.colcon_core.event_handler.log_command:Invoked command in '/home/fiend/voice_grab/ros2_ws/build/ur_robotiq_description' returned '0': CMAKE_PREFIX_PATH=${CMAKE_PREFIX_PATH}:/opt/ros/humble PS1=
\[[38;5;156m\]\[[0m\]\[[38;5;166m\]ros2_ws\[[0m\]\[[38;5;166m\]\[[0m\] on \[[38;5;162m\] \[[0m\]\[[38;5;162m\]main\[[0m\]
\[[1;38;5;166m\]➜\[[0m\] /usr/bin/cmake --build /home/fiend/voice_grab/ros2_ws/build/ur_robotiq_description -- -j8 -l8
[0.733s] DEBUG:colcon.colcon_core.event_handler.log_command:Invoking command in '/home/fiend/voice_grab/ros2_ws/build/ur_robotiq_description': CMAKE_PREFIX_PATH=${CMAKE_PREFIX_PATH}:/opt/ros/humble PS1=
\[[38;5;156m\]\[[0m\]\[[38;5;166m\]ros2_ws\[[0m\]\[[38;5;166m\]\[[0m\] on \[[38;5;162m\] \[[0m\]\[[38;5;162m\]main\[[0m\]
\[[1;38;5;166m\]➜\[[0m\] /usr/bin/cmake --install /home/fiend/voice_grab/ros2_ws/build/ur_robotiq_description
[0.758s] Level 1:colcon.colcon_core.environment:create_environment_scripts_only(ur_robotiq_description)
[0.759s] DEBUG:colcon.colcon_core.event_handler.log_command:Invoked command in '/home/fiend/voice_grab/ros2_ws/build/ur_robotiq_description' returned '0': CMAKE_PREFIX_PATH=${CMAKE_PREFIX_PATH}:/opt/ros/humble PS1=
\[[38;5;156m\]\[[0m\]\[[38;5;166m\]ros2_ws\[[0m\]\[[38;5;166m\]\[[0m\] on \[[38;5;162m\] \[[0m\]\[[38;5;162m\]main\[[0m\]
\[[1;38;5;166m\]➜\[[0m\] /usr/bin/cmake --install /home/fiend/voice_grab/ros2_ws/build/ur_robotiq_description
[0.763s] Level 1:colcon.colcon_core.environment:checking '/home/fiend/voice_grab/ros2_ws/install/ur_robotiq_description' for CMake module files
[0.763s] Level 1:colcon.colcon_core.environment:checking '/home/fiend/voice_grab/ros2_ws/install/ur_robotiq_description' for CMake config files
[0.764s] Level 1:colcon.colcon_core.shell:create_environment_hook('ur_robotiq_description', 'cmake_prefix_path')
[0.764s] INFO:colcon.colcon_core.shell:Creating environment hook '/home/fiend/voice_grab/ros2_ws/install/ur_robotiq_description/share/ur_robotiq_description/hook/cmake_prefix_path.ps1'
[0.764s] INFO:colcon.colcon_core.shell:Creating environment descriptor '/home/fiend/voice_grab/ros2_ws/install/ur_robotiq_description/share/ur_robotiq_description/hook/cmake_prefix_path.dsv'
[0.765s] INFO:colcon.colcon_core.shell:Creating environment hook '/home/fiend/voice_grab/ros2_ws/install/ur_robotiq_description/share/ur_robotiq_description/hook/cmake_prefix_path.sh'
[0.766s] Level 1:colcon.colcon_core.environment:checking '/home/fiend/voice_grab/ros2_ws/install/ur_robotiq_description/lib'
[0.766s] Level 1:colcon.colcon_core.environment:checking '/home/fiend/voice_grab/ros2_ws/install/ur_robotiq_description/bin'
[0.766s] Level 1:colcon.colcon_core.environment:checking '/home/fiend/voice_grab/ros2_ws/install/ur_robotiq_description/lib/pkgconfig/ur_robotiq_description.pc'
[0.766s] Level 1:colcon.colcon_core.environment:checking '/home/fiend/voice_grab/ros2_ws/install/ur_robotiq_description/lib/python3.10/site-packages'
[0.767s] Level 1:colcon.colcon_core.environment:checking '/home/fiend/voice_grab/ros2_ws/install/ur_robotiq_description/bin'
[0.767s] INFO:colcon.colcon_core.shell:Creating package script '/home/fiend/voice_grab/ros2_ws/install/ur_robotiq_description/share/ur_robotiq_description/package.ps1'
[0.768s] INFO:colcon.colcon_core.shell:Creating package descriptor '/home/fiend/voice_grab/ros2_ws/install/ur_robotiq_description/share/ur_robotiq_description/package.dsv'
[0.768s] INFO:colcon.colcon_core.shell:Creating package script '/home/fiend/voice_grab/ros2_ws/install/ur_robotiq_description/share/ur_robotiq_description/package.sh'
[0.769s] INFO:colcon.colcon_core.shell:Creating package script '/home/fiend/voice_grab/ros2_ws/install/ur_robotiq_description/share/ur_robotiq_description/package.bash'
[0.770s] INFO:colcon.colcon_core.shell:Creating package script '/home/fiend/voice_grab/ros2_ws/install/ur_robotiq_description/share/ur_robotiq_description/package.zsh'
[0.771s] Level 1:colcon.colcon_core.environment:create_file_with_runtime_dependencies(/home/fiend/voice_grab/ros2_ws/install/ur_robotiq_description/share/colcon-core/packages/ur_robotiq_description)
[0.791s] Level 1:colcon.colcon_core.environment:create_environment_scripts_only(ur_robotiq_description)
[0.792s] Level 1:colcon.colcon_core.environment:checking '/home/fiend/voice_grab/ros2_ws/install/ur_robotiq_description' for CMake module files
[0.792s] Level 1:colcon.colcon_core.environment:checking '/home/fiend/voice_grab/ros2_ws/install/ur_robotiq_description' for CMake config files
[0.792s] Level 1:colcon.colcon_core.shell:create_environment_hook('ur_robotiq_description', 'cmake_prefix_path')
[0.792s] INFO:colcon.colcon_core.shell:Creating environment hook '/home/fiend/voice_grab/ros2_ws/install/ur_robotiq_description/share/ur_robotiq_description/hook/cmake_prefix_path.ps1'
[0.793s] INFO:colcon.colcon_core.shell:Creating environment descriptor '/home/fiend/voice_grab/ros2_ws/install/ur_robotiq_description/share/ur_robotiq_description/hook/cmake_prefix_path.dsv'
[0.793s] INFO:colcon.colcon_core.shell:Creating environment hook '/home/fiend/voice_grab/ros2_ws/install/ur_robotiq_description/share/ur_robotiq_description/hook/cmake_prefix_path.sh'
[0.794s] Level 1:colcon.colcon_core.environment:checking '/home/fiend/voice_grab/ros2_ws/install/ur_robotiq_description/lib'
[0.794s] Level 1:colcon.colcon_core.environment:checking '/home/fiend/voice_grab/ros2_ws/install/ur_robotiq_description/bin'
[0.794s] Level 1:colcon.colcon_core.environment:checking '/home/fiend/voice_grab/ros2_ws/install/ur_robotiq_description/lib/pkgconfig/ur_robotiq_description.pc'
[0.794s] Level 1:colcon.colcon_core.environment:checking '/home/fiend/voice_grab/ros2_ws/install/ur_robotiq_description/lib/python3.10/site-packages'
[0.794s] Level 1:colcon.colcon_core.environment:checking '/home/fiend/voice_grab/ros2_ws/install/ur_robotiq_description/bin'
[0.794s] INFO:colcon.colcon_core.shell:Creating package script '/home/fiend/voice_grab/ros2_ws/install/ur_robotiq_description/share/ur_robotiq_description/package.ps1'
[0.795s] INFO:colcon.colcon_core.shell:Creating package descriptor '/home/fiend/voice_grab/ros2_ws/install/ur_robotiq_description/share/ur_robotiq_description/package.dsv'
[0.795s] INFO:colcon.colcon_core.shell:Creating package script '/home/fiend/voice_grab/ros2_ws/install/ur_robotiq_description/share/ur_robotiq_description/package.sh'
[0.796s] INFO:colcon.colcon_core.shell:Creating package script '/home/fiend/voice_grab/ros2_ws/install/ur_robotiq_description/share/ur_robotiq_description/package.bash'
[0.796s] INFO:colcon.colcon_core.shell:Creating package script '/home/fiend/voice_grab/ros2_ws/install/ur_robotiq_description/share/ur_robotiq_description/package.zsh'
[0.796s] Level 1:colcon.colcon_core.environment:create_file_with_runtime_dependencies(/home/fiend/voice_grab/ros2_ws/install/ur_robotiq_description/share/colcon-core/packages/ur_robotiq_description)
[0.796s] INFO:colcon.colcon_ros.task.ament_cmake.build:Building ROS package in '/home/fiend/voice_grab/ros2_ws/src/ur_robotiq/ur_robotiq' with build type 'ament_cmake'
[0.797s] INFO:colcon.colcon_cmake.task.cmake.build:Building CMake package in '/home/fiend/voice_grab/ros2_ws/src/ur_robotiq/ur_robotiq'
[0.797s] INFO:colcon.colcon_core.shell:Skip shell extension 'powershell' for command environment: Not usable outside of PowerShell
[0.797s] DEBUG:colcon.colcon_core.shell:Skip shell extension 'dsv' for command environment
[0.808s] DEBUG:colcon.colcon_core.event_handler.log_command:Invoking command in '/home/fiend/voice_grab/ros2_ws/build/ur_robotiq': CMAKE_PREFIX_PATH=/home/fiend/voice_grab/ros2_ws/install/ur_robotiq_description:/home/fiend/Navigation_Bot/dev_ws/install/navigation_bot:/home/fiend/voice_grab/ros2_ws/install/zed_ros2:/home/fiend/voice_grab/ros2_ws/install/zed_wrapper:/home/fiend/voice_grab/ros2_ws/install/zed_components:/home/fiend/voice_grab/ros2_ws/install/zed_interfaces:/home/fiend/voice_grab/ros2_ws/install/voice_grabber:/home/fiend/voice_grab/ros2_ws/install/ur_robotiq:/home/fiend/LineFollowingRobot/ros_ws/install/line_bhakt:/home/fiend/ROS/practice_codes_ROS2/articubot_one/install/articubot_one:/opt/ros/humble PS1=
\[[38;5;156m\]\[[0m\]\[[38;5;166m\]ros2_ws\[[0m\]\[[38;5;166m\]\[[0m\] on \[[38;5;162m\] \[[0m\]\[[38;5;162m\]main\[[0m\]
\[[1;38;5;166m\]➜\[[0m\] /usr/bin/cmake --build /home/fiend/voice_grab/ros2_ws/build/ur_robotiq -- -j8 -l8
[0.843s] DEBUG:colcon.colcon_core.event_handler.log_command:Invoked command in '/home/fiend/voice_grab/ros2_ws/build/ur_robotiq' returned '0': CMAKE_PREFIX_PATH=/home/fiend/voice_grab/ros2_ws/install/ur_robotiq_description:/home/fiend/Navigation_Bot/dev_ws/install/navigation_bot:/home/fiend/voice_grab/ros2_ws/install/zed_ros2:/home/fiend/voice_grab/ros2_ws/install/zed_wrapper:/home/fiend/voice_grab/ros2_ws/install/zed_components:/home/fiend/voice_grab/ros2_ws/install/zed_interfaces:/home/fiend/voice_grab/ros2_ws/install/voice_grabber:/home/fiend/voice_grab/ros2_ws/install/ur_robotiq:/home/fiend/LineFollowingRobot/ros_ws/install/line_bhakt:/home/fiend/ROS/practice_codes_ROS2/articubot_one/install/articubot_one:/opt/ros/humble PS1=
\[[38;5;156m\]\[[0m\]\[[38;5;166m\]ros2_ws\[[0m\]\[[38;5;166m\]\[[0m\] on \[[38;5;162m\] \[[0m\]\[[38;5;162m\]main\[[0m\]
\[[1;38;5;166m\]➜\[[0m\] /usr/bin/cmake --build /home/fiend/voice_grab/ros2_ws/build/ur_robotiq -- -j8 -l8
[0.862s] DEBUG:colcon.colcon_core.event_handler.log_command:Invoking command in '/home/fiend/voice_grab/ros2_ws/build/ur_robotiq': CMAKE_PREFIX_PATH=/home/fiend/voice_grab/ros2_ws/install/ur_robotiq_description:/home/fiend/Navigation_Bot/dev_ws/install/navigation_bot:/home/fiend/voice_grab/ros2_ws/install/zed_ros2:/home/fiend/voice_grab/ros2_ws/install/zed_wrapper:/home/fiend/voice_grab/ros2_ws/install/zed_components:/home/fiend/voice_grab/ros2_ws/install/zed_interfaces:/home/fiend/voice_grab/ros2_ws/install/voice_grabber:/home/fiend/voice_grab/ros2_ws/install/ur_robotiq:/home/fiend/LineFollowingRobot/ros_ws/install/line_bhakt:/home/fiend/ROS/practice_codes_ROS2/articubot_one/install/articubot_one:/opt/ros/humble PS1=
\[[38;5;156m\]\[[0m\]\[[38;5;166m\]ros2_ws\[[0m\]\[[38;5;166m\]\[[0m\] on \[[38;5;162m\] \[[0m\]\[[38;5;162m\]main\[[0m\]
\[[1;38;5;166m\]➜\[[0m\] /usr/bin/cmake --install /home/fiend/voice_grab/ros2_ws/build/ur_robotiq
[0.882s] Level 1:colcon.colcon_core.environment:create_environment_scripts_only(ur_robotiq)
[0.882s] Level 1:colcon.colcon_core.environment:checking '/home/fiend/voice_grab/ros2_ws/install/ur_robotiq' for CMake module files
[0.883s] DEBUG:colcon.colcon_core.event_handler.log_command:Invoked command in '/home/fiend/voice_grab/ros2_ws/build/ur_robotiq' returned '0': CMAKE_PREFIX_PATH=/home/fiend/voice_grab/ros2_ws/install/ur_robotiq_description:/home/fiend/Navigation_Bot/dev_ws/install/navigation_bot:/home/fiend/voice_grab/ros2_ws/install/zed_ros2:/home/fiend/voice_grab/ros2_ws/install/zed_wrapper:/home/fiend/voice_grab/ros2_ws/install/zed_components:/home/fiend/voice_grab/ros2_ws/install/zed_interfaces:/home/fiend/voice_grab/ros2_ws/install/voice_grabber:/home/fiend/voice_grab/ros2_ws/install/ur_robotiq:/home/fiend/LineFollowingRobot/ros_ws/install/line_bhakt:/home/fiend/ROS/practice_codes_ROS2/articubot_one/install/articubot_one:/opt/ros/humble PS1=
\[[38;5;156m\]\[[0m\]\[[38;5;166m\]ros2_ws\[[0m\]\[[38;5;166m\]\[[0m\] on \[[38;5;162m\] \[[0m\]\[[38;5;162m\]main\[[0m\]
\[[1;38;5;166m\]➜\[[0m\] /usr/bin/cmake --install /home/fiend/voice_grab/ros2_ws/build/ur_robotiq
[0.883s] Level 1:colcon.colcon_core.environment:checking '/home/fiend/voice_grab/ros2_ws/install/ur_robotiq' for CMake config files
[0.883s] Level 1:colcon.colcon_core.shell:create_environment_hook('ur_robotiq', 'cmake_prefix_path')
[0.884s] INFO:colcon.colcon_core.shell:Creating environment hook '/home/fiend/voice_grab/ros2_ws/install/ur_robotiq/share/ur_robotiq/hook/cmake_prefix_path.ps1'
[0.884s] INFO:colcon.colcon_core.shell:Creating environment descriptor '/home/fiend/voice_grab/ros2_ws/install/ur_robotiq/share/ur_robotiq/hook/cmake_prefix_path.dsv'
[0.884s] INFO:colcon.colcon_core.shell:Creating environment hook '/home/fiend/voice_grab/ros2_ws/install/ur_robotiq/share/ur_robotiq/hook/cmake_prefix_path.sh'
[0.885s] Level 1:colcon.colcon_core.environment:checking '/home/fiend/voice_grab/ros2_ws/install/ur_robotiq/bin'
[0.885s] Level 1:colcon.colcon_core.environment:checking '/home/fiend/voice_grab/ros2_ws/install/ur_robotiq/lib/pkgconfig/ur_robotiq.pc'
[0.885s] Level 1:colcon.colcon_core.environment:checking '/home/fiend/voice_grab/ros2_ws/install/ur_robotiq/lib/python3.10/site-packages'
[0.885s] Level 1:colcon.colcon_core.environment:checking '/home/fiend/voice_grab/ros2_ws/install/ur_robotiq/bin'
[0.886s] INFO:colcon.colcon_core.shell:Creating package script '/home/fiend/voice_grab/ros2_ws/install/ur_robotiq/share/ur_robotiq/package.ps1'
[0.886s] INFO:colcon.colcon_core.shell:Creating package descriptor '/home/fiend/voice_grab/ros2_ws/install/ur_robotiq/share/ur_robotiq/package.dsv'
[0.886s] INFO:colcon.colcon_core.shell:Creating package script '/home/fiend/voice_grab/ros2_ws/install/ur_robotiq/share/ur_robotiq/package.sh'
[0.887s] INFO:colcon.colcon_core.shell:Creating package script '/home/fiend/voice_grab/ros2_ws/install/ur_robotiq/share/ur_robotiq/package.bash'
[0.887s] INFO:colcon.colcon_core.shell:Creating package script '/home/fiend/voice_grab/ros2_ws/install/ur_robotiq/share/ur_robotiq/package.zsh'
[0.887s] Level 1:colcon.colcon_core.environment:create_file_with_runtime_dependencies(/home/fiend/voice_grab/ros2_ws/install/ur_robotiq/share/colcon-core/packages/ur_robotiq)
[0.906s] Level 1:colcon.colcon_core.environment:create_environment_scripts_only(ur_robotiq)
[0.906s] Level 1:colcon.colcon_core.environment:checking '/home/fiend/voice_grab/ros2_ws/install/ur_robotiq' for CMake module files
[0.906s] Level 1:colcon.colcon_core.environment:checking '/home/fiend/voice_grab/ros2_ws/install/ur_robotiq' for CMake config files
[0.907s] Level 1:colcon.colcon_core.shell:create_environment_hook('ur_robotiq', 'cmake_prefix_path')
[0.907s] INFO:colcon.colcon_core.shell:Creating environment hook '/home/fiend/voice_grab/ros2_ws/install/ur_robotiq/share/ur_robotiq/hook/cmake_prefix_path.ps1'
[0.907s] INFO:colcon.colcon_core.shell:Creating environment descriptor '/home/fiend/voice_grab/ros2_ws/install/ur_robotiq/share/ur_robotiq/hook/cmake_prefix_path.dsv'
[0.908s] INFO:colcon.colcon_core.shell:Creating environment hook '/home/fiend/voice_grab/ros2_ws/install/ur_robotiq/share/ur_robotiq/hook/cmake_prefix_path.sh'
[0.908s] Level 1:colcon.colcon_core.environment:checking '/home/fiend/voice_grab/ros2_ws/install/ur_robotiq/bin'
[0.908s] Level 1:colcon.colcon_core.environment:checking '/home/fiend/voice_grab/ros2_ws/install/ur_robotiq/lib/pkgconfig/ur_robotiq.pc'
[0.908s] Level 1:colcon.colcon_core.environment:checking '/home/fiend/voice_grab/ros2_ws/install/ur_robotiq/lib/python3.10/site-packages'
[0.908s] Level 1:colcon.colcon_core.environment:checking '/home/fiend/voice_grab/ros2_ws/install/ur_robotiq/bin'
[0.909s] INFO:colcon.colcon_core.shell:Creating package script '/home/fiend/voice_grab/ros2_ws/install/ur_robotiq/share/ur_robotiq/package.ps1'
[0.909s] INFO:colcon.colcon_core.shell:Creating package descriptor '/home/fiend/voice_grab/ros2_ws/install/ur_robotiq/share/ur_robotiq/package.dsv'
[0.910s] INFO:colcon.colcon_core.shell:Creating package script '/home/fiend/voice_grab/ros2_ws/install/ur_robotiq/share/ur_robotiq/package.sh'
[0.910s] INFO:colcon.colcon_core.shell:Creating package script '/home/fiend/voice_grab/ros2_ws/install/ur_robotiq/share/ur_robotiq/package.bash'
[0.910s] INFO:colcon.colcon_core.shell:Creating package script '/home/fiend/voice_grab/ros2_ws/install/ur_robotiq/share/ur_robotiq/package.zsh'
[0.911s] Level 1:colcon.colcon_core.environment:create_file_with_runtime_dependencies(/home/fiend/voice_grab/ros2_ws/install/ur_robotiq/share/colcon-core/packages/ur_robotiq)
[1.028s] DEBUG:colcon.colcon_core.event_handler.log_command:Invoked command in '/home/fiend/voice_grab/ros2_ws/build/voice_grabber' returned '0': CMAKE_PREFIX_PATH=${CMAKE_PREFIX_PATH}:/opt/ros/humble PS1=
\[[38;5;156m\]\[[0m\]\[[38;5;166m\]ros2_ws\[[0m\]\[[38;5;166m\]\[[0m\] on \[[38;5;162m\] \[[0m\]\[[38;5;162m\]main\[[0m\]
\[[1;38;5;166m\]➜\[[0m\] /usr/bin/cmake --build /home/fiend/voice_grab/ros2_ws/build/voice_grabber -- -j8 -l8
[1.054s] DEBUG:colcon.colcon_core.event_handler.log_command:Invoking command in '/home/fiend/voice_grab/ros2_ws/build/voice_grabber': CMAKE_PREFIX_PATH=${CMAKE_PREFIX_PATH}:/opt/ros/humble PS1=
\[[38;5;156m\]\[[0m\]\[[38;5;166m\]ros2_ws\[[0m\]\[[38;5;166m\]\[[0m\] on \[[38;5;162m\] \[[0m\]\[[38;5;162m\]main\[[0m\]
\[[1;38;5;166m\]➜\[[0m\] /usr/bin/cmake --install /home/fiend/voice_grab/ros2_ws/build/voice_grabber
[1.112s] Level 1:colcon.colcon_core.environment:create_environment_scripts_only(voice_grabber)
[1.112s] Level 1:colcon.colcon_core.environment:checking '/home/fiend/voice_grab/ros2_ws/install/voice_grabber' for CMake module files
[1.113s] DEBUG:colcon.colcon_core.event_handler.log_command:Invoked command in '/home/fiend/voice_grab/ros2_ws/build/voice_grabber' returned '0': CMAKE_PREFIX_PATH=${CMAKE_PREFIX_PATH}:/opt/ros/humble PS1=
\[[38;5;156m\]\[[0m\]\[[38;5;166m\]ros2_ws\[[0m\]\[[38;5;166m\]\[[0m\] on \[[38;5;162m\] \[[0m\]\[[38;5;162m\]main\[[0m\]
\[[1;38;5;166m\]➜\[[0m\] /usr/bin/cmake --install /home/fiend/voice_grab/ros2_ws/build/voice_grabber
[1.113s] Level 1:colcon.colcon_core.environment:checking '/home/fiend/voice_grab/ros2_ws/install/voice_grabber' for CMake config files
[1.113s] Level 1:colcon.colcon_core.shell:create_environment_hook('voice_grabber', 'cmake_prefix_path')
[1.114s] INFO:colcon.colcon_core.shell:Creating environment hook '/home/fiend/voice_grab/ros2_ws/install/voice_grabber/share/voice_grabber/hook/cmake_prefix_path.ps1'
[1.114s] INFO:colcon.colcon_core.shell:Creating environment descriptor '/home/fiend/voice_grab/ros2_ws/install/voice_grabber/share/voice_grabber/hook/cmake_prefix_path.dsv'
[1.114s] INFO:colcon.colcon_core.shell:Creating environment hook '/home/fiend/voice_grab/ros2_ws/install/voice_grabber/share/voice_grabber/hook/cmake_prefix_path.sh'
[1.115s] Level 1:colcon.colcon_core.environment:checking '/home/fiend/voice_grab/ros2_ws/install/voice_grabber/lib'
[1.115s] Level 1:colcon.colcon_core.environment:checking '/home/fiend/voice_grab/ros2_ws/install/voice_grabber/bin'
[1.115s] Level 1:colcon.colcon_core.environment:checking '/home/fiend/voice_grab/ros2_ws/install/voice_grabber/lib/pkgconfig/voice_grabber.pc'
[1.115s] Level 1:colcon.colcon_core.environment:checking '/home/fiend/voice_grab/ros2_ws/install/voice_grabber/lib/python3.10/site-packages'
[1.115s] Level 1:colcon.colcon_core.environment:checking '/home/fiend/voice_grab/ros2_ws/install/voice_grabber/bin'
[1.115s] INFO:colcon.colcon_core.shell:Creating package script '/home/fiend/voice_grab/ros2_ws/install/voice_grabber/share/voice_grabber/package.ps1'
[1.116s] INFO:colcon.colcon_core.shell:Creating package descriptor '/home/fiend/voice_grab/ros2_ws/install/voice_grabber/share/voice_grabber/package.dsv'
[1.116s] INFO:colcon.colcon_core.shell:Creating package script '/home/fiend/voice_grab/ros2_ws/install/voice_grabber/share/voice_grabber/package.sh'
[1.116s] INFO:colcon.colcon_core.shell:Creating package script '/home/fiend/voice_grab/ros2_ws/install/voice_grabber/share/voice_grabber/package.bash'
[1.117s] INFO:colcon.colcon_core.shell:Creating package script '/home/fiend/voice_grab/ros2_ws/install/voice_grabber/share/voice_grabber/package.zsh'
[1.117s] Level 1:colcon.colcon_core.environment:create_file_with_runtime_dependencies(/home/fiend/voice_grab/ros2_ws/install/voice_grabber/share/colcon-core/packages/voice_grabber)
[1.142s] Level 1:colcon.colcon_core.environment:create_environment_scripts_only(voice_grabber)
[1.142s] Level 1:colcon.colcon_core.environment:checking '/home/fiend/voice_grab/ros2_ws/install/voice_grabber' for CMake module files
[1.143s] Level 1:colcon.colcon_core.environment:checking '/home/fiend/voice_grab/ros2_ws/install/voice_grabber' for CMake config files
[1.143s] Level 1:colcon.colcon_core.shell:create_environment_hook('voice_grabber', 'cmake_prefix_path')
[1.143s] INFO:colcon.colcon_core.shell:Creating environment hook '/home/fiend/voice_grab/ros2_ws/install/voice_grabber/share/voice_grabber/hook/cmake_prefix_path.ps1'
[1.143s] INFO:colcon.colcon_core.shell:Creating environment descriptor '/home/fiend/voice_grab/ros2_ws/install/voice_grabber/share/voice_grabber/hook/cmake_prefix_path.dsv'
[1.144s] INFO:colcon.colcon_core.shell:Creating environment hook '/home/fiend/voice_grab/ros2_ws/install/voice_grabber/share/voice_grabber/hook/cmake_prefix_path.sh'
[1.144s] Level 1:colcon.colcon_core.environment:checking '/home/fiend/voice_grab/ros2_ws/install/voice_grabber/lib'
[1.144s] Level 1:colcon.colcon_core.environment:checking '/home/fiend/voice_grab/ros2_ws/install/voice_grabber/bin'
[1.144s] Level 1:colcon.colcon_core.environment:checking '/home/fiend/voice_grab/ros2_ws/install/voice_grabber/lib/pkgconfig/voice_grabber.pc'
[1.145s] Level 1:colcon.colcon_core.environment:checking '/home/fiend/voice_grab/ros2_ws/install/voice_grabber/lib/python3.10/site-packages'
[1.145s] Level 1:colcon.colcon_core.environment:checking '/home/fiend/voice_grab/ros2_ws/install/voice_grabber/bin'
[1.145s] INFO:colcon.colcon_core.shell:Creating package script '/home/fiend/voice_grab/ros2_ws/install/voice_grabber/share/voice_grabber/package.ps1'
[1.145s] INFO:colcon.colcon_core.shell:Creating package descriptor '/home/fiend/voice_grab/ros2_ws/install/voice_grabber/share/voice_grabber/package.dsv'
[1.146s] INFO:colcon.colcon_core.shell:Creating package script '/home/fiend/voice_grab/ros2_ws/install/voice_grabber/share/voice_grabber/package.sh'
[1.146s] INFO:colcon.colcon_core.shell:Creating package script '/home/fiend/voice_grab/ros2_ws/install/voice_grabber/share/voice_grabber/package.bash'
[1.147s] INFO:colcon.colcon_core.shell:Creating package script '/home/fiend/voice_grab/ros2_ws/install/voice_grabber/share/voice_grabber/package.zsh'
[1.147s] Level 1:colcon.colcon_core.environment:create_file_with_runtime_dependencies(/home/fiend/voice_grab/ros2_ws/install/voice_grabber/share/colcon-core/packages/voice_grabber)
[1.147s] DEBUG:colcon.colcon_parallel_executor.executor.parallel:closing loop
[1.147s] DEBUG:colcon.colcon_parallel_executor.executor.parallel:loop closed
[1.147s] DEBUG:colcon.colcon_parallel_executor.executor.parallel:run_until_complete finished with '0'
[1.147s] DEBUG:colcon.colcon_core.event_reactor:joining thread
[1.155s] INFO:colcon.colcon_core.plugin_system:Skipping extension 'colcon_notification.desktop_notification.terminal_notifier': Not used on non-Darwin systems
[1.155s] INFO:colcon.colcon_core.plugin_system:Skipping extension 'colcon_notification.desktop_notification.win32': Not used on non-Windows systems
[1.155s] INFO:colcon.colcon_notification.desktop_notification:Sending desktop notification using 'notify2'
[1.168s] DEBUG:colcon.colcon_core.event_reactor:joined thread
[1.168s] INFO:colcon.colcon_core.shell:Creating prefix script '/home/fiend/voice_grab/ros2_ws/install/local_setup.ps1'
[1.169s] INFO:colcon.colcon_core.shell:Creating prefix util module '/home/fiend/voice_grab/ros2_ws/install/_local_setup_util_ps1.py'
[1.171s] INFO:colcon.colcon_core.shell:Creating prefix chain script '/home/fiend/voice_grab/ros2_ws/install/setup.ps1'
[1.172s] INFO:colcon.colcon_core.shell:Creating prefix script '/home/fiend/voice_grab/ros2_ws/install/local_setup.sh'
[1.173s] INFO:colcon.colcon_core.shell:Creating prefix util module '/home/fiend/voice_grab/ros2_ws/install/_local_setup_util_sh.py'
[1.173s] INFO:colcon.colcon_core.shell:Creating prefix chain script '/home/fiend/voice_grab/ros2_ws/install/setup.sh'
[1.175s] INFO:colcon.colcon_core.shell:Creating prefix script '/home/fiend/voice_grab/ros2_ws/install/local_setup.bash'
[1.175s] INFO:colcon.colcon_core.shell:Creating prefix chain script '/home/fiend/voice_grab/ros2_ws/install/setup.bash'
[1.177s] INFO:colcon.colcon_core.shell:Creating prefix script '/home/fiend/voice_grab/ros2_ws/install/local_setup.zsh'
[1.177s] INFO:colcon.colcon_core.shell:Creating prefix chain script '/home/fiend/voice_grab/ros2_ws/install/setup.zsh'
