Built target ament_cmake_python_symlink_octomap
running egg_info
writing octomap.egg-info/PKG-INFO
writing dependency_links to octomap.egg-info/dependency_links.txt
writing top-level names to octomap.egg-info/top_level.txt
reading manifest file 'octomap.egg-info/SOURCES.txt'
writing manifest file 'octomap.egg-info/SOURCES.txt'
Built target ament_cmake_python_build_octomap_egg
-- Install configuration: ""
-- Execute custom install script
-- Up-to-date symlink: /home/fiend/voice_grab/ros2_ws/install/octomap/share/octomap/environment/pythonpath.sh
-- Up-to-date symlink: /home/fiend/voice_grab/ros2_ws/install/octomap/share/octomap/environment/pythonpath.dsv
-- Up-to-date symlink: /home/fiend/voice_grab/ros2_ws/install/octomap/local/lib/python3.10/dist-packages/octomap-2.1.5-py3.10.egg-info/PKG-INFO
-- Up-to-date symlink: /home/fiend/voice_grab/ros2_ws/install/octomap/local/lib/python3.10/dist-packages/octomap-2.1.5-py3.10.egg-info/SOURCES.txt
-- Up-to-date symlink: /home/fiend/voice_grab/ros2_ws/install/octomap/local/lib/python3.10/dist-packages/octomap-2.1.5-py3.10.egg-info/dependency_links.txt
-- Up-to-date symlink: /home/fiend/voice_grab/ros2_ws/install/octomap/local/lib/python3.10/dist-packages/octomap-2.1.5-py3.10.egg-info/top_level.txt
-- Up-to-date symlink: /home/fiend/voice_grab/ros2_ws/install/octomap/local/lib/python3.10/dist-packages/octomap/__init__.py
-- Up-to-date symlink: /home/fiend/voice_grab/ros2_ws/install/octomap/lib/octomap/octoload.py
-- Up-to-date symlink: /home/fiend/voice_grab/ros2_ws/install/octomap/share/octomap/launch/load_octomap.launch.py
-- Up-to-date symlink: /home/fiend/voice_grab/ros2_ws/install/octomap/share/octomap/launch/load_octomap.launch.xml
-- Up-to-date symlink: /home/fiend/voice_grab/ros2_ws/install/octomap/share/octomap/config/octomap_params.yaml
-- Up-to-date symlink: /home/fiend/voice_grab/ros2_ws/install/octomap/share/octomap/map/big_octomap.bt
-- Up-to-date symlink: /home/fiend/voice_grab/ros2_ws/install/octomap/share/octomap/map/med_octomap.bt
-- Up-to-date symlink: /home/fiend/voice_grab/ros2_ws/install/octomap/share/octomap/map/small_octomap.bt
-- Up-to-date symlink: /home/fiend/voice_grab/ros2_ws/install/octomap/share/ament_index/resource_index/package_run_dependencies/octomap
-- Up-to-date symlink: /home/fiend/voice_grab/ros2_ws/install/octomap/share/ament_index/resource_index/parent_prefix_path/octomap
-- Up-to-date symlink: /home/fiend/voice_grab/ros2_ws/install/octomap/share/octomap/environment/ament_prefix_path.sh
-- Up-to-date symlink: /home/fiend/voice_grab/ros2_ws/install/octomap/share/octomap/environment/ament_prefix_path.dsv
-- Up-to-date symlink: /home/fiend/voice_grab/ros2_ws/install/octomap/share/octomap/environment/path.sh
-- Up-to-date symlink: /home/fiend/voice_grab/ros2_ws/install/octomap/share/octomap/environment/path.dsv
-- Up-to-date symlink: /home/fiend/voice_grab/ros2_ws/install/octomap/share/octomap/local_setup.bash
-- Up-to-date symlink: /home/fiend/voice_grab/ros2_ws/install/octomap/share/octomap/local_setup.sh
-- Up-to-date symlink: /home/fiend/voice_grab/ros2_ws/install/octomap/share/octomap/local_setup.zsh
-- Up-to-date symlink: /home/fiend/voice_grab/ros2_ws/install/octomap/share/octomap/local_setup.dsv
-- Symlinking: /home/fiend/voice_grab/ros2_ws/install/octomap/share/octomap/package.dsv
-- Up-to-date symlink: /home/fiend/voice_grab/ros2_ws/install/octomap/share/ament_index/resource_index/packages/octomap
-- Up-to-date symlink: /home/fiend/voice_grab/ros2_ws/install/octomap/share/octomap/cmake/octomapConfig.cmake
-- Up-to-date symlink: /home/fiend/voice_grab/ros2_ws/install/octomap/share/octomap/cmake/octomapConfig-version.cmake
-- Up-to-date symlink: /home/fiend/voice_grab/ros2_ws/install/octomap/share/octomap/package.xml
Listing '/home/fiend/voice_grab/ros2_ws/install/octomap/local/lib/python3.10/dist-packages/octomap'...
