[0.085s] Invoking command in '/home/fiend/voice_grab/ros2_ws/build/robotiq_ethercat': /usr/bin/cmake /home/fiend/voice_grab/ros2_ws/src/robotiq/robotiq_ethercat -DCATKIN_INSTALL_INTO_PREFIX_ROOT=0 -DCATKIN_SYMLINK_INSTALL=ON -DCMAKE_INSTALL_PREFIX=/home/fiend/voice_grab/ros2_ws/install/robotiq_ethercat
[0.115s] [0mCMake Deprecation Warning at CMakeLists.txt:1 (cmake_minimum_required):
[0.115s]   Compatibility with CMake < 2.8.12 will be removed from a future version of
[0.117s]   CMake.
[0.118s] 
[0.118s]   Update the VERSION argument <min> value or use a ...<max> suffix to tell
[0.119s]   CMake that the project does not need compatibility with older versions.
[0.119s] 
[0.120s] [0m
[0.167s] -- The C compiler identification is GNU 11.4.0
[0.249s] -- The CXX compiler identification is GNU 11.4.0
[0.259s] -- Detecting C compiler ABI info
[0.360s] -- Detecting C compiler ABI info - done
[0.372s] -- Check for working C compiler: /usr/bin/cc - skipped
[0.373s] -- Detecting C compile features
[0.375s] -- Detecting C compile features - done
[0.378s] -- Detecting CXX compiler ABI info
[0.481s] -- Detecting CXX compiler ABI info - done
[0.492s] -- Check for working CXX compiler: /usr/bin/c++ - skipped
[0.492s] -- Detecting CXX compile features
[0.492s] -- Detecting CXX compile features - done
[0.507s] [31mCMake Error at CMakeLists.txt:4 (find_package):
[0.507s]   By not providing "Findcatkin.cmake" in CMAKE_MODULE_PATH this project has
[0.507s]   asked CMake to find a package configuration file provided by "catkin", but
[0.507s]   CMake did not find one.
[0.507s] 
[0.507s]   Could not find a package configuration file provided by "catkin" with any
[0.507s]   of the following names:
[0.507s] 
[0.507s]     catkinConfig.cmake
[0.507s]     catkin-config.cmake
[0.507s] 
[0.507s]   Add the installation prefix of "catkin" to CMAKE_PREFIX_PATH or set
[0.507s]   "catkin_DIR" to a directory containing one of the above files.  If "catkin"
[0.507s]   provides a separate development package or SDK, be sure it has been
[0.507s]   installed.
[0.507s] 
[0.507s] [0m
[0.508s] -- Configuring incomplete, errors occurred!
[0.508s] See also "/home/fiend/voice_grab/ros2_ws/build/robotiq_ethercat/CMakeFiles/CMakeOutput.log".
[0.521s] Invoked command in '/home/fiend/voice_grab/ros2_ws/build/robotiq_ethercat' returned '1': /usr/bin/cmake /home/fiend/voice_grab/ros2_ws/src/robotiq/robotiq_ethercat -DCATKIN_INSTALL_INTO_PREFIX_ROOT=0 -DCATKIN_SYMLINK_INSTALL=ON -DCMAKE_INSTALL_PREFIX=/home/fiend/voice_grab/ros2_ws/install/robotiq_ethercat
