[  0%] Built target ament_cmake_python_symlink_voice_grabber
[ 25%] [32mBuilding CXX object CMakeFiles/Text_Display_Node.dir/src/TextDisplay.cpp.o[0m
[ 50%] [32mBuilding CXX object CMakeFiles/Speech_Listner_Node.dir/src/SpeechListner.cpp.o[0m
running egg_info
writing voice_grabber.egg-info/PKG-INFO
writing dependency_links to voice_grabber.egg-info/dependency_links.txt
writing top-level names to voice_grabber.egg-info/top_level.txt
reading manifest file 'voice_grabber.egg-info/SOURCES.txt'
writing manifest file 'voice_grabber.egg-info/SOURCES.txt'
[ 50%] Built target ament_cmake_python_build_voice_grabber_egg
[01m[K/home/fiend/voice_grab/ros2_ws/src/voice_grabber/src/TextDisplay.cpp:[m[K In function ‘[01m[Kint main(int, char**)[m[K’:
[01m[K/home/fiend/voice_grab/ros2_ws/src/voice_grabber/src/TextDisplay.cpp:16:14:[m[K [35m[Kwarning: [m[Kunused parameter ‘[01m[Kargc[m[K’ [[35m[K]8;;https://gcc.gnu.org/onlinedocs/gcc/Warning-Options.html#index-Wunused-parameter-Wunused-parameter]8;;[m[K]
   16 | int main([35m[Kint argc[m[K, char **argv) {
      |          [35m[K~~~~^~~~[m[K
[01m[K/home/fiend/voice_grab/ros2_ws/src/voice_grabber/src/TextDisplay.cpp:16:27:[m[K [35m[Kwarning: [m[Kunused parameter ‘[01m[Kargv[m[K’ [[35m[K]8;;https://gcc.gnu.org/onlinedocs/gcc/Warning-Options.html#index-Wunused-parameter-Wunused-parameter]8;;[m[K]
   16 | int main(int argc, [35m[Kchar **argv[m[K) {
      |                    [35m[K~~~~~~~^~~~[m[K
[ 75%] [32m[1mLinking CXX executable Text_Display_Node[0m
[ 75%] Built target Text_Display_Node
[100%] [32m[1mLinking CXX executable Speech_Listner_Node[0m
[100%] Built target Speech_Listner_Node
-- Install configuration: "Release"
-- Execute custom install script
-- Up-to-date symlink: /home/fiend/voice_grab/ros2_ws/install/voice_grabber/share/voice_grabber/launch/launch_aud.launch.py
-- Up-to-date symlink: /home/fiend/voice_grab/ros2_ws/install/voice_grabber/lib/voice_grabber/Speech_Listner_Node
-- Up-to-date symlink: /home/fiend/voice_grab/ros2_ws/install/voice_grabber/lib/voice_grabber/Text_Display_Node
-- Up-to-date symlink: /home/fiend/voice_grab/ros2_ws/install/voice_grabber/share/voice_grabber/environment/pythonpath.sh
-- Up-to-date symlink: /home/fiend/voice_grab/ros2_ws/install/voice_grabber/share/voice_grabber/environment/pythonpath.dsv
-- Up-to-date symlink: /home/fiend/voice_grab/ros2_ws/install/voice_grabber/local/lib/python3.10/dist-packages/voice_grabber-0.0.0-py3.10.egg-info/PKG-INFO
-- Up-to-date symlink: /home/fiend/voice_grab/ros2_ws/install/voice_grabber/local/lib/python3.10/dist-packages/voice_grabber-0.0.0-py3.10.egg-info/SOURCES.txt
-- Up-to-date symlink: /home/fiend/voice_grab/ros2_ws/install/voice_grabber/local/lib/python3.10/dist-packages/voice_grabber-0.0.0-py3.10.egg-info/dependency_links.txt
-- Up-to-date symlink: /home/fiend/voice_grab/ros2_ws/install/voice_grabber/local/lib/python3.10/dist-packages/voice_grabber-0.0.0-py3.10.egg-info/top_level.txt
-- Up-to-date symlink: /home/fiend/voice_grab/ros2_ws/install/voice_grabber/local/lib/python3.10/dist-packages/voice_grabber/__init__.py
-- Up-to-date symlink: /home/fiend/voice_grab/ros2_ws/install/voice_grabber/lib/voice_grabber/Vosk.py
-- Up-to-date symlink: /home/fiend/voice_grab/ros2_ws/install/voice_grabber/share/ament_index/resource_index/package_run_dependencies/voice_grabber
-- Up-to-date symlink: /home/fiend/voice_grab/ros2_ws/install/voice_grabber/share/ament_index/resource_index/parent_prefix_path/voice_grabber
-- Up-to-date symlink: /home/fiend/voice_grab/ros2_ws/install/voice_grabber/share/voice_grabber/environment/ament_prefix_path.sh
-- Up-to-date symlink: /home/fiend/voice_grab/ros2_ws/install/voice_grabber/share/voice_grabber/environment/ament_prefix_path.dsv
-- Up-to-date symlink: /home/fiend/voice_grab/ros2_ws/install/voice_grabber/share/voice_grabber/environment/path.sh
-- Up-to-date symlink: /home/fiend/voice_grab/ros2_ws/install/voice_grabber/share/voice_grabber/environment/path.dsv
-- Up-to-date symlink: /home/fiend/voice_grab/ros2_ws/install/voice_grabber/share/voice_grabber/local_setup.bash
-- Up-to-date symlink: /home/fiend/voice_grab/ros2_ws/install/voice_grabber/share/voice_grabber/local_setup.sh
-- Up-to-date symlink: /home/fiend/voice_grab/ros2_ws/install/voice_grabber/share/voice_grabber/local_setup.zsh
-- Up-to-date symlink: /home/fiend/voice_grab/ros2_ws/install/voice_grabber/share/voice_grabber/local_setup.dsv
-- Symlinking: /home/fiend/voice_grab/ros2_ws/install/voice_grabber/share/voice_grabber/package.dsv
-- Up-to-date symlink: /home/fiend/voice_grab/ros2_ws/install/voice_grabber/share/ament_index/resource_index/packages/voice_grabber
-- Up-to-date symlink: /home/fiend/voice_grab/ros2_ws/install/voice_grabber/share/voice_grabber/cmake/voice_grabberConfig.cmake
-- Up-to-date symlink: /home/fiend/voice_grab/ros2_ws/install/voice_grabber/share/voice_grabber/cmake/voice_grabberConfig-version.cmake
-- Up-to-date symlink: /home/fiend/voice_grab/ros2_ws/install/voice_grabber/share/voice_grabber/package.xml
Listing '/home/fiend/voice_grab/ros2_ws/install/voice_grabber/local/lib/python3.10/dist-packages/voice_grabber'...
