[0.014s] Invoking command in '/home/fiend/voice_grab/ros2_ws/build/voice_grabber': CMAKE_PREFIX_PATH=/home/fiend/Navigation_Bot/dev_ws/install/navigation_bot:/home/fiend/voice_grab/ros2_ws/install/zed_ros2:/home/fiend/voice_grab/ros2_ws/install/zed_wrapper:/home/fiend/voice_grab/ros2_ws/install/zed_components:/home/fiend/voice_grab/ros2_ws/install/zed_interfaces:/home/fiend/voice_grab/ros2_ws/install/voice_grabber:/home/fiend/voice_grab/ros2_ws/install/ur_robotiq:/home/fiend/voice_grab/ros2_ws/install/ur_robotiq_description:/opt/ros/humble:/home/fiend/LineFollowingRobot/ros_ws/install/prius_msgs:/home/fiend/LineFollowingRobot/ros_ws/install/line_bhakt:/home/fiend/LineFollowingRobot/ros_ws/install/launches:/home/fiend/LineFollowingRobot/ros_ws/install/autocar_nav:/home/fiend/LineFollowingRobot/ros_ws/install/autocar_msgs:/home/fiend/LineFollowingRobot/ros_ws/install/autocar_map:/home/fiend/LineFollowingRobot/ros_ws/install/autocar_gazebo:/home/fiend/LineFollowingRobot/ros_ws/install/autocar_description:/home/fiend/ROS/practice_codes_ROS2/articubot_one/install/articubot_one PS1=
\[[38;5;156m\]\[[0m\]\[[38;5;166m\]ros2_ws\[[0m\]\[[38;5;166m\]\[[0m\] on \[[38;5;162m\] \[[0m\]\[[38;5;162m\]main\[[0m\] underwent \[[36m\]853ms\[[0m\]
\[[1;38;5;166m\]➜\[[0m\] /usr/bin/cmake --build /home/fiend/voice_grab/ros2_ws/build/voice_grabber -- -j8 -l8
[0.111s] [  0%] Built target ament_cmake_python_symlink_voice_grabber
[0.120s] [ 25%] [32mBuilding CXX object CMakeFiles/Text_Display_Node.dir/src/TextDisplay.cpp.o[0m
[0.120s] [ 50%] [32mBuilding CXX object CMakeFiles/Speech_Listner_Node.dir/src/SpeechListner.cpp.o[0m
[0.478s] running egg_info
[0.479s] writing voice_grabber.egg-info/PKG-INFO
[0.479s] writing dependency_links to voice_grabber.egg-info/dependency_links.txt
[0.479s] writing top-level names to voice_grabber.egg-info/top_level.txt
[0.482s] reading manifest file 'voice_grabber.egg-info/SOURCES.txt'
[0.482s] writing manifest file 'voice_grabber.egg-info/SOURCES.txt'
[0.514s] [ 50%] Built target ament_cmake_python_build_voice_grabber_egg
[2.558s] [01m[K/home/fiend/voice_grab/ros2_ws/src/voice_grabber/src/TextDisplay.cpp:[m[K In function ‘[01m[Kint main(int, char**)[m[K’:
[2.558s] [01m[K/home/fiend/voice_grab/ros2_ws/src/voice_grabber/src/TextDisplay.cpp:16:14:[m[K [35m[Kwarning: [m[Kunused parameter ‘[01m[Kargc[m[K’ [[35m[K]8;;https://gcc.gnu.org/onlinedocs/gcc/Warning-Options.html#index-Wunused-parameter-Wunused-parameter]8;;[m[K]
[2.558s]    16 | int main([35m[Kint argc[m[K, char **argv) {
[2.558s]       |          [35m[K~~~~^~~~[m[K
[2.558s] [01m[K/home/fiend/voice_grab/ros2_ws/src/voice_grabber/src/TextDisplay.cpp:16:27:[m[K [35m[Kwarning: [m[Kunused parameter ‘[01m[Kargv[m[K’ [[35m[K]8;;https://gcc.gnu.org/onlinedocs/gcc/Warning-Options.html#index-Wunused-parameter-Wunused-parameter]8;;[m[K]
[2.558s]    16 | int main(int argc, [35m[Kchar **argv[m[K) {
[2.559s]       |                    [35m[K~~~~~~~^~~~[m[K
[3.015s] [ 75%] [32m[1mLinking CXX executable Text_Display_Node[0m
[3.175s] [ 75%] Built target Text_Display_Node
[5.315s] [100%] [32m[1mLinking CXX executable Speech_Listner_Node[0m
[5.473s] [100%] Built target Speech_Listner_Node
[5.484s] Invoked command in '/home/fiend/voice_grab/ros2_ws/build/voice_grabber' returned '0': CMAKE_PREFIX_PATH=/home/fiend/Navigation_Bot/dev_ws/install/navigation_bot:/home/fiend/voice_grab/ros2_ws/install/zed_ros2:/home/fiend/voice_grab/ros2_ws/install/zed_wrapper:/home/fiend/voice_grab/ros2_ws/install/zed_components:/home/fiend/voice_grab/ros2_ws/install/zed_interfaces:/home/fiend/voice_grab/ros2_ws/install/voice_grabber:/home/fiend/voice_grab/ros2_ws/install/ur_robotiq:/home/fiend/voice_grab/ros2_ws/install/ur_robotiq_description:/opt/ros/humble:/home/fiend/LineFollowingRobot/ros_ws/install/prius_msgs:/home/fiend/LineFollowingRobot/ros_ws/install/line_bhakt:/home/fiend/LineFollowingRobot/ros_ws/install/launches:/home/fiend/LineFollowingRobot/ros_ws/install/autocar_nav:/home/fiend/LineFollowingRobot/ros_ws/install/autocar_msgs:/home/fiend/LineFollowingRobot/ros_ws/install/autocar_map:/home/fiend/LineFollowingRobot/ros_ws/install/autocar_gazebo:/home/fiend/LineFollowingRobot/ros_ws/install/autocar_description:/home/fiend/ROS/practice_codes_ROS2/articubot_one/install/articubot_one PS1=
\[[38;5;156m\]\[[0m\]\[[38;5;166m\]ros2_ws\[[0m\]\[[38;5;166m\]\[[0m\] on \[[38;5;162m\] \[[0m\]\[[38;5;162m\]main\[[0m\] underwent \[[36m\]853ms\[[0m\]
\[[1;38;5;166m\]➜\[[0m\] /usr/bin/cmake --build /home/fiend/voice_grab/ros2_ws/build/voice_grabber -- -j8 -l8
[5.522s] Invoking command in '/home/fiend/voice_grab/ros2_ws/build/voice_grabber': CMAKE_PREFIX_PATH=/home/fiend/Navigation_Bot/dev_ws/install/navigation_bot:/home/fiend/voice_grab/ros2_ws/install/zed_ros2:/home/fiend/voice_grab/ros2_ws/install/zed_wrapper:/home/fiend/voice_grab/ros2_ws/install/zed_components:/home/fiend/voice_grab/ros2_ws/install/zed_interfaces:/home/fiend/voice_grab/ros2_ws/install/voice_grabber:/home/fiend/voice_grab/ros2_ws/install/ur_robotiq:/home/fiend/voice_grab/ros2_ws/install/ur_robotiq_description:/opt/ros/humble:/home/fiend/LineFollowingRobot/ros_ws/install/prius_msgs:/home/fiend/LineFollowingRobot/ros_ws/install/line_bhakt:/home/fiend/LineFollowingRobot/ros_ws/install/launches:/home/fiend/LineFollowingRobot/ros_ws/install/autocar_nav:/home/fiend/LineFollowingRobot/ros_ws/install/autocar_msgs:/home/fiend/LineFollowingRobot/ros_ws/install/autocar_map:/home/fiend/LineFollowingRobot/ros_ws/install/autocar_gazebo:/home/fiend/LineFollowingRobot/ros_ws/install/autocar_description:/home/fiend/ROS/practice_codes_ROS2/articubot_one/install/articubot_one PS1=
\[[38;5;156m\]\[[0m\]\[[38;5;166m\]ros2_ws\[[0m\]\[[38;5;166m\]\[[0m\] on \[[38;5;162m\] \[[0m\]\[[38;5;162m\]main\[[0m\] underwent \[[36m\]853ms\[[0m\]
\[[1;38;5;166m\]➜\[[0m\] /usr/bin/cmake --install /home/fiend/voice_grab/ros2_ws/build/voice_grabber
[5.529s] -- Install configuration: "Release"
[5.531s] -- Execute custom install script
[5.531s] -- Up-to-date symlink: /home/fiend/voice_grab/ros2_ws/install/voice_grabber/share/voice_grabber/launch/launch_aud.launch.py
[5.532s] -- Up-to-date symlink: /home/fiend/voice_grab/ros2_ws/install/voice_grabber/lib/voice_grabber/Speech_Listner_Node
[5.532s] -- Up-to-date symlink: /home/fiend/voice_grab/ros2_ws/install/voice_grabber/lib/voice_grabber/Text_Display_Node
[5.532s] -- Up-to-date symlink: /home/fiend/voice_grab/ros2_ws/install/voice_grabber/share/voice_grabber/environment/pythonpath.sh
[5.532s] -- Up-to-date symlink: /home/fiend/voice_grab/ros2_ws/install/voice_grabber/share/voice_grabber/environment/pythonpath.dsv
[5.533s] -- Up-to-date symlink: /home/fiend/voice_grab/ros2_ws/install/voice_grabber/local/lib/python3.10/dist-packages/voice_grabber-0.0.0-py3.10.egg-info/PKG-INFO
[5.533s] -- Up-to-date symlink: /home/fiend/voice_grab/ros2_ws/install/voice_grabber/local/lib/python3.10/dist-packages/voice_grabber-0.0.0-py3.10.egg-info/SOURCES.txt
[5.533s] -- Up-to-date symlink: /home/fiend/voice_grab/ros2_ws/install/voice_grabber/local/lib/python3.10/dist-packages/voice_grabber-0.0.0-py3.10.egg-info/dependency_links.txt
[5.533s] -- Up-to-date symlink: /home/fiend/voice_grab/ros2_ws/install/voice_grabber/local/lib/python3.10/dist-packages/voice_grabber-0.0.0-py3.10.egg-info/top_level.txt
[5.534s] -- Up-to-date symlink: /home/fiend/voice_grab/ros2_ws/install/voice_grabber/local/lib/python3.10/dist-packages/voice_grabber/__init__.py
[5.534s] -- Up-to-date symlink: /home/fiend/voice_grab/ros2_ws/install/voice_grabber/lib/voice_grabber/Vosk.py
[5.534s] -- Up-to-date symlink: /home/fiend/voice_grab/ros2_ws/install/voice_grabber/share/ament_index/resource_index/package_run_dependencies/voice_grabber
[5.534s] -- Up-to-date symlink: /home/fiend/voice_grab/ros2_ws/install/voice_grabber/share/ament_index/resource_index/parent_prefix_path/voice_grabber
[5.535s] -- Up-to-date symlink: /home/fiend/voice_grab/ros2_ws/install/voice_grabber/share/voice_grabber/environment/ament_prefix_path.sh
[5.535s] -- Up-to-date symlink: /home/fiend/voice_grab/ros2_ws/install/voice_grabber/share/voice_grabber/environment/ament_prefix_path.dsv
[5.535s] -- Up-to-date symlink: /home/fiend/voice_grab/ros2_ws/install/voice_grabber/share/voice_grabber/environment/path.sh
[5.535s] -- Up-to-date symlink: /home/fiend/voice_grab/ros2_ws/install/voice_grabber/share/voice_grabber/environment/path.dsv
[5.536s] -- Up-to-date symlink: /home/fiend/voice_grab/ros2_ws/install/voice_grabber/share/voice_grabber/local_setup.bash
[5.536s] -- Up-to-date symlink: /home/fiend/voice_grab/ros2_ws/install/voice_grabber/share/voice_grabber/local_setup.sh
[5.536s] -- Up-to-date symlink: /home/fiend/voice_grab/ros2_ws/install/voice_grabber/share/voice_grabber/local_setup.zsh
[5.536s] -- Up-to-date symlink: /home/fiend/voice_grab/ros2_ws/install/voice_grabber/share/voice_grabber/local_setup.dsv
[5.536s] -- Symlinking: /home/fiend/voice_grab/ros2_ws/install/voice_grabber/share/voice_grabber/package.dsv
[5.545s] -- Up-to-date symlink: /home/fiend/voice_grab/ros2_ws/install/voice_grabber/share/ament_index/resource_index/packages/voice_grabber
[5.546s] -- Up-to-date symlink: /home/fiend/voice_grab/ros2_ws/install/voice_grabber/share/voice_grabber/cmake/voice_grabberConfig.cmake
[5.546s] -- Up-to-date symlink: /home/fiend/voice_grab/ros2_ws/install/voice_grabber/share/voice_grabber/cmake/voice_grabberConfig-version.cmake
[5.546s] -- Up-to-date symlink: /home/fiend/voice_grab/ros2_ws/install/voice_grabber/share/voice_grabber/package.xml
[5.579s] Listing '/home/fiend/voice_grab/ros2_ws/install/voice_grabber/local/lib/python3.10/dist-packages/voice_grabber'...
[5.585s] Invoked command in '/home/fiend/voice_grab/ros2_ws/build/voice_grabber' returned '0': CMAKE_PREFIX_PATH=/home/fiend/Navigation_Bot/dev_ws/install/navigation_bot:/home/fiend/voice_grab/ros2_ws/install/zed_ros2:/home/fiend/voice_grab/ros2_ws/install/zed_wrapper:/home/fiend/voice_grab/ros2_ws/install/zed_components:/home/fiend/voice_grab/ros2_ws/install/zed_interfaces:/home/fiend/voice_grab/ros2_ws/install/voice_grabber:/home/fiend/voice_grab/ros2_ws/install/ur_robotiq:/home/fiend/voice_grab/ros2_ws/install/ur_robotiq_description:/opt/ros/humble:/home/fiend/LineFollowingRobot/ros_ws/install/prius_msgs:/home/fiend/LineFollowingRobot/ros_ws/install/line_bhakt:/home/fiend/LineFollowingRobot/ros_ws/install/launches:/home/fiend/LineFollowingRobot/ros_ws/install/autocar_nav:/home/fiend/LineFollowingRobot/ros_ws/install/autocar_msgs:/home/fiend/LineFollowingRobot/ros_ws/install/autocar_map:/home/fiend/LineFollowingRobot/ros_ws/install/autocar_gazebo:/home/fiend/LineFollowingRobot/ros_ws/install/autocar_description:/home/fiend/ROS/practice_codes_ROS2/articubot_one/install/articubot_one PS1=
\[[38;5;156m\]\[[0m\]\[[38;5;166m\]ros2_ws\[[0m\]\[[38;5;166m\]\[[0m\] on \[[38;5;162m\] \[[0m\]\[[38;5;162m\]main\[[0m\] underwent \[[36m\]853ms\[[0m\]
\[[1;38;5;166m\]➜\[[0m\] /usr/bin/cmake --install /home/fiend/voice_grab/ros2_ws/build/voice_grabber
