[0.000000] (-) TimerEvent: {}
[0.000150] (-) JobUnselected: {'identifier': 'ur_robotiq'}
[0.000174] (-) JobUnselected: {'identifier': 'voice_grabber'}
[0.000193] (ur_robotiq_description) JobQueued: {'identifier': 'ur_robotiq_description', 'dependencies': OrderedDict()}
[0.000211] (ur_robotiq_description) JobStarted: {'identifier': 'ur_robotiq_description'}
[0.099690] (-) TimerEvent: {}
[0.124069] (ur_robotiq_description) JobProgress: {'identifier': 'ur_robotiq_description', 'progress': 'cmake'}
[0.124948] (ur_robotiq_description) JobProgress: {'identifier': 'ur_robotiq_description', 'progress': 'build'}
[0.124994] (ur_robotiq_description) Command: {'cmd': ['/usr/bin/cmake', '--build', '/home/fiend/voice_grab/ros2_ws/build/ur_robotiq_description', '--', '-j8', '-l8'], 'cwd': '/home/fiend/voice_grab/ros2_ws/build/ur_robotiq_description', 'env': OrderedDict([('GJS_DEBUG_TOPICS', 'JS ERROR;JS LOG'), ('LESSOPEN', '| /usr/bin/lesspipe %s'), ('LANGUAGE', 'en_IN:en'), ('USER', 'fiend'), ('STARSHIP_SHELL', 'bash'), ('XDG_SESSION_TYPE', 'wayland'), ('SHLVL', '1'), ('LD_LIBRARY_PATH', '/usr/lib/x86_64-linux-gnu/gazebo-11/plugins:/opt/ros/humble/opt/rviz_ogre_vendor/lib:/opt/ros/humble/lib/x86_64-linux-gnu:/opt/ros/humble/lib'), ('HOME', '/home/fiend'), ('OLDPWD', '/home/fiend/voice_grab/ros2_ws/src/ur_robotiq/ur_robotiq_description'), ('DESKTOP_SESSION', 'ubuntu'), ('GIO_LAUNCHED_DESKTOP_FILE', '/usr/share/applications/terminator.desktop'), ('ROS_PYTHON_VERSION', '3'), ('GNOME_SHELL_SESSION_MODE', 'ubuntu'), ('GTK_MODULES', 'gail:atk-bridge'), ('PS1', '\n\\[\x1b[38;5;166m\\]~/voice_grab/ros2_ws\\[\x1b[0m\\] underwent \\[\x1b[36m\\]2s\\[\x1b[0m\\]\n\\[\x1b[1;38;5;166m\\]➜\\[\x1b[0m\\]'), ('MANAGERPID', '876'), ('SYSTEMD_EXEC_PID', '56008'), ('IM_CONFIG_CHECK_ENV', '1'), ('DBUS_SESSION_BUS_ADDRESS', 'unix:path=/run/user/1000/bus'), ('COLORTERM', 'truecolor'), ('GIO_LAUNCHED_DESKTOP_FILE_PID', '56868'), ('_colcon_cd_root', '/opt/ros/humble/'), ('IM_CONFIG_PHASE', '1'), ('WAYLAND_DISPLAY', 'wayland-0'), ('COLCON_PREFIX_PATH', '/home/fiend/voice_grab/ros2_ws/install:/home/fiend/Navigation_Bot/dev_ws/install:/home/fiend/LineFollowingRobot/ros_ws/install:/home/fiend/ROS/practice_codes_ROS2/articubot_one/install'), ('ROS_DISTRO', 'humble'), ('LOGNAME', 'fiend'), ('JOURNAL_STREAM', '8:297407'), ('_', '/usr/bin/colcon'), ('ROS_VERSION', '2'), ('XDG_SESSION_CLASS', 'user'), ('USERNAME', 'fiend'), ('TERM', 'xterm-256color'), ('GNOME_DESKTOP_SESSION_ID', 'this-is-deprecated'), ('ROS_LOCALHOST_ONLY', '0'), ('PATH', '/opt/ros/humble/bin:/home/fiend/.local/bin:/home/fiend/.local/bin:/usr/local/sbin:/usr/local/bin:/usr/sbin:/usr/bin:/sbin:/bin:/usr/games:/usr/local/games:/snap/bin:/snap/bin'), ('SESSION_MANAGER', 'local/fiend-Lenovo-Yoga-C740-14IML:@/tmp/.ICE-unix/55985,unix/fiend-Lenovo-Yoga-C740-14IML:/tmp/.ICE-unix/55985'), ('INVOCATION_ID', '9005688e639d4856b75f5533d5abdc7a'), ('XDG_MENU_PREFIX', 'gnome-'), ('GNOME_SETUP_DISPLAY', ':1'), ('XDG_RUNTIME_DIR', '/run/user/1000'), ('DISPLAY', ':0'), ('LANG', 'en_US.UTF-8'), ('XDG_CURRENT_DESKTOP', 'ubuntu:GNOME'), ('IBUS_DISABLE_SNOOPER', '1'), ('XMODIFIERS', '@im=ibus'), ('XDG_SESSION_DESKTOP', 'ubuntu'), ('XAUTHORITY', '/run/user/1000/.mutter-Xwaylandauth.9S0ZJ2'), ('LS_COLORS', 'di=34:ow=34:tw=34:fi=13:ln=31:pi=5:so=5:bd=5:cd=5:or=31:mi=0:ex=35:*.rpm=90:*.png=35:*.gif=36:*.jpg=35:*.c=92:*.py=93:*.h=90:*.txt=94:*.doc=104:*.odt=104:*.csv=102:*.xlsx=102:*.xlsm=102:*.rb=31:*.cpp=92:*.sh=92:*.html=96:*.zip=4;33:*.tar.gz=4;33:*.mp4=105:*.mp3=106'), ('SSH_AGENT_LAUNCHER', 'gnome-keyring'), ('SSH_AUTH_SOCK', '/run/user/1000/keyring/ssh'), ('AMENT_PREFIX_PATH', '/home/fiend/voice_grab/ros2_ws/install/voice_grabber:/home/fiend/voice_grab/ros2_ws/install/ur_robotiq:/home/fiend/voice_grab/ros2_ws/install/ur_robotiq_description:/home/fiend/Navigation_Bot/dev_ws/install/navigation_bot:/home/fiend/LineFollowingRobot/ros_ws/install/line_bhakt:/home/fiend/ROS/practice_codes_ROS2/articubot_one/install/articubot_one:/opt/ros/humble'), ('SHELL', '/bin/bash'), ('TERMINATOR_UUID', 'urn:uuid:b8e71a3b-45e5-48cd-97aa-e78a3c06651e'), ('QT_ACCESSIBILITY', '1'), ('GDMSESSION', 'ubuntu'), ('LESSCLOSE', '/usr/bin/lesspipe %s %s'), ('GCC_COLORS', 'error=31:warning=35:note=36:caret=32:locus=01:quote=01'), ('GJS_DEBUG_OUTPUT', 'stderr'), ('QT_IM_MODULE', 'ibus'), ('PWD', '/home/fiend/voice_grab/ros2_ws/build/ur_robotiq_description'), ('LC_ALL', 'en_US.UTF-8'), ('XDG_CONFIG_DIRS', '/etc/xdg/xdg-ubuntu:/etc/xdg'), ('XDG_DATA_DIRS', '/usr/share/ubuntu:/home/fiend/.local/share/flatpak/exports/share:/var/lib/flatpak/exports/share:/usr/local/share/:/usr/share/:/var/lib/snapd/desktop'), ('STARSHIP_SESSION_KEY', '2511229412964716'), ('PYTHONPATH', '/home/fiend/voice_grab/ros2_ws/install/voice_grabber/local/lib/python3.10/dist-packages:/opt/ros/humble/lib/python3.10/site-packages:/opt/ros/humble/local/lib/python3.10/dist-packages'), ('COLCON', '1'), ('VTE_VERSION', '6800'), ('CMAKE_PREFIX_PATH', '/home/fiend/voice_grab/ros2_ws/install/voice_grabber:/home/fiend/voice_grab/ros2_ws/install/ur_robotiq:/home/fiend/voice_grab/ros2_ws/install/ur_robotiq_description:/home/fiend/Navigation_Bot/dev_ws/install/navigation_bot:/home/fiend/LineFollowingRobot/ros_ws/install/line_bhakt:/home/fiend/ROS/practice_codes_ROS2/articubot_one/install/articubot_one:/opt/ros/humble')]), 'shell': False}
[0.149596] (ur_robotiq_description) StdoutLine: {'line': b'-- Found ament_cmake: 1.3.8 (/opt/ros/humble/share/ament_cmake/cmake)\n'}
[0.199877] (-) TimerEvent: {}
[0.266638] (ur_robotiq_description) StdoutLine: {'line': b'-- Found robotiq_description: 0.0.1 (/opt/ros/humble/share/robotiq_description/cmake)\n'}
[0.266913] (ur_robotiq_description) StdoutLine: {'line': b'-- Found ur_description: 2.1.3 (/opt/ros/humble/share/ur_description/cmake)\n'}
[0.267236] (ur_robotiq_description) StdoutLine: {'line': b'-- Found moveit: 2.5.5 (/opt/ros/humble/share/moveit/cmake)\n'}
[0.267608] (ur_robotiq_description) StdoutLine: {'line': b'-- Found rclcpp: 16.0.8 (/opt/ros/humble/share/rclcpp/cmake)\n'}
[0.299977] (-) TimerEvent: {}
[0.304866] (ur_robotiq_description) StdoutLine: {'line': b'-- Found rosidl_generator_c: 3.1.5 (/opt/ros/humble/share/rosidl_generator_c/cmake)\n'}
[0.307657] (ur_robotiq_description) StdoutLine: {'line': b'-- Found rosidl_adapter: 3.1.5 (/opt/ros/humble/share/rosidl_adapter/cmake)\n'}
[0.315046] (ur_robotiq_description) StdoutLine: {'line': b'-- Found rosidl_generator_cpp: 3.1.5 (/opt/ros/humble/share/rosidl_generator_cpp/cmake)\n'}
[0.327439] (ur_robotiq_description) StdoutLine: {'line': b'-- Using all available rosidl_typesupport_c: rosidl_typesupport_fastrtps_c;rosidl_typesupport_introspection_c\n'}
[0.344020] (ur_robotiq_description) StdoutLine: {'line': b'-- Using all available rosidl_typesupport_cpp: rosidl_typesupport_fastrtps_cpp;rosidl_typesupport_introspection_cpp\n'}
[0.400068] (-) TimerEvent: {}
[0.404760] (ur_robotiq_description) StdoutLine: {'line': b'-- Found rmw_implementation_cmake: 6.1.1 (/opt/ros/humble/share/rmw_implementation_cmake/cmake)\n'}
[0.406705] (ur_robotiq_description) StdoutLine: {'line': b'-- Found rmw_fastrtps_cpp: 6.2.6 (/opt/ros/humble/share/rmw_fastrtps_cpp/cmake)\n'}
[0.500162] (-) TimerEvent: {}
[0.520666] (ur_robotiq_description) StdoutLine: {'line': b"-- Using RMW implementation 'rmw_fastrtps_cpp' as default\n"}
[0.600246] (-) TimerEvent: {}
[0.686937] (ur_robotiq_description) StderrLine: {'line': b'\x1b[31mCMake Error at CMakeLists.txt:19 (find_package):\n'}
[0.687074] (ur_robotiq_description) StderrLine: {'line': b'  By not providing "Findcatkin.cmake" in CMAKE_MODULE_PATH this project has\n'}
[0.687150] (ur_robotiq_description) StderrLine: {'line': b'  asked CMake to find a package configuration file provided by "catkin", but\n'}
[0.687234] (ur_robotiq_description) StderrLine: {'line': b'  CMake did not find one.\n'}
[0.687296] (ur_robotiq_description) StderrLine: {'line': b'\n'}
[0.687345] (ur_robotiq_description) StderrLine: {'line': b'  Could not find a package configuration file provided by "catkin" with any\n'}
[0.687394] (ur_robotiq_description) StderrLine: {'line': b'  of the following names:\n'}
[0.687461] (ur_robotiq_description) StderrLine: {'line': b'\n'}
[0.687515] (ur_robotiq_description) StderrLine: {'line': b'    catkinConfig.cmake\n'}
[0.687574] (ur_robotiq_description) StderrLine: {'line': b'    catkin-config.cmake\n'}
[0.687621] (ur_robotiq_description) StderrLine: {'line': b'\n'}
[0.687668] (ur_robotiq_description) StderrLine: {'line': b'  Add the installation prefix of "catkin" to CMAKE_PREFIX_PATH or set\n'}
[0.687733] (ur_robotiq_description) StderrLine: {'line': b'  "catkin_DIR" to a directory containing one of the above files.  If "catkin"\n'}
[0.687783] (ur_robotiq_description) StderrLine: {'line': b'  provides a separate development package or SDK, be sure it has been\n'}
[0.687833] (ur_robotiq_description) StderrLine: {'line': b'  installed.\n'}
[0.687882] (ur_robotiq_description) StderrLine: {'line': b'\n'}
[0.687931] (ur_robotiq_description) StderrLine: {'line': b'\x1b[0m\n'}
[0.687979] (ur_robotiq_description) StdoutLine: {'line': b'-- Configuring incomplete, errors occurred!\n'}
[0.688058] (ur_robotiq_description) StdoutLine: {'line': b'See also "/home/fiend/voice_grab/ros2_ws/build/ur_robotiq_description/CMakeFiles/CMakeOutput.log".\n'}
[0.693345] (ur_robotiq_description) StderrLine: {'line': b'gmake: *** [Makefile:267: cmake_check_build_system] Error 1\n'}
[0.694946] (ur_robotiq_description) CommandEnded: {'returncode': 2}
[0.700334] (-) TimerEvent: {}
[0.776587] (ur_robotiq_description) JobEnded: {'identifier': 'ur_robotiq_description', 'rc': 2}
[0.787048] (-) EventReactorShutdown: {}
