[0.056s] Invoking command in '/home/fiend/voice_grab/ros2_ws/build/robotiq_2f_85_gripper_visualization': /usr/bin/cmake /home/fiend/voice_grab/ros2_ws/src/robotiq/robotiq_2f_85_gripper_visualization -DCATKIN_INSTALL_INTO_PREFIX_ROOT=0 -DCATKIN_SYMLINK_INSTALL=ON -DCMAKE_INSTALL_PREFIX=/home/fiend/voice_grab/ros2_ws/install/robotiq_2f_85_gripper_visualization
[0.078s] [0mCMake Deprecation Warning at CMakeLists.txt:1 (cmake_minimum_required):
[0.078s]   Compatibility with CMake < 2.8.12 will be removed from a future version of
[0.079s]   CMake.
[0.079s] 
[0.079s]   Update the VERSION argument <min> value or use a ...<max> suffix to tell
[0.079s]   CMake that the project does not need compatibility with older versions.
[0.079s] 
[0.079s] [0m
[0.137s] -- The C compiler identification is GNU 11.4.0
[0.209s] -- The CXX compiler identification is GNU 11.4.0
[0.220s] -- Detecting C compiler ABI info
[0.317s] -- Detecting C compiler ABI info - done
[0.331s] -- Check for working C compiler: /usr/bin/cc - skipped
[0.331s] -- Detecting C compile features
[0.331s] -- Detecting C compile features - done
[0.336s] -- Detecting CXX compiler ABI info
[0.436s] -- Detecting CXX compiler ABI info - done
[0.449s] -- Check for working CXX compiler: /usr/bin/c++ - skipped
[0.449s] -- Detecting CXX compile features
[0.450s] -- Detecting CXX compile features - done
[0.483s] [31mCMake Error at CMakeLists.txt:3 (find_package):
[0.483s]   By not providing "Findcatkin.cmake" in CMAKE_MODULE_PATH this project has
[0.483s]   asked CMake to find a package configuration file provided by "catkin", but
[0.483s]   CMake did not find one.
[0.483s] 
[0.483s]   Could not find a package configuration file provided by "catkin" with any
[0.483s]   of the following names:
[0.483s] 
[0.483s]     catkinConfig.cmake
[0.483s]     catkin-config.cmake
[0.483s] 
[0.484s]   Add the installation prefix of "catkin" to CMAKE_PREFIX_PATH or set
[0.484s]   "catkin_DIR" to a directory containing one of the above files.  If "catkin"
[0.484s]   provides a separate development package or SDK, be sure it has been
[0.484s]   installed.
[0.484s] 
[0.484s] [0m
[0.484s] -- Configuring incomplete, errors occurred!
[0.484s] See also "/home/fiend/voice_grab/ros2_ws/build/robotiq_2f_85_gripper_visualization/CMakeFiles/CMakeOutput.log".
[0.487s] Invoked command in '/home/fiend/voice_grab/ros2_ws/build/robotiq_2f_85_gripper_visualization' returned '1': /usr/bin/cmake /home/fiend/voice_grab/ros2_ws/src/robotiq/robotiq_2f_85_gripper_visualization -DCATKIN_INSTALL_INTO_PREFIX_ROOT=0 -DCATKIN_SYMLINK_INSTALL=ON -DCMAKE_INSTALL_PREFIX=/home/fiend/voice_grab/ros2_ws/install/robotiq_2f_85_gripper_visualization
