[0.186s] Invoking command in '/home/fiend/voice_grab/ros2_ws/build/ur_description': CMAKE_PREFIX_PATH=/home/fiend/voice_grab/ros2_ws/install/robotiq_moveit_config:/home/fiend/Navigation_Bot/dev_ws/install/navigation_bot:/home/fiend/ws_moveit/install/pilz_industrial_motion_planner_testutils:/home/fiend/ws_moveit/install/moveit_runtime:/home/fiend/ws_moveit/install/moveit2_tutorials:/home/fiend/ws_moveit/install/moveit:/home/fiend/ws_moveit/install/moveit_planners:/home/fiend/ws_moveit/install/pilz_industrial_motion_planner:/home/fiend/ws_moveit/install/mtc_tutorial:/home/fiend/ws_moveit/install/hello_moveit:/home/fiend/ws_moveit/install/moveit_visual_tools:/home/fiend/ws_moveit/install/moveit_task_constructor_visualization:/home/fiend/ws_moveit/install/moveit_task_constructor_demo:/home/fiend/ws_moveit/install/moveit_task_constructor_capabilities:/home/fiend/ws_moveit/install/moveit_task_constructor_core:/home/fiend/ws_moveit/install/moveit_ros_control_interface:/home/fiend/ws_moveit/install/moveit_plugins:/home/fiend/ws_moveit/install/moveit_simple_controller_manager:/home/fiend/ws_moveit/install/moveit_setup_assistant:/home/fiend/ws_moveit/install/moveit_setup_srdf_plugins:/home/fiend/ws_moveit/install/moveit_setup_core_plugins:/home/fiend/ws_moveit/install/moveit_setup_controllers:/home/fiend/ws_moveit/install/moveit_setup_app_plugins:/home/fiend/ws_moveit/install/moveit_setup_framework:/home/fiend/ws_moveit/install/moveit_servo:/home/fiend/ws_moveit/install/moveit_ros:/home/fiend/ws_moveit/install/moveit_ros_visualization:/home/fiend/ws_moveit/install/moveit_hybrid_planning:/home/fiend/ws_moveit/install/moveit_ros_planning_interface:/home/fiend/ws_moveit/install/moveit_ros_benchmarks:/home/fiend/ws_moveit/install/moveit_ros_warehouse:/home/fiend/ws_moveit/install/moveit_ros_robot_interaction:/home/fiend/ws_moveit/install/moveit_ros_perception:/home/fiend/ws_moveit/install/moveit_resources_prbt_pg70_support:/home/fiend/ws_moveit/install/moveit_resources_prbt_moveit_config:/home/fiend/ws_moveit/install/moveit_ros_move_group:/home/fiend/ws_moveit/install/moveit_planners_ompl:/home/fiend/ws_moveit/install/moveit_ros_planning:/home/fiend/ws_moveit/install/moveit_ros_occupancy_map_monitor:/home/fiend/ws_moveit/install/moveit_resources_prbt_ikfast_manipulator_plugin:/home/fiend/ws_moveit/install/moveit_planners_chomp:/home/fiend/ws_moveit/install/moveit_kinematics:/home/fiend/ws_moveit/install/moveit_chomp_optimizer_adapter:/home/fiend/ws_moveit/install/chomp_motion_planner:/home/fiend/ws_moveit/install/moveit_core:/home/fiend/ws_moveit/install/srdfdom:/home/fiend/ws_moveit/install/rviz_marker_tools:/home/fiend/ws_moveit/install/rosparam_shortcuts:/home/fiend/ws_moveit/install/moveit_task_constructor_msgs:/home/fiend/ws_moveit/install/moveit_resources_prbt_support:/home/fiend/ws_moveit/install/moveit_resources:/home/fiend/ws_moveit/install/moveit_resources_pr2_description:/home/fiend/ws_moveit/install/moveit_resources_panda_moveit_config:/home/fiend/ws_moveit/install/moveit_resources_panda_description:/home/fiend/ws_moveit/install/moveit_resources_fanuc_moveit_config:/home/fiend/ws_moveit/install/moveit_resources_fanuc_description:/home/fiend/ws_moveit/install/moveit_common:/home/fiend/voice_grab/ros2_ws/install/voice_grabber:/home/fiend/voice_grab/ros2_ws/install/ur_moveit_config:/home/fiend/voice_grab/ros2_ws/install/ur_description:/home/fiend/voice_grab/ros2_ws/install/robotiq_2f_85_gripper_visualization:/home/fiend/voice_grab/ros2_ws/install/robotiq_2f_140_gripper_visualization:/home/fiend/voice_grab/ros2_ws/install/octomap_mapping:/home/fiend/voice_grab/ros2_ws/install/octomap_server:/home/fiend/voice_grab/ros2_ws/install/octomap_ros:/home/fiend/voice_grab/ros2_ws/install/octomap:/home/fiend/gazebo_ros2_control/install/gazebo_ros2_control_demos:/home/fiend/gazebo_ros2_control/install/gazebo_ros2_control:/home/fiend/ws_moveit/install/moveit_configs_utils:/home/fiend/ws_moveit/install/launch_param_builder:/opt/ros/humble:/home/fiend/LineFollowingRobot/ros_ws/install/prius_msgs:/home/fiend/LineFollowingRobot/ros_ws/install/line_bhakt:/home/fiend/LineFollowingRobot/ros_ws/install/launches:/home/fiend/LineFollowingRobot/ros_ws/install/autocar_nav:/home/fiend/LineFollowingRobot/ros_ws/install/autocar_msgs:/home/fiend/LineFollowingRobot/ros_ws/install/autocar_map:/home/fiend/LineFollowingRobot/ros_ws/install/autocar_gazebo:/home/fiend/LineFollowingRobot/ros_ws/install/autocar_description:/home/fiend/ROS/practice_codes_ROS2/articubot_one/install/articubot_one:/home/fiend/octomap_mapping/install/octomap_mapping:/home/fiend/octomap_mapping/install/octomap_server PS1=
\[[38;5;156m\]\[[0m\]\[[38;5;166m\]ros2_ws\[[0m\]\[[38;5;166m\]\[[0m\] on \[[38;5;162m\] \[[0m\]\[[38;5;162m\]master\[[0m\] underwent \[[36m\]2s\[[0m\]
\[[1;38;5;166m\]➜\[[0m\] /usr/bin/cmake --build /home/fiend/voice_grab/ros2_ws/build/ur_description -- -j8 -l8
[0.265s] -- Found ament_cmake: 1.3.9 (/opt/ros/humble/share/ament_cmake/cmake)
[0.778s] -- Override CMake install command with custom implementation using symlinks instead of copying resources
[0.791s] -- Found ament_cmake_pytest: 1.3.9 (/opt/ros/humble/share/ament_cmake_pytest/cmake)
[0.998s] -- Configuring done
[1.006s] -- Generating done
[1.008s] -- Build files have been written to: /home/fiend/voice_grab/ros2_ws/build/ur_description
[1.067s] Invoked command in '/home/fiend/voice_grab/ros2_ws/build/ur_description' returned '0': CMAKE_PREFIX_PATH=/home/fiend/voice_grab/ros2_ws/install/robotiq_moveit_config:/home/fiend/Navigation_Bot/dev_ws/install/navigation_bot:/home/fiend/ws_moveit/install/pilz_industrial_motion_planner_testutils:/home/fiend/ws_moveit/install/moveit_runtime:/home/fiend/ws_moveit/install/moveit2_tutorials:/home/fiend/ws_moveit/install/moveit:/home/fiend/ws_moveit/install/moveit_planners:/home/fiend/ws_moveit/install/pilz_industrial_motion_planner:/home/fiend/ws_moveit/install/mtc_tutorial:/home/fiend/ws_moveit/install/hello_moveit:/home/fiend/ws_moveit/install/moveit_visual_tools:/home/fiend/ws_moveit/install/moveit_task_constructor_visualization:/home/fiend/ws_moveit/install/moveit_task_constructor_demo:/home/fiend/ws_moveit/install/moveit_task_constructor_capabilities:/home/fiend/ws_moveit/install/moveit_task_constructor_core:/home/fiend/ws_moveit/install/moveit_ros_control_interface:/home/fiend/ws_moveit/install/moveit_plugins:/home/fiend/ws_moveit/install/moveit_simple_controller_manager:/home/fiend/ws_moveit/install/moveit_setup_assistant:/home/fiend/ws_moveit/install/moveit_setup_srdf_plugins:/home/fiend/ws_moveit/install/moveit_setup_core_plugins:/home/fiend/ws_moveit/install/moveit_setup_controllers:/home/fiend/ws_moveit/install/moveit_setup_app_plugins:/home/fiend/ws_moveit/install/moveit_setup_framework:/home/fiend/ws_moveit/install/moveit_servo:/home/fiend/ws_moveit/install/moveit_ros:/home/fiend/ws_moveit/install/moveit_ros_visualization:/home/fiend/ws_moveit/install/moveit_hybrid_planning:/home/fiend/ws_moveit/install/moveit_ros_planning_interface:/home/fiend/ws_moveit/install/moveit_ros_benchmarks:/home/fiend/ws_moveit/install/moveit_ros_warehouse:/home/fiend/ws_moveit/install/moveit_ros_robot_interaction:/home/fiend/ws_moveit/install/moveit_ros_perception:/home/fiend/ws_moveit/install/moveit_resources_prbt_pg70_support:/home/fiend/ws_moveit/install/moveit_resources_prbt_moveit_config:/home/fiend/ws_moveit/install/moveit_ros_move_group:/home/fiend/ws_moveit/install/moveit_planners_ompl:/home/fiend/ws_moveit/install/moveit_ros_planning:/home/fiend/ws_moveit/install/moveit_ros_occupancy_map_monitor:/home/fiend/ws_moveit/install/moveit_resources_prbt_ikfast_manipulator_plugin:/home/fiend/ws_moveit/install/moveit_planners_chomp:/home/fiend/ws_moveit/install/moveit_kinematics:/home/fiend/ws_moveit/install/moveit_chomp_optimizer_adapter:/home/fiend/ws_moveit/install/chomp_motion_planner:/home/fiend/ws_moveit/install/moveit_core:/home/fiend/ws_moveit/install/srdfdom:/home/fiend/ws_moveit/install/rviz_marker_tools:/home/fiend/ws_moveit/install/rosparam_shortcuts:/home/fiend/ws_moveit/install/moveit_task_constructor_msgs:/home/fiend/ws_moveit/install/moveit_resources_prbt_support:/home/fiend/ws_moveit/install/moveit_resources:/home/fiend/ws_moveit/install/moveit_resources_pr2_description:/home/fiend/ws_moveit/install/moveit_resources_panda_moveit_config:/home/fiend/ws_moveit/install/moveit_resources_panda_description:/home/fiend/ws_moveit/install/moveit_resources_fanuc_moveit_config:/home/fiend/ws_moveit/install/moveit_resources_fanuc_description:/home/fiend/ws_moveit/install/moveit_common:/home/fiend/voice_grab/ros2_ws/install/voice_grabber:/home/fiend/voice_grab/ros2_ws/install/ur_moveit_config:/home/fiend/voice_grab/ros2_ws/install/ur_description:/home/fiend/voice_grab/ros2_ws/install/robotiq_2f_85_gripper_visualization:/home/fiend/voice_grab/ros2_ws/install/robotiq_2f_140_gripper_visualization:/home/fiend/voice_grab/ros2_ws/install/octomap_mapping:/home/fiend/voice_grab/ros2_ws/install/octomap_server:/home/fiend/voice_grab/ros2_ws/install/octomap_ros:/home/fiend/voice_grab/ros2_ws/install/octomap:/home/fiend/gazebo_ros2_control/install/gazebo_ros2_control_demos:/home/fiend/gazebo_ros2_control/install/gazebo_ros2_control:/home/fiend/ws_moveit/install/moveit_configs_utils:/home/fiend/ws_moveit/install/launch_param_builder:/opt/ros/humble:/home/fiend/LineFollowingRobot/ros_ws/install/prius_msgs:/home/fiend/LineFollowingRobot/ros_ws/install/line_bhakt:/home/fiend/LineFollowingRobot/ros_ws/install/launches:/home/fiend/LineFollowingRobot/ros_ws/install/autocar_nav:/home/fiend/LineFollowingRobot/ros_ws/install/autocar_msgs:/home/fiend/LineFollowingRobot/ros_ws/install/autocar_map:/home/fiend/LineFollowingRobot/ros_ws/install/autocar_gazebo:/home/fiend/LineFollowingRobot/ros_ws/install/autocar_description:/home/fiend/ROS/practice_codes_ROS2/articubot_one/install/articubot_one:/home/fiend/octomap_mapping/install/octomap_mapping:/home/fiend/octomap_mapping/install/octomap_server PS1=
\[[38;5;156m\]\[[0m\]\[[38;5;166m\]ros2_ws\[[0m\]\[[38;5;166m\]\[[0m\] on \[[38;5;162m\] \[[0m\]\[[38;5;162m\]master\[[0m\] underwent \[[36m\]2s\[[0m\]
\[[1;38;5;166m\]➜\[[0m\] /usr/bin/cmake --build /home/fiend/voice_grab/ros2_ws/build/ur_description -- -j8 -l8
[1.161s] Invoking command in '/home/fiend/voice_grab/ros2_ws/build/ur_description': CMAKE_PREFIX_PATH=/home/fiend/voice_grab/ros2_ws/install/robotiq_moveit_config:/home/fiend/Navigation_Bot/dev_ws/install/navigation_bot:/home/fiend/ws_moveit/install/pilz_industrial_motion_planner_testutils:/home/fiend/ws_moveit/install/moveit_runtime:/home/fiend/ws_moveit/install/moveit2_tutorials:/home/fiend/ws_moveit/install/moveit:/home/fiend/ws_moveit/install/moveit_planners:/home/fiend/ws_moveit/install/pilz_industrial_motion_planner:/home/fiend/ws_moveit/install/mtc_tutorial:/home/fiend/ws_moveit/install/hello_moveit:/home/fiend/ws_moveit/install/moveit_visual_tools:/home/fiend/ws_moveit/install/moveit_task_constructor_visualization:/home/fiend/ws_moveit/install/moveit_task_constructor_demo:/home/fiend/ws_moveit/install/moveit_task_constructor_capabilities:/home/fiend/ws_moveit/install/moveit_task_constructor_core:/home/fiend/ws_moveit/install/moveit_ros_control_interface:/home/fiend/ws_moveit/install/moveit_plugins:/home/fiend/ws_moveit/install/moveit_simple_controller_manager:/home/fiend/ws_moveit/install/moveit_setup_assistant:/home/fiend/ws_moveit/install/moveit_setup_srdf_plugins:/home/fiend/ws_moveit/install/moveit_setup_core_plugins:/home/fiend/ws_moveit/install/moveit_setup_controllers:/home/fiend/ws_moveit/install/moveit_setup_app_plugins:/home/fiend/ws_moveit/install/moveit_setup_framework:/home/fiend/ws_moveit/install/moveit_servo:/home/fiend/ws_moveit/install/moveit_ros:/home/fiend/ws_moveit/install/moveit_ros_visualization:/home/fiend/ws_moveit/install/moveit_hybrid_planning:/home/fiend/ws_moveit/install/moveit_ros_planning_interface:/home/fiend/ws_moveit/install/moveit_ros_benchmarks:/home/fiend/ws_moveit/install/moveit_ros_warehouse:/home/fiend/ws_moveit/install/moveit_ros_robot_interaction:/home/fiend/ws_moveit/install/moveit_ros_perception:/home/fiend/ws_moveit/install/moveit_resources_prbt_pg70_support:/home/fiend/ws_moveit/install/moveit_resources_prbt_moveit_config:/home/fiend/ws_moveit/install/moveit_ros_move_group:/home/fiend/ws_moveit/install/moveit_planners_ompl:/home/fiend/ws_moveit/install/moveit_ros_planning:/home/fiend/ws_moveit/install/moveit_ros_occupancy_map_monitor:/home/fiend/ws_moveit/install/moveit_resources_prbt_ikfast_manipulator_plugin:/home/fiend/ws_moveit/install/moveit_planners_chomp:/home/fiend/ws_moveit/install/moveit_kinematics:/home/fiend/ws_moveit/install/moveit_chomp_optimizer_adapter:/home/fiend/ws_moveit/install/chomp_motion_planner:/home/fiend/ws_moveit/install/moveit_core:/home/fiend/ws_moveit/install/srdfdom:/home/fiend/ws_moveit/install/rviz_marker_tools:/home/fiend/ws_moveit/install/rosparam_shortcuts:/home/fiend/ws_moveit/install/moveit_task_constructor_msgs:/home/fiend/ws_moveit/install/moveit_resources_prbt_support:/home/fiend/ws_moveit/install/moveit_resources:/home/fiend/ws_moveit/install/moveit_resources_pr2_description:/home/fiend/ws_moveit/install/moveit_resources_panda_moveit_config:/home/fiend/ws_moveit/install/moveit_resources_panda_description:/home/fiend/ws_moveit/install/moveit_resources_fanuc_moveit_config:/home/fiend/ws_moveit/install/moveit_resources_fanuc_description:/home/fiend/ws_moveit/install/moveit_common:/home/fiend/voice_grab/ros2_ws/install/voice_grabber:/home/fiend/voice_grab/ros2_ws/install/ur_moveit_config:/home/fiend/voice_grab/ros2_ws/install/ur_description:/home/fiend/voice_grab/ros2_ws/install/robotiq_2f_85_gripper_visualization:/home/fiend/voice_grab/ros2_ws/install/robotiq_2f_140_gripper_visualization:/home/fiend/voice_grab/ros2_ws/install/octomap_mapping:/home/fiend/voice_grab/ros2_ws/install/octomap_server:/home/fiend/voice_grab/ros2_ws/install/octomap_ros:/home/fiend/voice_grab/ros2_ws/install/octomap:/home/fiend/gazebo_ros2_control/install/gazebo_ros2_control_demos:/home/fiend/gazebo_ros2_control/install/gazebo_ros2_control:/home/fiend/ws_moveit/install/moveit_configs_utils:/home/fiend/ws_moveit/install/launch_param_builder:/opt/ros/humble:/home/fiend/LineFollowingRobot/ros_ws/install/prius_msgs:/home/fiend/LineFollowingRobot/ros_ws/install/line_bhakt:/home/fiend/LineFollowingRobot/ros_ws/install/launches:/home/fiend/LineFollowingRobot/ros_ws/install/autocar_nav:/home/fiend/LineFollowingRobot/ros_ws/install/autocar_msgs:/home/fiend/LineFollowingRobot/ros_ws/install/autocar_map:/home/fiend/LineFollowingRobot/ros_ws/install/autocar_gazebo:/home/fiend/LineFollowingRobot/ros_ws/install/autocar_description:/home/fiend/ROS/practice_codes_ROS2/articubot_one/install/articubot_one:/home/fiend/octomap_mapping/install/octomap_mapping:/home/fiend/octomap_mapping/install/octomap_server PS1=
\[[38;5;156m\]\[[0m\]\[[38;5;166m\]ros2_ws\[[0m\]\[[38;5;166m\]\[[0m\] on \[[38;5;162m\] \[[0m\]\[[38;5;162m\]master\[[0m\] underwent \[[36m\]2s\[[0m\]
\[[1;38;5;166m\]➜\[[0m\] /usr/bin/cmake --install /home/fiend/voice_grab/ros2_ws/build/ur_description
[1.180s] -- Install configuration: ""
[1.181s] -- Execute custom install script
[1.182s] -- Up-to-date symlink: /home/fiend/voice_grab/ros2_ws/install/ur_description/share/ur_description/config/initial_positions.yaml
[1.183s] -- Up-to-date symlink: /home/fiend/voice_grab/ros2_ws/install/ur_description/share/ur_description/config/simulation_controllers.yaml
[1.183s] -- Up-to-date symlink: /home/fiend/voice_grab/ros2_ws/install/ur_description/share/ur_description/config/ur10/default_kinematics.yaml
[1.184s] -- Up-to-date symlink: /home/fiend/voice_grab/ros2_ws/install/ur_description/share/ur_description/config/ur10/joint_limits.yaml
[1.184s] -- Up-to-date symlink: /home/fiend/voice_grab/ros2_ws/install/ur_description/share/ur_description/config/ur10/physical_parameters.yaml
[1.184s] -- Up-to-date symlink: /home/fiend/voice_grab/ros2_ws/install/ur_description/share/ur_description/config/ur10/visual_parameters.yaml
[1.185s] -- Up-to-date symlink: /home/fiend/voice_grab/ros2_ws/install/ur_description/share/ur_description/config/ur10e/default_kinematics.yaml
[1.185s] -- Up-to-date symlink: /home/fiend/voice_grab/ros2_ws/install/ur_description/share/ur_description/config/ur10e/joint_limits.yaml
[1.185s] -- Up-to-date symlink: /home/fiend/voice_grab/ros2_ws/install/ur_description/share/ur_description/config/ur10e/physical_parameters.yaml
[1.186s] -- Up-to-date symlink: /home/fiend/voice_grab/ros2_ws/install/ur_description/share/ur_description/config/ur10e/visual_parameters.yaml
[1.186s] -- Up-to-date symlink: /home/fiend/voice_grab/ros2_ws/install/ur_description/share/ur_description/config/ur16e/default_kinematics.yaml
[1.187s] -- Up-to-date symlink: /home/fiend/voice_grab/ros2_ws/install/ur_description/share/ur_description/config/ur16e/joint_limits.yaml
[1.187s] -- Up-to-date symlink: /home/fiend/voice_grab/ros2_ws/install/ur_description/share/ur_description/config/ur16e/physical_parameters.yaml
[1.187s] -- Up-to-date symlink: /home/fiend/voice_grab/ros2_ws/install/ur_description/share/ur_description/config/ur16e/visual_parameters.yaml
[1.188s] -- Up-to-date symlink: /home/fiend/voice_grab/ros2_ws/install/ur_description/share/ur_description/config/ur20/default_kinematics.yaml
[1.188s] -- Up-to-date symlink: /home/fiend/voice_grab/ros2_ws/install/ur_description/share/ur_description/config/ur20/joint_limits.yaml
[1.189s] -- Up-to-date symlink: /home/fiend/voice_grab/ros2_ws/install/ur_description/share/ur_description/config/ur20/physical_parameters.yaml
[1.190s] -- Up-to-date symlink: /home/fiend/voice_grab/ros2_ws/install/ur_description/share/ur_description/config/ur20/visual_parameters.yaml
[1.190s] -- Up-to-date symlink: /home/fiend/voice_grab/ros2_ws/install/ur_description/share/ur_description/config/ur3/default_kinematics.yaml
[1.190s] -- Up-to-date symlink: /home/fiend/voice_grab/ros2_ws/install/ur_description/share/ur_description/config/ur3/joint_limits.yaml
[1.191s] -- Up-to-date symlink: /home/fiend/voice_grab/ros2_ws/install/ur_description/share/ur_description/config/ur3/physical_parameters.yaml
[1.191s] -- Up-to-date symlink: /home/fiend/voice_grab/ros2_ws/install/ur_description/share/ur_description/config/ur3/visual_parameters.yaml
[1.191s] -- Up-to-date symlink: /home/fiend/voice_grab/ros2_ws/install/ur_description/share/ur_description/config/ur30/default_kinematics.yaml
[1.192s] -- Up-to-date symlink: /home/fiend/voice_grab/ros2_ws/install/ur_description/share/ur_description/config/ur30/joint_limits.yaml
[1.192s] -- Up-to-date symlink: /home/fiend/voice_grab/ros2_ws/install/ur_description/share/ur_description/config/ur30/physical_parameters.yaml
[1.192s] -- Up-to-date symlink: /home/fiend/voice_grab/ros2_ws/install/ur_description/share/ur_description/config/ur30/visual_parameters.yaml
[1.193s] -- Up-to-date symlink: /home/fiend/voice_grab/ros2_ws/install/ur_description/share/ur_description/config/ur3e/default_kinematics.yaml
[1.193s] -- Up-to-date symlink: /home/fiend/voice_grab/ros2_ws/install/ur_description/share/ur_description/config/ur3e/joint_limits.yaml
[1.194s] -- Up-to-date symlink: /home/fiend/voice_grab/ros2_ws/install/ur_description/share/ur_description/config/ur3e/physical_parameters.yaml
[1.194s] -- Up-to-date symlink: /home/fiend/voice_grab/ros2_ws/install/ur_description/share/ur_description/config/ur3e/visual_parameters.yaml
[1.195s] -- Up-to-date symlink: /home/fiend/voice_grab/ros2_ws/install/ur_description/share/ur_description/config/ur5/default_kinematics.yaml
[1.195s] -- Up-to-date symlink: /home/fiend/voice_grab/ros2_ws/install/ur_description/share/ur_description/config/ur5/joint_limits.yaml
[1.195s] -- Up-to-date symlink: /home/fiend/voice_grab/ros2_ws/install/ur_description/share/ur_description/config/ur5/physical_parameters.yaml
[1.196s] -- Up-to-date symlink: /home/fiend/voice_grab/ros2_ws/install/ur_description/share/ur_description/config/ur5/visual_parameters.yaml
[1.196s] -- Up-to-date symlink: /home/fiend/voice_grab/ros2_ws/install/ur_description/share/ur_description/config/ur5e/default_kinematics.yaml
[1.196s] -- Up-to-date symlink: /home/fiend/voice_grab/ros2_ws/install/ur_description/share/ur_description/config/ur5e/joint_limits.yaml
[1.197s] -- Up-to-date symlink: /home/fiend/voice_grab/ros2_ws/install/ur_description/share/ur_description/config/ur5e/physical_parameters.yaml
[1.197s] -- Up-to-date symlink: /home/fiend/voice_grab/ros2_ws/install/ur_description/share/ur_description/config/ur5e/visual_parameters.yaml
[1.197s] -- Up-to-date symlink: /home/fiend/voice_grab/ros2_ws/install/ur_description/share/ur_description/launch/view_ur.launch.py
[1.199s] -- Up-to-date symlink: /home/fiend/voice_grab/ros2_ws/install/ur_description/share/ur_description/meshes/d435.dae
[1.199s] -- Up-to-date symlink: /home/fiend/voice_grab/ros2_ws/install/ur_description/share/ur_description/meshes/ur10/collision/base.stl
[1.201s] -- Up-to-date symlink: /home/fiend/voice_grab/ros2_ws/install/ur_description/share/ur_description/meshes/ur10/collision/forearm.stl
[1.202s] -- Up-to-date symlink: /home/fiend/voice_grab/ros2_ws/install/ur_description/share/ur_description/meshes/ur10/collision/shoulder.stl
[1.202s] -- Up-to-date symlink: /home/fiend/voice_grab/ros2_ws/install/ur_description/share/ur_description/meshes/ur10/collision/upperarm.stl
[1.202s] -- Up-to-date symlink: /home/fiend/voice_grab/ros2_ws/install/ur_description/share/ur_description/meshes/ur10/collision/wrist1.stl
[1.203s] -- Up-to-date symlink: /home/fiend/voice_grab/ros2_ws/install/ur_description/share/ur_description/meshes/ur10/collision/wrist2.stl
[1.203s] -- Up-to-date symlink: /home/fiend/voice_grab/ros2_ws/install/ur_description/share/ur_description/meshes/ur10/collision/wrist3.stl
[1.203s] -- Up-to-date symlink: /home/fiend/voice_grab/ros2_ws/install/ur_description/share/ur_description/meshes/ur10/visual/base.dae
[1.204s] -- Up-to-date symlink: /home/fiend/voice_grab/ros2_ws/install/ur_description/share/ur_description/meshes/ur10/visual/forearm.dae
[1.204s] -- Up-to-date symlink: /home/fiend/voice_grab/ros2_ws/install/ur_description/share/ur_description/meshes/ur10/visual/shoulder.dae
[1.204s] -- Up-to-date symlink: /home/fiend/voice_grab/ros2_ws/install/ur_description/share/ur_description/meshes/ur10/visual/upperarm.dae
[1.205s] -- Up-to-date symlink: /home/fiend/voice_grab/ros2_ws/install/ur_description/share/ur_description/meshes/ur10/visual/wrist1.dae
[1.206s] -- Up-to-date symlink: /home/fiend/voice_grab/ros2_ws/install/ur_description/share/ur_description/meshes/ur10/visual/wrist2.dae
[1.206s] -- Up-to-date symlink: /home/fiend/voice_grab/ros2_ws/install/ur_description/share/ur_description/meshes/ur10/visual/wrist3.dae
[1.207s] -- Up-to-date symlink: /home/fiend/voice_grab/ros2_ws/install/ur_description/share/ur_description/meshes/ur10e/collision/base.stl
[1.207s] -- Up-to-date symlink: /home/fiend/voice_grab/ros2_ws/install/ur_description/share/ur_description/meshes/ur10e/collision/forearm.stl
[1.208s] -- Up-to-date symlink: /home/fiend/voice_grab/ros2_ws/install/ur_description/share/ur_description/meshes/ur10e/collision/shoulder.stl
[1.208s] -- Up-to-date symlink: /home/fiend/voice_grab/ros2_ws/install/ur_description/share/ur_description/meshes/ur10e/collision/upperarm.stl
[1.208s] -- Up-to-date symlink: /home/fiend/voice_grab/ros2_ws/install/ur_description/share/ur_description/meshes/ur10e/collision/wrist1.stl
[1.209s] -- Up-to-date symlink: /home/fiend/voice_grab/ros2_ws/install/ur_description/share/ur_description/meshes/ur10e/collision/wrist2.stl
[1.209s] -- Up-to-date symlink: /home/fiend/voice_grab/ros2_ws/install/ur_description/share/ur_description/meshes/ur10e/collision/wrist3.stl
[1.210s] -- Up-to-date symlink: /home/fiend/voice_grab/ros2_ws/install/ur_description/share/ur_description/meshes/ur10e/visual/base.dae
[1.210s] -- Up-to-date symlink: /home/fiend/voice_grab/ros2_ws/install/ur_description/share/ur_description/meshes/ur10e/visual/forearm.dae
[1.211s] -- Up-to-date symlink: /home/fiend/voice_grab/ros2_ws/install/ur_description/share/ur_description/meshes/ur10e/visual/shoulder.dae
[1.211s] -- Up-to-date symlink: /home/fiend/voice_grab/ros2_ws/install/ur_description/share/ur_description/meshes/ur10e/visual/upperarm.dae
[1.212s] -- Up-to-date symlink: /home/fiend/voice_grab/ros2_ws/install/ur_description/share/ur_description/meshes/ur10e/visual/wrist1.dae
[1.212s] -- Up-to-date symlink: /home/fiend/voice_grab/ros2_ws/install/ur_description/share/ur_description/meshes/ur10e/visual/wrist2.dae
[1.212s] -- Up-to-date symlink: /home/fiend/voice_grab/ros2_ws/install/ur_description/share/ur_description/meshes/ur10e/visual/wrist3.dae
[1.213s] -- Up-to-date symlink: /home/fiend/voice_grab/ros2_ws/install/ur_description/share/ur_description/meshes/ur16e/collision/forearm.stl
[1.213s] -- Up-to-date symlink: /home/fiend/voice_grab/ros2_ws/install/ur_description/share/ur_description/meshes/ur16e/collision/upperarm.stl
[1.213s] -- Up-to-date symlink: /home/fiend/voice_grab/ros2_ws/install/ur_description/share/ur_description/meshes/ur16e/visual/forearm.dae
[1.214s] -- Up-to-date symlink: /home/fiend/voice_grab/ros2_ws/install/ur_description/share/ur_description/meshes/ur16e/visual/upperarm.dae
[1.214s] -- Up-to-date symlink: /home/fiend/voice_grab/ros2_ws/install/ur_description/share/ur_description/meshes/ur20/LICENSE.txt
[1.215s] -- Up-to-date symlink: /home/fiend/voice_grab/ros2_ws/install/ur_description/share/ur_description/meshes/ur20/collision/base.stl
[1.215s] -- Up-to-date symlink: /home/fiend/voice_grab/ros2_ws/install/ur_description/share/ur_description/meshes/ur20/collision/forearm.stl
[1.215s] -- Up-to-date symlink: /home/fiend/voice_grab/ros2_ws/install/ur_description/share/ur_description/meshes/ur20/collision/shoulder.stl
[1.216s] -- Up-to-date symlink: /home/fiend/voice_grab/ros2_ws/install/ur_description/share/ur_description/meshes/ur20/collision/upperarm.stl
[1.216s] -- Up-to-date symlink: /home/fiend/voice_grab/ros2_ws/install/ur_description/share/ur_description/meshes/ur20/collision/wrist1.stl
[1.216s] -- Up-to-date symlink: /home/fiend/voice_grab/ros2_ws/install/ur_description/share/ur_description/meshes/ur20/collision/wrist2.stl
[1.217s] -- Up-to-date symlink: /home/fiend/voice_grab/ros2_ws/install/ur_description/share/ur_description/meshes/ur20/collision/wrist3.stl
[1.217s] -- Up-to-date symlink: /home/fiend/voice_grab/ros2_ws/install/ur_description/share/ur_description/meshes/ur20/visual/UR20_DIFF_8bit_2K.png
[1.218s] -- Up-to-date symlink: /home/fiend/voice_grab/ros2_ws/install/ur_description/share/ur_description/meshes/ur20/visual/base.dae
[1.218s] -- Up-to-date symlink: /home/fiend/voice_grab/ros2_ws/install/ur_description/share/ur_description/meshes/ur20/visual/forearm.dae
[1.218s] -- Up-to-date symlink: /home/fiend/voice_grab/ros2_ws/install/ur_description/share/ur_description/meshes/ur20/visual/shoulder.dae
[1.219s] -- Up-to-date symlink: /home/fiend/voice_grab/ros2_ws/install/ur_description/share/ur_description/meshes/ur20/visual/upperarm.dae
[1.219s] -- Up-to-date symlink: /home/fiend/voice_grab/ros2_ws/install/ur_description/share/ur_description/meshes/ur20/visual/wrist1.dae
[1.219s] -- Up-to-date symlink: /home/fiend/voice_grab/ros2_ws/install/ur_description/share/ur_description/meshes/ur20/visual/wrist2.dae
[1.220s] -- Up-to-date symlink: /home/fiend/voice_grab/ros2_ws/install/ur_description/share/ur_description/meshes/ur20/visual/wrist3.dae
[1.220s] -- Up-to-date symlink: /home/fiend/voice_grab/ros2_ws/install/ur_description/share/ur_description/meshes/ur3/collision/base.stl
[1.221s] -- Up-to-date symlink: /home/fiend/voice_grab/ros2_ws/install/ur_description/share/ur_description/meshes/ur3/collision/forearm.stl
[1.221s] -- Up-to-date symlink: /home/fiend/voice_grab/ros2_ws/install/ur_description/share/ur_description/meshes/ur3/collision/shoulder.stl
[1.221s] -- Up-to-date symlink: /home/fiend/voice_grab/ros2_ws/install/ur_description/share/ur_description/meshes/ur3/collision/upperarm.stl
[1.222s] -- Up-to-date symlink: /home/fiend/voice_grab/ros2_ws/install/ur_description/share/ur_description/meshes/ur3/collision/wrist1.stl
[1.222s] -- Up-to-date symlink: /home/fiend/voice_grab/ros2_ws/install/ur_description/share/ur_description/meshes/ur3/collision/wrist2.stl
[1.222s] -- Up-to-date symlink: /home/fiend/voice_grab/ros2_ws/install/ur_description/share/ur_description/meshes/ur3/collision/wrist3.stl
[1.223s] -- Up-to-date symlink: /home/fiend/voice_grab/ros2_ws/install/ur_description/share/ur_description/meshes/ur3/visual/base.dae
[1.223s] -- Up-to-date symlink: /home/fiend/voice_grab/ros2_ws/install/ur_description/share/ur_description/meshes/ur3/visual/forearm.dae
[1.224s] -- Up-to-date symlink: /home/fiend/voice_grab/ros2_ws/install/ur_description/share/ur_description/meshes/ur3/visual/shoulder.dae
[1.224s] -- Up-to-date symlink: /home/fiend/voice_grab/ros2_ws/install/ur_description/share/ur_description/meshes/ur3/visual/upperarm.dae
[1.225s] -- Up-to-date symlink: /home/fiend/voice_grab/ros2_ws/install/ur_description/share/ur_description/meshes/ur3/visual/wrist1.dae
[1.225s] -- Up-to-date symlink: /home/fiend/voice_grab/ros2_ws/install/ur_description/share/ur_description/meshes/ur3/visual/wrist2.dae
[1.226s] -- Up-to-date symlink: /home/fiend/voice_grab/ros2_ws/install/ur_description/share/ur_description/meshes/ur3/visual/wrist3.dae
[1.226s] -- Up-to-date symlink: /home/fiend/voice_grab/ros2_ws/install/ur_description/share/ur_description/meshes/ur30/LICENSE.txt
[1.226s] -- Up-to-date symlink: /home/fiend/voice_grab/ros2_ws/install/ur_description/share/ur_description/meshes/ur30/collision/forearm.stl
[1.227s] -- Up-to-date symlink: /home/fiend/voice_grab/ros2_ws/install/ur_description/share/ur_description/meshes/ur30/collision/upperarm.stl
[1.227s] -- Up-to-date symlink: /home/fiend/voice_grab/ros2_ws/install/ur_description/share/ur_description/meshes/ur30/visual/UR30_DIFF_8bit_2K.png
[1.228s] -- Up-to-date symlink: /home/fiend/voice_grab/ros2_ws/install/ur_description/share/ur_description/meshes/ur30/visual/forearm.dae
[1.228s] -- Up-to-date symlink: /home/fiend/voice_grab/ros2_ws/install/ur_description/share/ur_description/meshes/ur30/visual/upperarm.dae
[1.228s] -- Up-to-date symlink: /home/fiend/voice_grab/ros2_ws/install/ur_description/share/ur_description/meshes/ur3e/collision/base.stl
[1.229s] -- Up-to-date symlink: /home/fiend/voice_grab/ros2_ws/install/ur_description/share/ur_description/meshes/ur3e/collision/forearm.stl
[1.229s] -- Up-to-date symlink: /home/fiend/voice_grab/ros2_ws/install/ur_description/share/ur_description/meshes/ur3e/collision/shoulder.stl
[1.229s] -- Up-to-date symlink: /home/fiend/voice_grab/ros2_ws/install/ur_description/share/ur_description/meshes/ur3e/collision/upperarm.stl
[1.230s] -- Up-to-date symlink: /home/fiend/voice_grab/ros2_ws/install/ur_description/share/ur_description/meshes/ur3e/collision/wrist1.stl
[1.230s] -- Up-to-date symlink: /home/fiend/voice_grab/ros2_ws/install/ur_description/share/ur_description/meshes/ur3e/collision/wrist2.stl
[1.230s] -- Up-to-date symlink: /home/fiend/voice_grab/ros2_ws/install/ur_description/share/ur_description/meshes/ur3e/collision/wrist3.stl
[1.231s] -- Up-to-date symlink: /home/fiend/voice_grab/ros2_ws/install/ur_description/share/ur_description/meshes/ur3e/visual/base.dae
[1.231s] -- Up-to-date symlink: /home/fiend/voice_grab/ros2_ws/install/ur_description/share/ur_description/meshes/ur3e/visual/forearm.dae
[1.232s] -- Up-to-date symlink: /home/fiend/voice_grab/ros2_ws/install/ur_description/share/ur_description/meshes/ur3e/visual/shoulder.dae
[1.232s] -- Up-to-date symlink: /home/fiend/voice_grab/ros2_ws/install/ur_description/share/ur_description/meshes/ur3e/visual/upperarm.dae
[1.232s] -- Up-to-date symlink: /home/fiend/voice_grab/ros2_ws/install/ur_description/share/ur_description/meshes/ur3e/visual/wrist1.dae
[1.233s] -- Up-to-date symlink: /home/fiend/voice_grab/ros2_ws/install/ur_description/share/ur_description/meshes/ur3e/visual/wrist2.dae
[1.233s] -- Up-to-date symlink: /home/fiend/voice_grab/ros2_ws/install/ur_description/share/ur_description/meshes/ur3e/visual/wrist3.dae
[1.233s] -- Up-to-date symlink: /home/fiend/voice_grab/ros2_ws/install/ur_description/share/ur_description/meshes/ur5/collision/base.stl
[1.234s] -- Up-to-date symlink: /home/fiend/voice_grab/ros2_ws/install/ur_description/share/ur_description/meshes/ur5/collision/forearm.stl
[1.234s] -- Up-to-date symlink: /home/fiend/voice_grab/ros2_ws/install/ur_description/share/ur_description/meshes/ur5/collision/shoulder.stl
[1.234s] -- Up-to-date symlink: /home/fiend/voice_grab/ros2_ws/install/ur_description/share/ur_description/meshes/ur5/collision/upperarm.stl
[1.235s] -- Up-to-date symlink: /home/fiend/voice_grab/ros2_ws/install/ur_description/share/ur_description/meshes/ur5/collision/wrist1.stl
[1.235s] -- Up-to-date symlink: /home/fiend/voice_grab/ros2_ws/install/ur_description/share/ur_description/meshes/ur5/collision/wrist2.stl
[1.235s] -- Up-to-date symlink: /home/fiend/voice_grab/ros2_ws/install/ur_description/share/ur_description/meshes/ur5/collision/wrist3.stl
[1.236s] -- Up-to-date symlink: /home/fiend/voice_grab/ros2_ws/install/ur_description/share/ur_description/meshes/ur5/visual/base.dae
[1.236s] -- Up-to-date symlink: /home/fiend/voice_grab/ros2_ws/install/ur_description/share/ur_description/meshes/ur5/visual/forearm.dae
[1.236s] -- Up-to-date symlink: /home/fiend/voice_grab/ros2_ws/install/ur_description/share/ur_description/meshes/ur5/visual/shoulder.dae
[1.237s] -- Up-to-date symlink: /home/fiend/voice_grab/ros2_ws/install/ur_description/share/ur_description/meshes/ur5/visual/upperarm.dae
[1.237s] -- Up-to-date symlink: /home/fiend/voice_grab/ros2_ws/install/ur_description/share/ur_description/meshes/ur5/visual/wrist1.dae
[1.237s] -- Up-to-date symlink: /home/fiend/voice_grab/ros2_ws/install/ur_description/share/ur_description/meshes/ur5/visual/wrist2.dae
[1.238s] -- Up-to-date symlink: /home/fiend/voice_grab/ros2_ws/install/ur_description/share/ur_description/meshes/ur5/visual/wrist3.dae
[1.238s] -- Up-to-date symlink: /home/fiend/voice_grab/ros2_ws/install/ur_description/share/ur_description/meshes/ur5e/collision/base.stl
[1.238s] -- Up-to-date symlink: /home/fiend/voice_grab/ros2_ws/install/ur_description/share/ur_description/meshes/ur5e/collision/forearm.stl
[1.238s] -- Up-to-date symlink: /home/fiend/voice_grab/ros2_ws/install/ur_description/share/ur_description/meshes/ur5e/collision/shoulder.stl
[1.239s] -- Up-to-date symlink: /home/fiend/voice_grab/ros2_ws/install/ur_description/share/ur_description/meshes/ur5e/collision/upperarm.stl
[1.240s] -- Up-to-date symlink: /home/fiend/voice_grab/ros2_ws/install/ur_description/share/ur_description/meshes/ur5e/collision/wrist1.stl
[1.240s] -- Up-to-date symlink: /home/fiend/voice_grab/ros2_ws/install/ur_description/share/ur_description/meshes/ur5e/collision/wrist2.stl
[1.240s] -- Up-to-date symlink: /home/fiend/voice_grab/ros2_ws/install/ur_description/share/ur_description/meshes/ur5e/collision/wrist3.stl
[1.240s] -- Up-to-date symlink: /home/fiend/voice_grab/ros2_ws/install/ur_description/share/ur_description/meshes/ur5e/visual/base.dae
[1.241s] -- Up-to-date symlink: /home/fiend/voice_grab/ros2_ws/install/ur_description/share/ur_description/meshes/ur5e/visual/forearm.dae
[1.241s] -- Up-to-date symlink: /home/fiend/voice_grab/ros2_ws/install/ur_description/share/ur_description/meshes/ur5e/visual/shoulder.dae
[1.241s] -- Up-to-date symlink: /home/fiend/voice_grab/ros2_ws/install/ur_description/share/ur_description/meshes/ur5e/visual/upperarm.dae
[1.242s] -- Up-to-date symlink: /home/fiend/voice_grab/ros2_ws/install/ur_description/share/ur_description/meshes/ur5e/visual/wrist1.dae
[1.242s] -- Up-to-date symlink: /home/fiend/voice_grab/ros2_ws/install/ur_description/share/ur_description/meshes/ur5e/visual/wrist2.dae
[1.242s] -- Up-to-date symlink: /home/fiend/voice_grab/ros2_ws/install/ur_description/share/ur_description/meshes/ur5e/visual/wrist3.dae
[1.243s] -- Up-to-date symlink: /home/fiend/voice_grab/ros2_ws/install/ur_description/share/ur_description/urdf/inc/ur_common.xacro
[1.243s] -- Up-to-date symlink: /home/fiend/voice_grab/ros2_ws/install/ur_description/share/ur_description/urdf/inc/ur_transmissions.xacro
[1.243s] -- Up-to-date symlink: /home/fiend/voice_grab/ros2_ws/install/ur_description/share/ur_description/urdf/materials.urdf.xacro
[1.244s] -- Up-to-date symlink: /home/fiend/voice_grab/ros2_ws/install/ur_description/share/ur_description/urdf/meshes/zed.stl
[1.244s] -- Up-to-date symlink: /home/fiend/voice_grab/ros2_ws/install/ur_description/share/ur_description/urdf/meshes/zed2.stl
[1.244s] -- Up-to-date symlink: /home/fiend/voice_grab/ros2_ws/install/ur_description/share/ur_description/urdf/meshes/zed2i.stl
[1.244s] -- Up-to-date symlink: /home/fiend/voice_grab/ros2_ws/install/ur_description/share/ur_description/urdf/meshes/zedm.stl
[1.245s] -- Up-to-date symlink: /home/fiend/voice_grab/ros2_ws/install/ur_description/share/ur_description/urdf/meshes/zedx.stl
[1.245s] -- Up-to-date symlink: /home/fiend/voice_grab/ros2_ws/install/ur_description/share/ur_description/urdf/meshes/zedxm.stl
[1.245s] -- Up-to-date symlink: /home/fiend/voice_grab/ros2_ws/install/ur_description/share/ur_description/urdf/real_descr.urdf.xacro
[1.245s] -- Up-to-date symlink: /home/fiend/voice_grab/ros2_ws/install/ur_description/share/ur_description/urdf/robotiq_2f_85.urdf.xacro
[1.246s] -- Up-to-date symlink: /home/fiend/voice_grab/ros2_ws/install/ur_description/share/ur_description/urdf/ur.xacro
[1.246s] -- Up-to-date symlink: /home/fiend/voice_grab/ros2_ws/install/ur_description/share/ur_description/urdf/ur_gripper.ros2_control.xacro
[1.246s] -- Up-to-date symlink: /home/fiend/voice_grab/ros2_ws/install/ur_description/share/ur_description/urdf/ur_macro.xacro
[1.247s] -- Up-to-date symlink: /home/fiend/voice_grab/ros2_ws/install/ur_description/share/ur_description/urdf/zed_descr.urdf.xacro
[1.247s] -- Up-to-date symlink: /home/fiend/voice_grab/ros2_ws/install/ur_description/share/ur_description/world/empty.world
[1.247s] -- Up-to-date symlink: /home/fiend/voice_grab/ros2_ws/install/ur_description/share/ament_index/resource_index/package_run_dependencies/ur_description
[1.247s] -- Up-to-date symlink: /home/fiend/voice_grab/ros2_ws/install/ur_description/share/ament_index/resource_index/parent_prefix_path/ur_description
[1.248s] -- Up-to-date symlink: /home/fiend/voice_grab/ros2_ws/install/ur_description/share/ur_description/environment/ament_prefix_path.sh
[1.249s] -- Up-to-date symlink: /home/fiend/voice_grab/ros2_ws/install/ur_description/share/ur_description/environment/ament_prefix_path.dsv
[1.249s] -- Up-to-date symlink: /home/fiend/voice_grab/ros2_ws/install/ur_description/share/ur_description/environment/path.sh
[1.249s] -- Up-to-date symlink: /home/fiend/voice_grab/ros2_ws/install/ur_description/share/ur_description/environment/path.dsv
[1.249s] -- Up-to-date symlink: /home/fiend/voice_grab/ros2_ws/install/ur_description/share/ur_description/local_setup.bash
[1.250s] -- Up-to-date symlink: /home/fiend/voice_grab/ros2_ws/install/ur_description/share/ur_description/local_setup.sh
[1.250s] -- Up-to-date symlink: /home/fiend/voice_grab/ros2_ws/install/ur_description/share/ur_description/local_setup.zsh
[1.250s] -- Up-to-date symlink: /home/fiend/voice_grab/ros2_ws/install/ur_description/share/ur_description/local_setup.dsv
[1.251s] -- Symlinking: /home/fiend/voice_grab/ros2_ws/install/ur_description/share/ur_description/package.dsv
[1.278s] -- Up-to-date symlink: /home/fiend/voice_grab/ros2_ws/install/ur_description/share/ament_index/resource_index/packages/ur_description
[1.279s] -- Up-to-date symlink: /home/fiend/voice_grab/ros2_ws/install/ur_description/share/ur_description/cmake/ur_descriptionConfig.cmake
[1.279s] -- Up-to-date symlink: /home/fiend/voice_grab/ros2_ws/install/ur_description/share/ur_description/cmake/ur_descriptionConfig-version.cmake
[1.279s] -- Up-to-date symlink: /home/fiend/voice_grab/ros2_ws/install/ur_description/share/ur_description/package.xml
[1.285s] Invoked command in '/home/fiend/voice_grab/ros2_ws/build/ur_description' returned '0': CMAKE_PREFIX_PATH=/home/fiend/voice_grab/ros2_ws/install/robotiq_moveit_config:/home/fiend/Navigation_Bot/dev_ws/install/navigation_bot:/home/fiend/ws_moveit/install/pilz_industrial_motion_planner_testutils:/home/fiend/ws_moveit/install/moveit_runtime:/home/fiend/ws_moveit/install/moveit2_tutorials:/home/fiend/ws_moveit/install/moveit:/home/fiend/ws_moveit/install/moveit_planners:/home/fiend/ws_moveit/install/pilz_industrial_motion_planner:/home/fiend/ws_moveit/install/mtc_tutorial:/home/fiend/ws_moveit/install/hello_moveit:/home/fiend/ws_moveit/install/moveit_visual_tools:/home/fiend/ws_moveit/install/moveit_task_constructor_visualization:/home/fiend/ws_moveit/install/moveit_task_constructor_demo:/home/fiend/ws_moveit/install/moveit_task_constructor_capabilities:/home/fiend/ws_moveit/install/moveit_task_constructor_core:/home/fiend/ws_moveit/install/moveit_ros_control_interface:/home/fiend/ws_moveit/install/moveit_plugins:/home/fiend/ws_moveit/install/moveit_simple_controller_manager:/home/fiend/ws_moveit/install/moveit_setup_assistant:/home/fiend/ws_moveit/install/moveit_setup_srdf_plugins:/home/fiend/ws_moveit/install/moveit_setup_core_plugins:/home/fiend/ws_moveit/install/moveit_setup_controllers:/home/fiend/ws_moveit/install/moveit_setup_app_plugins:/home/fiend/ws_moveit/install/moveit_setup_framework:/home/fiend/ws_moveit/install/moveit_servo:/home/fiend/ws_moveit/install/moveit_ros:/home/fiend/ws_moveit/install/moveit_ros_visualization:/home/fiend/ws_moveit/install/moveit_hybrid_planning:/home/fiend/ws_moveit/install/moveit_ros_planning_interface:/home/fiend/ws_moveit/install/moveit_ros_benchmarks:/home/fiend/ws_moveit/install/moveit_ros_warehouse:/home/fiend/ws_moveit/install/moveit_ros_robot_interaction:/home/fiend/ws_moveit/install/moveit_ros_perception:/home/fiend/ws_moveit/install/moveit_resources_prbt_pg70_support:/home/fiend/ws_moveit/install/moveit_resources_prbt_moveit_config:/home/fiend/ws_moveit/install/moveit_ros_move_group:/home/fiend/ws_moveit/install/moveit_planners_ompl:/home/fiend/ws_moveit/install/moveit_ros_planning:/home/fiend/ws_moveit/install/moveit_ros_occupancy_map_monitor:/home/fiend/ws_moveit/install/moveit_resources_prbt_ikfast_manipulator_plugin:/home/fiend/ws_moveit/install/moveit_planners_chomp:/home/fiend/ws_moveit/install/moveit_kinematics:/home/fiend/ws_moveit/install/moveit_chomp_optimizer_adapter:/home/fiend/ws_moveit/install/chomp_motion_planner:/home/fiend/ws_moveit/install/moveit_core:/home/fiend/ws_moveit/install/srdfdom:/home/fiend/ws_moveit/install/rviz_marker_tools:/home/fiend/ws_moveit/install/rosparam_shortcuts:/home/fiend/ws_moveit/install/moveit_task_constructor_msgs:/home/fiend/ws_moveit/install/moveit_resources_prbt_support:/home/fiend/ws_moveit/install/moveit_resources:/home/fiend/ws_moveit/install/moveit_resources_pr2_description:/home/fiend/ws_moveit/install/moveit_resources_panda_moveit_config:/home/fiend/ws_moveit/install/moveit_resources_panda_description:/home/fiend/ws_moveit/install/moveit_resources_fanuc_moveit_config:/home/fiend/ws_moveit/install/moveit_resources_fanuc_description:/home/fiend/ws_moveit/install/moveit_common:/home/fiend/voice_grab/ros2_ws/install/voice_grabber:/home/fiend/voice_grab/ros2_ws/install/ur_moveit_config:/home/fiend/voice_grab/ros2_ws/install/ur_description:/home/fiend/voice_grab/ros2_ws/install/robotiq_2f_85_gripper_visualization:/home/fiend/voice_grab/ros2_ws/install/robotiq_2f_140_gripper_visualization:/home/fiend/voice_grab/ros2_ws/install/octomap_mapping:/home/fiend/voice_grab/ros2_ws/install/octomap_server:/home/fiend/voice_grab/ros2_ws/install/octomap_ros:/home/fiend/voice_grab/ros2_ws/install/octomap:/home/fiend/gazebo_ros2_control/install/gazebo_ros2_control_demos:/home/fiend/gazebo_ros2_control/install/gazebo_ros2_control:/home/fiend/ws_moveit/install/moveit_configs_utils:/home/fiend/ws_moveit/install/launch_param_builder:/opt/ros/humble:/home/fiend/LineFollowingRobot/ros_ws/install/prius_msgs:/home/fiend/LineFollowingRobot/ros_ws/install/line_bhakt:/home/fiend/LineFollowingRobot/ros_ws/install/launches:/home/fiend/LineFollowingRobot/ros_ws/install/autocar_nav:/home/fiend/LineFollowingRobot/ros_ws/install/autocar_msgs:/home/fiend/LineFollowingRobot/ros_ws/install/autocar_map:/home/fiend/LineFollowingRobot/ros_ws/install/autocar_gazebo:/home/fiend/LineFollowingRobot/ros_ws/install/autocar_description:/home/fiend/ROS/practice_codes_ROS2/articubot_one/install/articubot_one:/home/fiend/octomap_mapping/install/octomap_mapping:/home/fiend/octomap_mapping/install/octomap_server PS1=
\[[38;5;156m\]\[[0m\]\[[38;5;166m\]ros2_ws\[[0m\]\[[38;5;166m\]\[[0m\] on \[[38;5;162m\] \[[0m\]\[[38;5;162m\]master\[[0m\] underwent \[[36m\]2s\[[0m\]
\[[1;38;5;166m\]➜\[[0m\] /usr/bin/cmake --install /home/fiend/voice_grab/ros2_ws/build/ur_description
