[0.156s] Invoking command in '/home/fiend/voice_grab/ros2_ws/build/realsense_gazebo_plugin': PS1=
\[[38;5;156m\]\[[0m\]\[[38;5;166m\]ros2_ws\[[0m\]\[[38;5;166m\]\[[0m\] on \[[38;5;162m\] \[[0m\]\[[38;5;162m\]master\[[0m\] underwent \[[36m\]1m3s\[[0m\]
\[[1;38;5;166m\]➜\[[0m\] /usr/bin/cmake /home/fiend/voice_grab/ros2_ws/src/realsense_gazebo_plugin -DCATKIN_INSTALL_INTO_PREFIX_ROOT=0 -DCATKIN_SYMLINK_INSTALL=ON -DCMAKE_INSTALL_PREFIX=/home/fiend/voice_grab/ros2_ws/install/realsense_gazebo_plugin
[0.193s] [33mCMake Warning (dev) in CMakeLists.txt:
[0.193s]   No project() command is present.  The top-level CMakeLists.txt file must
[0.193s]   contain a literal, direct call to the project() command.  Add a line of
[0.194s]   code such as
[0.194s] 
[0.194s]     project(ProjectName)
[0.194s] 
[0.195s]   near the top of the file, but after cmake_minimum_required().
[0.195s] 
[0.195s]   CMake is pretending there is a "project(Project)" command on the first
[0.195s]   line.
[0.195s] This warning is for project developers.  Use -Wno-dev to suppress it.
[0.196s] [0m
[0.351s] -- The C compiler identification is GNU 11.4.0
[0.583s] -- The CXX compiler identification is GNU 11.4.0
[0.612s] -- Detecting C compiler ABI info
[0.922s] -- Detecting C compiler ABI info - done
[0.981s] -- Check for working C compiler: /usr/bin/cc - skipped
[0.982s] -- Detecting C compile features
[0.985s] -- Detecting C compile features - done
[0.997s] -- Detecting CXX compiler ABI info
[1.390s] -- Detecting CXX compiler ABI info - done
[1.427s] -- Check for working CXX compiler: /usr/bin/c++ - skipped
[1.428s] -- Detecting CXX compile features
[1.430s] -- Detecting CXX compile features - done
[1.432s] -- Configuring done
[1.435s] -- Generating done
[1.436s] [33mCMake Warning:
[1.436s]   Manually-specified variables were not used by the project:
[1.436s] 
[1.437s]     CATKIN_INSTALL_INTO_PREFIX_ROOT
[1.437s]     CATKIN_SYMLINK_INSTALL
[1.437s] 
[1.437s] [0m
[1.438s] -- Build files have been written to: /home/fiend/voice_grab/ros2_ws/build/realsense_gazebo_plugin
[1.451s] Invoked command in '/home/fiend/voice_grab/ros2_ws/build/realsense_gazebo_plugin' returned '0': PS1=
\[[38;5;156m\]\[[0m\]\[[38;5;166m\]ros2_ws\[[0m\]\[[38;5;166m\]\[[0m\] on \[[38;5;162m\] \[[0m\]\[[38;5;162m\]master\[[0m\] underwent \[[36m\]1m3s\[[0m\]
\[[1;38;5;166m\]➜\[[0m\] /usr/bin/cmake /home/fiend/voice_grab/ros2_ws/src/realsense_gazebo_plugin -DCATKIN_INSTALL_INTO_PREFIX_ROOT=0 -DCATKIN_SYMLINK_INSTALL=ON -DCMAKE_INSTALL_PREFIX=/home/fiend/voice_grab/ros2_ws/install/realsense_gazebo_plugin
[1.453s] Invoking command in '/home/fiend/voice_grab/ros2_ws/build/realsense_gazebo_plugin': PS1=
\[[38;5;156m\]\[[0m\]\[[38;5;166m\]ros2_ws\[[0m\]\[[38;5;166m\]\[[0m\] on \[[38;5;162m\] \[[0m\]\[[38;5;162m\]master\[[0m\] underwent \[[36m\]1m3s\[[0m\]
\[[1;38;5;166m\]➜\[[0m\] /usr/bin/cmake --build /home/fiend/voice_grab/ros2_ws/build/realsense_gazebo_plugin -- -j8 -l8
[2.836s] Invoked command in '/home/fiend/voice_grab/ros2_ws/build/realsense_gazebo_plugin' returned '0': PS1=
\[[38;5;156m\]\[[0m\]\[[38;5;166m\]ros2_ws\[[0m\]\[[38;5;166m\]\[[0m\] on \[[38;5;162m\] \[[0m\]\[[38;5;162m\]master\[[0m\] underwent \[[36m\]1m3s\[[0m\]
\[[1;38;5;166m\]➜\[[0m\] /usr/bin/cmake --build /home/fiend/voice_grab/ros2_ws/build/realsense_gazebo_plugin -- -j8 -l8
