[0.017s] Invoking command in '/home/fiend/voice_grab/ros2_ws/build/voice_grabber': CMAKE_PREFIX_PATH=/home/fiend/voice_grab/ros2_ws/install/ur_description:/home/fiend/Navigation_Bot/dev_ws/install/navigation_bot:/home/fiend/voice_grab/ros2_ws/install/zed_ros2:/home/fiend/voice_grab/ros2_ws/install/zed_wrapper:/home/fiend/voice_grab/ros2_ws/install/zed_components:/home/fiend/voice_grab/ros2_ws/install/zed_interfaces:/home/fiend/voice_grab/ros2_ws/install/voice_grabber:/home/fiend/voice_grab/ros2_ws/install/ur_robotiq:/home/fiend/voice_grab/ros2_ws/install/ur_robotiq_description:/opt/ros/humble:/home/fiend/LineFollowingRobot/ros_ws/install/prius_msgs:/home/fiend/LineFollowingRobot/ros_ws/install/line_bhakt:/home/fiend/LineFollowingRobot/ros_ws/install/launches:/home/fiend/LineFollowingRobot/ros_ws/install/autocar_nav:/home/fiend/LineFollowingRobot/ros_ws/install/autocar_msgs:/home/fiend/LineFollowingRobot/ros_ws/install/autocar_map:/home/fiend/LineFollowingRobot/ros_ws/install/autocar_gazebo:/home/fiend/LineFollowingRobot/ros_ws/install/autocar_description:/home/fiend/ROS/practice_codes_ROS2/articubot_one/install/articubot_one PS1=
\[[38;5;156m\]\[[0m\]\[[38;5;166m\]ros2_ws\[[0m\]\[[38;5;166m\]\[[0m\] on \[[38;5;162m\] \[[0m\]\[[38;5;162m\]main\[[0m\]
\[[1;38;5;166m\]➜\[[0m\] /usr/bin/cmake /home/fiend/voice_grab/ros2_ws/src/voice_grabber -DCMAKE_BUILD_TYPE=Release -DAMENT_CMAKE_SYMLINK_INSTALL=1 -DCMAKE_INSTALL_PREFIX=/home/fiend/voice_grab/ros2_ws/install/voice_grabber
[0.027s] -- Found rclcpp: 16.0.8 (/opt/ros/humble/share/rclcpp/cmake)
[0.142s] -- Override CMake install command with custom implementation using symlinks instead of copying resources
[0.188s] -- Found rosidl_generator_c: 3.1.5 (/opt/ros/humble/share/rosidl_generator_c/cmake)
[0.191s] -- Found rosidl_adapter: 3.1.5 (/opt/ros/humble/share/rosidl_adapter/cmake)
[0.199s] -- Found rosidl_generator_cpp: 3.1.5 (/opt/ros/humble/share/rosidl_generator_cpp/cmake)
[0.212s] -- Using all available rosidl_typesupport_c: rosidl_typesupport_fastrtps_c;rosidl_typesupport_introspection_c
[0.229s] -- Using all available rosidl_typesupport_cpp: rosidl_typesupport_fastrtps_cpp;rosidl_typesupport_introspection_cpp
[0.291s] -- Found rmw_implementation_cmake: 6.1.1 (/opt/ros/humble/share/rmw_implementation_cmake/cmake)
[0.293s] -- Found rmw_fastrtps_cpp: 6.2.6 (/opt/ros/humble/share/rmw_fastrtps_cpp/cmake)
[0.566s] -- Using RMW implementation 'rmw_fastrtps_cpp' as default
[0.741s] -- Found rclpy: 3.3.12 (/opt/ros/humble/share/rclpy/cmake)
[0.742s] -- Found sensor_msgs: 4.2.3 (/opt/ros/humble/share/sensor_msgs/cmake)
[0.863s] -- Found audio_common_msgs: 0.3.12 (/usr/local/share/audio_common_msgs/cmake)
[0.989s] -- Found ament_lint_auto: 0.12.10 (/opt/ros/humble/share/ament_lint_auto/cmake)
[1.055s] -- Added test 'cppcheck' to perform static code analysis on C / C++ code
[1.055s] -- Configured cppcheck include dirs: /home/fiend/voice_grab/ros2_ws/src/voice_grabber/include
[1.055s] -- Configured cppcheck exclude dirs and/or files: 
[1.056s] -- Added test 'flake8' to check Python code syntax and style conventions
[1.056s] -- Added test 'lint_cmake' to check CMake code style
[1.057s] -- Added test 'pep257' to check Python code against some of the docstring style conventions in PEP 257
[1.058s] -- Added test 'uncrustify' to check C / C++ code style
[1.058s] -- Configured uncrustify additional arguments: 
[1.058s] -- Added test 'xmllint' to check XML markup files
[1.059s] -- Configuring done
[1.072s] -- Generating done
[1.074s] -- Build files have been written to: /home/fiend/voice_grab/ros2_ws/build/voice_grabber
