[0.324s] DEBUG:colcon:Command line arguments: ['/usr/bin/colcon', 'build', '--symlink-install', '--cmake-args=-DCMAKE_BUILD_TYPE=Release', '--parallel-workers', '8']
[0.324s] DEBUG:colcon:Parsed command line arguments: Namespace(log_base=None, log_level=None, verb_name='build', build_base='build', install_base='install', merge_install=False, symlink_install=True, test_result_base=None, continue_on_error=False, executor='parallel', parallel_workers=8, event_handlers=None, ignore_user_meta=False, metas=['./colcon.meta'], base_paths=['.'], packages_ignore=None, packages_ignore_regex=None, paths=None, packages_up_to=None, packages_up_to_regex=None, packages_above=None, packages_above_and_dependencies=None, packages_above_depth=None, packages_select_by_dep=None, packages_skip_by_dep=None, packages_skip_up_to=None, packages_select_build_failed=False, packages_skip_build_finished=False, packages_select_test_failures=False, packages_skip_test_passed=False, packages_select=None, packages_skip=None, packages_select_regex=None, packages_skip_regex=None, packages_start=None, packages_end=None, allow_overriding=[], cmake_args=['-DCMAKE_BUILD_TYPE=Release'], cmake_target=None, cmake_target_skip_unavailable=False, cmake_clean_cache=False, cmake_clean_first=False, cmake_force_configure=False, ament_cmake_args=None, catkin_cmake_args=None, catkin_skip_building_tests=False, mixin_files=None, mixin=None, verb_parser=<colcon_mixin.mixin.mixin_argument.MixinArgumentDecorator object at 0x7cbdd1fefaf0>, verb_extension=<colcon_core.verb.build.BuildVerb object at 0x7cbdd1fef4c0>, main=<bound method BuildVerb.main of <colcon_core.verb.build.BuildVerb object at 0x7cbdd1fef4c0>>, mixin_verb=('build',))
[0.920s] Level 1:colcon.colcon_core.package_discovery:discover_packages(colcon_meta) check parameters
[0.921s] Level 1:colcon.colcon_core.package_discovery:discover_packages(recursive) check parameters
[0.921s] Level 1:colcon.colcon_core.package_discovery:discover_packages(ignore) check parameters
[0.921s] Level 1:colcon.colcon_core.package_discovery:discover_packages(path) check parameters
[0.921s] Level 1:colcon.colcon_core.package_discovery:discover_packages(colcon_meta) discover
[0.921s] Level 1:colcon.colcon_core.package_discovery:discover_packages(recursive) discover
[0.921s] INFO:colcon.colcon_core.package_discovery:Crawling recursively for packages in '/home/fiend/voice_grab/ros2_ws'
[0.921s] Level 1:colcon.colcon_core.package_identification:_identify(.) by extensions ['ignore', 'ignore_ament_install']
[0.921s] Level 1:colcon.colcon_core.package_identification:_identify(.) by extension 'ignore'
[0.922s] Level 1:colcon.colcon_core.package_identification:_identify(.) by extension 'ignore_ament_install'
[0.922s] Level 1:colcon.colcon_core.package_identification:_identify(.) by extensions ['colcon_pkg']
[0.922s] Level 1:colcon.colcon_core.package_identification:_identify(.) by extension 'colcon_pkg'
[0.922s] Level 1:colcon.colcon_core.package_identification:_identify(.) by extensions ['colcon_meta']
[0.922s] Level 1:colcon.colcon_core.package_identification:_identify(.) by extension 'colcon_meta'
[0.922s] Level 1:colcon.colcon_core.package_identification:_identify(.) by extensions ['ros']
[0.922s] Level 1:colcon.colcon_core.package_identification:_identify(.) by extension 'ros'
[0.961s] Level 1:colcon.colcon_core.package_identification:_identify(.) by extensions ['cmake', 'python']
[0.961s] Level 1:colcon.colcon_core.package_identification:_identify(.) by extension 'cmake'
[0.962s] Level 1:colcon.colcon_core.package_identification:_identify(.) by extension 'python'
[0.962s] Level 1:colcon.colcon_core.package_identification:_identify(.) by extensions ['python_setup_py']
[0.962s] Level 1:colcon.colcon_core.package_identification:_identify(.) by extension 'python_setup_py'
[0.962s] Level 1:colcon.colcon_core.package_identification:_identify(build) by extensions ['ignore', 'ignore_ament_install']
[0.962s] Level 1:colcon.colcon_core.package_identification:_identify(build) by extension 'ignore'
[0.962s] Level 1:colcon.colcon_core.package_identification:_identify(build) ignored
[0.963s] Level 1:colcon.colcon_core.package_identification:_identify(install) by extensions ['ignore', 'ignore_ament_install']
[0.963s] Level 1:colcon.colcon_core.package_identification:_identify(install) by extension 'ignore'
[0.963s] Level 1:colcon.colcon_core.package_identification:_identify(install) ignored
[0.963s] Level 1:colcon.colcon_core.package_identification:_identify(log) by extensions ['ignore', 'ignore_ament_install']
[0.963s] Level 1:colcon.colcon_core.package_identification:_identify(log) by extension 'ignore'
[0.964s] Level 1:colcon.colcon_core.package_identification:_identify(log) ignored
[0.964s] Level 1:colcon.colcon_core.package_identification:_identify(src) by extensions ['ignore', 'ignore_ament_install']
[0.964s] Level 1:colcon.colcon_core.package_identification:_identify(src) by extension 'ignore'
[0.964s] Level 1:colcon.colcon_core.package_identification:_identify(src) by extension 'ignore_ament_install'
[0.964s] Level 1:colcon.colcon_core.package_identification:_identify(src) by extensions ['colcon_pkg']
[0.964s] Level 1:colcon.colcon_core.package_identification:_identify(src) by extension 'colcon_pkg'
[0.964s] Level 1:colcon.colcon_core.package_identification:_identify(src) by extensions ['colcon_meta']
[0.964s] Level 1:colcon.colcon_core.package_identification:_identify(src) by extension 'colcon_meta'
[0.965s] Level 1:colcon.colcon_core.package_identification:_identify(src) by extensions ['ros']
[0.965s] Level 1:colcon.colcon_core.package_identification:_identify(src) by extension 'ros'
[0.965s] Level 1:colcon.colcon_core.package_identification:_identify(src) by extensions ['cmake', 'python']
[0.965s] Level 1:colcon.colcon_core.package_identification:_identify(src) by extension 'cmake'
[0.965s] Level 1:colcon.colcon_core.package_identification:_identify(src) by extension 'python'
[0.965s] Level 1:colcon.colcon_core.package_identification:_identify(src) by extensions ['python_setup_py']
[0.965s] Level 1:colcon.colcon_core.package_identification:_identify(src) by extension 'python_setup_py'
[0.965s] Level 1:colcon.colcon_core.package_identification:_identify(src/Universal_Robots_ROS2_Description) by extensions ['ignore', 'ignore_ament_install']
[0.966s] Level 1:colcon.colcon_core.package_identification:_identify(src/Universal_Robots_ROS2_Description) by extension 'ignore'
[0.966s] Level 1:colcon.colcon_core.package_identification:_identify(src/Universal_Robots_ROS2_Description) by extension 'ignore_ament_install'
[0.966s] Level 1:colcon.colcon_core.package_identification:_identify(src/Universal_Robots_ROS2_Description) by extensions ['colcon_pkg']
[0.966s] Level 1:colcon.colcon_core.package_identification:_identify(src/Universal_Robots_ROS2_Description) by extension 'colcon_pkg'
[0.966s] Level 1:colcon.colcon_core.package_identification:_identify(src/Universal_Robots_ROS2_Description) by extensions ['colcon_meta']
[0.966s] Level 1:colcon.colcon_core.package_identification:_identify(src/Universal_Robots_ROS2_Description) by extension 'colcon_meta'
[0.966s] Level 1:colcon.colcon_core.package_identification:_identify(src/Universal_Robots_ROS2_Description) by extensions ['ros']
[0.966s] Level 1:colcon.colcon_core.package_identification:_identify(src/Universal_Robots_ROS2_Description) by extension 'ros'
[0.972s] DEBUG:colcon.colcon_core.package_identification:Package 'src/Universal_Robots_ROS2_Description' with type 'ros.ament_cmake' and name 'ur_description'
[0.972s] Level 1:colcon.colcon_core.package_identification:_identify(src/ur_robotiq) by extensions ['ignore', 'ignore_ament_install']
[0.972s] Level 1:colcon.colcon_core.package_identification:_identify(src/ur_robotiq) by extension 'ignore'
[0.972s] Level 1:colcon.colcon_core.package_identification:_identify(src/ur_robotiq) by extension 'ignore_ament_install'
[0.973s] Level 1:colcon.colcon_core.package_identification:_identify(src/ur_robotiq) by extensions ['colcon_pkg']
[0.973s] Level 1:colcon.colcon_core.package_identification:_identify(src/ur_robotiq) by extension 'colcon_pkg'
[0.973s] Level 1:colcon.colcon_core.package_identification:_identify(src/ur_robotiq) by extensions ['colcon_meta']
[0.973s] Level 1:colcon.colcon_core.package_identification:_identify(src/ur_robotiq) by extension 'colcon_meta'
[0.973s] Level 1:colcon.colcon_core.package_identification:_identify(src/ur_robotiq) by extensions ['ros']
[0.973s] Level 1:colcon.colcon_core.package_identification:_identify(src/ur_robotiq) by extension 'ros'
[0.973s] Level 1:colcon.colcon_core.package_identification:_identify(src/ur_robotiq) by extensions ['cmake', 'python']
[0.973s] Level 1:colcon.colcon_core.package_identification:_identify(src/ur_robotiq) by extension 'cmake'
[0.973s] Level 1:colcon.colcon_core.package_identification:_identify(src/ur_robotiq) by extension 'python'
[0.974s] Level 1:colcon.colcon_core.package_identification:_identify(src/ur_robotiq) by extensions ['python_setup_py']
[0.974s] Level 1:colcon.colcon_core.package_identification:_identify(src/ur_robotiq) by extension 'python_setup_py'
[0.974s] Level 1:colcon.colcon_core.package_identification:_identify(src/ur_robotiq/ur_robotiq) by extensions ['ignore', 'ignore_ament_install']
[0.974s] Level 1:colcon.colcon_core.package_identification:_identify(src/ur_robotiq/ur_robotiq) by extension 'ignore'
[0.974s] Level 1:colcon.colcon_core.package_identification:_identify(src/ur_robotiq/ur_robotiq) by extension 'ignore_ament_install'
[0.974s] Level 1:colcon.colcon_core.package_identification:_identify(src/ur_robotiq/ur_robotiq) by extensions ['colcon_pkg']
[0.974s] Level 1:colcon.colcon_core.package_identification:_identify(src/ur_robotiq/ur_robotiq) by extension 'colcon_pkg'
[0.974s] Level 1:colcon.colcon_core.package_identification:_identify(src/ur_robotiq/ur_robotiq) by extensions ['colcon_meta']
[0.975s] Level 1:colcon.colcon_core.package_identification:_identify(src/ur_robotiq/ur_robotiq) by extension 'colcon_meta'
[0.975s] Level 1:colcon.colcon_core.package_identification:_identify(src/ur_robotiq/ur_robotiq) by extensions ['ros']
[0.975s] Level 1:colcon.colcon_core.package_identification:_identify(src/ur_robotiq/ur_robotiq) by extension 'ros'
[0.976s] DEBUG:colcon.colcon_core.package_identification:Package 'src/ur_robotiq/ur_robotiq' with type 'ros.ament_cmake' and name 'ur_robotiq'
[0.976s] Level 1:colcon.colcon_core.package_identification:_identify(src/ur_robotiq/ur_robotiq_description) by extensions ['ignore', 'ignore_ament_install']
[0.976s] Level 1:colcon.colcon_core.package_identification:_identify(src/ur_robotiq/ur_robotiq_description) by extension 'ignore'
[0.976s] Level 1:colcon.colcon_core.package_identification:_identify(src/ur_robotiq/ur_robotiq_description) by extension 'ignore_ament_install'
[0.976s] Level 1:colcon.colcon_core.package_identification:_identify(src/ur_robotiq/ur_robotiq_description) by extensions ['colcon_pkg']
[0.976s] Level 1:colcon.colcon_core.package_identification:_identify(src/ur_robotiq/ur_robotiq_description) by extension 'colcon_pkg'
[0.977s] Level 1:colcon.colcon_core.package_identification:_identify(src/ur_robotiq/ur_robotiq_description) by extensions ['colcon_meta']
[0.977s] Level 1:colcon.colcon_core.package_identification:_identify(src/ur_robotiq/ur_robotiq_description) by extension 'colcon_meta'
[0.977s] Level 1:colcon.colcon_core.package_identification:_identify(src/ur_robotiq/ur_robotiq_description) by extensions ['ros']
[0.977s] Level 1:colcon.colcon_core.package_identification:_identify(src/ur_robotiq/ur_robotiq_description) by extension 'ros'
[0.978s] DEBUG:colcon.colcon_core.package_identification:Package 'src/ur_robotiq/ur_robotiq_description' with type 'ros.ament_cmake' and name 'ur_robotiq_description'
[0.978s] Level 1:colcon.colcon_core.package_identification:_identify(src/voice_grabber) by extensions ['ignore', 'ignore_ament_install']
[0.978s] Level 1:colcon.colcon_core.package_identification:_identify(src/voice_grabber) by extension 'ignore'
[0.978s] Level 1:colcon.colcon_core.package_identification:_identify(src/voice_grabber) by extension 'ignore_ament_install'
[0.979s] Level 1:colcon.colcon_core.package_identification:_identify(src/voice_grabber) by extensions ['colcon_pkg']
[0.979s] Level 1:colcon.colcon_core.package_identification:_identify(src/voice_grabber) by extension 'colcon_pkg'
[0.979s] Level 1:colcon.colcon_core.package_identification:_identify(src/voice_grabber) by extensions ['colcon_meta']
[0.979s] Level 1:colcon.colcon_core.package_identification:_identify(src/voice_grabber) by extension 'colcon_meta'
[0.979s] Level 1:colcon.colcon_core.package_identification:_identify(src/voice_grabber) by extensions ['ros']
[0.979s] Level 1:colcon.colcon_core.package_identification:_identify(src/voice_grabber) by extension 'ros'
[0.981s] DEBUG:colcon.colcon_core.package_identification:Package 'src/voice_grabber' with type 'ros.ament_cmake' and name 'voice_grabber'
[0.981s] Level 1:colcon.colcon_core.package_discovery:discover_packages(recursive) using defaults
[0.981s] Level 1:colcon.colcon_core.package_discovery:discover_packages(ignore) discover
[0.981s] Level 1:colcon.colcon_core.package_discovery:discover_packages(ignore) using defaults
[0.981s] Level 1:colcon.colcon_core.package_discovery:discover_packages(path) discover
[0.981s] Level 1:colcon.colcon_core.package_discovery:discover_packages(path) using defaults
[1.033s] Level 1:colcon.colcon_core.package_discovery:discover_packages(prefix_path) check parameters
[1.033s] Level 1:colcon.colcon_core.package_discovery:discover_packages(prefix_path) discover
[1.042s] DEBUG:colcon.colcon_installed_package_information.package_discovery:Found 8 installed packages in /home/fiend/voice_grab/ros2_ws/install
[1.043s] DEBUG:colcon.colcon_installed_package_information.package_discovery:Found 1 installed packages in /home/fiend/Navigation_Bot/dev_ws/install
[1.047s] DEBUG:colcon.colcon_installed_package_information.package_discovery:Found 8 installed packages in /home/fiend/LineFollowingRobot/ros_ws/install
[1.048s] DEBUG:colcon.colcon_installed_package_information.package_discovery:Found 1 installed packages in /home/fiend/ROS/practice_codes_ROS2/articubot_one/install
[1.051s] DEBUG:colcon.colcon_installed_package_information.package_discovery:Found 439 installed packages in /opt/ros/humble
[1.056s] Level 1:colcon.colcon_core.package_discovery:discover_packages(prefix_path) using defaults
[1.233s] Level 5:colcon.colcon_core.verb:set package 'ur_description' build argument 'cmake_args' from command line to '['-DCMAKE_BUILD_TYPE=Release']'
[1.233s] Level 5:colcon.colcon_core.verb:set package 'ur_description' build argument 'cmake_target' from command line to 'None'
[1.233s] Level 5:colcon.colcon_core.verb:set package 'ur_description' build argument 'cmake_target_skip_unavailable' from command line to 'False'
[1.234s] Level 5:colcon.colcon_core.verb:set package 'ur_description' build argument 'cmake_clean_cache' from command line to 'False'
[1.234s] Level 5:colcon.colcon_core.verb:set package 'ur_description' build argument 'cmake_clean_first' from command line to 'False'
[1.234s] Level 5:colcon.colcon_core.verb:set package 'ur_description' build argument 'cmake_force_configure' from command line to 'False'
[1.234s] Level 5:colcon.colcon_core.verb:set package 'ur_description' build argument 'ament_cmake_args' from command line to 'None'
[1.234s] Level 5:colcon.colcon_core.verb:set package 'ur_description' build argument 'catkin_cmake_args' from command line to 'None'
[1.234s] Level 5:colcon.colcon_core.verb:set package 'ur_description' build argument 'catkin_skip_building_tests' from command line to 'False'
[1.234s] DEBUG:colcon.colcon_core.verb:Building package 'ur_description' with the following arguments: {'ament_cmake_args': None, 'build_base': '/home/fiend/voice_grab/ros2_ws/build/ur_description', 'catkin_cmake_args': None, 'catkin_skip_building_tests': False, 'cmake_args': ['-DCMAKE_BUILD_TYPE=Release'], 'cmake_clean_cache': False, 'cmake_clean_first': False, 'cmake_force_configure': False, 'cmake_target': None, 'cmake_target_skip_unavailable': False, 'install_base': '/home/fiend/voice_grab/ros2_ws/install/ur_description', 'merge_install': False, 'path': '/home/fiend/voice_grab/ros2_ws/src/Universal_Robots_ROS2_Description', 'symlink_install': True, 'test_result_base': None}
[1.235s] Level 5:colcon.colcon_core.verb:set package 'voice_grabber' build argument 'cmake_args' from command line to '['-DCMAKE_BUILD_TYPE=Release']'
[1.235s] Level 5:colcon.colcon_core.verb:set package 'voice_grabber' build argument 'cmake_target' from command line to 'None'
[1.235s] Level 5:colcon.colcon_core.verb:set package 'voice_grabber' build argument 'cmake_target_skip_unavailable' from command line to 'False'
[1.235s] Level 5:colcon.colcon_core.verb:set package 'voice_grabber' build argument 'cmake_clean_cache' from command line to 'False'
[1.235s] Level 5:colcon.colcon_core.verb:set package 'voice_grabber' build argument 'cmake_clean_first' from command line to 'False'
[1.235s] Level 5:colcon.colcon_core.verb:set package 'voice_grabber' build argument 'cmake_force_configure' from command line to 'False'
[1.235s] Level 5:colcon.colcon_core.verb:set package 'voice_grabber' build argument 'ament_cmake_args' from command line to 'None'
[1.235s] Level 5:colcon.colcon_core.verb:set package 'voice_grabber' build argument 'catkin_cmake_args' from command line to 'None'
[1.235s] Level 5:colcon.colcon_core.verb:set package 'voice_grabber' build argument 'catkin_skip_building_tests' from command line to 'False'
[1.235s] DEBUG:colcon.colcon_core.verb:Building package 'voice_grabber' with the following arguments: {'ament_cmake_args': None, 'build_base': '/home/fiend/voice_grab/ros2_ws/build/voice_grabber', 'catkin_cmake_args': None, 'catkin_skip_building_tests': False, 'cmake_args': ['-DCMAKE_BUILD_TYPE=Release'], 'cmake_clean_cache': False, 'cmake_clean_first': False, 'cmake_force_configure': False, 'cmake_target': None, 'cmake_target_skip_unavailable': False, 'install_base': '/home/fiend/voice_grab/ros2_ws/install/voice_grabber', 'merge_install': False, 'path': '/home/fiend/voice_grab/ros2_ws/src/voice_grabber', 'symlink_install': True, 'test_result_base': None}
[1.236s] Level 5:colcon.colcon_core.verb:set package 'ur_robotiq_description' build argument 'cmake_args' from command line to '['-DCMAKE_BUILD_TYPE=Release']'
[1.236s] Level 5:colcon.colcon_core.verb:set package 'ur_robotiq_description' build argument 'cmake_target' from command line to 'None'
[1.236s] Level 5:colcon.colcon_core.verb:set package 'ur_robotiq_description' build argument 'cmake_target_skip_unavailable' from command line to 'False'
[1.236s] Level 5:colcon.colcon_core.verb:set package 'ur_robotiq_description' build argument 'cmake_clean_cache' from command line to 'False'
[1.236s] Level 5:colcon.colcon_core.verb:set package 'ur_robotiq_description' build argument 'cmake_clean_first' from command line to 'False'
[1.236s] Level 5:colcon.colcon_core.verb:set package 'ur_robotiq_description' build argument 'cmake_force_configure' from command line to 'False'
[1.237s] Level 5:colcon.colcon_core.verb:set package 'ur_robotiq_description' build argument 'ament_cmake_args' from command line to 'None'
[1.237s] Level 5:colcon.colcon_core.verb:set package 'ur_robotiq_description' build argument 'catkin_cmake_args' from command line to 'None'
[1.237s] Level 5:colcon.colcon_core.verb:set package 'ur_robotiq_description' build argument 'catkin_skip_building_tests' from command line to 'False'
[1.237s] DEBUG:colcon.colcon_core.verb:Building package 'ur_robotiq_description' with the following arguments: {'ament_cmake_args': None, 'build_base': '/home/fiend/voice_grab/ros2_ws/build/ur_robotiq_description', 'catkin_cmake_args': None, 'catkin_skip_building_tests': False, 'cmake_args': ['-DCMAKE_BUILD_TYPE=Release'], 'cmake_clean_cache': False, 'cmake_clean_first': False, 'cmake_force_configure': False, 'cmake_target': None, 'cmake_target_skip_unavailable': False, 'install_base': '/home/fiend/voice_grab/ros2_ws/install/ur_robotiq_description', 'merge_install': False, 'path': '/home/fiend/voice_grab/ros2_ws/src/ur_robotiq/ur_robotiq_description', 'symlink_install': True, 'test_result_base': None}
[1.237s] Level 5:colcon.colcon_core.verb:set package 'ur_robotiq' build argument 'cmake_args' from command line to '['-DCMAKE_BUILD_TYPE=Release']'
[1.238s] Level 5:colcon.colcon_core.verb:set package 'ur_robotiq' build argument 'cmake_target' from command line to 'None'
[1.238s] Level 5:colcon.colcon_core.verb:set package 'ur_robotiq' build argument 'cmake_target_skip_unavailable' from command line to 'False'
[1.238s] Level 5:colcon.colcon_core.verb:set package 'ur_robotiq' build argument 'cmake_clean_cache' from command line to 'False'
[1.238s] Level 5:colcon.colcon_core.verb:set package 'ur_robotiq' build argument 'cmake_clean_first' from command line to 'False'
[1.238s] Level 5:colcon.colcon_core.verb:set package 'ur_robotiq' build argument 'cmake_force_configure' from command line to 'False'
[1.238s] Level 5:colcon.colcon_core.verb:set package 'ur_robotiq' build argument 'ament_cmake_args' from command line to 'None'
[1.238s] Level 5:colcon.colcon_core.verb:set package 'ur_robotiq' build argument 'catkin_cmake_args' from command line to 'None'
[1.238s] Level 5:colcon.colcon_core.verb:set package 'ur_robotiq' build argument 'catkin_skip_building_tests' from command line to 'False'
[1.238s] DEBUG:colcon.colcon_core.verb:Building package 'ur_robotiq' with the following arguments: {'ament_cmake_args': None, 'build_base': '/home/fiend/voice_grab/ros2_ws/build/ur_robotiq', 'catkin_cmake_args': None, 'catkin_skip_building_tests': False, 'cmake_args': ['-DCMAKE_BUILD_TYPE=Release'], 'cmake_clean_cache': False, 'cmake_clean_first': False, 'cmake_force_configure': False, 'cmake_target': None, 'cmake_target_skip_unavailable': False, 'install_base': '/home/fiend/voice_grab/ros2_ws/install/ur_robotiq', 'merge_install': False, 'path': '/home/fiend/voice_grab/ros2_ws/src/ur_robotiq/ur_robotiq', 'symlink_install': True, 'test_result_base': None}
[1.238s] INFO:colcon.colcon_core.executor:Executing jobs using 'parallel' executor
[1.240s] DEBUG:colcon.colcon_parallel_executor.executor.parallel:run_until_complete
[1.240s] INFO:colcon.colcon_ros.task.ament_cmake.build:Building ROS package in '/home/fiend/voice_grab/ros2_ws/src/Universal_Robots_ROS2_Description' with build type 'ament_cmake'
[1.241s] INFO:colcon.colcon_cmake.task.cmake.build:Building CMake package in '/home/fiend/voice_grab/ros2_ws/src/Universal_Robots_ROS2_Description'
[1.247s] INFO:colcon.colcon_core.plugin_system:Skipping extension 'colcon_core.shell.bat': Not used on non-Windows systems
[1.248s] INFO:colcon.colcon_core.shell:Skip shell extension 'powershell' for command environment: Not usable outside of PowerShell
[1.248s] DEBUG:colcon.colcon_core.shell:Skip shell extension 'dsv' for command environment
[1.259s] INFO:colcon.colcon_ros.task.ament_cmake.build:Building ROS package in '/home/fiend/voice_grab/ros2_ws/src/voice_grabber' with build type 'ament_cmake'
[1.259s] INFO:colcon.colcon_cmake.task.cmake.build:Building CMake package in '/home/fiend/voice_grab/ros2_ws/src/voice_grabber'
[1.260s] INFO:colcon.colcon_core.shell:Skip shell extension 'powershell' for command environment: Not usable outside of PowerShell
[1.260s] DEBUG:colcon.colcon_core.shell:Skip shell extension 'dsv' for command environment
[1.281s] DEBUG:colcon.colcon_core.event_handler.log_command:Invoking command in '/home/fiend/voice_grab/ros2_ws/build/ur_description': CMAKE_PREFIX_PATH=/home/fiend/Navigation_Bot/dev_ws/install/navigation_bot:/home/fiend/voice_grab/ros2_ws/install/zed_ros2:/home/fiend/voice_grab/ros2_ws/install/zed_wrapper:/home/fiend/voice_grab/ros2_ws/install/zed_components:/home/fiend/voice_grab/ros2_ws/install/zed_interfaces:/home/fiend/voice_grab/ros2_ws/install/voice_grabber:/home/fiend/voice_grab/ros2_ws/install/ur_robotiq:/home/fiend/voice_grab/ros2_ws/install/ur_robotiq_description:/home/fiend/voice_grab/ros2_ws/install/ur_description:/opt/ros/humble:/home/fiend/LineFollowingRobot/ros_ws/install/prius_msgs:/home/fiend/LineFollowingRobot/ros_ws/install/line_bhakt:/home/fiend/LineFollowingRobot/ros_ws/install/launches:/home/fiend/LineFollowingRobot/ros_ws/install/autocar_nav:/home/fiend/LineFollowingRobot/ros_ws/install/autocar_msgs:/home/fiend/LineFollowingRobot/ros_ws/install/autocar_map:/home/fiend/LineFollowingRobot/ros_ws/install/autocar_gazebo:/home/fiend/LineFollowingRobot/ros_ws/install/autocar_description:/home/fiend/ROS/practice_codes_ROS2/articubot_one/install/articubot_one PS1=
\[[38;5;156m\]\[[0m\]\[[38;5;166m\]ros2_ws\[[0m\]\[[38;5;166m\]\[[0m\] on \[[38;5;162m\] \[[0m\]\[[38;5;162m\]main\[[0m\]
\[[1;38;5;166m\]➜\[[0m\] /usr/bin/cmake --build /home/fiend/voice_grab/ros2_ws/build/ur_description -- -j8 -l8
[1.290s] DEBUG:colcon.colcon_core.event_handler.log_command:Invoking command in '/home/fiend/voice_grab/ros2_ws/build/voice_grabber': CMAKE_PREFIX_PATH=/home/fiend/Navigation_Bot/dev_ws/install/navigation_bot:/home/fiend/voice_grab/ros2_ws/install/zed_ros2:/home/fiend/voice_grab/ros2_ws/install/zed_wrapper:/home/fiend/voice_grab/ros2_ws/install/zed_components:/home/fiend/voice_grab/ros2_ws/install/zed_interfaces:/home/fiend/voice_grab/ros2_ws/install/voice_grabber:/home/fiend/voice_grab/ros2_ws/install/ur_robotiq:/home/fiend/voice_grab/ros2_ws/install/ur_robotiq_description:/home/fiend/voice_grab/ros2_ws/install/ur_description:/opt/ros/humble:/home/fiend/LineFollowingRobot/ros_ws/install/prius_msgs:/home/fiend/LineFollowingRobot/ros_ws/install/line_bhakt:/home/fiend/LineFollowingRobot/ros_ws/install/launches:/home/fiend/LineFollowingRobot/ros_ws/install/autocar_nav:/home/fiend/LineFollowingRobot/ros_ws/install/autocar_msgs:/home/fiend/LineFollowingRobot/ros_ws/install/autocar_map:/home/fiend/LineFollowingRobot/ros_ws/install/autocar_gazebo:/home/fiend/LineFollowingRobot/ros_ws/install/autocar_description:/home/fiend/ROS/practice_codes_ROS2/articubot_one/install/articubot_one PS1=
\[[38;5;156m\]\[[0m\]\[[38;5;166m\]ros2_ws\[[0m\]\[[38;5;166m\]\[[0m\] on \[[38;5;162m\] \[[0m\]\[[38;5;162m\]main\[[0m\]
\[[1;38;5;166m\]➜\[[0m\] /usr/bin/cmake --build /home/fiend/voice_grab/ros2_ws/build/voice_grabber -- -j8 -l8
[1.377s] DEBUG:colcon.colcon_core.event_handler.log_command:Invoked command in '/home/fiend/voice_grab/ros2_ws/build/ur_description' returned '0': CMAKE_PREFIX_PATH=/home/fiend/Navigation_Bot/dev_ws/install/navigation_bot:/home/fiend/voice_grab/ros2_ws/install/zed_ros2:/home/fiend/voice_grab/ros2_ws/install/zed_wrapper:/home/fiend/voice_grab/ros2_ws/install/zed_components:/home/fiend/voice_grab/ros2_ws/install/zed_interfaces:/home/fiend/voice_grab/ros2_ws/install/voice_grabber:/home/fiend/voice_grab/ros2_ws/install/ur_robotiq:/home/fiend/voice_grab/ros2_ws/install/ur_robotiq_description:/home/fiend/voice_grab/ros2_ws/install/ur_description:/opt/ros/humble:/home/fiend/LineFollowingRobot/ros_ws/install/prius_msgs:/home/fiend/LineFollowingRobot/ros_ws/install/line_bhakt:/home/fiend/LineFollowingRobot/ros_ws/install/launches:/home/fiend/LineFollowingRobot/ros_ws/install/autocar_nav:/home/fiend/LineFollowingRobot/ros_ws/install/autocar_msgs:/home/fiend/LineFollowingRobot/ros_ws/install/autocar_map:/home/fiend/LineFollowingRobot/ros_ws/install/autocar_gazebo:/home/fiend/LineFollowingRobot/ros_ws/install/autocar_description:/home/fiend/ROS/practice_codes_ROS2/articubot_one/install/articubot_one PS1=
\[[38;5;156m\]\[[0m\]\[[38;5;166m\]ros2_ws\[[0m\]\[[38;5;166m\]\[[0m\] on \[[38;5;162m\] \[[0m\]\[[38;5;162m\]main\[[0m\]
\[[1;38;5;166m\]➜\[[0m\] /usr/bin/cmake --build /home/fiend/voice_grab/ros2_ws/build/ur_description -- -j8 -l8
[1.437s] DEBUG:colcon.colcon_core.event_handler.log_command:Invoking command in '/home/fiend/voice_grab/ros2_ws/build/ur_description': CMAKE_PREFIX_PATH=/home/fiend/Navigation_Bot/dev_ws/install/navigation_bot:/home/fiend/voice_grab/ros2_ws/install/zed_ros2:/home/fiend/voice_grab/ros2_ws/install/zed_wrapper:/home/fiend/voice_grab/ros2_ws/install/zed_components:/home/fiend/voice_grab/ros2_ws/install/zed_interfaces:/home/fiend/voice_grab/ros2_ws/install/voice_grabber:/home/fiend/voice_grab/ros2_ws/install/ur_robotiq:/home/fiend/voice_grab/ros2_ws/install/ur_robotiq_description:/home/fiend/voice_grab/ros2_ws/install/ur_description:/opt/ros/humble:/home/fiend/LineFollowingRobot/ros_ws/install/prius_msgs:/home/fiend/LineFollowingRobot/ros_ws/install/line_bhakt:/home/fiend/LineFollowingRobot/ros_ws/install/launches:/home/fiend/LineFollowingRobot/ros_ws/install/autocar_nav:/home/fiend/LineFollowingRobot/ros_ws/install/autocar_msgs:/home/fiend/LineFollowingRobot/ros_ws/install/autocar_map:/home/fiend/LineFollowingRobot/ros_ws/install/autocar_gazebo:/home/fiend/LineFollowingRobot/ros_ws/install/autocar_description:/home/fiend/ROS/practice_codes_ROS2/articubot_one/install/articubot_one PS1=
\[[38;5;156m\]\[[0m\]\[[38;5;166m\]ros2_ws\[[0m\]\[[38;5;166m\]\[[0m\] on \[[38;5;162m\] \[[0m\]\[[38;5;162m\]main\[[0m\]
\[[1;38;5;166m\]➜\[[0m\] /usr/bin/cmake --install /home/fiend/voice_grab/ros2_ws/build/ur_description
[1.541s] Level 1:colcon.colcon_core.environment:create_environment_scripts_only(ur_description)
[1.542s] DEBUG:colcon.colcon_core.event_handler.log_command:Invoked command in '/home/fiend/voice_grab/ros2_ws/build/ur_description' returned '0': CMAKE_PREFIX_PATH=/home/fiend/Navigation_Bot/dev_ws/install/navigation_bot:/home/fiend/voice_grab/ros2_ws/install/zed_ros2:/home/fiend/voice_grab/ros2_ws/install/zed_wrapper:/home/fiend/voice_grab/ros2_ws/install/zed_components:/home/fiend/voice_grab/ros2_ws/install/zed_interfaces:/home/fiend/voice_grab/ros2_ws/install/voice_grabber:/home/fiend/voice_grab/ros2_ws/install/ur_robotiq:/home/fiend/voice_grab/ros2_ws/install/ur_robotiq_description:/home/fiend/voice_grab/ros2_ws/install/ur_description:/opt/ros/humble:/home/fiend/LineFollowingRobot/ros_ws/install/prius_msgs:/home/fiend/LineFollowingRobot/ros_ws/install/line_bhakt:/home/fiend/LineFollowingRobot/ros_ws/install/launches:/home/fiend/LineFollowingRobot/ros_ws/install/autocar_nav:/home/fiend/LineFollowingRobot/ros_ws/install/autocar_msgs:/home/fiend/LineFollowingRobot/ros_ws/install/autocar_map:/home/fiend/LineFollowingRobot/ros_ws/install/autocar_gazebo:/home/fiend/LineFollowingRobot/ros_ws/install/autocar_description:/home/fiend/ROS/practice_codes_ROS2/articubot_one/install/articubot_one PS1=
\[[38;5;156m\]\[[0m\]\[[38;5;166m\]ros2_ws\[[0m\]\[[38;5;166m\]\[[0m\] on \[[38;5;162m\] \[[0m\]\[[38;5;162m\]main\[[0m\]
\[[1;38;5;166m\]➜\[[0m\] /usr/bin/cmake --install /home/fiend/voice_grab/ros2_ws/build/ur_description
[1.549s] Level 1:colcon.colcon_core.environment:checking '/home/fiend/voice_grab/ros2_ws/install/ur_description' for CMake module files
[1.550s] Level 1:colcon.colcon_core.environment:checking '/home/fiend/voice_grab/ros2_ws/install/ur_description' for CMake config files
[1.550s] Level 1:colcon.colcon_core.shell:create_environment_hook('ur_description', 'cmake_prefix_path')
[1.551s] INFO:colcon.colcon_core.shell:Creating environment hook '/home/fiend/voice_grab/ros2_ws/install/ur_description/share/ur_description/hook/cmake_prefix_path.ps1'
[1.552s] INFO:colcon.colcon_core.shell:Creating environment descriptor '/home/fiend/voice_grab/ros2_ws/install/ur_description/share/ur_description/hook/cmake_prefix_path.dsv'
[1.553s] INFO:colcon.colcon_core.shell:Creating environment hook '/home/fiend/voice_grab/ros2_ws/install/ur_description/share/ur_description/hook/cmake_prefix_path.sh'
[1.555s] Level 1:colcon.colcon_core.environment:checking '/home/fiend/voice_grab/ros2_ws/install/ur_description/bin'
[1.555s] Level 1:colcon.colcon_core.environment:checking '/home/fiend/voice_grab/ros2_ws/install/ur_description/lib/pkgconfig/ur_description.pc'
[1.555s] Level 1:colcon.colcon_core.environment:checking '/home/fiend/voice_grab/ros2_ws/install/ur_description/lib/python3.10/site-packages'
[1.556s] Level 1:colcon.colcon_core.environment:checking '/home/fiend/voice_grab/ros2_ws/install/ur_description/bin'
[1.556s] INFO:colcon.colcon_core.shell:Creating package script '/home/fiend/voice_grab/ros2_ws/install/ur_description/share/ur_description/package.ps1'
[1.558s] INFO:colcon.colcon_core.shell:Creating package descriptor '/home/fiend/voice_grab/ros2_ws/install/ur_description/share/ur_description/package.dsv'
[1.560s] INFO:colcon.colcon_core.shell:Creating package script '/home/fiend/voice_grab/ros2_ws/install/ur_description/share/ur_description/package.sh'
[1.562s] INFO:colcon.colcon_core.shell:Creating package script '/home/fiend/voice_grab/ros2_ws/install/ur_description/share/ur_description/package.bash'
[1.565s] INFO:colcon.colcon_core.shell:Creating package script '/home/fiend/voice_grab/ros2_ws/install/ur_description/share/ur_description/package.zsh'
[1.567s] Level 1:colcon.colcon_core.environment:create_file_with_runtime_dependencies(/home/fiend/voice_grab/ros2_ws/install/ur_description/share/colcon-core/packages/ur_description)
[1.608s] Level 1:colcon.colcon_core.environment:create_environment_scripts_only(ur_description)
[1.608s] Level 1:colcon.colcon_core.environment:checking '/home/fiend/voice_grab/ros2_ws/install/ur_description' for CMake module files
[1.610s] Level 1:colcon.colcon_core.environment:checking '/home/fiend/voice_grab/ros2_ws/install/ur_description' for CMake config files
[1.610s] Level 1:colcon.colcon_core.shell:create_environment_hook('ur_description', 'cmake_prefix_path')
[1.611s] INFO:colcon.colcon_core.shell:Creating environment hook '/home/fiend/voice_grab/ros2_ws/install/ur_description/share/ur_description/hook/cmake_prefix_path.ps1'
[1.612s] INFO:colcon.colcon_core.shell:Creating environment descriptor '/home/fiend/voice_grab/ros2_ws/install/ur_description/share/ur_description/hook/cmake_prefix_path.dsv'
[1.612s] INFO:colcon.colcon_core.shell:Creating environment hook '/home/fiend/voice_grab/ros2_ws/install/ur_description/share/ur_description/hook/cmake_prefix_path.sh'
[1.614s] Level 1:colcon.colcon_core.environment:checking '/home/fiend/voice_grab/ros2_ws/install/ur_description/bin'
[1.614s] Level 1:colcon.colcon_core.environment:checking '/home/fiend/voice_grab/ros2_ws/install/ur_description/lib/pkgconfig/ur_description.pc'
[1.615s] Level 1:colcon.colcon_core.environment:checking '/home/fiend/voice_grab/ros2_ws/install/ur_description/lib/python3.10/site-packages'
[1.615s] Level 1:colcon.colcon_core.environment:checking '/home/fiend/voice_grab/ros2_ws/install/ur_description/bin'
[1.616s] INFO:colcon.colcon_core.shell:Creating package script '/home/fiend/voice_grab/ros2_ws/install/ur_description/share/ur_description/package.ps1'
[1.617s] INFO:colcon.colcon_core.shell:Creating package descriptor '/home/fiend/voice_grab/ros2_ws/install/ur_description/share/ur_description/package.dsv'
[1.618s] INFO:colcon.colcon_core.shell:Creating package script '/home/fiend/voice_grab/ros2_ws/install/ur_description/share/ur_description/package.sh'
[1.619s] INFO:colcon.colcon_core.shell:Creating package script '/home/fiend/voice_grab/ros2_ws/install/ur_description/share/ur_description/package.bash'
[1.620s] INFO:colcon.colcon_core.shell:Creating package script '/home/fiend/voice_grab/ros2_ws/install/ur_description/share/ur_description/package.zsh'
[1.621s] Level 1:colcon.colcon_core.environment:create_file_with_runtime_dependencies(/home/fiend/voice_grab/ros2_ws/install/ur_description/share/colcon-core/packages/ur_description)
[1.621s] INFO:colcon.colcon_ros.task.ament_cmake.build:Building ROS package in '/home/fiend/voice_grab/ros2_ws/src/ur_robotiq/ur_robotiq_description' with build type 'ament_cmake'
[1.621s] INFO:colcon.colcon_cmake.task.cmake.build:Building CMake package in '/home/fiend/voice_grab/ros2_ws/src/ur_robotiq/ur_robotiq_description'
[1.622s] INFO:colcon.colcon_core.shell:Skip shell extension 'powershell' for command environment: Not usable outside of PowerShell
[1.622s] DEBUG:colcon.colcon_core.shell:Skip shell extension 'dsv' for command environment
[1.646s] DEBUG:colcon.colcon_core.event_handler.log_command:Invoking command in '/home/fiend/voice_grab/ros2_ws/build/ur_robotiq_description': CMAKE_PREFIX_PATH=/home/fiend/voice_grab/ros2_ws/install/ur_description:/home/fiend/Navigation_Bot/dev_ws/install/navigation_bot:/home/fiend/voice_grab/ros2_ws/install/zed_ros2:/home/fiend/voice_grab/ros2_ws/install/zed_wrapper:/home/fiend/voice_grab/ros2_ws/install/zed_components:/home/fiend/voice_grab/ros2_ws/install/zed_interfaces:/home/fiend/voice_grab/ros2_ws/install/voice_grabber:/home/fiend/voice_grab/ros2_ws/install/ur_robotiq:/home/fiend/voice_grab/ros2_ws/install/ur_robotiq_description:/opt/ros/humble:/home/fiend/LineFollowingRobot/ros_ws/install/prius_msgs:/home/fiend/LineFollowingRobot/ros_ws/install/line_bhakt:/home/fiend/LineFollowingRobot/ros_ws/install/launches:/home/fiend/LineFollowingRobot/ros_ws/install/autocar_nav:/home/fiend/LineFollowingRobot/ros_ws/install/autocar_msgs:/home/fiend/LineFollowingRobot/ros_ws/install/autocar_map:/home/fiend/LineFollowingRobot/ros_ws/install/autocar_gazebo:/home/fiend/LineFollowingRobot/ros_ws/install/autocar_description:/home/fiend/ROS/practice_codes_ROS2/articubot_one/install/articubot_one PS1=
\[[38;5;156m\]\[[0m\]\[[38;5;166m\]ros2_ws\[[0m\]\[[38;5;166m\]\[[0m\] on \[[38;5;162m\] \[[0m\]\[[38;5;162m\]main\[[0m\]
\[[1;38;5;166m\]➜\[[0m\] /usr/bin/cmake --build /home/fiend/voice_grab/ros2_ws/build/ur_robotiq_description -- -j8 -l8
[1.834s] DEBUG:colcon.colcon_core.event_handler.log_command:Invoked command in '/home/fiend/voice_grab/ros2_ws/build/ur_robotiq_description' returned '0': CMAKE_PREFIX_PATH=/home/fiend/voice_grab/ros2_ws/install/ur_description:/home/fiend/Navigation_Bot/dev_ws/install/navigation_bot:/home/fiend/voice_grab/ros2_ws/install/zed_ros2:/home/fiend/voice_grab/ros2_ws/install/zed_wrapper:/home/fiend/voice_grab/ros2_ws/install/zed_components:/home/fiend/voice_grab/ros2_ws/install/zed_interfaces:/home/fiend/voice_grab/ros2_ws/install/voice_grabber:/home/fiend/voice_grab/ros2_ws/install/ur_robotiq:/home/fiend/voice_grab/ros2_ws/install/ur_robotiq_description:/opt/ros/humble:/home/fiend/LineFollowingRobot/ros_ws/install/prius_msgs:/home/fiend/LineFollowingRobot/ros_ws/install/line_bhakt:/home/fiend/LineFollowingRobot/ros_ws/install/launches:/home/fiend/LineFollowingRobot/ros_ws/install/autocar_nav:/home/fiend/LineFollowingRobot/ros_ws/install/autocar_msgs:/home/fiend/LineFollowingRobot/ros_ws/install/autocar_map:/home/fiend/LineFollowingRobot/ros_ws/install/autocar_gazebo:/home/fiend/LineFollowingRobot/ros_ws/install/autocar_description:/home/fiend/ROS/practice_codes_ROS2/articubot_one/install/articubot_one PS1=
\[[38;5;156m\]\[[0m\]\[[38;5;166m\]ros2_ws\[[0m\]\[[38;5;166m\]\[[0m\] on \[[38;5;162m\] \[[0m\]\[[38;5;162m\]main\[[0m\]
\[[1;38;5;166m\]➜\[[0m\] /usr/bin/cmake --build /home/fiend/voice_grab/ros2_ws/build/ur_robotiq_description -- -j8 -l8
[1.882s] DEBUG:colcon.colcon_core.event_handler.log_command:Invoking command in '/home/fiend/voice_grab/ros2_ws/build/ur_robotiq_description': CMAKE_PREFIX_PATH=/home/fiend/voice_grab/ros2_ws/install/ur_description:/home/fiend/Navigation_Bot/dev_ws/install/navigation_bot:/home/fiend/voice_grab/ros2_ws/install/zed_ros2:/home/fiend/voice_grab/ros2_ws/install/zed_wrapper:/home/fiend/voice_grab/ros2_ws/install/zed_components:/home/fiend/voice_grab/ros2_ws/install/zed_interfaces:/home/fiend/voice_grab/ros2_ws/install/voice_grabber:/home/fiend/voice_grab/ros2_ws/install/ur_robotiq:/home/fiend/voice_grab/ros2_ws/install/ur_robotiq_description:/opt/ros/humble:/home/fiend/LineFollowingRobot/ros_ws/install/prius_msgs:/home/fiend/LineFollowingRobot/ros_ws/install/line_bhakt:/home/fiend/LineFollowingRobot/ros_ws/install/launches:/home/fiend/LineFollowingRobot/ros_ws/install/autocar_nav:/home/fiend/LineFollowingRobot/ros_ws/install/autocar_msgs:/home/fiend/LineFollowingRobot/ros_ws/install/autocar_map:/home/fiend/LineFollowingRobot/ros_ws/install/autocar_gazebo:/home/fiend/LineFollowingRobot/ros_ws/install/autocar_description:/home/fiend/ROS/practice_codes_ROS2/articubot_one/install/articubot_one PS1=
\[[38;5;156m\]\[[0m\]\[[38;5;166m\]ros2_ws\[[0m\]\[[38;5;166m\]\[[0m\] on \[[38;5;162m\] \[[0m\]\[[38;5;162m\]main\[[0m\]
\[[1;38;5;166m\]➜\[[0m\] /usr/bin/cmake --install /home/fiend/voice_grab/ros2_ws/build/ur_robotiq_description
[1.942s] Level 1:colcon.colcon_core.environment:create_environment_scripts_only(ur_robotiq_description)
[1.943s] DEBUG:colcon.colcon_core.event_handler.log_command:Invoked command in '/home/fiend/voice_grab/ros2_ws/build/ur_robotiq_description' returned '0': CMAKE_PREFIX_PATH=/home/fiend/voice_grab/ros2_ws/install/ur_description:/home/fiend/Navigation_Bot/dev_ws/install/navigation_bot:/home/fiend/voice_grab/ros2_ws/install/zed_ros2:/home/fiend/voice_grab/ros2_ws/install/zed_wrapper:/home/fiend/voice_grab/ros2_ws/install/zed_components:/home/fiend/voice_grab/ros2_ws/install/zed_interfaces:/home/fiend/voice_grab/ros2_ws/install/voice_grabber:/home/fiend/voice_grab/ros2_ws/install/ur_robotiq:/home/fiend/voice_grab/ros2_ws/install/ur_robotiq_description:/opt/ros/humble:/home/fiend/LineFollowingRobot/ros_ws/install/prius_msgs:/home/fiend/LineFollowingRobot/ros_ws/install/line_bhakt:/home/fiend/LineFollowingRobot/ros_ws/install/launches:/home/fiend/LineFollowingRobot/ros_ws/install/autocar_nav:/home/fiend/LineFollowingRobot/ros_ws/install/autocar_msgs:/home/fiend/LineFollowingRobot/ros_ws/install/autocar_map:/home/fiend/LineFollowingRobot/ros_ws/install/autocar_gazebo:/home/fiend/LineFollowingRobot/ros_ws/install/autocar_description:/home/fiend/ROS/practice_codes_ROS2/articubot_one/install/articubot_one PS1=
\[[38;5;156m\]\[[0m\]\[[38;5;166m\]ros2_ws\[[0m\]\[[38;5;166m\]\[[0m\] on \[[38;5;162m\] \[[0m\]\[[38;5;162m\]main\[[0m\]
\[[1;38;5;166m\]➜\[[0m\] /usr/bin/cmake --install /home/fiend/voice_grab/ros2_ws/build/ur_robotiq_description
[1.943s] Level 1:colcon.colcon_core.environment:checking '/home/fiend/voice_grab/ros2_ws/install/ur_robotiq_description' for CMake module files
[1.944s] Level 1:colcon.colcon_core.environment:checking '/home/fiend/voice_grab/ros2_ws/install/ur_robotiq_description' for CMake config files
[1.945s] Level 1:colcon.colcon_core.shell:create_environment_hook('ur_robotiq_description', 'cmake_prefix_path')
[1.946s] INFO:colcon.colcon_core.shell:Creating environment hook '/home/fiend/voice_grab/ros2_ws/install/ur_robotiq_description/share/ur_robotiq_description/hook/cmake_prefix_path.ps1'
[1.946s] INFO:colcon.colcon_core.shell:Creating environment descriptor '/home/fiend/voice_grab/ros2_ws/install/ur_robotiq_description/share/ur_robotiq_description/hook/cmake_prefix_path.dsv'
[1.947s] INFO:colcon.colcon_core.shell:Creating environment hook '/home/fiend/voice_grab/ros2_ws/install/ur_robotiq_description/share/ur_robotiq_description/hook/cmake_prefix_path.sh'
[1.948s] Level 1:colcon.colcon_core.environment:checking '/home/fiend/voice_grab/ros2_ws/install/ur_robotiq_description/lib'
[1.948s] Level 1:colcon.colcon_core.environment:checking '/home/fiend/voice_grab/ros2_ws/install/ur_robotiq_description/bin'
[1.949s] Level 1:colcon.colcon_core.environment:checking '/home/fiend/voice_grab/ros2_ws/install/ur_robotiq_description/lib/pkgconfig/ur_robotiq_description.pc'
[1.949s] Level 1:colcon.colcon_core.environment:checking '/home/fiend/voice_grab/ros2_ws/install/ur_robotiq_description/lib/python3.10/site-packages'
[1.949s] Level 1:colcon.colcon_core.environment:checking '/home/fiend/voice_grab/ros2_ws/install/ur_robotiq_description/bin'
[1.950s] INFO:colcon.colcon_core.shell:Creating package script '/home/fiend/voice_grab/ros2_ws/install/ur_robotiq_description/share/ur_robotiq_description/package.ps1'
[1.951s] INFO:colcon.colcon_core.shell:Creating package descriptor '/home/fiend/voice_grab/ros2_ws/install/ur_robotiq_description/share/ur_robotiq_description/package.dsv'
[1.952s] INFO:colcon.colcon_core.shell:Creating package script '/home/fiend/voice_grab/ros2_ws/install/ur_robotiq_description/share/ur_robotiq_description/package.sh'
[1.952s] INFO:colcon.colcon_core.shell:Creating package script '/home/fiend/voice_grab/ros2_ws/install/ur_robotiq_description/share/ur_robotiq_description/package.bash'
[1.953s] INFO:colcon.colcon_core.shell:Creating package script '/home/fiend/voice_grab/ros2_ws/install/ur_robotiq_description/share/ur_robotiq_description/package.zsh'
[1.953s] Level 1:colcon.colcon_core.environment:create_file_with_runtime_dependencies(/home/fiend/voice_grab/ros2_ws/install/ur_robotiq_description/share/colcon-core/packages/ur_robotiq_description)
[2.001s] Level 1:colcon.colcon_core.environment:create_environment_scripts_only(ur_robotiq_description)
[2.002s] Level 1:colcon.colcon_core.environment:checking '/home/fiend/voice_grab/ros2_ws/install/ur_robotiq_description' for CMake module files
[2.003s] Level 1:colcon.colcon_core.environment:checking '/home/fiend/voice_grab/ros2_ws/install/ur_robotiq_description' for CMake config files
[2.003s] Level 1:colcon.colcon_core.shell:create_environment_hook('ur_robotiq_description', 'cmake_prefix_path')
[2.004s] INFO:colcon.colcon_core.shell:Creating environment hook '/home/fiend/voice_grab/ros2_ws/install/ur_robotiq_description/share/ur_robotiq_description/hook/cmake_prefix_path.ps1'
[2.005s] INFO:colcon.colcon_core.shell:Creating environment descriptor '/home/fiend/voice_grab/ros2_ws/install/ur_robotiq_description/share/ur_robotiq_description/hook/cmake_prefix_path.dsv'
[2.006s] INFO:colcon.colcon_core.shell:Creating environment hook '/home/fiend/voice_grab/ros2_ws/install/ur_robotiq_description/share/ur_robotiq_description/hook/cmake_prefix_path.sh'
[2.007s] Level 1:colcon.colcon_core.environment:checking '/home/fiend/voice_grab/ros2_ws/install/ur_robotiq_description/lib'
[2.007s] Level 1:colcon.colcon_core.environment:checking '/home/fiend/voice_grab/ros2_ws/install/ur_robotiq_description/bin'
[2.007s] Level 1:colcon.colcon_core.environment:checking '/home/fiend/voice_grab/ros2_ws/install/ur_robotiq_description/lib/pkgconfig/ur_robotiq_description.pc'
[2.008s] Level 1:colcon.colcon_core.environment:checking '/home/fiend/voice_grab/ros2_ws/install/ur_robotiq_description/lib/python3.10/site-packages'
[2.008s] Level 1:colcon.colcon_core.environment:checking '/home/fiend/voice_grab/ros2_ws/install/ur_robotiq_description/bin'
[2.009s] INFO:colcon.colcon_core.shell:Creating package script '/home/fiend/voice_grab/ros2_ws/install/ur_robotiq_description/share/ur_robotiq_description/package.ps1'
[2.010s] INFO:colcon.colcon_core.shell:Creating package descriptor '/home/fiend/voice_grab/ros2_ws/install/ur_robotiq_description/share/ur_robotiq_description/package.dsv'
[2.011s] INFO:colcon.colcon_core.shell:Creating package script '/home/fiend/voice_grab/ros2_ws/install/ur_robotiq_description/share/ur_robotiq_description/package.sh'
[2.013s] INFO:colcon.colcon_core.shell:Creating package script '/home/fiend/voice_grab/ros2_ws/install/ur_robotiq_description/share/ur_robotiq_description/package.bash'
[2.014s] INFO:colcon.colcon_core.shell:Creating package script '/home/fiend/voice_grab/ros2_ws/install/ur_robotiq_description/share/ur_robotiq_description/package.zsh'
[2.015s] Level 1:colcon.colcon_core.environment:create_file_with_runtime_dependencies(/home/fiend/voice_grab/ros2_ws/install/ur_robotiq_description/share/colcon-core/packages/ur_robotiq_description)
[2.016s] INFO:colcon.colcon_ros.task.ament_cmake.build:Building ROS package in '/home/fiend/voice_grab/ros2_ws/src/ur_robotiq/ur_robotiq' with build type 'ament_cmake'
[2.016s] INFO:colcon.colcon_cmake.task.cmake.build:Building CMake package in '/home/fiend/voice_grab/ros2_ws/src/ur_robotiq/ur_robotiq'
[2.017s] INFO:colcon.colcon_core.shell:Skip shell extension 'powershell' for command environment: Not usable outside of PowerShell
[2.018s] DEBUG:colcon.colcon_core.shell:Skip shell extension 'dsv' for command environment
[2.042s] DEBUG:colcon.colcon_core.event_handler.log_command:Invoking command in '/home/fiend/voice_grab/ros2_ws/build/ur_robotiq': CMAKE_PREFIX_PATH=/home/fiend/voice_grab/ros2_ws/install/ur_robotiq_description:/home/fiend/voice_grab/ros2_ws/install/ur_description:/home/fiend/Navigation_Bot/dev_ws/install/navigation_bot:/home/fiend/voice_grab/ros2_ws/install/zed_ros2:/home/fiend/voice_grab/ros2_ws/install/zed_wrapper:/home/fiend/voice_grab/ros2_ws/install/zed_components:/home/fiend/voice_grab/ros2_ws/install/zed_interfaces:/home/fiend/voice_grab/ros2_ws/install/voice_grabber:/home/fiend/voice_grab/ros2_ws/install/ur_robotiq:/opt/ros/humble:/home/fiend/LineFollowingRobot/ros_ws/install/prius_msgs:/home/fiend/LineFollowingRobot/ros_ws/install/line_bhakt:/home/fiend/LineFollowingRobot/ros_ws/install/launches:/home/fiend/LineFollowingRobot/ros_ws/install/autocar_nav:/home/fiend/LineFollowingRobot/ros_ws/install/autocar_msgs:/home/fiend/LineFollowingRobot/ros_ws/install/autocar_map:/home/fiend/LineFollowingRobot/ros_ws/install/autocar_gazebo:/home/fiend/LineFollowingRobot/ros_ws/install/autocar_description:/home/fiend/ROS/practice_codes_ROS2/articubot_one/install/articubot_one PS1=
\[[38;5;156m\]\[[0m\]\[[38;5;166m\]ros2_ws\[[0m\]\[[38;5;166m\]\[[0m\] on \[[38;5;162m\] \[[0m\]\[[38;5;162m\]main\[[0m\]
\[[1;38;5;166m\]➜\[[0m\] /usr/bin/cmake --build /home/fiend/voice_grab/ros2_ws/build/ur_robotiq -- -j8 -l8
[2.116s] DEBUG:colcon.colcon_core.event_handler.log_command:Invoked command in '/home/fiend/voice_grab/ros2_ws/build/ur_robotiq' returned '0': CMAKE_PREFIX_PATH=/home/fiend/voice_grab/ros2_ws/install/ur_robotiq_description:/home/fiend/voice_grab/ros2_ws/install/ur_description:/home/fiend/Navigation_Bot/dev_ws/install/navigation_bot:/home/fiend/voice_grab/ros2_ws/install/zed_ros2:/home/fiend/voice_grab/ros2_ws/install/zed_wrapper:/home/fiend/voice_grab/ros2_ws/install/zed_components:/home/fiend/voice_grab/ros2_ws/install/zed_interfaces:/home/fiend/voice_grab/ros2_ws/install/voice_grabber:/home/fiend/voice_grab/ros2_ws/install/ur_robotiq:/opt/ros/humble:/home/fiend/LineFollowingRobot/ros_ws/install/prius_msgs:/home/fiend/LineFollowingRobot/ros_ws/install/line_bhakt:/home/fiend/LineFollowingRobot/ros_ws/install/launches:/home/fiend/LineFollowingRobot/ros_ws/install/autocar_nav:/home/fiend/LineFollowingRobot/ros_ws/install/autocar_msgs:/home/fiend/LineFollowingRobot/ros_ws/install/autocar_map:/home/fiend/LineFollowingRobot/ros_ws/install/autocar_gazebo:/home/fiend/LineFollowingRobot/ros_ws/install/autocar_description:/home/fiend/ROS/practice_codes_ROS2/articubot_one/install/articubot_one PS1=
\[[38;5;156m\]\[[0m\]\[[38;5;166m\]ros2_ws\[[0m\]\[[38;5;166m\]\[[0m\] on \[[38;5;162m\] \[[0m\]\[[38;5;162m\]main\[[0m\]
\[[1;38;5;166m\]➜\[[0m\] /usr/bin/cmake --build /home/fiend/voice_grab/ros2_ws/build/ur_robotiq -- -j8 -l8
[2.160s] DEBUG:colcon.colcon_core.event_handler.log_command:Invoking command in '/home/fiend/voice_grab/ros2_ws/build/ur_robotiq': CMAKE_PREFIX_PATH=/home/fiend/voice_grab/ros2_ws/install/ur_robotiq_description:/home/fiend/voice_grab/ros2_ws/install/ur_description:/home/fiend/Navigation_Bot/dev_ws/install/navigation_bot:/home/fiend/voice_grab/ros2_ws/install/zed_ros2:/home/fiend/voice_grab/ros2_ws/install/zed_wrapper:/home/fiend/voice_grab/ros2_ws/install/zed_components:/home/fiend/voice_grab/ros2_ws/install/zed_interfaces:/home/fiend/voice_grab/ros2_ws/install/voice_grabber:/home/fiend/voice_grab/ros2_ws/install/ur_robotiq:/opt/ros/humble:/home/fiend/LineFollowingRobot/ros_ws/install/prius_msgs:/home/fiend/LineFollowingRobot/ros_ws/install/line_bhakt:/home/fiend/LineFollowingRobot/ros_ws/install/launches:/home/fiend/LineFollowingRobot/ros_ws/install/autocar_nav:/home/fiend/LineFollowingRobot/ros_ws/install/autocar_msgs:/home/fiend/LineFollowingRobot/ros_ws/install/autocar_map:/home/fiend/LineFollowingRobot/ros_ws/install/autocar_gazebo:/home/fiend/LineFollowingRobot/ros_ws/install/autocar_description:/home/fiend/ROS/practice_codes_ROS2/articubot_one/install/articubot_one PS1=
\[[38;5;156m\]\[[0m\]\[[38;5;166m\]ros2_ws\[[0m\]\[[38;5;166m\]\[[0m\] on \[[38;5;162m\] \[[0m\]\[[38;5;162m\]main\[[0m\]
\[[1;38;5;166m\]➜\[[0m\] /usr/bin/cmake --install /home/fiend/voice_grab/ros2_ws/build/ur_robotiq
[2.198s] DEBUG:colcon.colcon_core.event_handler.log_command:Invoked command in '/home/fiend/voice_grab/ros2_ws/build/voice_grabber' returned '0': CMAKE_PREFIX_PATH=/home/fiend/Navigation_Bot/dev_ws/install/navigation_bot:/home/fiend/voice_grab/ros2_ws/install/zed_ros2:/home/fiend/voice_grab/ros2_ws/install/zed_wrapper:/home/fiend/voice_grab/ros2_ws/install/zed_components:/home/fiend/voice_grab/ros2_ws/install/zed_interfaces:/home/fiend/voice_grab/ros2_ws/install/voice_grabber:/home/fiend/voice_grab/ros2_ws/install/ur_robotiq:/home/fiend/voice_grab/ros2_ws/install/ur_robotiq_description:/home/fiend/voice_grab/ros2_ws/install/ur_description:/opt/ros/humble:/home/fiend/LineFollowingRobot/ros_ws/install/prius_msgs:/home/fiend/LineFollowingRobot/ros_ws/install/line_bhakt:/home/fiend/LineFollowingRobot/ros_ws/install/launches:/home/fiend/LineFollowingRobot/ros_ws/install/autocar_nav:/home/fiend/LineFollowingRobot/ros_ws/install/autocar_msgs:/home/fiend/LineFollowingRobot/ros_ws/install/autocar_map:/home/fiend/LineFollowingRobot/ros_ws/install/autocar_gazebo:/home/fiend/LineFollowingRobot/ros_ws/install/autocar_description:/home/fiend/ROS/practice_codes_ROS2/articubot_one/install/articubot_one PS1=
\[[38;5;156m\]\[[0m\]\[[38;5;166m\]ros2_ws\[[0m\]\[[38;5;166m\]\[[0m\] on \[[38;5;162m\] \[[0m\]\[[38;5;162m\]main\[[0m\]
\[[1;38;5;166m\]➜\[[0m\] /usr/bin/cmake --build /home/fiend/voice_grab/ros2_ws/build/voice_grabber -- -j8 -l8
[2.203s] Level 1:colcon.colcon_core.environment:create_environment_scripts_only(ur_robotiq)
[2.204s] DEBUG:colcon.colcon_core.event_handler.log_command:Invoked command in '/home/fiend/voice_grab/ros2_ws/build/ur_robotiq' returned '0': CMAKE_PREFIX_PATH=/home/fiend/voice_grab/ros2_ws/install/ur_robotiq_description:/home/fiend/voice_grab/ros2_ws/install/ur_description:/home/fiend/Navigation_Bot/dev_ws/install/navigation_bot:/home/fiend/voice_grab/ros2_ws/install/zed_ros2:/home/fiend/voice_grab/ros2_ws/install/zed_wrapper:/home/fiend/voice_grab/ros2_ws/install/zed_components:/home/fiend/voice_grab/ros2_ws/install/zed_interfaces:/home/fiend/voice_grab/ros2_ws/install/voice_grabber:/home/fiend/voice_grab/ros2_ws/install/ur_robotiq:/opt/ros/humble:/home/fiend/LineFollowingRobot/ros_ws/install/prius_msgs:/home/fiend/LineFollowingRobot/ros_ws/install/line_bhakt:/home/fiend/LineFollowingRobot/ros_ws/install/launches:/home/fiend/LineFollowingRobot/ros_ws/install/autocar_nav:/home/fiend/LineFollowingRobot/ros_ws/install/autocar_msgs:/home/fiend/LineFollowingRobot/ros_ws/install/autocar_map:/home/fiend/LineFollowingRobot/ros_ws/install/autocar_gazebo:/home/fiend/LineFollowingRobot/ros_ws/install/autocar_description:/home/fiend/ROS/practice_codes_ROS2/articubot_one/install/articubot_one PS1=
\[[38;5;156m\]\[[0m\]\[[38;5;166m\]ros2_ws\[[0m\]\[[38;5;166m\]\[[0m\] on \[[38;5;162m\] \[[0m\]\[[38;5;162m\]main\[[0m\]
\[[1;38;5;166m\]➜\[[0m\] /usr/bin/cmake --install /home/fiend/voice_grab/ros2_ws/build/ur_robotiq
[2.205s] Level 1:colcon.colcon_core.environment:checking '/home/fiend/voice_grab/ros2_ws/install/ur_robotiq' for CMake module files
[2.206s] Level 1:colcon.colcon_core.environment:checking '/home/fiend/voice_grab/ros2_ws/install/ur_robotiq' for CMake config files
[2.207s] Level 1:colcon.colcon_core.shell:create_environment_hook('ur_robotiq', 'cmake_prefix_path')
[2.207s] INFO:colcon.colcon_core.shell:Creating environment hook '/home/fiend/voice_grab/ros2_ws/install/ur_robotiq/share/ur_robotiq/hook/cmake_prefix_path.ps1'
[2.208s] INFO:colcon.colcon_core.shell:Creating environment descriptor '/home/fiend/voice_grab/ros2_ws/install/ur_robotiq/share/ur_robotiq/hook/cmake_prefix_path.dsv'
[2.209s] INFO:colcon.colcon_core.shell:Creating environment hook '/home/fiend/voice_grab/ros2_ws/install/ur_robotiq/share/ur_robotiq/hook/cmake_prefix_path.sh'
[2.210s] Level 1:colcon.colcon_core.environment:checking '/home/fiend/voice_grab/ros2_ws/install/ur_robotiq/bin'
[2.210s] Level 1:colcon.colcon_core.environment:checking '/home/fiend/voice_grab/ros2_ws/install/ur_robotiq/lib/pkgconfig/ur_robotiq.pc'
[2.210s] Level 1:colcon.colcon_core.environment:checking '/home/fiend/voice_grab/ros2_ws/install/ur_robotiq/lib/python3.10/site-packages'
[2.211s] Level 1:colcon.colcon_core.environment:checking '/home/fiend/voice_grab/ros2_ws/install/ur_robotiq/bin'
[2.211s] INFO:colcon.colcon_core.shell:Creating package script '/home/fiend/voice_grab/ros2_ws/install/ur_robotiq/share/ur_robotiq/package.ps1'
[2.212s] INFO:colcon.colcon_core.shell:Creating package descriptor '/home/fiend/voice_grab/ros2_ws/install/ur_robotiq/share/ur_robotiq/package.dsv'
[2.213s] INFO:colcon.colcon_core.shell:Creating package script '/home/fiend/voice_grab/ros2_ws/install/ur_robotiq/share/ur_robotiq/package.sh'
[2.214s] INFO:colcon.colcon_core.shell:Creating package script '/home/fiend/voice_grab/ros2_ws/install/ur_robotiq/share/ur_robotiq/package.bash'
[2.214s] INFO:colcon.colcon_core.shell:Creating package script '/home/fiend/voice_grab/ros2_ws/install/ur_robotiq/share/ur_robotiq/package.zsh'
[2.215s] Level 1:colcon.colcon_core.environment:create_file_with_runtime_dependencies(/home/fiend/voice_grab/ros2_ws/install/ur_robotiq/share/colcon-core/packages/ur_robotiq)
[2.255s] DEBUG:colcon.colcon_core.event_handler.log_command:Invoking command in '/home/fiend/voice_grab/ros2_ws/build/voice_grabber': CMAKE_PREFIX_PATH=/home/fiend/Navigation_Bot/dev_ws/install/navigation_bot:/home/fiend/voice_grab/ros2_ws/install/zed_ros2:/home/fiend/voice_grab/ros2_ws/install/zed_wrapper:/home/fiend/voice_grab/ros2_ws/install/zed_components:/home/fiend/voice_grab/ros2_ws/install/zed_interfaces:/home/fiend/voice_grab/ros2_ws/install/voice_grabber:/home/fiend/voice_grab/ros2_ws/install/ur_robotiq:/home/fiend/voice_grab/ros2_ws/install/ur_robotiq_description:/home/fiend/voice_grab/ros2_ws/install/ur_description:/opt/ros/humble:/home/fiend/LineFollowingRobot/ros_ws/install/prius_msgs:/home/fiend/LineFollowingRobot/ros_ws/install/line_bhakt:/home/fiend/LineFollowingRobot/ros_ws/install/launches:/home/fiend/LineFollowingRobot/ros_ws/install/autocar_nav:/home/fiend/LineFollowingRobot/ros_ws/install/autocar_msgs:/home/fiend/LineFollowingRobot/ros_ws/install/autocar_map:/home/fiend/LineFollowingRobot/ros_ws/install/autocar_gazebo:/home/fiend/LineFollowingRobot/ros_ws/install/autocar_description:/home/fiend/ROS/practice_codes_ROS2/articubot_one/install/articubot_one PS1=
\[[38;5;156m\]\[[0m\]\[[38;5;166m\]ros2_ws\[[0m\]\[[38;5;166m\]\[[0m\] on \[[38;5;162m\] \[[0m\]\[[38;5;162m\]main\[[0m\]
\[[1;38;5;166m\]➜\[[0m\] /usr/bin/cmake --install /home/fiend/voice_grab/ros2_ws/build/voice_grabber
[2.256s] Level 1:colcon.colcon_core.environment:create_environment_scripts_only(ur_robotiq)
[2.257s] Level 1:colcon.colcon_core.environment:checking '/home/fiend/voice_grab/ros2_ws/install/ur_robotiq' for CMake module files
[2.258s] Level 1:colcon.colcon_core.environment:checking '/home/fiend/voice_grab/ros2_ws/install/ur_robotiq' for CMake config files
[2.259s] Level 1:colcon.colcon_core.shell:create_environment_hook('ur_robotiq', 'cmake_prefix_path')
[2.259s] INFO:colcon.colcon_core.shell:Creating environment hook '/home/fiend/voice_grab/ros2_ws/install/ur_robotiq/share/ur_robotiq/hook/cmake_prefix_path.ps1'
[2.260s] INFO:colcon.colcon_core.shell:Creating environment descriptor '/home/fiend/voice_grab/ros2_ws/install/ur_robotiq/share/ur_robotiq/hook/cmake_prefix_path.dsv'
[2.260s] INFO:colcon.colcon_core.shell:Creating environment hook '/home/fiend/voice_grab/ros2_ws/install/ur_robotiq/share/ur_robotiq/hook/cmake_prefix_path.sh'
[2.261s] Level 1:colcon.colcon_core.environment:checking '/home/fiend/voice_grab/ros2_ws/install/ur_robotiq/bin'
[2.262s] Level 1:colcon.colcon_core.environment:checking '/home/fiend/voice_grab/ros2_ws/install/ur_robotiq/lib/pkgconfig/ur_robotiq.pc'
[2.262s] Level 1:colcon.colcon_core.environment:checking '/home/fiend/voice_grab/ros2_ws/install/ur_robotiq/lib/python3.10/site-packages'
[2.262s] Level 1:colcon.colcon_core.environment:checking '/home/fiend/voice_grab/ros2_ws/install/ur_robotiq/bin'
[2.263s] INFO:colcon.colcon_core.shell:Creating package script '/home/fiend/voice_grab/ros2_ws/install/ur_robotiq/share/ur_robotiq/package.ps1'
[2.264s] INFO:colcon.colcon_core.shell:Creating package descriptor '/home/fiend/voice_grab/ros2_ws/install/ur_robotiq/share/ur_robotiq/package.dsv'
[2.265s] INFO:colcon.colcon_core.shell:Creating package script '/home/fiend/voice_grab/ros2_ws/install/ur_robotiq/share/ur_robotiq/package.sh'
[2.266s] INFO:colcon.colcon_core.shell:Creating package script '/home/fiend/voice_grab/ros2_ws/install/ur_robotiq/share/ur_robotiq/package.bash'
[2.266s] INFO:colcon.colcon_core.shell:Creating package script '/home/fiend/voice_grab/ros2_ws/install/ur_robotiq/share/ur_robotiq/package.zsh'
[2.267s] Level 1:colcon.colcon_core.environment:create_file_with_runtime_dependencies(/home/fiend/voice_grab/ros2_ws/install/ur_robotiq/share/colcon-core/packages/ur_robotiq)
[2.384s] Level 1:colcon.colcon_core.environment:create_environment_scripts_only(voice_grabber)
[2.385s] Level 1:colcon.colcon_core.environment:checking '/home/fiend/voice_grab/ros2_ws/install/voice_grabber' for CMake module files
[2.386s] DEBUG:colcon.colcon_core.event_handler.log_command:Invoked command in '/home/fiend/voice_grab/ros2_ws/build/voice_grabber' returned '0': CMAKE_PREFIX_PATH=/home/fiend/Navigation_Bot/dev_ws/install/navigation_bot:/home/fiend/voice_grab/ros2_ws/install/zed_ros2:/home/fiend/voice_grab/ros2_ws/install/zed_wrapper:/home/fiend/voice_grab/ros2_ws/install/zed_components:/home/fiend/voice_grab/ros2_ws/install/zed_interfaces:/home/fiend/voice_grab/ros2_ws/install/voice_grabber:/home/fiend/voice_grab/ros2_ws/install/ur_robotiq:/home/fiend/voice_grab/ros2_ws/install/ur_robotiq_description:/home/fiend/voice_grab/ros2_ws/install/ur_description:/opt/ros/humble:/home/fiend/LineFollowingRobot/ros_ws/install/prius_msgs:/home/fiend/LineFollowingRobot/ros_ws/install/line_bhakt:/home/fiend/LineFollowingRobot/ros_ws/install/launches:/home/fiend/LineFollowingRobot/ros_ws/install/autocar_nav:/home/fiend/LineFollowingRobot/ros_ws/install/autocar_msgs:/home/fiend/LineFollowingRobot/ros_ws/install/autocar_map:/home/fiend/LineFollowingRobot/ros_ws/install/autocar_gazebo:/home/fiend/LineFollowingRobot/ros_ws/install/autocar_description:/home/fiend/ROS/practice_codes_ROS2/articubot_one/install/articubot_one PS1=
\[[38;5;156m\]\[[0m\]\[[38;5;166m\]ros2_ws\[[0m\]\[[38;5;166m\]\[[0m\] on \[[38;5;162m\] \[[0m\]\[[38;5;162m\]main\[[0m\]
\[[1;38;5;166m\]➜\[[0m\] /usr/bin/cmake --install /home/fiend/voice_grab/ros2_ws/build/voice_grabber
[2.387s] Level 1:colcon.colcon_core.environment:checking '/home/fiend/voice_grab/ros2_ws/install/voice_grabber' for CMake config files
[2.388s] Level 1:colcon.colcon_core.shell:create_environment_hook('voice_grabber', 'cmake_prefix_path')
[2.389s] INFO:colcon.colcon_core.shell:Creating environment hook '/home/fiend/voice_grab/ros2_ws/install/voice_grabber/share/voice_grabber/hook/cmake_prefix_path.ps1'
[2.389s] INFO:colcon.colcon_core.shell:Creating environment descriptor '/home/fiend/voice_grab/ros2_ws/install/voice_grabber/share/voice_grabber/hook/cmake_prefix_path.dsv'
[2.390s] INFO:colcon.colcon_core.shell:Creating environment hook '/home/fiend/voice_grab/ros2_ws/install/voice_grabber/share/voice_grabber/hook/cmake_prefix_path.sh'
[2.392s] Level 1:colcon.colcon_core.environment:checking '/home/fiend/voice_grab/ros2_ws/install/voice_grabber/lib'
[2.392s] Level 1:colcon.colcon_core.environment:checking '/home/fiend/voice_grab/ros2_ws/install/voice_grabber/bin'
[2.392s] Level 1:colcon.colcon_core.environment:checking '/home/fiend/voice_grab/ros2_ws/install/voice_grabber/lib/pkgconfig/voice_grabber.pc'
[2.393s] Level 1:colcon.colcon_core.environment:checking '/home/fiend/voice_grab/ros2_ws/install/voice_grabber/lib/python3.10/site-packages'
[2.393s] Level 1:colcon.colcon_core.environment:checking '/home/fiend/voice_grab/ros2_ws/install/voice_grabber/bin'
[2.394s] INFO:colcon.colcon_core.shell:Creating package script '/home/fiend/voice_grab/ros2_ws/install/voice_grabber/share/voice_grabber/package.ps1'
[2.395s] INFO:colcon.colcon_core.shell:Creating package descriptor '/home/fiend/voice_grab/ros2_ws/install/voice_grabber/share/voice_grabber/package.dsv'
[2.396s] INFO:colcon.colcon_core.shell:Creating package script '/home/fiend/voice_grab/ros2_ws/install/voice_grabber/share/voice_grabber/package.sh'
[2.397s] INFO:colcon.colcon_core.shell:Creating package script '/home/fiend/voice_grab/ros2_ws/install/voice_grabber/share/voice_grabber/package.bash'
[2.397s] INFO:colcon.colcon_core.shell:Creating package script '/home/fiend/voice_grab/ros2_ws/install/voice_grabber/share/voice_grabber/package.zsh'
[2.398s] Level 1:colcon.colcon_core.environment:create_file_with_runtime_dependencies(/home/fiend/voice_grab/ros2_ws/install/voice_grabber/share/colcon-core/packages/voice_grabber)
[2.452s] Level 1:colcon.colcon_core.environment:create_environment_scripts_only(voice_grabber)
[2.453s] Level 1:colcon.colcon_core.environment:checking '/home/fiend/voice_grab/ros2_ws/install/voice_grabber' for CMake module files
[2.453s] Level 1:colcon.colcon_core.environment:checking '/home/fiend/voice_grab/ros2_ws/install/voice_grabber' for CMake config files
[2.454s] Level 1:colcon.colcon_core.shell:create_environment_hook('voice_grabber', 'cmake_prefix_path')
[2.455s] INFO:colcon.colcon_core.shell:Creating environment hook '/home/fiend/voice_grab/ros2_ws/install/voice_grabber/share/voice_grabber/hook/cmake_prefix_path.ps1'
[2.455s] INFO:colcon.colcon_core.shell:Creating environment descriptor '/home/fiend/voice_grab/ros2_ws/install/voice_grabber/share/voice_grabber/hook/cmake_prefix_path.dsv'
[2.456s] INFO:colcon.colcon_core.shell:Creating environment hook '/home/fiend/voice_grab/ros2_ws/install/voice_grabber/share/voice_grabber/hook/cmake_prefix_path.sh'
[2.457s] Level 1:colcon.colcon_core.environment:checking '/home/fiend/voice_grab/ros2_ws/install/voice_grabber/lib'
[2.457s] Level 1:colcon.colcon_core.environment:checking '/home/fiend/voice_grab/ros2_ws/install/voice_grabber/bin'
[2.457s] Level 1:colcon.colcon_core.environment:checking '/home/fiend/voice_grab/ros2_ws/install/voice_grabber/lib/pkgconfig/voice_grabber.pc'
[2.458s] Level 1:colcon.colcon_core.environment:checking '/home/fiend/voice_grab/ros2_ws/install/voice_grabber/lib/python3.10/site-packages'
[2.458s] Level 1:colcon.colcon_core.environment:checking '/home/fiend/voice_grab/ros2_ws/install/voice_grabber/bin'
[2.459s] INFO:colcon.colcon_core.shell:Creating package script '/home/fiend/voice_grab/ros2_ws/install/voice_grabber/share/voice_grabber/package.ps1'
[2.460s] INFO:colcon.colcon_core.shell:Creating package descriptor '/home/fiend/voice_grab/ros2_ws/install/voice_grabber/share/voice_grabber/package.dsv'
[2.461s] INFO:colcon.colcon_core.shell:Creating package script '/home/fiend/voice_grab/ros2_ws/install/voice_grabber/share/voice_grabber/package.sh'
[2.461s] INFO:colcon.colcon_core.shell:Creating package script '/home/fiend/voice_grab/ros2_ws/install/voice_grabber/share/voice_grabber/package.bash'
[2.462s] INFO:colcon.colcon_core.shell:Creating package script '/home/fiend/voice_grab/ros2_ws/install/voice_grabber/share/voice_grabber/package.zsh'
[2.463s] Level 1:colcon.colcon_core.environment:create_file_with_runtime_dependencies(/home/fiend/voice_grab/ros2_ws/install/voice_grabber/share/colcon-core/packages/voice_grabber)
[2.463s] DEBUG:colcon.colcon_parallel_executor.executor.parallel:closing loop
[2.464s] DEBUG:colcon.colcon_parallel_executor.executor.parallel:loop closed
[2.464s] DEBUG:colcon.colcon_parallel_executor.executor.parallel:run_until_complete finished with '0'
[2.464s] DEBUG:colcon.colcon_core.event_reactor:joining thread
[2.478s] INFO:colcon.colcon_core.plugin_system:Skipping extension 'colcon_notification.desktop_notification.terminal_notifier': Not used on non-Darwin systems
[2.478s] INFO:colcon.colcon_core.plugin_system:Skipping extension 'colcon_notification.desktop_notification.win32': Not used on non-Windows systems
[2.478s] INFO:colcon.colcon_notification.desktop_notification:Sending desktop notification using 'notify2'
[2.502s] DEBUG:colcon.colcon_core.event_reactor:joined thread
[2.503s] INFO:colcon.colcon_core.shell:Creating prefix script '/home/fiend/voice_grab/ros2_ws/install/local_setup.ps1'
[2.506s] INFO:colcon.colcon_core.shell:Creating prefix util module '/home/fiend/voice_grab/ros2_ws/install/_local_setup_util_ps1.py'
[2.510s] INFO:colcon.colcon_core.shell:Creating prefix chain script '/home/fiend/voice_grab/ros2_ws/install/setup.ps1'
[2.515s] INFO:colcon.colcon_core.shell:Creating prefix script '/home/fiend/voice_grab/ros2_ws/install/local_setup.sh'
[2.517s] INFO:colcon.colcon_core.shell:Creating prefix util module '/home/fiend/voice_grab/ros2_ws/install/_local_setup_util_sh.py'
[2.518s] INFO:colcon.colcon_core.shell:Creating prefix chain script '/home/fiend/voice_grab/ros2_ws/install/setup.sh'
[2.522s] INFO:colcon.colcon_core.shell:Creating prefix script '/home/fiend/voice_grab/ros2_ws/install/local_setup.bash'
[2.524s] INFO:colcon.colcon_core.shell:Creating prefix chain script '/home/fiend/voice_grab/ros2_ws/install/setup.bash'
[2.527s] INFO:colcon.colcon_core.shell:Creating prefix script '/home/fiend/voice_grab/ros2_ws/install/local_setup.zsh'
[2.528s] INFO:colcon.colcon_core.shell:Creating prefix chain script '/home/fiend/voice_grab/ros2_ws/install/setup.zsh'
