[0.000000] (-) TimerEvent: {}
[0.000105] (ur_robotiq_description) JobQueued: {'identifier': 'ur_robotiq_description', 'dependencies': OrderedDict()}
[0.000133] (voice_grabber) JobQueued: {'identifier': 'voice_grabber', 'dependencies': OrderedDict()}
[0.000152] (ur_robotiq) JobQueued: {'identifier': 'ur_robotiq', 'dependencies': OrderedDict([('ur_robotiq_description', '/home/fiend/voice_grab/ros2_ws/install/ur_robotiq_description')])}
[0.000173] (ur_robotiq_description) JobStarted: {'identifier': 'ur_robotiq_description'}
[0.008781] (voice_grabber) JobStarted: {'identifier': 'voice_grabber'}
[0.015950] (ur_robotiq_description) JobProgress: {'identifier': 'ur_robotiq_description', 'progress': 'cmake'}
[0.016664] (ur_robotiq_description) JobProgress: {'identifier': 'ur_robotiq_description', 'progress': 'build'}
[0.017464] (ur_robotiq_description) Command: {'cmd': ['/usr/bin/cmake', '--build', '/home/fiend/voice_grab/ros2_ws/build/ur_robotiq_description', '--', '-j8', '-l8'], 'cwd': '/home/fiend/voice_grab/ros2_ws/build/ur_robotiq_description', 'env': OrderedDict([('GJS_DEBUG_TOPICS', 'JS ERROR;JS LOG'), ('LESSOPEN', '| /usr/bin/lesspipe %s'), ('LANGUAGE', 'en_IN:en'), ('USER', 'fiend'), ('STARSHIP_SHELL', 'bash'), ('ROS_PACKAGE_PATH', '/home/fiend/LineFollowingRobot/ros_ws/install/prius_msgs/share'), ('XDG_SESSION_TYPE', 'wayland'), ('SHLVL', '1'), ('LD_LIBRARY_PATH', '/home/fiend/voice_grab/ros2_ws/install/zed_components/lib:/home/fiend/voice_grab/ros2_ws/install/zed_interfaces/lib:/home/fiend/LineFollowingRobot/ros_ws/install/prius_msgs/lib:/home/fiend/LineFollowingRobot/ros_ws/install/autocar_msgs/lib:/usr/lib/x86_64-linux-gnu/gazebo-11/plugins:/opt/ros/humble/opt/rviz_ogre_vendor/lib:/opt/ros/humble/lib/x86_64-linux-gnu:/opt/ros/humble/lib:/usr/lib/x86_64-linux-gnu/gazebo-11/plugins:'), ('HOME', '/home/fiend'), ('OLDPWD', '/home/fiend/voice_grab'), ('DESKTOP_SESSION', 'ubuntu'), ('GIO_LAUNCHED_DESKTOP_FILE', '/usr/share/applications/terminator.desktop'), ('GAZEBO_MASTER_URI', 'http://localhost:11345'), ('ROS_PYTHON_VERSION', '3'), ('GNOME_SHELL_SESSION_MODE', 'ubuntu'), ('GTK_MODULES', 'gail:atk-bridge'), ('PS1', '\n\\[\x1b[38;5;156m\\]\\[\x1b[0m\\]\\[\x1b[38;5;166m\\]ros2_ws\\[\x1b[0m\\]\\[\x1b[38;5;166m\\]\\[\x1b[0m\\] on \\[\x1b[38;5;162m\\]\ue0a0 \\[\x1b[0m\\]\\[\x1b[38;5;162m\\]main\\[\x1b[0m\\] underwent \\[\x1b[36m\\]853ms\\[\x1b[0m\\]\n\\[\x1b[1;38;5;166m\\]➜\\[\x1b[0m\\]'), ('MANAGERPID', '824'), ('SYSTEMD_EXEC_PID', '1092'), ('DBUS_SESSION_BUS_ADDRESS', 'unix:path=/run/user/1000/bus'), ('COLORTERM', 'truecolor'), ('GIO_LAUNCHED_DESKTOP_FILE_PID', '2256'), ('_colcon_cd_root', '/opt/ros/humble/'), ('IM_CONFIG_PHASE', '1'), ('WAYLAND_DISPLAY', 'wayland-0'), ('COLCON_PREFIX_PATH', '/home/fiend/voice_grab/ros2_ws/install:/home/fiend/Navigation_Bot/dev_ws/install:/home/fiend/LineFollowingRobot/ros_ws/install:/home/fiend/ROS/practice_codes_ROS2/articubot_one/install'), ('ROS_DISTRO', 'humble'), ('LOGNAME', 'fiend'), ('JOURNAL_STREAM', '8:32012'), ('_', '/usr/bin/colcon'), ('ROS_VERSION', '2'), ('PKG_CONFIG_PATH', '/home/fiend/LineFollowingRobot/ros_ws/install/prius_msgs/lib/x86_64-linux-gnu/pkgconfig:/home/fiend/LineFollowingRobot/ros_ws/install/prius_msgs/lib/pkgconfig'), ('XDG_SESSION_CLASS', 'user'), ('USERNAME', 'fiend'), ('TERM', 'xterm-256color'), ('GAZEBO_MODEL_PATH', '/usr/share/gazebo-11/models:'), ('GNOME_DESKTOP_SESSION_ID', 'this-is-deprecated'), ('ROS_LOCALHOST_ONLY', '0'), ('OGRE_RESOURCE_PATH', '/usr/lib/x86_64-linux-gnu/OGRE-1.9.0'), ('PATH', '/opt/ros/humble/bin:/home/fiend/.local/bin:/usr/local/sbin:/usr/local/bin:/usr/sbin:/usr/bin:/sbin:/bin:/usr/games:/usr/local/games:/snap/bin:/snap/bin'), ('SESSION_MANAGER', 'local/fiend-Lenovo-Yoga-C740-14IML:@/tmp/.ICE-unix/1062,unix/fiend-Lenovo-Yoga-C740-14IML:/tmp/.ICE-unix/1062'), ('INVOCATION_ID', 'df27aa7bef1245c492c7d75768e58228'), ('XDG_MENU_PREFIX', 'gnome-'), ('GNOME_SETUP_DISPLAY', ':1'), ('XDG_RUNTIME_DIR', '/run/user/1000'), ('DISPLAY', ':0'), ('LANG', 'en_US.UTF-8'), ('XDG_CURRENT_DESKTOP', 'ubuntu:GNOME'), ('IBUS_DISABLE_SNOOPER', '1'), ('XMODIFIERS', '@im=ibus'), ('XDG_SESSION_DESKTOP', 'ubuntu'), ('XAUTHORITY', '/run/user/1000/.mutter-Xwaylandauth.BLOXN2'), ('LS_COLORS', 'di=34:ow=34:tw=34:fi=13:ln=31:pi=5:so=5:bd=5:cd=5:or=31:mi=0:ex=35:*.rpm=90:*.png=35:*.gif=36:*.jpg=35:*.c=92:*.py=93:*.h=90:*.txt=94:*.doc=104:*.odt=104:*.csv=102:*.xlsx=102:*.xlsm=102:*.rb=31:*.cpp=92:*.sh=92:*.html=96:*.zip=4;33:*.tar.gz=4;33:*.mp4=105:*.mp3=106'), ('SSH_AGENT_LAUNCHER', 'gnome-keyring'), ('SSH_AUTH_SOCK', '/run/user/1000/keyring/ssh'), ('AMENT_PREFIX_PATH', '/home/fiend/Navigation_Bot/dev_ws/install/navigation_bot:/home/fiend/voice_grab/ros2_ws/install/zed_ros2:/home/fiend/voice_grab/ros2_ws/install/zed_wrapper:/home/fiend/voice_grab/ros2_ws/install/zed_components:/home/fiend/voice_grab/ros2_ws/install/zed_interfaces:/home/fiend/voice_grab/ros2_ws/install/voice_grabber:/home/fiend/voice_grab/ros2_ws/install/ur_robotiq:/home/fiend/voice_grab/ros2_ws/install/ur_robotiq_description:/home/fiend/LineFollowingRobot/ros_ws/install/line_bhakt:/home/fiend/LineFollowingRobot/ros_ws/install/launches:/home/fiend/LineFollowingRobot/ros_ws/install/autocar_nav:/home/fiend/LineFollowingRobot/ros_ws/install/autocar_msgs:/home/fiend/LineFollowingRobot/ros_ws/install/autocar_map:/home/fiend/LineFollowingRobot/ros_ws/install/autocar_gazebo:/home/fiend/LineFollowingRobot/ros_ws/install/autocar_description:/home/fiend/ROS/practice_codes_ROS2/articubot_one/install/articubot_one:/opt/ros/humble'), ('SHELL', '/bin/bash'), ('TERMINATOR_UUID', 'urn:uuid:415cc672-28de-46cc-9a16-d008b35d90f1'), ('QT_ACCESSIBILITY', '1'), ('GDMSESSION', 'ubuntu'), ('LESSCLOSE', '/usr/bin/lesspipe %s %s'), ('GCC_COLORS', 'error=31:warning=35:note=36:caret=32:locus=01:quote=01'), ('GAZEBO_RESOURCE_PATH', '/usr/share/gazebo-11:'), ('GJS_DEBUG_OUTPUT', 'stderr'), ('GAZEBO_MODEL_DATABASE_URI', 'http://models.gazebosim.org'), ('QT_IM_MODULE', 'ibus'), ('PWD', '/home/fiend/voice_grab/ros2_ws/build/ur_robotiq_description'), ('LC_ALL', 'en_US.UTF-8'), ('XDG_CONFIG_DIRS', '/etc/xdg/xdg-ubuntu:/etc/xdg'), ('GAZEBO_PLUGIN_PATH', '/usr/lib/x86_64-linux-gnu/gazebo-11/plugins:'), ('XDG_DATA_DIRS', '/usr/share/ubuntu:/home/fiend/.local/share/flatpak/exports/share:/var/lib/flatpak/exports/share:/usr/local/share/:/usr/share/:/var/lib/snapd/desktop'), ('STARSHIP_SESSION_KEY', '5030148909191212'), ('PYTHONPATH', '/home/fiend/voice_grab/ros2_ws/install/zed_interfaces/local/lib/python3.10/dist-packages:/home/fiend/voice_grab/ros2_ws/install/voice_grabber/local/lib/python3.10/dist-packages:/home/fiend/LineFollowingRobot/ros_ws/install/prius_msgs/local/lib/python3.10/dist-packages:/home/fiend/LineFollowingRobot/ros_ws/install/autocar_nav/local/lib/python3.10/dist-packages:/home/fiend/LineFollowingRobot/ros_ws/install/autocar_msgs/local/lib/python3.10/dist-packages:/opt/ros/humble/lib/python3.10/site-packages:/opt/ros/humble/local/lib/python3.10/dist-packages'), ('COLCON', '1'), ('VTE_VERSION', '6800'), ('CMAKE_PREFIX_PATH', '/home/fiend/Navigation_Bot/dev_ws/install/navigation_bot:/home/fiend/voice_grab/ros2_ws/install/zed_ros2:/home/fiend/voice_grab/ros2_ws/install/zed_wrapper:/home/fiend/voice_grab/ros2_ws/install/zed_components:/home/fiend/voice_grab/ros2_ws/install/zed_interfaces:/home/fiend/voice_grab/ros2_ws/install/voice_grabber:/home/fiend/voice_grab/ros2_ws/install/ur_robotiq:/home/fiend/voice_grab/ros2_ws/install/ur_robotiq_description:/opt/ros/humble:/home/fiend/LineFollowingRobot/ros_ws/install/prius_msgs:/home/fiend/LineFollowingRobot/ros_ws/install/line_bhakt:/home/fiend/LineFollowingRobot/ros_ws/install/launches:/home/fiend/LineFollowingRobot/ros_ws/install/autocar_nav:/home/fiend/LineFollowingRobot/ros_ws/install/autocar_msgs:/home/fiend/LineFollowingRobot/ros_ws/install/autocar_map:/home/fiend/LineFollowingRobot/ros_ws/install/autocar_gazebo:/home/fiend/LineFollowingRobot/ros_ws/install/autocar_description:/home/fiend/ROS/practice_codes_ROS2/articubot_one/install/articubot_one')]), 'shell': False}
[0.020966] (voice_grabber) JobProgress: {'identifier': 'voice_grabber', 'progress': 'cmake'}
[0.021489] (voice_grabber) JobProgress: {'identifier': 'voice_grabber', 'progress': 'build'}
[0.021859] (voice_grabber) Command: {'cmd': ['/usr/bin/cmake', '--build', '/home/fiend/voice_grab/ros2_ws/build/voice_grabber', '--', '-j8', '-l8'], 'cwd': '/home/fiend/voice_grab/ros2_ws/build/voice_grabber', 'env': OrderedDict([('GJS_DEBUG_TOPICS', 'JS ERROR;JS LOG'), ('LESSOPEN', '| /usr/bin/lesspipe %s'), ('LANGUAGE', 'en_IN:en'), ('USER', 'fiend'), ('STARSHIP_SHELL', 'bash'), ('ROS_PACKAGE_PATH', '/home/fiend/LineFollowingRobot/ros_ws/install/prius_msgs/share'), ('XDG_SESSION_TYPE', 'wayland'), ('SHLVL', '1'), ('LD_LIBRARY_PATH', '/home/fiend/voice_grab/ros2_ws/install/zed_components/lib:/home/fiend/voice_grab/ros2_ws/install/zed_interfaces/lib:/home/fiend/LineFollowingRobot/ros_ws/install/prius_msgs/lib:/home/fiend/LineFollowingRobot/ros_ws/install/autocar_msgs/lib:/usr/lib/x86_64-linux-gnu/gazebo-11/plugins:/opt/ros/humble/opt/rviz_ogre_vendor/lib:/opt/ros/humble/lib/x86_64-linux-gnu:/opt/ros/humble/lib:/usr/lib/x86_64-linux-gnu/gazebo-11/plugins:'), ('HOME', '/home/fiend'), ('OLDPWD', '/home/fiend/voice_grab'), ('DESKTOP_SESSION', 'ubuntu'), ('GIO_LAUNCHED_DESKTOP_FILE', '/usr/share/applications/terminator.desktop'), ('GAZEBO_MASTER_URI', 'http://localhost:11345'), ('ROS_PYTHON_VERSION', '3'), ('GNOME_SHELL_SESSION_MODE', 'ubuntu'), ('GTK_MODULES', 'gail:atk-bridge'), ('PS1', '\n\\[\x1b[38;5;156m\\]\\[\x1b[0m\\]\\[\x1b[38;5;166m\\]ros2_ws\\[\x1b[0m\\]\\[\x1b[38;5;166m\\]\\[\x1b[0m\\] on \\[\x1b[38;5;162m\\]\ue0a0 \\[\x1b[0m\\]\\[\x1b[38;5;162m\\]main\\[\x1b[0m\\] underwent \\[\x1b[36m\\]853ms\\[\x1b[0m\\]\n\\[\x1b[1;38;5;166m\\]➜\\[\x1b[0m\\]'), ('MANAGERPID', '824'), ('SYSTEMD_EXEC_PID', '1092'), ('DBUS_SESSION_BUS_ADDRESS', 'unix:path=/run/user/1000/bus'), ('COLORTERM', 'truecolor'), ('GIO_LAUNCHED_DESKTOP_FILE_PID', '2256'), ('_colcon_cd_root', '/opt/ros/humble/'), ('IM_CONFIG_PHASE', '1'), ('WAYLAND_DISPLAY', 'wayland-0'), ('COLCON_PREFIX_PATH', '/home/fiend/voice_grab/ros2_ws/install:/home/fiend/Navigation_Bot/dev_ws/install:/home/fiend/LineFollowingRobot/ros_ws/install:/home/fiend/ROS/practice_codes_ROS2/articubot_one/install'), ('ROS_DISTRO', 'humble'), ('LOGNAME', 'fiend'), ('JOURNAL_STREAM', '8:32012'), ('_', '/usr/bin/colcon'), ('ROS_VERSION', '2'), ('PKG_CONFIG_PATH', '/home/fiend/LineFollowingRobot/ros_ws/install/prius_msgs/lib/x86_64-linux-gnu/pkgconfig:/home/fiend/LineFollowingRobot/ros_ws/install/prius_msgs/lib/pkgconfig'), ('XDG_SESSION_CLASS', 'user'), ('USERNAME', 'fiend'), ('TERM', 'xterm-256color'), ('GAZEBO_MODEL_PATH', '/usr/share/gazebo-11/models:'), ('GNOME_DESKTOP_SESSION_ID', 'this-is-deprecated'), ('ROS_LOCALHOST_ONLY', '0'), ('OGRE_RESOURCE_PATH', '/usr/lib/x86_64-linux-gnu/OGRE-1.9.0'), ('PATH', '/opt/ros/humble/bin:/home/fiend/.local/bin:/usr/local/sbin:/usr/local/bin:/usr/sbin:/usr/bin:/sbin:/bin:/usr/games:/usr/local/games:/snap/bin:/snap/bin'), ('SESSION_MANAGER', 'local/fiend-Lenovo-Yoga-C740-14IML:@/tmp/.ICE-unix/1062,unix/fiend-Lenovo-Yoga-C740-14IML:/tmp/.ICE-unix/1062'), ('INVOCATION_ID', 'df27aa7bef1245c492c7d75768e58228'), ('XDG_MENU_PREFIX', 'gnome-'), ('GNOME_SETUP_DISPLAY', ':1'), ('XDG_RUNTIME_DIR', '/run/user/1000'), ('DISPLAY', ':0'), ('LANG', 'en_US.UTF-8'), ('XDG_CURRENT_DESKTOP', 'ubuntu:GNOME'), ('IBUS_DISABLE_SNOOPER', '1'), ('XMODIFIERS', '@im=ibus'), ('XDG_SESSION_DESKTOP', 'ubuntu'), ('XAUTHORITY', '/run/user/1000/.mutter-Xwaylandauth.BLOXN2'), ('LS_COLORS', 'di=34:ow=34:tw=34:fi=13:ln=31:pi=5:so=5:bd=5:cd=5:or=31:mi=0:ex=35:*.rpm=90:*.png=35:*.gif=36:*.jpg=35:*.c=92:*.py=93:*.h=90:*.txt=94:*.doc=104:*.odt=104:*.csv=102:*.xlsx=102:*.xlsm=102:*.rb=31:*.cpp=92:*.sh=92:*.html=96:*.zip=4;33:*.tar.gz=4;33:*.mp4=105:*.mp3=106'), ('SSH_AGENT_LAUNCHER', 'gnome-keyring'), ('SSH_AUTH_SOCK', '/run/user/1000/keyring/ssh'), ('AMENT_PREFIX_PATH', '/home/fiend/Navigation_Bot/dev_ws/install/navigation_bot:/home/fiend/voice_grab/ros2_ws/install/zed_ros2:/home/fiend/voice_grab/ros2_ws/install/zed_wrapper:/home/fiend/voice_grab/ros2_ws/install/zed_components:/home/fiend/voice_grab/ros2_ws/install/zed_interfaces:/home/fiend/voice_grab/ros2_ws/install/voice_grabber:/home/fiend/voice_grab/ros2_ws/install/ur_robotiq:/home/fiend/voice_grab/ros2_ws/install/ur_robotiq_description:/home/fiend/LineFollowingRobot/ros_ws/install/line_bhakt:/home/fiend/LineFollowingRobot/ros_ws/install/launches:/home/fiend/LineFollowingRobot/ros_ws/install/autocar_nav:/home/fiend/LineFollowingRobot/ros_ws/install/autocar_msgs:/home/fiend/LineFollowingRobot/ros_ws/install/autocar_map:/home/fiend/LineFollowingRobot/ros_ws/install/autocar_gazebo:/home/fiend/LineFollowingRobot/ros_ws/install/autocar_description:/home/fiend/ROS/practice_codes_ROS2/articubot_one/install/articubot_one:/opt/ros/humble'), ('SHELL', '/bin/bash'), ('TERMINATOR_UUID', 'urn:uuid:415cc672-28de-46cc-9a16-d008b35d90f1'), ('QT_ACCESSIBILITY', '1'), ('GDMSESSION', 'ubuntu'), ('LESSCLOSE', '/usr/bin/lesspipe %s %s'), ('GCC_COLORS', 'error=31:warning=35:note=36:caret=32:locus=01:quote=01'), ('GAZEBO_RESOURCE_PATH', '/usr/share/gazebo-11:'), ('GJS_DEBUG_OUTPUT', 'stderr'), ('GAZEBO_MODEL_DATABASE_URI', 'http://models.gazebosim.org'), ('QT_IM_MODULE', 'ibus'), ('PWD', '/home/fiend/voice_grab/ros2_ws/build/voice_grabber'), ('LC_ALL', 'en_US.UTF-8'), ('XDG_CONFIG_DIRS', '/etc/xdg/xdg-ubuntu:/etc/xdg'), ('GAZEBO_PLUGIN_PATH', '/usr/lib/x86_64-linux-gnu/gazebo-11/plugins:'), ('XDG_DATA_DIRS', '/usr/share/ubuntu:/home/fiend/.local/share/flatpak/exports/share:/var/lib/flatpak/exports/share:/usr/local/share/:/usr/share/:/var/lib/snapd/desktop'), ('STARSHIP_SESSION_KEY', '5030148909191212'), ('PYTHONPATH', '/home/fiend/voice_grab/ros2_ws/install/zed_interfaces/local/lib/python3.10/dist-packages:/home/fiend/voice_grab/ros2_ws/install/voice_grabber/local/lib/python3.10/dist-packages:/home/fiend/LineFollowingRobot/ros_ws/install/prius_msgs/local/lib/python3.10/dist-packages:/home/fiend/LineFollowingRobot/ros_ws/install/autocar_nav/local/lib/python3.10/dist-packages:/home/fiend/LineFollowingRobot/ros_ws/install/autocar_msgs/local/lib/python3.10/dist-packages:/opt/ros/humble/lib/python3.10/site-packages:/opt/ros/humble/local/lib/python3.10/dist-packages'), ('COLCON', '1'), ('VTE_VERSION', '6800'), ('CMAKE_PREFIX_PATH', '/home/fiend/Navigation_Bot/dev_ws/install/navigation_bot:/home/fiend/voice_grab/ros2_ws/install/zed_ros2:/home/fiend/voice_grab/ros2_ws/install/zed_wrapper:/home/fiend/voice_grab/ros2_ws/install/zed_components:/home/fiend/voice_grab/ros2_ws/install/zed_interfaces:/home/fiend/voice_grab/ros2_ws/install/voice_grabber:/home/fiend/voice_grab/ros2_ws/install/ur_robotiq:/home/fiend/voice_grab/ros2_ws/install/ur_robotiq_description:/opt/ros/humble:/home/fiend/LineFollowingRobot/ros_ws/install/prius_msgs:/home/fiend/LineFollowingRobot/ros_ws/install/line_bhakt:/home/fiend/LineFollowingRobot/ros_ws/install/launches:/home/fiend/LineFollowingRobot/ros_ws/install/autocar_nav:/home/fiend/LineFollowingRobot/ros_ws/install/autocar_msgs:/home/fiend/LineFollowingRobot/ros_ws/install/autocar_map:/home/fiend/LineFollowingRobot/ros_ws/install/autocar_gazebo:/home/fiend/LineFollowingRobot/ros_ws/install/autocar_description:/home/fiend/ROS/practice_codes_ROS2/articubot_one/install/articubot_one')]), 'shell': False}
[0.091714] (ur_robotiq_description) StdoutLine: {'line': b'-- Found ament_cmake: 1.3.8 (/opt/ros/humble/share/ament_cmake/cmake)\n'}
[0.099396] (-) TimerEvent: {}
[0.119426] (voice_grabber) StdoutLine: {'line': b'[  0%] Built target ament_cmake_python_symlink_voice_grabber\n'}
[0.128536] (voice_grabber) StdoutLine: {'line': b'[ 25%] \x1b[32mBuilding CXX object CMakeFiles/Text_Display_Node.dir/src/TextDisplay.cpp.o\x1b[0m\n'}
[0.128830] (voice_grabber) StdoutLine: {'line': b'[ 50%] \x1b[32mBuilding CXX object CMakeFiles/Speech_Listner_Node.dir/src/SpeechListner.cpp.o\x1b[0m\n'}
[0.199488] (-) TimerEvent: {}
[0.230885] (ur_robotiq_description) StdoutLine: {'line': b'-- Override CMake install command with custom implementation using symlinks instead of copying resources\n'}
[0.248150] (ur_robotiq_description) StdoutLine: {'line': b'-- Found robotiq_description: 0.0.1 (/opt/ros/humble/share/robotiq_description/cmake)\n'}
[0.248537] (ur_robotiq_description) StdoutLine: {'line': b'-- Found ur_description: 2.1.4 (/opt/ros/humble/share/ur_description/cmake)\n'}
[0.248965] (ur_robotiq_description) StdoutLine: {'line': b'-- Found rclcpp: 16.0.8 (/opt/ros/humble/share/rclcpp/cmake)\n'}
[0.299573] (-) TimerEvent: {}
[0.301256] (ur_robotiq_description) StdoutLine: {'line': b'-- Found rosidl_generator_c: 3.1.5 (/opt/ros/humble/share/rosidl_generator_c/cmake)\n'}
[0.306547] (ur_robotiq_description) StdoutLine: {'line': b'-- Found rosidl_adapter: 3.1.5 (/opt/ros/humble/share/rosidl_adapter/cmake)\n'}
[0.319115] (ur_robotiq_description) StdoutLine: {'line': b'-- Found rosidl_generator_cpp: 3.1.5 (/opt/ros/humble/share/rosidl_generator_cpp/cmake)\n'}
[0.342841] (ur_robotiq_description) StdoutLine: {'line': b'-- Using all available rosidl_typesupport_c: rosidl_typesupport_fastrtps_c;rosidl_typesupport_introspection_c\n'}
[0.366986] (ur_robotiq_description) StdoutLine: {'line': b'-- Using all available rosidl_typesupport_cpp: rosidl_typesupport_fastrtps_cpp;rosidl_typesupport_introspection_cpp\n'}
[0.399664] (-) TimerEvent: {}
[0.437885] (ur_robotiq_description) StdoutLine: {'line': b'-- Found rmw_implementation_cmake: 6.1.1 (/opt/ros/humble/share/rmw_implementation_cmake/cmake)\n'}
[0.441912] (ur_robotiq_description) StdoutLine: {'line': b'-- Found rmw_fastrtps_cpp: 6.2.6 (/opt/ros/humble/share/rmw_fastrtps_cpp/cmake)\n'}
[0.486507] (voice_grabber) StdoutLine: {'line': b'running egg_info\n'}
[0.487209] (voice_grabber) StdoutLine: {'line': b'writing voice_grabber.egg-info/PKG-INFO\n'}
[0.487519] (voice_grabber) StdoutLine: {'line': b'writing dependency_links to voice_grabber.egg-info/dependency_links.txt\n'}
[0.487712] (voice_grabber) StdoutLine: {'line': b'writing top-level names to voice_grabber.egg-info/top_level.txt\n'}
[0.490575] (voice_grabber) StdoutLine: {'line': b"reading manifest file 'voice_grabber.egg-info/SOURCES.txt'\n"}
[0.491169] (voice_grabber) StdoutLine: {'line': b"writing manifest file 'voice_grabber.egg-info/SOURCES.txt'\n"}
[0.499790] (-) TimerEvent: {}
[0.522480] (voice_grabber) StdoutLine: {'line': b'[ 50%] Built target ament_cmake_python_build_voice_grabber_egg\n'}
[0.595602] (ur_robotiq_description) StdoutLine: {'line': b"-- Using RMW implementation 'rmw_fastrtps_cpp' as default\n"}
[0.599889] (-) TimerEvent: {}
[0.700193] (-) TimerEvent: {}
[0.779141] (ur_robotiq_description) StdoutLine: {'line': b'-- Found moveit_ros_planning_interface: 2.5.5 (/opt/ros/humble/share/moveit_ros_planning_interface/cmake)\n'}
[0.793724] (ur_robotiq_description) StdoutLine: {'line': b'-- Found Boost: /usr/lib/x86_64-linux-gnu/cmake/Boost-1.74.0/BoostConfig.cmake (found version "1.74.0") found components: date_time filesystem program_options system thread \n'}
[0.800290] (-) TimerEvent: {}
[0.900581] (-) TimerEvent: {}
[1.000847] (-) TimerEvent: {}
[1.101117] (-) TimerEvent: {}
[1.201383] (-) TimerEvent: {}
[1.301680] (-) TimerEvent: {}
[1.401957] (-) TimerEvent: {}
[1.502219] (-) TimerEvent: {}
[1.602484] (-) TimerEvent: {}
[1.702769] (-) TimerEvent: {}
[1.751747] (ur_robotiq_description) StdoutLine: {'line': b'-- Found Boost: /usr/lib/x86_64-linux-gnu/cmake/Boost-1.74.0/BoostConfig.cmake (found version "1.74.0") found components: chrono date_time filesystem iostreams program_options regex serialization system thread \n'}
[1.761672] (ur_robotiq_description) StdoutLine: {'line': b'-- Found parameter_traits: 0.3.8 (/opt/ros/humble/share/parameter_traits/cmake)\n'}
[1.777050] (ur_robotiq_description) StdoutLine: {'line': b'-- Found rclcpp_lifecycle: 16.0.8 (/opt/ros/humble/share/rclcpp_lifecycle/cmake)\n'}
[1.802870] (-) TimerEvent: {}
[1.828922] (ur_robotiq_description) StdoutLine: {'line': b'-- Found Boost: /usr/lib/x86_64-linux-gnu/cmake/Boost-1.74.0/BoostConfig.cmake (found version "1.74.0") found components: filesystem \n'}
[1.873368] (ur_robotiq_description) StdoutLine: {'line': b'-- library: /usr/lib/x86_64-linux-gnu/libcurl.so\n'}
[1.902970] (-) TimerEvent: {}
[2.003239] (-) TimerEvent: {}
[2.059259] (ur_robotiq_description) StdoutLine: {'line': b'-- Ensuring Eigen3 include directory is part of orocos-kdl CMake target\n'}
[2.103338] (-) TimerEvent: {}
[2.203621] (-) TimerEvent: {}
[2.303887] (-) TimerEvent: {}
[2.404157] (-) TimerEvent: {}
[2.504427] (-) TimerEvent: {}
[2.566490] (voice_grabber) StderrLine: {'line': b'\x1b[01m\x1b[K/home/fiend/voice_grab/ros2_ws/src/voice_grabber/src/TextDisplay.cpp:\x1b[m\x1b[K In function \xe2\x80\x98\x1b[01m\x1b[Kint main(int, char**)\x1b[m\x1b[K\xe2\x80\x99:\n'}
[2.566742] (voice_grabber) StderrLine: {'line': b'\x1b[01m\x1b[K/home/fiend/voice_grab/ros2_ws/src/voice_grabber/src/TextDisplay.cpp:16:14:\x1b[m\x1b[K \x1b[35m\x1b[Kwarning: \x1b[m\x1b[Kunused parameter \xe2\x80\x98\x1b[01m\x1b[Kargc\x1b[m\x1b[K\xe2\x80\x99 [\x1b[35m\x1b[K\x1b]8;;https://gcc.gnu.org/onlinedocs/gcc/Warning-Options.html#index-Wunused-parameter\x07-Wunused-parameter\x1b]8;;\x07\x1b[m\x1b[K]\n'}
[2.566863] (voice_grabber) StderrLine: {'line': b'   16 | int main(\x1b[35m\x1b[Kint argc\x1b[m\x1b[K, char **argv) {\n'}
[2.566962] (voice_grabber) StderrLine: {'line': b'      |          \x1b[35m\x1b[K~~~~^~~~\x1b[m\x1b[K\n'}
[2.567058] (voice_grabber) StderrLine: {'line': b'\x1b[01m\x1b[K/home/fiend/voice_grab/ros2_ws/src/voice_grabber/src/TextDisplay.cpp:16:27:\x1b[m\x1b[K \x1b[35m\x1b[Kwarning: \x1b[m\x1b[Kunused parameter \xe2\x80\x98\x1b[01m\x1b[Kargv\x1b[m\x1b[K\xe2\x80\x99 [\x1b[35m\x1b[K\x1b]8;;https://gcc.gnu.org/onlinedocs/gcc/Warning-Options.html#index-Wunused-parameter\x07-Wunused-parameter\x1b]8;;\x07\x1b[m\x1b[K]\n'}
[2.567157] (voice_grabber) StderrLine: {'line': b'   16 | int main(int argc, \x1b[35m\x1b[Kchar **argv\x1b[m\x1b[K) {\n'}
[2.567252] (voice_grabber) StderrLine: {'line': b'      |                    \x1b[35m\x1b[K~~~~~~~^~~~\x1b[m\x1b[K\n'}
[2.604562] (-) TimerEvent: {}
[2.703392] (ur_robotiq_description) StdoutLine: {'line': b'-- Found Boost: /usr/lib/x86_64-linux-gnu/cmake/Boost-1.74.0/BoostConfig.cmake (found version "1.74.0") found components: system filesystem date_time program_options thread chrono \n'}
[2.704636] (-) TimerEvent: {}
[2.804896] (-) TimerEvent: {}
[2.905170] (-) TimerEvent: {}
[3.005452] (-) TimerEvent: {}
[3.023550] (voice_grabber) StdoutLine: {'line': b'[ 75%] \x1b[32m\x1b[1mLinking CXX executable Text_Display_Node\x1b[0m\n'}
[3.105556] (-) TimerEvent: {}
[3.184010] (voice_grabber) StdoutLine: {'line': b'[ 75%] Built target Text_Display_Node\n'}
[3.205668] (-) TimerEvent: {}
[3.305918] (-) TimerEvent: {}
[3.334529] (ur_robotiq_description) StdoutLine: {'line': b'-- Found Boost: /usr/lib/x86_64-linux-gnu/cmake/Boost-1.74.0/BoostConfig.cmake (found version "1.74.0") found components: thread system filesystem regex date_time program_options \n'}
[3.406013] (-) TimerEvent: {}
[3.506290] (-) TimerEvent: {}
[3.606555] (-) TimerEvent: {}
[3.615433] (ur_robotiq_description) StdoutLine: {'line': b'-- Found Boost: /usr/lib/x86_64-linux-gnu/cmake/Boost-1.74.0/BoostConfig.cmake (found version "1.74.0") found components: system filesystem date_time program_options thread \n'}
[3.706652] (-) TimerEvent: {}
[3.806907] (-) TimerEvent: {}
[3.907157] (-) TimerEvent: {}
[4.007405] (-) TimerEvent: {}
[4.107659] (-) TimerEvent: {}
[4.108648] (ur_robotiq_description) StdoutLine: {'line': b'-- Found ament_lint_auto: 0.12.10 (/opt/ros/humble/share/ament_lint_auto/cmake)\n'}
[4.187202] (ur_robotiq_description) StdoutLine: {'line': b"-- Added test 'cppcheck' to perform static code analysis on C / C++ code\n"}
[4.187457] (ur_robotiq_description) StdoutLine: {'line': b'-- Configured cppcheck include dirs: \n'}
[4.187590] (ur_robotiq_description) StdoutLine: {'line': b'-- Configured cppcheck exclude dirs and/or files: \n'}
[4.188033] (ur_robotiq_description) StdoutLine: {'line': b"-- Added test 'flake8' to check Python code syntax and style conventions\n"}
[4.188739] (ur_robotiq_description) StdoutLine: {'line': b"-- Added test 'lint_cmake' to check CMake code style\n"}
[4.189321] (ur_robotiq_description) StdoutLine: {'line': b"-- Added test 'pep257' to check Python code against some of the docstring style conventions in PEP 257\n"}
[4.190733] (ur_robotiq_description) StdoutLine: {'line': b"-- Added test 'uncrustify' to check C / C++ code style\n"}
[4.190888] (ur_robotiq_description) StdoutLine: {'line': b'-- Configured uncrustify additional arguments: \n'}
[4.191405] (ur_robotiq_description) StdoutLine: {'line': b"-- Added test 'xmllint' to check XML markup files\n"}
[4.192977] (ur_robotiq_description) StdoutLine: {'line': b'-- Configuring done\n'}
[4.207761] (-) TimerEvent: {}
[4.229481] (ur_robotiq_description) StdoutLine: {'line': b'-- Generating done\n'}
[4.232069] (ur_robotiq_description) StdoutLine: {'line': b'-- Build files have been written to: /home/fiend/voice_grab/ros2_ws/build/ur_robotiq_description\n'}
[4.263181] (ur_robotiq_description) StdoutLine: {'line': b'\x1b[35m\x1b[1mConsolidate compiler generated dependencies of target Move\x1b[0m\n'}
[4.303683] (ur_robotiq_description) StdoutLine: {'line': b'[ 50%] \x1b[32mBuilding CXX object CMakeFiles/Move.dir/src/MoveTheArm.cpp.o\x1b[0m\n'}
[4.307869] (-) TimerEvent: {}
[4.408161] (-) TimerEvent: {}
[4.508409] (-) TimerEvent: {}
[4.608663] (-) TimerEvent: {}
[4.708921] (-) TimerEvent: {}
[4.809176] (-) TimerEvent: {}
[4.909434] (-) TimerEvent: {}
[5.009690] (-) TimerEvent: {}
[5.109972] (-) TimerEvent: {}
[5.210228] (-) TimerEvent: {}
[5.310514] (-) TimerEvent: {}
[5.324052] (voice_grabber) StdoutLine: {'line': b'[100%] \x1b[32m\x1b[1mLinking CXX executable Speech_Listner_Node\x1b[0m\n'}
[5.410620] (-) TimerEvent: {}
[5.481908] (voice_grabber) StdoutLine: {'line': b'[100%] Built target Speech_Listner_Node\n'}
[5.492804] (voice_grabber) CommandEnded: {'returncode': 0}
[5.510713] (-) TimerEvent: {}
[5.521378] (voice_grabber) JobProgress: {'identifier': 'voice_grabber', 'progress': 'install'}
[5.529655] (voice_grabber) Command: {'cmd': ['/usr/bin/cmake', '--install', '/home/fiend/voice_grab/ros2_ws/build/voice_grabber'], 'cwd': '/home/fiend/voice_grab/ros2_ws/build/voice_grabber', 'env': OrderedDict([('GJS_DEBUG_TOPICS', 'JS ERROR;JS LOG'), ('LESSOPEN', '| /usr/bin/lesspipe %s'), ('LANGUAGE', 'en_IN:en'), ('USER', 'fiend'), ('STARSHIP_SHELL', 'bash'), ('ROS_PACKAGE_PATH', '/home/fiend/LineFollowingRobot/ros_ws/install/prius_msgs/share'), ('XDG_SESSION_TYPE', 'wayland'), ('SHLVL', '1'), ('LD_LIBRARY_PATH', '/home/fiend/voice_grab/ros2_ws/install/zed_components/lib:/home/fiend/voice_grab/ros2_ws/install/zed_interfaces/lib:/home/fiend/LineFollowingRobot/ros_ws/install/prius_msgs/lib:/home/fiend/LineFollowingRobot/ros_ws/install/autocar_msgs/lib:/usr/lib/x86_64-linux-gnu/gazebo-11/plugins:/opt/ros/humble/opt/rviz_ogre_vendor/lib:/opt/ros/humble/lib/x86_64-linux-gnu:/opt/ros/humble/lib:/usr/lib/x86_64-linux-gnu/gazebo-11/plugins:'), ('HOME', '/home/fiend'), ('OLDPWD', '/home/fiend/voice_grab'), ('DESKTOP_SESSION', 'ubuntu'), ('GIO_LAUNCHED_DESKTOP_FILE', '/usr/share/applications/terminator.desktop'), ('GAZEBO_MASTER_URI', 'http://localhost:11345'), ('ROS_PYTHON_VERSION', '3'), ('GNOME_SHELL_SESSION_MODE', 'ubuntu'), ('GTK_MODULES', 'gail:atk-bridge'), ('PS1', '\n\\[\x1b[38;5;156m\\]\\[\x1b[0m\\]\\[\x1b[38;5;166m\\]ros2_ws\\[\x1b[0m\\]\\[\x1b[38;5;166m\\]\\[\x1b[0m\\] on \\[\x1b[38;5;162m\\]\ue0a0 \\[\x1b[0m\\]\\[\x1b[38;5;162m\\]main\\[\x1b[0m\\] underwent \\[\x1b[36m\\]853ms\\[\x1b[0m\\]\n\\[\x1b[1;38;5;166m\\]➜\\[\x1b[0m\\]'), ('MANAGERPID', '824'), ('SYSTEMD_EXEC_PID', '1092'), ('DBUS_SESSION_BUS_ADDRESS', 'unix:path=/run/user/1000/bus'), ('COLORTERM', 'truecolor'), ('GIO_LAUNCHED_DESKTOP_FILE_PID', '2256'), ('_colcon_cd_root', '/opt/ros/humble/'), ('IM_CONFIG_PHASE', '1'), ('WAYLAND_DISPLAY', 'wayland-0'), ('COLCON_PREFIX_PATH', '/home/fiend/voice_grab/ros2_ws/install:/home/fiend/Navigation_Bot/dev_ws/install:/home/fiend/LineFollowingRobot/ros_ws/install:/home/fiend/ROS/practice_codes_ROS2/articubot_one/install'), ('ROS_DISTRO', 'humble'), ('LOGNAME', 'fiend'), ('JOURNAL_STREAM', '8:32012'), ('_', '/usr/bin/colcon'), ('ROS_VERSION', '2'), ('PKG_CONFIG_PATH', '/home/fiend/LineFollowingRobot/ros_ws/install/prius_msgs/lib/x86_64-linux-gnu/pkgconfig:/home/fiend/LineFollowingRobot/ros_ws/install/prius_msgs/lib/pkgconfig'), ('XDG_SESSION_CLASS', 'user'), ('USERNAME', 'fiend'), ('TERM', 'xterm-256color'), ('GAZEBO_MODEL_PATH', '/usr/share/gazebo-11/models:'), ('GNOME_DESKTOP_SESSION_ID', 'this-is-deprecated'), ('ROS_LOCALHOST_ONLY', '0'), ('OGRE_RESOURCE_PATH', '/usr/lib/x86_64-linux-gnu/OGRE-1.9.0'), ('PATH', '/opt/ros/humble/bin:/home/fiend/.local/bin:/usr/local/sbin:/usr/local/bin:/usr/sbin:/usr/bin:/sbin:/bin:/usr/games:/usr/local/games:/snap/bin:/snap/bin'), ('SESSION_MANAGER', 'local/fiend-Lenovo-Yoga-C740-14IML:@/tmp/.ICE-unix/1062,unix/fiend-Lenovo-Yoga-C740-14IML:/tmp/.ICE-unix/1062'), ('INVOCATION_ID', 'df27aa7bef1245c492c7d75768e58228'), ('XDG_MENU_PREFIX', 'gnome-'), ('GNOME_SETUP_DISPLAY', ':1'), ('XDG_RUNTIME_DIR', '/run/user/1000'), ('DISPLAY', ':0'), ('LANG', 'en_US.UTF-8'), ('XDG_CURRENT_DESKTOP', 'ubuntu:GNOME'), ('IBUS_DISABLE_SNOOPER', '1'), ('XMODIFIERS', '@im=ibus'), ('XDG_SESSION_DESKTOP', 'ubuntu'), ('XAUTHORITY', '/run/user/1000/.mutter-Xwaylandauth.BLOXN2'), ('LS_COLORS', 'di=34:ow=34:tw=34:fi=13:ln=31:pi=5:so=5:bd=5:cd=5:or=31:mi=0:ex=35:*.rpm=90:*.png=35:*.gif=36:*.jpg=35:*.c=92:*.py=93:*.h=90:*.txt=94:*.doc=104:*.odt=104:*.csv=102:*.xlsx=102:*.xlsm=102:*.rb=31:*.cpp=92:*.sh=92:*.html=96:*.zip=4;33:*.tar.gz=4;33:*.mp4=105:*.mp3=106'), ('SSH_AGENT_LAUNCHER', 'gnome-keyring'), ('SSH_AUTH_SOCK', '/run/user/1000/keyring/ssh'), ('AMENT_PREFIX_PATH', '/home/fiend/Navigation_Bot/dev_ws/install/navigation_bot:/home/fiend/voice_grab/ros2_ws/install/zed_ros2:/home/fiend/voice_grab/ros2_ws/install/zed_wrapper:/home/fiend/voice_grab/ros2_ws/install/zed_components:/home/fiend/voice_grab/ros2_ws/install/zed_interfaces:/home/fiend/voice_grab/ros2_ws/install/voice_grabber:/home/fiend/voice_grab/ros2_ws/install/ur_robotiq:/home/fiend/voice_grab/ros2_ws/install/ur_robotiq_description:/home/fiend/LineFollowingRobot/ros_ws/install/line_bhakt:/home/fiend/LineFollowingRobot/ros_ws/install/launches:/home/fiend/LineFollowingRobot/ros_ws/install/autocar_nav:/home/fiend/LineFollowingRobot/ros_ws/install/autocar_msgs:/home/fiend/LineFollowingRobot/ros_ws/install/autocar_map:/home/fiend/LineFollowingRobot/ros_ws/install/autocar_gazebo:/home/fiend/LineFollowingRobot/ros_ws/install/autocar_description:/home/fiend/ROS/practice_codes_ROS2/articubot_one/install/articubot_one:/opt/ros/humble'), ('SHELL', '/bin/bash'), ('TERMINATOR_UUID', 'urn:uuid:415cc672-28de-46cc-9a16-d008b35d90f1'), ('QT_ACCESSIBILITY', '1'), ('GDMSESSION', 'ubuntu'), ('LESSCLOSE', '/usr/bin/lesspipe %s %s'), ('GCC_COLORS', 'error=31:warning=35:note=36:caret=32:locus=01:quote=01'), ('GAZEBO_RESOURCE_PATH', '/usr/share/gazebo-11:'), ('GJS_DEBUG_OUTPUT', 'stderr'), ('GAZEBO_MODEL_DATABASE_URI', 'http://models.gazebosim.org'), ('QT_IM_MODULE', 'ibus'), ('PWD', '/home/fiend/voice_grab/ros2_ws/build/voice_grabber'), ('LC_ALL', 'en_US.UTF-8'), ('XDG_CONFIG_DIRS', '/etc/xdg/xdg-ubuntu:/etc/xdg'), ('GAZEBO_PLUGIN_PATH', '/usr/lib/x86_64-linux-gnu/gazebo-11/plugins:'), ('XDG_DATA_DIRS', '/usr/share/ubuntu:/home/fiend/.local/share/flatpak/exports/share:/var/lib/flatpak/exports/share:/usr/local/share/:/usr/share/:/var/lib/snapd/desktop'), ('STARSHIP_SESSION_KEY', '5030148909191212'), ('PYTHONPATH', '/home/fiend/voice_grab/ros2_ws/install/zed_interfaces/local/lib/python3.10/dist-packages:/home/fiend/voice_grab/ros2_ws/install/voice_grabber/local/lib/python3.10/dist-packages:/home/fiend/LineFollowingRobot/ros_ws/install/prius_msgs/local/lib/python3.10/dist-packages:/home/fiend/LineFollowingRobot/ros_ws/install/autocar_nav/local/lib/python3.10/dist-packages:/home/fiend/LineFollowingRobot/ros_ws/install/autocar_msgs/local/lib/python3.10/dist-packages:/opt/ros/humble/lib/python3.10/site-packages:/opt/ros/humble/local/lib/python3.10/dist-packages'), ('COLCON', '1'), ('VTE_VERSION', '6800'), ('CMAKE_PREFIX_PATH', '/home/fiend/Navigation_Bot/dev_ws/install/navigation_bot:/home/fiend/voice_grab/ros2_ws/install/zed_ros2:/home/fiend/voice_grab/ros2_ws/install/zed_wrapper:/home/fiend/voice_grab/ros2_ws/install/zed_components:/home/fiend/voice_grab/ros2_ws/install/zed_interfaces:/home/fiend/voice_grab/ros2_ws/install/voice_grabber:/home/fiend/voice_grab/ros2_ws/install/ur_robotiq:/home/fiend/voice_grab/ros2_ws/install/ur_robotiq_description:/opt/ros/humble:/home/fiend/LineFollowingRobot/ros_ws/install/prius_msgs:/home/fiend/LineFollowingRobot/ros_ws/install/line_bhakt:/home/fiend/LineFollowingRobot/ros_ws/install/launches:/home/fiend/LineFollowingRobot/ros_ws/install/autocar_nav:/home/fiend/LineFollowingRobot/ros_ws/install/autocar_msgs:/home/fiend/LineFollowingRobot/ros_ws/install/autocar_map:/home/fiend/LineFollowingRobot/ros_ws/install/autocar_gazebo:/home/fiend/LineFollowingRobot/ros_ws/install/autocar_description:/home/fiend/ROS/practice_codes_ROS2/articubot_one/install/articubot_one')]), 'shell': False}
[5.537737] (voice_grabber) StdoutLine: {'line': b'-- Install configuration: "Release"\n'}
[5.539477] (voice_grabber) StdoutLine: {'line': b'-- Execute custom install script\n'}
[5.539923] (voice_grabber) StdoutLine: {'line': b'-- Up-to-date symlink: /home/fiend/voice_grab/ros2_ws/install/voice_grabber/share/voice_grabber/launch/launch_aud.launch.py\n'}
[5.540268] (voice_grabber) StdoutLine: {'line': b'-- Up-to-date symlink: /home/fiend/voice_grab/ros2_ws/install/voice_grabber/lib/voice_grabber/Speech_Listner_Node\n'}
[5.540459] (voice_grabber) StdoutLine: {'line': b'-- Up-to-date symlink: /home/fiend/voice_grab/ros2_ws/install/voice_grabber/lib/voice_grabber/Text_Display_Node\n'}
[5.540735] (voice_grabber) StdoutLine: {'line': b'-- Up-to-date symlink: /home/fiend/voice_grab/ros2_ws/install/voice_grabber/share/voice_grabber/environment/pythonpath.sh\n'}
[5.540991] (voice_grabber) StdoutLine: {'line': b'-- Up-to-date symlink: /home/fiend/voice_grab/ros2_ws/install/voice_grabber/share/voice_grabber/environment/pythonpath.dsv\n'}
[5.541266] (voice_grabber) StdoutLine: {'line': b'-- Up-to-date symlink: /home/fiend/voice_grab/ros2_ws/install/voice_grabber/local/lib/python3.10/dist-packages/voice_grabber-0.0.0-py3.10.egg-info/PKG-INFO\n'}
[5.541393] (voice_grabber) StdoutLine: {'line': b'-- Up-to-date symlink: /home/fiend/voice_grab/ros2_ws/install/voice_grabber/local/lib/python3.10/dist-packages/voice_grabber-0.0.0-py3.10.egg-info/SOURCES.txt\n'}
[5.541602] (voice_grabber) StdoutLine: {'line': b'-- Up-to-date symlink: /home/fiend/voice_grab/ros2_ws/install/voice_grabber/local/lib/python3.10/dist-packages/voice_grabber-0.0.0-py3.10.egg-info/dependency_links.txt\n'}
[5.541893] (voice_grabber) StdoutLine: {'line': b'-- Up-to-date symlink: /home/fiend/voice_grab/ros2_ws/install/voice_grabber/local/lib/python3.10/dist-packages/voice_grabber-0.0.0-py3.10.egg-info/top_level.txt\n'}
[5.542320] (voice_grabber) StdoutLine: {'line': b'-- Up-to-date symlink: /home/fiend/voice_grab/ros2_ws/install/voice_grabber/local/lib/python3.10/dist-packages/voice_grabber/__init__.py\n'}
[5.542571] (voice_grabber) StdoutLine: {'line': b'-- Up-to-date symlink: /home/fiend/voice_grab/ros2_ws/install/voice_grabber/lib/voice_grabber/Vosk.py\n'}
[5.542766] (voice_grabber) StdoutLine: {'line': b'-- Up-to-date symlink: /home/fiend/voice_grab/ros2_ws/install/voice_grabber/share/ament_index/resource_index/package_run_dependencies/voice_grabber\n'}
[5.543058] (voice_grabber) StdoutLine: {'line': b'-- Up-to-date symlink: /home/fiend/voice_grab/ros2_ws/install/voice_grabber/share/ament_index/resource_index/parent_prefix_path/voice_grabber\n'}
[5.543329] (voice_grabber) StdoutLine: {'line': b'-- Up-to-date symlink: /home/fiend/voice_grab/ros2_ws/install/voice_grabber/share/voice_grabber/environment/ament_prefix_path.sh\n'}
[5.543548] (voice_grabber) StdoutLine: {'line': b'-- Up-to-date symlink: /home/fiend/voice_grab/ros2_ws/install/voice_grabber/share/voice_grabber/environment/ament_prefix_path.dsv\n'}
[5.543800] (voice_grabber) StdoutLine: {'line': b'-- Up-to-date symlink: /home/fiend/voice_grab/ros2_ws/install/voice_grabber/share/voice_grabber/environment/path.sh\n'}
[5.544045] (voice_grabber) StdoutLine: {'line': b'-- Up-to-date symlink: /home/fiend/voice_grab/ros2_ws/install/voice_grabber/share/voice_grabber/environment/path.dsv\n'}
[5.544289] (voice_grabber) StdoutLine: {'line': b'-- Up-to-date symlink: /home/fiend/voice_grab/ros2_ws/install/voice_grabber/share/voice_grabber/local_setup.bash\n'}
[5.544532] (voice_grabber) StdoutLine: {'line': b'-- Up-to-date symlink: /home/fiend/voice_grab/ros2_ws/install/voice_grabber/share/voice_grabber/local_setup.sh\n'}
[5.544785] (voice_grabber) StdoutLine: {'line': b'-- Up-to-date symlink: /home/fiend/voice_grab/ros2_ws/install/voice_grabber/share/voice_grabber/local_setup.zsh\n'}
[5.545021] (voice_grabber) StdoutLine: {'line': b'-- Up-to-date symlink: /home/fiend/voice_grab/ros2_ws/install/voice_grabber/share/voice_grabber/local_setup.dsv\n'}
[5.545138] (voice_grabber) StdoutLine: {'line': b'-- Symlinking: /home/fiend/voice_grab/ros2_ws/install/voice_grabber/share/voice_grabber/package.dsv\n'}
[5.554066] (voice_grabber) StdoutLine: {'line': b'-- Up-to-date symlink: /home/fiend/voice_grab/ros2_ws/install/voice_grabber/share/ament_index/resource_index/packages/voice_grabber\n'}
[5.554301] (voice_grabber) StdoutLine: {'line': b'-- Up-to-date symlink: /home/fiend/voice_grab/ros2_ws/install/voice_grabber/share/voice_grabber/cmake/voice_grabberConfig.cmake\n'}
[5.554469] (voice_grabber) StdoutLine: {'line': b'-- Up-to-date symlink: /home/fiend/voice_grab/ros2_ws/install/voice_grabber/share/voice_grabber/cmake/voice_grabberConfig-version.cmake\n'}
[5.554656] (voice_grabber) StdoutLine: {'line': b'-- Up-to-date symlink: /home/fiend/voice_grab/ros2_ws/install/voice_grabber/share/voice_grabber/package.xml\n'}
[5.587660] (voice_grabber) StdoutLine: {'line': b"Listing '/home/fiend/voice_grab/ros2_ws/install/voice_grabber/local/lib/python3.10/dist-packages/voice_grabber'...\n"}
[5.593591] (voice_grabber) CommandEnded: {'returncode': 0}
[5.610835] (-) TimerEvent: {}
[5.641943] (voice_grabber) JobEnded: {'identifier': 'voice_grabber', 'rc': 0}
[5.710932] (-) TimerEvent: {}
[5.811210] (-) TimerEvent: {}
[5.911467] (-) TimerEvent: {}
[6.011740] (-) TimerEvent: {}
[6.111992] (-) TimerEvent: {}
[6.212261] (-) TimerEvent: {}
[6.312543] (-) TimerEvent: {}
[6.412825] (-) TimerEvent: {}
[6.513077] (-) TimerEvent: {}
[6.613329] (-) TimerEvent: {}
[6.713586] (-) TimerEvent: {}
[6.813857] (-) TimerEvent: {}
[6.914111] (-) TimerEvent: {}
[7.014354] (-) TimerEvent: {}
[7.114603] (-) TimerEvent: {}
[7.214850] (-) TimerEvent: {}
[7.315102] (-) TimerEvent: {}
[7.415386] (-) TimerEvent: {}
[7.515635] (-) TimerEvent: {}
[7.615897] (-) TimerEvent: {}
[7.716195] (-) TimerEvent: {}
[7.816492] (-) TimerEvent: {}
[7.916793] (-) TimerEvent: {}
[8.017056] (-) TimerEvent: {}
[8.117315] (-) TimerEvent: {}
[8.217594] (-) TimerEvent: {}
[8.317854] (-) TimerEvent: {}
[8.418099] (-) TimerEvent: {}
[8.518347] (-) TimerEvent: {}
[8.618588] (-) TimerEvent: {}
[8.718833] (-) TimerEvent: {}
[8.819107] (-) TimerEvent: {}
[8.919404] (-) TimerEvent: {}
[9.019652] (-) TimerEvent: {}
[9.119926] (-) TimerEvent: {}
[9.220201] (-) TimerEvent: {}
[9.320445] (-) TimerEvent: {}
[9.420689] (-) TimerEvent: {}
[9.520928] (-) TimerEvent: {}
[9.621169] (-) TimerEvent: {}
[9.721427] (-) TimerEvent: {}
[9.821703] (-) TimerEvent: {}
[9.921949] (-) TimerEvent: {}
[10.022197] (-) TimerEvent: {}
[10.122436] (-) TimerEvent: {}
[10.222673] (-) TimerEvent: {}
[10.322915] (-) TimerEvent: {}
[10.423177] (-) TimerEvent: {}
[10.523420] (-) TimerEvent: {}
[10.623676] (-) TimerEvent: {}
[10.723976] (-) TimerEvent: {}
[10.824256] (-) TimerEvent: {}
[10.924538] (-) TimerEvent: {}
[11.024839] (-) TimerEvent: {}
[11.125222] (-) TimerEvent: {}
[11.225657] (-) TimerEvent: {}
[11.326034] (-) TimerEvent: {}
[11.426394] (-) TimerEvent: {}
[11.526676] (-) TimerEvent: {}
[11.593090] (ur_robotiq_description) StdoutLine: {'line': b'[100%] \x1b[32m\x1b[1mLinking CXX executable Move\x1b[0m\n'}
[11.626772] (-) TimerEvent: {}
[11.727013] (-) TimerEvent: {}
[11.827253] (-) TimerEvent: {}
[11.927511] (-) TimerEvent: {}
[12.027754] (-) TimerEvent: {}
[12.128047] (-) TimerEvent: {}
[12.228358] (-) TimerEvent: {}
[12.328585] (-) TimerEvent: {}
[12.428809] (-) TimerEvent: {}
[12.529042] (-) TimerEvent: {}
[12.590119] (ur_robotiq_description) StdoutLine: {'line': b'[100%] Built target Move\n'}
[12.600447] (ur_robotiq_description) CommandEnded: {'returncode': 0}
[12.623108] (ur_robotiq_description) JobProgress: {'identifier': 'ur_robotiq_description', 'progress': 'install'}
[12.623592] (ur_robotiq_description) Command: {'cmd': ['/usr/bin/cmake', '--install', '/home/fiend/voice_grab/ros2_ws/build/ur_robotiq_description'], 'cwd': '/home/fiend/voice_grab/ros2_ws/build/ur_robotiq_description', 'env': OrderedDict([('GJS_DEBUG_TOPICS', 'JS ERROR;JS LOG'), ('LESSOPEN', '| /usr/bin/lesspipe %s'), ('LANGUAGE', 'en_IN:en'), ('USER', 'fiend'), ('STARSHIP_SHELL', 'bash'), ('ROS_PACKAGE_PATH', '/home/fiend/LineFollowingRobot/ros_ws/install/prius_msgs/share'), ('XDG_SESSION_TYPE', 'wayland'), ('SHLVL', '1'), ('LD_LIBRARY_PATH', '/home/fiend/voice_grab/ros2_ws/install/zed_components/lib:/home/fiend/voice_grab/ros2_ws/install/zed_interfaces/lib:/home/fiend/LineFollowingRobot/ros_ws/install/prius_msgs/lib:/home/fiend/LineFollowingRobot/ros_ws/install/autocar_msgs/lib:/usr/lib/x86_64-linux-gnu/gazebo-11/plugins:/opt/ros/humble/opt/rviz_ogre_vendor/lib:/opt/ros/humble/lib/x86_64-linux-gnu:/opt/ros/humble/lib:/usr/lib/x86_64-linux-gnu/gazebo-11/plugins:'), ('HOME', '/home/fiend'), ('OLDPWD', '/home/fiend/voice_grab'), ('DESKTOP_SESSION', 'ubuntu'), ('GIO_LAUNCHED_DESKTOP_FILE', '/usr/share/applications/terminator.desktop'), ('GAZEBO_MASTER_URI', 'http://localhost:11345'), ('ROS_PYTHON_VERSION', '3'), ('GNOME_SHELL_SESSION_MODE', 'ubuntu'), ('GTK_MODULES', 'gail:atk-bridge'), ('PS1', '\n\\[\x1b[38;5;156m\\]\\[\x1b[0m\\]\\[\x1b[38;5;166m\\]ros2_ws\\[\x1b[0m\\]\\[\x1b[38;5;166m\\]\\[\x1b[0m\\] on \\[\x1b[38;5;162m\\]\ue0a0 \\[\x1b[0m\\]\\[\x1b[38;5;162m\\]main\\[\x1b[0m\\] underwent \\[\x1b[36m\\]853ms\\[\x1b[0m\\]\n\\[\x1b[1;38;5;166m\\]➜\\[\x1b[0m\\]'), ('MANAGERPID', '824'), ('SYSTEMD_EXEC_PID', '1092'), ('DBUS_SESSION_BUS_ADDRESS', 'unix:path=/run/user/1000/bus'), ('COLORTERM', 'truecolor'), ('GIO_LAUNCHED_DESKTOP_FILE_PID', '2256'), ('_colcon_cd_root', '/opt/ros/humble/'), ('IM_CONFIG_PHASE', '1'), ('WAYLAND_DISPLAY', 'wayland-0'), ('COLCON_PREFIX_PATH', '/home/fiend/voice_grab/ros2_ws/install:/home/fiend/Navigation_Bot/dev_ws/install:/home/fiend/LineFollowingRobot/ros_ws/install:/home/fiend/ROS/practice_codes_ROS2/articubot_one/install'), ('ROS_DISTRO', 'humble'), ('LOGNAME', 'fiend'), ('JOURNAL_STREAM', '8:32012'), ('_', '/usr/bin/colcon'), ('ROS_VERSION', '2'), ('PKG_CONFIG_PATH', '/home/fiend/LineFollowingRobot/ros_ws/install/prius_msgs/lib/x86_64-linux-gnu/pkgconfig:/home/fiend/LineFollowingRobot/ros_ws/install/prius_msgs/lib/pkgconfig'), ('XDG_SESSION_CLASS', 'user'), ('USERNAME', 'fiend'), ('TERM', 'xterm-256color'), ('GAZEBO_MODEL_PATH', '/usr/share/gazebo-11/models:'), ('GNOME_DESKTOP_SESSION_ID', 'this-is-deprecated'), ('ROS_LOCALHOST_ONLY', '0'), ('OGRE_RESOURCE_PATH', '/usr/lib/x86_64-linux-gnu/OGRE-1.9.0'), ('PATH', '/opt/ros/humble/bin:/home/fiend/.local/bin:/usr/local/sbin:/usr/local/bin:/usr/sbin:/usr/bin:/sbin:/bin:/usr/games:/usr/local/games:/snap/bin:/snap/bin'), ('SESSION_MANAGER', 'local/fiend-Lenovo-Yoga-C740-14IML:@/tmp/.ICE-unix/1062,unix/fiend-Lenovo-Yoga-C740-14IML:/tmp/.ICE-unix/1062'), ('INVOCATION_ID', 'df27aa7bef1245c492c7d75768e58228'), ('XDG_MENU_PREFIX', 'gnome-'), ('GNOME_SETUP_DISPLAY', ':1'), ('XDG_RUNTIME_DIR', '/run/user/1000'), ('DISPLAY', ':0'), ('LANG', 'en_US.UTF-8'), ('XDG_CURRENT_DESKTOP', 'ubuntu:GNOME'), ('IBUS_DISABLE_SNOOPER', '1'), ('XMODIFIERS', '@im=ibus'), ('XDG_SESSION_DESKTOP', 'ubuntu'), ('XAUTHORITY', '/run/user/1000/.mutter-Xwaylandauth.BLOXN2'), ('LS_COLORS', 'di=34:ow=34:tw=34:fi=13:ln=31:pi=5:so=5:bd=5:cd=5:or=31:mi=0:ex=35:*.rpm=90:*.png=35:*.gif=36:*.jpg=35:*.c=92:*.py=93:*.h=90:*.txt=94:*.doc=104:*.odt=104:*.csv=102:*.xlsx=102:*.xlsm=102:*.rb=31:*.cpp=92:*.sh=92:*.html=96:*.zip=4;33:*.tar.gz=4;33:*.mp4=105:*.mp3=106'), ('SSH_AGENT_LAUNCHER', 'gnome-keyring'), ('SSH_AUTH_SOCK', '/run/user/1000/keyring/ssh'), ('AMENT_PREFIX_PATH', '/home/fiend/Navigation_Bot/dev_ws/install/navigation_bot:/home/fiend/voice_grab/ros2_ws/install/zed_ros2:/home/fiend/voice_grab/ros2_ws/install/zed_wrapper:/home/fiend/voice_grab/ros2_ws/install/zed_components:/home/fiend/voice_grab/ros2_ws/install/zed_interfaces:/home/fiend/voice_grab/ros2_ws/install/voice_grabber:/home/fiend/voice_grab/ros2_ws/install/ur_robotiq:/home/fiend/voice_grab/ros2_ws/install/ur_robotiq_description:/home/fiend/LineFollowingRobot/ros_ws/install/line_bhakt:/home/fiend/LineFollowingRobot/ros_ws/install/launches:/home/fiend/LineFollowingRobot/ros_ws/install/autocar_nav:/home/fiend/LineFollowingRobot/ros_ws/install/autocar_msgs:/home/fiend/LineFollowingRobot/ros_ws/install/autocar_map:/home/fiend/LineFollowingRobot/ros_ws/install/autocar_gazebo:/home/fiend/LineFollowingRobot/ros_ws/install/autocar_description:/home/fiend/ROS/practice_codes_ROS2/articubot_one/install/articubot_one:/opt/ros/humble'), ('SHELL', '/bin/bash'), ('TERMINATOR_UUID', 'urn:uuid:415cc672-28de-46cc-9a16-d008b35d90f1'), ('QT_ACCESSIBILITY', '1'), ('GDMSESSION', 'ubuntu'), ('LESSCLOSE', '/usr/bin/lesspipe %s %s'), ('GCC_COLORS', 'error=31:warning=35:note=36:caret=32:locus=01:quote=01'), ('GAZEBO_RESOURCE_PATH', '/usr/share/gazebo-11:'), ('GJS_DEBUG_OUTPUT', 'stderr'), ('GAZEBO_MODEL_DATABASE_URI', 'http://models.gazebosim.org'), ('QT_IM_MODULE', 'ibus'), ('PWD', '/home/fiend/voice_grab/ros2_ws/build/ur_robotiq_description'), ('LC_ALL', 'en_US.UTF-8'), ('XDG_CONFIG_DIRS', '/etc/xdg/xdg-ubuntu:/etc/xdg'), ('GAZEBO_PLUGIN_PATH', '/usr/lib/x86_64-linux-gnu/gazebo-11/plugins:'), ('XDG_DATA_DIRS', '/usr/share/ubuntu:/home/fiend/.local/share/flatpak/exports/share:/var/lib/flatpak/exports/share:/usr/local/share/:/usr/share/:/var/lib/snapd/desktop'), ('STARSHIP_SESSION_KEY', '5030148909191212'), ('PYTHONPATH', '/home/fiend/voice_grab/ros2_ws/install/zed_interfaces/local/lib/python3.10/dist-packages:/home/fiend/voice_grab/ros2_ws/install/voice_grabber/local/lib/python3.10/dist-packages:/home/fiend/LineFollowingRobot/ros_ws/install/prius_msgs/local/lib/python3.10/dist-packages:/home/fiend/LineFollowingRobot/ros_ws/install/autocar_nav/local/lib/python3.10/dist-packages:/home/fiend/LineFollowingRobot/ros_ws/install/autocar_msgs/local/lib/python3.10/dist-packages:/opt/ros/humble/lib/python3.10/site-packages:/opt/ros/humble/local/lib/python3.10/dist-packages'), ('COLCON', '1'), ('VTE_VERSION', '6800'), ('CMAKE_PREFIX_PATH', '/home/fiend/Navigation_Bot/dev_ws/install/navigation_bot:/home/fiend/voice_grab/ros2_ws/install/zed_ros2:/home/fiend/voice_grab/ros2_ws/install/zed_wrapper:/home/fiend/voice_grab/ros2_ws/install/zed_components:/home/fiend/voice_grab/ros2_ws/install/zed_interfaces:/home/fiend/voice_grab/ros2_ws/install/voice_grabber:/home/fiend/voice_grab/ros2_ws/install/ur_robotiq:/home/fiend/voice_grab/ros2_ws/install/ur_robotiq_description:/opt/ros/humble:/home/fiend/LineFollowingRobot/ros_ws/install/prius_msgs:/home/fiend/LineFollowingRobot/ros_ws/install/line_bhakt:/home/fiend/LineFollowingRobot/ros_ws/install/launches:/home/fiend/LineFollowingRobot/ros_ws/install/autocar_nav:/home/fiend/LineFollowingRobot/ros_ws/install/autocar_msgs:/home/fiend/LineFollowingRobot/ros_ws/install/autocar_map:/home/fiend/LineFollowingRobot/ros_ws/install/autocar_gazebo:/home/fiend/LineFollowingRobot/ros_ws/install/autocar_description:/home/fiend/ROS/practice_codes_ROS2/articubot_one/install/articubot_one')]), 'shell': False}
[12.629142] (-) TimerEvent: {}
[12.631657] (ur_robotiq_description) StdoutLine: {'line': b'-- Install configuration: "Release"\n'}
[12.632084] (ur_robotiq_description) StdoutLine: {'line': b'-- Execute custom install script\n'}
[12.632487] (ur_robotiq_description) StdoutLine: {'line': b'-- Up-to-date symlink: /home/fiend/voice_grab/ros2_ws/install/ur_robotiq_description/lib/ur_robotiq_description/Move\n'}
[12.632887] (ur_robotiq_description) StdoutLine: {'line': b'-- Up-to-date symlink: /home/fiend/voice_grab/ros2_ws/install/ur_robotiq_description/share/ur_robotiq_description/urdf/gazebo_stereocam.urdf.xacro\n'}
[12.633070] (ur_robotiq_description) StdoutLine: {'line': b'-- Up-to-date symlink: /home/fiend/voice_grab/ros2_ws/install/ur_robotiq_description/share/ur_robotiq_description/urdf/materials.urdf.xacro\n'}
[12.633177] (ur_robotiq_description) StdoutLine: {'line': b'-- Up-to-date symlink: /home/fiend/voice_grab/ros2_ws/install/ur_robotiq_description/share/ur_robotiq_description/urdf/meshes/zed.stl\n'}
[12.633333] (ur_robotiq_description) StdoutLine: {'line': b'-- Up-to-date symlink: /home/fiend/voice_grab/ros2_ws/install/ur_robotiq_description/share/ur_robotiq_description/urdf/meshes/zed2.stl\n'}
[12.633404] (ur_robotiq_description) StdoutLine: {'line': b'-- Up-to-date symlink: /home/fiend/voice_grab/ros2_ws/install/ur_robotiq_description/share/ur_robotiq_description/urdf/meshes/zed2i.stl\n'}
[12.633497] (ur_robotiq_description) StdoutLine: {'line': b'-- Up-to-date symlink: /home/fiend/voice_grab/ros2_ws/install/ur_robotiq_description/share/ur_robotiq_description/urdf/meshes/zedm.stl\n'}
[12.633591] (ur_robotiq_description) StdoutLine: {'line': b'-- Up-to-date symlink: /home/fiend/voice_grab/ros2_ws/install/ur_robotiq_description/share/ur_robotiq_description/urdf/meshes/zedx.stl\n'}
[12.633784] (ur_robotiq_description) StdoutLine: {'line': b'-- Up-to-date symlink: /home/fiend/voice_grab/ros2_ws/install/ur_robotiq_description/share/ur_robotiq_description/urdf/meshes/zedxm.stl\n'}
[12.633865] (ur_robotiq_description) StdoutLine: {'line': b'-- Up-to-date symlink: /home/fiend/voice_grab/ros2_ws/install/ur_robotiq_description/share/ur_robotiq_description/urdf/robotiq_2f_85_urdf.xacro\n'}
[12.633932] (ur_robotiq_description) StdoutLine: {'line': b'-- Symlinking: /home/fiend/voice_grab/ros2_ws/install/ur_robotiq_description/share/ur_robotiq_description/urdf/ur3e.urdf.xacro\n'}
[12.642669] (ur_robotiq_description) StdoutLine: {'line': b'-- Symlinking: /home/fiend/voice_grab/ros2_ws/install/ur_robotiq_description/share/ur_robotiq_description/urdf/ur3e_robotiq_2f_85.urdf.xacro\n'}
[12.650900] (ur_robotiq_description) StdoutLine: {'line': b'-- Up-to-date symlink: /home/fiend/voice_grab/ros2_ws/install/ur_robotiq_description/share/ur_robotiq_description/urdf/zed_descr.urdf.xacro\n'}
[12.651081] (ur_robotiq_description) StdoutLine: {'line': b'-- Up-to-date symlink: /home/fiend/voice_grab/ros2_ws/install/ur_robotiq_description/share/ur_robotiq_description/urdf/zed_macro.urdf.xacro\n'}
[12.651238] (ur_robotiq_description) StdoutLine: {'line': b'-- Up-to-date symlink: /home/fiend/voice_grab/ros2_ws/install/ur_robotiq_description/share/ur_robotiq_description/launch/launch_sim.launch.py\n'}
[12.651413] (ur_robotiq_description) StdoutLine: {'line': b'-- Up-to-date symlink: /home/fiend/voice_grab/ros2_ws/install/ur_robotiq_description/share/ur_robotiq_description/launch/rsp.launch.py\n'}
[12.651635] (ur_robotiq_description) StdoutLine: {'line': b'-- Up-to-date symlink: /home/fiend/voice_grab/ros2_ws/install/ur_robotiq_description/share/ur_robotiq_description/urdf/meshes/zed.stl\n'}
[12.651810] (ur_robotiq_description) StdoutLine: {'line': b'-- Up-to-date symlink: /home/fiend/voice_grab/ros2_ws/install/ur_robotiq_description/share/ur_robotiq_description/urdf/meshes/zed2.stl\n'}
[12.651912] (ur_robotiq_description) StdoutLine: {'line': b'-- Up-to-date symlink: /home/fiend/voice_grab/ros2_ws/install/ur_robotiq_description/share/ur_robotiq_description/urdf/meshes/zed2i.stl\n'}
[12.652013] (ur_robotiq_description) StdoutLine: {'line': b'-- Up-to-date symlink: /home/fiend/voice_grab/ros2_ws/install/ur_robotiq_description/share/ur_robotiq_description/urdf/meshes/zedm.stl\n'}
[12.652118] (ur_robotiq_description) StdoutLine: {'line': b'-- Up-to-date symlink: /home/fiend/voice_grab/ros2_ws/install/ur_robotiq_description/share/ur_robotiq_description/urdf/meshes/zedx.stl\n'}
[12.652185] (ur_robotiq_description) StdoutLine: {'line': b'-- Up-to-date symlink: /home/fiend/voice_grab/ros2_ws/install/ur_robotiq_description/share/ur_robotiq_description/urdf/meshes/zedxm.stl\n'}
[12.652281] (ur_robotiq_description) StdoutLine: {'line': b'-- Up-to-date symlink: /home/fiend/voice_grab/ros2_ws/install/ur_robotiq_description/share/ament_index/resource_index/package_run_dependencies/ur_robotiq_description\n'}
[12.652553] (ur_robotiq_description) StdoutLine: {'line': b'-- Up-to-date symlink: /home/fiend/voice_grab/ros2_ws/install/ur_robotiq_description/share/ament_index/resource_index/parent_prefix_path/ur_robotiq_description\n'}
[12.652712] (ur_robotiq_description) StdoutLine: {'line': b'-- Up-to-date symlink: /home/fiend/voice_grab/ros2_ws/install/ur_robotiq_description/share/ur_robotiq_description/environment/ament_prefix_path.sh\n'}
[12.652905] (ur_robotiq_description) StdoutLine: {'line': b'-- Up-to-date symlink: /home/fiend/voice_grab/ros2_ws/install/ur_robotiq_description/share/ur_robotiq_description/environment/ament_prefix_path.dsv\n'}
[12.653031] (ur_robotiq_description) StdoutLine: {'line': b'-- Up-to-date symlink: /home/fiend/voice_grab/ros2_ws/install/ur_robotiq_description/share/ur_robotiq_description/environment/path.sh\n'}
[12.653160] (ur_robotiq_description) StdoutLine: {'line': b'-- Up-to-date symlink: /home/fiend/voice_grab/ros2_ws/install/ur_robotiq_description/share/ur_robotiq_description/environment/path.dsv\n'}
[12.653310] (ur_robotiq_description) StdoutLine: {'line': b'-- Up-to-date symlink: /home/fiend/voice_grab/ros2_ws/install/ur_robotiq_description/share/ur_robotiq_description/local_setup.bash\n'}
[12.653453] (ur_robotiq_description) StdoutLine: {'line': b'-- Up-to-date symlink: /home/fiend/voice_grab/ros2_ws/install/ur_robotiq_description/share/ur_robotiq_description/local_setup.sh\n'}
[12.653596] (ur_robotiq_description) StdoutLine: {'line': b'-- Up-to-date symlink: /home/fiend/voice_grab/ros2_ws/install/ur_robotiq_description/share/ur_robotiq_description/local_setup.zsh\n'}
[12.653918] (ur_robotiq_description) StdoutLine: {'line': b'-- Up-to-date symlink: /home/fiend/voice_grab/ros2_ws/install/ur_robotiq_description/share/ur_robotiq_description/local_setup.dsv\n'}
[12.654050] (ur_robotiq_description) StdoutLine: {'line': b'-- Symlinking: /home/fiend/voice_grab/ros2_ws/install/ur_robotiq_description/share/ur_robotiq_description/package.dsv\n'}
[12.662886] (ur_robotiq_description) StdoutLine: {'line': b'-- Up-to-date symlink: /home/fiend/voice_grab/ros2_ws/install/ur_robotiq_description/share/ament_index/resource_index/packages/ur_robotiq_description\n'}
[12.663124] (ur_robotiq_description) StdoutLine: {'line': b'-- Up-to-date symlink: /home/fiend/voice_grab/ros2_ws/install/ur_robotiq_description/share/ur_robotiq_description/cmake/ur_robotiq_descriptionConfig.cmake\n'}
[12.663310] (ur_robotiq_description) StdoutLine: {'line': b'-- Up-to-date symlink: /home/fiend/voice_grab/ros2_ws/install/ur_robotiq_description/share/ur_robotiq_description/cmake/ur_robotiq_descriptionConfig-version.cmake\n'}
[12.663390] (ur_robotiq_description) StdoutLine: {'line': b'-- Up-to-date symlink: /home/fiend/voice_grab/ros2_ws/install/ur_robotiq_description/share/ur_robotiq_description/package.xml\n'}
[12.665173] (ur_robotiq_description) CommandEnded: {'returncode': 0}
[12.697393] (ur_robotiq_description) JobEnded: {'identifier': 'ur_robotiq_description', 'rc': 0}
[12.698221] (ur_robotiq) JobStarted: {'identifier': 'ur_robotiq'}
[12.705610] (ur_robotiq) JobProgress: {'identifier': 'ur_robotiq', 'progress': 'cmake'}
[12.706864] (ur_robotiq) JobProgress: {'identifier': 'ur_robotiq', 'progress': 'build'}
[12.707268] (ur_robotiq) Command: {'cmd': ['/usr/bin/cmake', '--build', '/home/fiend/voice_grab/ros2_ws/build/ur_robotiq', '--', '-j8', '-l8'], 'cwd': '/home/fiend/voice_grab/ros2_ws/build/ur_robotiq', 'env': OrderedDict([('GJS_DEBUG_TOPICS', 'JS ERROR;JS LOG'), ('LESSOPEN', '| /usr/bin/lesspipe %s'), ('LANGUAGE', 'en_IN:en'), ('USER', 'fiend'), ('STARSHIP_SHELL', 'bash'), ('ROS_PACKAGE_PATH', '/home/fiend/LineFollowingRobot/ros_ws/install/prius_msgs/share'), ('XDG_SESSION_TYPE', 'wayland'), ('SHLVL', '1'), ('LD_LIBRARY_PATH', '/home/fiend/voice_grab/ros2_ws/install/zed_components/lib:/home/fiend/voice_grab/ros2_ws/install/zed_interfaces/lib:/home/fiend/LineFollowingRobot/ros_ws/install/prius_msgs/lib:/home/fiend/LineFollowingRobot/ros_ws/install/autocar_msgs/lib:/usr/lib/x86_64-linux-gnu/gazebo-11/plugins:/opt/ros/humble/opt/rviz_ogre_vendor/lib:/opt/ros/humble/lib/x86_64-linux-gnu:/opt/ros/humble/lib:/usr/lib/x86_64-linux-gnu/gazebo-11/plugins:'), ('HOME', '/home/fiend'), ('OLDPWD', '/home/fiend/voice_grab'), ('DESKTOP_SESSION', 'ubuntu'), ('GIO_LAUNCHED_DESKTOP_FILE', '/usr/share/applications/terminator.desktop'), ('GAZEBO_MASTER_URI', 'http://localhost:11345'), ('ROS_PYTHON_VERSION', '3'), ('GNOME_SHELL_SESSION_MODE', 'ubuntu'), ('GTK_MODULES', 'gail:atk-bridge'), ('PS1', '\n\\[\x1b[38;5;156m\\]\\[\x1b[0m\\]\\[\x1b[38;5;166m\\]ros2_ws\\[\x1b[0m\\]\\[\x1b[38;5;166m\\]\\[\x1b[0m\\] on \\[\x1b[38;5;162m\\]\ue0a0 \\[\x1b[0m\\]\\[\x1b[38;5;162m\\]main\\[\x1b[0m\\] underwent \\[\x1b[36m\\]853ms\\[\x1b[0m\\]\n\\[\x1b[1;38;5;166m\\]➜\\[\x1b[0m\\]'), ('MANAGERPID', '824'), ('SYSTEMD_EXEC_PID', '1092'), ('DBUS_SESSION_BUS_ADDRESS', 'unix:path=/run/user/1000/bus'), ('COLORTERM', 'truecolor'), ('GIO_LAUNCHED_DESKTOP_FILE_PID', '2256'), ('_colcon_cd_root', '/opt/ros/humble/'), ('IM_CONFIG_PHASE', '1'), ('WAYLAND_DISPLAY', 'wayland-0'), ('COLCON_PREFIX_PATH', '/home/fiend/voice_grab/ros2_ws/install:/home/fiend/Navigation_Bot/dev_ws/install:/home/fiend/LineFollowingRobot/ros_ws/install:/home/fiend/ROS/practice_codes_ROS2/articubot_one/install'), ('ROS_DISTRO', 'humble'), ('LOGNAME', 'fiend'), ('JOURNAL_STREAM', '8:32012'), ('_', '/usr/bin/colcon'), ('ROS_VERSION', '2'), ('PKG_CONFIG_PATH', '/home/fiend/LineFollowingRobot/ros_ws/install/prius_msgs/lib/x86_64-linux-gnu/pkgconfig:/home/fiend/LineFollowingRobot/ros_ws/install/prius_msgs/lib/pkgconfig'), ('XDG_SESSION_CLASS', 'user'), ('USERNAME', 'fiend'), ('TERM', 'xterm-256color'), ('GAZEBO_MODEL_PATH', '/usr/share/gazebo-11/models:'), ('GNOME_DESKTOP_SESSION_ID', 'this-is-deprecated'), ('ROS_LOCALHOST_ONLY', '0'), ('OGRE_RESOURCE_PATH', '/usr/lib/x86_64-linux-gnu/OGRE-1.9.0'), ('PATH', '/opt/ros/humble/bin:/home/fiend/.local/bin:/usr/local/sbin:/usr/local/bin:/usr/sbin:/usr/bin:/sbin:/bin:/usr/games:/usr/local/games:/snap/bin:/snap/bin'), ('SESSION_MANAGER', 'local/fiend-Lenovo-Yoga-C740-14IML:@/tmp/.ICE-unix/1062,unix/fiend-Lenovo-Yoga-C740-14IML:/tmp/.ICE-unix/1062'), ('INVOCATION_ID', 'df27aa7bef1245c492c7d75768e58228'), ('XDG_MENU_PREFIX', 'gnome-'), ('GNOME_SETUP_DISPLAY', ':1'), ('XDG_RUNTIME_DIR', '/run/user/1000'), ('DISPLAY', ':0'), ('LANG', 'en_US.UTF-8'), ('XDG_CURRENT_DESKTOP', 'ubuntu:GNOME'), ('IBUS_DISABLE_SNOOPER', '1'), ('XMODIFIERS', '@im=ibus'), ('XDG_SESSION_DESKTOP', 'ubuntu'), ('XAUTHORITY', '/run/user/1000/.mutter-Xwaylandauth.BLOXN2'), ('LS_COLORS', 'di=34:ow=34:tw=34:fi=13:ln=31:pi=5:so=5:bd=5:cd=5:or=31:mi=0:ex=35:*.rpm=90:*.png=35:*.gif=36:*.jpg=35:*.c=92:*.py=93:*.h=90:*.txt=94:*.doc=104:*.odt=104:*.csv=102:*.xlsx=102:*.xlsm=102:*.rb=31:*.cpp=92:*.sh=92:*.html=96:*.zip=4;33:*.tar.gz=4;33:*.mp4=105:*.mp3=106'), ('SSH_AGENT_LAUNCHER', 'gnome-keyring'), ('SSH_AUTH_SOCK', '/run/user/1000/keyring/ssh'), ('AMENT_PREFIX_PATH', '/home/fiend/Navigation_Bot/dev_ws/install/navigation_bot:/home/fiend/voice_grab/ros2_ws/install/zed_ros2:/home/fiend/voice_grab/ros2_ws/install/zed_wrapper:/home/fiend/voice_grab/ros2_ws/install/zed_components:/home/fiend/voice_grab/ros2_ws/install/zed_interfaces:/home/fiend/voice_grab/ros2_ws/install/voice_grabber:/home/fiend/voice_grab/ros2_ws/install/ur_robotiq:/home/fiend/voice_grab/ros2_ws/install/ur_robotiq_description:/home/fiend/LineFollowingRobot/ros_ws/install/line_bhakt:/home/fiend/LineFollowingRobot/ros_ws/install/launches:/home/fiend/LineFollowingRobot/ros_ws/install/autocar_nav:/home/fiend/LineFollowingRobot/ros_ws/install/autocar_msgs:/home/fiend/LineFollowingRobot/ros_ws/install/autocar_map:/home/fiend/LineFollowingRobot/ros_ws/install/autocar_gazebo:/home/fiend/LineFollowingRobot/ros_ws/install/autocar_description:/home/fiend/ROS/practice_codes_ROS2/articubot_one/install/articubot_one:/opt/ros/humble'), ('SHELL', '/bin/bash'), ('TERMINATOR_UUID', 'urn:uuid:415cc672-28de-46cc-9a16-d008b35d90f1'), ('QT_ACCESSIBILITY', '1'), ('GDMSESSION', 'ubuntu'), ('LESSCLOSE', '/usr/bin/lesspipe %s %s'), ('GCC_COLORS', 'error=31:warning=35:note=36:caret=32:locus=01:quote=01'), ('GAZEBO_RESOURCE_PATH', '/usr/share/gazebo-11:'), ('GJS_DEBUG_OUTPUT', 'stderr'), ('GAZEBO_MODEL_DATABASE_URI', 'http://models.gazebosim.org'), ('QT_IM_MODULE', 'ibus'), ('PWD', '/home/fiend/voice_grab/ros2_ws/build/ur_robotiq'), ('LC_ALL', 'en_US.UTF-8'), ('XDG_CONFIG_DIRS', '/etc/xdg/xdg-ubuntu:/etc/xdg'), ('GAZEBO_PLUGIN_PATH', '/usr/lib/x86_64-linux-gnu/gazebo-11/plugins:'), ('XDG_DATA_DIRS', '/usr/share/ubuntu:/home/fiend/.local/share/flatpak/exports/share:/var/lib/flatpak/exports/share:/usr/local/share/:/usr/share/:/var/lib/snapd/desktop'), ('STARSHIP_SESSION_KEY', '5030148909191212'), ('PYTHONPATH', '/home/fiend/voice_grab/ros2_ws/install/zed_interfaces/local/lib/python3.10/dist-packages:/home/fiend/voice_grab/ros2_ws/install/voice_grabber/local/lib/python3.10/dist-packages:/home/fiend/LineFollowingRobot/ros_ws/install/prius_msgs/local/lib/python3.10/dist-packages:/home/fiend/LineFollowingRobot/ros_ws/install/autocar_nav/local/lib/python3.10/dist-packages:/home/fiend/LineFollowingRobot/ros_ws/install/autocar_msgs/local/lib/python3.10/dist-packages:/opt/ros/humble/lib/python3.10/site-packages:/opt/ros/humble/local/lib/python3.10/dist-packages'), ('COLCON', '1'), ('VTE_VERSION', '6800'), ('CMAKE_PREFIX_PATH', '/home/fiend/voice_grab/ros2_ws/install/ur_robotiq_description:/home/fiend/Navigation_Bot/dev_ws/install/navigation_bot:/home/fiend/voice_grab/ros2_ws/install/zed_ros2:/home/fiend/voice_grab/ros2_ws/install/zed_wrapper:/home/fiend/voice_grab/ros2_ws/install/zed_components:/home/fiend/voice_grab/ros2_ws/install/zed_interfaces:/home/fiend/voice_grab/ros2_ws/install/voice_grabber:/home/fiend/voice_grab/ros2_ws/install/ur_robotiq:/opt/ros/humble:/home/fiend/LineFollowingRobot/ros_ws/install/prius_msgs:/home/fiend/LineFollowingRobot/ros_ws/install/line_bhakt:/home/fiend/LineFollowingRobot/ros_ws/install/launches:/home/fiend/LineFollowingRobot/ros_ws/install/autocar_nav:/home/fiend/LineFollowingRobot/ros_ws/install/autocar_msgs:/home/fiend/LineFollowingRobot/ros_ws/install/autocar_map:/home/fiend/LineFollowingRobot/ros_ws/install/autocar_gazebo:/home/fiend/LineFollowingRobot/ros_ws/install/autocar_description:/home/fiend/ROS/practice_codes_ROS2/articubot_one/install/articubot_one')]), 'shell': False}
[12.729245] (-) TimerEvent: {}
[12.742331] (ur_robotiq) CommandEnded: {'returncode': 0}
[12.761450] (ur_robotiq) JobProgress: {'identifier': 'ur_robotiq', 'progress': 'install'}
[12.761700] (ur_robotiq) Command: {'cmd': ['/usr/bin/cmake', '--install', '/home/fiend/voice_grab/ros2_ws/build/ur_robotiq'], 'cwd': '/home/fiend/voice_grab/ros2_ws/build/ur_robotiq', 'env': OrderedDict([('GJS_DEBUG_TOPICS', 'JS ERROR;JS LOG'), ('LESSOPEN', '| /usr/bin/lesspipe %s'), ('LANGUAGE', 'en_IN:en'), ('USER', 'fiend'), ('STARSHIP_SHELL', 'bash'), ('ROS_PACKAGE_PATH', '/home/fiend/LineFollowingRobot/ros_ws/install/prius_msgs/share'), ('XDG_SESSION_TYPE', 'wayland'), ('SHLVL', '1'), ('LD_LIBRARY_PATH', '/home/fiend/voice_grab/ros2_ws/install/zed_components/lib:/home/fiend/voice_grab/ros2_ws/install/zed_interfaces/lib:/home/fiend/LineFollowingRobot/ros_ws/install/prius_msgs/lib:/home/fiend/LineFollowingRobot/ros_ws/install/autocar_msgs/lib:/usr/lib/x86_64-linux-gnu/gazebo-11/plugins:/opt/ros/humble/opt/rviz_ogre_vendor/lib:/opt/ros/humble/lib/x86_64-linux-gnu:/opt/ros/humble/lib:/usr/lib/x86_64-linux-gnu/gazebo-11/plugins:'), ('HOME', '/home/fiend'), ('OLDPWD', '/home/fiend/voice_grab'), ('DESKTOP_SESSION', 'ubuntu'), ('GIO_LAUNCHED_DESKTOP_FILE', '/usr/share/applications/terminator.desktop'), ('GAZEBO_MASTER_URI', 'http://localhost:11345'), ('ROS_PYTHON_VERSION', '3'), ('GNOME_SHELL_SESSION_MODE', 'ubuntu'), ('GTK_MODULES', 'gail:atk-bridge'), ('PS1', '\n\\[\x1b[38;5;156m\\]\\[\x1b[0m\\]\\[\x1b[38;5;166m\\]ros2_ws\\[\x1b[0m\\]\\[\x1b[38;5;166m\\]\\[\x1b[0m\\] on \\[\x1b[38;5;162m\\]\ue0a0 \\[\x1b[0m\\]\\[\x1b[38;5;162m\\]main\\[\x1b[0m\\] underwent \\[\x1b[36m\\]853ms\\[\x1b[0m\\]\n\\[\x1b[1;38;5;166m\\]➜\\[\x1b[0m\\]'), ('MANAGERPID', '824'), ('SYSTEMD_EXEC_PID', '1092'), ('DBUS_SESSION_BUS_ADDRESS', 'unix:path=/run/user/1000/bus'), ('COLORTERM', 'truecolor'), ('GIO_LAUNCHED_DESKTOP_FILE_PID', '2256'), ('_colcon_cd_root', '/opt/ros/humble/'), ('IM_CONFIG_PHASE', '1'), ('WAYLAND_DISPLAY', 'wayland-0'), ('COLCON_PREFIX_PATH', '/home/fiend/voice_grab/ros2_ws/install:/home/fiend/Navigation_Bot/dev_ws/install:/home/fiend/LineFollowingRobot/ros_ws/install:/home/fiend/ROS/practice_codes_ROS2/articubot_one/install'), ('ROS_DISTRO', 'humble'), ('LOGNAME', 'fiend'), ('JOURNAL_STREAM', '8:32012'), ('_', '/usr/bin/colcon'), ('ROS_VERSION', '2'), ('PKG_CONFIG_PATH', '/home/fiend/LineFollowingRobot/ros_ws/install/prius_msgs/lib/x86_64-linux-gnu/pkgconfig:/home/fiend/LineFollowingRobot/ros_ws/install/prius_msgs/lib/pkgconfig'), ('XDG_SESSION_CLASS', 'user'), ('USERNAME', 'fiend'), ('TERM', 'xterm-256color'), ('GAZEBO_MODEL_PATH', '/usr/share/gazebo-11/models:'), ('GNOME_DESKTOP_SESSION_ID', 'this-is-deprecated'), ('ROS_LOCALHOST_ONLY', '0'), ('OGRE_RESOURCE_PATH', '/usr/lib/x86_64-linux-gnu/OGRE-1.9.0'), ('PATH', '/opt/ros/humble/bin:/home/fiend/.local/bin:/usr/local/sbin:/usr/local/bin:/usr/sbin:/usr/bin:/sbin:/bin:/usr/games:/usr/local/games:/snap/bin:/snap/bin'), ('SESSION_MANAGER', 'local/fiend-Lenovo-Yoga-C740-14IML:@/tmp/.ICE-unix/1062,unix/fiend-Lenovo-Yoga-C740-14IML:/tmp/.ICE-unix/1062'), ('INVOCATION_ID', 'df27aa7bef1245c492c7d75768e58228'), ('XDG_MENU_PREFIX', 'gnome-'), ('GNOME_SETUP_DISPLAY', ':1'), ('XDG_RUNTIME_DIR', '/run/user/1000'), ('DISPLAY', ':0'), ('LANG', 'en_US.UTF-8'), ('XDG_CURRENT_DESKTOP', 'ubuntu:GNOME'), ('IBUS_DISABLE_SNOOPER', '1'), ('XMODIFIERS', '@im=ibus'), ('XDG_SESSION_DESKTOP', 'ubuntu'), ('XAUTHORITY', '/run/user/1000/.mutter-Xwaylandauth.BLOXN2'), ('LS_COLORS', 'di=34:ow=34:tw=34:fi=13:ln=31:pi=5:so=5:bd=5:cd=5:or=31:mi=0:ex=35:*.rpm=90:*.png=35:*.gif=36:*.jpg=35:*.c=92:*.py=93:*.h=90:*.txt=94:*.doc=104:*.odt=104:*.csv=102:*.xlsx=102:*.xlsm=102:*.rb=31:*.cpp=92:*.sh=92:*.html=96:*.zip=4;33:*.tar.gz=4;33:*.mp4=105:*.mp3=106'), ('SSH_AGENT_LAUNCHER', 'gnome-keyring'), ('SSH_AUTH_SOCK', '/run/user/1000/keyring/ssh'), ('AMENT_PREFIX_PATH', '/home/fiend/Navigation_Bot/dev_ws/install/navigation_bot:/home/fiend/voice_grab/ros2_ws/install/zed_ros2:/home/fiend/voice_grab/ros2_ws/install/zed_wrapper:/home/fiend/voice_grab/ros2_ws/install/zed_components:/home/fiend/voice_grab/ros2_ws/install/zed_interfaces:/home/fiend/voice_grab/ros2_ws/install/voice_grabber:/home/fiend/voice_grab/ros2_ws/install/ur_robotiq:/home/fiend/voice_grab/ros2_ws/install/ur_robotiq_description:/home/fiend/LineFollowingRobot/ros_ws/install/line_bhakt:/home/fiend/LineFollowingRobot/ros_ws/install/launches:/home/fiend/LineFollowingRobot/ros_ws/install/autocar_nav:/home/fiend/LineFollowingRobot/ros_ws/install/autocar_msgs:/home/fiend/LineFollowingRobot/ros_ws/install/autocar_map:/home/fiend/LineFollowingRobot/ros_ws/install/autocar_gazebo:/home/fiend/LineFollowingRobot/ros_ws/install/autocar_description:/home/fiend/ROS/practice_codes_ROS2/articubot_one/install/articubot_one:/opt/ros/humble'), ('SHELL', '/bin/bash'), ('TERMINATOR_UUID', 'urn:uuid:415cc672-28de-46cc-9a16-d008b35d90f1'), ('QT_ACCESSIBILITY', '1'), ('GDMSESSION', 'ubuntu'), ('LESSCLOSE', '/usr/bin/lesspipe %s %s'), ('GCC_COLORS', 'error=31:warning=35:note=36:caret=32:locus=01:quote=01'), ('GAZEBO_RESOURCE_PATH', '/usr/share/gazebo-11:'), ('GJS_DEBUG_OUTPUT', 'stderr'), ('GAZEBO_MODEL_DATABASE_URI', 'http://models.gazebosim.org'), ('QT_IM_MODULE', 'ibus'), ('PWD', '/home/fiend/voice_grab/ros2_ws/build/ur_robotiq'), ('LC_ALL', 'en_US.UTF-8'), ('XDG_CONFIG_DIRS', '/etc/xdg/xdg-ubuntu:/etc/xdg'), ('GAZEBO_PLUGIN_PATH', '/usr/lib/x86_64-linux-gnu/gazebo-11/plugins:'), ('XDG_DATA_DIRS', '/usr/share/ubuntu:/home/fiend/.local/share/flatpak/exports/share:/var/lib/flatpak/exports/share:/usr/local/share/:/usr/share/:/var/lib/snapd/desktop'), ('STARSHIP_SESSION_KEY', '5030148909191212'), ('PYTHONPATH', '/home/fiend/voice_grab/ros2_ws/install/zed_interfaces/local/lib/python3.10/dist-packages:/home/fiend/voice_grab/ros2_ws/install/voice_grabber/local/lib/python3.10/dist-packages:/home/fiend/LineFollowingRobot/ros_ws/install/prius_msgs/local/lib/python3.10/dist-packages:/home/fiend/LineFollowingRobot/ros_ws/install/autocar_nav/local/lib/python3.10/dist-packages:/home/fiend/LineFollowingRobot/ros_ws/install/autocar_msgs/local/lib/python3.10/dist-packages:/opt/ros/humble/lib/python3.10/site-packages:/opt/ros/humble/local/lib/python3.10/dist-packages'), ('COLCON', '1'), ('VTE_VERSION', '6800'), ('CMAKE_PREFIX_PATH', '/home/fiend/voice_grab/ros2_ws/install/ur_robotiq_description:/home/fiend/Navigation_Bot/dev_ws/install/navigation_bot:/home/fiend/voice_grab/ros2_ws/install/zed_ros2:/home/fiend/voice_grab/ros2_ws/install/zed_wrapper:/home/fiend/voice_grab/ros2_ws/install/zed_components:/home/fiend/voice_grab/ros2_ws/install/zed_interfaces:/home/fiend/voice_grab/ros2_ws/install/voice_grabber:/home/fiend/voice_grab/ros2_ws/install/ur_robotiq:/opt/ros/humble:/home/fiend/LineFollowingRobot/ros_ws/install/prius_msgs:/home/fiend/LineFollowingRobot/ros_ws/install/line_bhakt:/home/fiend/LineFollowingRobot/ros_ws/install/launches:/home/fiend/LineFollowingRobot/ros_ws/install/autocar_nav:/home/fiend/LineFollowingRobot/ros_ws/install/autocar_msgs:/home/fiend/LineFollowingRobot/ros_ws/install/autocar_map:/home/fiend/LineFollowingRobot/ros_ws/install/autocar_gazebo:/home/fiend/LineFollowingRobot/ros_ws/install/autocar_description:/home/fiend/ROS/practice_codes_ROS2/articubot_one/install/articubot_one')]), 'shell': False}
[12.769388] (ur_robotiq) StdoutLine: {'line': b'-- Install configuration: "Release"\n'}
[12.770080] (ur_robotiq) StdoutLine: {'line': b'-- Execute custom install script\n'}
[12.770185] (ur_robotiq) StdoutLine: {'line': b'-- Up-to-date symlink: /home/fiend/voice_grab/ros2_ws/install/ur_robotiq/share/ament_index/resource_index/package_run_dependencies/ur_robotiq\n'}
[12.770360] (ur_robotiq) StdoutLine: {'line': b'-- Up-to-date symlink: /home/fiend/voice_grab/ros2_ws/install/ur_robotiq/share/ament_index/resource_index/parent_prefix_path/ur_robotiq\n'}
[12.770596] (ur_robotiq) StdoutLine: {'line': b'-- Up-to-date symlink: /home/fiend/voice_grab/ros2_ws/install/ur_robotiq/share/ur_robotiq/environment/ament_prefix_path.sh\n'}
[12.770833] (ur_robotiq) StdoutLine: {'line': b'-- Up-to-date symlink: /home/fiend/voice_grab/ros2_ws/install/ur_robotiq/share/ur_robotiq/environment/ament_prefix_path.dsv\n'}
[12.771076] (ur_robotiq) StdoutLine: {'line': b'-- Up-to-date symlink: /home/fiend/voice_grab/ros2_ws/install/ur_robotiq/share/ur_robotiq/environment/path.sh\n'}
[12.771307] (ur_robotiq) StdoutLine: {'line': b'-- Up-to-date symlink: /home/fiend/voice_grab/ros2_ws/install/ur_robotiq/share/ur_robotiq/environment/path.dsv\n'}
[12.771496] (ur_robotiq) StdoutLine: {'line': b'-- Up-to-date symlink: /home/fiend/voice_grab/ros2_ws/install/ur_robotiq/share/ur_robotiq/local_setup.bash\n'}
[12.771722] (ur_robotiq) StdoutLine: {'line': b'-- Up-to-date symlink: /home/fiend/voice_grab/ros2_ws/install/ur_robotiq/share/ur_robotiq/local_setup.sh\n'}
[12.771949] (ur_robotiq) StdoutLine: {'line': b'-- Up-to-date symlink: /home/fiend/voice_grab/ros2_ws/install/ur_robotiq/share/ur_robotiq/local_setup.zsh\n'}
[12.772170] (ur_robotiq) StdoutLine: {'line': b'-- Up-to-date symlink: /home/fiend/voice_grab/ros2_ws/install/ur_robotiq/share/ur_robotiq/local_setup.dsv\n'}
[12.772301] (ur_robotiq) StdoutLine: {'line': b'-- Symlinking: /home/fiend/voice_grab/ros2_ws/install/ur_robotiq/share/ur_robotiq/package.dsv\n'}
[12.780877] (ur_robotiq) StdoutLine: {'line': b'-- Up-to-date symlink: /home/fiend/voice_grab/ros2_ws/install/ur_robotiq/share/ament_index/resource_index/packages/ur_robotiq\n'}
[12.781089] (ur_robotiq) StdoutLine: {'line': b'-- Up-to-date symlink: /home/fiend/voice_grab/ros2_ws/install/ur_robotiq/share/ur_robotiq/cmake/ur_robotiqConfig.cmake\n'}
[12.781246] (ur_robotiq) StdoutLine: {'line': b'-- Up-to-date symlink: /home/fiend/voice_grab/ros2_ws/install/ur_robotiq/share/ur_robotiq/cmake/ur_robotiqConfig-version.cmake\n'}
[12.781484] (ur_robotiq) StdoutLine: {'line': b'-- Up-to-date symlink: /home/fiend/voice_grab/ros2_ws/install/ur_robotiq/share/ur_robotiq/package.xml\n'}
[12.783305] (ur_robotiq) CommandEnded: {'returncode': 0}
[12.812389] (ur_robotiq) JobEnded: {'identifier': 'ur_robotiq', 'rc': 0}
[12.812959] (-) EventReactorShutdown: {}
