[0.041s] Invoking command in '/home/fiend/voice_grab/ros2_ws/build/octomap_server': CMAKE_PREFIX_PATH=${CMAKE_PREFIX_PATH}:/home/fiend/ws_moveit2/install/moveit_configs_utils:/home/fiend/ws_moveit2/install/launch_param_builder:/opt/ros/humble /usr/bin/cmake --build /home/fiend/voice_grab/ros2_ws/build/octomap_server -- -j20 -l20
[0.095s] [35m[1mConsolidate compiler generated dependencies of target octomap_server_multilayer_node[0m
[0.095s] [35m[1mConsolidate compiler generated dependencies of target octomap_server_static_node[0m
[0.096s] [35m[1mConsolidate compiler generated dependencies of target octomap_server_node[0m
[0.098s] [35m[1mConsolidate compiler generated dependencies of target tracking_octomap_server_node[0m
[0.099s] [35m[1mConsolidate compiler generated dependencies of target color_octomap_server_node[0m
[0.099s] [35m[1mConsolidate compiler generated dependencies of target octomap_server_static[0m
[0.100s] [35m[1mConsolidate compiler generated dependencies of target octomap_saver_node[0m
[0.122s] [  7%] Built target octomap_server_node
[0.123s] [ 15%] Built target octomap_server_static_node
[0.125s] [ 23%] Built target color_octomap_server_node
[0.126s] [ 30%] Built target octomap_server_multilayer_node
[0.127s] [ 38%] Built target tracking_octomap_server_node
[0.128s] [ 46%] Built target octomap_saver_node
[0.129s] [ 53%] Built target octomap_server_static
[0.161s] [ 57%] [32mBuilding CXX object CMakeFiles/octomap_server.dir/src/octomap_server.cpp.o[0m
[1.765s] In file included from [01m[K/home/fiend/voice_grab/ros2_ws/src/octomap_mapping/octomap_server/src/octomap_server.cpp:29[m[K:
[1.765s] [01m[K/home/fiend/voice_grab/ros2_ws/src/octomap_mapping/octomap_server/include/octomap_server/octomap_server.hpp:66:10:[m[K [01;31m[Kfatal error: [m[Koctomap_ros/conversions.hpp: No such file or directory
[1.765s]    66 | #include [01;31m[K"octomap_ros/conversions.hpp"[m[K
[1.766s]       |          [01;31m[K^~~~~~~~~~~~~~~~~~~~~~~~~~~~~[m[K
[1.766s] compilation terminated.
[1.778s] gmake[2]: *** [CMakeFiles/octomap_server.dir/build.make:76: CMakeFiles/octomap_server.dir/src/octomap_server.cpp.o] Error 1
[1.778s] gmake[1]: *** [CMakeFiles/Makefile2:211: CMakeFiles/octomap_server.dir/all] Error 2
[1.779s] gmake: *** [Makefile:146: all] Error 2
[1.782s] Invoked command in '/home/fiend/voice_grab/ros2_ws/build/octomap_server' returned '2': CMAKE_PREFIX_PATH=${CMAKE_PREFIX_PATH}:/home/fiend/ws_moveit2/install/moveit_configs_utils:/home/fiend/ws_moveit2/install/launch_param_builder:/opt/ros/humble /usr/bin/cmake --build /home/fiend/voice_grab/ros2_ws/build/octomap_server -- -j20 -l20
