[0.033s] Invoking command in '/home/fiend/voice_grab/ros2_ws/build/octomap': CMAKE_PREFIX_PATH=${CMAKE_PREFIX_PATH}:/home/fiend/ws_moveit2/install/moveit_configs_utils:/home/fiend/ws_moveit2/install/launch_param_builder:/opt/ros/humble /usr/bin/cmake --build /home/fiend/voice_grab/ros2_ws/build/octomap -- -j20 -l20
[0.117s] Built target ament_cmake_python_symlink_octomap
[0.326s] running egg_info
[0.326s] writing octomap.egg-info/PKG-INFO
[0.327s] writing dependency_links to octomap.egg-info/dependency_links.txt
[0.327s] writing top-level names to octomap.egg-info/top_level.txt
[0.328s] reading manifest file 'octomap.egg-info/SOURCES.txt'
[0.329s] writing manifest file 'octomap.egg-info/SOURCES.txt'
[0.369s] Built target ament_cmake_python_build_octomap_egg
[0.382s] Invoked command in '/home/fiend/voice_grab/ros2_ws/build/octomap' returned '0': CMAKE_PREFIX_PATH=${CMAKE_PREFIX_PATH}:/home/fiend/ws_moveit2/install/moveit_configs_utils:/home/fiend/ws_moveit2/install/launch_param_builder:/opt/ros/humble /usr/bin/cmake --build /home/fiend/voice_grab/ros2_ws/build/octomap -- -j20 -l20
[0.426s] Invoking command in '/home/fiend/voice_grab/ros2_ws/build/octomap': CMAKE_PREFIX_PATH=${CMAKE_PREFIX_PATH}:/home/fiend/ws_moveit2/install/moveit_configs_utils:/home/fiend/ws_moveit2/install/launch_param_builder:/opt/ros/humble /usr/bin/cmake --install /home/fiend/voice_grab/ros2_ws/build/octomap
[0.437s] -- Install configuration: ""
[0.437s] -- Execute custom install script
[0.438s] -- Up-to-date symlink: /home/fiend/voice_grab/ros2_ws/install/octomap/share/octomap/environment/pythonpath.sh
[0.438s] -- Up-to-date symlink: /home/fiend/voice_grab/ros2_ws/install/octomap/share/octomap/environment/pythonpath.dsv
[0.438s] -- Up-to-date symlink: /home/fiend/voice_grab/ros2_ws/install/octomap/local/lib/python3.10/dist-packages/octomap-2.1.5-py3.10.egg-info/PKG-INFO
[0.438s] -- Up-to-date symlink: /home/fiend/voice_grab/ros2_ws/install/octomap/local/lib/python3.10/dist-packages/octomap-2.1.5-py3.10.egg-info/SOURCES.txt
[0.438s] -- Up-to-date symlink: /home/fiend/voice_grab/ros2_ws/install/octomap/local/lib/python3.10/dist-packages/octomap-2.1.5-py3.10.egg-info/dependency_links.txt
[0.438s] -- Up-to-date symlink: /home/fiend/voice_grab/ros2_ws/install/octomap/local/lib/python3.10/dist-packages/octomap-2.1.5-py3.10.egg-info/top_level.txt
[0.438s] -- Up-to-date symlink: /home/fiend/voice_grab/ros2_ws/install/octomap/local/lib/python3.10/dist-packages/octomap/__init__.py
[0.438s] -- Up-to-date symlink: /home/fiend/voice_grab/ros2_ws/install/octomap/lib/octomap/octoload.py
[0.439s] -- Up-to-date symlink: /home/fiend/voice_grab/ros2_ws/install/octomap/share/octomap/launch/load_octomap.launch.py
[0.439s] -- Up-to-date symlink: /home/fiend/voice_grab/ros2_ws/install/octomap/share/octomap/launch/load_octomap.launch.xml
[0.439s] -- Up-to-date symlink: /home/fiend/voice_grab/ros2_ws/install/octomap/share/octomap/config/octomap_params.yaml
[0.439s] -- Up-to-date symlink: /home/fiend/voice_grab/ros2_ws/install/octomap/share/octomap/map/big_octomap.bt
[0.439s] -- Up-to-date symlink: /home/fiend/voice_grab/ros2_ws/install/octomap/share/octomap/map/med_octomap.bt
[0.439s] -- Up-to-date symlink: /home/fiend/voice_grab/ros2_ws/install/octomap/share/octomap/map/small_octomap.bt
[0.439s] -- Up-to-date symlink: /home/fiend/voice_grab/ros2_ws/install/octomap/share/ament_index/resource_index/package_run_dependencies/octomap
[0.439s] -- Up-to-date symlink: /home/fiend/voice_grab/ros2_ws/install/octomap/share/ament_index/resource_index/parent_prefix_path/octomap
[0.439s] -- Up-to-date symlink: /home/fiend/voice_grab/ros2_ws/install/octomap/share/octomap/environment/ament_prefix_path.sh
[0.439s] -- Up-to-date symlink: /home/fiend/voice_grab/ros2_ws/install/octomap/share/octomap/environment/ament_prefix_path.dsv
[0.440s] -- Up-to-date symlink: /home/fiend/voice_grab/ros2_ws/install/octomap/share/octomap/environment/path.sh
[0.440s] -- Up-to-date symlink: /home/fiend/voice_grab/ros2_ws/install/octomap/share/octomap/environment/path.dsv
[0.440s] -- Up-to-date symlink: /home/fiend/voice_grab/ros2_ws/install/octomap/share/octomap/local_setup.bash
[0.440s] -- Up-to-date symlink: /home/fiend/voice_grab/ros2_ws/install/octomap/share/octomap/local_setup.sh
[0.440s] -- Up-to-date symlink: /home/fiend/voice_grab/ros2_ws/install/octomap/share/octomap/local_setup.zsh
[0.440s] -- Up-to-date symlink: /home/fiend/voice_grab/ros2_ws/install/octomap/share/octomap/local_setup.dsv
[0.440s] -- Symlinking: /home/fiend/voice_grab/ros2_ws/install/octomap/share/octomap/package.dsv
[0.451s] -- Up-to-date symlink: /home/fiend/voice_grab/ros2_ws/install/octomap/share/ament_index/resource_index/packages/octomap
[0.451s] -- Up-to-date symlink: /home/fiend/voice_grab/ros2_ws/install/octomap/share/octomap/cmake/octomapConfig.cmake
[0.451s] -- Up-to-date symlink: /home/fiend/voice_grab/ros2_ws/install/octomap/share/octomap/cmake/octomapConfig-version.cmake
[0.451s] -- Up-to-date symlink: /home/fiend/voice_grab/ros2_ws/install/octomap/share/octomap/package.xml
[0.480s] Listing '/home/fiend/voice_grab/ros2_ws/install/octomap/local/lib/python3.10/dist-packages/octomap'...
[0.487s] Invoked command in '/home/fiend/voice_grab/ros2_ws/build/octomap' returned '0': CMAKE_PREFIX_PATH=${CMAKE_PREFIX_PATH}:/home/fiend/ws_moveit2/install/moveit_configs_utils:/home/fiend/ws_moveit2/install/launch_param_builder:/opt/ros/humble /usr/bin/cmake --install /home/fiend/voice_grab/ros2_ws/build/octomap
