[0.043s] Invoking command in '/home/fiend/voice_grab/ros2_ws/build/robotiq': CMAKE_PREFIX_PATH=${CMAKE_PREFIX_PATH}:/home/fiend/ws_moveit2/install/moveit_configs_utils:/home/fiend/ws_moveit2/install/launch_param_builder:/opt/ros/humble /usr/bin/cmake /home/fiend/voice_grab/ros2_ws/src/robotiq/robotiq -DAMENT_CMAKE_SYMLINK_INSTALL=1 -DCMAKE_INSTALL_PREFIX=/home/fiend/voice_grab/ros2_ws/install/robotiq
[0.054s] [0mCMake Deprecation Warning at CMakeLists.txt:1 (cmake_minimum_required):
[0.055s]   Compatibility with CMake < 2.8.12 will be removed from a future version of
[0.055s]   CMake.
[0.056s] 
[0.056s]   Update the VERSION argument <min> value or use a ...<max> suffix to tell
[0.056s]   CMake that the project does not need compatibility with older versions.
[0.056s] 
[0.056s] [0m
[0.113s] -- The C compiler identification is GNU 11.4.0
[0.189s] -- The CXX compiler identification is GNU 11.4.0
[0.198s] -- Detecting C compiler ABI info
[0.277s] -- Detecting C compiler ABI info - done
[0.285s] -- Check for working C compiler: /usr/bin/cc - skipped
[0.285s] -- Detecting C compile features
[0.285s] -- Detecting C compile features - done
[0.288s] -- Detecting CXX compiler ABI info
[0.379s] -- Detecting CXX compiler ABI info - done
[0.389s] -- Check for working CXX compiler: /usr/bin/c++ - skipped
[0.391s] -- Detecting CXX compile features
[0.392s] -- Detecting CXX compile features - done
[0.408s] [31mCMake Error at CMakeLists.txt:3 (find_package):
[0.408s]   By not providing "Findcatkin.cmake" in CMAKE_MODULE_PATH this project has
[0.408s]   asked CMake to find a package configuration file provided by "catkin", but
[0.408s]   CMake did not find one.
[0.409s] 
[0.409s]   Could not find a package configuration file provided by "catkin" with any
[0.409s]   of the following names:
[0.409s] 
[0.409s]     catkinConfig.cmake
[0.409s]     catkin-config.cmake
[0.409s] 
[0.409s]   Add the installation prefix of "catkin" to CMAKE_PREFIX_PATH or set
[0.409s]   "catkin_DIR" to a directory containing one of the above files.  If "catkin"
[0.409s]   provides a separate development package or SDK, be sure it has been
[0.409s]   installed.
[0.409s] 
[0.409s] [0m
[0.409s] -- Configuring incomplete, errors occurred!
[0.410s] See also "/home/fiend/voice_grab/ros2_ws/build/robotiq/CMakeFiles/CMakeOutput.log".
[0.415s] Invoked command in '/home/fiend/voice_grab/ros2_ws/build/robotiq' returned '1': CMAKE_PREFIX_PATH=${CMAKE_PREFIX_PATH}:/home/fiend/ws_moveit2/install/moveit_configs_utils:/home/fiend/ws_moveit2/install/launch_param_builder:/opt/ros/humble /usr/bin/cmake /home/fiend/voice_grab/ros2_ws/src/robotiq/robotiq -DAMENT_CMAKE_SYMLINK_INSTALL=1 -DCMAKE_INSTALL_PREFIX=/home/fiend/voice_grab/ros2_ws/install/robotiq
