[0.010s] Invoking command in '/home/fiend/voice_grab/ros2_ws/build/ur_robotiq': CMAKE_PREFIX_PATH=/home/fiend/voice_grab/ros2_ws/install/ur_robotiq_description:/home/fiend/Navigation_Bot/dev_ws/install/navigation_bot:/home/fiend/voice_grab/ros2_ws/install/zed_ros2:/home/fiend/voice_grab/ros2_ws/install/zed_wrapper:/home/fiend/voice_grab/ros2_ws/install/zed_components:/home/fiend/voice_grab/ros2_ws/install/zed_interfaces:/home/fiend/voice_grab/ros2_ws/install/voice_grabber:/home/fiend/voice_grab/ros2_ws/install/ur_robotiq:/home/fiend/LineFollowingRobot/ros_ws/install/line_bhakt:/home/fiend/ROS/practice_codes_ROS2/articubot_one/install/articubot_one:/opt/ros/humble PS1=
\[[38;5;156m\]\[[0m\]\[[38;5;166m\]ros2_ws\[[0m\]\[[38;5;166m\]\[[0m\] on \[[38;5;162m\] \[[0m\]\[[38;5;162m\]main\[[0m\]
\[[1;38;5;166m\]➜\[[0m\] /usr/bin/cmake --build /home/fiend/voice_grab/ros2_ws/build/ur_robotiq -- -j8 -l8
[0.045s] Invoked command in '/home/fiend/voice_grab/ros2_ws/build/ur_robotiq' returned '0': CMAKE_PREFIX_PATH=/home/fiend/voice_grab/ros2_ws/install/ur_robotiq_description:/home/fiend/Navigation_Bot/dev_ws/install/navigation_bot:/home/fiend/voice_grab/ros2_ws/install/zed_ros2:/home/fiend/voice_grab/ros2_ws/install/zed_wrapper:/home/fiend/voice_grab/ros2_ws/install/zed_components:/home/fiend/voice_grab/ros2_ws/install/zed_interfaces:/home/fiend/voice_grab/ros2_ws/install/voice_grabber:/home/fiend/voice_grab/ros2_ws/install/ur_robotiq:/home/fiend/LineFollowingRobot/ros_ws/install/line_bhakt:/home/fiend/ROS/practice_codes_ROS2/articubot_one/install/articubot_one:/opt/ros/humble PS1=
\[[38;5;156m\]\[[0m\]\[[38;5;166m\]ros2_ws\[[0m\]\[[38;5;166m\]\[[0m\] on \[[38;5;162m\] \[[0m\]\[[38;5;162m\]main\[[0m\]
\[[1;38;5;166m\]➜\[[0m\] /usr/bin/cmake --build /home/fiend/voice_grab/ros2_ws/build/ur_robotiq -- -j8 -l8
[0.064s] Invoking command in '/home/fiend/voice_grab/ros2_ws/build/ur_robotiq': CMAKE_PREFIX_PATH=/home/fiend/voice_grab/ros2_ws/install/ur_robotiq_description:/home/fiend/Navigation_Bot/dev_ws/install/navigation_bot:/home/fiend/voice_grab/ros2_ws/install/zed_ros2:/home/fiend/voice_grab/ros2_ws/install/zed_wrapper:/home/fiend/voice_grab/ros2_ws/install/zed_components:/home/fiend/voice_grab/ros2_ws/install/zed_interfaces:/home/fiend/voice_grab/ros2_ws/install/voice_grabber:/home/fiend/voice_grab/ros2_ws/install/ur_robotiq:/home/fiend/LineFollowingRobot/ros_ws/install/line_bhakt:/home/fiend/ROS/practice_codes_ROS2/articubot_one/install/articubot_one:/opt/ros/humble PS1=
\[[38;5;156m\]\[[0m\]\[[38;5;166m\]ros2_ws\[[0m\]\[[38;5;166m\]\[[0m\] on \[[38;5;162m\] \[[0m\]\[[38;5;162m\]main\[[0m\]
\[[1;38;5;166m\]➜\[[0m\] /usr/bin/cmake --install /home/fiend/voice_grab/ros2_ws/build/ur_robotiq
[0.071s] -- Install configuration: "Release"
[0.072s] -- Execute custom install script
[0.072s] -- Up-to-date symlink: /home/fiend/voice_grab/ros2_ws/install/ur_robotiq/share/ament_index/resource_index/package_run_dependencies/ur_robotiq
[0.072s] -- Up-to-date symlink: /home/fiend/voice_grab/ros2_ws/install/ur_robotiq/share/ament_index/resource_index/parent_prefix_path/ur_robotiq
[0.073s] -- Up-to-date symlink: /home/fiend/voice_grab/ros2_ws/install/ur_robotiq/share/ur_robotiq/environment/ament_prefix_path.sh
[0.073s] -- Up-to-date symlink: /home/fiend/voice_grab/ros2_ws/install/ur_robotiq/share/ur_robotiq/environment/ament_prefix_path.dsv
[0.073s] -- Up-to-date symlink: /home/fiend/voice_grab/ros2_ws/install/ur_robotiq/share/ur_robotiq/environment/path.sh
[0.073s] -- Up-to-date symlink: /home/fiend/voice_grab/ros2_ws/install/ur_robotiq/share/ur_robotiq/environment/path.dsv
[0.073s] -- Up-to-date symlink: /home/fiend/voice_grab/ros2_ws/install/ur_robotiq/share/ur_robotiq/local_setup.bash
[0.074s] -- Up-to-date symlink: /home/fiend/voice_grab/ros2_ws/install/ur_robotiq/share/ur_robotiq/local_setup.sh
[0.074s] -- Up-to-date symlink: /home/fiend/voice_grab/ros2_ws/install/ur_robotiq/share/ur_robotiq/local_setup.zsh
[0.074s] -- Up-to-date symlink: /home/fiend/voice_grab/ros2_ws/install/ur_robotiq/share/ur_robotiq/local_setup.dsv
[0.074s] -- Symlinking: /home/fiend/voice_grab/ros2_ws/install/ur_robotiq/share/ur_robotiq/package.dsv
[0.082s] -- Up-to-date symlink: /home/fiend/voice_grab/ros2_ws/install/ur_robotiq/share/ament_index/resource_index/packages/ur_robotiq
[0.083s] -- Up-to-date symlink: /home/fiend/voice_grab/ros2_ws/install/ur_robotiq/share/ur_robotiq/cmake/ur_robotiqConfig.cmake
[0.083s] -- Up-to-date symlink: /home/fiend/voice_grab/ros2_ws/install/ur_robotiq/share/ur_robotiq/cmake/ur_robotiqConfig-version.cmake
[0.083s] -- Up-to-date symlink: /home/fiend/voice_grab/ros2_ws/install/ur_robotiq/share/ur_robotiq/package.xml
[0.085s] Invoked command in '/home/fiend/voice_grab/ros2_ws/build/ur_robotiq' returned '0': CMAKE_PREFIX_PATH=/home/fiend/voice_grab/ros2_ws/install/ur_robotiq_description:/home/fiend/Navigation_Bot/dev_ws/install/navigation_bot:/home/fiend/voice_grab/ros2_ws/install/zed_ros2:/home/fiend/voice_grab/ros2_ws/install/zed_wrapper:/home/fiend/voice_grab/ros2_ws/install/zed_components:/home/fiend/voice_grab/ros2_ws/install/zed_interfaces:/home/fiend/voice_grab/ros2_ws/install/voice_grabber:/home/fiend/voice_grab/ros2_ws/install/ur_robotiq:/home/fiend/LineFollowingRobot/ros_ws/install/line_bhakt:/home/fiend/ROS/practice_codes_ROS2/articubot_one/install/articubot_one:/opt/ros/humble PS1=
\[[38;5;156m\]\[[0m\]\[[38;5;166m\]ros2_ws\[[0m\]\[[38;5;166m\]\[[0m\] on \[[38;5;162m\] \[[0m\]\[[38;5;162m\]main\[[0m\]
\[[1;38;5;166m\]➜\[[0m\] /usr/bin/cmake --install /home/fiend/voice_grab/ros2_ws/build/ur_robotiq
