[0.016s] Invoking command in '/home/fiend/voice_grab/ros2_ws/build/octomap_server': CMAKE_PREFIX_PATH=/home/fiend/voice_grab/ros2_ws/install/octomap_ros:/home/fiend/voice_grab/ros2_ws/install/octomap_mapping:/home/fiend/voice_grab/ros2_ws/install/voice_grabber:/home/fiend/voice_grab/ros2_ws/install/ur_moveit_config:/home/fiend/voice_grab/ros2_ws/install/ur_description:/home/fiend/voice_grab/ros2_ws/install/octomap:/home/fiend/ws_moveit2/install/pilz_industrial_motion_planner_testutils:/home/fiend/ws_moveit2/install/moveit_runtime:/home/fiend/ws_moveit2/install/moveit2_tutorials:/home/fiend/ws_moveit2/install/moveit:/home/fiend/ws_moveit2/install/moveit_planners:/home/fiend/ws_moveit2/install/pilz_industrial_motion_planner:/home/fiend/ws_moveit2/install/moveit_visual_tools:/home/fiend/ws_moveit2/install/moveit_task_constructor_visualization:/home/fiend/ws_moveit2/install/moveit_task_constructor_demo:/home/fiend/ws_moveit2/install/moveit_task_constructor_capabilities:/home/fiend/ws_moveit2/install/moveit_task_constructor_core:/home/fiend/ws_moveit2/install/moveit_ros_control_interface:/home/fiend/ws_moveit2/install/moveit_plugins:/home/fiend/ws_moveit2/install/moveit_simple_controller_manager:/home/fiend/ws_moveit2/install/moveit_setup_assistant:/home/fiend/ws_moveit2/install/moveit_setup_srdf_plugins:/home/fiend/ws_moveit2/install/moveit_setup_core_plugins:/home/fiend/ws_moveit2/install/moveit_setup_controllers:/home/fiend/ws_moveit2/install/moveit_setup_app_plugins:/home/fiend/ws_moveit2/install/moveit_setup_framework:/home/fiend/ws_moveit2/install/moveit_servo:/home/fiend/ws_moveit2/install/moveit_ros:/home/fiend/ws_moveit2/install/moveit_ros_visualization:/home/fiend/ws_moveit2/install/moveit_hybrid_planning:/home/fiend/ws_moveit2/install/moveit_ros_planning_interface:/home/fiend/ws_moveit2/install/moveit_ros_benchmarks:/home/fiend/ws_moveit2/install/moveit_ros_warehouse:/home/fiend/ws_moveit2/install/moveit_ros_robot_interaction:/home/fiend/ws_moveit2/install/moveit_ros_perception:/home/fiend/ws_moveit2/install/moveit_resources_prbt_pg70_support:/home/fiend/ws_moveit2/install/moveit_resources_prbt_moveit_config:/home/fiend/ws_moveit2/install/moveit_ros_move_group:/home/fiend/ws_moveit2/install/moveit_planners_ompl:/home/fiend/ws_moveit2/install/moveit_ros_planning:/home/fiend/ws_moveit2/install/moveit_ros_occupancy_map_monitor:/home/fiend/ws_moveit2/install/moveit_resources_prbt_ikfast_manipulator_plugin:/home/fiend/ws_moveit2/install/moveit_planners_chomp:/home/fiend/ws_moveit2/install/moveit_kinematics:/home/fiend/ws_moveit2/install/moveit_chomp_optimizer_adapter:/home/fiend/ws_moveit2/install/chomp_motion_planner:/home/fiend/ws_moveit2/install/moveit_core:/home/fiend/ws_moveit2/install/srdfdom:/home/fiend/ws_moveit2/install/rviz_marker_tools:/home/fiend/ws_moveit2/install/rosparam_shortcuts:/home/fiend/ws_moveit2/install/moveit_task_constructor_msgs:/home/fiend/ws_moveit2/install/moveit_resources_prbt_support:/home/fiend/ws_moveit2/install/moveit_resources:/home/fiend/ws_moveit2/install/moveit_resources_pr2_description:/home/fiend/ws_moveit2/install/moveit_resources_panda_moveit_config:/home/fiend/ws_moveit2/install/moveit_resources_panda_description:/home/fiend/ws_moveit2/install/moveit_resources_fanuc_moveit_config:/home/fiend/ws_moveit2/install/moveit_resources_fanuc_description:/home/fiend/ws_moveit2/install/moveit_common:/home/fiend/gazebo_ros2_control/install/gazebo_ros2_control_demos:/home/fiend/gazebo_ros2_control/install/gazebo_ros2_control:/home/fiend/ws_moveit2/install/moveit_configs_utils:/home/fiend/ws_moveit2/install/launch_param_builder:/opt/ros/humble /usr/bin/cmake --build /home/fiend/voice_grab/ros2_ws/build/octomap_server -- -j20 -l20
[0.056s] -- Eigen found (include: /usr/include/eigen3, version: 3.4.0)
[0.095s] -- FLANN found (include: /usr/include, lib: /usr/lib/x86_64-linux-gnu/libflann_cpp.so)
[0.271s] -- Found Eigen3: /usr/include/eigen3 (found version "3.4.0") 
[0.404s] -- OpenNI found (version: 1.5.4.0, include: /usr/include/ni, lib: /usr/lib/libOpenNI.so;libusb::libusb)
[0.412s] -- OpenNI2 found (version: 2.2.0.33, include: /usr/include/openni2, lib: /usr/lib/x86_64-linux-gnu/libOpenNI2.so;libusb::libusb)
[0.412s] [0m** WARNING ** io features related to pcap will be disabled[0m
[0.571s] -- Eigen found (include: /usr/include/eigen3, version: 3.4.0)
[0.580s] -- OpenNI found (version: 1.5.4.0, include: /usr/include/ni, lib: /usr/lib/libOpenNI.so;libusb::libusb)
[0.591s] -- OpenNI2 found (version: 2.2.0.33, include: /usr/include/openni2, lib: /usr/lib/x86_64-linux-gnu/libOpenNI2.so;libusb::libusb)
[0.735s] -- Found Qhull version 8.0.2
[0.897s] -- OpenNI found (version: 1.5.4.0, include: /usr/include/ni, lib: /usr/lib/libOpenNI.so;libusb::libusb)
[1.044s] -- looking for PCL_COMMON
[1.045s] -- looking for PCL_KDTREE
[1.045s] -- looking for PCL_OCTREE
[1.045s] -- looking for PCL_SEARCH
[1.045s] -- looking for PCL_SAMPLE_CONSENSUS
[1.045s] -- looking for PCL_FILTERS
[1.046s] -- looking for PCL_2D
[1.046s] -- looking for PCL_GEOMETRY
[1.046s] -- looking for PCL_IO
[1.046s] -- looking for PCL_FEATURES
[1.046s] -- looking for PCL_ML
[1.047s] -- looking for PCL_SEGMENTATION
[1.047s] -- looking for PCL_VISUALIZATION
[1.047s] -- looking for PCL_SURFACE
[1.047s] -- looking for PCL_REGISTRATION
[1.048s] -- looking for PCL_KEYPOINTS
[1.048s] -- looking for PCL_TRACKING
[1.048s] -- looking for PCL_RECOGNITION
[1.049s] -- looking for PCL_STEREO
[1.049s] -- looking for PCL_APPS
[1.050s] -- looking for PCL_IN_HAND_SCANNER
[1.050s] -- looking for PCL_MODELER
[1.051s] -- looking for PCL_POINT_CLOUD_EDITOR
[1.051s] -- looking for PCL_OUTOFCORE
[1.051s] -- looking for PCL_PEOPLE
[1.053s] -- Found ament_cmake_auto: 1.3.9 (/opt/ros/humble/share/ament_cmake_auto/cmake)
[1.173s] -- Override CMake install command with custom implementation using symlinks instead of copying resources
[1.263s] -- Found rosidl_generator_c: 3.1.5 (/opt/ros/humble/share/rosidl_generator_c/cmake)
[1.265s] -- Found rosidl_adapter: 3.1.5 (/opt/ros/humble/share/rosidl_adapter/cmake)
[1.269s] -- Found rosidl_generator_cpp: 3.1.5 (/opt/ros/humble/share/rosidl_generator_cpp/cmake)
[1.279s] -- Using all available rosidl_typesupport_c: rosidl_typesupport_fastrtps_c;rosidl_typesupport_introspection_c
[1.293s] -- Using all available rosidl_typesupport_cpp: rosidl_typesupport_fastrtps_cpp;rosidl_typesupport_introspection_cpp
[1.448s] -- Found rmw_implementation_cmake: 6.1.2 (/opt/ros/humble/share/rmw_implementation_cmake/cmake)
[1.451s] -- Found rmw_fastrtps_cpp: 6.2.6 (/opt/ros/humble/share/rmw_fastrtps_cpp/cmake)
[1.574s] -- Using RMW implementation 'rmw_fastrtps_cpp' as default
[2.080s] -- Found eigen3_cmake_module: 0.1.1 (/opt/ros/humble/share/eigen3_cmake_module/cmake)
[2.081s] -- Found Eigen3: TRUE (found version "3.4.0") 
[2.081s] -- Ensuring Eigen3 include directory is part of orocos-kdl CMake target
[3.266s] -- Found ament_lint_auto: 0.12.11 (/opt/ros/humble/share/ament_lint_auto/cmake)
[3.275s] -- Added test 'copyright' to check source files copyright and LICENSE
[3.276s] -- Added test 'cppcheck' to perform static code analysis on C / C++ code
[3.278s] -- Configured cppcheck include dirs: /home/fiend/voice_grab/ros2_ws/src/octomap_mapping/octomap_server/include
[3.278s] -- Configured cppcheck exclude dirs and/or files: 
[3.278s] -- Added test 'cpplint' to check C / C++ code against the Google style
[3.278s] -- Configured cpplint exclude dirs and/or files: 
[3.278s] -- Added test 'flake8' to check Python code syntax and style conventions
[3.279s] -- Added test 'lint_cmake' to check CMake code style
[3.279s] -- Added test 'pep257' to check Python code against some of the docstring style conventions in PEP 257
[3.280s] -- Added test 'uncrustify' to check C / C++ code style
[3.280s] -- Configured uncrustify additional arguments: 
[3.280s] -- Added test 'xmllint' to check XML markup files
[3.282s] -- Configuring done
[3.458s] -- Generating done
[3.461s] -- Build files have been written to: /home/fiend/voice_grab/ros2_ws/build/octomap_server
[3.512s] [35m[1mConsolidate compiler generated dependencies of target octomap_server_static_node[0m
[3.516s] [35m[1mConsolidate compiler generated dependencies of target octomap_server_node[0m
[3.516s] [35m[1mConsolidate compiler generated dependencies of target tracking_octomap_server_node[0m
[3.516s] [35m[1mConsolidate compiler generated dependencies of target octomap_saver_node[0m
[3.516s] [35m[1mConsolidate compiler generated dependencies of target octomap_server_multilayer_node[0m
[3.517s] [35m[1mConsolidate compiler generated dependencies of target color_octomap_server_node[0m
[3.517s] [35m[1mConsolidate compiler generated dependencies of target octomap_server_static[0m
[3.532s] [  7%] Built target octomap_server_static_node
[3.538s] [ 38%] Built target octomap_server_multilayer_node
[3.538s] [ 50%] Built target octomap_saver_node
[3.538s] [ 50%] [32mBuilding CXX object CMakeFiles/octomap_server_static.dir/src/octomap_server_static.cpp.o[0m
[3.538s] [ 50%] Built target octomap_server_node
[3.538s] [ 50%] Built target color_octomap_server_node
[3.539s] [ 50%] Built target tracking_octomap_server_node
[6.983s] [ 53%] [32m[1mLinking CXX shared library liboctomap_server_static.so[0m
[7.382s] [ 53%] Built target octomap_server_static
[7.423s] [ 57%] [32mBuilding CXX object CMakeFiles/octomap_server.dir/src/octomap_server.cpp.o[0m
[23.801s] [ 61%] [32m[1mLinking CXX shared library liboctomap_server.so[0m
[25.409s] [ 61%] Built target octomap_server
[25.446s] [ 65%] [32mBuilding CXX object CMakeFiles/octomap_server_multilayer.dir/src/octomap_server_multilayer.cpp.o[0m
[25.446s] [ 69%] [32mBuilding CXX object CMakeFiles/octomap_server_multilayer.dir/src/octomap_server.cpp.o[0m
[42.346s] [ 73%] [32m[1mLinking CXX shared library liboctomap_server_multilayer.so[0m
[44.266s] [ 73%] Built target octomap_server_multilayer
[44.309s] [ 76%] [32mBuilding CXX object CMakeFiles/tracking_octomap_server.dir/src/octomap_server.cpp.o[0m
[44.316s] [ 80%] [32mBuilding CXX object CMakeFiles/tracking_octomap_server.dir/src/tracking_octomap_server.cpp.o[0m
[61.023s] [ 84%] [32m[1mLinking CXX shared library libtracking_octomap_server.so[0m
[62.956s] [ 84%] Built target tracking_octomap_server
[62.994s] [ 88%] [32mBuilding CXX object CMakeFiles/color_octomap_server.dir/src/octomap_server.cpp.o[0m
[79.367s] [ 92%] [32m[1mLinking CXX shared library libcolor_octomap_server.so[0m
[81.131s] [ 92%] Built target color_octomap_server
[81.165s] [ 96%] [32mBuilding CXX object CMakeFiles/octomap_saver.dir/src/octomap_saver.cpp.o[0m
[84.602s] [100%] [32m[1mLinking CXX shared library liboctomap_saver.so[0m
[85.068s] [100%] Built target octomap_saver
[85.082s] Invoked command in '/home/fiend/voice_grab/ros2_ws/build/octomap_server' returned '0': CMAKE_PREFIX_PATH=/home/fiend/voice_grab/ros2_ws/install/octomap_ros:/home/fiend/voice_grab/ros2_ws/install/octomap_mapping:/home/fiend/voice_grab/ros2_ws/install/voice_grabber:/home/fiend/voice_grab/ros2_ws/install/ur_moveit_config:/home/fiend/voice_grab/ros2_ws/install/ur_description:/home/fiend/voice_grab/ros2_ws/install/octomap:/home/fiend/ws_moveit2/install/pilz_industrial_motion_planner_testutils:/home/fiend/ws_moveit2/install/moveit_runtime:/home/fiend/ws_moveit2/install/moveit2_tutorials:/home/fiend/ws_moveit2/install/moveit:/home/fiend/ws_moveit2/install/moveit_planners:/home/fiend/ws_moveit2/install/pilz_industrial_motion_planner:/home/fiend/ws_moveit2/install/moveit_visual_tools:/home/fiend/ws_moveit2/install/moveit_task_constructor_visualization:/home/fiend/ws_moveit2/install/moveit_task_constructor_demo:/home/fiend/ws_moveit2/install/moveit_task_constructor_capabilities:/home/fiend/ws_moveit2/install/moveit_task_constructor_core:/home/fiend/ws_moveit2/install/moveit_ros_control_interface:/home/fiend/ws_moveit2/install/moveit_plugins:/home/fiend/ws_moveit2/install/moveit_simple_controller_manager:/home/fiend/ws_moveit2/install/moveit_setup_assistant:/home/fiend/ws_moveit2/install/moveit_setup_srdf_plugins:/home/fiend/ws_moveit2/install/moveit_setup_core_plugins:/home/fiend/ws_moveit2/install/moveit_setup_controllers:/home/fiend/ws_moveit2/install/moveit_setup_app_plugins:/home/fiend/ws_moveit2/install/moveit_setup_framework:/home/fiend/ws_moveit2/install/moveit_servo:/home/fiend/ws_moveit2/install/moveit_ros:/home/fiend/ws_moveit2/install/moveit_ros_visualization:/home/fiend/ws_moveit2/install/moveit_hybrid_planning:/home/fiend/ws_moveit2/install/moveit_ros_planning_interface:/home/fiend/ws_moveit2/install/moveit_ros_benchmarks:/home/fiend/ws_moveit2/install/moveit_ros_warehouse:/home/fiend/ws_moveit2/install/moveit_ros_robot_interaction:/home/fiend/ws_moveit2/install/moveit_ros_perception:/home/fiend/ws_moveit2/install/moveit_resources_prbt_pg70_support:/home/fiend/ws_moveit2/install/moveit_resources_prbt_moveit_config:/home/fiend/ws_moveit2/install/moveit_ros_move_group:/home/fiend/ws_moveit2/install/moveit_planners_ompl:/home/fiend/ws_moveit2/install/moveit_ros_planning:/home/fiend/ws_moveit2/install/moveit_ros_occupancy_map_monitor:/home/fiend/ws_moveit2/install/moveit_resources_prbt_ikfast_manipulator_plugin:/home/fiend/ws_moveit2/install/moveit_planners_chomp:/home/fiend/ws_moveit2/install/moveit_kinematics:/home/fiend/ws_moveit2/install/moveit_chomp_optimizer_adapter:/home/fiend/ws_moveit2/install/chomp_motion_planner:/home/fiend/ws_moveit2/install/moveit_core:/home/fiend/ws_moveit2/install/srdfdom:/home/fiend/ws_moveit2/install/rviz_marker_tools:/home/fiend/ws_moveit2/install/rosparam_shortcuts:/home/fiend/ws_moveit2/install/moveit_task_constructor_msgs:/home/fiend/ws_moveit2/install/moveit_resources_prbt_support:/home/fiend/ws_moveit2/install/moveit_resources:/home/fiend/ws_moveit2/install/moveit_resources_pr2_description:/home/fiend/ws_moveit2/install/moveit_resources_panda_moveit_config:/home/fiend/ws_moveit2/install/moveit_resources_panda_description:/home/fiend/ws_moveit2/install/moveit_resources_fanuc_moveit_config:/home/fiend/ws_moveit2/install/moveit_resources_fanuc_description:/home/fiend/ws_moveit2/install/moveit_common:/home/fiend/gazebo_ros2_control/install/gazebo_ros2_control_demos:/home/fiend/gazebo_ros2_control/install/gazebo_ros2_control:/home/fiend/ws_moveit2/install/moveit_configs_utils:/home/fiend/ws_moveit2/install/launch_param_builder:/opt/ros/humble /usr/bin/cmake --build /home/fiend/voice_grab/ros2_ws/build/octomap_server -- -j20 -l20
[85.214s] Invoking command in '/home/fiend/voice_grab/ros2_ws/build/octomap_server': CMAKE_PREFIX_PATH=/home/fiend/voice_grab/ros2_ws/install/octomap_ros:/home/fiend/voice_grab/ros2_ws/install/octomap_mapping:/home/fiend/voice_grab/ros2_ws/install/voice_grabber:/home/fiend/voice_grab/ros2_ws/install/ur_moveit_config:/home/fiend/voice_grab/ros2_ws/install/ur_description:/home/fiend/voice_grab/ros2_ws/install/octomap:/home/fiend/ws_moveit2/install/pilz_industrial_motion_planner_testutils:/home/fiend/ws_moveit2/install/moveit_runtime:/home/fiend/ws_moveit2/install/moveit2_tutorials:/home/fiend/ws_moveit2/install/moveit:/home/fiend/ws_moveit2/install/moveit_planners:/home/fiend/ws_moveit2/install/pilz_industrial_motion_planner:/home/fiend/ws_moveit2/install/moveit_visual_tools:/home/fiend/ws_moveit2/install/moveit_task_constructor_visualization:/home/fiend/ws_moveit2/install/moveit_task_constructor_demo:/home/fiend/ws_moveit2/install/moveit_task_constructor_capabilities:/home/fiend/ws_moveit2/install/moveit_task_constructor_core:/home/fiend/ws_moveit2/install/moveit_ros_control_interface:/home/fiend/ws_moveit2/install/moveit_plugins:/home/fiend/ws_moveit2/install/moveit_simple_controller_manager:/home/fiend/ws_moveit2/install/moveit_setup_assistant:/home/fiend/ws_moveit2/install/moveit_setup_srdf_plugins:/home/fiend/ws_moveit2/install/moveit_setup_core_plugins:/home/fiend/ws_moveit2/install/moveit_setup_controllers:/home/fiend/ws_moveit2/install/moveit_setup_app_plugins:/home/fiend/ws_moveit2/install/moveit_setup_framework:/home/fiend/ws_moveit2/install/moveit_servo:/home/fiend/ws_moveit2/install/moveit_ros:/home/fiend/ws_moveit2/install/moveit_ros_visualization:/home/fiend/ws_moveit2/install/moveit_hybrid_planning:/home/fiend/ws_moveit2/install/moveit_ros_planning_interface:/home/fiend/ws_moveit2/install/moveit_ros_benchmarks:/home/fiend/ws_moveit2/install/moveit_ros_warehouse:/home/fiend/ws_moveit2/install/moveit_ros_robot_interaction:/home/fiend/ws_moveit2/install/moveit_ros_perception:/home/fiend/ws_moveit2/install/moveit_resources_prbt_pg70_support:/home/fiend/ws_moveit2/install/moveit_resources_prbt_moveit_config:/home/fiend/ws_moveit2/install/moveit_ros_move_group:/home/fiend/ws_moveit2/install/moveit_planners_ompl:/home/fiend/ws_moveit2/install/moveit_ros_planning:/home/fiend/ws_moveit2/install/moveit_ros_occupancy_map_monitor:/home/fiend/ws_moveit2/install/moveit_resources_prbt_ikfast_manipulator_plugin:/home/fiend/ws_moveit2/install/moveit_planners_chomp:/home/fiend/ws_moveit2/install/moveit_kinematics:/home/fiend/ws_moveit2/install/moveit_chomp_optimizer_adapter:/home/fiend/ws_moveit2/install/chomp_motion_planner:/home/fiend/ws_moveit2/install/moveit_core:/home/fiend/ws_moveit2/install/srdfdom:/home/fiend/ws_moveit2/install/rviz_marker_tools:/home/fiend/ws_moveit2/install/rosparam_shortcuts:/home/fiend/ws_moveit2/install/moveit_task_constructor_msgs:/home/fiend/ws_moveit2/install/moveit_resources_prbt_support:/home/fiend/ws_moveit2/install/moveit_resources:/home/fiend/ws_moveit2/install/moveit_resources_pr2_description:/home/fiend/ws_moveit2/install/moveit_resources_panda_moveit_config:/home/fiend/ws_moveit2/install/moveit_resources_panda_description:/home/fiend/ws_moveit2/install/moveit_resources_fanuc_moveit_config:/home/fiend/ws_moveit2/install/moveit_resources_fanuc_description:/home/fiend/ws_moveit2/install/moveit_common:/home/fiend/gazebo_ros2_control/install/gazebo_ros2_control_demos:/home/fiend/gazebo_ros2_control/install/gazebo_ros2_control:/home/fiend/ws_moveit2/install/moveit_configs_utils:/home/fiend/ws_moveit2/install/launch_param_builder:/opt/ros/humble /usr/bin/cmake --install /home/fiend/voice_grab/ros2_ws/build/octomap_server
[85.226s] -- Install configuration: ""
[85.226s] -- Execute custom install script
[85.227s] -- Symlinking: /home/fiend/voice_grab/ros2_ws/install/octomap_server/lib/octomap_server/octomap_server_static_node
[85.238s] -- Symlinking: /home/fiend/voice_grab/ros2_ws/install/octomap_server/lib/octomap_server/octomap_server_node
[85.249s] -- Symlinking: /home/fiend/voice_grab/ros2_ws/install/octomap_server/lib/octomap_server/octomap_server_multilayer_node
[85.261s] -- Symlinking: /home/fiend/voice_grab/ros2_ws/install/octomap_server/lib/octomap_server/tracking_octomap_server_node
[85.274s] -- Symlinking: /home/fiend/voice_grab/ros2_ws/install/octomap_server/lib/octomap_server/color_octomap_server_node
[85.284s] -- Symlinking: /home/fiend/voice_grab/ros2_ws/install/octomap_server/lib/octomap_server/octomap_saver_node
[85.296s] -- Symlinking: /home/fiend/voice_grab/ros2_ws/install/octomap_server/include/octomap_server/octomap_server.hpp
[85.310s] -- Symlinking: /home/fiend/voice_grab/ros2_ws/install/octomap_server/include/octomap_server/octomap_server_multilayer.hpp
[85.320s] -- Symlinking: /home/fiend/voice_grab/ros2_ws/install/octomap_server/include/octomap_server/octomap_server_static.hpp
[85.330s] -- Symlinking: /home/fiend/voice_grab/ros2_ws/install/octomap_server/include/octomap_server/tracking_octomap_server.hpp
[85.340s] -- Symlinking: /home/fiend/voice_grab/ros2_ws/install/octomap_server/share/octomap_server/environment/library_path.sh
[85.350s] -- Symlinking: /home/fiend/voice_grab/ros2_ws/install/octomap_server/share/octomap_server/environment/library_path.dsv
[85.361s] -- Symlinking: /home/fiend/voice_grab/ros2_ws/install/octomap_server/lib/liboctomap_server_static.so
[85.373s] -- Symlinking: /home/fiend/voice_grab/ros2_ws/install/octomap_server/lib/liboctomap_server.so
[85.386s] -- Symlinking: /home/fiend/voice_grab/ros2_ws/install/octomap_server/lib/liboctomap_server_multilayer.so
[85.395s] -- Symlinking: /home/fiend/voice_grab/ros2_ws/install/octomap_server/lib/libtracking_octomap_server.so
[85.406s] -- Symlinking: /home/fiend/voice_grab/ros2_ws/install/octomap_server/lib/libcolor_octomap_server.so
[85.421s] -- Symlinking: /home/fiend/voice_grab/ros2_ws/install/octomap_server/lib/liboctomap_saver.so
[85.436s] -- Symlinking: /home/fiend/voice_grab/ros2_ws/install/octomap_server/share/octomap_server/launch/octomap_mapping.launch.xml
[85.446s] -- Symlinking: /home/fiend/voice_grab/ros2_ws/install/octomap_server/share/octomap_server/launch/octomap_tracking_client.launch.xml
[85.462s] -- Symlinking: /home/fiend/voice_grab/ros2_ws/install/octomap_server/share/octomap_server/launch/octomap_tracking_server.launch.xml
[85.472s] -- Symlinking: /home/fiend/voice_grab/ros2_ws/install/octomap_server/share/octomap_server/params/default.yaml
[85.483s] -- Symlinking: /home/fiend/voice_grab/ros2_ws/install/octomap_server/share/ament_index/resource_index/package_run_dependencies/octomap_server
[85.494s] -- Symlinking: /home/fiend/voice_grab/ros2_ws/install/octomap_server/share/ament_index/resource_index/parent_prefix_path/octomap_server
[85.504s] -- Symlinking: /home/fiend/voice_grab/ros2_ws/install/octomap_server/share/octomap_server/environment/ament_prefix_path.sh
[85.517s] -- Symlinking: /home/fiend/voice_grab/ros2_ws/install/octomap_server/share/octomap_server/environment/ament_prefix_path.dsv
[85.529s] -- Symlinking: /home/fiend/voice_grab/ros2_ws/install/octomap_server/share/octomap_server/environment/path.sh
[85.540s] -- Symlinking: /home/fiend/voice_grab/ros2_ws/install/octomap_server/share/octomap_server/environment/path.dsv
[85.550s] -- Symlinking: /home/fiend/voice_grab/ros2_ws/install/octomap_server/share/octomap_server/local_setup.bash
[85.565s] -- Symlinking: /home/fiend/voice_grab/ros2_ws/install/octomap_server/share/octomap_server/local_setup.sh
[85.579s] -- Symlinking: /home/fiend/voice_grab/ros2_ws/install/octomap_server/share/octomap_server/local_setup.zsh
[85.589s] -- Symlinking: /home/fiend/voice_grab/ros2_ws/install/octomap_server/share/octomap_server/local_setup.dsv
[85.599s] -- Symlinking: /home/fiend/voice_grab/ros2_ws/install/octomap_server/share/octomap_server/package.dsv
[85.609s] -- Symlinking: /home/fiend/voice_grab/ros2_ws/install/octomap_server/share/ament_index/resource_index/packages/octomap_server
[85.620s] -- Symlinking: /home/fiend/voice_grab/ros2_ws/install/octomap_server/share/ament_index/resource_index/rclcpp_components/octomap_server
[85.630s] -- Symlinking: /home/fiend/voice_grab/ros2_ws/install/octomap_server/share/octomap_server/cmake/ament_cmake_export_dependencies-extras.cmake
[85.641s] -- Symlinking: /home/fiend/voice_grab/ros2_ws/install/octomap_server/share/octomap_server/cmake/ament_cmake_export_include_directories-extras.cmake
[85.651s] -- Symlinking: /home/fiend/voice_grab/ros2_ws/install/octomap_server/share/octomap_server/cmake/ament_cmake_export_libraries-extras.cmake
[85.667s] -- Symlinking: /home/fiend/voice_grab/ros2_ws/install/octomap_server/share/octomap_server/cmake/octomap_serverConfig.cmake
[85.679s] -- Symlinking: /home/fiend/voice_grab/ros2_ws/install/octomap_server/share/octomap_server/cmake/octomap_serverConfig-version.cmake
[85.691s] -- Symlinking: /home/fiend/voice_grab/ros2_ws/install/octomap_server/share/octomap_server/package.xml
[85.702s] -- Symlinking: /home/fiend/voice_grab/ros2_ws/install/octomap_server/lib/octomap_server/octomap_eraser_cli.py
[85.716s] Invoked command in '/home/fiend/voice_grab/ros2_ws/build/octomap_server' returned '0': CMAKE_PREFIX_PATH=/home/fiend/voice_grab/ros2_ws/install/octomap_ros:/home/fiend/voice_grab/ros2_ws/install/octomap_mapping:/home/fiend/voice_grab/ros2_ws/install/voice_grabber:/home/fiend/voice_grab/ros2_ws/install/ur_moveit_config:/home/fiend/voice_grab/ros2_ws/install/ur_description:/home/fiend/voice_grab/ros2_ws/install/octomap:/home/fiend/ws_moveit2/install/pilz_industrial_motion_planner_testutils:/home/fiend/ws_moveit2/install/moveit_runtime:/home/fiend/ws_moveit2/install/moveit2_tutorials:/home/fiend/ws_moveit2/install/moveit:/home/fiend/ws_moveit2/install/moveit_planners:/home/fiend/ws_moveit2/install/pilz_industrial_motion_planner:/home/fiend/ws_moveit2/install/moveit_visual_tools:/home/fiend/ws_moveit2/install/moveit_task_constructor_visualization:/home/fiend/ws_moveit2/install/moveit_task_constructor_demo:/home/fiend/ws_moveit2/install/moveit_task_constructor_capabilities:/home/fiend/ws_moveit2/install/moveit_task_constructor_core:/home/fiend/ws_moveit2/install/moveit_ros_control_interface:/home/fiend/ws_moveit2/install/moveit_plugins:/home/fiend/ws_moveit2/install/moveit_simple_controller_manager:/home/fiend/ws_moveit2/install/moveit_setup_assistant:/home/fiend/ws_moveit2/install/moveit_setup_srdf_plugins:/home/fiend/ws_moveit2/install/moveit_setup_core_plugins:/home/fiend/ws_moveit2/install/moveit_setup_controllers:/home/fiend/ws_moveit2/install/moveit_setup_app_plugins:/home/fiend/ws_moveit2/install/moveit_setup_framework:/home/fiend/ws_moveit2/install/moveit_servo:/home/fiend/ws_moveit2/install/moveit_ros:/home/fiend/ws_moveit2/install/moveit_ros_visualization:/home/fiend/ws_moveit2/install/moveit_hybrid_planning:/home/fiend/ws_moveit2/install/moveit_ros_planning_interface:/home/fiend/ws_moveit2/install/moveit_ros_benchmarks:/home/fiend/ws_moveit2/install/moveit_ros_warehouse:/home/fiend/ws_moveit2/install/moveit_ros_robot_interaction:/home/fiend/ws_moveit2/install/moveit_ros_perception:/home/fiend/ws_moveit2/install/moveit_resources_prbt_pg70_support:/home/fiend/ws_moveit2/install/moveit_resources_prbt_moveit_config:/home/fiend/ws_moveit2/install/moveit_ros_move_group:/home/fiend/ws_moveit2/install/moveit_planners_ompl:/home/fiend/ws_moveit2/install/moveit_ros_planning:/home/fiend/ws_moveit2/install/moveit_ros_occupancy_map_monitor:/home/fiend/ws_moveit2/install/moveit_resources_prbt_ikfast_manipulator_plugin:/home/fiend/ws_moveit2/install/moveit_planners_chomp:/home/fiend/ws_moveit2/install/moveit_kinematics:/home/fiend/ws_moveit2/install/moveit_chomp_optimizer_adapter:/home/fiend/ws_moveit2/install/chomp_motion_planner:/home/fiend/ws_moveit2/install/moveit_core:/home/fiend/ws_moveit2/install/srdfdom:/home/fiend/ws_moveit2/install/rviz_marker_tools:/home/fiend/ws_moveit2/install/rosparam_shortcuts:/home/fiend/ws_moveit2/install/moveit_task_constructor_msgs:/home/fiend/ws_moveit2/install/moveit_resources_prbt_support:/home/fiend/ws_moveit2/install/moveit_resources:/home/fiend/ws_moveit2/install/moveit_resources_pr2_description:/home/fiend/ws_moveit2/install/moveit_resources_panda_moveit_config:/home/fiend/ws_moveit2/install/moveit_resources_panda_description:/home/fiend/ws_moveit2/install/moveit_resources_fanuc_moveit_config:/home/fiend/ws_moveit2/install/moveit_resources_fanuc_description:/home/fiend/ws_moveit2/install/moveit_common:/home/fiend/gazebo_ros2_control/install/gazebo_ros2_control_demos:/home/fiend/gazebo_ros2_control/install/gazebo_ros2_control:/home/fiend/ws_moveit2/install/moveit_configs_utils:/home/fiend/ws_moveit2/install/launch_param_builder:/opt/ros/humble /usr/bin/cmake --install /home/fiend/voice_grab/ros2_ws/build/octomap_server
