[0.000000] (-) TimerEvent: {}
[0.000097] (-) JobUnselected: {'identifier': 'ur_robotiq'}
[0.000159] (-) JobUnselected: {'identifier': 'voice_grabber'}
[0.000192] (ur_robotiq_description) JobQueued: {'identifier': 'ur_robotiq_description', 'dependencies': OrderedDict()}
[0.000210] (ur_robotiq_description) JobStarted: {'identifier': 'ur_robotiq_description'}
[0.099547] (-) TimerEvent: {}
[0.123885] (ur_robotiq_description) JobProgress: {'identifier': 'ur_robotiq_description', 'progress': 'cmake'}
[0.125340] (ur_robotiq_description) JobProgress: {'identifier': 'ur_robotiq_description', 'progress': 'build'}
[0.125387] (ur_robotiq_description) Command: {'cmd': ['/usr/bin/cmake', '--build', '/home/fiend/voice_grab/ros2_ws/build/ur_robotiq_description', '--', '-j8', '-l8'], 'cwd': '/home/fiend/voice_grab/ros2_ws/build/ur_robotiq_description', 'env': OrderedDict([('GJS_DEBUG_TOPICS', 'JS ERROR;JS LOG'), ('LESSOPEN', '| /usr/bin/lesspipe %s'), ('LANGUAGE', 'en_IN:en'), ('USER', 'fiend'), ('STARSHIP_SHELL', 'bash'), ('XDG_SESSION_TYPE', 'wayland'), ('SHLVL', '1'), ('LD_LIBRARY_PATH', '/usr/lib/x86_64-linux-gnu/gazebo-11/plugins:/opt/ros/humble/opt/rviz_ogre_vendor/lib:/opt/ros/humble/lib/x86_64-linux-gnu:/opt/ros/humble/lib'), ('HOME', '/home/fiend'), ('OLDPWD', '/home/fiend/voice_grab/ros2_ws/src/ur_robotiq/ur_robotiq_description'), ('DESKTOP_SESSION', 'ubuntu'), ('GIO_LAUNCHED_DESKTOP_FILE', '/usr/share/applications/terminator.desktop'), ('ROS_PYTHON_VERSION', '3'), ('GNOME_SHELL_SESSION_MODE', 'ubuntu'), ('GTK_MODULES', 'gail:atk-bridge'), ('PS1', '\n\\[\x1b[38;5;166m\\]~/voice_grab/ros2_ws\\[\x1b[0m\\] underwent \\[\x1b[36m\\]5s\\[\x1b[0m\\]\n\\[\x1b[1;38;5;166m\\]➜\\[\x1b[0m\\]'), ('MANAGERPID', '876'), ('SYSTEMD_EXEC_PID', '56008'), ('IM_CONFIG_CHECK_ENV', '1'), ('DBUS_SESSION_BUS_ADDRESS', 'unix:path=/run/user/1000/bus'), ('COLORTERM', 'truecolor'), ('GIO_LAUNCHED_DESKTOP_FILE_PID', '56868'), ('_colcon_cd_root', '/opt/ros/humble/'), ('IM_CONFIG_PHASE', '1'), ('WAYLAND_DISPLAY', 'wayland-0'), ('COLCON_PREFIX_PATH', '/home/fiend/voice_grab/ros2_ws/install:/home/fiend/Navigation_Bot/dev_ws/install:/home/fiend/LineFollowingRobot/ros_ws/install:/home/fiend/ROS/practice_codes_ROS2/articubot_one/install'), ('ROS_DISTRO', 'humble'), ('LOGNAME', 'fiend'), ('JOURNAL_STREAM', '8:297407'), ('_', '/usr/bin/colcon'), ('ROS_VERSION', '2'), ('XDG_SESSION_CLASS', 'user'), ('USERNAME', 'fiend'), ('TERM', 'xterm-256color'), ('GNOME_DESKTOP_SESSION_ID', 'this-is-deprecated'), ('ROS_LOCALHOST_ONLY', '0'), ('PATH', '/opt/ros/humble/bin:/home/fiend/.local/bin:/home/fiend/.local/bin:/usr/local/sbin:/usr/local/bin:/usr/sbin:/usr/bin:/sbin:/bin:/usr/games:/usr/local/games:/snap/bin:/snap/bin'), ('SESSION_MANAGER', 'local/fiend-Lenovo-Yoga-C740-14IML:@/tmp/.ICE-unix/55985,unix/fiend-Lenovo-Yoga-C740-14IML:/tmp/.ICE-unix/55985'), ('INVOCATION_ID', '9005688e639d4856b75f5533d5abdc7a'), ('XDG_MENU_PREFIX', 'gnome-'), ('GNOME_SETUP_DISPLAY', ':1'), ('XDG_RUNTIME_DIR', '/run/user/1000'), ('DISPLAY', ':0'), ('LANG', 'en_US.UTF-8'), ('XDG_CURRENT_DESKTOP', 'ubuntu:GNOME'), ('IBUS_DISABLE_SNOOPER', '1'), ('XMODIFIERS', '@im=ibus'), ('XDG_SESSION_DESKTOP', 'ubuntu'), ('XAUTHORITY', '/run/user/1000/.mutter-Xwaylandauth.9S0ZJ2'), ('LS_COLORS', 'di=34:ow=34:tw=34:fi=13:ln=31:pi=5:so=5:bd=5:cd=5:or=31:mi=0:ex=35:*.rpm=90:*.png=35:*.gif=36:*.jpg=35:*.c=92:*.py=93:*.h=90:*.txt=94:*.doc=104:*.odt=104:*.csv=102:*.xlsx=102:*.xlsm=102:*.rb=31:*.cpp=92:*.sh=92:*.html=96:*.zip=4;33:*.tar.gz=4;33:*.mp4=105:*.mp3=106'), ('SSH_AGENT_LAUNCHER', 'gnome-keyring'), ('SSH_AUTH_SOCK', '/run/user/1000/keyring/ssh'), ('AMENT_PREFIX_PATH', '/home/fiend/voice_grab/ros2_ws/install/voice_grabber:/home/fiend/voice_grab/ros2_ws/install/ur_robotiq:/home/fiend/voice_grab/ros2_ws/install/ur_robotiq_description:/home/fiend/Navigation_Bot/dev_ws/install/navigation_bot:/home/fiend/LineFollowingRobot/ros_ws/install/line_bhakt:/home/fiend/ROS/practice_codes_ROS2/articubot_one/install/articubot_one:/opt/ros/humble'), ('SHELL', '/bin/bash'), ('TERMINATOR_UUID', 'urn:uuid:b8e71a3b-45e5-48cd-97aa-e78a3c06651e'), ('QT_ACCESSIBILITY', '1'), ('GDMSESSION', 'ubuntu'), ('LESSCLOSE', '/usr/bin/lesspipe %s %s'), ('GCC_COLORS', 'error=31:warning=35:note=36:caret=32:locus=01:quote=01'), ('GJS_DEBUG_OUTPUT', 'stderr'), ('QT_IM_MODULE', 'ibus'), ('PWD', '/home/fiend/voice_grab/ros2_ws/build/ur_robotiq_description'), ('LC_ALL', 'en_US.UTF-8'), ('XDG_CONFIG_DIRS', '/etc/xdg/xdg-ubuntu:/etc/xdg'), ('XDG_DATA_DIRS', '/usr/share/ubuntu:/home/fiend/.local/share/flatpak/exports/share:/var/lib/flatpak/exports/share:/usr/local/share/:/usr/share/:/var/lib/snapd/desktop'), ('STARSHIP_SESSION_KEY', '2511229412964716'), ('PYTHONPATH', '/home/fiend/voice_grab/ros2_ws/install/voice_grabber/local/lib/python3.10/dist-packages:/opt/ros/humble/lib/python3.10/site-packages:/opt/ros/humble/local/lib/python3.10/dist-packages'), ('COLCON', '1'), ('VTE_VERSION', '6800'), ('CMAKE_PREFIX_PATH', '/home/fiend/voice_grab/ros2_ws/install/voice_grabber:/home/fiend/voice_grab/ros2_ws/install/ur_robotiq:/home/fiend/voice_grab/ros2_ws/install/ur_robotiq_description:/home/fiend/Navigation_Bot/dev_ws/install/navigation_bot:/home/fiend/LineFollowingRobot/ros_ws/install/line_bhakt:/home/fiend/ROS/practice_codes_ROS2/articubot_one/install/articubot_one:/opt/ros/humble')]), 'shell': False}
[0.148016] (ur_robotiq_description) StdoutLine: {'line': b'-- Found ament_cmake: 1.3.8 (/opt/ros/humble/share/ament_cmake/cmake)\n'}
[0.199637] (-) TimerEvent: {}
[0.253765] (ur_robotiq_description) StdoutLine: {'line': b'-- Found robotiq_description: 0.0.1 (/opt/ros/humble/share/robotiq_description/cmake)\n'}
[0.253976] (ur_robotiq_description) StdoutLine: {'line': b'-- Found ur_description: 2.1.3 (/opt/ros/humble/share/ur_description/cmake)\n'}
[0.254185] (ur_robotiq_description) StdoutLine: {'line': b'-- Found moveit: 2.5.5 (/opt/ros/humble/share/moveit/cmake)\n'}
[0.254328] (ur_robotiq_description) StdoutLine: {'line': b'-- Found rclcpp: 16.0.8 (/opt/ros/humble/share/rclcpp/cmake)\n'}
[0.280265] (ur_robotiq_description) StdoutLine: {'line': b'-- Found rosidl_generator_c: 3.1.5 (/opt/ros/humble/share/rosidl_generator_c/cmake)\n'}
[0.282391] (ur_robotiq_description) StdoutLine: {'line': b'-- Found rosidl_adapter: 3.1.5 (/opt/ros/humble/share/rosidl_adapter/cmake)\n'}
[0.288027] (ur_robotiq_description) StdoutLine: {'line': b'-- Found rosidl_generator_cpp: 3.1.5 (/opt/ros/humble/share/rosidl_generator_cpp/cmake)\n'}
[0.298006] (ur_robotiq_description) StdoutLine: {'line': b'-- Using all available rosidl_typesupport_c: rosidl_typesupport_fastrtps_c;rosidl_typesupport_introspection_c\n'}
[0.299706] (-) TimerEvent: {}
[0.311773] (ur_robotiq_description) StdoutLine: {'line': b'-- Using all available rosidl_typesupport_cpp: rosidl_typesupport_fastrtps_cpp;rosidl_typesupport_introspection_cpp\n'}
[0.364832] (ur_robotiq_description) StdoutLine: {'line': b'-- Found rmw_implementation_cmake: 6.1.1 (/opt/ros/humble/share/rmw_implementation_cmake/cmake)\n'}
[0.366165] (ur_robotiq_description) StdoutLine: {'line': b'-- Found rmw_fastrtps_cpp: 6.2.6 (/opt/ros/humble/share/rmw_fastrtps_cpp/cmake)\n'}
[0.399829] (-) TimerEvent: {}
[0.470675] (ur_robotiq_description) StdoutLine: {'line': b"-- Using RMW implementation 'rmw_fastrtps_cpp' as default\n"}
[0.499915] (-) TimerEvent: {}
[0.600134] (-) TimerEvent: {}
[0.615225] (ur_robotiq_description) StdoutLine: {'line': b'-- Found moveit_core: 2.5.5 (/opt/ros/humble/share/moveit_core/cmake)\n'}
[0.628283] (ur_robotiq_description) StdoutLine: {'line': b'-- Found Boost: /usr/lib/x86_64-linux-gnu/cmake/Boost-1.74.0/BoostConfig.cmake (found version "1.74.0") found components: chrono date_time filesystem iostreams program_options regex serialization system thread \n'}
[0.635719] (ur_robotiq_description) StdoutLine: {'line': b'-- Found parameter_traits: 0.3.7 (/opt/ros/humble/share/parameter_traits/cmake)\n'}
[0.646969] (ur_robotiq_description) StdoutLine: {'line': b'-- Found rclcpp_lifecycle: 16.0.8 (/opt/ros/humble/share/rclcpp_lifecycle/cmake)\n'}
[0.686909] (ur_robotiq_description) StdoutLine: {'line': b'-- Found Boost: /usr/lib/x86_64-linux-gnu/cmake/Boost-1.74.0/BoostConfig.cmake (found version "1.74.0") found components: filesystem \n'}
[0.700235] (-) TimerEvent: {}
[0.759751] (ur_robotiq_description) StdoutLine: {'line': b'-- library: /usr/lib/x86_64-linux-gnu/libcurl.so\n'}
[0.800337] (-) TimerEvent: {}
[0.900558] (-) TimerEvent: {}
[1.000804] (-) TimerEvent: {}
[1.047724] (ur_robotiq_description) StdoutLine: {'line': b'-- Ensuring Eigen3 include directory is part of orocos-kdl CMake target\n'}
[1.100915] (-) TimerEvent: {}
[1.201197] (-) TimerEvent: {}
[1.301423] (-) TimerEvent: {}
[1.401682] (-) TimerEvent: {}
[1.501936] (-) TimerEvent: {}
[1.602182] (-) TimerEvent: {}
[1.702422] (-) TimerEvent: {}
[1.802687] (-) TimerEvent: {}
[1.902923] (-) TimerEvent: {}
[2.003141] (-) TimerEvent: {}
[2.074557] (ur_robotiq_description) StdoutLine: {'line': b'-- Found moveit_ros_planning_interface: 2.5.5 (/opt/ros/humble/share/moveit_ros_planning_interface/cmake)\n'}
[2.078759] (ur_robotiq_description) StdoutLine: {'line': b'-- Found Boost: /usr/lib/x86_64-linux-gnu/cmake/Boost-1.74.0/BoostConfig.cmake (found version "1.74.0") found components: date_time filesystem program_options system thread \n'}
[2.103225] (-) TimerEvent: {}
[2.184854] (ur_robotiq_description) StdoutLine: {'line': b'-- Found Boost: /usr/lib/x86_64-linux-gnu/cmake/Boost-1.74.0/BoostConfig.cmake (found version "1.74.0") found components: system filesystem date_time program_options thread chrono \n'}
[2.203308] (-) TimerEvent: {}
[2.303546] (-) TimerEvent: {}
[2.403782] (-) TimerEvent: {}
[2.504015] (-) TimerEvent: {}
[2.604264] (-) TimerEvent: {}
[2.704525] (-) TimerEvent: {}
[2.726083] (ur_robotiq_description) StdoutLine: {'line': b'-- Found Boost: /usr/lib/x86_64-linux-gnu/cmake/Boost-1.74.0/BoostConfig.cmake (found version "1.74.0") found components: thread system filesystem regex date_time program_options \n'}
[2.804570] (-) TimerEvent: {}
[2.904800] (-) TimerEvent: {}
[2.971100] (ur_robotiq_description) StdoutLine: {'line': b'-- Found Boost: /usr/lib/x86_64-linux-gnu/cmake/Boost-1.74.0/BoostConfig.cmake (found version "1.74.0") found components: system filesystem date_time program_options thread \n'}
[3.004888] (-) TimerEvent: {}
[3.105107] (-) TimerEvent: {}
[3.205341] (-) TimerEvent: {}
[3.305591] (-) TimerEvent: {}
[3.405824] (-) TimerEvent: {}
[3.409951] (ur_robotiq_description) StderrLine: {'line': b'\x1b[31mCMake Error at CMakeLists.txt:22 (find_package):\n'}
[3.410140] (ur_robotiq_description) StderrLine: {'line': b'  By not providing "Findcatkin.cmake" in CMAKE_MODULE_PATH this project has\n'}
[3.410232] (ur_robotiq_description) StderrLine: {'line': b'  asked CMake to find a package configuration file provided by "catkin", but\n'}
[3.410427] (ur_robotiq_description) StderrLine: {'line': b'  CMake did not find one.\n'}
[3.410494] (ur_robotiq_description) StderrLine: {'line': b'\n'}
[3.410548] (ur_robotiq_description) StderrLine: {'line': b'  Could not find a package configuration file provided by "catkin" with any\n'}
[3.410600] (ur_robotiq_description) StderrLine: {'line': b'  of the following names:\n'}
[3.410651] (ur_robotiq_description) StderrLine: {'line': b'\n'}
[3.410700] (ur_robotiq_description) StderrLine: {'line': b'    catkinConfig.cmake\n'}
[3.410748] (ur_robotiq_description) StderrLine: {'line': b'    catkin-config.cmake\n'}
[3.410797] (ur_robotiq_description) StderrLine: {'line': b'\n'}
[3.410845] (ur_robotiq_description) StderrLine: {'line': b'  Add the installation prefix of "catkin" to CMAKE_PREFIX_PATH or set\n'}
[3.410893] (ur_robotiq_description) StderrLine: {'line': b'  "catkin_DIR" to a directory containing one of the above files.  If "catkin"\n'}
[3.410941] (ur_robotiq_description) StderrLine: {'line': b'  provides a separate development package or SDK, be sure it has been\n'}
[3.410989] (ur_robotiq_description) StderrLine: {'line': b'  installed.\n'}
[3.411036] (ur_robotiq_description) StderrLine: {'line': b'\n'}
[3.411083] (ur_robotiq_description) StderrLine: {'line': b'\x1b[0m\n'}
[3.411130] (ur_robotiq_description) StdoutLine: {'line': b'-- Configuring incomplete, errors occurred!\n'}
[3.411191] (ur_robotiq_description) StdoutLine: {'line': b'See also "/home/fiend/voice_grab/ros2_ws/build/ur_robotiq_description/CMakeFiles/CMakeOutput.log".\n'}
[3.418690] (ur_robotiq_description) StderrLine: {'line': b'gmake: *** [Makefile:267: cmake_check_build_system] Error 1\n'}
[3.420621] (ur_robotiq_description) CommandEnded: {'returncode': 2}
[3.495766] (ur_robotiq_description) JobEnded: {'identifier': 'ur_robotiq_description', 'rc': 2}
[3.506081] (-) TimerEvent: {}
[3.506515] (-) EventReactorShutdown: {}
