[0.026s] Invoking command in '/home/fiend/voice_grab/ros2_ws/build/zed_wrapper': CMAKE_PREFIX_PATH=/home/fiend/voice_grab/ros2_ws/install/zed_components:/home/fiend/voice_grab/ros2_ws/install/zed_interfaces:/home/fiend/Navigation_Bot/dev_ws/install/navigation_bot:/home/fiend/voice_grab/ros2_ws/install/zed_ros2:/home/fiend/voice_grab/ros2_ws/install/zed_wrapper:/home/fiend/voice_grab/ros2_ws/install/voice_grabber:/home/fiend/voice_grab/ros2_ws/install/ur_robotiq:/home/fiend/voice_grab/ros2_ws/install/ur_robotiq_description:/home/fiend/LineFollowingRobot/ros_ws/install/line_bhakt:/home/fiend/ROS/practice_codes_ROS2/articubot_one/install/articubot_one:/opt/ros/humble PS1=
\[[38;5;156m\]\[[0m\]\[[38;5;166m\]ros2_ws\[[0m\]\[[38;5;166m\]\[[0m\] on \[[38;5;162m\] \[[0m\]\[[38;5;162m\]master\[[0m\] underwent \[[36m\]10s\[[0m\]
\[[1;38;5;166m\]➜\[[0m\] /usr/bin/cmake --build /home/fiend/voice_grab/ros2_ws/build/zed_wrapper -- -j8 -l8
[0.132s] [100%] Built target zed_wrapper
[0.152s] Invoked command in '/home/fiend/voice_grab/ros2_ws/build/zed_wrapper' returned '0': CMAKE_PREFIX_PATH=/home/fiend/voice_grab/ros2_ws/install/zed_components:/home/fiend/voice_grab/ros2_ws/install/zed_interfaces:/home/fiend/Navigation_Bot/dev_ws/install/navigation_bot:/home/fiend/voice_grab/ros2_ws/install/zed_ros2:/home/fiend/voice_grab/ros2_ws/install/zed_wrapper:/home/fiend/voice_grab/ros2_ws/install/voice_grabber:/home/fiend/voice_grab/ros2_ws/install/ur_robotiq:/home/fiend/voice_grab/ros2_ws/install/ur_robotiq_description:/home/fiend/LineFollowingRobot/ros_ws/install/line_bhakt:/home/fiend/ROS/practice_codes_ROS2/articubot_one/install/articubot_one:/opt/ros/humble PS1=
\[[38;5;156m\]\[[0m\]\[[38;5;166m\]ros2_ws\[[0m\]\[[38;5;166m\]\[[0m\] on \[[38;5;162m\] \[[0m\]\[[38;5;162m\]master\[[0m\] underwent \[[36m\]10s\[[0m\]
\[[1;38;5;166m\]➜\[[0m\] /usr/bin/cmake --build /home/fiend/voice_grab/ros2_ws/build/zed_wrapper -- -j8 -l8
[0.199s] Invoking command in '/home/fiend/voice_grab/ros2_ws/build/zed_wrapper': CMAKE_PREFIX_PATH=/home/fiend/voice_grab/ros2_ws/install/zed_components:/home/fiend/voice_grab/ros2_ws/install/zed_interfaces:/home/fiend/Navigation_Bot/dev_ws/install/navigation_bot:/home/fiend/voice_grab/ros2_ws/install/zed_ros2:/home/fiend/voice_grab/ros2_ws/install/zed_wrapper:/home/fiend/voice_grab/ros2_ws/install/voice_grabber:/home/fiend/voice_grab/ros2_ws/install/ur_robotiq:/home/fiend/voice_grab/ros2_ws/install/ur_robotiq_description:/home/fiend/LineFollowingRobot/ros_ws/install/line_bhakt:/home/fiend/ROS/practice_codes_ROS2/articubot_one/install/articubot_one:/opt/ros/humble PS1=
\[[38;5;156m\]\[[0m\]\[[38;5;166m\]ros2_ws\[[0m\]\[[38;5;166m\]\[[0m\] on \[[38;5;162m\] \[[0m\]\[[38;5;162m\]master\[[0m\] underwent \[[36m\]10s\[[0m\]
\[[1;38;5;166m\]➜\[[0m\] /usr/bin/cmake --install /home/fiend/voice_grab/ros2_ws/build/zed_wrapper
[0.213s] -- Install configuration: "Release"
[0.214s] -- Execute custom install script
[0.214s] -- Up-to-date symlink: /home/fiend/voice_grab/ros2_ws/install/zed_wrapper/lib/zed_wrapper/zed_wrapper
[0.215s] -- Up-to-date symlink: /home/fiend/voice_grab/ros2_ws/install/zed_wrapper/share/zed_wrapper/config/common.yaml
[0.215s] -- Up-to-date symlink: /home/fiend/voice_grab/ros2_ws/install/zed_wrapper/share/zed_wrapper/config/zed.yaml
[0.216s] -- Up-to-date symlink: /home/fiend/voice_grab/ros2_ws/install/zed_wrapper/share/zed_wrapper/config/zed2.yaml
[0.216s] -- Up-to-date symlink: /home/fiend/voice_grab/ros2_ws/install/zed_wrapper/share/zed_wrapper/config/zed2i.yaml
[0.216s] -- Up-to-date symlink: /home/fiend/voice_grab/ros2_ws/install/zed_wrapper/share/zed_wrapper/config/zedm.yaml
[0.217s] -- Up-to-date symlink: /home/fiend/voice_grab/ros2_ws/install/zed_wrapper/share/zed_wrapper/config/zedx.yaml
[0.217s] -- Up-to-date symlink: /home/fiend/voice_grab/ros2_ws/install/zed_wrapper/share/zed_wrapper/config/zedxm.yaml
[0.218s] -- Up-to-date symlink: /home/fiend/voice_grab/ros2_ws/install/zed_wrapper/share/zed_wrapper/urdf/include/materials.urdf.xacro
[0.218s] -- Up-to-date symlink: /home/fiend/voice_grab/ros2_ws/install/zed_wrapper/share/zed_wrapper/urdf/zed_descr.urdf.xacro
[0.219s] -- Up-to-date symlink: /home/fiend/voice_grab/ros2_ws/install/zed_wrapper/share/zed_wrapper/urdf/zed_macro.urdf.xacro
[0.219s] -- Up-to-date symlink: /home/fiend/voice_grab/ros2_ws/install/zed_wrapper/share/zed_wrapper/launch/obsolete/zed.launch.py
[0.220s] -- Up-to-date symlink: /home/fiend/voice_grab/ros2_ws/install/zed_wrapper/share/zed_wrapper/launch/obsolete/zed2.launch.py
[0.220s] -- Up-to-date symlink: /home/fiend/voice_grab/ros2_ws/install/zed_wrapper/share/zed_wrapper/launch/obsolete/zed2i.launch.py
[0.221s] -- Up-to-date symlink: /home/fiend/voice_grab/ros2_ws/install/zed_wrapper/share/zed_wrapper/launch/obsolete/zedm.launch.py
[0.221s] -- Up-to-date symlink: /home/fiend/voice_grab/ros2_ws/install/zed_wrapper/share/zed_wrapper/launch/obsolete/zedx.launch.py
[0.221s] -- Up-to-date symlink: /home/fiend/voice_grab/ros2_ws/install/zed_wrapper/share/zed_wrapper/launch/obsolete/zedxm.launch.py
[0.222s] -- Up-to-date symlink: /home/fiend/voice_grab/ros2_ws/install/zed_wrapper/share/zed_wrapper/launch/zed_camera.launch.py
[0.222s] -- Up-to-date symlink: /home/fiend/voice_grab/ros2_ws/install/zed_wrapper/share/ament_index/resource_index/package_run_dependencies/zed_wrapper
[0.223s] -- Up-to-date symlink: /home/fiend/voice_grab/ros2_ws/install/zed_wrapper/share/ament_index/resource_index/parent_prefix_path/zed_wrapper
[0.223s] -- Up-to-date symlink: /home/fiend/voice_grab/ros2_ws/install/zed_wrapper/share/zed_wrapper/environment/ament_prefix_path.sh
[0.224s] -- Up-to-date symlink: /home/fiend/voice_grab/ros2_ws/install/zed_wrapper/share/zed_wrapper/environment/ament_prefix_path.dsv
[0.224s] -- Up-to-date symlink: /home/fiend/voice_grab/ros2_ws/install/zed_wrapper/share/zed_wrapper/environment/path.sh
[0.224s] -- Up-to-date symlink: /home/fiend/voice_grab/ros2_ws/install/zed_wrapper/share/zed_wrapper/environment/path.dsv
[0.225s] -- Up-to-date symlink: /home/fiend/voice_grab/ros2_ws/install/zed_wrapper/share/zed_wrapper/local_setup.bash
[0.225s] -- Up-to-date symlink: /home/fiend/voice_grab/ros2_ws/install/zed_wrapper/share/zed_wrapper/local_setup.sh
[0.225s] -- Up-to-date symlink: /home/fiend/voice_grab/ros2_ws/install/zed_wrapper/share/zed_wrapper/local_setup.zsh
[0.226s] -- Up-to-date symlink: /home/fiend/voice_grab/ros2_ws/install/zed_wrapper/share/zed_wrapper/local_setup.dsv
[0.226s] -- Symlinking: /home/fiend/voice_grab/ros2_ws/install/zed_wrapper/share/zed_wrapper/package.dsv
[0.242s] -- Up-to-date symlink: /home/fiend/voice_grab/ros2_ws/install/zed_wrapper/share/ament_index/resource_index/packages/zed_wrapper
[0.242s] -- Up-to-date symlink: /home/fiend/voice_grab/ros2_ws/install/zed_wrapper/share/zed_wrapper/cmake/zed_wrapperConfig.cmake
[0.242s] -- Up-to-date symlink: /home/fiend/voice_grab/ros2_ws/install/zed_wrapper/share/zed_wrapper/cmake/zed_wrapperConfig-version.cmake
[0.242s] -- Up-to-date symlink: /home/fiend/voice_grab/ros2_ws/install/zed_wrapper/share/zed_wrapper/package.xml
[0.246s] Invoked command in '/home/fiend/voice_grab/ros2_ws/build/zed_wrapper' returned '0': CMAKE_PREFIX_PATH=/home/fiend/voice_grab/ros2_ws/install/zed_components:/home/fiend/voice_grab/ros2_ws/install/zed_interfaces:/home/fiend/Navigation_Bot/dev_ws/install/navigation_bot:/home/fiend/voice_grab/ros2_ws/install/zed_ros2:/home/fiend/voice_grab/ros2_ws/install/zed_wrapper:/home/fiend/voice_grab/ros2_ws/install/voice_grabber:/home/fiend/voice_grab/ros2_ws/install/ur_robotiq:/home/fiend/voice_grab/ros2_ws/install/ur_robotiq_description:/home/fiend/LineFollowingRobot/ros_ws/install/line_bhakt:/home/fiend/ROS/practice_codes_ROS2/articubot_one/install/articubot_one:/opt/ros/humble PS1=
\[[38;5;156m\]\[[0m\]\[[38;5;166m\]ros2_ws\[[0m\]\[[38;5;166m\]\[[0m\] on \[[38;5;162m\] \[[0m\]\[[38;5;162m\]master\[[0m\] underwent \[[36m\]10s\[[0m\]
\[[1;38;5;166m\]➜\[[0m\] /usr/bin/cmake --install /home/fiend/voice_grab/ros2_ws/build/zed_wrapper
