[35m[1mConsolidate compiler generated dependencies of target Move[0m
[100%] Built target Move
-- Install configuration: "Release"
-- Execute custom install script
-- Up-to-date symlink: /home/fiend/voice_grab/ros2_ws/install/ur_robotiq_description/lib/ur_robotiq_description/Move
-- Up-to-date symlink: /home/fiend/voice_grab/ros2_ws/install/ur_robotiq_description/share/ur_robotiq_description/urdf/gazebo_stereocam.urdf.xacro
-- Up-to-date symlink: /home/fiend/voice_grab/ros2_ws/install/ur_robotiq_description/share/ur_robotiq_description/urdf/materials.urdf.xacro
-- Up-to-date symlink: /home/fiend/voice_grab/ros2_ws/install/ur_robotiq_description/share/ur_robotiq_description/urdf/meshes/zed.stl
-- Up-to-date symlink: /home/fiend/voice_grab/ros2_ws/install/ur_robotiq_description/share/ur_robotiq_description/urdf/meshes/zed2.stl
-- Up-to-date symlink: /home/fiend/voice_grab/ros2_ws/install/ur_robotiq_description/share/ur_robotiq_description/urdf/meshes/zed2i.stl
-- Up-to-date symlink: /home/fiend/voice_grab/ros2_ws/install/ur_robotiq_description/share/ur_robotiq_description/urdf/meshes/zedm.stl
-- Up-to-date symlink: /home/fiend/voice_grab/ros2_ws/install/ur_robotiq_description/share/ur_robotiq_description/urdf/meshes/zedx.stl
-- Up-to-date symlink: /home/fiend/voice_grab/ros2_ws/install/ur_robotiq_description/share/ur_robotiq_description/urdf/meshes/zedxm.stl
-- Symlinking: /home/fiend/voice_grab/ros2_ws/install/ur_robotiq_description/share/ur_robotiq_description/urdf/robotiq_2f_85.urdf.xacro
-- Up-to-date symlink: /home/fiend/voice_grab/ros2_ws/install/ur_robotiq_description/share/ur_robotiq_description/urdf/ur3e.urdf.xacro
-- Up-to-date symlink: /home/fiend/voice_grab/ros2_ws/install/ur_robotiq_description/share/ur_robotiq_description/urdf/ur3e_robotiq_2f_85.urdf.xacro
-- Up-to-date symlink: /home/fiend/voice_grab/ros2_ws/install/ur_robotiq_description/share/ur_robotiq_description/urdf/zed_descr.urdf.xacro
-- Up-to-date symlink: /home/fiend/voice_grab/ros2_ws/install/ur_robotiq_description/share/ur_robotiq_description/urdf/zed_macro.urdf.xacro
-- Up-to-date symlink: /home/fiend/voice_grab/ros2_ws/install/ur_robotiq_description/share/ur_robotiq_description/launch/launch_sim.launch.py
-- Up-to-date symlink: /home/fiend/voice_grab/ros2_ws/install/ur_robotiq_description/share/ur_robotiq_description/launch/rsp.launch.py
-- Up-to-date symlink: /home/fiend/voice_grab/ros2_ws/install/ur_robotiq_description/share/ur_robotiq_description/urdf/meshes/zed.stl
-- Up-to-date symlink: /home/fiend/voice_grab/ros2_ws/install/ur_robotiq_description/share/ur_robotiq_description/urdf/meshes/zed2.stl
-- Up-to-date symlink: /home/fiend/voice_grab/ros2_ws/install/ur_robotiq_description/share/ur_robotiq_description/urdf/meshes/zed2i.stl
-- Up-to-date symlink: /home/fiend/voice_grab/ros2_ws/install/ur_robotiq_description/share/ur_robotiq_description/urdf/meshes/zedm.stl
-- Up-to-date symlink: /home/fiend/voice_grab/ros2_ws/install/ur_robotiq_description/share/ur_robotiq_description/urdf/meshes/zedx.stl
-- Up-to-date symlink: /home/fiend/voice_grab/ros2_ws/install/ur_robotiq_description/share/ur_robotiq_description/urdf/meshes/zedxm.stl
-- Up-to-date symlink: /home/fiend/voice_grab/ros2_ws/install/ur_robotiq_description/share/ament_index/resource_index/package_run_dependencies/ur_robotiq_description
-- Up-to-date symlink: /home/fiend/voice_grab/ros2_ws/install/ur_robotiq_description/share/ament_index/resource_index/parent_prefix_path/ur_robotiq_description
-- Up-to-date symlink: /home/fiend/voice_grab/ros2_ws/install/ur_robotiq_description/share/ur_robotiq_description/environment/ament_prefix_path.sh
-- Up-to-date symlink: /home/fiend/voice_grab/ros2_ws/install/ur_robotiq_description/share/ur_robotiq_description/environment/ament_prefix_path.dsv
-- Up-to-date symlink: /home/fiend/voice_grab/ros2_ws/install/ur_robotiq_description/share/ur_robotiq_description/environment/path.sh
-- Up-to-date symlink: /home/fiend/voice_grab/ros2_ws/install/ur_robotiq_description/share/ur_robotiq_description/environment/path.dsv
-- Up-to-date symlink: /home/fiend/voice_grab/ros2_ws/install/ur_robotiq_description/share/ur_robotiq_description/local_setup.bash
-- Up-to-date symlink: /home/fiend/voice_grab/ros2_ws/install/ur_robotiq_description/share/ur_robotiq_description/local_setup.sh
-- Up-to-date symlink: /home/fiend/voice_grab/ros2_ws/install/ur_robotiq_description/share/ur_robotiq_description/local_setup.zsh
-- Up-to-date symlink: /home/fiend/voice_grab/ros2_ws/install/ur_robotiq_description/share/ur_robotiq_description/local_setup.dsv
-- Symlinking: /home/fiend/voice_grab/ros2_ws/install/ur_robotiq_description/share/ur_robotiq_description/package.dsv
-- Up-to-date symlink: /home/fiend/voice_grab/ros2_ws/install/ur_robotiq_description/share/ament_index/resource_index/packages/ur_robotiq_description
-- Up-to-date symlink: /home/fiend/voice_grab/ros2_ws/install/ur_robotiq_description/share/ur_robotiq_description/cmake/ur_robotiq_descriptionConfig.cmake
-- Up-to-date symlink: /home/fiend/voice_grab/ros2_ws/install/ur_robotiq_description/share/ur_robotiq_description/cmake/ur_robotiq_descriptionConfig-version.cmake
-- Up-to-date symlink: /home/fiend/voice_grab/ros2_ws/install/ur_robotiq_description/share/ur_robotiq_description/package.xml
