[0.013s] Invoking command in '/home/fiend/voice_grab/ros2_ws/build/zed_components': CMAKE_PREFIX_PATH=/home/fiend/voice_grab/ros2_ws/install/zed_interfaces:/home/fiend/voice_grab/ros2_ws/install/zed_ros2:/home/fiend/voice_grab/ros2_ws/install/zed_wrapper:/home/fiend/voice_grab/ros2_ws/install/zed_components:/home/fiend/Navigation_Bot/dev_ws/install/navigation_bot:/home/fiend/voice_grab/ros2_ws/install/voice_grabber:/home/fiend/voice_grab/ros2_ws/install/ur_robotiq:/home/fiend/voice_grab/ros2_ws/install/ur_robotiq_description:/home/fiend/LineFollowingRobot/ros_ws/install/line_bhakt:/home/fiend/ROS/practice_codes_ROS2/articubot_one/install/articubot_one:/opt/ros/humble LD_LIBRARY_PATH=/home/fiend/voice_grab/ros2_ws/install/zed_interfaces/lib:/home/fiend/voice_grab/ros2_ws/install/zed_components/lib:/usr/lib/x86_64-linux-gnu/gazebo-11/plugins:/opt/ros/humble/opt/rviz_ogre_vendor/lib:/opt/ros/humble/lib/x86_64-linux-gnu:/opt/ros/humble/lib PS1=
\[[38;5;156m\]\[[0m\]\[[38;5;166m\]ros2_ws\[[0m\]\[[38;5;166m\]\[[0m\] on \[[38;5;162m\] \[[0m\]\[[38;5;162m\]master\[[0m\]
\[[1;38;5;166m\]➜\[[0m\] /usr/bin/cmake /home/fiend/voice_grab/ros2_ws/src/zed-ros2-wrapper/zed_components -DAMENT_CMAKE_SYMLINK_INSTALL=1 -DCMAKE_INSTALL_PREFIX=/home/fiend/voice_grab/ros2_ws/install/zed_components
[0.077s] -- Found CUDA: /usr/local/cuda (found suitable version "12.4", minimum required is "12") 
[0.261s] -- Found CUDA: /usr/local/cuda (found version "12.4") 
[0.262s] -- Found ament_cmake_auto: 1.3.8 (/opt/ros/humble/share/ament_cmake_auto/cmake)
[0.368s] -- Override CMake install command with custom implementation using symlinks instead of copying resources
[0.458s] -- Found rosidl_generator_c: 3.1.5 (/opt/ros/humble/share/rosidl_generator_c/cmake)
[0.460s] -- Found rosidl_adapter: 3.1.5 (/opt/ros/humble/share/rosidl_adapter/cmake)
[0.465s] -- Found rosidl_generator_cpp: 3.1.5 (/opt/ros/humble/share/rosidl_generator_cpp/cmake)
[0.475s] -- Using all available rosidl_typesupport_c: rosidl_typesupport_fastrtps_c;rosidl_typesupport_introspection_c
[0.489s] -- Using all available rosidl_typesupport_cpp: rosidl_typesupport_fastrtps_cpp;rosidl_typesupport_introspection_cpp
[0.758s] -- Found rmw_implementation_cmake: 6.1.1 (/opt/ros/humble/share/rmw_implementation_cmake/cmake)
[0.759s] -- Found rmw_fastrtps_cpp: 6.2.6 (/opt/ros/humble/share/rmw_fastrtps_cpp/cmake)
[0.864s] -- Using RMW implementation 'rmw_fastrtps_cpp' as default
[1.764s] -- Found eigen3_cmake_module: 0.1.1 (/opt/ros/humble/share/eigen3_cmake_module/cmake)
[1.765s] -- Ensuring Eigen3 include directory is part of orocos-kdl CMake target
[2.125s] -- Found ament_lint_auto: 0.12.10 (/opt/ros/humble/share/ament_lint_auto/cmake)
[2.146s] -- Added test 'copyright' to check source files copyright and LICENSE
[2.147s] -- Added test 'cppcheck' to perform static code analysis on C / C++ code
[2.148s] -- Configured cppcheck include dirs: /home/fiend/voice_grab/ros2_ws/src/zed-ros2-wrapper/zed_components/src/include;/home/fiend/voice_grab/ros2_ws/src/zed-ros2-wrapper/zed_components/src/zed_camera/include;/home/fiend/voice_grab/ros2_ws/src/zed-ros2-wrapper/zed_components/src/tools/include
[2.148s] -- Configured cppcheck exclude dirs and/or files: 
[2.148s] -- Added test 'lint_cmake' to check CMake code style
[2.150s] -- Added test 'uncrustify' to check C / C++ code style
[2.150s] -- Configured uncrustify additional arguments: 
[2.150s] -- Added test 'xmllint' to check XML markup files
[2.154s] -- Configuring done
[2.178s] -- Generating done
[2.181s] -- Build files have been written to: /home/fiend/voice_grab/ros2_ws/build/zed_components
[2.190s] Invoked command in '/home/fiend/voice_grab/ros2_ws/build/zed_components' returned '0': CMAKE_PREFIX_PATH=/home/fiend/voice_grab/ros2_ws/install/zed_interfaces:/home/fiend/voice_grab/ros2_ws/install/zed_ros2:/home/fiend/voice_grab/ros2_ws/install/zed_wrapper:/home/fiend/voice_grab/ros2_ws/install/zed_components:/home/fiend/Navigation_Bot/dev_ws/install/navigation_bot:/home/fiend/voice_grab/ros2_ws/install/voice_grabber:/home/fiend/voice_grab/ros2_ws/install/ur_robotiq:/home/fiend/voice_grab/ros2_ws/install/ur_robotiq_description:/home/fiend/LineFollowingRobot/ros_ws/install/line_bhakt:/home/fiend/ROS/practice_codes_ROS2/articubot_one/install/articubot_one:/opt/ros/humble LD_LIBRARY_PATH=/home/fiend/voice_grab/ros2_ws/install/zed_interfaces/lib:/home/fiend/voice_grab/ros2_ws/install/zed_components/lib:/usr/lib/x86_64-linux-gnu/gazebo-11/plugins:/opt/ros/humble/opt/rviz_ogre_vendor/lib:/opt/ros/humble/lib/x86_64-linux-gnu:/opt/ros/humble/lib PS1=
\[[38;5;156m\]\[[0m\]\[[38;5;166m\]ros2_ws\[[0m\]\[[38;5;166m\]\[[0m\] on \[[38;5;162m\] \[[0m\]\[[38;5;162m\]master\[[0m\]
\[[1;38;5;166m\]➜\[[0m\] /usr/bin/cmake /home/fiend/voice_grab/ros2_ws/src/zed-ros2-wrapper/zed_components -DAMENT_CMAKE_SYMLINK_INSTALL=1 -DCMAKE_INSTALL_PREFIX=/home/fiend/voice_grab/ros2_ws/install/zed_components
[2.192s] Invoking command in '/home/fiend/voice_grab/ros2_ws/build/zed_components': CMAKE_PREFIX_PATH=/home/fiend/voice_grab/ros2_ws/install/zed_interfaces:/home/fiend/voice_grab/ros2_ws/install/zed_ros2:/home/fiend/voice_grab/ros2_ws/install/zed_wrapper:/home/fiend/voice_grab/ros2_ws/install/zed_components:/home/fiend/Navigation_Bot/dev_ws/install/navigation_bot:/home/fiend/voice_grab/ros2_ws/install/voice_grabber:/home/fiend/voice_grab/ros2_ws/install/ur_robotiq:/home/fiend/voice_grab/ros2_ws/install/ur_robotiq_description:/home/fiend/LineFollowingRobot/ros_ws/install/line_bhakt:/home/fiend/ROS/practice_codes_ROS2/articubot_one/install/articubot_one:/opt/ros/humble LD_LIBRARY_PATH=/home/fiend/voice_grab/ros2_ws/install/zed_interfaces/lib:/home/fiend/voice_grab/ros2_ws/install/zed_components/lib:/usr/lib/x86_64-linux-gnu/gazebo-11/plugins:/opt/ros/humble/opt/rviz_ogre_vendor/lib:/opt/ros/humble/lib/x86_64-linux-gnu:/opt/ros/humble/lib PS1=
\[[38;5;156m\]\[[0m\]\[[38;5;166m\]ros2_ws\[[0m\]\[[38;5;166m\]\[[0m\] on \[[38;5;162m\] \[[0m\]\[[38;5;162m\]master\[[0m\]
\[[1;38;5;166m\]➜\[[0m\] /usr/bin/cmake --build /home/fiend/voice_grab/ros2_ws/build/zed_components -- -j8 -l8
[2.226s] [35m[1mConsolidate compiler generated dependencies of target zed_camera_component[0m
[2.253s] [100%] Built target zed_camera_component
[2.261s] Invoked command in '/home/fiend/voice_grab/ros2_ws/build/zed_components' returned '0': CMAKE_PREFIX_PATH=/home/fiend/voice_grab/ros2_ws/install/zed_interfaces:/home/fiend/voice_grab/ros2_ws/install/zed_ros2:/home/fiend/voice_grab/ros2_ws/install/zed_wrapper:/home/fiend/voice_grab/ros2_ws/install/zed_components:/home/fiend/Navigation_Bot/dev_ws/install/navigation_bot:/home/fiend/voice_grab/ros2_ws/install/voice_grabber:/home/fiend/voice_grab/ros2_ws/install/ur_robotiq:/home/fiend/voice_grab/ros2_ws/install/ur_robotiq_description:/home/fiend/LineFollowingRobot/ros_ws/install/line_bhakt:/home/fiend/ROS/practice_codes_ROS2/articubot_one/install/articubot_one:/opt/ros/humble LD_LIBRARY_PATH=/home/fiend/voice_grab/ros2_ws/install/zed_interfaces/lib:/home/fiend/voice_grab/ros2_ws/install/zed_components/lib:/usr/lib/x86_64-linux-gnu/gazebo-11/plugins:/opt/ros/humble/opt/rviz_ogre_vendor/lib:/opt/ros/humble/lib/x86_64-linux-gnu:/opt/ros/humble/lib PS1=
\[[38;5;156m\]\[[0m\]\[[38;5;166m\]ros2_ws\[[0m\]\[[38;5;166m\]\[[0m\] on \[[38;5;162m\] \[[0m\]\[[38;5;162m\]master\[[0m\]
\[[1;38;5;166m\]➜\[[0m\] /usr/bin/cmake --build /home/fiend/voice_grab/ros2_ws/build/zed_components -- -j8 -l8
[2.285s] Invoking command in '/home/fiend/voice_grab/ros2_ws/build/zed_components': CMAKE_PREFIX_PATH=/home/fiend/voice_grab/ros2_ws/install/zed_interfaces:/home/fiend/voice_grab/ros2_ws/install/zed_ros2:/home/fiend/voice_grab/ros2_ws/install/zed_wrapper:/home/fiend/voice_grab/ros2_ws/install/zed_components:/home/fiend/Navigation_Bot/dev_ws/install/navigation_bot:/home/fiend/voice_grab/ros2_ws/install/voice_grabber:/home/fiend/voice_grab/ros2_ws/install/ur_robotiq:/home/fiend/voice_grab/ros2_ws/install/ur_robotiq_description:/home/fiend/LineFollowingRobot/ros_ws/install/line_bhakt:/home/fiend/ROS/practice_codes_ROS2/articubot_one/install/articubot_one:/opt/ros/humble LD_LIBRARY_PATH=/home/fiend/voice_grab/ros2_ws/install/zed_interfaces/lib:/home/fiend/voice_grab/ros2_ws/install/zed_components/lib:/usr/lib/x86_64-linux-gnu/gazebo-11/plugins:/opt/ros/humble/opt/rviz_ogre_vendor/lib:/opt/ros/humble/lib/x86_64-linux-gnu:/opt/ros/humble/lib PS1=
\[[38;5;156m\]\[[0m\]\[[38;5;166m\]ros2_ws\[[0m\]\[[38;5;166m\]\[[0m\] on \[[38;5;162m\] \[[0m\]\[[38;5;162m\]master\[[0m\]
\[[1;38;5;166m\]➜\[[0m\] /usr/bin/cmake --install /home/fiend/voice_grab/ros2_ws/build/zed_components
[2.291s] -- Install configuration: "Release"
[2.291s] -- Execute custom install script
[2.292s] -- Up-to-date symlink: /home/fiend/voice_grab/ros2_ws/install/zed_components/lib/libzed_camera_component.so
[2.292s] -- Up-to-date symlink: /home/fiend/voice_grab/ros2_ws/install/zed_components/include/zed_components//cost_traversability.hpp
[2.292s] -- Up-to-date symlink: /home/fiend/voice_grab/ros2_ws/install/zed_components/include/zed_components//sl_types.hpp
[2.292s] -- Up-to-date symlink: /home/fiend/voice_grab/ros2_ws/install/zed_components/include/zed_components//zed_camera_component.hpp
[2.293s] -- Up-to-date symlink: /home/fiend/voice_grab/ros2_ws/install/zed_components/include/zed_components//sl_logging.hpp
[2.293s] -- Up-to-date symlink: /home/fiend/voice_grab/ros2_ws/install/zed_components/include/zed_components//sl_tools.hpp
[2.293s] -- Up-to-date symlink: /home/fiend/voice_grab/ros2_ws/install/zed_components/include/zed_components//sl_win_avg.hpp
[2.293s] -- Up-to-date symlink: /home/fiend/voice_grab/ros2_ws/install/zed_components/include/zed_components//visibility_control.hpp
[2.294s] -- Up-to-date symlink: /home/fiend/voice_grab/ros2_ws/install/zed_components/share/zed_components/environment/library_path.sh
[2.294s] -- Up-to-date symlink: /home/fiend/voice_grab/ros2_ws/install/zed_components/share/zed_components/environment/library_path.dsv
[2.294s] -- Up-to-date symlink: /home/fiend/voice_grab/ros2_ws/install/zed_components/share/ament_index/resource_index/package_run_dependencies/zed_components
[2.294s] -- Up-to-date symlink: /home/fiend/voice_grab/ros2_ws/install/zed_components/share/ament_index/resource_index/parent_prefix_path/zed_components
[2.295s] -- Up-to-date symlink: /home/fiend/voice_grab/ros2_ws/install/zed_components/share/zed_components/environment/ament_prefix_path.sh
[2.295s] -- Up-to-date symlink: /home/fiend/voice_grab/ros2_ws/install/zed_components/share/zed_components/environment/ament_prefix_path.dsv
[2.295s] -- Up-to-date symlink: /home/fiend/voice_grab/ros2_ws/install/zed_components/share/zed_components/environment/path.sh
[2.295s] -- Up-to-date symlink: /home/fiend/voice_grab/ros2_ws/install/zed_components/share/zed_components/environment/path.dsv
[2.295s] -- Up-to-date symlink: /home/fiend/voice_grab/ros2_ws/install/zed_components/share/zed_components/local_setup.bash
[2.296s] -- Up-to-date symlink: /home/fiend/voice_grab/ros2_ws/install/zed_components/share/zed_components/local_setup.sh
[2.296s] -- Up-to-date symlink: /home/fiend/voice_grab/ros2_ws/install/zed_components/share/zed_components/local_setup.zsh
[2.296s] -- Up-to-date symlink: /home/fiend/voice_grab/ros2_ws/install/zed_components/share/zed_components/local_setup.dsv
[2.296s] -- Symlinking: /home/fiend/voice_grab/ros2_ws/install/zed_components/share/zed_components/package.dsv
[2.304s] -- Up-to-date symlink: /home/fiend/voice_grab/ros2_ws/install/zed_components/share/ament_index/resource_index/packages/zed_components
[2.304s] -- Up-to-date symlink: /home/fiend/voice_grab/ros2_ws/install/zed_components/share/ament_index/resource_index/rclcpp_components/zed_components
[2.304s] -- Up-to-date symlink: /home/fiend/voice_grab/ros2_ws/install/zed_components/share/zed_components/cmake/ament_cmake_export_include_directories-extras.cmake
[2.305s] -- Up-to-date symlink: /home/fiend/voice_grab/ros2_ws/install/zed_components/share/zed_components/cmake/ament_cmake_export_libraries-extras.cmake
[2.305s] -- Up-to-date symlink: /home/fiend/voice_grab/ros2_ws/install/zed_components/share/zed_components/cmake/ament_cmake_export_dependencies-extras.cmake
[2.305s] -- Up-to-date symlink: /home/fiend/voice_grab/ros2_ws/install/zed_components/share/zed_components/cmake/zed_componentsConfig.cmake
[2.305s] -- Up-to-date symlink: /home/fiend/voice_grab/ros2_ws/install/zed_components/share/zed_components/cmake/zed_componentsConfig-version.cmake
[2.306s] -- Up-to-date symlink: /home/fiend/voice_grab/ros2_ws/install/zed_components/share/zed_components/package.xml
[2.308s] Invoked command in '/home/fiend/voice_grab/ros2_ws/build/zed_components' returned '0': CMAKE_PREFIX_PATH=/home/fiend/voice_grab/ros2_ws/install/zed_interfaces:/home/fiend/voice_grab/ros2_ws/install/zed_ros2:/home/fiend/voice_grab/ros2_ws/install/zed_wrapper:/home/fiend/voice_grab/ros2_ws/install/zed_components:/home/fiend/Navigation_Bot/dev_ws/install/navigation_bot:/home/fiend/voice_grab/ros2_ws/install/voice_grabber:/home/fiend/voice_grab/ros2_ws/install/ur_robotiq:/home/fiend/voice_grab/ros2_ws/install/ur_robotiq_description:/home/fiend/LineFollowingRobot/ros_ws/install/line_bhakt:/home/fiend/ROS/practice_codes_ROS2/articubot_one/install/articubot_one:/opt/ros/humble LD_LIBRARY_PATH=/home/fiend/voice_grab/ros2_ws/install/zed_interfaces/lib:/home/fiend/voice_grab/ros2_ws/install/zed_components/lib:/usr/lib/x86_64-linux-gnu/gazebo-11/plugins:/opt/ros/humble/opt/rviz_ogre_vendor/lib:/opt/ros/humble/lib/x86_64-linux-gnu:/opt/ros/humble/lib PS1=
\[[38;5;156m\]\[[0m\]\[[38;5;166m\]ros2_ws\[[0m\]\[[38;5;166m\]\[[0m\] on \[[38;5;162m\] \[[0m\]\[[38;5;162m\]master\[[0m\]
\[[1;38;5;166m\]➜\[[0m\] /usr/bin/cmake --install /home/fiend/voice_grab/ros2_ws/build/zed_components
