[0.067s] Invoking command in '/home/fiend/voice_grab/ros2_ws/build/robotiq_ft_sensor': /usr/bin/cmake /home/fiend/voice_grab/ros2_ws/src/robotiq/robotiq_ft_sensor -DCATKIN_INSTALL_INTO_PREFIX_ROOT=0 -DCATKIN_SYMLINK_INSTALL=ON -DCMAKE_INSTALL_PREFIX=/home/fiend/voice_grab/ros2_ws/install/robotiq_ft_sensor
[0.098s] [0mCMake Deprecation Warning at CMakeLists.txt:1 (cmake_minimum_required):
[0.099s]   Compatibility with CMake < 2.8.12 will be removed from a future version of
[0.099s]   CMake.
[0.099s] 
[0.099s]   Update the VERSION argument <min> value or use a ...<max> suffix to tell
[0.099s]   CMake that the project does not need compatibility with older versions.
[0.099s] 
[0.099s] [0m
[0.142s] -- The C compiler identification is GNU 11.4.0
[0.220s] -- The CXX compiler identification is GNU 11.4.0
[0.231s] -- Detecting C compiler ABI info
[0.331s] -- Detecting C compiler ABI info - done
[0.341s] -- Check for working C compiler: /usr/bin/cc - skipped
[0.342s] -- Detecting C compile features
[0.342s] -- Detecting C compile features - done
[0.344s] -- Detecting CXX compiler ABI info
[0.451s] -- Detecting CXX compiler ABI info - done
[0.457s] -- Check for working CXX compiler: /usr/bin/c++ - skipped
[0.457s] -- Detecting CXX compile features
[0.458s] -- Detecting CXX compile features - done
[0.473s] [31mCMake Error at CMakeLists.txt:4 (find_package):
[0.473s]   By not providing "Findcatkin.cmake" in CMAKE_MODULE_PATH this project has
[0.473s]   asked CMake to find a package configuration file provided by "catkin", but
[0.473s]   CMake did not find one.
[0.473s] 
[0.473s]   Could not find a package configuration file provided by "catkin" with any
[0.473s]   of the following names:
[0.473s] 
[0.474s]     catkinConfig.cmake
[0.474s]     catkin-config.cmake
[0.474s] 
[0.474s]   Add the installation prefix of "catkin" to CMAKE_PREFIX_PATH or set
[0.474s]   "catkin_DIR" to a directory containing one of the above files.  If "catkin"
[0.474s]   provides a separate development package or SDK, be sure it has been
[0.474s]   installed.
[0.474s] 
[0.474s] [0m
[0.474s] -- Configuring incomplete, errors occurred!
[0.474s] See also "/home/fiend/voice_grab/ros2_ws/build/robotiq_ft_sensor/CMakeFiles/CMakeOutput.log".
[0.482s] Invoked command in '/home/fiend/voice_grab/ros2_ws/build/robotiq_ft_sensor' returned '1': /usr/bin/cmake /home/fiend/voice_grab/ros2_ws/src/robotiq/robotiq_ft_sensor -DCATKIN_INSTALL_INTO_PREFIX_ROOT=0 -DCATKIN_SYMLINK_INSTALL=ON -DCMAKE_INSTALL_PREFIX=/home/fiend/voice_grab/ros2_ws/install/robotiq_ft_sensor
