[0.010s] Invoking command in '/home/fiend/voice_grab/ros2_ws/build/ur_robotiq': AMENT_PREFIX_PATH=/home/fiend/voice_grab/ros2_ws/install/ur_description:${AMENT_PREFIX_PATH} CMAKE_PREFIX_PATH=/home/fiend/voice_grab/ros2_ws/install/ur_robotiq_description:/home/fiend/voice_grab/ros2_ws/install/ur_description:/home/fiend/Navigation_Bot/dev_ws/install/navigation_bot:/home/fiend/voice_grab/ros2_ws/install/zed_ros2:/home/fiend/voice_grab/ros2_ws/install/zed_wrapper:/home/fiend/voice_grab/ros2_ws/install/zed_components:/home/fiend/voice_grab/ros2_ws/install/zed_interfaces:/home/fiend/voice_grab/ros2_ws/install/voice_grabber:/home/fiend/voice_grab/ros2_ws/install/ur_robotiq:/opt/ros/humble:/home/fiend/LineFollowingRobot/ros_ws/install/prius_msgs:/home/fiend/LineFollowingRobot/ros_ws/install/line_bhakt:/home/fiend/LineFollowingRobot/ros_ws/install/launches:/home/fiend/LineFollowingRobot/ros_ws/install/autocar_nav:/home/fiend/LineFollowingRobot/ros_ws/install/autocar_msgs:/home/fiend/LineFollowingRobot/ros_ws/install/autocar_map:/home/fiend/LineFollowingRobot/ros_ws/install/autocar_gazebo:/home/fiend/LineFollowingRobot/ros_ws/install/autocar_description:/home/fiend/ROS/practice_codes_ROS2/articubot_one/install/articubot_one PS1=
\[[38;5;156m\]\[[0m\]\[[38;5;166m\]ros2_ws\[[0m\]\[[38;5;166m\]\[[0m\] on \[[38;5;162m\] \[[0m\]\[[38;5;162m\]main\[[0m\]
\[[1;38;5;166m\]➜\[[0m\] /usr/bin/cmake --build /home/fiend/voice_grab/ros2_ws/build/ur_robotiq -- -j8 -l8
[0.041s] Invoked command in '/home/fiend/voice_grab/ros2_ws/build/ur_robotiq' returned '0': AMENT_PREFIX_PATH=/home/fiend/voice_grab/ros2_ws/install/ur_description:${AMENT_PREFIX_PATH} CMAKE_PREFIX_PATH=/home/fiend/voice_grab/ros2_ws/install/ur_robotiq_description:/home/fiend/voice_grab/ros2_ws/install/ur_description:/home/fiend/Navigation_Bot/dev_ws/install/navigation_bot:/home/fiend/voice_grab/ros2_ws/install/zed_ros2:/home/fiend/voice_grab/ros2_ws/install/zed_wrapper:/home/fiend/voice_grab/ros2_ws/install/zed_components:/home/fiend/voice_grab/ros2_ws/install/zed_interfaces:/home/fiend/voice_grab/ros2_ws/install/voice_grabber:/home/fiend/voice_grab/ros2_ws/install/ur_robotiq:/opt/ros/humble:/home/fiend/LineFollowingRobot/ros_ws/install/prius_msgs:/home/fiend/LineFollowingRobot/ros_ws/install/line_bhakt:/home/fiend/LineFollowingRobot/ros_ws/install/launches:/home/fiend/LineFollowingRobot/ros_ws/install/autocar_nav:/home/fiend/LineFollowingRobot/ros_ws/install/autocar_msgs:/home/fiend/LineFollowingRobot/ros_ws/install/autocar_map:/home/fiend/LineFollowingRobot/ros_ws/install/autocar_gazebo:/home/fiend/LineFollowingRobot/ros_ws/install/autocar_description:/home/fiend/ROS/practice_codes_ROS2/articubot_one/install/articubot_one PS1=
\[[38;5;156m\]\[[0m\]\[[38;5;166m\]ros2_ws\[[0m\]\[[38;5;166m\]\[[0m\] on \[[38;5;162m\] \[[0m\]\[[38;5;162m\]main\[[0m\]
\[[1;38;5;166m\]➜\[[0m\] /usr/bin/cmake --build /home/fiend/voice_grab/ros2_ws/build/ur_robotiq -- -j8 -l8
[0.059s] Invoking command in '/home/fiend/voice_grab/ros2_ws/build/ur_robotiq': AMENT_PREFIX_PATH=/home/fiend/voice_grab/ros2_ws/install/ur_description:${AMENT_PREFIX_PATH} CMAKE_PREFIX_PATH=/home/fiend/voice_grab/ros2_ws/install/ur_robotiq_description:/home/fiend/voice_grab/ros2_ws/install/ur_description:/home/fiend/Navigation_Bot/dev_ws/install/navigation_bot:/home/fiend/voice_grab/ros2_ws/install/zed_ros2:/home/fiend/voice_grab/ros2_ws/install/zed_wrapper:/home/fiend/voice_grab/ros2_ws/install/zed_components:/home/fiend/voice_grab/ros2_ws/install/zed_interfaces:/home/fiend/voice_grab/ros2_ws/install/voice_grabber:/home/fiend/voice_grab/ros2_ws/install/ur_robotiq:/opt/ros/humble:/home/fiend/LineFollowingRobot/ros_ws/install/prius_msgs:/home/fiend/LineFollowingRobot/ros_ws/install/line_bhakt:/home/fiend/LineFollowingRobot/ros_ws/install/launches:/home/fiend/LineFollowingRobot/ros_ws/install/autocar_nav:/home/fiend/LineFollowingRobot/ros_ws/install/autocar_msgs:/home/fiend/LineFollowingRobot/ros_ws/install/autocar_map:/home/fiend/LineFollowingRobot/ros_ws/install/autocar_gazebo:/home/fiend/LineFollowingRobot/ros_ws/install/autocar_description:/home/fiend/ROS/practice_codes_ROS2/articubot_one/install/articubot_one PS1=
\[[38;5;156m\]\[[0m\]\[[38;5;166m\]ros2_ws\[[0m\]\[[38;5;166m\]\[[0m\] on \[[38;5;162m\] \[[0m\]\[[38;5;162m\]main\[[0m\]
\[[1;38;5;166m\]➜\[[0m\] /usr/bin/cmake --install /home/fiend/voice_grab/ros2_ws/build/ur_robotiq
[0.065s] -- Install configuration: "Release"
[0.066s] -- Execute custom install script
[0.066s] -- Up-to-date symlink: /home/fiend/voice_grab/ros2_ws/install/ur_robotiq/share/ament_index/resource_index/package_run_dependencies/ur_robotiq
[0.066s] -- Up-to-date symlink: /home/fiend/voice_grab/ros2_ws/install/ur_robotiq/share/ament_index/resource_index/parent_prefix_path/ur_robotiq
[0.066s] -- Up-to-date symlink: /home/fiend/voice_grab/ros2_ws/install/ur_robotiq/share/ur_robotiq/environment/ament_prefix_path.sh
[0.067s] -- Up-to-date symlink: /home/fiend/voice_grab/ros2_ws/install/ur_robotiq/share/ur_robotiq/environment/ament_prefix_path.dsv
[0.067s] -- Up-to-date symlink: /home/fiend/voice_grab/ros2_ws/install/ur_robotiq/share/ur_robotiq/environment/path.sh
[0.067s] -- Up-to-date symlink: /home/fiend/voice_grab/ros2_ws/install/ur_robotiq/share/ur_robotiq/environment/path.dsv
[0.067s] -- Up-to-date symlink: /home/fiend/voice_grab/ros2_ws/install/ur_robotiq/share/ur_robotiq/local_setup.bash
[0.067s] -- Up-to-date symlink: /home/fiend/voice_grab/ros2_ws/install/ur_robotiq/share/ur_robotiq/local_setup.sh
[0.068s] -- Up-to-date symlink: /home/fiend/voice_grab/ros2_ws/install/ur_robotiq/share/ur_robotiq/local_setup.zsh
[0.068s] -- Up-to-date symlink: /home/fiend/voice_grab/ros2_ws/install/ur_robotiq/share/ur_robotiq/local_setup.dsv
[0.068s] -- Symlinking: /home/fiend/voice_grab/ros2_ws/install/ur_robotiq/share/ur_robotiq/package.dsv
[0.076s] -- Up-to-date symlink: /home/fiend/voice_grab/ros2_ws/install/ur_robotiq/share/ament_index/resource_index/packages/ur_robotiq
[0.076s] -- Up-to-date symlink: /home/fiend/voice_grab/ros2_ws/install/ur_robotiq/share/ur_robotiq/cmake/ur_robotiqConfig.cmake
[0.076s] -- Up-to-date symlink: /home/fiend/voice_grab/ros2_ws/install/ur_robotiq/share/ur_robotiq/cmake/ur_robotiqConfig-version.cmake
[0.076s] -- Up-to-date symlink: /home/fiend/voice_grab/ros2_ws/install/ur_robotiq/share/ur_robotiq/package.xml
[0.078s] Invoked command in '/home/fiend/voice_grab/ros2_ws/build/ur_robotiq' returned '0': AMENT_PREFIX_PATH=/home/fiend/voice_grab/ros2_ws/install/ur_description:${AMENT_PREFIX_PATH} CMAKE_PREFIX_PATH=/home/fiend/voice_grab/ros2_ws/install/ur_robotiq_description:/home/fiend/voice_grab/ros2_ws/install/ur_description:/home/fiend/Navigation_Bot/dev_ws/install/navigation_bot:/home/fiend/voice_grab/ros2_ws/install/zed_ros2:/home/fiend/voice_grab/ros2_ws/install/zed_wrapper:/home/fiend/voice_grab/ros2_ws/install/zed_components:/home/fiend/voice_grab/ros2_ws/install/zed_interfaces:/home/fiend/voice_grab/ros2_ws/install/voice_grabber:/home/fiend/voice_grab/ros2_ws/install/ur_robotiq:/opt/ros/humble:/home/fiend/LineFollowingRobot/ros_ws/install/prius_msgs:/home/fiend/LineFollowingRobot/ros_ws/install/line_bhakt:/home/fiend/LineFollowingRobot/ros_ws/install/launches:/home/fiend/LineFollowingRobot/ros_ws/install/autocar_nav:/home/fiend/LineFollowingRobot/ros_ws/install/autocar_msgs:/home/fiend/LineFollowingRobot/ros_ws/install/autocar_map:/home/fiend/LineFollowingRobot/ros_ws/install/autocar_gazebo:/home/fiend/LineFollowingRobot/ros_ws/install/autocar_description:/home/fiend/ROS/practice_codes_ROS2/articubot_one/install/articubot_one PS1=
\[[38;5;156m\]\[[0m\]\[[38;5;166m\]ros2_ws\[[0m\]\[[38;5;166m\]\[[0m\] on \[[38;5;162m\] \[[0m\]\[[38;5;162m\]main\[[0m\]
\[[1;38;5;166m\]➜\[[0m\] /usr/bin/cmake --install /home/fiend/voice_grab/ros2_ws/build/ur_robotiq
