[0.000000] (-) TimerEvent: {}
[0.000095] (-) JobUnselected: {'identifier': 'ur_robotiq'}
[0.000145] (-) JobUnselected: {'identifier': 'voice_grabber'}
[0.000166] (ur_robotiq_description) JobQueued: {'identifier': 'ur_robotiq_description', 'dependencies': OrderedDict()}
[0.000184] (ur_robotiq_description) JobStarted: {'identifier': 'ur_robotiq_description'}
[0.099795] (-) TimerEvent: {}
[0.141439] (ur_robotiq_description) JobProgress: {'identifier': 'ur_robotiq_description', 'progress': 'cmake'}
[0.142003] (ur_robotiq_description) Command: {'cmd': ['/usr/bin/cmake', '/home/fiend/voice_grab/ros2_ws/src/ur_robotiq/ur_robotiq_description', '-DCMAKE_INSTALL_PREFIX=/home/fiend/voice_grab/ros2_ws/install/ur_robotiq_description'], 'cwd': '/home/fiend/voice_grab/ros2_ws/build/ur_robotiq_description', 'env': OrderedDict([('GJS_DEBUG_TOPICS', 'JS ERROR;JS LOG'), ('LESSOPEN', '| /usr/bin/lesspipe %s'), ('LANGUAGE', 'en_IN:en'), ('USER', 'fiend'), ('STARSHIP_SHELL', 'bash'), ('XDG_SESSION_TYPE', 'wayland'), ('SHLVL', '1'), ('LD_LIBRARY_PATH', '/usr/lib/x86_64-linux-gnu/gazebo-11/plugins:/opt/ros/humble/opt/rviz_ogre_vendor/lib:/opt/ros/humble/lib/x86_64-linux-gnu:/opt/ros/humble/lib'), ('HOME', '/home/fiend'), ('OLDPWD', '/home/fiend/voice_grab/ros2_ws/src/ur_robotiq/ur_robotiq_description'), ('DESKTOP_SESSION', 'ubuntu'), ('GIO_LAUNCHED_DESKTOP_FILE', '/usr/share/applications/terminator.desktop'), ('ROS_PYTHON_VERSION', '3'), ('GNOME_SHELL_SESSION_MODE', 'ubuntu'), ('GTK_MODULES', 'gail:atk-bridge'), ('PS1', '\n\\[\x1b[38;5;166m\\]~/voice_grab/ros2_ws\\[\x1b[0m\\] underwent \\[\x1b[36m\\]2s\\[\x1b[0m\\]\n\\[\x1b[1;38;5;166m\\]➜\\[\x1b[0m\\]'), ('MANAGERPID', '876'), ('SYSTEMD_EXEC_PID', '56008'), ('IM_CONFIG_CHECK_ENV', '1'), ('DBUS_SESSION_BUS_ADDRESS', 'unix:path=/run/user/1000/bus'), ('COLORTERM', 'truecolor'), ('GIO_LAUNCHED_DESKTOP_FILE_PID', '56868'), ('_colcon_cd_root', '/opt/ros/humble/'), ('IM_CONFIG_PHASE', '1'), ('WAYLAND_DISPLAY', 'wayland-0'), ('COLCON_PREFIX_PATH', '/home/fiend/voice_grab/ros2_ws/install:/home/fiend/Navigation_Bot/dev_ws/install:/home/fiend/LineFollowingRobot/ros_ws/install:/home/fiend/ROS/practice_codes_ROS2/articubot_one/install'), ('ROS_DISTRO', 'humble'), ('LOGNAME', 'fiend'), ('JOURNAL_STREAM', '8:297407'), ('_', '/usr/bin/colcon'), ('ROS_VERSION', '2'), ('XDG_SESSION_CLASS', 'user'), ('USERNAME', 'fiend'), ('TERM', 'xterm-256color'), ('GNOME_DESKTOP_SESSION_ID', 'this-is-deprecated'), ('ROS_LOCALHOST_ONLY', '0'), ('PATH', '/opt/ros/humble/bin:/home/fiend/.local/bin:/home/fiend/.local/bin:/usr/local/sbin:/usr/local/bin:/usr/sbin:/usr/bin:/sbin:/bin:/usr/games:/usr/local/games:/snap/bin:/snap/bin'), ('SESSION_MANAGER', 'local/fiend-Lenovo-Yoga-C740-14IML:@/tmp/.ICE-unix/55985,unix/fiend-Lenovo-Yoga-C740-14IML:/tmp/.ICE-unix/55985'), ('INVOCATION_ID', '9005688e639d4856b75f5533d5abdc7a'), ('XDG_MENU_PREFIX', 'gnome-'), ('GNOME_SETUP_DISPLAY', ':1'), ('XDG_RUNTIME_DIR', '/run/user/1000'), ('DISPLAY', ':0'), ('LANG', 'en_US.UTF-8'), ('XDG_CURRENT_DESKTOP', 'ubuntu:GNOME'), ('IBUS_DISABLE_SNOOPER', '1'), ('XMODIFIERS', '@im=ibus'), ('XDG_SESSION_DESKTOP', 'ubuntu'), ('XAUTHORITY', '/run/user/1000/.mutter-Xwaylandauth.9S0ZJ2'), ('LS_COLORS', 'di=34:ow=34:tw=34:fi=13:ln=31:pi=5:so=5:bd=5:cd=5:or=31:mi=0:ex=35:*.rpm=90:*.png=35:*.gif=36:*.jpg=35:*.c=92:*.py=93:*.h=90:*.txt=94:*.doc=104:*.odt=104:*.csv=102:*.xlsx=102:*.xlsm=102:*.rb=31:*.cpp=92:*.sh=92:*.html=96:*.zip=4;33:*.tar.gz=4;33:*.mp4=105:*.mp3=106'), ('SSH_AGENT_LAUNCHER', 'gnome-keyring'), ('SSH_AUTH_SOCK', '/run/user/1000/keyring/ssh'), ('AMENT_PREFIX_PATH', '/home/fiend/voice_grab/ros2_ws/install/voice_grabber:/home/fiend/voice_grab/ros2_ws/install/ur_robotiq:/home/fiend/voice_grab/ros2_ws/install/ur_robotiq_description:/home/fiend/Navigation_Bot/dev_ws/install/navigation_bot:/home/fiend/LineFollowingRobot/ros_ws/install/line_bhakt:/home/fiend/ROS/practice_codes_ROS2/articubot_one/install/articubot_one:/opt/ros/humble'), ('SHELL', '/bin/bash'), ('TERMINATOR_UUID', 'urn:uuid:b8e71a3b-45e5-48cd-97aa-e78a3c06651e'), ('QT_ACCESSIBILITY', '1'), ('GDMSESSION', 'ubuntu'), ('LESSCLOSE', '/usr/bin/lesspipe %s %s'), ('GCC_COLORS', 'error=31:warning=35:note=36:caret=32:locus=01:quote=01'), ('GJS_DEBUG_OUTPUT', 'stderr'), ('QT_IM_MODULE', 'ibus'), ('PWD', '/home/fiend/voice_grab/ros2_ws/build/ur_robotiq_description'), ('LC_ALL', 'en_US.UTF-8'), ('XDG_CONFIG_DIRS', '/etc/xdg/xdg-ubuntu:/etc/xdg'), ('XDG_DATA_DIRS', '/usr/share/ubuntu:/home/fiend/.local/share/flatpak/exports/share:/var/lib/flatpak/exports/share:/usr/local/share/:/usr/share/:/var/lib/snapd/desktop'), ('STARSHIP_SESSION_KEY', '2511229412964716'), ('PYTHONPATH', '/home/fiend/voice_grab/ros2_ws/install/voice_grabber/local/lib/python3.10/dist-packages:/opt/ros/humble/lib/python3.10/site-packages:/opt/ros/humble/local/lib/python3.10/dist-packages'), ('COLCON', '1'), ('VTE_VERSION', '6800'), ('CMAKE_PREFIX_PATH', '/home/fiend/voice_grab/ros2_ws/install/voice_grabber:/home/fiend/voice_grab/ros2_ws/install/ur_robotiq:/home/fiend/voice_grab/ros2_ws/install/ur_robotiq_description:/home/fiend/Navigation_Bot/dev_ws/install/navigation_bot:/home/fiend/LineFollowingRobot/ros_ws/install/line_bhakt:/home/fiend/ROS/practice_codes_ROS2/articubot_one/install/articubot_one:/opt/ros/humble')]), 'shell': False}
[0.172888] (ur_robotiq_description) StdoutLine: {'line': b'-- Found ament_cmake: 1.3.8 (/opt/ros/humble/share/ament_cmake/cmake)\n'}
[0.199916] (-) TimerEvent: {}
[0.300276] (-) TimerEvent: {}
[0.307492] (ur_robotiq_description) StdoutLine: {'line': b'-- Found robotiq_description: 0.0.1 (/opt/ros/humble/share/robotiq_description/cmake)\n'}
[0.308248] (ur_robotiq_description) StdoutLine: {'line': b'-- Found ur_description: 2.1.3 (/opt/ros/humble/share/ur_description/cmake)\n'}
[0.309003] (ur_robotiq_description) StdoutLine: {'line': b'-- Found moveit: 2.5.5 (/opt/ros/humble/share/moveit/cmake)\n'}
[0.326423] (ur_robotiq_description) StderrLine: {'line': b'\x1b[31mCMake Error at CMakeLists.txt:18 (find_package):\n'}
[0.326609] (ur_robotiq_description) StderrLine: {'line': b'  By not providing "Findrlccpp.cmake" in CMAKE_MODULE_PATH this project has\n'}
[0.326672] (ur_robotiq_description) StderrLine: {'line': b'  asked CMake to find a package configuration file provided by "rlccpp", but\n'}
[0.326726] (ur_robotiq_description) StderrLine: {'line': b'  CMake did not find one.\n'}
[0.326777] (ur_robotiq_description) StderrLine: {'line': b'\n'}
[0.326829] (ur_robotiq_description) StderrLine: {'line': b'  Could not find a package configuration file provided by "rlccpp" with any\n'}
[0.326880] (ur_robotiq_description) StderrLine: {'line': b'  of the following names:\n'}
[0.326929] (ur_robotiq_description) StderrLine: {'line': b'\n'}
[0.326978] (ur_robotiq_description) StderrLine: {'line': b'    rlccppConfig.cmake\n'}
[0.327026] (ur_robotiq_description) StderrLine: {'line': b'    rlccpp-config.cmake\n'}
[0.327076] (ur_robotiq_description) StderrLine: {'line': b'\n'}
[0.327125] (ur_robotiq_description) StderrLine: {'line': b'  Add the installation prefix of "rlccpp" to CMAKE_PREFIX_PATH or set\n'}
[0.327175] (ur_robotiq_description) StderrLine: {'line': b'  "rlccpp_DIR" to a directory containing one of the above files.  If "rlccpp"\n'}
[0.327224] (ur_robotiq_description) StderrLine: {'line': b'  provides a separate development package or SDK, be sure it has been\n'}
[0.327273] (ur_robotiq_description) StderrLine: {'line': b'  installed.\n'}
[0.327322] (ur_robotiq_description) StderrLine: {'line': b'\n'}
[0.327373] (ur_robotiq_description) StderrLine: {'line': b'\x1b[0m\n'}
[0.327424] (ur_robotiq_description) StdoutLine: {'line': b'-- Configuring incomplete, errors occurred!\n'}
[0.327483] (ur_robotiq_description) StdoutLine: {'line': b'See also "/home/fiend/voice_grab/ros2_ws/build/ur_robotiq_description/CMakeFiles/CMakeOutput.log".\n'}
[0.330494] (ur_robotiq_description) CommandEnded: {'returncode': 1}
[0.383365] (ur_robotiq_description) JobEnded: {'identifier': 'ur_robotiq_description', 'rc': 1}
[0.394034] (-) EventReactorShutdown: {}
