[0.023s] Invoking command in '/home/fiend/voice_grab/ros2_ws/build/zed_components': CMAKE_PREFIX_PATH=/home/fiend/voice_grab/ros2_ws/install/zed_interfaces:/home/fiend/Navigation_Bot/dev_ws/install/navigation_bot:/home/fiend/voice_grab/ros2_ws/install/zed_ros2:/home/fiend/voice_grab/ros2_ws/install/zed_wrapper:/home/fiend/voice_grab/ros2_ws/install/zed_components:/home/fiend/voice_grab/ros2_ws/install/voice_grabber:/home/fiend/voice_grab/ros2_ws/install/ur_robotiq:/home/fiend/voice_grab/ros2_ws/install/ur_robotiq_description:/home/fiend/LineFollowingRobot/ros_ws/install/line_bhakt:/home/fiend/ROS/practice_codes_ROS2/articubot_one/install/articubot_one:/opt/ros/humble LD_LIBRARY_PATH=/home/fiend/voice_grab/ros2_ws/install/zed_interfaces/lib:/home/fiend/voice_grab/ros2_ws/install/zed_components/lib:/usr/lib/x86_64-linux-gnu/gazebo-11/plugins:/opt/ros/humble/opt/rviz_ogre_vendor/lib:/opt/ros/humble/lib/x86_64-linux-gnu:/opt/ros/humble/lib PS1=
\[[38;5;156m\]\[[0m\]\[[38;5;166m\]ros2_ws\[[0m\]\[[38;5;166m\]\[[0m\] on \[[38;5;162m\] \[[0m\]\[[38;5;162m\]master\[[0m\]
\[[1;38;5;166m\]➜\[[0m\] /usr/bin/cmake --build /home/fiend/voice_grab/ros2_ws/build/zed_components -- -j8 -l8
[0.144s] [100%] Built target zed_camera_component
[0.164s] Invoked command in '/home/fiend/voice_grab/ros2_ws/build/zed_components' returned '0': CMAKE_PREFIX_PATH=/home/fiend/voice_grab/ros2_ws/install/zed_interfaces:/home/fiend/Navigation_Bot/dev_ws/install/navigation_bot:/home/fiend/voice_grab/ros2_ws/install/zed_ros2:/home/fiend/voice_grab/ros2_ws/install/zed_wrapper:/home/fiend/voice_grab/ros2_ws/install/zed_components:/home/fiend/voice_grab/ros2_ws/install/voice_grabber:/home/fiend/voice_grab/ros2_ws/install/ur_robotiq:/home/fiend/voice_grab/ros2_ws/install/ur_robotiq_description:/home/fiend/LineFollowingRobot/ros_ws/install/line_bhakt:/home/fiend/ROS/practice_codes_ROS2/articubot_one/install/articubot_one:/opt/ros/humble LD_LIBRARY_PATH=/home/fiend/voice_grab/ros2_ws/install/zed_interfaces/lib:/home/fiend/voice_grab/ros2_ws/install/zed_components/lib:/usr/lib/x86_64-linux-gnu/gazebo-11/plugins:/opt/ros/humble/opt/rviz_ogre_vendor/lib:/opt/ros/humble/lib/x86_64-linux-gnu:/opt/ros/humble/lib PS1=
\[[38;5;156m\]\[[0m\]\[[38;5;166m\]ros2_ws\[[0m\]\[[38;5;166m\]\[[0m\] on \[[38;5;162m\] \[[0m\]\[[38;5;162m\]master\[[0m\]
\[[1;38;5;166m\]➜\[[0m\] /usr/bin/cmake --build /home/fiend/voice_grab/ros2_ws/build/zed_components -- -j8 -l8
[0.220s] Invoking command in '/home/fiend/voice_grab/ros2_ws/build/zed_components': CMAKE_PREFIX_PATH=/home/fiend/voice_grab/ros2_ws/install/zed_interfaces:/home/fiend/Navigation_Bot/dev_ws/install/navigation_bot:/home/fiend/voice_grab/ros2_ws/install/zed_ros2:/home/fiend/voice_grab/ros2_ws/install/zed_wrapper:/home/fiend/voice_grab/ros2_ws/install/zed_components:/home/fiend/voice_grab/ros2_ws/install/voice_grabber:/home/fiend/voice_grab/ros2_ws/install/ur_robotiq:/home/fiend/voice_grab/ros2_ws/install/ur_robotiq_description:/home/fiend/LineFollowingRobot/ros_ws/install/line_bhakt:/home/fiend/ROS/practice_codes_ROS2/articubot_one/install/articubot_one:/opt/ros/humble LD_LIBRARY_PATH=/home/fiend/voice_grab/ros2_ws/install/zed_interfaces/lib:/home/fiend/voice_grab/ros2_ws/install/zed_components/lib:/usr/lib/x86_64-linux-gnu/gazebo-11/plugins:/opt/ros/humble/opt/rviz_ogre_vendor/lib:/opt/ros/humble/lib/x86_64-linux-gnu:/opt/ros/humble/lib PS1=
\[[38;5;156m\]\[[0m\]\[[38;5;166m\]ros2_ws\[[0m\]\[[38;5;166m\]\[[0m\] on \[[38;5;162m\] \[[0m\]\[[38;5;162m\]master\[[0m\]
\[[1;38;5;166m\]➜\[[0m\] /usr/bin/cmake --install /home/fiend/voice_grab/ros2_ws/build/zed_components
[0.232s] -- Install configuration: "Release"
[0.233s] -- Execute custom install script
[0.234s] -- Up-to-date symlink: /home/fiend/voice_grab/ros2_ws/install/zed_components/lib/libzed_camera_component.so
[0.235s] -- Up-to-date symlink: /home/fiend/voice_grab/ros2_ws/install/zed_components/include/zed_components//cost_traversability.hpp
[0.235s] -- Up-to-date symlink: /home/fiend/voice_grab/ros2_ws/install/zed_components/include/zed_components//sl_types.hpp
[0.235s] -- Up-to-date symlink: /home/fiend/voice_grab/ros2_ws/install/zed_components/include/zed_components//zed_camera_component.hpp
[0.236s] -- Up-to-date symlink: /home/fiend/voice_grab/ros2_ws/install/zed_components/include/zed_components//sl_logging.hpp
[0.236s] -- Up-to-date symlink: /home/fiend/voice_grab/ros2_ws/install/zed_components/include/zed_components//sl_tools.hpp
[0.236s] -- Up-to-date symlink: /home/fiend/voice_grab/ros2_ws/install/zed_components/include/zed_components//sl_win_avg.hpp
[0.237s] -- Up-to-date symlink: /home/fiend/voice_grab/ros2_ws/install/zed_components/include/zed_components//visibility_control.hpp
[0.237s] -- Up-to-date symlink: /home/fiend/voice_grab/ros2_ws/install/zed_components/share/zed_components/environment/library_path.sh
[0.238s] -- Up-to-date symlink: /home/fiend/voice_grab/ros2_ws/install/zed_components/share/zed_components/environment/library_path.dsv
[0.238s] -- Up-to-date symlink: /home/fiend/voice_grab/ros2_ws/install/zed_components/share/ament_index/resource_index/package_run_dependencies/zed_components
[0.239s] -- Up-to-date symlink: /home/fiend/voice_grab/ros2_ws/install/zed_components/share/ament_index/resource_index/parent_prefix_path/zed_components
[0.239s] -- Up-to-date symlink: /home/fiend/voice_grab/ros2_ws/install/zed_components/share/zed_components/environment/ament_prefix_path.sh
[0.240s] -- Up-to-date symlink: /home/fiend/voice_grab/ros2_ws/install/zed_components/share/zed_components/environment/ament_prefix_path.dsv
[0.240s] -- Up-to-date symlink: /home/fiend/voice_grab/ros2_ws/install/zed_components/share/zed_components/environment/path.sh
[0.240s] -- Up-to-date symlink: /home/fiend/voice_grab/ros2_ws/install/zed_components/share/zed_components/environment/path.dsv
[0.241s] -- Up-to-date symlink: /home/fiend/voice_grab/ros2_ws/install/zed_components/share/zed_components/local_setup.bash
[0.241s] -- Up-to-date symlink: /home/fiend/voice_grab/ros2_ws/install/zed_components/share/zed_components/local_setup.sh
[0.241s] -- Up-to-date symlink: /home/fiend/voice_grab/ros2_ws/install/zed_components/share/zed_components/local_setup.zsh
[0.242s] -- Up-to-date symlink: /home/fiend/voice_grab/ros2_ws/install/zed_components/share/zed_components/local_setup.dsv
[0.242s] -- Symlinking: /home/fiend/voice_grab/ros2_ws/install/zed_components/share/zed_components/package.dsv
[0.258s] -- Up-to-date symlink: /home/fiend/voice_grab/ros2_ws/install/zed_components/share/ament_index/resource_index/packages/zed_components
[0.258s] -- Up-to-date symlink: /home/fiend/voice_grab/ros2_ws/install/zed_components/share/ament_index/resource_index/rclcpp_components/zed_components
[0.258s] -- Up-to-date symlink: /home/fiend/voice_grab/ros2_ws/install/zed_components/share/zed_components/cmake/ament_cmake_export_include_directories-extras.cmake
[0.259s] -- Up-to-date symlink: /home/fiend/voice_grab/ros2_ws/install/zed_components/share/zed_components/cmake/ament_cmake_export_libraries-extras.cmake
[0.259s] -- Up-to-date symlink: /home/fiend/voice_grab/ros2_ws/install/zed_components/share/zed_components/cmake/ament_cmake_export_dependencies-extras.cmake
[0.260s] -- Up-to-date symlink: /home/fiend/voice_grab/ros2_ws/install/zed_components/share/zed_components/cmake/zed_componentsConfig.cmake
[0.260s] -- Up-to-date symlink: /home/fiend/voice_grab/ros2_ws/install/zed_components/share/zed_components/cmake/zed_componentsConfig-version.cmake
[0.261s] -- Up-to-date symlink: /home/fiend/voice_grab/ros2_ws/install/zed_components/share/zed_components/package.xml
[0.265s] Invoked command in '/home/fiend/voice_grab/ros2_ws/build/zed_components' returned '0': CMAKE_PREFIX_PATH=/home/fiend/voice_grab/ros2_ws/install/zed_interfaces:/home/fiend/Navigation_Bot/dev_ws/install/navigation_bot:/home/fiend/voice_grab/ros2_ws/install/zed_ros2:/home/fiend/voice_grab/ros2_ws/install/zed_wrapper:/home/fiend/voice_grab/ros2_ws/install/zed_components:/home/fiend/voice_grab/ros2_ws/install/voice_grabber:/home/fiend/voice_grab/ros2_ws/install/ur_robotiq:/home/fiend/voice_grab/ros2_ws/install/ur_robotiq_description:/home/fiend/LineFollowingRobot/ros_ws/install/line_bhakt:/home/fiend/ROS/practice_codes_ROS2/articubot_one/install/articubot_one:/opt/ros/humble LD_LIBRARY_PATH=/home/fiend/voice_grab/ros2_ws/install/zed_interfaces/lib:/home/fiend/voice_grab/ros2_ws/install/zed_components/lib:/usr/lib/x86_64-linux-gnu/gazebo-11/plugins:/opt/ros/humble/opt/rviz_ogre_vendor/lib:/opt/ros/humble/lib/x86_64-linux-gnu:/opt/ros/humble/lib PS1=
\[[38;5;156m\]\[[0m\]\[[38;5;166m\]ros2_ws\[[0m\]\[[38;5;166m\]\[[0m\] on \[[38;5;162m\] \[[0m\]\[[38;5;162m\]master\[[0m\]
\[[1;38;5;166m\]➜\[[0m\] /usr/bin/cmake --install /home/fiend/voice_grab/ros2_ws/build/zed_components
