[0.037s] Invoking command in '/home/fiend/voice_grab/ros2_ws/build/ur_description': CMAKE_PREFIX_PATH=/home/fiend/Navigation_Bot/dev_ws/install/navigation_bot:/home/fiend/voice_grab/ros2_ws/install/zed_ros2:/home/fiend/voice_grab/ros2_ws/install/zed_wrapper:/home/fiend/voice_grab/ros2_ws/install/zed_components:/home/fiend/voice_grab/ros2_ws/install/zed_interfaces:/home/fiend/voice_grab/ros2_ws/install/voice_grabber:/home/fiend/voice_grab/ros2_ws/install/ur_robotiq:/home/fiend/voice_grab/ros2_ws/install/ur_robotiq_description:/home/fiend/voice_grab/ros2_ws/install/ur_description:/opt/ros/humble:/home/fiend/LineFollowingRobot/ros_ws/install/prius_msgs:/home/fiend/LineFollowingRobot/ros_ws/install/line_bhakt:/home/fiend/LineFollowingRobot/ros_ws/install/launches:/home/fiend/LineFollowingRobot/ros_ws/install/autocar_nav:/home/fiend/LineFollowingRobot/ros_ws/install/autocar_msgs:/home/fiend/LineFollowingRobot/ros_ws/install/autocar_map:/home/fiend/LineFollowingRobot/ros_ws/install/autocar_gazebo:/home/fiend/LineFollowingRobot/ros_ws/install/autocar_description:/home/fiend/ROS/practice_codes_ROS2/articubot_one/install/articubot_one PS1=
\[[38;5;156m\]\[[0m\]\[[38;5;166m\]ros2_ws\[[0m\]\[[38;5;166m\]\[[0m\] on \[[38;5;162m\] \[[0m\]\[[38;5;162m\]main\[[0m\] underwent \[[36m\]1m14s\[[0m\]
\[[1;38;5;166m\]➜\[[0m\] /usr/bin/cmake /home/fiend/voice_grab/ros2_ws/src/Universal_Robots_ROS2_Description -DAMENT_CMAKE_SYMLINK_INSTALL=1 -DCMAKE_INSTALL_PREFIX=/home/fiend/voice_grab/ros2_ws/install/ur_description
[0.087s] -- Found ament_cmake: 1.3.8 (/opt/ros/humble/share/ament_cmake/cmake)
[0.356s] -- Override CMake install command with custom implementation using symlinks instead of copying resources
[0.383s] -- Found ament_cmake_pytest: 1.3.8 (/opt/ros/humble/share/ament_cmake_pytest/cmake)
[2.007s] -- Configuring done
[2.015s] -- Generating done
[2.017s] -- Build files have been written to: /home/fiend/voice_grab/ros2_ws/build/ur_description
[2.021s] Invoked command in '/home/fiend/voice_grab/ros2_ws/build/ur_description' returned '0': CMAKE_PREFIX_PATH=/home/fiend/Navigation_Bot/dev_ws/install/navigation_bot:/home/fiend/voice_grab/ros2_ws/install/zed_ros2:/home/fiend/voice_grab/ros2_ws/install/zed_wrapper:/home/fiend/voice_grab/ros2_ws/install/zed_components:/home/fiend/voice_grab/ros2_ws/install/zed_interfaces:/home/fiend/voice_grab/ros2_ws/install/voice_grabber:/home/fiend/voice_grab/ros2_ws/install/ur_robotiq:/home/fiend/voice_grab/ros2_ws/install/ur_robotiq_description:/home/fiend/voice_grab/ros2_ws/install/ur_description:/opt/ros/humble:/home/fiend/LineFollowingRobot/ros_ws/install/prius_msgs:/home/fiend/LineFollowingRobot/ros_ws/install/line_bhakt:/home/fiend/LineFollowingRobot/ros_ws/install/launches:/home/fiend/LineFollowingRobot/ros_ws/install/autocar_nav:/home/fiend/LineFollowingRobot/ros_ws/install/autocar_msgs:/home/fiend/LineFollowingRobot/ros_ws/install/autocar_map:/home/fiend/LineFollowingRobot/ros_ws/install/autocar_gazebo:/home/fiend/LineFollowingRobot/ros_ws/install/autocar_description:/home/fiend/ROS/practice_codes_ROS2/articubot_one/install/articubot_one PS1=
\[[38;5;156m\]\[[0m\]\[[38;5;166m\]ros2_ws\[[0m\]\[[38;5;166m\]\[[0m\] on \[[38;5;162m\] \[[0m\]\[[38;5;162m\]main\[[0m\] underwent \[[36m\]1m14s\[[0m\]
\[[1;38;5;166m\]➜\[[0m\] /usr/bin/cmake /home/fiend/voice_grab/ros2_ws/src/Universal_Robots_ROS2_Description -DAMENT_CMAKE_SYMLINK_INSTALL=1 -DCMAKE_INSTALL_PREFIX=/home/fiend/voice_grab/ros2_ws/install/ur_description
[2.025s] Invoking command in '/home/fiend/voice_grab/ros2_ws/build/ur_description': CMAKE_PREFIX_PATH=/home/fiend/Navigation_Bot/dev_ws/install/navigation_bot:/home/fiend/voice_grab/ros2_ws/install/zed_ros2:/home/fiend/voice_grab/ros2_ws/install/zed_wrapper:/home/fiend/voice_grab/ros2_ws/install/zed_components:/home/fiend/voice_grab/ros2_ws/install/zed_interfaces:/home/fiend/voice_grab/ros2_ws/install/voice_grabber:/home/fiend/voice_grab/ros2_ws/install/ur_robotiq:/home/fiend/voice_grab/ros2_ws/install/ur_robotiq_description:/home/fiend/voice_grab/ros2_ws/install/ur_description:/opt/ros/humble:/home/fiend/LineFollowingRobot/ros_ws/install/prius_msgs:/home/fiend/LineFollowingRobot/ros_ws/install/line_bhakt:/home/fiend/LineFollowingRobot/ros_ws/install/launches:/home/fiend/LineFollowingRobot/ros_ws/install/autocar_nav:/home/fiend/LineFollowingRobot/ros_ws/install/autocar_msgs:/home/fiend/LineFollowingRobot/ros_ws/install/autocar_map:/home/fiend/LineFollowingRobot/ros_ws/install/autocar_gazebo:/home/fiend/LineFollowingRobot/ros_ws/install/autocar_description:/home/fiend/ROS/practice_codes_ROS2/articubot_one/install/articubot_one PS1=
\[[38;5;156m\]\[[0m\]\[[38;5;166m\]ros2_ws\[[0m\]\[[38;5;166m\]\[[0m\] on \[[38;5;162m\] \[[0m\]\[[38;5;162m\]main\[[0m\] underwent \[[36m\]1m14s\[[0m\]
\[[1;38;5;166m\]➜\[[0m\] /usr/bin/cmake --build /home/fiend/voice_grab/ros2_ws/build/ur_description -- -j8 -l8
[2.100s] Invoked command in '/home/fiend/voice_grab/ros2_ws/build/ur_description' returned '0': CMAKE_PREFIX_PATH=/home/fiend/Navigation_Bot/dev_ws/install/navigation_bot:/home/fiend/voice_grab/ros2_ws/install/zed_ros2:/home/fiend/voice_grab/ros2_ws/install/zed_wrapper:/home/fiend/voice_grab/ros2_ws/install/zed_components:/home/fiend/voice_grab/ros2_ws/install/zed_interfaces:/home/fiend/voice_grab/ros2_ws/install/voice_grabber:/home/fiend/voice_grab/ros2_ws/install/ur_robotiq:/home/fiend/voice_grab/ros2_ws/install/ur_robotiq_description:/home/fiend/voice_grab/ros2_ws/install/ur_description:/opt/ros/humble:/home/fiend/LineFollowingRobot/ros_ws/install/prius_msgs:/home/fiend/LineFollowingRobot/ros_ws/install/line_bhakt:/home/fiend/LineFollowingRobot/ros_ws/install/launches:/home/fiend/LineFollowingRobot/ros_ws/install/autocar_nav:/home/fiend/LineFollowingRobot/ros_ws/install/autocar_msgs:/home/fiend/LineFollowingRobot/ros_ws/install/autocar_map:/home/fiend/LineFollowingRobot/ros_ws/install/autocar_gazebo:/home/fiend/LineFollowingRobot/ros_ws/install/autocar_description:/home/fiend/ROS/practice_codes_ROS2/articubot_one/install/articubot_one PS1=
\[[38;5;156m\]\[[0m\]\[[38;5;166m\]ros2_ws\[[0m\]\[[38;5;166m\]\[[0m\] on \[[38;5;162m\] \[[0m\]\[[38;5;162m\]main\[[0m\] underwent \[[36m\]1m14s\[[0m\]
\[[1;38;5;166m\]➜\[[0m\] /usr/bin/cmake --build /home/fiend/voice_grab/ros2_ws/build/ur_description -- -j8 -l8
[2.159s] Invoking command in '/home/fiend/voice_grab/ros2_ws/build/ur_description': CMAKE_PREFIX_PATH=/home/fiend/Navigation_Bot/dev_ws/install/navigation_bot:/home/fiend/voice_grab/ros2_ws/install/zed_ros2:/home/fiend/voice_grab/ros2_ws/install/zed_wrapper:/home/fiend/voice_grab/ros2_ws/install/zed_components:/home/fiend/voice_grab/ros2_ws/install/zed_interfaces:/home/fiend/voice_grab/ros2_ws/install/voice_grabber:/home/fiend/voice_grab/ros2_ws/install/ur_robotiq:/home/fiend/voice_grab/ros2_ws/install/ur_robotiq_description:/home/fiend/voice_grab/ros2_ws/install/ur_description:/opt/ros/humble:/home/fiend/LineFollowingRobot/ros_ws/install/prius_msgs:/home/fiend/LineFollowingRobot/ros_ws/install/line_bhakt:/home/fiend/LineFollowingRobot/ros_ws/install/launches:/home/fiend/LineFollowingRobot/ros_ws/install/autocar_nav:/home/fiend/LineFollowingRobot/ros_ws/install/autocar_msgs:/home/fiend/LineFollowingRobot/ros_ws/install/autocar_map:/home/fiend/LineFollowingRobot/ros_ws/install/autocar_gazebo:/home/fiend/LineFollowingRobot/ros_ws/install/autocar_description:/home/fiend/ROS/practice_codes_ROS2/articubot_one/install/articubot_one PS1=
\[[38;5;156m\]\[[0m\]\[[38;5;166m\]ros2_ws\[[0m\]\[[38;5;166m\]\[[0m\] on \[[38;5;162m\] \[[0m\]\[[38;5;162m\]main\[[0m\] underwent \[[36m\]1m14s\[[0m\]
\[[1;38;5;166m\]➜\[[0m\] /usr/bin/cmake --install /home/fiend/voice_grab/ros2_ws/build/ur_description
[2.173s] -- Install configuration: "Release"
[2.174s] -- Execute custom install script
[2.176s] -- Up-to-date symlink: /home/fiend/voice_grab/ros2_ws/install/ur_description/share/ur_description/config/gripper_control.yaml
[2.177s] -- Up-to-date symlink: /home/fiend/voice_grab/ros2_ws/install/ur_description/share/ur_description/config/initial_positions.yaml
[2.177s] -- Up-to-date symlink: /home/fiend/voice_grab/ros2_ws/install/ur_description/share/ur_description/config/ur10/default_kinematics.yaml
[2.177s] -- Up-to-date symlink: /home/fiend/voice_grab/ros2_ws/install/ur_description/share/ur_description/config/ur10/joint_limits.yaml
[2.178s] -- Up-to-date symlink: /home/fiend/voice_grab/ros2_ws/install/ur_description/share/ur_description/config/ur10/physical_parameters.yaml
[2.178s] -- Up-to-date symlink: /home/fiend/voice_grab/ros2_ws/install/ur_description/share/ur_description/config/ur10/visual_parameters.yaml
[2.178s] -- Up-to-date symlink: /home/fiend/voice_grab/ros2_ws/install/ur_description/share/ur_description/config/ur10e/default_kinematics.yaml
[2.179s] -- Up-to-date symlink: /home/fiend/voice_grab/ros2_ws/install/ur_description/share/ur_description/config/ur10e/joint_limits.yaml
[2.179s] -- Up-to-date symlink: /home/fiend/voice_grab/ros2_ws/install/ur_description/share/ur_description/config/ur10e/physical_parameters.yaml
[2.179s] -- Up-to-date symlink: /home/fiend/voice_grab/ros2_ws/install/ur_description/share/ur_description/config/ur10e/visual_parameters.yaml
[2.180s] -- Up-to-date symlink: /home/fiend/voice_grab/ros2_ws/install/ur_description/share/ur_description/config/ur16e/default_kinematics.yaml
[2.180s] -- Up-to-date symlink: /home/fiend/voice_grab/ros2_ws/install/ur_description/share/ur_description/config/ur16e/joint_limits.yaml
[2.180s] -- Up-to-date symlink: /home/fiend/voice_grab/ros2_ws/install/ur_description/share/ur_description/config/ur16e/physical_parameters.yaml
[2.181s] -- Up-to-date symlink: /home/fiend/voice_grab/ros2_ws/install/ur_description/share/ur_description/config/ur16e/visual_parameters.yaml
[2.181s] -- Up-to-date symlink: /home/fiend/voice_grab/ros2_ws/install/ur_description/share/ur_description/config/ur20/default_kinematics.yaml
[2.181s] -- Up-to-date symlink: /home/fiend/voice_grab/ros2_ws/install/ur_description/share/ur_description/config/ur20/joint_limits.yaml
[2.182s] -- Up-to-date symlink: /home/fiend/voice_grab/ros2_ws/install/ur_description/share/ur_description/config/ur20/physical_parameters.yaml
[2.182s] -- Up-to-date symlink: /home/fiend/voice_grab/ros2_ws/install/ur_description/share/ur_description/config/ur20/visual_parameters.yaml
[2.182s] -- Up-to-date symlink: /home/fiend/voice_grab/ros2_ws/install/ur_description/share/ur_description/config/ur3/default_kinematics.yaml
[2.183s] -- Up-to-date symlink: /home/fiend/voice_grab/ros2_ws/install/ur_description/share/ur_description/config/ur3/joint_limits.yaml
[2.183s] -- Up-to-date symlink: /home/fiend/voice_grab/ros2_ws/install/ur_description/share/ur_description/config/ur3/physical_parameters.yaml
[2.183s] -- Up-to-date symlink: /home/fiend/voice_grab/ros2_ws/install/ur_description/share/ur_description/config/ur3/visual_parameters.yaml
[2.183s] -- Up-to-date symlink: /home/fiend/voice_grab/ros2_ws/install/ur_description/share/ur_description/config/ur30/default_kinematics.yaml
[2.184s] -- Up-to-date symlink: /home/fiend/voice_grab/ros2_ws/install/ur_description/share/ur_description/config/ur30/joint_limits.yaml
[2.184s] -- Up-to-date symlink: /home/fiend/voice_grab/ros2_ws/install/ur_description/share/ur_description/config/ur30/physical_parameters.yaml
[2.184s] -- Up-to-date symlink: /home/fiend/voice_grab/ros2_ws/install/ur_description/share/ur_description/config/ur30/visual_parameters.yaml
[2.185s] -- Up-to-date symlink: /home/fiend/voice_grab/ros2_ws/install/ur_description/share/ur_description/config/ur3e/default_kinematics.yaml
[2.185s] -- Up-to-date symlink: /home/fiend/voice_grab/ros2_ws/install/ur_description/share/ur_description/config/ur3e/joint_limits.yaml
[2.185s] -- Up-to-date symlink: /home/fiend/voice_grab/ros2_ws/install/ur_description/share/ur_description/config/ur3e/physical_parameters.yaml
[2.186s] -- Up-to-date symlink: /home/fiend/voice_grab/ros2_ws/install/ur_description/share/ur_description/config/ur3e/simulation_controllers.yaml
[2.186s] -- Up-to-date symlink: /home/fiend/voice_grab/ros2_ws/install/ur_description/share/ur_description/config/ur3e/visual_parameters.yaml
[2.186s] -- Up-to-date symlink: /home/fiend/voice_grab/ros2_ws/install/ur_description/share/ur_description/config/ur5/default_kinematics.yaml
[2.187s] -- Up-to-date symlink: /home/fiend/voice_grab/ros2_ws/install/ur_description/share/ur_description/config/ur5/joint_limits.yaml
[2.187s] -- Up-to-date symlink: /home/fiend/voice_grab/ros2_ws/install/ur_description/share/ur_description/config/ur5/physical_parameters.yaml
[2.187s] -- Up-to-date symlink: /home/fiend/voice_grab/ros2_ws/install/ur_description/share/ur_description/config/ur5/visual_parameters.yaml
[2.187s] -- Up-to-date symlink: /home/fiend/voice_grab/ros2_ws/install/ur_description/share/ur_description/config/ur5e/default_kinematics.yaml
[2.188s] -- Up-to-date symlink: /home/fiend/voice_grab/ros2_ws/install/ur_description/share/ur_description/config/ur5e/joint_limits.yaml
[2.188s] -- Up-to-date symlink: /home/fiend/voice_grab/ros2_ws/install/ur_description/share/ur_description/config/ur5e/physical_parameters.yaml
[2.188s] -- Up-to-date symlink: /home/fiend/voice_grab/ros2_ws/install/ur_description/share/ur_description/config/ur5e/visual_parameters.yaml
[2.189s] -- Up-to-date symlink: /home/fiend/voice_grab/ros2_ws/install/ur_description/share/ur_description/launch/view_ur.launch.py
[2.192s] -- Up-to-date symlink: /home/fiend/voice_grab/ros2_ws/install/ur_description/share/ur_description/meshes/ur10/collision/base.stl
[2.192s] -- Up-to-date symlink: /home/fiend/voice_grab/ros2_ws/install/ur_description/share/ur_description/meshes/ur10/collision/forearm.stl
[2.193s] -- Up-to-date symlink: /home/fiend/voice_grab/ros2_ws/install/ur_description/share/ur_description/meshes/ur10/collision/shoulder.stl
[2.193s] -- Up-to-date symlink: /home/fiend/voice_grab/ros2_ws/install/ur_description/share/ur_description/meshes/ur10/collision/upperarm.stl
[2.193s] -- Up-to-date symlink: /home/fiend/voice_grab/ros2_ws/install/ur_description/share/ur_description/meshes/ur10/collision/wrist1.stl
[2.193s] -- Up-to-date symlink: /home/fiend/voice_grab/ros2_ws/install/ur_description/share/ur_description/meshes/ur10/collision/wrist2.stl
[2.194s] -- Up-to-date symlink: /home/fiend/voice_grab/ros2_ws/install/ur_description/share/ur_description/meshes/ur10/collision/wrist3.stl
[2.194s] -- Up-to-date symlink: /home/fiend/voice_grab/ros2_ws/install/ur_description/share/ur_description/meshes/ur10/visual/base.dae
[2.194s] -- Up-to-date symlink: /home/fiend/voice_grab/ros2_ws/install/ur_description/share/ur_description/meshes/ur10/visual/forearm.dae
[2.194s] -- Up-to-date symlink: /home/fiend/voice_grab/ros2_ws/install/ur_description/share/ur_description/meshes/ur10/visual/shoulder.dae
[2.195s] -- Up-to-date symlink: /home/fiend/voice_grab/ros2_ws/install/ur_description/share/ur_description/meshes/ur10/visual/upperarm.dae
[2.195s] -- Up-to-date symlink: /home/fiend/voice_grab/ros2_ws/install/ur_description/share/ur_description/meshes/ur10/visual/wrist1.dae
[2.195s] -- Up-to-date symlink: /home/fiend/voice_grab/ros2_ws/install/ur_description/share/ur_description/meshes/ur10/visual/wrist2.dae
[2.196s] -- Up-to-date symlink: /home/fiend/voice_grab/ros2_ws/install/ur_description/share/ur_description/meshes/ur10/visual/wrist3.dae
[2.196s] -- Up-to-date symlink: /home/fiend/voice_grab/ros2_ws/install/ur_description/share/ur_description/meshes/ur10e/collision/base.stl
[2.197s] -- Up-to-date symlink: /home/fiend/voice_grab/ros2_ws/install/ur_description/share/ur_description/meshes/ur10e/collision/forearm.stl
[2.197s] -- Up-to-date symlink: /home/fiend/voice_grab/ros2_ws/install/ur_description/share/ur_description/meshes/ur10e/collision/shoulder.stl
[2.197s] -- Up-to-date symlink: /home/fiend/voice_grab/ros2_ws/install/ur_description/share/ur_description/meshes/ur10e/collision/upperarm.stl
[2.197s] -- Up-to-date symlink: /home/fiend/voice_grab/ros2_ws/install/ur_description/share/ur_description/meshes/ur10e/collision/wrist1.stl
[2.198s] -- Up-to-date symlink: /home/fiend/voice_grab/ros2_ws/install/ur_description/share/ur_description/meshes/ur10e/collision/wrist2.stl
[2.198s] -- Up-to-date symlink: /home/fiend/voice_grab/ros2_ws/install/ur_description/share/ur_description/meshes/ur10e/collision/wrist3.stl
[2.199s] -- Up-to-date symlink: /home/fiend/voice_grab/ros2_ws/install/ur_description/share/ur_description/meshes/ur10e/visual/base.dae
[2.199s] -- Up-to-date symlink: /home/fiend/voice_grab/ros2_ws/install/ur_description/share/ur_description/meshes/ur10e/visual/forearm.dae
[2.199s] -- Up-to-date symlink: /home/fiend/voice_grab/ros2_ws/install/ur_description/share/ur_description/meshes/ur10e/visual/shoulder.dae
[2.199s] -- Up-to-date symlink: /home/fiend/voice_grab/ros2_ws/install/ur_description/share/ur_description/meshes/ur10e/visual/upperarm.dae
[2.199s] -- Up-to-date symlink: /home/fiend/voice_grab/ros2_ws/install/ur_description/share/ur_description/meshes/ur10e/visual/wrist1.dae
[2.200s] -- Up-to-date symlink: /home/fiend/voice_grab/ros2_ws/install/ur_description/share/ur_description/meshes/ur10e/visual/wrist2.dae
[2.200s] -- Up-to-date symlink: /home/fiend/voice_grab/ros2_ws/install/ur_description/share/ur_description/meshes/ur10e/visual/wrist3.dae
[2.200s] -- Up-to-date symlink: /home/fiend/voice_grab/ros2_ws/install/ur_description/share/ur_description/meshes/ur16e/collision/forearm.stl
[2.201s] -- Up-to-date symlink: /home/fiend/voice_grab/ros2_ws/install/ur_description/share/ur_description/meshes/ur16e/collision/upperarm.stl
[2.201s] -- Up-to-date symlink: /home/fiend/voice_grab/ros2_ws/install/ur_description/share/ur_description/meshes/ur16e/visual/forearm.dae
[2.202s] -- Up-to-date symlink: /home/fiend/voice_grab/ros2_ws/install/ur_description/share/ur_description/meshes/ur16e/visual/upperarm.dae
[2.202s] -- Up-to-date symlink: /home/fiend/voice_grab/ros2_ws/install/ur_description/share/ur_description/meshes/ur20/LICENSE.txt
[2.202s] -- Up-to-date symlink: /home/fiend/voice_grab/ros2_ws/install/ur_description/share/ur_description/meshes/ur20/collision/base.stl
[2.203s] -- Up-to-date symlink: /home/fiend/voice_grab/ros2_ws/install/ur_description/share/ur_description/meshes/ur20/collision/forearm.stl
[2.203s] -- Up-to-date symlink: /home/fiend/voice_grab/ros2_ws/install/ur_description/share/ur_description/meshes/ur20/collision/shoulder.stl
[2.203s] -- Up-to-date symlink: /home/fiend/voice_grab/ros2_ws/install/ur_description/share/ur_description/meshes/ur20/collision/upperarm.stl
[2.204s] -- Up-to-date symlink: /home/fiend/voice_grab/ros2_ws/install/ur_description/share/ur_description/meshes/ur20/collision/wrist1.stl
[2.204s] -- Up-to-date symlink: /home/fiend/voice_grab/ros2_ws/install/ur_description/share/ur_description/meshes/ur20/collision/wrist2.stl
[2.204s] -- Up-to-date symlink: /home/fiend/voice_grab/ros2_ws/install/ur_description/share/ur_description/meshes/ur20/collision/wrist3.stl
[2.205s] -- Up-to-date symlink: /home/fiend/voice_grab/ros2_ws/install/ur_description/share/ur_description/meshes/ur20/visual/UR20_DIFF_8bit_2K.png
[2.205s] -- Up-to-date symlink: /home/fiend/voice_grab/ros2_ws/install/ur_description/share/ur_description/meshes/ur20/visual/base.dae
[2.205s] -- Up-to-date symlink: /home/fiend/voice_grab/ros2_ws/install/ur_description/share/ur_description/meshes/ur20/visual/forearm.dae
[2.205s] -- Up-to-date symlink: /home/fiend/voice_grab/ros2_ws/install/ur_description/share/ur_description/meshes/ur20/visual/shoulder.dae
[2.206s] -- Up-to-date symlink: /home/fiend/voice_grab/ros2_ws/install/ur_description/share/ur_description/meshes/ur20/visual/upperarm.dae
[2.206s] -- Up-to-date symlink: /home/fiend/voice_grab/ros2_ws/install/ur_description/share/ur_description/meshes/ur20/visual/wrist1.dae
[2.206s] -- Up-to-date symlink: /home/fiend/voice_grab/ros2_ws/install/ur_description/share/ur_description/meshes/ur20/visual/wrist2.dae
[2.206s] -- Up-to-date symlink: /home/fiend/voice_grab/ros2_ws/install/ur_description/share/ur_description/meshes/ur20/visual/wrist3.dae
[2.207s] -- Up-to-date symlink: /home/fiend/voice_grab/ros2_ws/install/ur_description/share/ur_description/meshes/ur3/collision/base.stl
[2.207s] -- Up-to-date symlink: /home/fiend/voice_grab/ros2_ws/install/ur_description/share/ur_description/meshes/ur3/collision/forearm.stl
[2.207s] -- Up-to-date symlink: /home/fiend/voice_grab/ros2_ws/install/ur_description/share/ur_description/meshes/ur3/collision/shoulder.stl
[2.208s] -- Up-to-date symlink: /home/fiend/voice_grab/ros2_ws/install/ur_description/share/ur_description/meshes/ur3/collision/upperarm.stl
[2.208s] -- Up-to-date symlink: /home/fiend/voice_grab/ros2_ws/install/ur_description/share/ur_description/meshes/ur3/collision/wrist1.stl
[2.209s] -- Up-to-date symlink: /home/fiend/voice_grab/ros2_ws/install/ur_description/share/ur_description/meshes/ur3/collision/wrist2.stl
[2.209s] -- Up-to-date symlink: /home/fiend/voice_grab/ros2_ws/install/ur_description/share/ur_description/meshes/ur3/collision/wrist3.stl
[2.209s] -- Up-to-date symlink: /home/fiend/voice_grab/ros2_ws/install/ur_description/share/ur_description/meshes/ur3/visual/base.dae
[2.209s] -- Up-to-date symlink: /home/fiend/voice_grab/ros2_ws/install/ur_description/share/ur_description/meshes/ur3/visual/forearm.dae
[2.210s] -- Up-to-date symlink: /home/fiend/voice_grab/ros2_ws/install/ur_description/share/ur_description/meshes/ur3/visual/shoulder.dae
[2.210s] -- Up-to-date symlink: /home/fiend/voice_grab/ros2_ws/install/ur_description/share/ur_description/meshes/ur3/visual/upperarm.dae
[2.210s] -- Up-to-date symlink: /home/fiend/voice_grab/ros2_ws/install/ur_description/share/ur_description/meshes/ur3/visual/wrist1.dae
[2.211s] -- Up-to-date symlink: /home/fiend/voice_grab/ros2_ws/install/ur_description/share/ur_description/meshes/ur3/visual/wrist2.dae
[2.211s] -- Up-to-date symlink: /home/fiend/voice_grab/ros2_ws/install/ur_description/share/ur_description/meshes/ur3/visual/wrist3.dae
[2.211s] -- Up-to-date symlink: /home/fiend/voice_grab/ros2_ws/install/ur_description/share/ur_description/meshes/ur30/LICENSE.txt
[2.212s] -- Up-to-date symlink: /home/fiend/voice_grab/ros2_ws/install/ur_description/share/ur_description/meshes/ur30/collision/forearm.stl
[2.212s] -- Up-to-date symlink: /home/fiend/voice_grab/ros2_ws/install/ur_description/share/ur_description/meshes/ur30/collision/upperarm.stl
[2.213s] -- Up-to-date symlink: /home/fiend/voice_grab/ros2_ws/install/ur_description/share/ur_description/meshes/ur30/visual/UR30_DIFF_8bit_2K.png
[2.213s] -- Up-to-date symlink: /home/fiend/voice_grab/ros2_ws/install/ur_description/share/ur_description/meshes/ur30/visual/forearm.dae
[2.213s] -- Up-to-date symlink: /home/fiend/voice_grab/ros2_ws/install/ur_description/share/ur_description/meshes/ur30/visual/upperarm.dae
[2.214s] -- Up-to-date symlink: /home/fiend/voice_grab/ros2_ws/install/ur_description/share/ur_description/meshes/ur3e/collision/base.stl
[2.214s] -- Up-to-date symlink: /home/fiend/voice_grab/ros2_ws/install/ur_description/share/ur_description/meshes/ur3e/collision/forearm.stl
[2.215s] -- Up-to-date symlink: /home/fiend/voice_grab/ros2_ws/install/ur_description/share/ur_description/meshes/ur3e/collision/shoulder.stl
[2.215s] -- Up-to-date symlink: /home/fiend/voice_grab/ros2_ws/install/ur_description/share/ur_description/meshes/ur3e/collision/upperarm.stl
[2.216s] -- Up-to-date symlink: /home/fiend/voice_grab/ros2_ws/install/ur_description/share/ur_description/meshes/ur3e/collision/wrist1.stl
[2.216s] -- Up-to-date symlink: /home/fiend/voice_grab/ros2_ws/install/ur_description/share/ur_description/meshes/ur3e/collision/wrist2.stl
[2.216s] -- Up-to-date symlink: /home/fiend/voice_grab/ros2_ws/install/ur_description/share/ur_description/meshes/ur3e/collision/wrist3.stl
[2.217s] -- Up-to-date symlink: /home/fiend/voice_grab/ros2_ws/install/ur_description/share/ur_description/meshes/ur3e/visual/base.dae
[2.217s] -- Up-to-date symlink: /home/fiend/voice_grab/ros2_ws/install/ur_description/share/ur_description/meshes/ur3e/visual/forearm.dae
[2.218s] -- Up-to-date symlink: /home/fiend/voice_grab/ros2_ws/install/ur_description/share/ur_description/meshes/ur3e/visual/shoulder.dae
[2.218s] -- Up-to-date symlink: /home/fiend/voice_grab/ros2_ws/install/ur_description/share/ur_description/meshes/ur3e/visual/upperarm.dae
[2.218s] -- Up-to-date symlink: /home/fiend/voice_grab/ros2_ws/install/ur_description/share/ur_description/meshes/ur3e/visual/wrist1.dae
[2.219s] -- Up-to-date symlink: /home/fiend/voice_grab/ros2_ws/install/ur_description/share/ur_description/meshes/ur3e/visual/wrist2.dae
[2.219s] -- Up-to-date symlink: /home/fiend/voice_grab/ros2_ws/install/ur_description/share/ur_description/meshes/ur3e/visual/wrist3.dae
[2.219s] -- Up-to-date symlink: /home/fiend/voice_grab/ros2_ws/install/ur_description/share/ur_description/meshes/ur5/collision/base.stl
[2.220s] -- Up-to-date symlink: /home/fiend/voice_grab/ros2_ws/install/ur_description/share/ur_description/meshes/ur5/collision/forearm.stl
[2.220s] -- Up-to-date symlink: /home/fiend/voice_grab/ros2_ws/install/ur_description/share/ur_description/meshes/ur5/collision/shoulder.stl
[2.220s] -- Up-to-date symlink: /home/fiend/voice_grab/ros2_ws/install/ur_description/share/ur_description/meshes/ur5/collision/upperarm.stl
[2.221s] -- Up-to-date symlink: /home/fiend/voice_grab/ros2_ws/install/ur_description/share/ur_description/meshes/ur5/collision/wrist1.stl
[2.221s] -- Up-to-date symlink: /home/fiend/voice_grab/ros2_ws/install/ur_description/share/ur_description/meshes/ur5/collision/wrist2.stl
[2.221s] -- Up-to-date symlink: /home/fiend/voice_grab/ros2_ws/install/ur_description/share/ur_description/meshes/ur5/collision/wrist3.stl
[2.222s] -- Up-to-date symlink: /home/fiend/voice_grab/ros2_ws/install/ur_description/share/ur_description/meshes/ur5/visual/base.dae
[2.222s] -- Up-to-date symlink: /home/fiend/voice_grab/ros2_ws/install/ur_description/share/ur_description/meshes/ur5/visual/forearm.dae
[2.222s] -- Up-to-date symlink: /home/fiend/voice_grab/ros2_ws/install/ur_description/share/ur_description/meshes/ur5/visual/shoulder.dae
[2.223s] -- Up-to-date symlink: /home/fiend/voice_grab/ros2_ws/install/ur_description/share/ur_description/meshes/ur5/visual/upperarm.dae
[2.223s] -- Up-to-date symlink: /home/fiend/voice_grab/ros2_ws/install/ur_description/share/ur_description/meshes/ur5/visual/wrist1.dae
[2.223s] -- Up-to-date symlink: /home/fiend/voice_grab/ros2_ws/install/ur_description/share/ur_description/meshes/ur5/visual/wrist2.dae
[2.223s] -- Up-to-date symlink: /home/fiend/voice_grab/ros2_ws/install/ur_description/share/ur_description/meshes/ur5/visual/wrist3.dae
[2.224s] -- Up-to-date symlink: /home/fiend/voice_grab/ros2_ws/install/ur_description/share/ur_description/meshes/ur5e/collision/base.stl
[2.224s] -- Up-to-date symlink: /home/fiend/voice_grab/ros2_ws/install/ur_description/share/ur_description/meshes/ur5e/collision/forearm.stl
[2.224s] -- Up-to-date symlink: /home/fiend/voice_grab/ros2_ws/install/ur_description/share/ur_description/meshes/ur5e/collision/shoulder.stl
[2.224s] -- Up-to-date symlink: /home/fiend/voice_grab/ros2_ws/install/ur_description/share/ur_description/meshes/ur5e/collision/upperarm.stl
[2.225s] -- Up-to-date symlink: /home/fiend/voice_grab/ros2_ws/install/ur_description/share/ur_description/meshes/ur5e/collision/wrist1.stl
[2.225s] -- Up-to-date symlink: /home/fiend/voice_grab/ros2_ws/install/ur_description/share/ur_description/meshes/ur5e/collision/wrist2.stl
[2.225s] -- Up-to-date symlink: /home/fiend/voice_grab/ros2_ws/install/ur_description/share/ur_description/meshes/ur5e/collision/wrist3.stl
[2.226s] -- Up-to-date symlink: /home/fiend/voice_grab/ros2_ws/install/ur_description/share/ur_description/meshes/ur5e/visual/base.dae
[2.226s] -- Up-to-date symlink: /home/fiend/voice_grab/ros2_ws/install/ur_description/share/ur_description/meshes/ur5e/visual/forearm.dae
[2.226s] -- Up-to-date symlink: /home/fiend/voice_grab/ros2_ws/install/ur_description/share/ur_description/meshes/ur5e/visual/shoulder.dae
[2.227s] -- Up-to-date symlink: /home/fiend/voice_grab/ros2_ws/install/ur_description/share/ur_description/meshes/ur5e/visual/upperarm.dae
[2.227s] -- Up-to-date symlink: /home/fiend/voice_grab/ros2_ws/install/ur_description/share/ur_description/meshes/ur5e/visual/wrist1.dae
[2.228s] -- Up-to-date symlink: /home/fiend/voice_grab/ros2_ws/install/ur_description/share/ur_description/meshes/ur5e/visual/wrist2.dae
[2.228s] -- Up-to-date symlink: /home/fiend/voice_grab/ros2_ws/install/ur_description/share/ur_description/meshes/ur5e/visual/wrist3.dae
[2.229s] -- Up-to-date symlink: /home/fiend/voice_grab/ros2_ws/install/ur_description/share/ur_description/rviz/view_robot.rviz
[2.231s] -- Up-to-date symlink: /home/fiend/voice_grab/ros2_ws/install/ur_description/share/ur_description/urdf/inc/ur_common.xacro
[2.232s] -- Up-to-date symlink: /home/fiend/voice_grab/ros2_ws/install/ur_description/share/ur_description/urdf/inc/ur_transmissions.xacro
[2.233s] -- Up-to-date symlink: /home/fiend/voice_grab/ros2_ws/install/ur_description/share/ur_description/urdf/materials.urdf.xacro
[2.234s] -- Up-to-date symlink: /home/fiend/voice_grab/ros2_ws/install/ur_description/share/ur_description/urdf/meshes/zed.stl
[2.234s] -- Up-to-date symlink: /home/fiend/voice_grab/ros2_ws/install/ur_description/share/ur_description/urdf/meshes/zed2.stl
[2.234s] -- Up-to-date symlink: /home/fiend/voice_grab/ros2_ws/install/ur_description/share/ur_description/urdf/meshes/zed2i.stl
[2.234s] -- Up-to-date symlink: /home/fiend/voice_grab/ros2_ws/install/ur_description/share/ur_description/urdf/meshes/zedm.stl
[2.234s] -- Up-to-date symlink: /home/fiend/voice_grab/ros2_ws/install/ur_description/share/ur_description/urdf/meshes/zedx.stl
[2.235s] -- Up-to-date symlink: /home/fiend/voice_grab/ros2_ws/install/ur_description/share/ur_description/urdf/meshes/zedxm.stl
[2.235s] -- Up-to-date symlink: /home/fiend/voice_grab/ros2_ws/install/ur_description/share/ur_description/urdf/robotiq_2f_85.urdf.xacro
[2.235s] -- Up-to-date symlink: /home/fiend/voice_grab/ros2_ws/install/ur_description/share/ur_description/urdf/ur.ros2_control.xacro
[2.235s] -- Up-to-date symlink: /home/fiend/voice_grab/ros2_ws/install/ur_description/share/ur_description/urdf/ur.urdf.xacro
[2.235s] -- Up-to-date symlink: /home/fiend/voice_grab/ros2_ws/install/ur_description/share/ur_description/urdf/ur_macro.xacro
[2.235s] -- Up-to-date symlink: /home/fiend/voice_grab/ros2_ws/install/ur_description/share/ur_description/urdf/zed_descr.urdf.xacro
[2.235s] -- Up-to-date symlink: /home/fiend/voice_grab/ros2_ws/install/ur_description/share/ur_description/test/test_ur_urdf_xacro.py
[2.236s] -- Up-to-date symlink: /home/fiend/voice_grab/ros2_ws/install/ur_description/share/ur_description/test/test_view_ur_launch.py
[2.237s] -- Up-to-date symlink: /home/fiend/voice_grab/ros2_ws/install/ur_description/share/ur_description/world/empty.world
[2.237s] -- Up-to-date symlink: /home/fiend/voice_grab/ros2_ws/install/ur_description/share/ament_index/resource_index/package_run_dependencies/ur_description
[2.238s] -- Up-to-date symlink: /home/fiend/voice_grab/ros2_ws/install/ur_description/share/ament_index/resource_index/parent_prefix_path/ur_description
[2.239s] -- Up-to-date symlink: /home/fiend/voice_grab/ros2_ws/install/ur_description/share/ur_description/environment/ament_prefix_path.sh
[2.239s] -- Up-to-date symlink: /home/fiend/voice_grab/ros2_ws/install/ur_description/share/ur_description/environment/ament_prefix_path.dsv
[2.240s] -- Up-to-date symlink: /home/fiend/voice_grab/ros2_ws/install/ur_description/share/ur_description/environment/path.sh
[2.241s] -- Up-to-date symlink: /home/fiend/voice_grab/ros2_ws/install/ur_description/share/ur_description/environment/path.dsv
[2.241s] -- Up-to-date symlink: /home/fiend/voice_grab/ros2_ws/install/ur_description/share/ur_description/local_setup.bash
[2.242s] -- Up-to-date symlink: /home/fiend/voice_grab/ros2_ws/install/ur_description/share/ur_description/local_setup.sh
[2.242s] -- Up-to-date symlink: /home/fiend/voice_grab/ros2_ws/install/ur_description/share/ur_description/local_setup.zsh
[2.242s] -- Up-to-date symlink: /home/fiend/voice_grab/ros2_ws/install/ur_description/share/ur_description/local_setup.dsv
[2.243s] -- Symlinking: /home/fiend/voice_grab/ros2_ws/install/ur_description/share/ur_description/package.dsv
[2.260s] -- Up-to-date symlink: /home/fiend/voice_grab/ros2_ws/install/ur_description/share/ament_index/resource_index/packages/ur_description
[2.260s] -- Up-to-date symlink: /home/fiend/voice_grab/ros2_ws/install/ur_description/share/ur_description/cmake/ur_descriptionConfig.cmake
[2.261s] -- Up-to-date symlink: /home/fiend/voice_grab/ros2_ws/install/ur_description/share/ur_description/cmake/ur_descriptionConfig-version.cmake
[2.261s] -- Up-to-date symlink: /home/fiend/voice_grab/ros2_ws/install/ur_description/share/ur_description/package.xml
[2.264s] Invoked command in '/home/fiend/voice_grab/ros2_ws/build/ur_description' returned '0': CMAKE_PREFIX_PATH=/home/fiend/Navigation_Bot/dev_ws/install/navigation_bot:/home/fiend/voice_grab/ros2_ws/install/zed_ros2:/home/fiend/voice_grab/ros2_ws/install/zed_wrapper:/home/fiend/voice_grab/ros2_ws/install/zed_components:/home/fiend/voice_grab/ros2_ws/install/zed_interfaces:/home/fiend/voice_grab/ros2_ws/install/voice_grabber:/home/fiend/voice_grab/ros2_ws/install/ur_robotiq:/home/fiend/voice_grab/ros2_ws/install/ur_robotiq_description:/home/fiend/voice_grab/ros2_ws/install/ur_description:/opt/ros/humble:/home/fiend/LineFollowingRobot/ros_ws/install/prius_msgs:/home/fiend/LineFollowingRobot/ros_ws/install/line_bhakt:/home/fiend/LineFollowingRobot/ros_ws/install/launches:/home/fiend/LineFollowingRobot/ros_ws/install/autocar_nav:/home/fiend/LineFollowingRobot/ros_ws/install/autocar_msgs:/home/fiend/LineFollowingRobot/ros_ws/install/autocar_map:/home/fiend/LineFollowingRobot/ros_ws/install/autocar_gazebo:/home/fiend/LineFollowingRobot/ros_ws/install/autocar_description:/home/fiend/ROS/practice_codes_ROS2/articubot_one/install/articubot_one PS1=
\[[38;5;156m\]\[[0m\]\[[38;5;166m\]ros2_ws\[[0m\]\[[38;5;166m\]\[[0m\] on \[[38;5;162m\] \[[0m\]\[[38;5;162m\]main\[[0m\] underwent \[[36m\]1m14s\[[0m\]
\[[1;38;5;166m\]➜\[[0m\] /usr/bin/cmake --install /home/fiend/voice_grab/ros2_ws/build/ur_description
