[0.065s] Invoking command in '/home/fiend/voice_grab/ros2_ws/build/robotiq_modbus_tcp': /usr/bin/cmake /home/fiend/voice_grab/ros2_ws/src/robotiq/robotiq_modbus_tcp -DCATKIN_INSTALL_INTO_PREFIX_ROOT=0 -DCATKIN_SYMLINK_INSTALL=ON -DCMAKE_INSTALL_PREFIX=/home/fiend/voice_grab/ros2_ws/install/robotiq_modbus_tcp
[0.094s] [0mCMake Deprecation Warning at CMakeLists.txt:2 (cmake_minimum_required):
[0.094s]   Compatibility with CMake < 2.8.12 will be removed from a future version of
[0.094s]   CMake.
[0.094s] 
[0.094s]   Update the VERSION argument <min> value or use a ...<max> suffix to tell
[0.094s]   CMake that the project does not need compatibility with older versions.
[0.094s] 
[0.094s] [0m
[0.145s] -- The C compiler identification is GNU 11.4.0
[0.218s] -- The CXX compiler identification is GNU 11.4.0
[0.227s] -- Detecting C compiler ABI info
[0.329s] -- Detecting C compiler ABI info - done
[0.339s] -- Check for working C compiler: /usr/bin/cc - skipped
[0.340s] -- Detecting C compile features
[0.342s] -- Detecting C compile features - done
[0.343s] -- Detecting CXX compiler ABI info
[0.443s] -- Detecting CXX compiler ABI info - done
[0.454s] -- Check for working CXX compiler: /usr/bin/c++ - skipped
[0.455s] -- Detecting CXX compile features
[0.456s] -- Detecting CXX compile features - done
[0.477s] [31mCMake Error at CMakeLists.txt:4 (find_package):
[0.478s]   By not providing "Findcatkin.cmake" in CMAKE_MODULE_PATH this project has
[0.478s]   asked CMake to find a package configuration file provided by "catkin", but
[0.479s]   CMake did not find one.
[0.479s] 
[0.479s]   Could not find a package configuration file provided by "catkin" with any
[0.479s]   of the following names:
[0.479s] 
[0.479s]     catkinConfig.cmake
[0.480s]     catkin-config.cmake
[0.480s] 
[0.481s]   Add the installation prefix of "catkin" to CMAKE_PREFIX_PATH or set
[0.481s]   "catkin_DIR" to a directory containing one of the above files.  If "catkin"
[0.482s]   provides a separate development package or SDK, be sure it has been
[0.482s]   installed.
[0.483s] 
[0.483s] [0m
[0.483s] -- Configuring incomplete, errors occurred!
[0.483s] See also "/home/fiend/voice_grab/ros2_ws/build/robotiq_modbus_tcp/CMakeFiles/CMakeOutput.log".
[0.499s] Invoked command in '/home/fiend/voice_grab/ros2_ws/build/robotiq_modbus_tcp' returned '1': /usr/bin/cmake /home/fiend/voice_grab/ros2_ws/src/robotiq/robotiq_modbus_tcp -DCATKIN_INSTALL_INTO_PREFIX_ROOT=0 -DCATKIN_SYMLINK_INSTALL=ON -DCMAKE_INSTALL_PREFIX=/home/fiend/voice_grab/ros2_ws/install/robotiq_modbus_tcp
