[0.000000] (-) TimerEvent: {}
[0.000094] (-) JobUnselected: {'identifier': 'ur_robotiq'}
[0.000139] (-) JobUnselected: {'identifier': 'voice_grabber'}
[0.000206] (ur_robotiq_description) JobQueued: {'identifier': 'ur_robotiq_description', 'dependencies': OrderedDict()}
[0.000249] (ur_robotiq_description) JobStarted: {'identifier': 'ur_robotiq_description'}
[0.099893] (-) TimerEvent: {}
[0.142866] (ur_robotiq_description) JobProgress: {'identifier': 'ur_robotiq_description', 'progress': 'cmake'}
[0.144114] (ur_robotiq_description) JobProgress: {'identifier': 'ur_robotiq_description', 'progress': 'build'}
[0.144152] (ur_robotiq_description) Command: {'cmd': ['/usr/bin/cmake', '--build', '/home/fiend/voice_grab/ros2_ws/build/ur_robotiq_description', '--', '-j8', '-l8'], 'cwd': '/home/fiend/voice_grab/ros2_ws/build/ur_robotiq_description', 'env': OrderedDict([('GJS_DEBUG_TOPICS', 'JS ERROR;JS LOG'), ('LESSOPEN', '| /usr/bin/lesspipe %s'), ('LANGUAGE', 'en_IN:en'), ('USER', 'fiend'), ('STARSHIP_SHELL', 'bash'), ('XDG_SESSION_TYPE', 'wayland'), ('SHLVL', '1'), ('LD_LIBRARY_PATH', '/usr/lib/x86_64-linux-gnu/gazebo-11/plugins:/opt/ros/humble/opt/rviz_ogre_vendor/lib:/opt/ros/humble/lib/x86_64-linux-gnu:/opt/ros/humble/lib'), ('HOME', '/home/fiend'), ('OLDPWD', '/home/fiend/voice_grab/ros2_ws/src/ur_robotiq/ur_robotiq_description'), ('DESKTOP_SESSION', 'ubuntu'), ('GIO_LAUNCHED_DESKTOP_FILE', '/usr/share/applications/terminator.desktop'), ('ROS_PYTHON_VERSION', '3'), ('GNOME_SHELL_SESSION_MODE', 'ubuntu'), ('GTK_MODULES', 'gail:atk-bridge'), ('PS1', '\n\\[\x1b[38;5;166m\\]~/voice_grab/ros2_ws\\[\x1b[0m\\]\n\\[\x1b[1;38;5;166m\\]➜\\[\x1b[0m\\]'), ('MANAGERPID', '876'), ('SYSTEMD_EXEC_PID', '56008'), ('IM_CONFIG_CHECK_ENV', '1'), ('DBUS_SESSION_BUS_ADDRESS', 'unix:path=/run/user/1000/bus'), ('COLORTERM', 'truecolor'), ('GIO_LAUNCHED_DESKTOP_FILE_PID', '56868'), ('_colcon_cd_root', '/opt/ros/humble/'), ('IM_CONFIG_PHASE', '1'), ('WAYLAND_DISPLAY', 'wayland-0'), ('COLCON_PREFIX_PATH', '/home/fiend/voice_grab/ros2_ws/install:/home/fiend/Navigation_Bot/dev_ws/install:/home/fiend/LineFollowingRobot/ros_ws/install:/home/fiend/ROS/practice_codes_ROS2/articubot_one/install'), ('ROS_DISTRO', 'humble'), ('LOGNAME', 'fiend'), ('JOURNAL_STREAM', '8:297407'), ('_', '/usr/bin/colcon'), ('ROS_VERSION', '2'), ('XDG_SESSION_CLASS', 'user'), ('USERNAME', 'fiend'), ('TERM', 'xterm-256color'), ('GNOME_DESKTOP_SESSION_ID', 'this-is-deprecated'), ('ROS_LOCALHOST_ONLY', '0'), ('PATH', '/opt/ros/humble/bin:/home/fiend/.local/bin:/home/fiend/.local/bin:/usr/local/sbin:/usr/local/bin:/usr/sbin:/usr/bin:/sbin:/bin:/usr/games:/usr/local/games:/snap/bin:/snap/bin'), ('SESSION_MANAGER', 'local/fiend-Lenovo-Yoga-C740-14IML:@/tmp/.ICE-unix/55985,unix/fiend-Lenovo-Yoga-C740-14IML:/tmp/.ICE-unix/55985'), ('INVOCATION_ID', '9005688e639d4856b75f5533d5abdc7a'), ('XDG_MENU_PREFIX', 'gnome-'), ('GNOME_SETUP_DISPLAY', ':1'), ('XDG_RUNTIME_DIR', '/run/user/1000'), ('DISPLAY', ':0'), ('LANG', 'en_US.UTF-8'), ('XDG_CURRENT_DESKTOP', 'ubuntu:GNOME'), ('IBUS_DISABLE_SNOOPER', '1'), ('XMODIFIERS', '@im=ibus'), ('XDG_SESSION_DESKTOP', 'ubuntu'), ('XAUTHORITY', '/run/user/1000/.mutter-Xwaylandauth.9S0ZJ2'), ('LS_COLORS', 'di=34:ow=34:tw=34:fi=13:ln=31:pi=5:so=5:bd=5:cd=5:or=31:mi=0:ex=35:*.rpm=90:*.png=35:*.gif=36:*.jpg=35:*.c=92:*.py=93:*.h=90:*.txt=94:*.doc=104:*.odt=104:*.csv=102:*.xlsx=102:*.xlsm=102:*.rb=31:*.cpp=92:*.sh=92:*.html=96:*.zip=4;33:*.tar.gz=4;33:*.mp4=105:*.mp3=106'), ('SSH_AGENT_LAUNCHER', 'gnome-keyring'), ('SSH_AUTH_SOCK', '/run/user/1000/keyring/ssh'), ('AMENT_PREFIX_PATH', '/home/fiend/voice_grab/ros2_ws/install/voice_grabber:/home/fiend/voice_grab/ros2_ws/install/ur_robotiq:/home/fiend/voice_grab/ros2_ws/install/ur_robotiq_description:/home/fiend/Navigation_Bot/dev_ws/install/navigation_bot:/home/fiend/LineFollowingRobot/ros_ws/install/line_bhakt:/home/fiend/ROS/practice_codes_ROS2/articubot_one/install/articubot_one:/opt/ros/humble'), ('SHELL', '/bin/bash'), ('TERMINATOR_UUID', 'urn:uuid:b8e71a3b-45e5-48cd-97aa-e78a3c06651e'), ('QT_ACCESSIBILITY', '1'), ('GDMSESSION', 'ubuntu'), ('LESSCLOSE', '/usr/bin/lesspipe %s %s'), ('GCC_COLORS', 'error=31:warning=35:note=36:caret=32:locus=01:quote=01'), ('GJS_DEBUG_OUTPUT', 'stderr'), ('QT_IM_MODULE', 'ibus'), ('PWD', '/home/fiend/voice_grab/ros2_ws/build/ur_robotiq_description'), ('LC_ALL', 'en_US.UTF-8'), ('XDG_CONFIG_DIRS', '/etc/xdg/xdg-ubuntu:/etc/xdg'), ('XDG_DATA_DIRS', '/usr/share/ubuntu:/home/fiend/.local/share/flatpak/exports/share:/var/lib/flatpak/exports/share:/usr/local/share/:/usr/share/:/var/lib/snapd/desktop'), ('STARSHIP_SESSION_KEY', '2511229412964716'), ('PYTHONPATH', '/home/fiend/voice_grab/ros2_ws/install/voice_grabber/local/lib/python3.10/dist-packages:/opt/ros/humble/lib/python3.10/site-packages:/opt/ros/humble/local/lib/python3.10/dist-packages'), ('COLCON', '1'), ('VTE_VERSION', '6800'), ('CMAKE_PREFIX_PATH', '/home/fiend/voice_grab/ros2_ws/install/voice_grabber:/home/fiend/voice_grab/ros2_ws/install/ur_robotiq:/home/fiend/voice_grab/ros2_ws/install/ur_robotiq_description:/home/fiend/Navigation_Bot/dev_ws/install/navigation_bot:/home/fiend/LineFollowingRobot/ros_ws/install/line_bhakt:/home/fiend/ROS/practice_codes_ROS2/articubot_one/install/articubot_one:/opt/ros/humble')]), 'shell': False}
[0.200011] (-) TimerEvent: {}
[0.215643] (ur_robotiq_description) StdoutLine: {'line': b'[ 50%] \x1b[32mBuilding CXX object CMakeFiles/Move.dir/src/MoveTheArm.cpp.o\x1b[0m\n'}
[0.300099] (-) TimerEvent: {}
[0.390872] (ur_robotiq_description) StderrLine: {'line': b'\x1b[01m\x1b[K/home/fiend/voice_grab/ros2_ws/src/ur_robotiq/ur_robotiq_description/src/MoveTheArm.cpp:4:10:\x1b[m\x1b[K \x1b[31m\x1b[Kfatal error: \x1b[m\x1b[Kmoveit/move_group_interface/move_group_interface.h: No such file or directory\n'}
[0.391017] (ur_robotiq_description) StderrLine: {'line': b'    4 | #include \x1b[31m\x1b[K<moveit/move_group_interface/move_group_interface.h>\x1b[m\x1b[K\n'}
[0.391074] (ur_robotiq_description) StderrLine: {'line': b'      |          \x1b[31m\x1b[K^~~~~~~~~~~~~~~~~~~~~~~~~~~~~~~~~~~~~~~~~~~~~~~~~~~~\x1b[m\x1b[K\n'}
[0.391126] (ur_robotiq_description) StderrLine: {'line': b'compilation terminated.\n'}
[0.392678] (ur_robotiq_description) StderrLine: {'line': b'gmake[2]: *** [CMakeFiles/Move.dir/build.make:76: CMakeFiles/Move.dir/src/MoveTheArm.cpp.o] Error 1\n'}
[0.392835] (ur_robotiq_description) StderrLine: {'line': b'gmake[1]: *** [CMakeFiles/Makefile2:137: CMakeFiles/Move.dir/all] Error 2\n'}
[0.393060] (ur_robotiq_description) StderrLine: {'line': b'gmake: *** [Makefile:146: all] Error 2\n'}
[0.394670] (ur_robotiq_description) CommandEnded: {'returncode': 2}
[0.400186] (-) TimerEvent: {}
[0.472051] (ur_robotiq_description) JobEnded: {'identifier': 'ur_robotiq_description', 'rc': 2}
[0.482514] (-) EventReactorShutdown: {}
