[0.040s] Invoking command in '/home/fiend/voice_grab/ros2_ws/build/ur_robotiq_description': CMAKE_PREFIX_PATH=${CMAKE_PREFIX_PATH}:/opt/ros/humble PS1=
\[[38;5;156m\]\[[0m\]\[[38;5;166m\]ros2_ws\[[0m\]\[[38;5;166m\]\[[0m\] on \[[38;5;162m\] \[[0m\]\[[38;5;162m\]master\[[0m\]
\[[1;38;5;166m\]➜\[[0m\] /usr/bin/cmake --build /home/fiend/voice_grab/ros2_ws/build/ur_robotiq_description -- -j8 -l8
[0.113s] -- Found ament_cmake: 1.3.8 (/opt/ros/humble/share/ament_cmake/cmake)
[0.449s] -- Override CMake install command with custom implementation using symlinks instead of copying resources
[0.477s] -- Found robotiq_description: 0.0.1 (/opt/ros/humble/share/robotiq_description/cmake)
[0.478s] -- Found ur_description: 2.1.3 (/opt/ros/humble/share/ur_description/cmake)
[0.479s] -- Found rclcpp: 16.0.8 (/opt/ros/humble/share/rclcpp/cmake)
[0.563s] -- Found rosidl_generator_c: 3.1.5 (/opt/ros/humble/share/rosidl_generator_c/cmake)
[0.570s] -- Found rosidl_adapter: 3.1.5 (/opt/ros/humble/share/rosidl_adapter/cmake)
[0.585s] -- Found rosidl_generator_cpp: 3.1.5 (/opt/ros/humble/share/rosidl_generator_cpp/cmake)
[0.615s] -- Using all available rosidl_typesupport_c: rosidl_typesupport_fastrtps_c;rosidl_typesupport_introspection_c
[0.656s] -- Using all available rosidl_typesupport_cpp: rosidl_typesupport_fastrtps_cpp;rosidl_typesupport_introspection_cpp
[0.801s] -- Found rmw_implementation_cmake: 6.1.1 (/opt/ros/humble/share/rmw_implementation_cmake/cmake)
[0.805s] -- Found rmw_fastrtps_cpp: 6.2.6 (/opt/ros/humble/share/rmw_fastrtps_cpp/cmake)
[1.097s] -- Using RMW implementation 'rmw_fastrtps_cpp' as default
[1.514s] -- Found moveit_ros_planning_interface: 2.5.5 (/opt/ros/humble/share/moveit_ros_planning_interface/cmake)
[1.542s] -- Found Boost: /usr/lib/x86_64-linux-gnu/cmake/Boost-1.74.0/BoostConfig.cmake (found version "1.74.0") found components: date_time filesystem program_options system thread 
[3.595s] -- Found Boost: /usr/lib/x86_64-linux-gnu/cmake/Boost-1.74.0/BoostConfig.cmake (found version "1.74.0") found components: chrono date_time filesystem iostreams program_options regex serialization system thread 
[3.613s] -- Found parameter_traits: 0.3.7 (/opt/ros/humble/share/parameter_traits/cmake)
[3.646s] -- Found rclcpp_lifecycle: 16.0.8 (/opt/ros/humble/share/rclcpp_lifecycle/cmake)
[3.768s] -- Found Boost: /usr/lib/x86_64-linux-gnu/cmake/Boost-1.74.0/BoostConfig.cmake (found version "1.74.0") found components: filesystem 
[3.850s] -- library: /usr/lib/x86_64-linux-gnu/libcurl.so
[4.234s] -- Ensuring Eigen3 include directory is part of orocos-kdl CMake target
[5.537s] -- Found Boost: /usr/lib/x86_64-linux-gnu/cmake/Boost-1.74.0/BoostConfig.cmake (found version "1.74.0") found components: system filesystem date_time program_options thread chrono 
[6.898s] -- Found Boost: /usr/lib/x86_64-linux-gnu/cmake/Boost-1.74.0/BoostConfig.cmake (found version "1.74.0") found components: thread system filesystem regex date_time program_options 
[7.523s] -- Found Boost: /usr/lib/x86_64-linux-gnu/cmake/Boost-1.74.0/BoostConfig.cmake (found version "1.74.0") found components: system filesystem date_time program_options thread 
[8.625s] -- Found ament_lint_auto: 0.12.10 (/opt/ros/humble/share/ament_lint_auto/cmake)
[8.778s] -- Added test 'cppcheck' to perform static code analysis on C / C++ code
[8.778s] -- Configured cppcheck include dirs: 
[8.778s] -- Configured cppcheck exclude dirs and/or files: 
[8.779s] -- Added test 'flake8' to check Python code syntax and style conventions
[8.781s] -- Added test 'lint_cmake' to check CMake code style
[8.782s] -- Added test 'pep257' to check Python code against some of the docstring style conventions in PEP 257
[8.785s] -- Added test 'uncrustify' to check C / C++ code style
[8.785s] -- Configured uncrustify additional arguments: 
[8.786s] -- Added test 'xmllint' to check XML markup files
[8.788s] -- Configuring done
[8.853s] -- Generating done
[8.858s] -- Build files have been written to: /home/fiend/voice_grab/ros2_ws/build/ur_robotiq_description
[8.913s] [35m[1mConsolidate compiler generated dependencies of target Move[0m
[8.961s] [100%] Built target Move
[8.980s] Invoked command in '/home/fiend/voice_grab/ros2_ws/build/ur_robotiq_description' returned '0': CMAKE_PREFIX_PATH=${CMAKE_PREFIX_PATH}:/opt/ros/humble PS1=
\[[38;5;156m\]\[[0m\]\[[38;5;166m\]ros2_ws\[[0m\]\[[38;5;166m\]\[[0m\] on \[[38;5;162m\] \[[0m\]\[[38;5;162m\]master\[[0m\]
\[[1;38;5;166m\]➜\[[0m\] /usr/bin/cmake --build /home/fiend/voice_grab/ros2_ws/build/ur_robotiq_description -- -j8 -l8
[9.025s] Invoking command in '/home/fiend/voice_grab/ros2_ws/build/ur_robotiq_description': CMAKE_PREFIX_PATH=${CMAKE_PREFIX_PATH}:/opt/ros/humble PS1=
\[[38;5;156m\]\[[0m\]\[[38;5;166m\]ros2_ws\[[0m\]\[[38;5;166m\]\[[0m\] on \[[38;5;162m\] \[[0m\]\[[38;5;162m\]master\[[0m\]
\[[1;38;5;166m\]➜\[[0m\] /usr/bin/cmake --install /home/fiend/voice_grab/ros2_ws/build/ur_robotiq_description
[9.037s] -- Install configuration: "Release"
[9.038s] -- Execute custom install script
[9.045s] -- Up-to-date symlink: /home/fiend/voice_grab/ros2_ws/install/ur_robotiq_description/lib/ur_robotiq_description/Move
[9.046s] [31mCMake Error at ament_cmake_symlink_install/ament_cmake_symlink_install.cmake:100 (message):
[9.046s]   ament_cmake_symlink_install_directory() can't find
[9.046s]   '/home/fiend/voice_grab/ros2_ws/src/ur_robotiq/ur_robotiq_description/urdf,'
[9.046s] Call Stack (most recent call first):
[9.046s]   ament_cmake_symlink_install/ament_cmake_symlink_install.cmake:317 (ament_cmake_symlink_install_directory)
[9.047s]   cmake_install.cmake:46 (include)
[9.047s] 
[9.047s] [0m
[9.048s] Invoked command in '/home/fiend/voice_grab/ros2_ws/build/ur_robotiq_description' returned '1': CMAKE_PREFIX_PATH=${CMAKE_PREFIX_PATH}:/opt/ros/humble PS1=
\[[38;5;156m\]\[[0m\]\[[38;5;166m\]ros2_ws\[[0m\]\[[38;5;166m\]\[[0m\] on \[[38;5;162m\] \[[0m\]\[[38;5;162m\]master\[[0m\]
\[[1;38;5;166m\]➜\[[0m\] /usr/bin/cmake --install /home/fiend/voice_grab/ros2_ws/build/ur_robotiq_description
