-- Found ament_cmake_auto: 1.3.9 (/opt/ros/humble/share/ament_cmake_auto/cmake)
-- Configuring done
-- Generating done
-- Build files have been written to: /home/fiend/voice_grab/ros2_ws/build/robotiq_2f_140_gripper_visualization
-- Install configuration: ""
-- Installing: /home/fiend/voice_grab/ros2_ws/install/robotiq_2f_140_gripper_visualization/share/robotiq_2f_140_gripper_visualization/meshes
-- Installing: /home/fiend/voice_grab/ros2_ws/install/robotiq_2f_140_gripper_visualization/share/robotiq_2f_140_gripper_visualization/meshes/collision
-- Installing: /home/fiend/voice_grab/ros2_ws/install/robotiq_2f_140_gripper_visualization/share/robotiq_2f_140_gripper_visualization/meshes/collision/robotiq_arg2f_coupling.stl
-- Installing: /home/fiend/voice_grab/ros2_ws/install/robotiq_2f_140_gripper_visualization/share/robotiq_2f_140_gripper_visualization/meshes/collision/robotiq_arg2f_140_outer_finger.stl
-- Installing: /home/fiend/voice_grab/ros2_ws/install/robotiq_2f_140_gripper_visualization/share/robotiq_2f_140_gripper_visualization/meshes/collision/robotiq_arg2f_base_link.stl
-- Installing: /home/fiend/voice_grab/ros2_ws/install/robotiq_2f_140_gripper_visualization/share/robotiq_2f_140_gripper_visualization/meshes/collision/robotiq_arg2f_140_inner_knuckle.stl
-- Installing: /home/fiend/voice_grab/ros2_ws/install/robotiq_2f_140_gripper_visualization/share/robotiq_2f_140_gripper_visualization/meshes/collision/robotiq_arg2f_140_inner_finger.stl
-- Installing: /home/fiend/voice_grab/ros2_ws/install/robotiq_2f_140_gripper_visualization/share/robotiq_2f_140_gripper_visualization/meshes/collision/robotiq_arg2f_140_outer_knuckle.stl
-- Installing: /home/fiend/voice_grab/ros2_ws/install/robotiq_2f_140_gripper_visualization/share/robotiq_2f_140_gripper_visualization/meshes/visual
-- Installing: /home/fiend/voice_grab/ros2_ws/install/robotiq_2f_140_gripper_visualization/share/robotiq_2f_140_gripper_visualization/meshes/visual/robotiq_arg2f_coupling.stl
-- Installing: /home/fiend/voice_grab/ros2_ws/install/robotiq_2f_140_gripper_visualization/share/robotiq_2f_140_gripper_visualization/meshes/visual/robotiq_arg2f_140_outer_finger.stl
-- Installing: /home/fiend/voice_grab/ros2_ws/install/robotiq_2f_140_gripper_visualization/share/robotiq_2f_140_gripper_visualization/meshes/visual/robotiq_arg2f_base_link.stl
-- Installing: /home/fiend/voice_grab/ros2_ws/install/robotiq_2f_140_gripper_visualization/share/robotiq_2f_140_gripper_visualization/meshes/visual/robotiq_arg2f_140_inner_knuckle.stl
-- Installing: /home/fiend/voice_grab/ros2_ws/install/robotiq_2f_140_gripper_visualization/share/robotiq_2f_140_gripper_visualization/meshes/visual/robotiq_arg2f_140_inner_finger.stl
-- Installing: /home/fiend/voice_grab/ros2_ws/install/robotiq_2f_140_gripper_visualization/share/robotiq_2f_140_gripper_visualization/meshes/visual/robotiq_arg2f_140_outer_knuckle.stl
-- Installing: /home/fiend/voice_grab/ros2_ws/install/robotiq_2f_140_gripper_visualization/share/robotiq_2f_140_gripper_visualization/urdf
-- Installing: /home/fiend/voice_grab/ros2_ws/install/robotiq_2f_140_gripper_visualization/share/robotiq_2f_140_gripper_visualization/urdf/robotiq_arg2f_140_model.xacro
-- Installing: /home/fiend/voice_grab/ros2_ws/install/robotiq_2f_140_gripper_visualization/share/robotiq_2f_140_gripper_visualization/urdf/robotiq_arg2f_transmission.xacro
-- Installing: /home/fiend/voice_grab/ros2_ws/install/robotiq_2f_140_gripper_visualization/share/robotiq_2f_140_gripper_visualization/urdf/robotiq_arg2f.xacro
-- Installing: /home/fiend/voice_grab/ros2_ws/install/robotiq_2f_140_gripper_visualization/share/robotiq_2f_140_gripper_visualization/urdf/robotiq_arg2f_140_model_macro.xacro
-- Installing: /home/fiend/voice_grab/ros2_ws/install/robotiq_2f_140_gripper_visualization/share/ament_index/resource_index/package_run_dependencies/robotiq_2f_140_gripper_visualization
-- Installing: /home/fiend/voice_grab/ros2_ws/install/robotiq_2f_140_gripper_visualization/share/ament_index/resource_index/parent_prefix_path/robotiq_2f_140_gripper_visualization
-- Installing: /home/fiend/voice_grab/ros2_ws/install/robotiq_2f_140_gripper_visualization/share/robotiq_2f_140_gripper_visualization/environment/ament_prefix_path.sh
-- Installing: /home/fiend/voice_grab/ros2_ws/install/robotiq_2f_140_gripper_visualization/share/robotiq_2f_140_gripper_visualization/environment/ament_prefix_path.dsv
-- Installing: /home/fiend/voice_grab/ros2_ws/install/robotiq_2f_140_gripper_visualization/share/robotiq_2f_140_gripper_visualization/environment/path.sh
-- Installing: /home/fiend/voice_grab/ros2_ws/install/robotiq_2f_140_gripper_visualization/share/robotiq_2f_140_gripper_visualization/environment/path.dsv
-- Installing: /home/fiend/voice_grab/ros2_ws/install/robotiq_2f_140_gripper_visualization/share/robotiq_2f_140_gripper_visualization/local_setup.bash
-- Installing: /home/fiend/voice_grab/ros2_ws/install/robotiq_2f_140_gripper_visualization/share/robotiq_2f_140_gripper_visualization/local_setup.sh
-- Installing: /home/fiend/voice_grab/ros2_ws/install/robotiq_2f_140_gripper_visualization/share/robotiq_2f_140_gripper_visualization/local_setup.zsh
-- Installing: /home/fiend/voice_grab/ros2_ws/install/robotiq_2f_140_gripper_visualization/share/robotiq_2f_140_gripper_visualization/local_setup.dsv
-- Installing: /home/fiend/voice_grab/ros2_ws/install/robotiq_2f_140_gripper_visualization/share/robotiq_2f_140_gripper_visualization/package.dsv
-- Installing: /home/fiend/voice_grab/ros2_ws/install/robotiq_2f_140_gripper_visualization/share/ament_index/resource_index/packages/robotiq_2f_140_gripper_visualization
-- Installing: /home/fiend/voice_grab/ros2_ws/install/robotiq_2f_140_gripper_visualization/share/robotiq_2f_140_gripper_visualization/cmake/robotiq_2f_140_gripper_visualizationConfig.cmake
-- Installing: /home/fiend/voice_grab/ros2_ws/install/robotiq_2f_140_gripper_visualization/share/robotiq_2f_140_gripper_visualization/cmake/robotiq_2f_140_gripper_visualizationConfig-version.cmake
-- Installing: /home/fiend/voice_grab/ros2_ws/install/robotiq_2f_140_gripper_visualization/share/robotiq_2f_140_gripper_visualization/package.xml
