[0.040s] Invoking command in '/home/fiend/voice_grab/ros2_ws/build/robotiq_2f_140_gripper_visualization': /usr/bin/cmake --build /home/fiend/voice_grab/ros2_ws/build/robotiq_2f_140_gripper_visualization -- -j20 -l20
[0.067s] -- Found ament_cmake_auto: 1.3.9 (/opt/ros/humble/share/ament_cmake_auto/cmake)
[0.246s] -- Configuring done
[0.246s] -- Generating done
[0.247s] -- Build files have been written to: /home/fiend/voice_grab/ros2_ws/build/robotiq_2f_140_gripper_visualization
[0.273s] Invoked command in '/home/fiend/voice_grab/ros2_ws/build/robotiq_2f_140_gripper_visualization' returned '0': /usr/bin/cmake --build /home/fiend/voice_grab/ros2_ws/build/robotiq_2f_140_gripper_visualization -- -j20 -l20
[0.349s] Invoking command in '/home/fiend/voice_grab/ros2_ws/build/robotiq_2f_140_gripper_visualization': /usr/bin/cmake --install /home/fiend/voice_grab/ros2_ws/build/robotiq_2f_140_gripper_visualization
[0.359s] -- Install configuration: ""
[0.359s] -- Installing: /home/fiend/voice_grab/ros2_ws/install/robotiq_2f_140_gripper_visualization/share/robotiq_2f_140_gripper_visualization/meshes
[0.359s] -- Installing: /home/fiend/voice_grab/ros2_ws/install/robotiq_2f_140_gripper_visualization/share/robotiq_2f_140_gripper_visualization/meshes/collision
[0.359s] -- Installing: /home/fiend/voice_grab/ros2_ws/install/robotiq_2f_140_gripper_visualization/share/robotiq_2f_140_gripper_visualization/meshes/collision/robotiq_arg2f_coupling.stl
[0.359s] -- Installing: /home/fiend/voice_grab/ros2_ws/install/robotiq_2f_140_gripper_visualization/share/robotiq_2f_140_gripper_visualization/meshes/collision/robotiq_arg2f_140_outer_finger.stl
[0.359s] -- Installing: /home/fiend/voice_grab/ros2_ws/install/robotiq_2f_140_gripper_visualization/share/robotiq_2f_140_gripper_visualization/meshes/collision/robotiq_arg2f_base_link.stl
[0.361s] -- Installing: /home/fiend/voice_grab/ros2_ws/install/robotiq_2f_140_gripper_visualization/share/robotiq_2f_140_gripper_visualization/meshes/collision/robotiq_arg2f_140_inner_knuckle.stl
[0.361s] -- Installing: /home/fiend/voice_grab/ros2_ws/install/robotiq_2f_140_gripper_visualization/share/robotiq_2f_140_gripper_visualization/meshes/collision/robotiq_arg2f_140_inner_finger.stl
[0.361s] -- Installing: /home/fiend/voice_grab/ros2_ws/install/robotiq_2f_140_gripper_visualization/share/robotiq_2f_140_gripper_visualization/meshes/collision/robotiq_arg2f_140_outer_knuckle.stl
[0.361s] -- Installing: /home/fiend/voice_grab/ros2_ws/install/robotiq_2f_140_gripper_visualization/share/robotiq_2f_140_gripper_visualization/meshes/visual
[0.361s] -- Installing: /home/fiend/voice_grab/ros2_ws/install/robotiq_2f_140_gripper_visualization/share/robotiq_2f_140_gripper_visualization/meshes/visual/robotiq_arg2f_coupling.stl
[0.362s] -- Installing: /home/fiend/voice_grab/ros2_ws/install/robotiq_2f_140_gripper_visualization/share/robotiq_2f_140_gripper_visualization/meshes/visual/robotiq_arg2f_140_outer_finger.stl
[0.362s] -- Installing: /home/fiend/voice_grab/ros2_ws/install/robotiq_2f_140_gripper_visualization/share/robotiq_2f_140_gripper_visualization/meshes/visual/robotiq_arg2f_base_link.stl
[0.363s] -- Installing: /home/fiend/voice_grab/ros2_ws/install/robotiq_2f_140_gripper_visualization/share/robotiq_2f_140_gripper_visualization/meshes/visual/robotiq_arg2f_140_inner_knuckle.stl
[0.363s] -- Installing: /home/fiend/voice_grab/ros2_ws/install/robotiq_2f_140_gripper_visualization/share/robotiq_2f_140_gripper_visualization/meshes/visual/robotiq_arg2f_140_inner_finger.stl
[0.363s] -- Installing: /home/fiend/voice_grab/ros2_ws/install/robotiq_2f_140_gripper_visualization/share/robotiq_2f_140_gripper_visualization/meshes/visual/robotiq_arg2f_140_outer_knuckle.stl
[0.364s] -- Installing: /home/fiend/voice_grab/ros2_ws/install/robotiq_2f_140_gripper_visualization/share/robotiq_2f_140_gripper_visualization/urdf
[0.364s] -- Installing: /home/fiend/voice_grab/ros2_ws/install/robotiq_2f_140_gripper_visualization/share/robotiq_2f_140_gripper_visualization/urdf/robotiq_arg2f_140_model.xacro
[0.364s] -- Installing: /home/fiend/voice_grab/ros2_ws/install/robotiq_2f_140_gripper_visualization/share/robotiq_2f_140_gripper_visualization/urdf/robotiq_arg2f_transmission.xacro
[0.364s] -- Installing: /home/fiend/voice_grab/ros2_ws/install/robotiq_2f_140_gripper_visualization/share/robotiq_2f_140_gripper_visualization/urdf/robotiq_arg2f.xacro
[0.364s] -- Installing: /home/fiend/voice_grab/ros2_ws/install/robotiq_2f_140_gripper_visualization/share/robotiq_2f_140_gripper_visualization/urdf/robotiq_arg2f_140_model_macro.xacro
[0.364s] -- Installing: /home/fiend/voice_grab/ros2_ws/install/robotiq_2f_140_gripper_visualization/share/ament_index/resource_index/package_run_dependencies/robotiq_2f_140_gripper_visualization
[0.364s] -- Installing: /home/fiend/voice_grab/ros2_ws/install/robotiq_2f_140_gripper_visualization/share/ament_index/resource_index/parent_prefix_path/robotiq_2f_140_gripper_visualization
[0.364s] -- Installing: /home/fiend/voice_grab/ros2_ws/install/robotiq_2f_140_gripper_visualization/share/robotiq_2f_140_gripper_visualization/environment/ament_prefix_path.sh
[0.365s] -- Installing: /home/fiend/voice_grab/ros2_ws/install/robotiq_2f_140_gripper_visualization/share/robotiq_2f_140_gripper_visualization/environment/ament_prefix_path.dsv
[0.365s] -- Installing: /home/fiend/voice_grab/ros2_ws/install/robotiq_2f_140_gripper_visualization/share/robotiq_2f_140_gripper_visualization/environment/path.sh
[0.365s] -- Installing: /home/fiend/voice_grab/ros2_ws/install/robotiq_2f_140_gripper_visualization/share/robotiq_2f_140_gripper_visualization/environment/path.dsv
[0.365s] -- Installing: /home/fiend/voice_grab/ros2_ws/install/robotiq_2f_140_gripper_visualization/share/robotiq_2f_140_gripper_visualization/local_setup.bash
[0.365s] -- Installing: /home/fiend/voice_grab/ros2_ws/install/robotiq_2f_140_gripper_visualization/share/robotiq_2f_140_gripper_visualization/local_setup.sh
[0.365s] -- Installing: /home/fiend/voice_grab/ros2_ws/install/robotiq_2f_140_gripper_visualization/share/robotiq_2f_140_gripper_visualization/local_setup.zsh
[0.365s] -- Installing: /home/fiend/voice_grab/ros2_ws/install/robotiq_2f_140_gripper_visualization/share/robotiq_2f_140_gripper_visualization/local_setup.dsv
[0.365s] -- Installing: /home/fiend/voice_grab/ros2_ws/install/robotiq_2f_140_gripper_visualization/share/robotiq_2f_140_gripper_visualization/package.dsv
[0.366s] -- Installing: /home/fiend/voice_grab/ros2_ws/install/robotiq_2f_140_gripper_visualization/share/ament_index/resource_index/packages/robotiq_2f_140_gripper_visualization
[0.366s] -- Installing: /home/fiend/voice_grab/ros2_ws/install/robotiq_2f_140_gripper_visualization/share/robotiq_2f_140_gripper_visualization/cmake/robotiq_2f_140_gripper_visualizationConfig.cmake
[0.366s] -- Installing: /home/fiend/voice_grab/ros2_ws/install/robotiq_2f_140_gripper_visualization/share/robotiq_2f_140_gripper_visualization/cmake/robotiq_2f_140_gripper_visualizationConfig-version.cmake
[0.366s] -- Installing: /home/fiend/voice_grab/ros2_ws/install/robotiq_2f_140_gripper_visualization/share/robotiq_2f_140_gripper_visualization/package.xml
[0.369s] Invoked command in '/home/fiend/voice_grab/ros2_ws/build/robotiq_2f_140_gripper_visualization' returned '0': /usr/bin/cmake --install /home/fiend/voice_grab/ros2_ws/build/robotiq_2f_140_gripper_visualization
