[0.074s] Invoking command in '/home/fiend/voice_grab/ros2_ws/build/octomap_ros': CMAKE_PREFIX_PATH=${CMAKE_PREFIX_PATH}:/home/fiend/ws_moveit2/install/moveit_configs_utils:/home/fiend/ws_moveit2/install/launch_param_builder:/opt/ros/humble /usr/bin/cmake --build /home/fiend/voice_grab/ros2_ws/build/octomap_ros -- -j20 -l20
[0.166s] [ 25%] Built target gtest_main
[0.167s] [ 50%] Built target octomap_ros
[0.167s] [ 75%] Built target gtest
[0.211s] [100%] Built target test_octomap_ros
[0.238s] Invoked command in '/home/fiend/voice_grab/ros2_ws/build/octomap_ros' returned '0': CMAKE_PREFIX_PATH=${CMAKE_PREFIX_PATH}:/home/fiend/ws_moveit2/install/moveit_configs_utils:/home/fiend/ws_moveit2/install/launch_param_builder:/opt/ros/humble /usr/bin/cmake --build /home/fiend/voice_grab/ros2_ws/build/octomap_ros -- -j20 -l20
[0.317s] Invoking command in '/home/fiend/voice_grab/ros2_ws/build/octomap_ros': CMAKE_PREFIX_PATH=${CMAKE_PREFIX_PATH}:/home/fiend/ws_moveit2/install/moveit_configs_utils:/home/fiend/ws_moveit2/install/launch_param_builder:/opt/ros/humble /usr/bin/cmake --install /home/fiend/voice_grab/ros2_ws/build/octomap_ros
[0.329s] -- Install configuration: ""
[0.330s] -- Execute custom install script
[0.330s] -- Up-to-date symlink: /home/fiend/voice_grab/ros2_ws/install/octomap_ros/include/octomap_ros/conversions.hpp
[0.330s] -- Up-to-date symlink: /home/fiend/voice_grab/ros2_ws/install/octomap_ros/share/octomap_ros/environment/library_path.sh
[0.330s] -- Up-to-date symlink: /home/fiend/voice_grab/ros2_ws/install/octomap_ros/share/octomap_ros/environment/library_path.dsv
[0.331s] -- Up-to-date symlink: /home/fiend/voice_grab/ros2_ws/install/octomap_ros/lib/liboctomap_ros.so
[0.331s] -- Up-to-date symlink: /home/fiend/voice_grab/ros2_ws/install/octomap_ros/share/ament_index/resource_index/package_run_dependencies/octomap_ros
[0.331s] -- Up-to-date symlink: /home/fiend/voice_grab/ros2_ws/install/octomap_ros/share/ament_index/resource_index/parent_prefix_path/octomap_ros
[0.331s] -- Up-to-date symlink: /home/fiend/voice_grab/ros2_ws/install/octomap_ros/share/octomap_ros/environment/ament_prefix_path.sh
[0.331s] -- Up-to-date symlink: /home/fiend/voice_grab/ros2_ws/install/octomap_ros/share/octomap_ros/environment/ament_prefix_path.dsv
[0.332s] -- Up-to-date symlink: /home/fiend/voice_grab/ros2_ws/install/octomap_ros/share/octomap_ros/environment/path.sh
[0.332s] -- Up-to-date symlink: /home/fiend/voice_grab/ros2_ws/install/octomap_ros/share/octomap_ros/environment/path.dsv
[0.332s] -- Up-to-date symlink: /home/fiend/voice_grab/ros2_ws/install/octomap_ros/share/octomap_ros/local_setup.bash
[0.332s] -- Up-to-date symlink: /home/fiend/voice_grab/ros2_ws/install/octomap_ros/share/octomap_ros/local_setup.sh
[0.332s] -- Up-to-date symlink: /home/fiend/voice_grab/ros2_ws/install/octomap_ros/share/octomap_ros/local_setup.zsh
[0.332s] -- Up-to-date symlink: /home/fiend/voice_grab/ros2_ws/install/octomap_ros/share/octomap_ros/local_setup.dsv
[0.333s] -- Symlinking: /home/fiend/voice_grab/ros2_ws/install/octomap_ros/share/octomap_ros/package.dsv
[0.348s] -- Up-to-date symlink: /home/fiend/voice_grab/ros2_ws/install/octomap_ros/share/ament_index/resource_index/packages/octomap_ros
[0.348s] -- Up-to-date symlink: /home/fiend/voice_grab/ros2_ws/install/octomap_ros/share/octomap_ros/cmake/ament_cmake_export_dependencies-extras.cmake
[0.349s] -- Up-to-date symlink: /home/fiend/voice_grab/ros2_ws/install/octomap_ros/share/octomap_ros/cmake/ament_cmake_export_include_directories-extras.cmake
[0.349s] -- Up-to-date symlink: /home/fiend/voice_grab/ros2_ws/install/octomap_ros/share/octomap_ros/cmake/ament_cmake_export_libraries-extras.cmake
[0.349s] -- Up-to-date symlink: /home/fiend/voice_grab/ros2_ws/install/octomap_ros/share/octomap_ros/cmake/octomap_rosConfig.cmake
[0.349s] -- Up-to-date symlink: /home/fiend/voice_grab/ros2_ws/install/octomap_ros/share/octomap_ros/cmake/octomap_rosConfig-version.cmake
[0.350s] -- Up-to-date symlink: /home/fiend/voice_grab/ros2_ws/install/octomap_ros/share/octomap_ros/package.xml
[0.353s] Invoked command in '/home/fiend/voice_grab/ros2_ws/build/octomap_ros' returned '0': CMAKE_PREFIX_PATH=${CMAKE_PREFIX_PATH}:/home/fiend/ws_moveit2/install/moveit_configs_utils:/home/fiend/ws_moveit2/install/launch_param_builder:/opt/ros/humble /usr/bin/cmake --install /home/fiend/voice_grab/ros2_ws/build/octomap_ros
