[0.473s] DEBUG:colcon:Command line arguments: ['/usr/bin/colcon', 'list', '-p', '--base-paths', '/home/fiend/voice_grab/ros2_ws']
[0.473s] DEBUG:colcon:Parsed command line arguments: Namespace(log_base=None, log_level=None, verb_name='list', build_base='build', ignore_user_meta=False, metas=['./colcon.meta'], base_paths=['/home/fiend/voice_grab/ros2_ws'], packages_ignore=None, packages_ignore_regex=None, paths=None, packages_up_to=None, packages_up_to_regex=None, packages_above=None, packages_above_and_dependencies=None, packages_above_depth=None, packages_select_by_dep=None, packages_skip_by_dep=None, packages_skip_up_to=None, packages_select_build_failed=False, packages_skip_build_finished=False, packages_select_test_failures=False, packages_skip_test_passed=False, packages_select=None, packages_skip=None, packages_select_regex=None, packages_skip_regex=None, packages_start=None, packages_end=None, allow_overriding=[], topological_order=False, names_only=False, paths_only=True, topological_graph=False, topological_graph_dot=False, topological_graph_density=False, topological_graph_legend=False, topological_graph_dot_cluster=False, topological_graph_dot_include_skipped=False, mixin_files=None, mixin=None, verb_parser=<colcon_mixin.mixin.mixin_argument.MixinArgumentDecorator object at 0x73e9600887c0>, verb_extension=<colcon_package_information.verb.list.ListVerb object at 0x73e96005b880>, main=<bound method ListVerb.main of <colcon_package_information.verb.list.ListVerb object at 0x73e96005b880>>, mixin_verb=('list',))
[1.422s] Level 1:colcon.colcon_core.package_discovery:discover_packages(colcon_meta) check parameters
[1.423s] Level 1:colcon.colcon_core.package_discovery:discover_packages(recursive) check parameters
[1.423s] Level 1:colcon.colcon_core.package_discovery:discover_packages(ignore) check parameters
[1.423s] Level 1:colcon.colcon_core.package_discovery:discover_packages(path) check parameters
[1.424s] Level 1:colcon.colcon_core.package_discovery:discover_packages(recursive) discover
[1.424s] INFO:colcon.colcon_core.package_discovery:Crawling recursively for packages in '/home/fiend/voice_grab/ros2_ws'
[1.425s] Level 1:colcon.colcon_core.package_identification:_identify(/home/fiend/voice_grab/ros2_ws) by extensions ['ignore', 'ignore_ament_install']
[1.426s] Level 1:colcon.colcon_core.package_identification:_identify(/home/fiend/voice_grab/ros2_ws) by extension 'ignore'
[1.426s] Level 1:colcon.colcon_core.package_identification:_identify(/home/fiend/voice_grab/ros2_ws) by extension 'ignore_ament_install'
[1.427s] Level 1:colcon.colcon_core.package_identification:_identify(/home/fiend/voice_grab/ros2_ws) by extensions ['colcon_pkg']
[1.427s] Level 1:colcon.colcon_core.package_identification:_identify(/home/fiend/voice_grab/ros2_ws) by extension 'colcon_pkg'
[1.428s] Level 1:colcon.colcon_core.package_identification:_identify(/home/fiend/voice_grab/ros2_ws) by extensions ['colcon_meta']
[1.428s] Level 1:colcon.colcon_core.package_identification:_identify(/home/fiend/voice_grab/ros2_ws) by extension 'colcon_meta'
[1.429s] Level 1:colcon.colcon_core.package_identification:_identify(/home/fiend/voice_grab/ros2_ws) by extensions ['ros']
[1.429s] Level 1:colcon.colcon_core.package_identification:_identify(/home/fiend/voice_grab/ros2_ws) by extension 'ros'
[1.489s] Level 1:colcon.colcon_core.package_identification:_identify(/home/fiend/voice_grab/ros2_ws) by extensions ['cmake', 'python']
[1.489s] Level 1:colcon.colcon_core.package_identification:_identify(/home/fiend/voice_grab/ros2_ws) by extension 'cmake'
[1.490s] Level 1:colcon.colcon_core.package_identification:_identify(/home/fiend/voice_grab/ros2_ws) by extension 'python'
[1.490s] Level 1:colcon.colcon_core.package_identification:_identify(/home/fiend/voice_grab/ros2_ws) by extensions ['python_setup_py']
[1.491s] Level 1:colcon.colcon_core.package_identification:_identify(/home/fiend/voice_grab/ros2_ws) by extension 'python_setup_py'
[1.491s] Level 1:colcon.colcon_core.package_identification:_identify(/home/fiend/voice_grab/ros2_ws/build) by extensions ['ignore', 'ignore_ament_install']
[1.492s] Level 1:colcon.colcon_core.package_identification:_identify(/home/fiend/voice_grab/ros2_ws/build) by extension 'ignore'
[1.493s] Level 1:colcon.colcon_core.package_identification:_identify(/home/fiend/voice_grab/ros2_ws/build) ignored
[1.494s] Level 1:colcon.colcon_core.package_identification:_identify(/home/fiend/voice_grab/ros2_ws/install) by extensions ['ignore', 'ignore_ament_install']
[1.494s] Level 1:colcon.colcon_core.package_identification:_identify(/home/fiend/voice_grab/ros2_ws/install) by extension 'ignore'
[1.495s] Level 1:colcon.colcon_core.package_identification:_identify(/home/fiend/voice_grab/ros2_ws/install) ignored
[1.495s] Level 1:colcon.colcon_core.package_identification:_identify(/home/fiend/voice_grab/ros2_ws/log) by extensions ['ignore', 'ignore_ament_install']
[1.496s] Level 1:colcon.colcon_core.package_identification:_identify(/home/fiend/voice_grab/ros2_ws/log) by extension 'ignore'
[1.497s] Level 1:colcon.colcon_core.package_identification:_identify(/home/fiend/voice_grab/ros2_ws/log) ignored
[1.497s] Level 1:colcon.colcon_core.package_identification:_identify(/home/fiend/voice_grab/ros2_ws/src) by extensions ['ignore', 'ignore_ament_install']
[1.498s] Level 1:colcon.colcon_core.package_identification:_identify(/home/fiend/voice_grab/ros2_ws/src) by extension 'ignore'
[1.498s] Level 1:colcon.colcon_core.package_identification:_identify(/home/fiend/voice_grab/ros2_ws/src) by extension 'ignore_ament_install'
[1.499s] Level 1:colcon.colcon_core.package_identification:_identify(/home/fiend/voice_grab/ros2_ws/src) by extensions ['colcon_pkg']
[1.499s] Level 1:colcon.colcon_core.package_identification:_identify(/home/fiend/voice_grab/ros2_ws/src) by extension 'colcon_pkg'
[1.500s] Level 1:colcon.colcon_core.package_identification:_identify(/home/fiend/voice_grab/ros2_ws/src) by extensions ['colcon_meta']
[1.500s] Level 1:colcon.colcon_core.package_identification:_identify(/home/fiend/voice_grab/ros2_ws/src) by extension 'colcon_meta'
[1.501s] Level 1:colcon.colcon_core.package_identification:_identify(/home/fiend/voice_grab/ros2_ws/src) by extensions ['ros']
[1.501s] Level 1:colcon.colcon_core.package_identification:_identify(/home/fiend/voice_grab/ros2_ws/src) by extension 'ros'
[1.502s] Level 1:colcon.colcon_core.package_identification:_identify(/home/fiend/voice_grab/ros2_ws/src) by extensions ['cmake', 'python']
[1.503s] Level 1:colcon.colcon_core.package_identification:_identify(/home/fiend/voice_grab/ros2_ws/src) by extension 'cmake'
[1.503s] Level 1:colcon.colcon_core.package_identification:_identify(/home/fiend/voice_grab/ros2_ws/src) by extension 'python'
[1.504s] Level 1:colcon.colcon_core.package_identification:_identify(/home/fiend/voice_grab/ros2_ws/src) by extensions ['python_setup_py']
[1.504s] Level 1:colcon.colcon_core.package_identification:_identify(/home/fiend/voice_grab/ros2_ws/src) by extension 'python_setup_py'
[1.505s] Level 1:colcon.colcon_core.package_identification:_identify(/home/fiend/voice_grab/ros2_ws/src/Universal_Robots_ROS2_Description) by extensions ['ignore', 'ignore_ament_install']
[1.505s] Level 1:colcon.colcon_core.package_identification:_identify(/home/fiend/voice_grab/ros2_ws/src/Universal_Robots_ROS2_Description) by extension 'ignore'
[1.506s] Level 1:colcon.colcon_core.package_identification:_identify(/home/fiend/voice_grab/ros2_ws/src/Universal_Robots_ROS2_Description) by extension 'ignore_ament_install'
[1.507s] Level 1:colcon.colcon_core.package_identification:_identify(/home/fiend/voice_grab/ros2_ws/src/Universal_Robots_ROS2_Description) by extensions ['colcon_pkg']
[1.507s] Level 1:colcon.colcon_core.package_identification:_identify(/home/fiend/voice_grab/ros2_ws/src/Universal_Robots_ROS2_Description) by extension 'colcon_pkg'
[1.507s] Level 1:colcon.colcon_core.package_identification:_identify(/home/fiend/voice_grab/ros2_ws/src/Universal_Robots_ROS2_Description) by extensions ['colcon_meta']
[1.508s] Level 1:colcon.colcon_core.package_identification:_identify(/home/fiend/voice_grab/ros2_ws/src/Universal_Robots_ROS2_Description) by extension 'colcon_meta'
[1.508s] Level 1:colcon.colcon_core.package_identification:_identify(/home/fiend/voice_grab/ros2_ws/src/Universal_Robots_ROS2_Description) by extensions ['ros']
[1.509s] Level 1:colcon.colcon_core.package_identification:_identify(/home/fiend/voice_grab/ros2_ws/src/Universal_Robots_ROS2_Description) by extension 'ros'
[1.564s] DEBUG:colcon.colcon_core.package_identification:Package '/home/fiend/voice_grab/ros2_ws/src/Universal_Robots_ROS2_Description' with type 'ros.ament_cmake' and name 'ur_description'
[1.564s] Level 1:colcon.colcon_core.package_identification:_identify(/home/fiend/voice_grab/ros2_ws/src/ur_robotiq) by extensions ['ignore', 'ignore_ament_install']
[1.564s] Level 1:colcon.colcon_core.package_identification:_identify(/home/fiend/voice_grab/ros2_ws/src/ur_robotiq) by extension 'ignore'
[1.565s] Level 1:colcon.colcon_core.package_identification:_identify(/home/fiend/voice_grab/ros2_ws/src/ur_robotiq) by extension 'ignore_ament_install'
[1.565s] Level 1:colcon.colcon_core.package_identification:_identify(/home/fiend/voice_grab/ros2_ws/src/ur_robotiq) by extensions ['colcon_pkg']
[1.565s] Level 1:colcon.colcon_core.package_identification:_identify(/home/fiend/voice_grab/ros2_ws/src/ur_robotiq) by extension 'colcon_pkg'
[1.565s] Level 1:colcon.colcon_core.package_identification:_identify(/home/fiend/voice_grab/ros2_ws/src/ur_robotiq) by extensions ['colcon_meta']
[1.565s] Level 1:colcon.colcon_core.package_identification:_identify(/home/fiend/voice_grab/ros2_ws/src/ur_robotiq) by extension 'colcon_meta'
[1.566s] Level 1:colcon.colcon_core.package_identification:_identify(/home/fiend/voice_grab/ros2_ws/src/ur_robotiq) by extensions ['ros']
[1.566s] Level 1:colcon.colcon_core.package_identification:_identify(/home/fiend/voice_grab/ros2_ws/src/ur_robotiq) by extension 'ros'
[1.566s] Level 1:colcon.colcon_core.package_identification:_identify(/home/fiend/voice_grab/ros2_ws/src/ur_robotiq) by extensions ['cmake', 'python']
[1.566s] Level 1:colcon.colcon_core.package_identification:_identify(/home/fiend/voice_grab/ros2_ws/src/ur_robotiq) by extension 'cmake'
[1.566s] Level 1:colcon.colcon_core.package_identification:_identify(/home/fiend/voice_grab/ros2_ws/src/ur_robotiq) by extension 'python'
[1.567s] Level 1:colcon.colcon_core.package_identification:_identify(/home/fiend/voice_grab/ros2_ws/src/ur_robotiq) by extensions ['python_setup_py']
[1.567s] Level 1:colcon.colcon_core.package_identification:_identify(/home/fiend/voice_grab/ros2_ws/src/ur_robotiq) by extension 'python_setup_py'
[1.567s] Level 1:colcon.colcon_core.package_identification:_identify(/home/fiend/voice_grab/ros2_ws/src/ur_robotiq/ur_robotiq) by extensions ['ignore', 'ignore_ament_install']
[1.568s] Level 1:colcon.colcon_core.package_identification:_identify(/home/fiend/voice_grab/ros2_ws/src/ur_robotiq/ur_robotiq) by extension 'ignore'
[1.568s] Level 1:colcon.colcon_core.package_identification:_identify(/home/fiend/voice_grab/ros2_ws/src/ur_robotiq/ur_robotiq) by extension 'ignore_ament_install'
[1.568s] Level 1:colcon.colcon_core.package_identification:_identify(/home/fiend/voice_grab/ros2_ws/src/ur_robotiq/ur_robotiq) by extensions ['colcon_pkg']
[1.568s] Level 1:colcon.colcon_core.package_identification:_identify(/home/fiend/voice_grab/ros2_ws/src/ur_robotiq/ur_robotiq) by extension 'colcon_pkg'
[1.568s] Level 1:colcon.colcon_core.package_identification:_identify(/home/fiend/voice_grab/ros2_ws/src/ur_robotiq/ur_robotiq) by extensions ['colcon_meta']
[1.568s] Level 1:colcon.colcon_core.package_identification:_identify(/home/fiend/voice_grab/ros2_ws/src/ur_robotiq/ur_robotiq) by extension 'colcon_meta'
[1.569s] Level 1:colcon.colcon_core.package_identification:_identify(/home/fiend/voice_grab/ros2_ws/src/ur_robotiq/ur_robotiq) by extensions ['ros']
[1.569s] Level 1:colcon.colcon_core.package_identification:_identify(/home/fiend/voice_grab/ros2_ws/src/ur_robotiq/ur_robotiq) by extension 'ros'
[1.571s] DEBUG:colcon.colcon_core.package_identification:Package '/home/fiend/voice_grab/ros2_ws/src/ur_robotiq/ur_robotiq' with type 'ros.ament_cmake' and name 'ur_robotiq'
[1.572s] Level 1:colcon.colcon_core.package_identification:_identify(/home/fiend/voice_grab/ros2_ws/src/ur_robotiq/ur_robotiq_description) by extensions ['ignore', 'ignore_ament_install']
[1.572s] Level 1:colcon.colcon_core.package_identification:_identify(/home/fiend/voice_grab/ros2_ws/src/ur_robotiq/ur_robotiq_description) by extension 'ignore'
[1.573s] Level 1:colcon.colcon_core.package_identification:_identify(/home/fiend/voice_grab/ros2_ws/src/ur_robotiq/ur_robotiq_description) by extension 'ignore_ament_install'
[1.573s] Level 1:colcon.colcon_core.package_identification:_identify(/home/fiend/voice_grab/ros2_ws/src/ur_robotiq/ur_robotiq_description) by extensions ['colcon_pkg']
[1.585s] Level 1:colcon.colcon_core.package_identification:_identify(/home/fiend/voice_grab/ros2_ws/src/ur_robotiq/ur_robotiq_description) by extension 'colcon_pkg'
[1.585s] Level 1:colcon.colcon_core.package_identification:_identify(/home/fiend/voice_grab/ros2_ws/src/ur_robotiq/ur_robotiq_description) by extensions ['colcon_meta']
[1.586s] Level 1:colcon.colcon_core.package_identification:_identify(/home/fiend/voice_grab/ros2_ws/src/ur_robotiq/ur_robotiq_description) by extension 'colcon_meta'
[1.586s] Level 1:colcon.colcon_core.package_identification:_identify(/home/fiend/voice_grab/ros2_ws/src/ur_robotiq/ur_robotiq_description) by extensions ['ros']
[1.586s] Level 1:colcon.colcon_core.package_identification:_identify(/home/fiend/voice_grab/ros2_ws/src/ur_robotiq/ur_robotiq_description) by extension 'ros'
[1.589s] DEBUG:colcon.colcon_core.package_identification:Package '/home/fiend/voice_grab/ros2_ws/src/ur_robotiq/ur_robotiq_description' with type 'ros.ament_cmake' and name 'ur_robotiq_description'
[1.590s] Level 1:colcon.colcon_core.package_identification:_identify(/home/fiend/voice_grab/ros2_ws/src/voice_grabber) by extensions ['ignore', 'ignore_ament_install']
[1.590s] Level 1:colcon.colcon_core.package_identification:_identify(/home/fiend/voice_grab/ros2_ws/src/voice_grabber) by extension 'ignore'
[1.590s] Level 1:colcon.colcon_core.package_identification:_identify(/home/fiend/voice_grab/ros2_ws/src/voice_grabber) by extension 'ignore_ament_install'
[1.591s] Level 1:colcon.colcon_core.package_identification:_identify(/home/fiend/voice_grab/ros2_ws/src/voice_grabber) by extensions ['colcon_pkg']
[1.591s] Level 1:colcon.colcon_core.package_identification:_identify(/home/fiend/voice_grab/ros2_ws/src/voice_grabber) by extension 'colcon_pkg'
[1.591s] Level 1:colcon.colcon_core.package_identification:_identify(/home/fiend/voice_grab/ros2_ws/src/voice_grabber) by extensions ['colcon_meta']
[1.591s] Level 1:colcon.colcon_core.package_identification:_identify(/home/fiend/voice_grab/ros2_ws/src/voice_grabber) by extension 'colcon_meta'
[1.591s] Level 1:colcon.colcon_core.package_identification:_identify(/home/fiend/voice_grab/ros2_ws/src/voice_grabber) by extensions ['ros']
[1.591s] Level 1:colcon.colcon_core.package_identification:_identify(/home/fiend/voice_grab/ros2_ws/src/voice_grabber) by extension 'ros'
[1.604s] DEBUG:colcon.colcon_core.package_identification:Package '/home/fiend/voice_grab/ros2_ws/src/voice_grabber' with type 'ros.ament_cmake' and name 'voice_grabber'
[1.604s] Level 1:colcon.colcon_core.package_discovery:discover_packages(recursive) using defaults
