[0.019s] Invoking command in '/home/fiend/voice_grab/ros2_ws/build/ur_robotiq_description': CMAKE_PREFIX_PATH=/home/fiend/Navigation_Bot/dev_ws/install/navigation_bot:/home/fiend/voice_grab/ros2_ws/install/zed_ros2:/home/fiend/voice_grab/ros2_ws/install/zed_wrapper:/home/fiend/voice_grab/ros2_ws/install/zed_components:/home/fiend/voice_grab/ros2_ws/install/zed_interfaces:/home/fiend/voice_grab/ros2_ws/install/voice_grabber:/home/fiend/voice_grab/ros2_ws/install/ur_robotiq:/home/fiend/voice_grab/ros2_ws/install/ur_robotiq_description:/opt/ros/humble:/home/fiend/LineFollowingRobot/ros_ws/install/prius_msgs:/home/fiend/LineFollowingRobot/ros_ws/install/line_bhakt:/home/fiend/LineFollowingRobot/ros_ws/install/launches:/home/fiend/LineFollowingRobot/ros_ws/install/autocar_nav:/home/fiend/LineFollowingRobot/ros_ws/install/autocar_msgs:/home/fiend/LineFollowingRobot/ros_ws/install/autocar_map:/home/fiend/LineFollowingRobot/ros_ws/install/autocar_gazebo:/home/fiend/LineFollowingRobot/ros_ws/install/autocar_description:/home/fiend/ROS/practice_codes_ROS2/articubot_one/install/articubot_one PS1=
\[[38;5;156m\]\[[0m\]\[[38;5;166m\]ros2_ws\[[0m\]\[[38;5;166m\]\[[0m\] on \[[38;5;162m\] \[[0m\]\[[38;5;162m\]main\[[0m\] underwent \[[36m\]853ms\[[0m\]
\[[1;38;5;166m\]➜\[[0m\] /usr/bin/cmake --build /home/fiend/voice_grab/ros2_ws/build/ur_robotiq_description -- -j8 -l8
[0.092s] -- Found ament_cmake: 1.3.8 (/opt/ros/humble/share/ament_cmake/cmake)
[0.231s] -- Override CMake install command with custom implementation using symlinks instead of copying resources
[0.248s] -- Found robotiq_description: 0.0.1 (/opt/ros/humble/share/robotiq_description/cmake)
[0.248s] -- Found ur_description: 2.1.4 (/opt/ros/humble/share/ur_description/cmake)
[0.249s] -- Found rclcpp: 16.0.8 (/opt/ros/humble/share/rclcpp/cmake)
[0.301s] -- Found rosidl_generator_c: 3.1.5 (/opt/ros/humble/share/rosidl_generator_c/cmake)
[0.306s] -- Found rosidl_adapter: 3.1.5 (/opt/ros/humble/share/rosidl_adapter/cmake)
[0.319s] -- Found rosidl_generator_cpp: 3.1.5 (/opt/ros/humble/share/rosidl_generator_cpp/cmake)
[0.343s] -- Using all available rosidl_typesupport_c: rosidl_typesupport_fastrtps_c;rosidl_typesupport_introspection_c
[0.367s] -- Using all available rosidl_typesupport_cpp: rosidl_typesupport_fastrtps_cpp;rosidl_typesupport_introspection_cpp
[0.438s] -- Found rmw_implementation_cmake: 6.1.1 (/opt/ros/humble/share/rmw_implementation_cmake/cmake)
[0.442s] -- Found rmw_fastrtps_cpp: 6.2.6 (/opt/ros/humble/share/rmw_fastrtps_cpp/cmake)
[0.596s] -- Using RMW implementation 'rmw_fastrtps_cpp' as default
[0.779s] -- Found moveit_ros_planning_interface: 2.5.5 (/opt/ros/humble/share/moveit_ros_planning_interface/cmake)
[0.794s] -- Found Boost: /usr/lib/x86_64-linux-gnu/cmake/Boost-1.74.0/BoostConfig.cmake (found version "1.74.0") found components: date_time filesystem program_options system thread 
[1.752s] -- Found Boost: /usr/lib/x86_64-linux-gnu/cmake/Boost-1.74.0/BoostConfig.cmake (found version "1.74.0") found components: chrono date_time filesystem iostreams program_options regex serialization system thread 
[1.762s] -- Found parameter_traits: 0.3.8 (/opt/ros/humble/share/parameter_traits/cmake)
[1.777s] -- Found rclcpp_lifecycle: 16.0.8 (/opt/ros/humble/share/rclcpp_lifecycle/cmake)
[1.829s] -- Found Boost: /usr/lib/x86_64-linux-gnu/cmake/Boost-1.74.0/BoostConfig.cmake (found version "1.74.0") found components: filesystem 
[1.873s] -- library: /usr/lib/x86_64-linux-gnu/libcurl.so
[2.059s] -- Ensuring Eigen3 include directory is part of orocos-kdl CMake target
[2.703s] -- Found Boost: /usr/lib/x86_64-linux-gnu/cmake/Boost-1.74.0/BoostConfig.cmake (found version "1.74.0") found components: system filesystem date_time program_options thread chrono 
[3.334s] -- Found Boost: /usr/lib/x86_64-linux-gnu/cmake/Boost-1.74.0/BoostConfig.cmake (found version "1.74.0") found components: thread system filesystem regex date_time program_options 
[3.615s] -- Found Boost: /usr/lib/x86_64-linux-gnu/cmake/Boost-1.74.0/BoostConfig.cmake (found version "1.74.0") found components: system filesystem date_time program_options thread 
[4.109s] -- Found ament_lint_auto: 0.12.10 (/opt/ros/humble/share/ament_lint_auto/cmake)
[4.187s] -- Added test 'cppcheck' to perform static code analysis on C / C++ code
[4.187s] -- Configured cppcheck include dirs: 
[4.187s] -- Configured cppcheck exclude dirs and/or files: 
[4.188s] -- Added test 'flake8' to check Python code syntax and style conventions
[4.189s] -- Added test 'lint_cmake' to check CMake code style
[4.189s] -- Added test 'pep257' to check Python code against some of the docstring style conventions in PEP 257
[4.191s] -- Added test 'uncrustify' to check C / C++ code style
[4.191s] -- Configured uncrustify additional arguments: 
[4.191s] -- Added test 'xmllint' to check XML markup files
[4.193s] -- Configuring done
[4.229s] -- Generating done
[4.232s] -- Build files have been written to: /home/fiend/voice_grab/ros2_ws/build/ur_robotiq_description
[4.263s] [35m[1mConsolidate compiler generated dependencies of target Move[0m
[4.304s] [ 50%] [32mBuilding CXX object CMakeFiles/Move.dir/src/MoveTheArm.cpp.o[0m
[11.593s] [100%] [32m[1mLinking CXX executable Move[0m
[12.590s] [100%] Built target Move
[12.600s] Invoked command in '/home/fiend/voice_grab/ros2_ws/build/ur_robotiq_description' returned '0': CMAKE_PREFIX_PATH=/home/fiend/Navigation_Bot/dev_ws/install/navigation_bot:/home/fiend/voice_grab/ros2_ws/install/zed_ros2:/home/fiend/voice_grab/ros2_ws/install/zed_wrapper:/home/fiend/voice_grab/ros2_ws/install/zed_components:/home/fiend/voice_grab/ros2_ws/install/zed_interfaces:/home/fiend/voice_grab/ros2_ws/install/voice_grabber:/home/fiend/voice_grab/ros2_ws/install/ur_robotiq:/home/fiend/voice_grab/ros2_ws/install/ur_robotiq_description:/opt/ros/humble:/home/fiend/LineFollowingRobot/ros_ws/install/prius_msgs:/home/fiend/LineFollowingRobot/ros_ws/install/line_bhakt:/home/fiend/LineFollowingRobot/ros_ws/install/launches:/home/fiend/LineFollowingRobot/ros_ws/install/autocar_nav:/home/fiend/LineFollowingRobot/ros_ws/install/autocar_msgs:/home/fiend/LineFollowingRobot/ros_ws/install/autocar_map:/home/fiend/LineFollowingRobot/ros_ws/install/autocar_gazebo:/home/fiend/LineFollowingRobot/ros_ws/install/autocar_description:/home/fiend/ROS/practice_codes_ROS2/articubot_one/install/articubot_one PS1=
\[[38;5;156m\]\[[0m\]\[[38;5;166m\]ros2_ws\[[0m\]\[[38;5;166m\]\[[0m\] on \[[38;5;162m\] \[[0m\]\[[38;5;162m\]main\[[0m\] underwent \[[36m\]853ms\[[0m\]
\[[1;38;5;166m\]➜\[[0m\] /usr/bin/cmake --build /home/fiend/voice_grab/ros2_ws/build/ur_robotiq_description -- -j8 -l8
[12.624s] Invoking command in '/home/fiend/voice_grab/ros2_ws/build/ur_robotiq_description': CMAKE_PREFIX_PATH=/home/fiend/Navigation_Bot/dev_ws/install/navigation_bot:/home/fiend/voice_grab/ros2_ws/install/zed_ros2:/home/fiend/voice_grab/ros2_ws/install/zed_wrapper:/home/fiend/voice_grab/ros2_ws/install/zed_components:/home/fiend/voice_grab/ros2_ws/install/zed_interfaces:/home/fiend/voice_grab/ros2_ws/install/voice_grabber:/home/fiend/voice_grab/ros2_ws/install/ur_robotiq:/home/fiend/voice_grab/ros2_ws/install/ur_robotiq_description:/opt/ros/humble:/home/fiend/LineFollowingRobot/ros_ws/install/prius_msgs:/home/fiend/LineFollowingRobot/ros_ws/install/line_bhakt:/home/fiend/LineFollowingRobot/ros_ws/install/launches:/home/fiend/LineFollowingRobot/ros_ws/install/autocar_nav:/home/fiend/LineFollowingRobot/ros_ws/install/autocar_msgs:/home/fiend/LineFollowingRobot/ros_ws/install/autocar_map:/home/fiend/LineFollowingRobot/ros_ws/install/autocar_gazebo:/home/fiend/LineFollowingRobot/ros_ws/install/autocar_description:/home/fiend/ROS/practice_codes_ROS2/articubot_one/install/articubot_one PS1=
\[[38;5;156m\]\[[0m\]\[[38;5;166m\]ros2_ws\[[0m\]\[[38;5;166m\]\[[0m\] on \[[38;5;162m\] \[[0m\]\[[38;5;162m\]main\[[0m\] underwent \[[36m\]853ms\[[0m\]
\[[1;38;5;166m\]➜\[[0m\] /usr/bin/cmake --install /home/fiend/voice_grab/ros2_ws/build/ur_robotiq_description
[12.632s] -- Install configuration: "Release"
[12.632s] -- Execute custom install script
[12.632s] -- Up-to-date symlink: /home/fiend/voice_grab/ros2_ws/install/ur_robotiq_description/lib/ur_robotiq_description/Move
[12.633s] -- Up-to-date symlink: /home/fiend/voice_grab/ros2_ws/install/ur_robotiq_description/share/ur_robotiq_description/urdf/gazebo_stereocam.urdf.xacro
[12.633s] -- Up-to-date symlink: /home/fiend/voice_grab/ros2_ws/install/ur_robotiq_description/share/ur_robotiq_description/urdf/materials.urdf.xacro
[12.633s] -- Up-to-date symlink: /home/fiend/voice_grab/ros2_ws/install/ur_robotiq_description/share/ur_robotiq_description/urdf/meshes/zed.stl
[12.633s] -- Up-to-date symlink: /home/fiend/voice_grab/ros2_ws/install/ur_robotiq_description/share/ur_robotiq_description/urdf/meshes/zed2.stl
[12.633s] -- Up-to-date symlink: /home/fiend/voice_grab/ros2_ws/install/ur_robotiq_description/share/ur_robotiq_description/urdf/meshes/zed2i.stl
[12.633s] -- Up-to-date symlink: /home/fiend/voice_grab/ros2_ws/install/ur_robotiq_description/share/ur_robotiq_description/urdf/meshes/zedm.stl
[12.634s] -- Up-to-date symlink: /home/fiend/voice_grab/ros2_ws/install/ur_robotiq_description/share/ur_robotiq_description/urdf/meshes/zedx.stl
[12.634s] -- Up-to-date symlink: /home/fiend/voice_grab/ros2_ws/install/ur_robotiq_description/share/ur_robotiq_description/urdf/meshes/zedxm.stl
[12.634s] -- Up-to-date symlink: /home/fiend/voice_grab/ros2_ws/install/ur_robotiq_description/share/ur_robotiq_description/urdf/robotiq_2f_85_urdf.xacro
[12.634s] -- Symlinking: /home/fiend/voice_grab/ros2_ws/install/ur_robotiq_description/share/ur_robotiq_description/urdf/ur3e.urdf.xacro
[12.643s] -- Symlinking: /home/fiend/voice_grab/ros2_ws/install/ur_robotiq_description/share/ur_robotiq_description/urdf/ur3e_robotiq_2f_85.urdf.xacro
[12.651s] -- Up-to-date symlink: /home/fiend/voice_grab/ros2_ws/install/ur_robotiq_description/share/ur_robotiq_description/urdf/zed_descr.urdf.xacro
[12.651s] -- Up-to-date symlink: /home/fiend/voice_grab/ros2_ws/install/ur_robotiq_description/share/ur_robotiq_description/urdf/zed_macro.urdf.xacro
[12.651s] -- Up-to-date symlink: /home/fiend/voice_grab/ros2_ws/install/ur_robotiq_description/share/ur_robotiq_description/launch/launch_sim.launch.py
[12.651s] -- Up-to-date symlink: /home/fiend/voice_grab/ros2_ws/install/ur_robotiq_description/share/ur_robotiq_description/launch/rsp.launch.py
[12.652s] -- Up-to-date symlink: /home/fiend/voice_grab/ros2_ws/install/ur_robotiq_description/share/ur_robotiq_description/urdf/meshes/zed.stl
[12.652s] -- Up-to-date symlink: /home/fiend/voice_grab/ros2_ws/install/ur_robotiq_description/share/ur_robotiq_description/urdf/meshes/zed2.stl
[12.652s] -- Up-to-date symlink: /home/fiend/voice_grab/ros2_ws/install/ur_robotiq_description/share/ur_robotiq_description/urdf/meshes/zed2i.stl
[12.652s] -- Up-to-date symlink: /home/fiend/voice_grab/ros2_ws/install/ur_robotiq_description/share/ur_robotiq_description/urdf/meshes/zedm.stl
[12.652s] -- Up-to-date symlink: /home/fiend/voice_grab/ros2_ws/install/ur_robotiq_description/share/ur_robotiq_description/urdf/meshes/zedx.stl
[12.652s] -- Up-to-date symlink: /home/fiend/voice_grab/ros2_ws/install/ur_robotiq_description/share/ur_robotiq_description/urdf/meshes/zedxm.stl
[12.652s] -- Up-to-date symlink: /home/fiend/voice_grab/ros2_ws/install/ur_robotiq_description/share/ament_index/resource_index/package_run_dependencies/ur_robotiq_description
[12.652s] -- Up-to-date symlink: /home/fiend/voice_grab/ros2_ws/install/ur_robotiq_description/share/ament_index/resource_index/parent_prefix_path/ur_robotiq_description
[12.653s] -- Up-to-date symlink: /home/fiend/voice_grab/ros2_ws/install/ur_robotiq_description/share/ur_robotiq_description/environment/ament_prefix_path.sh
[12.653s] -- Up-to-date symlink: /home/fiend/voice_grab/ros2_ws/install/ur_robotiq_description/share/ur_robotiq_description/environment/ament_prefix_path.dsv
[12.653s] -- Up-to-date symlink: /home/fiend/voice_grab/ros2_ws/install/ur_robotiq_description/share/ur_robotiq_description/environment/path.sh
[12.653s] -- Up-to-date symlink: /home/fiend/voice_grab/ros2_ws/install/ur_robotiq_description/share/ur_robotiq_description/environment/path.dsv
[12.653s] -- Up-to-date symlink: /home/fiend/voice_grab/ros2_ws/install/ur_robotiq_description/share/ur_robotiq_description/local_setup.bash
[12.653s] -- Up-to-date symlink: /home/fiend/voice_grab/ros2_ws/install/ur_robotiq_description/share/ur_robotiq_description/local_setup.sh
[12.653s] -- Up-to-date symlink: /home/fiend/voice_grab/ros2_ws/install/ur_robotiq_description/share/ur_robotiq_description/local_setup.zsh
[12.654s] -- Up-to-date symlink: /home/fiend/voice_grab/ros2_ws/install/ur_robotiq_description/share/ur_robotiq_description/local_setup.dsv
[12.654s] -- Symlinking: /home/fiend/voice_grab/ros2_ws/install/ur_robotiq_description/share/ur_robotiq_description/package.dsv
[12.663s] -- Up-to-date symlink: /home/fiend/voice_grab/ros2_ws/install/ur_robotiq_description/share/ament_index/resource_index/packages/ur_robotiq_description
[12.663s] -- Up-to-date symlink: /home/fiend/voice_grab/ros2_ws/install/ur_robotiq_description/share/ur_robotiq_description/cmake/ur_robotiq_descriptionConfig.cmake
[12.663s] -- Up-to-date symlink: /home/fiend/voice_grab/ros2_ws/install/ur_robotiq_description/share/ur_robotiq_description/cmake/ur_robotiq_descriptionConfig-version.cmake
[12.663s] -- Up-to-date symlink: /home/fiend/voice_grab/ros2_ws/install/ur_robotiq_description/share/ur_robotiq_description/package.xml
[12.665s] Invoked command in '/home/fiend/voice_grab/ros2_ws/build/ur_robotiq_description' returned '0': CMAKE_PREFIX_PATH=/home/fiend/Navigation_Bot/dev_ws/install/navigation_bot:/home/fiend/voice_grab/ros2_ws/install/zed_ros2:/home/fiend/voice_grab/ros2_ws/install/zed_wrapper:/home/fiend/voice_grab/ros2_ws/install/zed_components:/home/fiend/voice_grab/ros2_ws/install/zed_interfaces:/home/fiend/voice_grab/ros2_ws/install/voice_grabber:/home/fiend/voice_grab/ros2_ws/install/ur_robotiq:/home/fiend/voice_grab/ros2_ws/install/ur_robotiq_description:/opt/ros/humble:/home/fiend/LineFollowingRobot/ros_ws/install/prius_msgs:/home/fiend/LineFollowingRobot/ros_ws/install/line_bhakt:/home/fiend/LineFollowingRobot/ros_ws/install/launches:/home/fiend/LineFollowingRobot/ros_ws/install/autocar_nav:/home/fiend/LineFollowingRobot/ros_ws/install/autocar_msgs:/home/fiend/LineFollowingRobot/ros_ws/install/autocar_map:/home/fiend/LineFollowingRobot/ros_ws/install/autocar_gazebo:/home/fiend/LineFollowingRobot/ros_ws/install/autocar_description:/home/fiend/ROS/practice_codes_ROS2/articubot_one/install/articubot_one PS1=
\[[38;5;156m\]\[[0m\]\[[38;5;166m\]ros2_ws\[[0m\]\[[38;5;166m\]\[[0m\] on \[[38;5;162m\] \[[0m\]\[[38;5;162m\]main\[[0m\] underwent \[[36m\]853ms\[[0m\]
\[[1;38;5;166m\]➜\[[0m\] /usr/bin/cmake --install /home/fiend/voice_grab/ros2_ws/build/ur_robotiq_description
