[0.049s] Invoking command in '/home/fiend/voice_grab/ros2_ws/build/robotiq_modbus_rtu': /usr/bin/cmake /home/fiend/voice_grab/ros2_ws/src/robotiq/robotiq_modbus_rtu -DCATKIN_INSTALL_INTO_PREFIX_ROOT=0 -DCATKIN_SYMLINK_INSTALL=ON -DCMAKE_INSTALL_PREFIX=/home/fiend/voice_grab/ros2_ws/install/robotiq_modbus_rtu
[0.069s] [0mCMake Deprecation Warning at CMakeLists.txt:2 (cmake_minimum_required):
[0.069s]   Compatibility with CMake < 2.8.12 will be removed from a future version of
[0.069s]   CMake.
[0.069s] 
[0.069s]   Update the VERSION argument <min> value or use a ...<max> suffix to tell
[0.069s]   CMake that the project does not need compatibility with older versions.
[0.069s] 
[0.069s] [0m
[0.130s] -- The C compiler identification is GNU 11.4.0
[0.195s] -- The CXX compiler identification is GNU 11.4.0
[0.204s] -- Detecting C compiler ABI info
[0.303s] -- Detecting C compiler ABI info - done
[0.314s] -- Check for working C compiler: /usr/bin/cc - skipped
[0.315s] -- Detecting C compile features
[0.315s] -- Detecting C compile features - done
[0.318s] -- Detecting CXX compiler ABI info
[0.429s] -- Detecting CXX compiler ABI info - done
[0.442s] -- Check for working CXX compiler: /usr/bin/c++ - skipped
[0.442s] -- Detecting CXX compile features
[0.443s] -- Detecting CXX compile features - done
[0.474s] [31mCMake Error at CMakeLists.txt:4 (find_package):
[0.474s]   By not providing "Findcatkin.cmake" in CMAKE_MODULE_PATH this project has
[0.474s]   asked CMake to find a package configuration file provided by "catkin", but
[0.474s]   CMake did not find one.
[0.474s] 
[0.474s]   Could not find a package configuration file provided by "catkin" with any
[0.474s]   of the following names:
[0.474s] 
[0.474s]     catkinConfig.cmake
[0.474s]     catkin-config.cmake
[0.474s] 
[0.474s]   Add the installation prefix of "catkin" to CMAKE_PREFIX_PATH or set
[0.474s]   "catkin_DIR" to a directory containing one of the above files.  If "catkin"
[0.474s]   provides a separate development package or SDK, be sure it has been
[0.474s]   installed.
[0.474s] 
[0.474s] [0m
[0.475s] -- Configuring incomplete, errors occurred!
[0.475s] See also "/home/fiend/voice_grab/ros2_ws/build/robotiq_modbus_rtu/CMakeFiles/CMakeOutput.log".
[0.476s] Invoked command in '/home/fiend/voice_grab/ros2_ws/build/robotiq_modbus_rtu' returned '1': /usr/bin/cmake /home/fiend/voice_grab/ros2_ws/src/robotiq/robotiq_modbus_rtu -DCATKIN_INSTALL_INTO_PREFIX_ROOT=0 -DCATKIN_SYMLINK_INSTALL=ON -DCMAKE_INSTALL_PREFIX=/home/fiend/voice_grab/ros2_ws/install/robotiq_modbus_rtu
