[0.219s] Invoking command in '/home/fiend/voice_grab/ros2_ws/build/ur_description': CMAKE_PREFIX_PATH=/home/fiend/voice_grab/ros2_ws/install/robotiq_moveit_config:/home/fiend/Navigation_Bot/dev_ws/install/navigation_bot:/home/fiend/ws_moveit/install/pilz_industrial_motion_planner_testutils:/home/fiend/ws_moveit/install/moveit_runtime:/home/fiend/ws_moveit/install/moveit2_tutorials:/home/fiend/ws_moveit/install/moveit:/home/fiend/ws_moveit/install/moveit_planners:/home/fiend/ws_moveit/install/pilz_industrial_motion_planner:/home/fiend/ws_moveit/install/mtc_tutorial:/home/fiend/ws_moveit/install/hello_moveit:/home/fiend/ws_moveit/install/moveit_visual_tools:/home/fiend/ws_moveit/install/moveit_task_constructor_visualization:/home/fiend/ws_moveit/install/moveit_task_constructor_demo:/home/fiend/ws_moveit/install/moveit_task_constructor_capabilities:/home/fiend/ws_moveit/install/moveit_task_constructor_core:/home/fiend/ws_moveit/install/moveit_ros_control_interface:/home/fiend/ws_moveit/install/moveit_plugins:/home/fiend/ws_moveit/install/moveit_simple_controller_manager:/home/fiend/ws_moveit/install/moveit_setup_assistant:/home/fiend/ws_moveit/install/moveit_setup_srdf_plugins:/home/fiend/ws_moveit/install/moveit_setup_core_plugins:/home/fiend/ws_moveit/install/moveit_setup_controllers:/home/fiend/ws_moveit/install/moveit_setup_app_plugins:/home/fiend/ws_moveit/install/moveit_setup_framework:/home/fiend/ws_moveit/install/moveit_servo:/home/fiend/ws_moveit/install/moveit_ros:/home/fiend/ws_moveit/install/moveit_ros_visualization:/home/fiend/ws_moveit/install/moveit_hybrid_planning:/home/fiend/ws_moveit/install/moveit_ros_planning_interface:/home/fiend/ws_moveit/install/moveit_ros_benchmarks:/home/fiend/ws_moveit/install/moveit_ros_warehouse:/home/fiend/ws_moveit/install/moveit_ros_robot_interaction:/home/fiend/ws_moveit/install/moveit_ros_perception:/home/fiend/ws_moveit/install/moveit_resources_prbt_pg70_support:/home/fiend/ws_moveit/install/moveit_resources_prbt_moveit_config:/home/fiend/ws_moveit/install/moveit_ros_move_group:/home/fiend/ws_moveit/install/moveit_planners_ompl:/home/fiend/ws_moveit/install/moveit_ros_planning:/home/fiend/ws_moveit/install/moveit_ros_occupancy_map_monitor:/home/fiend/ws_moveit/install/moveit_resources_prbt_ikfast_manipulator_plugin:/home/fiend/ws_moveit/install/moveit_planners_chomp:/home/fiend/ws_moveit/install/moveit_kinematics:/home/fiend/ws_moveit/install/moveit_chomp_optimizer_adapter:/home/fiend/ws_moveit/install/chomp_motion_planner:/home/fiend/ws_moveit/install/moveit_core:/home/fiend/ws_moveit/install/srdfdom:/home/fiend/ws_moveit/install/rviz_marker_tools:/home/fiend/ws_moveit/install/rosparam_shortcuts:/home/fiend/ws_moveit/install/moveit_task_constructor_msgs:/home/fiend/ws_moveit/install/moveit_resources_prbt_support:/home/fiend/ws_moveit/install/moveit_resources:/home/fiend/ws_moveit/install/moveit_resources_pr2_description:/home/fiend/ws_moveit/install/moveit_resources_panda_moveit_config:/home/fiend/ws_moveit/install/moveit_resources_panda_description:/home/fiend/ws_moveit/install/moveit_resources_fanuc_moveit_config:/home/fiend/ws_moveit/install/moveit_resources_fanuc_description:/home/fiend/ws_moveit/install/moveit_common:/home/fiend/voice_grab/ros2_ws/install/voice_grabber:/home/fiend/voice_grab/ros2_ws/install/ur_moveit_config:/home/fiend/voice_grab/ros2_ws/install/ur_description:/home/fiend/voice_grab/ros2_ws/install/robotiq_2f_85_gripper_visualization:/home/fiend/voice_grab/ros2_ws/install/robotiq_2f_140_gripper_visualization:/home/fiend/voice_grab/ros2_ws/install/octomap_mapping:/home/fiend/voice_grab/ros2_ws/install/octomap_server:/home/fiend/voice_grab/ros2_ws/install/octomap_ros:/home/fiend/voice_grab/ros2_ws/install/octomap:/home/fiend/gazebo_ros2_control/install/gazebo_ros2_control_demos:/home/fiend/gazebo_ros2_control/install/gazebo_ros2_control:/home/fiend/ws_moveit/install/moveit_configs_utils:/home/fiend/ws_moveit/install/launch_param_builder:/opt/ros/humble:/home/fiend/LineFollowingRobot/ros_ws/install/prius_msgs:/home/fiend/LineFollowingRobot/ros_ws/install/line_bhakt:/home/fiend/LineFollowingRobot/ros_ws/install/launches:/home/fiend/LineFollowingRobot/ros_ws/install/autocar_nav:/home/fiend/LineFollowingRobot/ros_ws/install/autocar_msgs:/home/fiend/LineFollowingRobot/ros_ws/install/autocar_map:/home/fiend/LineFollowingRobot/ros_ws/install/autocar_gazebo:/home/fiend/LineFollowingRobot/ros_ws/install/autocar_description:/home/fiend/ROS/practice_codes_ROS2/articubot_one/install/articubot_one:/home/fiend/octomap_mapping/install/octomap_mapping:/home/fiend/octomap_mapping/install/octomap_server PS1=
\[[38;5;156m\]\[[0m\]\[[38;5;166m\]ros2_ws\[[0m\]\[[38;5;166m\]\[[0m\] on \[[38;5;162m\] \[[0m\]\[[38;5;162m\]master\[[0m\] underwent \[[36m\]13s\[[0m\]
\[[1;38;5;166m\]➜\[[0m\] /usr/bin/cmake --build /home/fiend/voice_grab/ros2_ws/build/ur_description -- -j8 -l8
[0.388s] Invoked command in '/home/fiend/voice_grab/ros2_ws/build/ur_description' returned '0': CMAKE_PREFIX_PATH=/home/fiend/voice_grab/ros2_ws/install/robotiq_moveit_config:/home/fiend/Navigation_Bot/dev_ws/install/navigation_bot:/home/fiend/ws_moveit/install/pilz_industrial_motion_planner_testutils:/home/fiend/ws_moveit/install/moveit_runtime:/home/fiend/ws_moveit/install/moveit2_tutorials:/home/fiend/ws_moveit/install/moveit:/home/fiend/ws_moveit/install/moveit_planners:/home/fiend/ws_moveit/install/pilz_industrial_motion_planner:/home/fiend/ws_moveit/install/mtc_tutorial:/home/fiend/ws_moveit/install/hello_moveit:/home/fiend/ws_moveit/install/moveit_visual_tools:/home/fiend/ws_moveit/install/moveit_task_constructor_visualization:/home/fiend/ws_moveit/install/moveit_task_constructor_demo:/home/fiend/ws_moveit/install/moveit_task_constructor_capabilities:/home/fiend/ws_moveit/install/moveit_task_constructor_core:/home/fiend/ws_moveit/install/moveit_ros_control_interface:/home/fiend/ws_moveit/install/moveit_plugins:/home/fiend/ws_moveit/install/moveit_simple_controller_manager:/home/fiend/ws_moveit/install/moveit_setup_assistant:/home/fiend/ws_moveit/install/moveit_setup_srdf_plugins:/home/fiend/ws_moveit/install/moveit_setup_core_plugins:/home/fiend/ws_moveit/install/moveit_setup_controllers:/home/fiend/ws_moveit/install/moveit_setup_app_plugins:/home/fiend/ws_moveit/install/moveit_setup_framework:/home/fiend/ws_moveit/install/moveit_servo:/home/fiend/ws_moveit/install/moveit_ros:/home/fiend/ws_moveit/install/moveit_ros_visualization:/home/fiend/ws_moveit/install/moveit_hybrid_planning:/home/fiend/ws_moveit/install/moveit_ros_planning_interface:/home/fiend/ws_moveit/install/moveit_ros_benchmarks:/home/fiend/ws_moveit/install/moveit_ros_warehouse:/home/fiend/ws_moveit/install/moveit_ros_robot_interaction:/home/fiend/ws_moveit/install/moveit_ros_perception:/home/fiend/ws_moveit/install/moveit_resources_prbt_pg70_support:/home/fiend/ws_moveit/install/moveit_resources_prbt_moveit_config:/home/fiend/ws_moveit/install/moveit_ros_move_group:/home/fiend/ws_moveit/install/moveit_planners_ompl:/home/fiend/ws_moveit/install/moveit_ros_planning:/home/fiend/ws_moveit/install/moveit_ros_occupancy_map_monitor:/home/fiend/ws_moveit/install/moveit_resources_prbt_ikfast_manipulator_plugin:/home/fiend/ws_moveit/install/moveit_planners_chomp:/home/fiend/ws_moveit/install/moveit_kinematics:/home/fiend/ws_moveit/install/moveit_chomp_optimizer_adapter:/home/fiend/ws_moveit/install/chomp_motion_planner:/home/fiend/ws_moveit/install/moveit_core:/home/fiend/ws_moveit/install/srdfdom:/home/fiend/ws_moveit/install/rviz_marker_tools:/home/fiend/ws_moveit/install/rosparam_shortcuts:/home/fiend/ws_moveit/install/moveit_task_constructor_msgs:/home/fiend/ws_moveit/install/moveit_resources_prbt_support:/home/fiend/ws_moveit/install/moveit_resources:/home/fiend/ws_moveit/install/moveit_resources_pr2_description:/home/fiend/ws_moveit/install/moveit_resources_panda_moveit_config:/home/fiend/ws_moveit/install/moveit_resources_panda_description:/home/fiend/ws_moveit/install/moveit_resources_fanuc_moveit_config:/home/fiend/ws_moveit/install/moveit_resources_fanuc_description:/home/fiend/ws_moveit/install/moveit_common:/home/fiend/voice_grab/ros2_ws/install/voice_grabber:/home/fiend/voice_grab/ros2_ws/install/ur_moveit_config:/home/fiend/voice_grab/ros2_ws/install/ur_description:/home/fiend/voice_grab/ros2_ws/install/robotiq_2f_85_gripper_visualization:/home/fiend/voice_grab/ros2_ws/install/robotiq_2f_140_gripper_visualization:/home/fiend/voice_grab/ros2_ws/install/octomap_mapping:/home/fiend/voice_grab/ros2_ws/install/octomap_server:/home/fiend/voice_grab/ros2_ws/install/octomap_ros:/home/fiend/voice_grab/ros2_ws/install/octomap:/home/fiend/gazebo_ros2_control/install/gazebo_ros2_control_demos:/home/fiend/gazebo_ros2_control/install/gazebo_ros2_control:/home/fiend/ws_moveit/install/moveit_configs_utils:/home/fiend/ws_moveit/install/launch_param_builder:/opt/ros/humble:/home/fiend/LineFollowingRobot/ros_ws/install/prius_msgs:/home/fiend/LineFollowingRobot/ros_ws/install/line_bhakt:/home/fiend/LineFollowingRobot/ros_ws/install/launches:/home/fiend/LineFollowingRobot/ros_ws/install/autocar_nav:/home/fiend/LineFollowingRobot/ros_ws/install/autocar_msgs:/home/fiend/LineFollowingRobot/ros_ws/install/autocar_map:/home/fiend/LineFollowingRobot/ros_ws/install/autocar_gazebo:/home/fiend/LineFollowingRobot/ros_ws/install/autocar_description:/home/fiend/ROS/practice_codes_ROS2/articubot_one/install/articubot_one:/home/fiend/octomap_mapping/install/octomap_mapping:/home/fiend/octomap_mapping/install/octomap_server PS1=
\[[38;5;156m\]\[[0m\]\[[38;5;166m\]ros2_ws\[[0m\]\[[38;5;166m\]\[[0m\] on \[[38;5;162m\] \[[0m\]\[[38;5;162m\]master\[[0m\] underwent \[[36m\]13s\[[0m\]
\[[1;38;5;166m\]➜\[[0m\] /usr/bin/cmake --build /home/fiend/voice_grab/ros2_ws/build/ur_description -- -j8 -l8
[0.593s] Invoking command in '/home/fiend/voice_grab/ros2_ws/build/ur_description': CMAKE_PREFIX_PATH=/home/fiend/voice_grab/ros2_ws/install/robotiq_moveit_config:/home/fiend/Navigation_Bot/dev_ws/install/navigation_bot:/home/fiend/ws_moveit/install/pilz_industrial_motion_planner_testutils:/home/fiend/ws_moveit/install/moveit_runtime:/home/fiend/ws_moveit/install/moveit2_tutorials:/home/fiend/ws_moveit/install/moveit:/home/fiend/ws_moveit/install/moveit_planners:/home/fiend/ws_moveit/install/pilz_industrial_motion_planner:/home/fiend/ws_moveit/install/mtc_tutorial:/home/fiend/ws_moveit/install/hello_moveit:/home/fiend/ws_moveit/install/moveit_visual_tools:/home/fiend/ws_moveit/install/moveit_task_constructor_visualization:/home/fiend/ws_moveit/install/moveit_task_constructor_demo:/home/fiend/ws_moveit/install/moveit_task_constructor_capabilities:/home/fiend/ws_moveit/install/moveit_task_constructor_core:/home/fiend/ws_moveit/install/moveit_ros_control_interface:/home/fiend/ws_moveit/install/moveit_plugins:/home/fiend/ws_moveit/install/moveit_simple_controller_manager:/home/fiend/ws_moveit/install/moveit_setup_assistant:/home/fiend/ws_moveit/install/moveit_setup_srdf_plugins:/home/fiend/ws_moveit/install/moveit_setup_core_plugins:/home/fiend/ws_moveit/install/moveit_setup_controllers:/home/fiend/ws_moveit/install/moveit_setup_app_plugins:/home/fiend/ws_moveit/install/moveit_setup_framework:/home/fiend/ws_moveit/install/moveit_servo:/home/fiend/ws_moveit/install/moveit_ros:/home/fiend/ws_moveit/install/moveit_ros_visualization:/home/fiend/ws_moveit/install/moveit_hybrid_planning:/home/fiend/ws_moveit/install/moveit_ros_planning_interface:/home/fiend/ws_moveit/install/moveit_ros_benchmarks:/home/fiend/ws_moveit/install/moveit_ros_warehouse:/home/fiend/ws_moveit/install/moveit_ros_robot_interaction:/home/fiend/ws_moveit/install/moveit_ros_perception:/home/fiend/ws_moveit/install/moveit_resources_prbt_pg70_support:/home/fiend/ws_moveit/install/moveit_resources_prbt_moveit_config:/home/fiend/ws_moveit/install/moveit_ros_move_group:/home/fiend/ws_moveit/install/moveit_planners_ompl:/home/fiend/ws_moveit/install/moveit_ros_planning:/home/fiend/ws_moveit/install/moveit_ros_occupancy_map_monitor:/home/fiend/ws_moveit/install/moveit_resources_prbt_ikfast_manipulator_plugin:/home/fiend/ws_moveit/install/moveit_planners_chomp:/home/fiend/ws_moveit/install/moveit_kinematics:/home/fiend/ws_moveit/install/moveit_chomp_optimizer_adapter:/home/fiend/ws_moveit/install/chomp_motion_planner:/home/fiend/ws_moveit/install/moveit_core:/home/fiend/ws_moveit/install/srdfdom:/home/fiend/ws_moveit/install/rviz_marker_tools:/home/fiend/ws_moveit/install/rosparam_shortcuts:/home/fiend/ws_moveit/install/moveit_task_constructor_msgs:/home/fiend/ws_moveit/install/moveit_resources_prbt_support:/home/fiend/ws_moveit/install/moveit_resources:/home/fiend/ws_moveit/install/moveit_resources_pr2_description:/home/fiend/ws_moveit/install/moveit_resources_panda_moveit_config:/home/fiend/ws_moveit/install/moveit_resources_panda_description:/home/fiend/ws_moveit/install/moveit_resources_fanuc_moveit_config:/home/fiend/ws_moveit/install/moveit_resources_fanuc_description:/home/fiend/ws_moveit/install/moveit_common:/home/fiend/voice_grab/ros2_ws/install/voice_grabber:/home/fiend/voice_grab/ros2_ws/install/ur_moveit_config:/home/fiend/voice_grab/ros2_ws/install/ur_description:/home/fiend/voice_grab/ros2_ws/install/robotiq_2f_85_gripper_visualization:/home/fiend/voice_grab/ros2_ws/install/robotiq_2f_140_gripper_visualization:/home/fiend/voice_grab/ros2_ws/install/octomap_mapping:/home/fiend/voice_grab/ros2_ws/install/octomap_server:/home/fiend/voice_grab/ros2_ws/install/octomap_ros:/home/fiend/voice_grab/ros2_ws/install/octomap:/home/fiend/gazebo_ros2_control/install/gazebo_ros2_control_demos:/home/fiend/gazebo_ros2_control/install/gazebo_ros2_control:/home/fiend/ws_moveit/install/moveit_configs_utils:/home/fiend/ws_moveit/install/launch_param_builder:/opt/ros/humble:/home/fiend/LineFollowingRobot/ros_ws/install/prius_msgs:/home/fiend/LineFollowingRobot/ros_ws/install/line_bhakt:/home/fiend/LineFollowingRobot/ros_ws/install/launches:/home/fiend/LineFollowingRobot/ros_ws/install/autocar_nav:/home/fiend/LineFollowingRobot/ros_ws/install/autocar_msgs:/home/fiend/LineFollowingRobot/ros_ws/install/autocar_map:/home/fiend/LineFollowingRobot/ros_ws/install/autocar_gazebo:/home/fiend/LineFollowingRobot/ros_ws/install/autocar_description:/home/fiend/ROS/practice_codes_ROS2/articubot_one/install/articubot_one:/home/fiend/octomap_mapping/install/octomap_mapping:/home/fiend/octomap_mapping/install/octomap_server PS1=
\[[38;5;156m\]\[[0m\]\[[38;5;166m\]ros2_ws\[[0m\]\[[38;5;166m\]\[[0m\] on \[[38;5;162m\] \[[0m\]\[[38;5;162m\]master\[[0m\] underwent \[[36m\]13s\[[0m\]
\[[1;38;5;166m\]➜\[[0m\] /usr/bin/cmake --install /home/fiend/voice_grab/ros2_ws/build/ur_description
[0.628s] -- Install configuration: ""
[0.630s] -- Execute custom install script
[0.634s] -- Up-to-date symlink: /home/fiend/voice_grab/ros2_ws/install/ur_description/share/ur_description/config/initial_positions.yaml
[0.634s] -- Up-to-date symlink: /home/fiend/voice_grab/ros2_ws/install/ur_description/share/ur_description/config/simulation_controllers.yaml
[0.635s] -- Up-to-date symlink: /home/fiend/voice_grab/ros2_ws/install/ur_description/share/ur_description/config/ur10/default_kinematics.yaml
[0.636s] -- Up-to-date symlink: /home/fiend/voice_grab/ros2_ws/install/ur_description/share/ur_description/config/ur10/joint_limits.yaml
[0.637s] -- Up-to-date symlink: /home/fiend/voice_grab/ros2_ws/install/ur_description/share/ur_description/config/ur10/physical_parameters.yaml
[0.639s] -- Up-to-date symlink: /home/fiend/voice_grab/ros2_ws/install/ur_description/share/ur_description/config/ur10/visual_parameters.yaml
[0.642s] -- Up-to-date symlink: /home/fiend/voice_grab/ros2_ws/install/ur_description/share/ur_description/config/ur10e/default_kinematics.yaml
[0.645s] -- Up-to-date symlink: /home/fiend/voice_grab/ros2_ws/install/ur_description/share/ur_description/config/ur10e/joint_limits.yaml
[0.645s] -- Up-to-date symlink: /home/fiend/voice_grab/ros2_ws/install/ur_description/share/ur_description/config/ur10e/physical_parameters.yaml
[0.646s] -- Up-to-date symlink: /home/fiend/voice_grab/ros2_ws/install/ur_description/share/ur_description/config/ur10e/visual_parameters.yaml
[0.647s] -- Up-to-date symlink: /home/fiend/voice_grab/ros2_ws/install/ur_description/share/ur_description/config/ur16e/default_kinematics.yaml
[0.648s] -- Up-to-date symlink: /home/fiend/voice_grab/ros2_ws/install/ur_description/share/ur_description/config/ur16e/joint_limits.yaml
[0.649s] -- Up-to-date symlink: /home/fiend/voice_grab/ros2_ws/install/ur_description/share/ur_description/config/ur16e/physical_parameters.yaml
[0.650s] -- Up-to-date symlink: /home/fiend/voice_grab/ros2_ws/install/ur_description/share/ur_description/config/ur16e/visual_parameters.yaml
[0.651s] -- Up-to-date symlink: /home/fiend/voice_grab/ros2_ws/install/ur_description/share/ur_description/config/ur20/default_kinematics.yaml
[0.653s] -- Up-to-date symlink: /home/fiend/voice_grab/ros2_ws/install/ur_description/share/ur_description/config/ur20/joint_limits.yaml
[0.655s] -- Up-to-date symlink: /home/fiend/voice_grab/ros2_ws/install/ur_description/share/ur_description/config/ur20/physical_parameters.yaml
[0.655s] -- Up-to-date symlink: /home/fiend/voice_grab/ros2_ws/install/ur_description/share/ur_description/config/ur20/visual_parameters.yaml
[0.656s] -- Up-to-date symlink: /home/fiend/voice_grab/ros2_ws/install/ur_description/share/ur_description/config/ur3/default_kinematics.yaml
[0.656s] -- Up-to-date symlink: /home/fiend/voice_grab/ros2_ws/install/ur_description/share/ur_description/config/ur3/joint_limits.yaml
[0.658s] -- Up-to-date symlink: /home/fiend/voice_grab/ros2_ws/install/ur_description/share/ur_description/config/ur3/physical_parameters.yaml
[0.658s] -- Up-to-date symlink: /home/fiend/voice_grab/ros2_ws/install/ur_description/share/ur_description/config/ur3/visual_parameters.yaml
[0.659s] -- Up-to-date symlink: /home/fiend/voice_grab/ros2_ws/install/ur_description/share/ur_description/config/ur30/default_kinematics.yaml
[0.659s] -- Up-to-date symlink: /home/fiend/voice_grab/ros2_ws/install/ur_description/share/ur_description/config/ur30/joint_limits.yaml
[0.660s] -- Up-to-date symlink: /home/fiend/voice_grab/ros2_ws/install/ur_description/share/ur_description/config/ur30/physical_parameters.yaml
[0.660s] -- Up-to-date symlink: /home/fiend/voice_grab/ros2_ws/install/ur_description/share/ur_description/config/ur30/visual_parameters.yaml
[0.661s] -- Up-to-date symlink: /home/fiend/voice_grab/ros2_ws/install/ur_description/share/ur_description/config/ur3e/default_kinematics.yaml
[0.662s] -- Up-to-date symlink: /home/fiend/voice_grab/ros2_ws/install/ur_description/share/ur_description/config/ur3e/joint_limits.yaml
[0.662s] -- Up-to-date symlink: /home/fiend/voice_grab/ros2_ws/install/ur_description/share/ur_description/config/ur3e/physical_parameters.yaml
[0.662s] -- Up-to-date symlink: /home/fiend/voice_grab/ros2_ws/install/ur_description/share/ur_description/config/ur3e/visual_parameters.yaml
[0.663s] -- Up-to-date symlink: /home/fiend/voice_grab/ros2_ws/install/ur_description/share/ur_description/config/ur5/default_kinematics.yaml
[0.696s] -- Up-to-date symlink: /home/fiend/voice_grab/ros2_ws/install/ur_description/share/ur_description/config/ur5/joint_limits.yaml
[0.696s] -- Up-to-date symlink: /home/fiend/voice_grab/ros2_ws/install/ur_description/share/ur_description/config/ur5/physical_parameters.yaml
[0.697s] -- Up-to-date symlink: /home/fiend/voice_grab/ros2_ws/install/ur_description/share/ur_description/config/ur5/visual_parameters.yaml
[0.697s] -- Up-to-date symlink: /home/fiend/voice_grab/ros2_ws/install/ur_description/share/ur_description/config/ur5e/default_kinematics.yaml
[0.698s] -- Up-to-date symlink: /home/fiend/voice_grab/ros2_ws/install/ur_description/share/ur_description/config/ur5e/joint_limits.yaml
[0.698s] -- Up-to-date symlink: /home/fiend/voice_grab/ros2_ws/install/ur_description/share/ur_description/config/ur5e/physical_parameters.yaml
[0.705s] -- Up-to-date symlink: /home/fiend/voice_grab/ros2_ws/install/ur_description/share/ur_description/config/ur5e/visual_parameters.yaml
[0.706s] -- Up-to-date symlink: /home/fiend/voice_grab/ros2_ws/install/ur_description/share/ur_description/launch/view_ur.launch.py
[0.706s] -- Up-to-date symlink: /home/fiend/voice_grab/ros2_ws/install/ur_description/share/ur_description/meshes/d435.dae
[0.707s] -- Up-to-date symlink: /home/fiend/voice_grab/ros2_ws/install/ur_description/share/ur_description/meshes/ur10/collision/base.stl
[0.707s] -- Up-to-date symlink: /home/fiend/voice_grab/ros2_ws/install/ur_description/share/ur_description/meshes/ur10/collision/forearm.stl
[0.707s] -- Up-to-date symlink: /home/fiend/voice_grab/ros2_ws/install/ur_description/share/ur_description/meshes/ur10/collision/shoulder.stl
[0.708s] -- Up-to-date symlink: /home/fiend/voice_grab/ros2_ws/install/ur_description/share/ur_description/meshes/ur10/collision/upperarm.stl
[0.708s] -- Up-to-date symlink: /home/fiend/voice_grab/ros2_ws/install/ur_description/share/ur_description/meshes/ur10/collision/wrist1.stl
[0.708s] -- Up-to-date symlink: /home/fiend/voice_grab/ros2_ws/install/ur_description/share/ur_description/meshes/ur10/collision/wrist2.stl
[0.709s] -- Up-to-date symlink: /home/fiend/voice_grab/ros2_ws/install/ur_description/share/ur_description/meshes/ur10/collision/wrist3.stl
[0.709s] -- Up-to-date symlink: /home/fiend/voice_grab/ros2_ws/install/ur_description/share/ur_description/meshes/ur10/visual/base.dae
[0.709s] -- Up-to-date symlink: /home/fiend/voice_grab/ros2_ws/install/ur_description/share/ur_description/meshes/ur10/visual/forearm.dae
[0.709s] -- Up-to-date symlink: /home/fiend/voice_grab/ros2_ws/install/ur_description/share/ur_description/meshes/ur10/visual/shoulder.dae
[0.709s] -- Up-to-date symlink: /home/fiend/voice_grab/ros2_ws/install/ur_description/share/ur_description/meshes/ur10/visual/upperarm.dae
[0.710s] -- Up-to-date symlink: /home/fiend/voice_grab/ros2_ws/install/ur_description/share/ur_description/meshes/ur10/visual/wrist1.dae
[0.710s] -- Up-to-date symlink: /home/fiend/voice_grab/ros2_ws/install/ur_description/share/ur_description/meshes/ur10/visual/wrist2.dae
[0.710s] -- Up-to-date symlink: /home/fiend/voice_grab/ros2_ws/install/ur_description/share/ur_description/meshes/ur10/visual/wrist3.dae
[0.711s] -- Up-to-date symlink: /home/fiend/voice_grab/ros2_ws/install/ur_description/share/ur_description/meshes/ur10e/collision/base.stl
[0.711s] -- Up-to-date symlink: /home/fiend/voice_grab/ros2_ws/install/ur_description/share/ur_description/meshes/ur10e/collision/forearm.stl
[0.711s] -- Up-to-date symlink: /home/fiend/voice_grab/ros2_ws/install/ur_description/share/ur_description/meshes/ur10e/collision/shoulder.stl
[0.711s] -- Up-to-date symlink: /home/fiend/voice_grab/ros2_ws/install/ur_description/share/ur_description/meshes/ur10e/collision/upperarm.stl
[0.712s] -- Up-to-date symlink: /home/fiend/voice_grab/ros2_ws/install/ur_description/share/ur_description/meshes/ur10e/collision/wrist1.stl
[0.712s] -- Up-to-date symlink: /home/fiend/voice_grab/ros2_ws/install/ur_description/share/ur_description/meshes/ur10e/collision/wrist2.stl
[0.712s] -- Up-to-date symlink: /home/fiend/voice_grab/ros2_ws/install/ur_description/share/ur_description/meshes/ur10e/collision/wrist3.stl
[0.712s] -- Up-to-date symlink: /home/fiend/voice_grab/ros2_ws/install/ur_description/share/ur_description/meshes/ur10e/visual/base.dae
[0.713s] -- Up-to-date symlink: /home/fiend/voice_grab/ros2_ws/install/ur_description/share/ur_description/meshes/ur10e/visual/forearm.dae
[0.713s] -- Up-to-date symlink: /home/fiend/voice_grab/ros2_ws/install/ur_description/share/ur_description/meshes/ur10e/visual/shoulder.dae
[0.713s] -- Up-to-date symlink: /home/fiend/voice_grab/ros2_ws/install/ur_description/share/ur_description/meshes/ur10e/visual/upperarm.dae
[0.714s] -- Up-to-date symlink: /home/fiend/voice_grab/ros2_ws/install/ur_description/share/ur_description/meshes/ur10e/visual/wrist1.dae
[0.714s] -- Up-to-date symlink: /home/fiend/voice_grab/ros2_ws/install/ur_description/share/ur_description/meshes/ur10e/visual/wrist2.dae
[0.718s] -- Up-to-date symlink: /home/fiend/voice_grab/ros2_ws/install/ur_description/share/ur_description/meshes/ur10e/visual/wrist3.dae
[0.719s] -- Up-to-date symlink: /home/fiend/voice_grab/ros2_ws/install/ur_description/share/ur_description/meshes/ur16e/collision/forearm.stl
[0.719s] -- Up-to-date symlink: /home/fiend/voice_grab/ros2_ws/install/ur_description/share/ur_description/meshes/ur16e/collision/upperarm.stl
[0.721s] -- Up-to-date symlink: /home/fiend/voice_grab/ros2_ws/install/ur_description/share/ur_description/meshes/ur16e/visual/forearm.dae
[0.722s] -- Up-to-date symlink: /home/fiend/voice_grab/ros2_ws/install/ur_description/share/ur_description/meshes/ur16e/visual/upperarm.dae
[0.722s] -- Up-to-date symlink: /home/fiend/voice_grab/ros2_ws/install/ur_description/share/ur_description/meshes/ur20/LICENSE.txt
[0.724s] -- Up-to-date symlink: /home/fiend/voice_grab/ros2_ws/install/ur_description/share/ur_description/meshes/ur20/collision/base.stl
[0.724s] -- Up-to-date symlink: /home/fiend/voice_grab/ros2_ws/install/ur_description/share/ur_description/meshes/ur20/collision/forearm.stl
[0.725s] -- Up-to-date symlink: /home/fiend/voice_grab/ros2_ws/install/ur_description/share/ur_description/meshes/ur20/collision/shoulder.stl
[0.725s] -- Up-to-date symlink: /home/fiend/voice_grab/ros2_ws/install/ur_description/share/ur_description/meshes/ur20/collision/upperarm.stl
[0.726s] -- Up-to-date symlink: /home/fiend/voice_grab/ros2_ws/install/ur_description/share/ur_description/meshes/ur20/collision/wrist1.stl
[0.726s] -- Up-to-date symlink: /home/fiend/voice_grab/ros2_ws/install/ur_description/share/ur_description/meshes/ur20/collision/wrist2.stl
[0.727s] -- Up-to-date symlink: /home/fiend/voice_grab/ros2_ws/install/ur_description/share/ur_description/meshes/ur20/collision/wrist3.stl
[0.727s] -- Up-to-date symlink: /home/fiend/voice_grab/ros2_ws/install/ur_description/share/ur_description/meshes/ur20/visual/UR20_DIFF_8bit_2K.png
[0.728s] -- Up-to-date symlink: /home/fiend/voice_grab/ros2_ws/install/ur_description/share/ur_description/meshes/ur20/visual/base.dae
[0.728s] -- Up-to-date symlink: /home/fiend/voice_grab/ros2_ws/install/ur_description/share/ur_description/meshes/ur20/visual/forearm.dae
[0.729s] -- Up-to-date symlink: /home/fiend/voice_grab/ros2_ws/install/ur_description/share/ur_description/meshes/ur20/visual/shoulder.dae
[0.730s] -- Up-to-date symlink: /home/fiend/voice_grab/ros2_ws/install/ur_description/share/ur_description/meshes/ur20/visual/upperarm.dae
[0.731s] -- Up-to-date symlink: /home/fiend/voice_grab/ros2_ws/install/ur_description/share/ur_description/meshes/ur20/visual/wrist1.dae
[0.731s] -- Up-to-date symlink: /home/fiend/voice_grab/ros2_ws/install/ur_description/share/ur_description/meshes/ur20/visual/wrist2.dae
[0.732s] -- Up-to-date symlink: /home/fiend/voice_grab/ros2_ws/install/ur_description/share/ur_description/meshes/ur20/visual/wrist3.dae
[0.737s] -- Up-to-date symlink: /home/fiend/voice_grab/ros2_ws/install/ur_description/share/ur_description/meshes/ur3/collision/base.stl
[0.738s] -- Up-to-date symlink: /home/fiend/voice_grab/ros2_ws/install/ur_description/share/ur_description/meshes/ur3/collision/forearm.stl
[0.739s] -- Up-to-date symlink: /home/fiend/voice_grab/ros2_ws/install/ur_description/share/ur_description/meshes/ur3/collision/shoulder.stl
[0.742s] -- Up-to-date symlink: /home/fiend/voice_grab/ros2_ws/install/ur_description/share/ur_description/meshes/ur3/collision/upperarm.stl
[0.744s] -- Up-to-date symlink: /home/fiend/voice_grab/ros2_ws/install/ur_description/share/ur_description/meshes/ur3/collision/wrist1.stl
[0.747s] -- Up-to-date symlink: /home/fiend/voice_grab/ros2_ws/install/ur_description/share/ur_description/meshes/ur3/collision/wrist2.stl
[0.751s] -- Up-to-date symlink: /home/fiend/voice_grab/ros2_ws/install/ur_description/share/ur_description/meshes/ur3/collision/wrist3.stl
[0.752s] -- Up-to-date symlink: /home/fiend/voice_grab/ros2_ws/install/ur_description/share/ur_description/meshes/ur3/visual/base.dae
[0.752s] -- Up-to-date symlink: /home/fiend/voice_grab/ros2_ws/install/ur_description/share/ur_description/meshes/ur3/visual/forearm.dae
[0.753s] -- Up-to-date symlink: /home/fiend/voice_grab/ros2_ws/install/ur_description/share/ur_description/meshes/ur3/visual/shoulder.dae
[0.753s] -- Up-to-date symlink: /home/fiend/voice_grab/ros2_ws/install/ur_description/share/ur_description/meshes/ur3/visual/upperarm.dae
[0.758s] -- Up-to-date symlink: /home/fiend/voice_grab/ros2_ws/install/ur_description/share/ur_description/meshes/ur3/visual/wrist1.dae
[0.759s] -- Up-to-date symlink: /home/fiend/voice_grab/ros2_ws/install/ur_description/share/ur_description/meshes/ur3/visual/wrist2.dae
[0.760s] -- Up-to-date symlink: /home/fiend/voice_grab/ros2_ws/install/ur_description/share/ur_description/meshes/ur3/visual/wrist3.dae
[0.760s] -- Up-to-date symlink: /home/fiend/voice_grab/ros2_ws/install/ur_description/share/ur_description/meshes/ur30/LICENSE.txt
[0.761s] -- Up-to-date symlink: /home/fiend/voice_grab/ros2_ws/install/ur_description/share/ur_description/meshes/ur30/collision/forearm.stl
[0.761s] -- Up-to-date symlink: /home/fiend/voice_grab/ros2_ws/install/ur_description/share/ur_description/meshes/ur30/collision/upperarm.stl
[0.761s] -- Up-to-date symlink: /home/fiend/voice_grab/ros2_ws/install/ur_description/share/ur_description/meshes/ur30/visual/UR30_DIFF_8bit_2K.png
[0.762s] -- Up-to-date symlink: /home/fiend/voice_grab/ros2_ws/install/ur_description/share/ur_description/meshes/ur30/visual/forearm.dae
[0.762s] -- Up-to-date symlink: /home/fiend/voice_grab/ros2_ws/install/ur_description/share/ur_description/meshes/ur30/visual/upperarm.dae
[0.763s] -- Up-to-date symlink: /home/fiend/voice_grab/ros2_ws/install/ur_description/share/ur_description/meshes/ur3e/collision/base.stl
[0.764s] -- Up-to-date symlink: /home/fiend/voice_grab/ros2_ws/install/ur_description/share/ur_description/meshes/ur3e/collision/forearm.stl
[0.764s] -- Up-to-date symlink: /home/fiend/voice_grab/ros2_ws/install/ur_description/share/ur_description/meshes/ur3e/collision/shoulder.stl
[0.766s] -- Up-to-date symlink: /home/fiend/voice_grab/ros2_ws/install/ur_description/share/ur_description/meshes/ur3e/collision/upperarm.stl
[0.766s] -- Up-to-date symlink: /home/fiend/voice_grab/ros2_ws/install/ur_description/share/ur_description/meshes/ur3e/collision/wrist1.stl
[0.767s] -- Up-to-date symlink: /home/fiend/voice_grab/ros2_ws/install/ur_description/share/ur_description/meshes/ur3e/collision/wrist2.stl
[0.768s] -- Up-to-date symlink: /home/fiend/voice_grab/ros2_ws/install/ur_description/share/ur_description/meshes/ur3e/collision/wrist3.stl
[0.769s] -- Up-to-date symlink: /home/fiend/voice_grab/ros2_ws/install/ur_description/share/ur_description/meshes/ur3e/visual/base.dae
[0.770s] -- Up-to-date symlink: /home/fiend/voice_grab/ros2_ws/install/ur_description/share/ur_description/meshes/ur3e/visual/forearm.dae
[0.771s] -- Up-to-date symlink: /home/fiend/voice_grab/ros2_ws/install/ur_description/share/ur_description/meshes/ur3e/visual/shoulder.dae
[0.772s] -- Up-to-date symlink: /home/fiend/voice_grab/ros2_ws/install/ur_description/share/ur_description/meshes/ur3e/visual/upperarm.dae
[0.772s] -- Up-to-date symlink: /home/fiend/voice_grab/ros2_ws/install/ur_description/share/ur_description/meshes/ur3e/visual/wrist1.dae
[0.776s] -- Up-to-date symlink: /home/fiend/voice_grab/ros2_ws/install/ur_description/share/ur_description/meshes/ur3e/visual/wrist2.dae
[0.776s] -- Up-to-date symlink: /home/fiend/voice_grab/ros2_ws/install/ur_description/share/ur_description/meshes/ur3e/visual/wrist3.dae
[0.777s] -- Up-to-date symlink: /home/fiend/voice_grab/ros2_ws/install/ur_description/share/ur_description/meshes/ur5/collision/base.stl
[0.777s] -- Up-to-date symlink: /home/fiend/voice_grab/ros2_ws/install/ur_description/share/ur_description/meshes/ur5/collision/forearm.stl
[0.780s] -- Up-to-date symlink: /home/fiend/voice_grab/ros2_ws/install/ur_description/share/ur_description/meshes/ur5/collision/shoulder.stl
[0.782s] -- Up-to-date symlink: /home/fiend/voice_grab/ros2_ws/install/ur_description/share/ur_description/meshes/ur5/collision/upperarm.stl
[0.783s] -- Up-to-date symlink: /home/fiend/voice_grab/ros2_ws/install/ur_description/share/ur_description/meshes/ur5/collision/wrist1.stl
[0.783s] -- Up-to-date symlink: /home/fiend/voice_grab/ros2_ws/install/ur_description/share/ur_description/meshes/ur5/collision/wrist2.stl
[0.783s] -- Up-to-date symlink: /home/fiend/voice_grab/ros2_ws/install/ur_description/share/ur_description/meshes/ur5/collision/wrist3.stl
[0.783s] -- Up-to-date symlink: /home/fiend/voice_grab/ros2_ws/install/ur_description/share/ur_description/meshes/ur5/visual/base.dae
[0.783s] -- Up-to-date symlink: /home/fiend/voice_grab/ros2_ws/install/ur_description/share/ur_description/meshes/ur5/visual/forearm.dae
[0.783s] -- Up-to-date symlink: /home/fiend/voice_grab/ros2_ws/install/ur_description/share/ur_description/meshes/ur5/visual/shoulder.dae
[0.784s] -- Up-to-date symlink: /home/fiend/voice_grab/ros2_ws/install/ur_description/share/ur_description/meshes/ur5/visual/upperarm.dae
[0.784s] -- Up-to-date symlink: /home/fiend/voice_grab/ros2_ws/install/ur_description/share/ur_description/meshes/ur5/visual/wrist1.dae
[0.784s] -- Up-to-date symlink: /home/fiend/voice_grab/ros2_ws/install/ur_description/share/ur_description/meshes/ur5/visual/wrist2.dae
[0.784s] -- Up-to-date symlink: /home/fiend/voice_grab/ros2_ws/install/ur_description/share/ur_description/meshes/ur5/visual/wrist3.dae
[0.784s] -- Up-to-date symlink: /home/fiend/voice_grab/ros2_ws/install/ur_description/share/ur_description/meshes/ur5e/collision/base.stl
[0.785s] -- Up-to-date symlink: /home/fiend/voice_grab/ros2_ws/install/ur_description/share/ur_description/meshes/ur5e/collision/forearm.stl
[0.786s] -- Up-to-date symlink: /home/fiend/voice_grab/ros2_ws/install/ur_description/share/ur_description/meshes/ur5e/collision/shoulder.stl
[0.787s] -- Up-to-date symlink: /home/fiend/voice_grab/ros2_ws/install/ur_description/share/ur_description/meshes/ur5e/collision/upperarm.stl
[0.787s] -- Up-to-date symlink: /home/fiend/voice_grab/ros2_ws/install/ur_description/share/ur_description/meshes/ur5e/collision/wrist1.stl
[0.787s] -- Up-to-date symlink: /home/fiend/voice_grab/ros2_ws/install/ur_description/share/ur_description/meshes/ur5e/collision/wrist2.stl
[0.788s] -- Up-to-date symlink: /home/fiend/voice_grab/ros2_ws/install/ur_description/share/ur_description/meshes/ur5e/collision/wrist3.stl
[0.788s] -- Up-to-date symlink: /home/fiend/voice_grab/ros2_ws/install/ur_description/share/ur_description/meshes/ur5e/visual/base.dae
[0.788s] -- Up-to-date symlink: /home/fiend/voice_grab/ros2_ws/install/ur_description/share/ur_description/meshes/ur5e/visual/forearm.dae
[0.788s] -- Up-to-date symlink: /home/fiend/voice_grab/ros2_ws/install/ur_description/share/ur_description/meshes/ur5e/visual/shoulder.dae
[0.788s] -- Up-to-date symlink: /home/fiend/voice_grab/ros2_ws/install/ur_description/share/ur_description/meshes/ur5e/visual/upperarm.dae
[0.789s] -- Up-to-date symlink: /home/fiend/voice_grab/ros2_ws/install/ur_description/share/ur_description/meshes/ur5e/visual/wrist1.dae
[0.791s] -- Up-to-date symlink: /home/fiend/voice_grab/ros2_ws/install/ur_description/share/ur_description/meshes/ur5e/visual/wrist2.dae
[0.791s] -- Up-to-date symlink: /home/fiend/voice_grab/ros2_ws/install/ur_description/share/ur_description/meshes/ur5e/visual/wrist3.dae
[0.792s] [31mCMake Error at ament_cmake_symlink_install/ament_cmake_symlink_install.cmake:100 (message):
[0.792s]   ament_cmake_symlink_install_directory() can't find
[0.792s]   '/home/fiend/voice_grab/ros2_ws/src/ur_description/rviz'
[0.792s] Call Stack (most recent call first):
[0.792s]   ament_cmake_symlink_install/ament_cmake_symlink_install.cmake:314 (ament_cmake_symlink_install_directory)
[0.793s]   cmake_install.cmake:46 (include)
[0.793s] 
[0.793s] [0m
[0.841s] Invoked command in '/home/fiend/voice_grab/ros2_ws/build/ur_description' returned '1': CMAKE_PREFIX_PATH=/home/fiend/voice_grab/ros2_ws/install/robotiq_moveit_config:/home/fiend/Navigation_Bot/dev_ws/install/navigation_bot:/home/fiend/ws_moveit/install/pilz_industrial_motion_planner_testutils:/home/fiend/ws_moveit/install/moveit_runtime:/home/fiend/ws_moveit/install/moveit2_tutorials:/home/fiend/ws_moveit/install/moveit:/home/fiend/ws_moveit/install/moveit_planners:/home/fiend/ws_moveit/install/pilz_industrial_motion_planner:/home/fiend/ws_moveit/install/mtc_tutorial:/home/fiend/ws_moveit/install/hello_moveit:/home/fiend/ws_moveit/install/moveit_visual_tools:/home/fiend/ws_moveit/install/moveit_task_constructor_visualization:/home/fiend/ws_moveit/install/moveit_task_constructor_demo:/home/fiend/ws_moveit/install/moveit_task_constructor_capabilities:/home/fiend/ws_moveit/install/moveit_task_constructor_core:/home/fiend/ws_moveit/install/moveit_ros_control_interface:/home/fiend/ws_moveit/install/moveit_plugins:/home/fiend/ws_moveit/install/moveit_simple_controller_manager:/home/fiend/ws_moveit/install/moveit_setup_assistant:/home/fiend/ws_moveit/install/moveit_setup_srdf_plugins:/home/fiend/ws_moveit/install/moveit_setup_core_plugins:/home/fiend/ws_moveit/install/moveit_setup_controllers:/home/fiend/ws_moveit/install/moveit_setup_app_plugins:/home/fiend/ws_moveit/install/moveit_setup_framework:/home/fiend/ws_moveit/install/moveit_servo:/home/fiend/ws_moveit/install/moveit_ros:/home/fiend/ws_moveit/install/moveit_ros_visualization:/home/fiend/ws_moveit/install/moveit_hybrid_planning:/home/fiend/ws_moveit/install/moveit_ros_planning_interface:/home/fiend/ws_moveit/install/moveit_ros_benchmarks:/home/fiend/ws_moveit/install/moveit_ros_warehouse:/home/fiend/ws_moveit/install/moveit_ros_robot_interaction:/home/fiend/ws_moveit/install/moveit_ros_perception:/home/fiend/ws_moveit/install/moveit_resources_prbt_pg70_support:/home/fiend/ws_moveit/install/moveit_resources_prbt_moveit_config:/home/fiend/ws_moveit/install/moveit_ros_move_group:/home/fiend/ws_moveit/install/moveit_planners_ompl:/home/fiend/ws_moveit/install/moveit_ros_planning:/home/fiend/ws_moveit/install/moveit_ros_occupancy_map_monitor:/home/fiend/ws_moveit/install/moveit_resources_prbt_ikfast_manipulator_plugin:/home/fiend/ws_moveit/install/moveit_planners_chomp:/home/fiend/ws_moveit/install/moveit_kinematics:/home/fiend/ws_moveit/install/moveit_chomp_optimizer_adapter:/home/fiend/ws_moveit/install/chomp_motion_planner:/home/fiend/ws_moveit/install/moveit_core:/home/fiend/ws_moveit/install/srdfdom:/home/fiend/ws_moveit/install/rviz_marker_tools:/home/fiend/ws_moveit/install/rosparam_shortcuts:/home/fiend/ws_moveit/install/moveit_task_constructor_msgs:/home/fiend/ws_moveit/install/moveit_resources_prbt_support:/home/fiend/ws_moveit/install/moveit_resources:/home/fiend/ws_moveit/install/moveit_resources_pr2_description:/home/fiend/ws_moveit/install/moveit_resources_panda_moveit_config:/home/fiend/ws_moveit/install/moveit_resources_panda_description:/home/fiend/ws_moveit/install/moveit_resources_fanuc_moveit_config:/home/fiend/ws_moveit/install/moveit_resources_fanuc_description:/home/fiend/ws_moveit/install/moveit_common:/home/fiend/voice_grab/ros2_ws/install/voice_grabber:/home/fiend/voice_grab/ros2_ws/install/ur_moveit_config:/home/fiend/voice_grab/ros2_ws/install/ur_description:/home/fiend/voice_grab/ros2_ws/install/robotiq_2f_85_gripper_visualization:/home/fiend/voice_grab/ros2_ws/install/robotiq_2f_140_gripper_visualization:/home/fiend/voice_grab/ros2_ws/install/octomap_mapping:/home/fiend/voice_grab/ros2_ws/install/octomap_server:/home/fiend/voice_grab/ros2_ws/install/octomap_ros:/home/fiend/voice_grab/ros2_ws/install/octomap:/home/fiend/gazebo_ros2_control/install/gazebo_ros2_control_demos:/home/fiend/gazebo_ros2_control/install/gazebo_ros2_control:/home/fiend/ws_moveit/install/moveit_configs_utils:/home/fiend/ws_moveit/install/launch_param_builder:/opt/ros/humble:/home/fiend/LineFollowingRobot/ros_ws/install/prius_msgs:/home/fiend/LineFollowingRobot/ros_ws/install/line_bhakt:/home/fiend/LineFollowingRobot/ros_ws/install/launches:/home/fiend/LineFollowingRobot/ros_ws/install/autocar_nav:/home/fiend/LineFollowingRobot/ros_ws/install/autocar_msgs:/home/fiend/LineFollowingRobot/ros_ws/install/autocar_map:/home/fiend/LineFollowingRobot/ros_ws/install/autocar_gazebo:/home/fiend/LineFollowingRobot/ros_ws/install/autocar_description:/home/fiend/ROS/practice_codes_ROS2/articubot_one/install/articubot_one:/home/fiend/octomap_mapping/install/octomap_mapping:/home/fiend/octomap_mapping/install/octomap_server PS1=
\[[38;5;156m\]\[[0m\]\[[38;5;166m\]ros2_ws\[[0m\]\[[38;5;166m\]\[[0m\] on \[[38;5;162m\] \[[0m\]\[[38;5;162m\]master\[[0m\] underwent \[[36m\]13s\[[0m\]
\[[1;38;5;166m\]➜\[[0m\] /usr/bin/cmake --install /home/fiend/voice_grab/ros2_ws/build/ur_description
