[0.008s] Invoking command in '/home/fiend/voice_grab/ros2_ws/build/zed_components': AMENT_PREFIX_PATH=/home/fiend/voice_grab/ros2_ws/install/zed_interfaces:${AMENT_PREFIX_PATH} CMAKE_PREFIX_PATH=/home/fiend/voice_grab/ros2_ws/install/zed_interfaces:/home/fiend/Navigation_Bot/dev_ws/install/navigation_bot:/home/fiend/voice_grab/ros2_ws/install/voice_grabber:/home/fiend/voice_grab/ros2_ws/install/ur_robotiq:/home/fiend/voice_grab/ros2_ws/install/ur_robotiq_description:/home/fiend/LineFollowingRobot/ros_ws/install/line_bhakt:/home/fiend/ROS/practice_codes_ROS2/articubot_one/install/articubot_one:/opt/ros/humble LD_LIBRARY_PATH=/home/fiend/voice_grab/ros2_ws/install/zed_interfaces/lib:${LD_LIBRARY_PATH} PS1=
\[[38;5;156m\]\[[0m\]\[[38;5;166m\]ros2_ws\[[0m\]\[[38;5;166m\]\[[0m\] on \[[38;5;162m\] \[[0m\]\[[38;5;162m\]master\[[0m\] underwent \[[36m\]1s\[[0m\]
\[[1;38;5;166m\]➜\[[0m\] PYTHONPATH=/home/fiend/voice_grab/ros2_ws/install/zed_interfaces/local/lib/python3.10/dist-packages:${PYTHONPATH} /usr/bin/cmake /home/fiend/voice_grab/ros2_ws/src/zed-ros2-wrapper/zed_components -DCMAKE_BUILD_TYPE=Release -DAMENT_CMAKE_SYMLINK_INSTALL=1 -DCMAKE_INSTALL_PREFIX=/home/fiend/voice_grab/ros2_ws/install/zed_components
[0.051s] -- The C compiler identification is GNU 11.4.0
[0.094s] -- The CXX compiler identification is GNU 11.4.0
[0.100s] -- Detecting C compiler ABI info
[0.152s] -- Detecting C compiler ABI info - done
[0.159s] -- Check for working C compiler: /usr/bin/cc - skipped
[0.159s] -- Detecting C compile features
[0.159s] -- Detecting C compile features - done
[0.162s] -- Detecting CXX compiler ABI info
[0.223s] -- Detecting CXX compiler ABI info - done
[0.230s] -- Check for working CXX compiler: /usr/bin/c++ - skipped
[0.230s] -- Detecting CXX compile features
[0.230s] -- Detecting CXX compile features - done
[0.242s] [31mCMake Error at CMakeLists.txt:81 (find_package):
[0.242s]   By not providing "FindZED.cmake" in CMAKE_MODULE_PATH this project has
[0.242s]   asked CMake to find a package configuration file provided by "ZED", but
[0.242s]   CMake did not find one.
[0.242s] 
[0.242s]   Could not find a package configuration file provided by "ZED" (requested
[0.242s]   version 4) with any of the following names:
[0.242s] 
[0.242s]     ZEDConfig.cmake
[0.242s]     zed-config.cmake
[0.242s] 
[0.242s]   Add the installation prefix of "ZED" to CMAKE_PREFIX_PATH or set "ZED_DIR"
[0.242s]   to a directory containing one of the above files.  If "ZED" provides a
[0.242s]   separate development package or SDK, be sure it has been installed.
[0.242s] 
[0.243s] [0m
[0.243s] -- Configuring incomplete, errors occurred!
[0.243s] See also "/home/fiend/voice_grab/ros2_ws/build/zed_components/CMakeFiles/CMakeOutput.log".
[0.245s] Invoked command in '/home/fiend/voice_grab/ros2_ws/build/zed_components' returned '1': AMENT_PREFIX_PATH=/home/fiend/voice_grab/ros2_ws/install/zed_interfaces:${AMENT_PREFIX_PATH} CMAKE_PREFIX_PATH=/home/fiend/voice_grab/ros2_ws/install/zed_interfaces:/home/fiend/Navigation_Bot/dev_ws/install/navigation_bot:/home/fiend/voice_grab/ros2_ws/install/voice_grabber:/home/fiend/voice_grab/ros2_ws/install/ur_robotiq:/home/fiend/voice_grab/ros2_ws/install/ur_robotiq_description:/home/fiend/LineFollowingRobot/ros_ws/install/line_bhakt:/home/fiend/ROS/practice_codes_ROS2/articubot_one/install/articubot_one:/opt/ros/humble LD_LIBRARY_PATH=/home/fiend/voice_grab/ros2_ws/install/zed_interfaces/lib:${LD_LIBRARY_PATH} PS1=
\[[38;5;156m\]\[[0m\]\[[38;5;166m\]ros2_ws\[[0m\]\[[38;5;166m\]\[[0m\] on \[[38;5;162m\] \[[0m\]\[[38;5;162m\]master\[[0m\] underwent \[[36m\]1s\[[0m\]
\[[1;38;5;166m\]➜\[[0m\] PYTHONPATH=/home/fiend/voice_grab/ros2_ws/install/zed_interfaces/local/lib/python3.10/dist-packages:${PYTHONPATH} /usr/bin/cmake /home/fiend/voice_grab/ros2_ws/src/zed-ros2-wrapper/zed_components -DCMAKE_BUILD_TYPE=Release -DAMENT_CMAKE_SYMLINK_INSTALL=1 -DCMAKE_INSTALL_PREFIX=/home/fiend/voice_grab/ros2_ws/install/zed_components
