[0.038s] Invoking command in '/home/fiend/voice_grab/ros2_ws/build/octomap_server': AMENT_PREFIX_PATH=/home/fiend/voice_grab/ros2_ws/install/octomap_ros:${AMENT_PREFIX_PATH} CMAKE_PREFIX_PATH=/home/fiend/voice_grab/ros2_ws/install/octomap_ros:/home/fiend/Navigation_Bot/dev_ws/install/navigation_bot:/home/fiend/ws_moveit/install/pilz_industrial_motion_planner_testutils:/home/fiend/ws_moveit/install/moveit_runtime:/home/fiend/ws_moveit/install/moveit2_tutorials:/home/fiend/ws_moveit/install/moveit:/home/fiend/ws_moveit/install/moveit_planners:/home/fiend/ws_moveit/install/pilz_industrial_motion_planner:/home/fiend/ws_moveit/install/mtc_tutorial:/home/fiend/ws_moveit/install/hello_moveit:/home/fiend/ws_moveit/install/moveit_visual_tools:/home/fiend/ws_moveit/install/moveit_task_constructor_visualization:/home/fiend/ws_moveit/install/moveit_task_constructor_demo:/home/fiend/ws_moveit/install/moveit_task_constructor_capabilities:/home/fiend/ws_moveit/install/moveit_task_constructor_core:/home/fiend/ws_moveit/install/moveit_ros_control_interface:/home/fiend/ws_moveit/install/moveit_plugins:/home/fiend/ws_moveit/install/moveit_simple_controller_manager:/home/fiend/ws_moveit/install/moveit_setup_assistant:/home/fiend/ws_moveit/install/moveit_setup_srdf_plugins:/home/fiend/ws_moveit/install/moveit_setup_core_plugins:/home/fiend/ws_moveit/install/moveit_setup_controllers:/home/fiend/ws_moveit/install/moveit_setup_app_plugins:/home/fiend/ws_moveit/install/moveit_setup_framework:/home/fiend/ws_moveit/install/moveit_servo:/home/fiend/ws_moveit/install/moveit_ros:/home/fiend/ws_moveit/install/moveit_ros_visualization:/home/fiend/ws_moveit/install/moveit_hybrid_planning:/home/fiend/ws_moveit/install/moveit_ros_planning_interface:/home/fiend/ws_moveit/install/moveit_ros_benchmarks:/home/fiend/ws_moveit/install/moveit_ros_warehouse:/home/fiend/ws_moveit/install/moveit_ros_robot_interaction:/home/fiend/ws_moveit/install/moveit_ros_perception:/home/fiend/ws_moveit/install/moveit_resources_prbt_pg70_support:/home/fiend/ws_moveit/install/moveit_resources_prbt_moveit_config:/home/fiend/ws_moveit/install/moveit_ros_move_group:/home/fiend/ws_moveit/install/moveit_planners_ompl:/home/fiend/ws_moveit/install/moveit_ros_planning:/home/fiend/ws_moveit/install/moveit_ros_occupancy_map_monitor:/home/fiend/ws_moveit/install/moveit_resources_prbt_ikfast_manipulator_plugin:/home/fiend/ws_moveit/install/moveit_planners_chomp:/home/fiend/ws_moveit/install/moveit_kinematics:/home/fiend/ws_moveit/install/moveit_chomp_optimizer_adapter:/home/fiend/ws_moveit/install/chomp_motion_planner:/home/fiend/ws_moveit/install/moveit_core:/home/fiend/ws_moveit/install/srdfdom:/home/fiend/ws_moveit/install/rviz_marker_tools:/home/fiend/ws_moveit/install/rosparam_shortcuts:/home/fiend/ws_moveit/install/moveit_task_constructor_msgs:/home/fiend/ws_moveit/install/moveit_resources_prbt_support:/home/fiend/ws_moveit/install/moveit_resources:/home/fiend/ws_moveit/install/moveit_resources_pr2_description:/home/fiend/ws_moveit/install/moveit_resources_panda_moveit_config:/home/fiend/ws_moveit/install/moveit_resources_panda_description:/home/fiend/ws_moveit/install/moveit_resources_fanuc_moveit_config:/home/fiend/ws_moveit/install/moveit_resources_fanuc_description:/home/fiend/ws_moveit/install/moveit_common:/home/fiend/gazebo_ros2_control/install/gazebo_ros2_control_demos:/home/fiend/gazebo_ros2_control/install/gazebo_ros2_control:/home/fiend/ws_moveit/install/moveit_configs_utils:/home/fiend/ws_moveit/install/launch_param_builder:/opt/ros/humble:/home/fiend/LineFollowingRobot/ros_ws/install/prius_msgs:/home/fiend/LineFollowingRobot/ros_ws/install/line_bhakt:/home/fiend/LineFollowingRobot/ros_ws/install/launches:/home/fiend/LineFollowingRobot/ros_ws/install/autocar_nav:/home/fiend/LineFollowingRobot/ros_ws/install/autocar_msgs:/home/fiend/LineFollowingRobot/ros_ws/install/autocar_map:/home/fiend/LineFollowingRobot/ros_ws/install/autocar_gazebo:/home/fiend/LineFollowingRobot/ros_ws/install/autocar_description:/home/fiend/ROS/practice_codes_ROS2/articubot_one/install/articubot_one:/home/fiend/octomap_mapping/install/octomap_mapping:/home/fiend/octomap_mapping/install/octomap_server LD_LIBRARY_PATH=/home/fiend/voice_grab/ros2_ws/install/octomap_ros/lib:/home/fiend/ws_moveit/install/pilz_industrial_motion_planner_testutils/lib:/home/fiend/ws_moveit/install/pilz_industrial_motion_planner/lib:/home/fiend/ws_moveit/install/moveit_visual_tools/lib:/home/fiend/ws_moveit/install/moveit_task_constructor_visualization/lib:/home/fiend/ws_moveit/install/moveit_task_constructor_demo/lib:/home/fiend/ws_moveit/install/moveit_task_constructor_capabilities/lib:/home/fiend/ws_moveit/install/moveit_task_constructor_core/lib:/home/fiend/ws_moveit/install/moveit_ros_control_interface/lib:/home/fiend/ws_moveit/install/moveit_simple_controller_manager/lib:/home/fiend/ws_moveit/install/moveit_setup_assistant/lib:/home/fiend/ws_moveit/install/moveit_setup_srdf_plugins/lib:/home/fiend/ws_moveit/install/moveit_setup_core_plugins/lib:/home/fiend/ws_moveit/install/moveit_setup_controllers/lib:/home/fiend/ws_moveit/install/moveit_setup_app_plugins/lib:/home/fiend/ws_moveit/install/moveit_setup_framework/lib:/home/fiend/ws_moveit/install/moveit_servo/lib:/home/fiend/ws_moveit/install/moveit_ros_visualization/lib:/home/fiend/ws_moveit/install/moveit_hybrid_planning/lib:/home/fiend/ws_moveit/install/moveit_ros_planning_interface/lib:/home/fiend/ws_moveit/install/moveit_ros_benchmarks/lib:/home/fiend/ws_moveit/install/moveit_ros_warehouse/lib:/home/fiend/ws_moveit/install/moveit_ros_robot_interaction/lib:/home/fiend/ws_moveit/install/moveit_ros_perception/lib:/home/fiend/ws_moveit/install/moveit_ros_move_group/lib:/home/fiend/ws_moveit/install/moveit_planners_ompl/lib:/home/fiend/ws_moveit/install/moveit_ros_planning/lib:/home/fiend/ws_moveit/install/moveit_ros_occupancy_map_monitor/lib:/home/fiend/ws_moveit/install/moveit_resources_prbt_ikfast_manipulator_plugin/lib:/home/fiend/ws_moveit/install/moveit_planners_chomp/lib:/home/fiend/ws_moveit/install/moveit_kinematics/lib:/home/fiend/ws_moveit/install/moveit_chomp_optimizer_adapter/lib:/home/fiend/ws_moveit/install/chomp_motion_planner/lib:/home/fiend/ws_moveit/install/moveit_core/lib:/home/fiend/ws_moveit/install/srdfdom/lib:/home/fiend/ws_moveit/install/rviz_marker_tools/lib:/home/fiend/ws_moveit/install/rosparam_shortcuts/lib:/home/fiend/ws_moveit/install/moveit_task_constructor_msgs/lib:/home/fiend/gazebo_ros2_control/install/gazebo_ros2_control/lib:/home/fiend/LineFollowingRobot/ros_ws/install/prius_msgs/lib:/home/fiend/LineFollowingRobot/ros_ws/install/autocar_msgs/lib:/home/fiend/octomap_mapping/install/octomap_server/lib:/usr/lib/x86_64-linux-gnu/gazebo-11/plugins:/opt/ros/humble/opt/rviz_ogre_vendor/lib:/opt/ros/humble/lib/x86_64-linux-gnu:/opt/ros/humble/lib:/usr/lib/x86_64-linux-gnu/gazebo-11/plugins PS1=
\[[38;5;156m\]\[[0m\]\[[38;5;166m\]ros2_ws\[[0m\]\[[38;5;166m\]\[[0m\] on \[[38;5;162m\] \[[0m\]\[[38;5;162m\]master\[[0m\] underwent \[[36m\]1m3s\[[0m\]
\[[1;38;5;166m\]➜\[[0m\] /usr/bin/cmake /home/fiend/voice_grab/ros2_ws/src/octomap_mapping/octomap_server -DAMENT_CMAKE_SYMLINK_INSTALL=1 -DCMAKE_INSTALL_PREFIX=/home/fiend/voice_grab/ros2_ws/install/octomap_server
[0.175s] -- The C compiler identification is GNU 11.4.0
[0.315s] -- The CXX compiler identification is GNU 11.4.0
[0.337s] -- Detecting C compiler ABI info
[0.519s] -- Detecting C compiler ABI info - done
[0.551s] -- Check for working C compiler: /usr/bin/cc - skipped
[0.551s] -- Detecting C compile features
[0.553s] -- Detecting C compile features - done
[0.563s] -- Detecting CXX compiler ABI info
[0.758s] -- Detecting CXX compiler ABI info - done
[0.789s] -- Check for working CXX compiler: /usr/bin/c++ - skipped
[0.790s] -- Detecting CXX compile features
[0.792s] -- Detecting CXX compile features - done
[0.852s] -- Checking for module 'eigen3'
[0.901s] --   Found eigen3, version 3.4.0
[1.003s] -- Found Eigen: /usr/include/eigen3 (Required is at least version "3.1") 
[1.004s] -- Eigen found (include: /usr/include/eigen3, version: 3.4.0)
[1.140s] -- Found Boost: /usr/lib/x86_64-linux-gnu/cmake/Boost-1.74.0/BoostConfig.cmake (found suitable version "1.74.0", minimum required is "1.65.0") found components: system filesystem date_time iostreams serialization 
[1.189s] -- Checking for module 'flann'
[1.228s] --   Found flann, version 1.9.1
[1.373s] -- Found FLANN: /usr/lib/x86_64-linux-gnu/libflann_cpp.so  
[1.373s] -- FLANN found (include: /usr/include, lib: /usr/lib/x86_64-linux-gnu/libflann_cpp.so)
[1.456s] -- Looking for pthread.h
[1.630s] -- Looking for pthread.h - found
[1.631s] -- Performing Test CMAKE_HAVE_LIBC_PTHREAD
[1.811s] -- Performing Test CMAKE_HAVE_LIBC_PTHREAD - Success
[1.814s] -- Found Threads: TRUE  
[1.821s] -- Found GLEW: /usr/lib/x86_64-linux-gnu/libGLEW.so  
[1.843s] -- Found OpenGL: /usr/lib/x86_64-linux-gnu/libOpenGL.so  found components: OpenGL GLX 
[2.179s] -- Found MPI_C: /usr/lib/x86_64-linux-gnu/libmpi.so (found version "3.1") 
[2.180s] -- Found MPI: TRUE (found version "3.1") found components: C 
[2.186s] -- Found JsonCpp: /usr/lib/x86_64-linux-gnu/libjsoncpp.so (found suitable version "1.9.5", minimum required is "0.7.0") 
[2.214s] -- Found ZLIB: /usr/lib/x86_64-linux-gnu/libz.so (found version "1.2.11") 
[2.262s] -- Found PNG: /usr/lib/x86_64-linux-gnu/libpng.so (found version "1.6.37") 
[2.298s] -- Found Eigen3: /usr/include/eigen3 (found version "3.4.0") 
[2.587s] -- Found X11: /usr/include   
[2.588s] -- Looking for XOpenDisplay in /usr/lib/x86_64-linux-gnu/libX11.so;/usr/lib/x86_64-linux-gnu/libXext.so
[2.766s] -- Looking for XOpenDisplay in /usr/lib/x86_64-linux-gnu/libX11.so;/usr/lib/x86_64-linux-gnu/libXext.so - found
[2.766s] -- Looking for gethostbyname
[2.931s] -- Looking for gethostbyname - found
[2.931s] -- Looking for connect
[3.105s] -- Looking for connect - found
[3.105s] -- Looking for remove
[3.266s] -- Looking for remove - found
[3.266s] -- Looking for shmat
[3.432s] -- Looking for shmat - found
[3.432s] -- Looking for IceConnectionNumber in ICE
[3.599s] -- Looking for IceConnectionNumber in ICE - found
[3.816s] -- Found EXPAT: /usr/lib/x86_64-linux-gnu/libexpat.so (found version "2.4.7") 
[3.821s] -- Found double-conversion: /usr/lib/x86_64-linux-gnu/libdouble-conversion.so  
[3.828s] -- Found LZ4: /usr/lib/x86_64-linux-gnu/liblz4.so (found version "1.9.3") 
[3.832s] -- Found LZMA: /usr/lib/x86_64-linux-gnu/liblzma.so (found version "5.2.5") 
[3.871s] -- Found JPEG: /usr/lib/x86_64-linux-gnu/libjpeg.so (found version "80") 
[3.888s] -- Found TIFF: /usr/lib/x86_64-linux-gnu/libtiff.so (found version "4.3.0")  
[3.899s] -- Found Freetype: /usr/lib/x86_64-linux-gnu/libfreetype.so (found version "2.11.1") 
[3.912s] -- Found utf8cpp: /usr/include/utf8cpp  
[4.129s] -- Checking for module 'libusb-1.0'
[4.171s] --   Found libusb-1.0, version 1.0.25
[4.269s] -- Found libusb: /usr/lib/x86_64-linux-gnu/libusb-1.0.so  
[4.271s] -- Found OpenNI: /usr/lib/libOpenNI.so;libusb::libusb (found version "1.5.4.0") 
[4.271s] -- OpenNI found (version: 1.5.4.0, include: /usr/include/ni, lib: /usr/lib/libOpenNI.so;libusb::libusb)
[4.428s] -- Found OpenNI2: /usr/lib/x86_64-linux-gnu/libOpenNI2.so;libusb::libusb (found version "2.2.0.33") 
[4.428s] -- OpenNI2 found (version: 2.2.0.33, include: /usr/include/openni2, lib: /usr/lib/x86_64-linux-gnu/libOpenNI2.so;libusb::libusb)
[4.428s] [0m** WARNING ** io features related to pcap will be disabled[0m
[4.796s] -- Eigen found (include: /usr/include/eigen3, version: 3.4.0)
[4.810s] -- OpenNI found (version: 1.5.4.0, include: /usr/include/ni, lib: /usr/lib/libOpenNI.so;libusb::libusb)
[4.824s] -- OpenNI2 found (version: 2.2.0.33, include: /usr/include/openni2, lib: /usr/lib/x86_64-linux-gnu/libOpenNI2.so;libusb::libusb)
[5.189s] -- Found Qhull version 8.0.2
[5.548s] -- OpenNI found (version: 1.5.4.0, include: /usr/include/ni, lib: /usr/lib/libOpenNI.so;libusb::libusb)
[5.908s] -- looking for PCL_COMMON
[5.910s] -- Found PCL_COMMON: /usr/lib/x86_64-linux-gnu/libpcl_common.so  
[5.910s] -- looking for PCL_KDTREE
[5.912s] -- Found PCL_KDTREE: /usr/lib/x86_64-linux-gnu/libpcl_kdtree.so  
[5.912s] -- looking for PCL_OCTREE
[5.914s] -- Found PCL_OCTREE: /usr/lib/x86_64-linux-gnu/libpcl_octree.so  
[5.914s] -- looking for PCL_SEARCH
[5.916s] -- Found PCL_SEARCH: /usr/lib/x86_64-linux-gnu/libpcl_search.so  
[5.917s] -- looking for PCL_SAMPLE_CONSENSUS
[5.918s] -- Found PCL_SAMPLE_CONSENSUS: /usr/lib/x86_64-linux-gnu/libpcl_sample_consensus.so  
[5.919s] -- looking for PCL_FILTERS
[5.921s] -- Found PCL_FILTERS: /usr/lib/x86_64-linux-gnu/libpcl_filters.so  
[5.921s] -- looking for PCL_2D
[5.922s] -- Found PCL_2D: /usr/include/pcl-1.12  
[5.922s] -- looking for PCL_GEOMETRY
[5.923s] -- Found PCL_GEOMETRY: /usr/include/pcl-1.12  
[5.923s] -- looking for PCL_IO
[5.925s] -- Found PCL_IO: /usr/lib/x86_64-linux-gnu/libpcl_io.so  
[5.925s] -- looking for PCL_FEATURES
[5.927s] -- Found PCL_FEATURES: /usr/lib/x86_64-linux-gnu/libpcl_features.so  
[5.927s] -- looking for PCL_ML
[5.929s] -- Found PCL_ML: /usr/lib/x86_64-linux-gnu/libpcl_ml.so  
[5.930s] -- looking for PCL_SEGMENTATION
[5.931s] -- Found PCL_SEGMENTATION: /usr/lib/x86_64-linux-gnu/libpcl_segmentation.so  
[5.932s] -- looking for PCL_VISUALIZATION
[5.934s] -- Found PCL_VISUALIZATION: /usr/lib/x86_64-linux-gnu/libpcl_visualization.so  
[5.934s] -- looking for PCL_SURFACE
[5.936s] -- Found PCL_SURFACE: /usr/lib/x86_64-linux-gnu/libpcl_surface.so  
[5.936s] -- looking for PCL_REGISTRATION
[5.938s] -- Found PCL_REGISTRATION: /usr/lib/x86_64-linux-gnu/libpcl_registration.so  
[5.938s] -- looking for PCL_KEYPOINTS
[5.940s] -- Found PCL_KEYPOINTS: /usr/lib/x86_64-linux-gnu/libpcl_keypoints.so  
[5.941s] -- looking for PCL_TRACKING
[5.942s] -- Found PCL_TRACKING: /usr/lib/x86_64-linux-gnu/libpcl_tracking.so  
[5.943s] -- looking for PCL_RECOGNITION
[5.945s] -- Found PCL_RECOGNITION: /usr/lib/x86_64-linux-gnu/libpcl_recognition.so  
[5.945s] -- looking for PCL_STEREO
[5.947s] -- Found PCL_STEREO: /usr/lib/x86_64-linux-gnu/libpcl_stereo.so  
[5.947s] -- looking for PCL_APPS
[5.949s] -- Found PCL_APPS: /usr/lib/x86_64-linux-gnu/libpcl_apps.so  
[5.950s] -- looking for PCL_IN_HAND_SCANNER
[5.951s] -- Found PCL_IN_HAND_SCANNER: /usr/include/pcl-1.12  
[5.951s] -- looking for PCL_MODELER
[5.952s] -- Found PCL_MODELER: /usr/include/pcl-1.12  
[5.952s] -- looking for PCL_POINT_CLOUD_EDITOR
[5.953s] -- Found PCL_POINT_CLOUD_EDITOR: /usr/include/pcl-1.12  
[5.953s] -- looking for PCL_OUTOFCORE
[5.955s] -- Found PCL_OUTOFCORE: /usr/lib/x86_64-linux-gnu/libpcl_outofcore.so  
[5.955s] -- looking for PCL_PEOPLE
[5.957s] -- Found PCL_PEOPLE: /usr/lib/x86_64-linux-gnu/libpcl_people.so  
[5.959s] -- Found PCL: pcl_common;pcl_kdtree;pcl_octree;pcl_search;pcl_sample_consensus;pcl_filters;pcl_io;pcl_features;pcl_ml;pcl_segmentation;pcl_visualization;pcl_surface;pcl_registration;pcl_keypoints;pcl_tracking;pcl_recognition;pcl_stereo;pcl_apps;pcl_outofcore;pcl_people;Boost::system;Boost::filesystem;Boost::date_time;Boost::iostreams;Boost::serialization;/usr/lib/libOpenNI.so;libusb::libusb;/usr/lib/x86_64-linux-gnu/libOpenNI2.so;libusb::libusb;VTK::ChartsCore;VTK::CommonColor;VTK::CommonComputationalGeometry;VTK::CommonCore;VTK::CommonDataModel;VTK::CommonExecutionModel;VTK::CommonMath;VTK::CommonMisc;VTK::CommonTransforms;VTK::FiltersCore;VTK::FiltersExtraction;VTK::FiltersGeneral;VTK::FiltersGeometry;VTK::FiltersModeling;VTK::FiltersSources;VTK::ImagingCore;VTK::ImagingSources;VTK::InteractionImage;VTK::InteractionStyle;VTK::InteractionWidgets;VTK::IOCore;VTK::IOGeometry;VTK::IOImage;VTK::IOLegacy;VTK::IOPLY;VTK::RenderingAnnotation;VTK::RenderingCore;VTK::RenderingContext2D;VTK::RenderingLOD;VTK::RenderingFreeType;VTK::ViewsCore;VTK::ViewsContext2D;VTK::RenderingOpenGL2;VTK::GUISupportQt;FLANN::FLANN;QHULL::QHULL  
[5.981s] -- Found ament_cmake_auto: 1.3.9 (/opt/ros/humble/share/ament_cmake_auto/cmake)
[6.377s] -- Found Python3: /usr/bin/python3 (found version "3.10.12") found components: Interpreter 
[6.526s] -- Override CMake install command with custom implementation using symlinks instead of copying resources
[7.054s] -- Found rosidl_generator_c: 3.1.5 (/opt/ros/humble/share/rosidl_generator_c/cmake)
[7.084s] -- Found rosidl_adapter: 3.1.5 (/opt/ros/humble/share/rosidl_adapter/cmake)
[7.124s] -- Found rosidl_generator_cpp: 3.1.5 (/opt/ros/humble/share/rosidl_generator_cpp/cmake)
[7.180s] -- Using all available rosidl_typesupport_c: rosidl_typesupport_fastrtps_c;rosidl_typesupport_introspection_c
[7.261s] -- Using all available rosidl_typesupport_cpp: rosidl_typesupport_fastrtps_cpp;rosidl_typesupport_introspection_cpp
[7.912s] -- Found rmw_implementation_cmake: 6.1.2 (/opt/ros/humble/share/rmw_implementation_cmake/cmake)
[7.935s] -- Found rmw_fastrtps_cpp: 6.2.6 (/opt/ros/humble/share/rmw_fastrtps_cpp/cmake)
[8.275s] -- Found OpenSSL: /usr/lib/x86_64-linux-gnu/libcrypto.so (found version "3.0.2")  
[8.356s] -- Found FastRTPS: /opt/ros/humble/include  
[8.497s] -- Using RMW implementation 'rmw_fastrtps_cpp' as default
[10.271s] -- Found eigen3_cmake_module: 0.1.1 (/opt/ros/humble/share/eigen3_cmake_module/cmake)
[10.274s] -- Found Eigen3: TRUE (found version "3.4.0") 
[10.275s] -- Ensuring Eigen3 include directory is part of orocos-kdl CMake target
[14.009s] -- Found ament_lint_auto: 0.12.11 (/opt/ros/humble/share/ament_lint_auto/cmake)
[14.166s] -- Added test 'copyright' to check source files copyright and LICENSE
[14.171s] -- Added test 'cppcheck' to perform static code analysis on C / C++ code
[14.176s] -- Configured cppcheck include dirs: /home/fiend/voice_grab/ros2_ws/src/octomap_mapping/octomap_server/include
[14.176s] -- Configured cppcheck exclude dirs and/or files: 
[14.180s] -- Added test 'cpplint' to check C / C++ code against the Google style
[14.181s] -- Configured cpplint exclude dirs and/or files: 
[14.183s] -- Added test 'flake8' to check Python code syntax and style conventions
[14.186s] -- Added test 'lint_cmake' to check CMake code style
[14.189s] -- Added test 'pep257' to check Python code against some of the docstring style conventions in PEP 257
[14.194s] -- Added test 'uncrustify' to check C / C++ code style
[14.194s] -- Configured uncrustify additional arguments: 
[14.197s] -- Added test 'xmllint' to check XML markup files
[14.209s] -- Configuring done
[14.702s] -- Generating done
[14.709s] -- Build files have been written to: /home/fiend/voice_grab/ros2_ws/build/octomap_server
[14.745s] Invoked command in '/home/fiend/voice_grab/ros2_ws/build/octomap_server' returned '0': AMENT_PREFIX_PATH=/home/fiend/voice_grab/ros2_ws/install/octomap_ros:${AMENT_PREFIX_PATH} CMAKE_PREFIX_PATH=/home/fiend/voice_grab/ros2_ws/install/octomap_ros:/home/fiend/Navigation_Bot/dev_ws/install/navigation_bot:/home/fiend/ws_moveit/install/pilz_industrial_motion_planner_testutils:/home/fiend/ws_moveit/install/moveit_runtime:/home/fiend/ws_moveit/install/moveit2_tutorials:/home/fiend/ws_moveit/install/moveit:/home/fiend/ws_moveit/install/moveit_planners:/home/fiend/ws_moveit/install/pilz_industrial_motion_planner:/home/fiend/ws_moveit/install/mtc_tutorial:/home/fiend/ws_moveit/install/hello_moveit:/home/fiend/ws_moveit/install/moveit_visual_tools:/home/fiend/ws_moveit/install/moveit_task_constructor_visualization:/home/fiend/ws_moveit/install/moveit_task_constructor_demo:/home/fiend/ws_moveit/install/moveit_task_constructor_capabilities:/home/fiend/ws_moveit/install/moveit_task_constructor_core:/home/fiend/ws_moveit/install/moveit_ros_control_interface:/home/fiend/ws_moveit/install/moveit_plugins:/home/fiend/ws_moveit/install/moveit_simple_controller_manager:/home/fiend/ws_moveit/install/moveit_setup_assistant:/home/fiend/ws_moveit/install/moveit_setup_srdf_plugins:/home/fiend/ws_moveit/install/moveit_setup_core_plugins:/home/fiend/ws_moveit/install/moveit_setup_controllers:/home/fiend/ws_moveit/install/moveit_setup_app_plugins:/home/fiend/ws_moveit/install/moveit_setup_framework:/home/fiend/ws_moveit/install/moveit_servo:/home/fiend/ws_moveit/install/moveit_ros:/home/fiend/ws_moveit/install/moveit_ros_visualization:/home/fiend/ws_moveit/install/moveit_hybrid_planning:/home/fiend/ws_moveit/install/moveit_ros_planning_interface:/home/fiend/ws_moveit/install/moveit_ros_benchmarks:/home/fiend/ws_moveit/install/moveit_ros_warehouse:/home/fiend/ws_moveit/install/moveit_ros_robot_interaction:/home/fiend/ws_moveit/install/moveit_ros_perception:/home/fiend/ws_moveit/install/moveit_resources_prbt_pg70_support:/home/fiend/ws_moveit/install/moveit_resources_prbt_moveit_config:/home/fiend/ws_moveit/install/moveit_ros_move_group:/home/fiend/ws_moveit/install/moveit_planners_ompl:/home/fiend/ws_moveit/install/moveit_ros_planning:/home/fiend/ws_moveit/install/moveit_ros_occupancy_map_monitor:/home/fiend/ws_moveit/install/moveit_resources_prbt_ikfast_manipulator_plugin:/home/fiend/ws_moveit/install/moveit_planners_chomp:/home/fiend/ws_moveit/install/moveit_kinematics:/home/fiend/ws_moveit/install/moveit_chomp_optimizer_adapter:/home/fiend/ws_moveit/install/chomp_motion_planner:/home/fiend/ws_moveit/install/moveit_core:/home/fiend/ws_moveit/install/srdfdom:/home/fiend/ws_moveit/install/rviz_marker_tools:/home/fiend/ws_moveit/install/rosparam_shortcuts:/home/fiend/ws_moveit/install/moveit_task_constructor_msgs:/home/fiend/ws_moveit/install/moveit_resources_prbt_support:/home/fiend/ws_moveit/install/moveit_resources:/home/fiend/ws_moveit/install/moveit_resources_pr2_description:/home/fiend/ws_moveit/install/moveit_resources_panda_moveit_config:/home/fiend/ws_moveit/install/moveit_resources_panda_description:/home/fiend/ws_moveit/install/moveit_resources_fanuc_moveit_config:/home/fiend/ws_moveit/install/moveit_resources_fanuc_description:/home/fiend/ws_moveit/install/moveit_common:/home/fiend/gazebo_ros2_control/install/gazebo_ros2_control_demos:/home/fiend/gazebo_ros2_control/install/gazebo_ros2_control:/home/fiend/ws_moveit/install/moveit_configs_utils:/home/fiend/ws_moveit/install/launch_param_builder:/opt/ros/humble:/home/fiend/LineFollowingRobot/ros_ws/install/prius_msgs:/home/fiend/LineFollowingRobot/ros_ws/install/line_bhakt:/home/fiend/LineFollowingRobot/ros_ws/install/launches:/home/fiend/LineFollowingRobot/ros_ws/install/autocar_nav:/home/fiend/LineFollowingRobot/ros_ws/install/autocar_msgs:/home/fiend/LineFollowingRobot/ros_ws/install/autocar_map:/home/fiend/LineFollowingRobot/ros_ws/install/autocar_gazebo:/home/fiend/LineFollowingRobot/ros_ws/install/autocar_description:/home/fiend/ROS/practice_codes_ROS2/articubot_one/install/articubot_one:/home/fiend/octomap_mapping/install/octomap_mapping:/home/fiend/octomap_mapping/install/octomap_server LD_LIBRARY_PATH=/home/fiend/voice_grab/ros2_ws/install/octomap_ros/lib:/home/fiend/ws_moveit/install/pilz_industrial_motion_planner_testutils/lib:/home/fiend/ws_moveit/install/pilz_industrial_motion_planner/lib:/home/fiend/ws_moveit/install/moveit_visual_tools/lib:/home/fiend/ws_moveit/install/moveit_task_constructor_visualization/lib:/home/fiend/ws_moveit/install/moveit_task_constructor_demo/lib:/home/fiend/ws_moveit/install/moveit_task_constructor_capabilities/lib:/home/fiend/ws_moveit/install/moveit_task_constructor_core/lib:/home/fiend/ws_moveit/install/moveit_ros_control_interface/lib:/home/fiend/ws_moveit/install/moveit_simple_controller_manager/lib:/home/fiend/ws_moveit/install/moveit_setup_assistant/lib:/home/fiend/ws_moveit/install/moveit_setup_srdf_plugins/lib:/home/fiend/ws_moveit/install/moveit_setup_core_plugins/lib:/home/fiend/ws_moveit/install/moveit_setup_controllers/lib:/home/fiend/ws_moveit/install/moveit_setup_app_plugins/lib:/home/fiend/ws_moveit/install/moveit_setup_framework/lib:/home/fiend/ws_moveit/install/moveit_servo/lib:/home/fiend/ws_moveit/install/moveit_ros_visualization/lib:/home/fiend/ws_moveit/install/moveit_hybrid_planning/lib:/home/fiend/ws_moveit/install/moveit_ros_planning_interface/lib:/home/fiend/ws_moveit/install/moveit_ros_benchmarks/lib:/home/fiend/ws_moveit/install/moveit_ros_warehouse/lib:/home/fiend/ws_moveit/install/moveit_ros_robot_interaction/lib:/home/fiend/ws_moveit/install/moveit_ros_perception/lib:/home/fiend/ws_moveit/install/moveit_ros_move_group/lib:/home/fiend/ws_moveit/install/moveit_planners_ompl/lib:/home/fiend/ws_moveit/install/moveit_ros_planning/lib:/home/fiend/ws_moveit/install/moveit_ros_occupancy_map_monitor/lib:/home/fiend/ws_moveit/install/moveit_resources_prbt_ikfast_manipulator_plugin/lib:/home/fiend/ws_moveit/install/moveit_planners_chomp/lib:/home/fiend/ws_moveit/install/moveit_kinematics/lib:/home/fiend/ws_moveit/install/moveit_chomp_optimizer_adapter/lib:/home/fiend/ws_moveit/install/chomp_motion_planner/lib:/home/fiend/ws_moveit/install/moveit_core/lib:/home/fiend/ws_moveit/install/srdfdom/lib:/home/fiend/ws_moveit/install/rviz_marker_tools/lib:/home/fiend/ws_moveit/install/rosparam_shortcuts/lib:/home/fiend/ws_moveit/install/moveit_task_constructor_msgs/lib:/home/fiend/gazebo_ros2_control/install/gazebo_ros2_control/lib:/home/fiend/LineFollowingRobot/ros_ws/install/prius_msgs/lib:/home/fiend/LineFollowingRobot/ros_ws/install/autocar_msgs/lib:/home/fiend/octomap_mapping/install/octomap_server/lib:/usr/lib/x86_64-linux-gnu/gazebo-11/plugins:/opt/ros/humble/opt/rviz_ogre_vendor/lib:/opt/ros/humble/lib/x86_64-linux-gnu:/opt/ros/humble/lib:/usr/lib/x86_64-linux-gnu/gazebo-11/plugins PS1=
\[[38;5;156m\]\[[0m\]\[[38;5;166m\]ros2_ws\[[0m\]\[[38;5;166m\]\[[0m\] on \[[38;5;162m\] \[[0m\]\[[38;5;162m\]master\[[0m\] underwent \[[36m\]1m3s\[[0m\]
\[[1;38;5;166m\]➜\[[0m\] /usr/bin/cmake /home/fiend/voice_grab/ros2_ws/src/octomap_mapping/octomap_server -DAMENT_CMAKE_SYMLINK_INSTALL=1 -DCMAKE_INSTALL_PREFIX=/home/fiend/voice_grab/ros2_ws/install/octomap_server
[14.750s] Invoking command in '/home/fiend/voice_grab/ros2_ws/build/octomap_server': AMENT_PREFIX_PATH=/home/fiend/voice_grab/ros2_ws/install/octomap_ros:${AMENT_PREFIX_PATH} CMAKE_PREFIX_PATH=/home/fiend/voice_grab/ros2_ws/install/octomap_ros:/home/fiend/Navigation_Bot/dev_ws/install/navigation_bot:/home/fiend/ws_moveit/install/pilz_industrial_motion_planner_testutils:/home/fiend/ws_moveit/install/moveit_runtime:/home/fiend/ws_moveit/install/moveit2_tutorials:/home/fiend/ws_moveit/install/moveit:/home/fiend/ws_moveit/install/moveit_planners:/home/fiend/ws_moveit/install/pilz_industrial_motion_planner:/home/fiend/ws_moveit/install/mtc_tutorial:/home/fiend/ws_moveit/install/hello_moveit:/home/fiend/ws_moveit/install/moveit_visual_tools:/home/fiend/ws_moveit/install/moveit_task_constructor_visualization:/home/fiend/ws_moveit/install/moveit_task_constructor_demo:/home/fiend/ws_moveit/install/moveit_task_constructor_capabilities:/home/fiend/ws_moveit/install/moveit_task_constructor_core:/home/fiend/ws_moveit/install/moveit_ros_control_interface:/home/fiend/ws_moveit/install/moveit_plugins:/home/fiend/ws_moveit/install/moveit_simple_controller_manager:/home/fiend/ws_moveit/install/moveit_setup_assistant:/home/fiend/ws_moveit/install/moveit_setup_srdf_plugins:/home/fiend/ws_moveit/install/moveit_setup_core_plugins:/home/fiend/ws_moveit/install/moveit_setup_controllers:/home/fiend/ws_moveit/install/moveit_setup_app_plugins:/home/fiend/ws_moveit/install/moveit_setup_framework:/home/fiend/ws_moveit/install/moveit_servo:/home/fiend/ws_moveit/install/moveit_ros:/home/fiend/ws_moveit/install/moveit_ros_visualization:/home/fiend/ws_moveit/install/moveit_hybrid_planning:/home/fiend/ws_moveit/install/moveit_ros_planning_interface:/home/fiend/ws_moveit/install/moveit_ros_benchmarks:/home/fiend/ws_moveit/install/moveit_ros_warehouse:/home/fiend/ws_moveit/install/moveit_ros_robot_interaction:/home/fiend/ws_moveit/install/moveit_ros_perception:/home/fiend/ws_moveit/install/moveit_resources_prbt_pg70_support:/home/fiend/ws_moveit/install/moveit_resources_prbt_moveit_config:/home/fiend/ws_moveit/install/moveit_ros_move_group:/home/fiend/ws_moveit/install/moveit_planners_ompl:/home/fiend/ws_moveit/install/moveit_ros_planning:/home/fiend/ws_moveit/install/moveit_ros_occupancy_map_monitor:/home/fiend/ws_moveit/install/moveit_resources_prbt_ikfast_manipulator_plugin:/home/fiend/ws_moveit/install/moveit_planners_chomp:/home/fiend/ws_moveit/install/moveit_kinematics:/home/fiend/ws_moveit/install/moveit_chomp_optimizer_adapter:/home/fiend/ws_moveit/install/chomp_motion_planner:/home/fiend/ws_moveit/install/moveit_core:/home/fiend/ws_moveit/install/srdfdom:/home/fiend/ws_moveit/install/rviz_marker_tools:/home/fiend/ws_moveit/install/rosparam_shortcuts:/home/fiend/ws_moveit/install/moveit_task_constructor_msgs:/home/fiend/ws_moveit/install/moveit_resources_prbt_support:/home/fiend/ws_moveit/install/moveit_resources:/home/fiend/ws_moveit/install/moveit_resources_pr2_description:/home/fiend/ws_moveit/install/moveit_resources_panda_moveit_config:/home/fiend/ws_moveit/install/moveit_resources_panda_description:/home/fiend/ws_moveit/install/moveit_resources_fanuc_moveit_config:/home/fiend/ws_moveit/install/moveit_resources_fanuc_description:/home/fiend/ws_moveit/install/moveit_common:/home/fiend/gazebo_ros2_control/install/gazebo_ros2_control_demos:/home/fiend/gazebo_ros2_control/install/gazebo_ros2_control:/home/fiend/ws_moveit/install/moveit_configs_utils:/home/fiend/ws_moveit/install/launch_param_builder:/opt/ros/humble:/home/fiend/LineFollowingRobot/ros_ws/install/prius_msgs:/home/fiend/LineFollowingRobot/ros_ws/install/line_bhakt:/home/fiend/LineFollowingRobot/ros_ws/install/launches:/home/fiend/LineFollowingRobot/ros_ws/install/autocar_nav:/home/fiend/LineFollowingRobot/ros_ws/install/autocar_msgs:/home/fiend/LineFollowingRobot/ros_ws/install/autocar_map:/home/fiend/LineFollowingRobot/ros_ws/install/autocar_gazebo:/home/fiend/LineFollowingRobot/ros_ws/install/autocar_description:/home/fiend/ROS/practice_codes_ROS2/articubot_one/install/articubot_one:/home/fiend/octomap_mapping/install/octomap_mapping:/home/fiend/octomap_mapping/install/octomap_server LD_LIBRARY_PATH=/home/fiend/voice_grab/ros2_ws/install/octomap_ros/lib:/home/fiend/ws_moveit/install/pilz_industrial_motion_planner_testutils/lib:/home/fiend/ws_moveit/install/pilz_industrial_motion_planner/lib:/home/fiend/ws_moveit/install/moveit_visual_tools/lib:/home/fiend/ws_moveit/install/moveit_task_constructor_visualization/lib:/home/fiend/ws_moveit/install/moveit_task_constructor_demo/lib:/home/fiend/ws_moveit/install/moveit_task_constructor_capabilities/lib:/home/fiend/ws_moveit/install/moveit_task_constructor_core/lib:/home/fiend/ws_moveit/install/moveit_ros_control_interface/lib:/home/fiend/ws_moveit/install/moveit_simple_controller_manager/lib:/home/fiend/ws_moveit/install/moveit_setup_assistant/lib:/home/fiend/ws_moveit/install/moveit_setup_srdf_plugins/lib:/home/fiend/ws_moveit/install/moveit_setup_core_plugins/lib:/home/fiend/ws_moveit/install/moveit_setup_controllers/lib:/home/fiend/ws_moveit/install/moveit_setup_app_plugins/lib:/home/fiend/ws_moveit/install/moveit_setup_framework/lib:/home/fiend/ws_moveit/install/moveit_servo/lib:/home/fiend/ws_moveit/install/moveit_ros_visualization/lib:/home/fiend/ws_moveit/install/moveit_hybrid_planning/lib:/home/fiend/ws_moveit/install/moveit_ros_planning_interface/lib:/home/fiend/ws_moveit/install/moveit_ros_benchmarks/lib:/home/fiend/ws_moveit/install/moveit_ros_warehouse/lib:/home/fiend/ws_moveit/install/moveit_ros_robot_interaction/lib:/home/fiend/ws_moveit/install/moveit_ros_perception/lib:/home/fiend/ws_moveit/install/moveit_ros_move_group/lib:/home/fiend/ws_moveit/install/moveit_planners_ompl/lib:/home/fiend/ws_moveit/install/moveit_ros_planning/lib:/home/fiend/ws_moveit/install/moveit_ros_occupancy_map_monitor/lib:/home/fiend/ws_moveit/install/moveit_resources_prbt_ikfast_manipulator_plugin/lib:/home/fiend/ws_moveit/install/moveit_planners_chomp/lib:/home/fiend/ws_moveit/install/moveit_kinematics/lib:/home/fiend/ws_moveit/install/moveit_chomp_optimizer_adapter/lib:/home/fiend/ws_moveit/install/chomp_motion_planner/lib:/home/fiend/ws_moveit/install/moveit_core/lib:/home/fiend/ws_moveit/install/srdfdom/lib:/home/fiend/ws_moveit/install/rviz_marker_tools/lib:/home/fiend/ws_moveit/install/rosparam_shortcuts/lib:/home/fiend/ws_moveit/install/moveit_task_constructor_msgs/lib:/home/fiend/gazebo_ros2_control/install/gazebo_ros2_control/lib:/home/fiend/LineFollowingRobot/ros_ws/install/prius_msgs/lib:/home/fiend/LineFollowingRobot/ros_ws/install/autocar_msgs/lib:/home/fiend/octomap_mapping/install/octomap_server/lib:/usr/lib/x86_64-linux-gnu/gazebo-11/plugins:/opt/ros/humble/opt/rviz_ogre_vendor/lib:/opt/ros/humble/lib/x86_64-linux-gnu:/opt/ros/humble/lib:/usr/lib/x86_64-linux-gnu/gazebo-11/plugins PS1=
\[[38;5;156m\]\[[0m\]\[[38;5;166m\]ros2_ws\[[0m\]\[[38;5;166m\]\[[0m\] on \[[38;5;162m\] \[[0m\]\[[38;5;162m\]master\[[0m\] underwent \[[36m\]1m3s\[[0m\]
\[[1;38;5;166m\]➜\[[0m\] /usr/bin/cmake --build /home/fiend/voice_grab/ros2_ws/build/octomap_server -- -j8 -l8
[14.928s] [  7%] [32mBuilding CXX object CMakeFiles/octomap_server_multilayer_node.dir/rclcpp_components/node_main_octomap_server_multilayer_node.cpp.o[0m
[14.928s] [ 11%] [32mBuilding CXX object CMakeFiles/octomap_server_static_node.dir/rclcpp_components/node_main_octomap_server_static_node.cpp.o[0m
[14.929s] [ 11%] [32mBuilding CXX object CMakeFiles/octomap_saver_node.dir/rclcpp_components/node_main_octomap_saver_node.cpp.o[0m
[14.931s] [ 15%] [32mBuilding CXX object CMakeFiles/octomap_server_node.dir/rclcpp_components/node_main_octomap_server_node.cpp.o[0m
[14.939s] [ 19%] [32mBuilding CXX object CMakeFiles/octomap_server_static.dir/src/octomap_server_static.cpp.o[0m
[14.948s] [ 23%] [32mBuilding CXX object CMakeFiles/tracking_octomap_server_node.dir/rclcpp_components/node_main_tracking_octomap_server_node.cpp.o[0m
[14.951s] [ 26%] [32mBuilding CXX object CMakeFiles/color_octomap_server_node.dir/rclcpp_components/node_main_color_octomap_server_node.cpp.o[0m
[25.896s] [ 30%] [32m[1mLinking CXX executable octomap_server_multilayer_node[0m
[25.915s] [ 34%] [32m[1mLinking CXX executable color_octomap_server_node[0m
[25.922s] [ 38%] [32m[1mLinking CXX executable octomap_server_static_node[0m
[25.988s] [ 42%] [32m[1mLinking CXX executable octomap_server_node[0m
[26.005s] [ 46%] [32m[1mLinking CXX executable tracking_octomap_server_node[0m
[26.467s] [ 46%] Built target octomap_server_multilayer_node
[26.470s] [ 46%] Built target color_octomap_server_node
[26.503s] [ 46%] Built target octomap_server_static_node
[26.533s] [ 50%] [32m[1mLinking CXX executable octomap_saver_node[0m
[26.539s] [ 50%] Built target tracking_octomap_server_node
[26.550s] [ 50%] Built target octomap_server_node
[26.818s] [ 50%] Built target octomap_saver_node
[28.352s] [ 53%] [32m[1mLinking CXX shared library liboctomap_server_static.so[0m
[29.369s] [ 53%] Built target octomap_server_static
[29.428s] [ 57%] [32mBuilding CXX object CMakeFiles/octomap_server.dir/src/octomap_server.cpp.o[0m
[68.337s] [ 61%] [32m[1mLinking CXX shared library liboctomap_server.so[0m
[71.832s] [ 61%] Built target octomap_server
[71.893s] [ 65%] [32mBuilding CXX object CMakeFiles/octomap_server_multilayer.dir/src/octomap_server.cpp.o[0m
[71.894s] [ 69%] [32mBuilding CXX object CMakeFiles/octomap_server_multilayer.dir/src/octomap_server_multilayer.cpp.o[0m
[111.133s] [ 73%] [32m[1mLinking CXX shared library liboctomap_server_multilayer.so[0m
[115.443s] [ 73%] Built target octomap_server_multilayer
[115.502s] [ 80%] [32mBuilding CXX object CMakeFiles/tracking_octomap_server.dir/src/octomap_server.cpp.o[0m
[115.502s] [ 80%] [32mBuilding CXX object CMakeFiles/tracking_octomap_server.dir/src/tracking_octomap_server.cpp.o[0m
[154.997s] [ 84%] [32m[1mLinking CXX shared library libtracking_octomap_server.so[0m
[159.258s] [ 84%] Built target tracking_octomap_server
[159.316s] [ 88%] [32mBuilding CXX object CMakeFiles/color_octomap_server.dir/src/octomap_server.cpp.o[0m
[197.971s] [ 92%] [32m[1mLinking CXX shared library libcolor_octomap_server.so[0m
[201.817s] [ 92%] Built target color_octomap_server
[201.875s] [ 96%] [32mBuilding CXX object CMakeFiles/octomap_saver.dir/src/octomap_saver.cpp.o[0m
[210.104s] [100%] [32m[1mLinking CXX shared library liboctomap_saver.so[0m
[211.149s] [100%] Built target octomap_saver
[211.178s] Invoked command in '/home/fiend/voice_grab/ros2_ws/build/octomap_server' returned '0': AMENT_PREFIX_PATH=/home/fiend/voice_grab/ros2_ws/install/octomap_ros:${AMENT_PREFIX_PATH} CMAKE_PREFIX_PATH=/home/fiend/voice_grab/ros2_ws/install/octomap_ros:/home/fiend/Navigation_Bot/dev_ws/install/navigation_bot:/home/fiend/ws_moveit/install/pilz_industrial_motion_planner_testutils:/home/fiend/ws_moveit/install/moveit_runtime:/home/fiend/ws_moveit/install/moveit2_tutorials:/home/fiend/ws_moveit/install/moveit:/home/fiend/ws_moveit/install/moveit_planners:/home/fiend/ws_moveit/install/pilz_industrial_motion_planner:/home/fiend/ws_moveit/install/mtc_tutorial:/home/fiend/ws_moveit/install/hello_moveit:/home/fiend/ws_moveit/install/moveit_visual_tools:/home/fiend/ws_moveit/install/moveit_task_constructor_visualization:/home/fiend/ws_moveit/install/moveit_task_constructor_demo:/home/fiend/ws_moveit/install/moveit_task_constructor_capabilities:/home/fiend/ws_moveit/install/moveit_task_constructor_core:/home/fiend/ws_moveit/install/moveit_ros_control_interface:/home/fiend/ws_moveit/install/moveit_plugins:/home/fiend/ws_moveit/install/moveit_simple_controller_manager:/home/fiend/ws_moveit/install/moveit_setup_assistant:/home/fiend/ws_moveit/install/moveit_setup_srdf_plugins:/home/fiend/ws_moveit/install/moveit_setup_core_plugins:/home/fiend/ws_moveit/install/moveit_setup_controllers:/home/fiend/ws_moveit/install/moveit_setup_app_plugins:/home/fiend/ws_moveit/install/moveit_setup_framework:/home/fiend/ws_moveit/install/moveit_servo:/home/fiend/ws_moveit/install/moveit_ros:/home/fiend/ws_moveit/install/moveit_ros_visualization:/home/fiend/ws_moveit/install/moveit_hybrid_planning:/home/fiend/ws_moveit/install/moveit_ros_planning_interface:/home/fiend/ws_moveit/install/moveit_ros_benchmarks:/home/fiend/ws_moveit/install/moveit_ros_warehouse:/home/fiend/ws_moveit/install/moveit_ros_robot_interaction:/home/fiend/ws_moveit/install/moveit_ros_perception:/home/fiend/ws_moveit/install/moveit_resources_prbt_pg70_support:/home/fiend/ws_moveit/install/moveit_resources_prbt_moveit_config:/home/fiend/ws_moveit/install/moveit_ros_move_group:/home/fiend/ws_moveit/install/moveit_planners_ompl:/home/fiend/ws_moveit/install/moveit_ros_planning:/home/fiend/ws_moveit/install/moveit_ros_occupancy_map_monitor:/home/fiend/ws_moveit/install/moveit_resources_prbt_ikfast_manipulator_plugin:/home/fiend/ws_moveit/install/moveit_planners_chomp:/home/fiend/ws_moveit/install/moveit_kinematics:/home/fiend/ws_moveit/install/moveit_chomp_optimizer_adapter:/home/fiend/ws_moveit/install/chomp_motion_planner:/home/fiend/ws_moveit/install/moveit_core:/home/fiend/ws_moveit/install/srdfdom:/home/fiend/ws_moveit/install/rviz_marker_tools:/home/fiend/ws_moveit/install/rosparam_shortcuts:/home/fiend/ws_moveit/install/moveit_task_constructor_msgs:/home/fiend/ws_moveit/install/moveit_resources_prbt_support:/home/fiend/ws_moveit/install/moveit_resources:/home/fiend/ws_moveit/install/moveit_resources_pr2_description:/home/fiend/ws_moveit/install/moveit_resources_panda_moveit_config:/home/fiend/ws_moveit/install/moveit_resources_panda_description:/home/fiend/ws_moveit/install/moveit_resources_fanuc_moveit_config:/home/fiend/ws_moveit/install/moveit_resources_fanuc_description:/home/fiend/ws_moveit/install/moveit_common:/home/fiend/gazebo_ros2_control/install/gazebo_ros2_control_demos:/home/fiend/gazebo_ros2_control/install/gazebo_ros2_control:/home/fiend/ws_moveit/install/moveit_configs_utils:/home/fiend/ws_moveit/install/launch_param_builder:/opt/ros/humble:/home/fiend/LineFollowingRobot/ros_ws/install/prius_msgs:/home/fiend/LineFollowingRobot/ros_ws/install/line_bhakt:/home/fiend/LineFollowingRobot/ros_ws/install/launches:/home/fiend/LineFollowingRobot/ros_ws/install/autocar_nav:/home/fiend/LineFollowingRobot/ros_ws/install/autocar_msgs:/home/fiend/LineFollowingRobot/ros_ws/install/autocar_map:/home/fiend/LineFollowingRobot/ros_ws/install/autocar_gazebo:/home/fiend/LineFollowingRobot/ros_ws/install/autocar_description:/home/fiend/ROS/practice_codes_ROS2/articubot_one/install/articubot_one:/home/fiend/octomap_mapping/install/octomap_mapping:/home/fiend/octomap_mapping/install/octomap_server LD_LIBRARY_PATH=/home/fiend/voice_grab/ros2_ws/install/octomap_ros/lib:/home/fiend/ws_moveit/install/pilz_industrial_motion_planner_testutils/lib:/home/fiend/ws_moveit/install/pilz_industrial_motion_planner/lib:/home/fiend/ws_moveit/install/moveit_visual_tools/lib:/home/fiend/ws_moveit/install/moveit_task_constructor_visualization/lib:/home/fiend/ws_moveit/install/moveit_task_constructor_demo/lib:/home/fiend/ws_moveit/install/moveit_task_constructor_capabilities/lib:/home/fiend/ws_moveit/install/moveit_task_constructor_core/lib:/home/fiend/ws_moveit/install/moveit_ros_control_interface/lib:/home/fiend/ws_moveit/install/moveit_simple_controller_manager/lib:/home/fiend/ws_moveit/install/moveit_setup_assistant/lib:/home/fiend/ws_moveit/install/moveit_setup_srdf_plugins/lib:/home/fiend/ws_moveit/install/moveit_setup_core_plugins/lib:/home/fiend/ws_moveit/install/moveit_setup_controllers/lib:/home/fiend/ws_moveit/install/moveit_setup_app_plugins/lib:/home/fiend/ws_moveit/install/moveit_setup_framework/lib:/home/fiend/ws_moveit/install/moveit_servo/lib:/home/fiend/ws_moveit/install/moveit_ros_visualization/lib:/home/fiend/ws_moveit/install/moveit_hybrid_planning/lib:/home/fiend/ws_moveit/install/moveit_ros_planning_interface/lib:/home/fiend/ws_moveit/install/moveit_ros_benchmarks/lib:/home/fiend/ws_moveit/install/moveit_ros_warehouse/lib:/home/fiend/ws_moveit/install/moveit_ros_robot_interaction/lib:/home/fiend/ws_moveit/install/moveit_ros_perception/lib:/home/fiend/ws_moveit/install/moveit_ros_move_group/lib:/home/fiend/ws_moveit/install/moveit_planners_ompl/lib:/home/fiend/ws_moveit/install/moveit_ros_planning/lib:/home/fiend/ws_moveit/install/moveit_ros_occupancy_map_monitor/lib:/home/fiend/ws_moveit/install/moveit_resources_prbt_ikfast_manipulator_plugin/lib:/home/fiend/ws_moveit/install/moveit_planners_chomp/lib:/home/fiend/ws_moveit/install/moveit_kinematics/lib:/home/fiend/ws_moveit/install/moveit_chomp_optimizer_adapter/lib:/home/fiend/ws_moveit/install/chomp_motion_planner/lib:/home/fiend/ws_moveit/install/moveit_core/lib:/home/fiend/ws_moveit/install/srdfdom/lib:/home/fiend/ws_moveit/install/rviz_marker_tools/lib:/home/fiend/ws_moveit/install/rosparam_shortcuts/lib:/home/fiend/ws_moveit/install/moveit_task_constructor_msgs/lib:/home/fiend/gazebo_ros2_control/install/gazebo_ros2_control/lib:/home/fiend/LineFollowingRobot/ros_ws/install/prius_msgs/lib:/home/fiend/LineFollowingRobot/ros_ws/install/autocar_msgs/lib:/home/fiend/octomap_mapping/install/octomap_server/lib:/usr/lib/x86_64-linux-gnu/gazebo-11/plugins:/opt/ros/humble/opt/rviz_ogre_vendor/lib:/opt/ros/humble/lib/x86_64-linux-gnu:/opt/ros/humble/lib:/usr/lib/x86_64-linux-gnu/gazebo-11/plugins PS1=
\[[38;5;156m\]\[[0m\]\[[38;5;166m\]ros2_ws\[[0m\]\[[38;5;166m\]\[[0m\] on \[[38;5;162m\] \[[0m\]\[[38;5;162m\]master\[[0m\] underwent \[[36m\]1m3s\[[0m\]
\[[1;38;5;166m\]➜\[[0m\] /usr/bin/cmake --build /home/fiend/voice_grab/ros2_ws/build/octomap_server -- -j8 -l8
[211.383s] Invoking command in '/home/fiend/voice_grab/ros2_ws/build/octomap_server': AMENT_PREFIX_PATH=/home/fiend/voice_grab/ros2_ws/install/octomap_ros:${AMENT_PREFIX_PATH} CMAKE_PREFIX_PATH=/home/fiend/voice_grab/ros2_ws/install/octomap_ros:/home/fiend/Navigation_Bot/dev_ws/install/navigation_bot:/home/fiend/ws_moveit/install/pilz_industrial_motion_planner_testutils:/home/fiend/ws_moveit/install/moveit_runtime:/home/fiend/ws_moveit/install/moveit2_tutorials:/home/fiend/ws_moveit/install/moveit:/home/fiend/ws_moveit/install/moveit_planners:/home/fiend/ws_moveit/install/pilz_industrial_motion_planner:/home/fiend/ws_moveit/install/mtc_tutorial:/home/fiend/ws_moveit/install/hello_moveit:/home/fiend/ws_moveit/install/moveit_visual_tools:/home/fiend/ws_moveit/install/moveit_task_constructor_visualization:/home/fiend/ws_moveit/install/moveit_task_constructor_demo:/home/fiend/ws_moveit/install/moveit_task_constructor_capabilities:/home/fiend/ws_moveit/install/moveit_task_constructor_core:/home/fiend/ws_moveit/install/moveit_ros_control_interface:/home/fiend/ws_moveit/install/moveit_plugins:/home/fiend/ws_moveit/install/moveit_simple_controller_manager:/home/fiend/ws_moveit/install/moveit_setup_assistant:/home/fiend/ws_moveit/install/moveit_setup_srdf_plugins:/home/fiend/ws_moveit/install/moveit_setup_core_plugins:/home/fiend/ws_moveit/install/moveit_setup_controllers:/home/fiend/ws_moveit/install/moveit_setup_app_plugins:/home/fiend/ws_moveit/install/moveit_setup_framework:/home/fiend/ws_moveit/install/moveit_servo:/home/fiend/ws_moveit/install/moveit_ros:/home/fiend/ws_moveit/install/moveit_ros_visualization:/home/fiend/ws_moveit/install/moveit_hybrid_planning:/home/fiend/ws_moveit/install/moveit_ros_planning_interface:/home/fiend/ws_moveit/install/moveit_ros_benchmarks:/home/fiend/ws_moveit/install/moveit_ros_warehouse:/home/fiend/ws_moveit/install/moveit_ros_robot_interaction:/home/fiend/ws_moveit/install/moveit_ros_perception:/home/fiend/ws_moveit/install/moveit_resources_prbt_pg70_support:/home/fiend/ws_moveit/install/moveit_resources_prbt_moveit_config:/home/fiend/ws_moveit/install/moveit_ros_move_group:/home/fiend/ws_moveit/install/moveit_planners_ompl:/home/fiend/ws_moveit/install/moveit_ros_planning:/home/fiend/ws_moveit/install/moveit_ros_occupancy_map_monitor:/home/fiend/ws_moveit/install/moveit_resources_prbt_ikfast_manipulator_plugin:/home/fiend/ws_moveit/install/moveit_planners_chomp:/home/fiend/ws_moveit/install/moveit_kinematics:/home/fiend/ws_moveit/install/moveit_chomp_optimizer_adapter:/home/fiend/ws_moveit/install/chomp_motion_planner:/home/fiend/ws_moveit/install/moveit_core:/home/fiend/ws_moveit/install/srdfdom:/home/fiend/ws_moveit/install/rviz_marker_tools:/home/fiend/ws_moveit/install/rosparam_shortcuts:/home/fiend/ws_moveit/install/moveit_task_constructor_msgs:/home/fiend/ws_moveit/install/moveit_resources_prbt_support:/home/fiend/ws_moveit/install/moveit_resources:/home/fiend/ws_moveit/install/moveit_resources_pr2_description:/home/fiend/ws_moveit/install/moveit_resources_panda_moveit_config:/home/fiend/ws_moveit/install/moveit_resources_panda_description:/home/fiend/ws_moveit/install/moveit_resources_fanuc_moveit_config:/home/fiend/ws_moveit/install/moveit_resources_fanuc_description:/home/fiend/ws_moveit/install/moveit_common:/home/fiend/gazebo_ros2_control/install/gazebo_ros2_control_demos:/home/fiend/gazebo_ros2_control/install/gazebo_ros2_control:/home/fiend/ws_moveit/install/moveit_configs_utils:/home/fiend/ws_moveit/install/launch_param_builder:/opt/ros/humble:/home/fiend/LineFollowingRobot/ros_ws/install/prius_msgs:/home/fiend/LineFollowingRobot/ros_ws/install/line_bhakt:/home/fiend/LineFollowingRobot/ros_ws/install/launches:/home/fiend/LineFollowingRobot/ros_ws/install/autocar_nav:/home/fiend/LineFollowingRobot/ros_ws/install/autocar_msgs:/home/fiend/LineFollowingRobot/ros_ws/install/autocar_map:/home/fiend/LineFollowingRobot/ros_ws/install/autocar_gazebo:/home/fiend/LineFollowingRobot/ros_ws/install/autocar_description:/home/fiend/ROS/practice_codes_ROS2/articubot_one/install/articubot_one:/home/fiend/octomap_mapping/install/octomap_mapping:/home/fiend/octomap_mapping/install/octomap_server LD_LIBRARY_PATH=/home/fiend/voice_grab/ros2_ws/install/octomap_ros/lib:/home/fiend/ws_moveit/install/pilz_industrial_motion_planner_testutils/lib:/home/fiend/ws_moveit/install/pilz_industrial_motion_planner/lib:/home/fiend/ws_moveit/install/moveit_visual_tools/lib:/home/fiend/ws_moveit/install/moveit_task_constructor_visualization/lib:/home/fiend/ws_moveit/install/moveit_task_constructor_demo/lib:/home/fiend/ws_moveit/install/moveit_task_constructor_capabilities/lib:/home/fiend/ws_moveit/install/moveit_task_constructor_core/lib:/home/fiend/ws_moveit/install/moveit_ros_control_interface/lib:/home/fiend/ws_moveit/install/moveit_simple_controller_manager/lib:/home/fiend/ws_moveit/install/moveit_setup_assistant/lib:/home/fiend/ws_moveit/install/moveit_setup_srdf_plugins/lib:/home/fiend/ws_moveit/install/moveit_setup_core_plugins/lib:/home/fiend/ws_moveit/install/moveit_setup_controllers/lib:/home/fiend/ws_moveit/install/moveit_setup_app_plugins/lib:/home/fiend/ws_moveit/install/moveit_setup_framework/lib:/home/fiend/ws_moveit/install/moveit_servo/lib:/home/fiend/ws_moveit/install/moveit_ros_visualization/lib:/home/fiend/ws_moveit/install/moveit_hybrid_planning/lib:/home/fiend/ws_moveit/install/moveit_ros_planning_interface/lib:/home/fiend/ws_moveit/install/moveit_ros_benchmarks/lib:/home/fiend/ws_moveit/install/moveit_ros_warehouse/lib:/home/fiend/ws_moveit/install/moveit_ros_robot_interaction/lib:/home/fiend/ws_moveit/install/moveit_ros_perception/lib:/home/fiend/ws_moveit/install/moveit_ros_move_group/lib:/home/fiend/ws_moveit/install/moveit_planners_ompl/lib:/home/fiend/ws_moveit/install/moveit_ros_planning/lib:/home/fiend/ws_moveit/install/moveit_ros_occupancy_map_monitor/lib:/home/fiend/ws_moveit/install/moveit_resources_prbt_ikfast_manipulator_plugin/lib:/home/fiend/ws_moveit/install/moveit_planners_chomp/lib:/home/fiend/ws_moveit/install/moveit_kinematics/lib:/home/fiend/ws_moveit/install/moveit_chomp_optimizer_adapter/lib:/home/fiend/ws_moveit/install/chomp_motion_planner/lib:/home/fiend/ws_moveit/install/moveit_core/lib:/home/fiend/ws_moveit/install/srdfdom/lib:/home/fiend/ws_moveit/install/rviz_marker_tools/lib:/home/fiend/ws_moveit/install/rosparam_shortcuts/lib:/home/fiend/ws_moveit/install/moveit_task_constructor_msgs/lib:/home/fiend/gazebo_ros2_control/install/gazebo_ros2_control/lib:/home/fiend/LineFollowingRobot/ros_ws/install/prius_msgs/lib:/home/fiend/LineFollowingRobot/ros_ws/install/autocar_msgs/lib:/home/fiend/octomap_mapping/install/octomap_server/lib:/usr/lib/x86_64-linux-gnu/gazebo-11/plugins:/opt/ros/humble/opt/rviz_ogre_vendor/lib:/opt/ros/humble/lib/x86_64-linux-gnu:/opt/ros/humble/lib:/usr/lib/x86_64-linux-gnu/gazebo-11/plugins PS1=
\[[38;5;156m\]\[[0m\]\[[38;5;166m\]ros2_ws\[[0m\]\[[38;5;166m\]\[[0m\] on \[[38;5;162m\] \[[0m\]\[[38;5;162m\]master\[[0m\] underwent \[[36m\]1m3s\[[0m\]
\[[1;38;5;166m\]➜\[[0m\] /usr/bin/cmake --install /home/fiend/voice_grab/ros2_ws/build/octomap_server
[211.401s] -- Install configuration: ""
[211.402s] -- Execute custom install script
[211.403s] -- Symlinking: /home/fiend/voice_grab/ros2_ws/install/octomap_server/lib/octomap_server/octomap_server_static_node
[211.426s] -- Symlinking: /home/fiend/voice_grab/ros2_ws/install/octomap_server/lib/octomap_server/octomap_server_node
[211.448s] -- Symlinking: /home/fiend/voice_grab/ros2_ws/install/octomap_server/lib/octomap_server/octomap_server_multilayer_node
[211.471s] -- Symlinking: /home/fiend/voice_grab/ros2_ws/install/octomap_server/lib/octomap_server/tracking_octomap_server_node
[211.493s] -- Symlinking: /home/fiend/voice_grab/ros2_ws/install/octomap_server/lib/octomap_server/color_octomap_server_node
[211.516s] -- Symlinking: /home/fiend/voice_grab/ros2_ws/install/octomap_server/lib/octomap_server/octomap_saver_node
[211.538s] -- Symlinking: /home/fiend/voice_grab/ros2_ws/install/octomap_server/include/octomap_server/octomap_server.hpp
[211.561s] -- Symlinking: /home/fiend/voice_grab/ros2_ws/install/octomap_server/include/octomap_server/octomap_server_multilayer.hpp
[211.584s] -- Symlinking: /home/fiend/voice_grab/ros2_ws/install/octomap_server/include/octomap_server/octomap_server_static.hpp
[211.606s] -- Symlinking: /home/fiend/voice_grab/ros2_ws/install/octomap_server/include/octomap_server/tracking_octomap_server.hpp
[211.636s] -- Symlinking: /home/fiend/voice_grab/ros2_ws/install/octomap_server/share/octomap_server/environment/library_path.sh
[211.658s] -- Symlinking: /home/fiend/voice_grab/ros2_ws/install/octomap_server/share/octomap_server/environment/library_path.dsv
[211.680s] -- Symlinking: /home/fiend/voice_grab/ros2_ws/install/octomap_server/lib/liboctomap_server_static.so
[211.703s] -- Symlinking: /home/fiend/voice_grab/ros2_ws/install/octomap_server/lib/liboctomap_server.so
[211.724s] -- Symlinking: /home/fiend/voice_grab/ros2_ws/install/octomap_server/lib/liboctomap_server_multilayer.so
[211.746s] -- Symlinking: /home/fiend/voice_grab/ros2_ws/install/octomap_server/lib/libtracking_octomap_server.so
[211.768s] -- Symlinking: /home/fiend/voice_grab/ros2_ws/install/octomap_server/lib/libcolor_octomap_server.so
[211.790s] -- Symlinking: /home/fiend/voice_grab/ros2_ws/install/octomap_server/lib/liboctomap_saver.so
[211.820s] -- Symlinking: /home/fiend/voice_grab/ros2_ws/install/octomap_server/share/octomap_server/launch/octomap_mapping.launch.xml
[211.842s] -- Symlinking: /home/fiend/voice_grab/ros2_ws/install/octomap_server/share/octomap_server/launch/octomap_tracking_client.launch.xml
[211.864s] -- Symlinking: /home/fiend/voice_grab/ros2_ws/install/octomap_server/share/octomap_server/launch/octomap_tracking_server.launch.xml
[211.887s] -- Symlinking: /home/fiend/voice_grab/ros2_ws/install/octomap_server/share/octomap_server/params/default.yaml
[211.910s] -- Symlinking: /home/fiend/voice_grab/ros2_ws/install/octomap_server/share/ament_index/resource_index/package_run_dependencies/octomap_server
[211.932s] -- Symlinking: /home/fiend/voice_grab/ros2_ws/install/octomap_server/share/ament_index/resource_index/parent_prefix_path/octomap_server
[211.954s] -- Symlinking: /home/fiend/voice_grab/ros2_ws/install/octomap_server/share/octomap_server/environment/ament_prefix_path.sh
[211.975s] -- Symlinking: /home/fiend/voice_grab/ros2_ws/install/octomap_server/share/octomap_server/environment/ament_prefix_path.dsv
[211.999s] -- Symlinking: /home/fiend/voice_grab/ros2_ws/install/octomap_server/share/octomap_server/environment/path.sh
[212.021s] -- Symlinking: /home/fiend/voice_grab/ros2_ws/install/octomap_server/share/octomap_server/environment/path.dsv
[212.042s] -- Symlinking: /home/fiend/voice_grab/ros2_ws/install/octomap_server/share/octomap_server/local_setup.bash
[212.064s] -- Symlinking: /home/fiend/voice_grab/ros2_ws/install/octomap_server/share/octomap_server/local_setup.sh
[212.087s] -- Symlinking: /home/fiend/voice_grab/ros2_ws/install/octomap_server/share/octomap_server/local_setup.zsh
[212.109s] -- Symlinking: /home/fiend/voice_grab/ros2_ws/install/octomap_server/share/octomap_server/local_setup.dsv
[212.132s] -- Symlinking: /home/fiend/voice_grab/ros2_ws/install/octomap_server/share/octomap_server/package.dsv
[212.154s] -- Symlinking: /home/fiend/voice_grab/ros2_ws/install/octomap_server/share/ament_index/resource_index/packages/octomap_server
[212.176s] -- Symlinking: /home/fiend/voice_grab/ros2_ws/install/octomap_server/share/ament_index/resource_index/rclcpp_components/octomap_server
[212.199s] -- Symlinking: /home/fiend/voice_grab/ros2_ws/install/octomap_server/share/octomap_server/cmake/ament_cmake_export_dependencies-extras.cmake
[212.222s] -- Symlinking: /home/fiend/voice_grab/ros2_ws/install/octomap_server/share/octomap_server/cmake/ament_cmake_export_include_directories-extras.cmake
[212.244s] -- Symlinking: /home/fiend/voice_grab/ros2_ws/install/octomap_server/share/octomap_server/cmake/ament_cmake_export_libraries-extras.cmake
[212.266s] -- Symlinking: /home/fiend/voice_grab/ros2_ws/install/octomap_server/share/octomap_server/cmake/octomap_serverConfig.cmake
[212.289s] -- Symlinking: /home/fiend/voice_grab/ros2_ws/install/octomap_server/share/octomap_server/cmake/octomap_serverConfig-version.cmake
[212.311s] -- Symlinking: /home/fiend/voice_grab/ros2_ws/install/octomap_server/share/octomap_server/package.xml
[212.340s] -- Symlinking: /home/fiend/voice_grab/ros2_ws/install/octomap_server/lib/octomap_server/octomap_eraser_cli.py
[212.366s] Invoked command in '/home/fiend/voice_grab/ros2_ws/build/octomap_server' returned '0': AMENT_PREFIX_PATH=/home/fiend/voice_grab/ros2_ws/install/octomap_ros:${AMENT_PREFIX_PATH} CMAKE_PREFIX_PATH=/home/fiend/voice_grab/ros2_ws/install/octomap_ros:/home/fiend/Navigation_Bot/dev_ws/install/navigation_bot:/home/fiend/ws_moveit/install/pilz_industrial_motion_planner_testutils:/home/fiend/ws_moveit/install/moveit_runtime:/home/fiend/ws_moveit/install/moveit2_tutorials:/home/fiend/ws_moveit/install/moveit:/home/fiend/ws_moveit/install/moveit_planners:/home/fiend/ws_moveit/install/pilz_industrial_motion_planner:/home/fiend/ws_moveit/install/mtc_tutorial:/home/fiend/ws_moveit/install/hello_moveit:/home/fiend/ws_moveit/install/moveit_visual_tools:/home/fiend/ws_moveit/install/moveit_task_constructor_visualization:/home/fiend/ws_moveit/install/moveit_task_constructor_demo:/home/fiend/ws_moveit/install/moveit_task_constructor_capabilities:/home/fiend/ws_moveit/install/moveit_task_constructor_core:/home/fiend/ws_moveit/install/moveit_ros_control_interface:/home/fiend/ws_moveit/install/moveit_plugins:/home/fiend/ws_moveit/install/moveit_simple_controller_manager:/home/fiend/ws_moveit/install/moveit_setup_assistant:/home/fiend/ws_moveit/install/moveit_setup_srdf_plugins:/home/fiend/ws_moveit/install/moveit_setup_core_plugins:/home/fiend/ws_moveit/install/moveit_setup_controllers:/home/fiend/ws_moveit/install/moveit_setup_app_plugins:/home/fiend/ws_moveit/install/moveit_setup_framework:/home/fiend/ws_moveit/install/moveit_servo:/home/fiend/ws_moveit/install/moveit_ros:/home/fiend/ws_moveit/install/moveit_ros_visualization:/home/fiend/ws_moveit/install/moveit_hybrid_planning:/home/fiend/ws_moveit/install/moveit_ros_planning_interface:/home/fiend/ws_moveit/install/moveit_ros_benchmarks:/home/fiend/ws_moveit/install/moveit_ros_warehouse:/home/fiend/ws_moveit/install/moveit_ros_robot_interaction:/home/fiend/ws_moveit/install/moveit_ros_perception:/home/fiend/ws_moveit/install/moveit_resources_prbt_pg70_support:/home/fiend/ws_moveit/install/moveit_resources_prbt_moveit_config:/home/fiend/ws_moveit/install/moveit_ros_move_group:/home/fiend/ws_moveit/install/moveit_planners_ompl:/home/fiend/ws_moveit/install/moveit_ros_planning:/home/fiend/ws_moveit/install/moveit_ros_occupancy_map_monitor:/home/fiend/ws_moveit/install/moveit_resources_prbt_ikfast_manipulator_plugin:/home/fiend/ws_moveit/install/moveit_planners_chomp:/home/fiend/ws_moveit/install/moveit_kinematics:/home/fiend/ws_moveit/install/moveit_chomp_optimizer_adapter:/home/fiend/ws_moveit/install/chomp_motion_planner:/home/fiend/ws_moveit/install/moveit_core:/home/fiend/ws_moveit/install/srdfdom:/home/fiend/ws_moveit/install/rviz_marker_tools:/home/fiend/ws_moveit/install/rosparam_shortcuts:/home/fiend/ws_moveit/install/moveit_task_constructor_msgs:/home/fiend/ws_moveit/install/moveit_resources_prbt_support:/home/fiend/ws_moveit/install/moveit_resources:/home/fiend/ws_moveit/install/moveit_resources_pr2_description:/home/fiend/ws_moveit/install/moveit_resources_panda_moveit_config:/home/fiend/ws_moveit/install/moveit_resources_panda_description:/home/fiend/ws_moveit/install/moveit_resources_fanuc_moveit_config:/home/fiend/ws_moveit/install/moveit_resources_fanuc_description:/home/fiend/ws_moveit/install/moveit_common:/home/fiend/gazebo_ros2_control/install/gazebo_ros2_control_demos:/home/fiend/gazebo_ros2_control/install/gazebo_ros2_control:/home/fiend/ws_moveit/install/moveit_configs_utils:/home/fiend/ws_moveit/install/launch_param_builder:/opt/ros/humble:/home/fiend/LineFollowingRobot/ros_ws/install/prius_msgs:/home/fiend/LineFollowingRobot/ros_ws/install/line_bhakt:/home/fiend/LineFollowingRobot/ros_ws/install/launches:/home/fiend/LineFollowingRobot/ros_ws/install/autocar_nav:/home/fiend/LineFollowingRobot/ros_ws/install/autocar_msgs:/home/fiend/LineFollowingRobot/ros_ws/install/autocar_map:/home/fiend/LineFollowingRobot/ros_ws/install/autocar_gazebo:/home/fiend/LineFollowingRobot/ros_ws/install/autocar_description:/home/fiend/ROS/practice_codes_ROS2/articubot_one/install/articubot_one:/home/fiend/octomap_mapping/install/octomap_mapping:/home/fiend/octomap_mapping/install/octomap_server LD_LIBRARY_PATH=/home/fiend/voice_grab/ros2_ws/install/octomap_ros/lib:/home/fiend/ws_moveit/install/pilz_industrial_motion_planner_testutils/lib:/home/fiend/ws_moveit/install/pilz_industrial_motion_planner/lib:/home/fiend/ws_moveit/install/moveit_visual_tools/lib:/home/fiend/ws_moveit/install/moveit_task_constructor_visualization/lib:/home/fiend/ws_moveit/install/moveit_task_constructor_demo/lib:/home/fiend/ws_moveit/install/moveit_task_constructor_capabilities/lib:/home/fiend/ws_moveit/install/moveit_task_constructor_core/lib:/home/fiend/ws_moveit/install/moveit_ros_control_interface/lib:/home/fiend/ws_moveit/install/moveit_simple_controller_manager/lib:/home/fiend/ws_moveit/install/moveit_setup_assistant/lib:/home/fiend/ws_moveit/install/moveit_setup_srdf_plugins/lib:/home/fiend/ws_moveit/install/moveit_setup_core_plugins/lib:/home/fiend/ws_moveit/install/moveit_setup_controllers/lib:/home/fiend/ws_moveit/install/moveit_setup_app_plugins/lib:/home/fiend/ws_moveit/install/moveit_setup_framework/lib:/home/fiend/ws_moveit/install/moveit_servo/lib:/home/fiend/ws_moveit/install/moveit_ros_visualization/lib:/home/fiend/ws_moveit/install/moveit_hybrid_planning/lib:/home/fiend/ws_moveit/install/moveit_ros_planning_interface/lib:/home/fiend/ws_moveit/install/moveit_ros_benchmarks/lib:/home/fiend/ws_moveit/install/moveit_ros_warehouse/lib:/home/fiend/ws_moveit/install/moveit_ros_robot_interaction/lib:/home/fiend/ws_moveit/install/moveit_ros_perception/lib:/home/fiend/ws_moveit/install/moveit_ros_move_group/lib:/home/fiend/ws_moveit/install/moveit_planners_ompl/lib:/home/fiend/ws_moveit/install/moveit_ros_planning/lib:/home/fiend/ws_moveit/install/moveit_ros_occupancy_map_monitor/lib:/home/fiend/ws_moveit/install/moveit_resources_prbt_ikfast_manipulator_plugin/lib:/home/fiend/ws_moveit/install/moveit_planners_chomp/lib:/home/fiend/ws_moveit/install/moveit_kinematics/lib:/home/fiend/ws_moveit/install/moveit_chomp_optimizer_adapter/lib:/home/fiend/ws_moveit/install/chomp_motion_planner/lib:/home/fiend/ws_moveit/install/moveit_core/lib:/home/fiend/ws_moveit/install/srdfdom/lib:/home/fiend/ws_moveit/install/rviz_marker_tools/lib:/home/fiend/ws_moveit/install/rosparam_shortcuts/lib:/home/fiend/ws_moveit/install/moveit_task_constructor_msgs/lib:/home/fiend/gazebo_ros2_control/install/gazebo_ros2_control/lib:/home/fiend/LineFollowingRobot/ros_ws/install/prius_msgs/lib:/home/fiend/LineFollowingRobot/ros_ws/install/autocar_msgs/lib:/home/fiend/octomap_mapping/install/octomap_server/lib:/usr/lib/x86_64-linux-gnu/gazebo-11/plugins:/opt/ros/humble/opt/rviz_ogre_vendor/lib:/opt/ros/humble/lib/x86_64-linux-gnu:/opt/ros/humble/lib:/usr/lib/x86_64-linux-gnu/gazebo-11/plugins PS1=
\[[38;5;156m\]\[[0m\]\[[38;5;166m\]ros2_ws\[[0m\]\[[38;5;166m\]\[[0m\] on \[[38;5;162m\] \[[0m\]\[[38;5;162m\]master\[[0m\] underwent \[[36m\]1m3s\[[0m\]
\[[1;38;5;166m\]➜\[[0m\] /usr/bin/cmake --install /home/fiend/voice_grab/ros2_ws/build/octomap_server
