[0.011s] Invoking command in '/home/fiend/voice_grab/ros2_ws/build/zed_ros2': AMENT_PREFIX_PATH=/home/fiend/voice_grab/ros2_ws/install/zed_wrapper:/home/fiend/voice_grab/ros2_ws/install/zed_components:/home/fiend/voice_grab/ros2_ws/install/zed_interfaces:${AMENT_PREFIX_PATH} CMAKE_PREFIX_PATH=/home/fiend/voice_grab/ros2_ws/install/zed_wrapper:/home/fiend/voice_grab/ros2_ws/install/zed_components:/home/fiend/voice_grab/ros2_ws/install/zed_interfaces:/home/fiend/Navigation_Bot/dev_ws/install/navigation_bot:/home/fiend/voice_grab/ros2_ws/install/voice_grabber:/home/fiend/voice_grab/ros2_ws/install/ur_robotiq:/home/fiend/voice_grab/ros2_ws/install/ur_robotiq_description:/home/fiend/LineFollowingRobot/ros_ws/install/line_bhakt:/home/fiend/ROS/practice_codes_ROS2/articubot_one/install/articubot_one:/opt/ros/humble LD_LIBRARY_PATH=/home/fiend/voice_grab/ros2_ws/install/zed_components/lib:/home/fiend/voice_grab/ros2_ws/install/zed_interfaces/lib:${LD_LIBRARY_PATH} PS1=
\[[38;5;156m\]\[[0m\]\[[38;5;166m\]ros2_ws\[[0m\]\[[38;5;166m\]\[[0m\] on \[[38;5;162m\] \[[0m\]\[[38;5;162m\]master\[[0m\] underwent \[[36m\]9s\[[0m\]
\[[1;38;5;166m\]➜\[[0m\] PYTHONPATH=/home/fiend/voice_grab/ros2_ws/install/zed_interfaces/local/lib/python3.10/dist-packages:${PYTHONPATH} /usr/bin/cmake /home/fiend/voice_grab/ros2_ws/src/zed-ros2-wrapper/zed_ros2 -DCMAKE_BUILD_TYPE=Release -DAMENT_CMAKE_SYMLINK_INSTALL=1 -DCMAKE_INSTALL_PREFIX=/home/fiend/voice_grab/ros2_ws/install/zed_ros2
[0.024s] -- Found ament_cmake_auto: 1.3.8 (/opt/ros/humble/share/ament_cmake_auto/cmake)
[0.168s] -- Found Python3: /usr/bin/python3 (found version "3.10.12") found components: Interpreter 
[0.221s] -- Override CMake install command with custom implementation using symlinks instead of copying resources
[0.312s] -- Found ament_lint_auto: 0.12.10 (/opt/ros/humble/share/ament_lint_auto/cmake)
[0.329s] -- Added test 'copyright' to check source files copyright and LICENSE
[0.329s] -- Added test 'lint_cmake' to check CMake code style
[0.330s] -- Added test 'xmllint' to check XML markup files
[0.331s] -- Configuring done
[0.333s] -- Generating done
[0.335s] -- Build files have been written to: /home/fiend/voice_grab/ros2_ws/build/zed_ros2
[0.337s] Invoked command in '/home/fiend/voice_grab/ros2_ws/build/zed_ros2' returned '0': AMENT_PREFIX_PATH=/home/fiend/voice_grab/ros2_ws/install/zed_wrapper:/home/fiend/voice_grab/ros2_ws/install/zed_components:/home/fiend/voice_grab/ros2_ws/install/zed_interfaces:${AMENT_PREFIX_PATH} CMAKE_PREFIX_PATH=/home/fiend/voice_grab/ros2_ws/install/zed_wrapper:/home/fiend/voice_grab/ros2_ws/install/zed_components:/home/fiend/voice_grab/ros2_ws/install/zed_interfaces:/home/fiend/Navigation_Bot/dev_ws/install/navigation_bot:/home/fiend/voice_grab/ros2_ws/install/voice_grabber:/home/fiend/voice_grab/ros2_ws/install/ur_robotiq:/home/fiend/voice_grab/ros2_ws/install/ur_robotiq_description:/home/fiend/LineFollowingRobot/ros_ws/install/line_bhakt:/home/fiend/ROS/practice_codes_ROS2/articubot_one/install/articubot_one:/opt/ros/humble LD_LIBRARY_PATH=/home/fiend/voice_grab/ros2_ws/install/zed_components/lib:/home/fiend/voice_grab/ros2_ws/install/zed_interfaces/lib:${LD_LIBRARY_PATH} PS1=
\[[38;5;156m\]\[[0m\]\[[38;5;166m\]ros2_ws\[[0m\]\[[38;5;166m\]\[[0m\] on \[[38;5;162m\] \[[0m\]\[[38;5;162m\]master\[[0m\] underwent \[[36m\]9s\[[0m\]
\[[1;38;5;166m\]➜\[[0m\] PYTHONPATH=/home/fiend/voice_grab/ros2_ws/install/zed_interfaces/local/lib/python3.10/dist-packages:${PYTHONPATH} /usr/bin/cmake /home/fiend/voice_grab/ros2_ws/src/zed-ros2-wrapper/zed_ros2 -DCMAKE_BUILD_TYPE=Release -DAMENT_CMAKE_SYMLINK_INSTALL=1 -DCMAKE_INSTALL_PREFIX=/home/fiend/voice_grab/ros2_ws/install/zed_ros2
[0.339s] Invoking command in '/home/fiend/voice_grab/ros2_ws/build/zed_ros2': AMENT_PREFIX_PATH=/home/fiend/voice_grab/ros2_ws/install/zed_wrapper:/home/fiend/voice_grab/ros2_ws/install/zed_components:/home/fiend/voice_grab/ros2_ws/install/zed_interfaces:${AMENT_PREFIX_PATH} CMAKE_PREFIX_PATH=/home/fiend/voice_grab/ros2_ws/install/zed_wrapper:/home/fiend/voice_grab/ros2_ws/install/zed_components:/home/fiend/voice_grab/ros2_ws/install/zed_interfaces:/home/fiend/Navigation_Bot/dev_ws/install/navigation_bot:/home/fiend/voice_grab/ros2_ws/install/voice_grabber:/home/fiend/voice_grab/ros2_ws/install/ur_robotiq:/home/fiend/voice_grab/ros2_ws/install/ur_robotiq_description:/home/fiend/LineFollowingRobot/ros_ws/install/line_bhakt:/home/fiend/ROS/practice_codes_ROS2/articubot_one/install/articubot_one:/opt/ros/humble LD_LIBRARY_PATH=/home/fiend/voice_grab/ros2_ws/install/zed_components/lib:/home/fiend/voice_grab/ros2_ws/install/zed_interfaces/lib:${LD_LIBRARY_PATH} PS1=
\[[38;5;156m\]\[[0m\]\[[38;5;166m\]ros2_ws\[[0m\]\[[38;5;166m\]\[[0m\] on \[[38;5;162m\] \[[0m\]\[[38;5;162m\]master\[[0m\] underwent \[[36m\]9s\[[0m\]
\[[1;38;5;166m\]➜\[[0m\] PYTHONPATH=/home/fiend/voice_grab/ros2_ws/install/zed_interfaces/local/lib/python3.10/dist-packages:${PYTHONPATH} /usr/bin/cmake --build /home/fiend/voice_grab/ros2_ws/build/zed_ros2 -- -j8 -l8
[0.367s] Invoked command in '/home/fiend/voice_grab/ros2_ws/build/zed_ros2' returned '0': AMENT_PREFIX_PATH=/home/fiend/voice_grab/ros2_ws/install/zed_wrapper:/home/fiend/voice_grab/ros2_ws/install/zed_components:/home/fiend/voice_grab/ros2_ws/install/zed_interfaces:${AMENT_PREFIX_PATH} CMAKE_PREFIX_PATH=/home/fiend/voice_grab/ros2_ws/install/zed_wrapper:/home/fiend/voice_grab/ros2_ws/install/zed_components:/home/fiend/voice_grab/ros2_ws/install/zed_interfaces:/home/fiend/Navigation_Bot/dev_ws/install/navigation_bot:/home/fiend/voice_grab/ros2_ws/install/voice_grabber:/home/fiend/voice_grab/ros2_ws/install/ur_robotiq:/home/fiend/voice_grab/ros2_ws/install/ur_robotiq_description:/home/fiend/LineFollowingRobot/ros_ws/install/line_bhakt:/home/fiend/ROS/practice_codes_ROS2/articubot_one/install/articubot_one:/opt/ros/humble LD_LIBRARY_PATH=/home/fiend/voice_grab/ros2_ws/install/zed_components/lib:/home/fiend/voice_grab/ros2_ws/install/zed_interfaces/lib:${LD_LIBRARY_PATH} PS1=
\[[38;5;156m\]\[[0m\]\[[38;5;166m\]ros2_ws\[[0m\]\[[38;5;166m\]\[[0m\] on \[[38;5;162m\] \[[0m\]\[[38;5;162m\]master\[[0m\] underwent \[[36m\]9s\[[0m\]
\[[1;38;5;166m\]➜\[[0m\] PYTHONPATH=/home/fiend/voice_grab/ros2_ws/install/zed_interfaces/local/lib/python3.10/dist-packages:${PYTHONPATH} /usr/bin/cmake --build /home/fiend/voice_grab/ros2_ws/build/zed_ros2 -- -j8 -l8
[0.384s] Invoking command in '/home/fiend/voice_grab/ros2_ws/build/zed_ros2': AMENT_PREFIX_PATH=/home/fiend/voice_grab/ros2_ws/install/zed_wrapper:/home/fiend/voice_grab/ros2_ws/install/zed_components:/home/fiend/voice_grab/ros2_ws/install/zed_interfaces:${AMENT_PREFIX_PATH} CMAKE_PREFIX_PATH=/home/fiend/voice_grab/ros2_ws/install/zed_wrapper:/home/fiend/voice_grab/ros2_ws/install/zed_components:/home/fiend/voice_grab/ros2_ws/install/zed_interfaces:/home/fiend/Navigation_Bot/dev_ws/install/navigation_bot:/home/fiend/voice_grab/ros2_ws/install/voice_grabber:/home/fiend/voice_grab/ros2_ws/install/ur_robotiq:/home/fiend/voice_grab/ros2_ws/install/ur_robotiq_description:/home/fiend/LineFollowingRobot/ros_ws/install/line_bhakt:/home/fiend/ROS/practice_codes_ROS2/articubot_one/install/articubot_one:/opt/ros/humble LD_LIBRARY_PATH=/home/fiend/voice_grab/ros2_ws/install/zed_components/lib:/home/fiend/voice_grab/ros2_ws/install/zed_interfaces/lib:${LD_LIBRARY_PATH} PS1=
\[[38;5;156m\]\[[0m\]\[[38;5;166m\]ros2_ws\[[0m\]\[[38;5;166m\]\[[0m\] on \[[38;5;162m\] \[[0m\]\[[38;5;162m\]master\[[0m\] underwent \[[36m\]9s\[[0m\]
\[[1;38;5;166m\]➜\[[0m\] PYTHONPATH=/home/fiend/voice_grab/ros2_ws/install/zed_interfaces/local/lib/python3.10/dist-packages:${PYTHONPATH} /usr/bin/cmake --install /home/fiend/voice_grab/ros2_ws/build/zed_ros2
[0.390s] -- Install configuration: "Release"
[0.390s] -- Execute custom install script
[0.390s] -- Symlinking: /home/fiend/voice_grab/ros2_ws/install/zed_ros2/share/ament_index/resource_index/package_run_dependencies/zed_ros2
[0.398s] -- Symlinking: /home/fiend/voice_grab/ros2_ws/install/zed_ros2/share/ament_index/resource_index/parent_prefix_path/zed_ros2
[0.405s] -- Symlinking: /home/fiend/voice_grab/ros2_ws/install/zed_ros2/share/zed_ros2/environment/ament_prefix_path.sh
[0.411s] -- Symlinking: /home/fiend/voice_grab/ros2_ws/install/zed_ros2/share/zed_ros2/environment/ament_prefix_path.dsv
[0.418s] -- Symlinking: /home/fiend/voice_grab/ros2_ws/install/zed_ros2/share/zed_ros2/environment/path.sh
[0.425s] -- Symlinking: /home/fiend/voice_grab/ros2_ws/install/zed_ros2/share/zed_ros2/environment/path.dsv
[0.432s] -- Symlinking: /home/fiend/voice_grab/ros2_ws/install/zed_ros2/share/zed_ros2/local_setup.bash
[0.439s] -- Symlinking: /home/fiend/voice_grab/ros2_ws/install/zed_ros2/share/zed_ros2/local_setup.sh
[0.446s] -- Symlinking: /home/fiend/voice_grab/ros2_ws/install/zed_ros2/share/zed_ros2/local_setup.zsh
[0.453s] -- Symlinking: /home/fiend/voice_grab/ros2_ws/install/zed_ros2/share/zed_ros2/local_setup.dsv
[0.460s] -- Symlinking: /home/fiend/voice_grab/ros2_ws/install/zed_ros2/share/zed_ros2/package.dsv
[0.466s] -- Symlinking: /home/fiend/voice_grab/ros2_ws/install/zed_ros2/share/ament_index/resource_index/packages/zed_ros2
[0.473s] -- Symlinking: /home/fiend/voice_grab/ros2_ws/install/zed_ros2/share/zed_ros2/cmake/zed_ros2Config.cmake
[0.481s] -- Symlinking: /home/fiend/voice_grab/ros2_ws/install/zed_ros2/share/zed_ros2/cmake/zed_ros2Config-version.cmake
[0.488s] -- Symlinking: /home/fiend/voice_grab/ros2_ws/install/zed_ros2/share/zed_ros2/package.xml
[0.497s] Invoked command in '/home/fiend/voice_grab/ros2_ws/build/zed_ros2' returned '0': AMENT_PREFIX_PATH=/home/fiend/voice_grab/ros2_ws/install/zed_wrapper:/home/fiend/voice_grab/ros2_ws/install/zed_components:/home/fiend/voice_grab/ros2_ws/install/zed_interfaces:${AMENT_PREFIX_PATH} CMAKE_PREFIX_PATH=/home/fiend/voice_grab/ros2_ws/install/zed_wrapper:/home/fiend/voice_grab/ros2_ws/install/zed_components:/home/fiend/voice_grab/ros2_ws/install/zed_interfaces:/home/fiend/Navigation_Bot/dev_ws/install/navigation_bot:/home/fiend/voice_grab/ros2_ws/install/voice_grabber:/home/fiend/voice_grab/ros2_ws/install/ur_robotiq:/home/fiend/voice_grab/ros2_ws/install/ur_robotiq_description:/home/fiend/LineFollowingRobot/ros_ws/install/line_bhakt:/home/fiend/ROS/practice_codes_ROS2/articubot_one/install/articubot_one:/opt/ros/humble LD_LIBRARY_PATH=/home/fiend/voice_grab/ros2_ws/install/zed_components/lib:/home/fiend/voice_grab/ros2_ws/install/zed_interfaces/lib:${LD_LIBRARY_PATH} PS1=
\[[38;5;156m\]\[[0m\]\[[38;5;166m\]ros2_ws\[[0m\]\[[38;5;166m\]\[[0m\] on \[[38;5;162m\] \[[0m\]\[[38;5;162m\]master\[[0m\] underwent \[[36m\]9s\[[0m\]
\[[1;38;5;166m\]➜\[[0m\] PYTHONPATH=/home/fiend/voice_grab/ros2_ws/install/zed_interfaces/local/lib/python3.10/dist-packages:${PYTHONPATH} /usr/bin/cmake --install /home/fiend/voice_grab/ros2_ws/build/zed_ros2
