[0.462s] DEBUG:colcon:Command line arguments: ['/usr/bin/colcon', 'list', '-p', '--base-paths', '/home/fiend/voice_grab/ros2_ws']
[0.462s] DEBUG:colcon:Parsed command line arguments: Namespace(log_base=None, log_level=None, verb_name='list', build_base='build', ignore_user_meta=False, metas=['./colcon.meta'], base_paths=['/home/fiend/voice_grab/ros2_ws'], packages_ignore=None, packages_ignore_regex=None, paths=None, packages_up_to=None, packages_up_to_regex=None, packages_above=None, packages_above_and_dependencies=None, packages_above_depth=None, packages_select_by_dep=None, packages_skip_by_dep=None, packages_skip_up_to=None, packages_select_build_failed=False, packages_skip_build_finished=False, packages_select_test_failures=False, packages_skip_test_passed=False, packages_select=None, packages_skip=None, packages_select_regex=None, packages_skip_regex=None, packages_start=None, packages_end=None, allow_overriding=[], topological_order=False, names_only=False, paths_only=True, topological_graph=False, topological_graph_dot=False, topological_graph_density=False, topological_graph_legend=False, topological_graph_dot_cluster=False, topological_graph_dot_include_skipped=False, mixin_files=None, mixin=None, verb_parser=<colcon_mixin.mixin.mixin_argument.MixinArgumentDecorator object at 0x7bfa38f80100>, verb_extension=<colcon_package_information.verb.list.ListVerb object at 0x7bfa38f4f1c0>, main=<bound method ListVerb.main of <colcon_package_information.verb.list.ListVerb object at 0x7bfa38f4f1c0>>, mixin_verb=('list',))
[1.348s] Level 1:colcon.colcon_core.package_discovery:discover_packages(colcon_meta) check parameters
[1.349s] Level 1:colcon.colcon_core.package_discovery:discover_packages(recursive) check parameters
[1.349s] Level 1:colcon.colcon_core.package_discovery:discover_packages(ignore) check parameters
[1.349s] Level 1:colcon.colcon_core.package_discovery:discover_packages(path) check parameters
[1.349s] Level 1:colcon.colcon_core.package_discovery:discover_packages(recursive) discover
[1.349s] INFO:colcon.colcon_core.package_discovery:Crawling recursively for packages in '/home/fiend/voice_grab/ros2_ws'
[1.350s] Level 1:colcon.colcon_core.package_identification:_identify(/home/fiend/voice_grab/ros2_ws) by extensions ['ignore', 'ignore_ament_install']
[1.350s] Level 1:colcon.colcon_core.package_identification:_identify(/home/fiend/voice_grab/ros2_ws) by extension 'ignore'
[1.350s] Level 1:colcon.colcon_core.package_identification:_identify(/home/fiend/voice_grab/ros2_ws) by extension 'ignore_ament_install'
[1.350s] Level 1:colcon.colcon_core.package_identification:_identify(/home/fiend/voice_grab/ros2_ws) by extensions ['colcon_pkg']
[1.351s] Level 1:colcon.colcon_core.package_identification:_identify(/home/fiend/voice_grab/ros2_ws) by extension 'colcon_pkg'
[1.351s] Level 1:colcon.colcon_core.package_identification:_identify(/home/fiend/voice_grab/ros2_ws) by extensions ['colcon_meta']
[1.351s] Level 1:colcon.colcon_core.package_identification:_identify(/home/fiend/voice_grab/ros2_ws) by extension 'colcon_meta'
[1.351s] Level 1:colcon.colcon_core.package_identification:_identify(/home/fiend/voice_grab/ros2_ws) by extensions ['ros']
[1.351s] Level 1:colcon.colcon_core.package_identification:_identify(/home/fiend/voice_grab/ros2_ws) by extension 'ros'
[1.392s] Level 1:colcon.colcon_core.package_identification:_identify(/home/fiend/voice_grab/ros2_ws) by extensions ['cmake', 'python']
[1.392s] Level 1:colcon.colcon_core.package_identification:_identify(/home/fiend/voice_grab/ros2_ws) by extension 'cmake'
[1.392s] Level 1:colcon.colcon_core.package_identification:_identify(/home/fiend/voice_grab/ros2_ws) by extension 'python'
[1.393s] Level 1:colcon.colcon_core.package_identification:_identify(/home/fiend/voice_grab/ros2_ws) by extensions ['python_setup_py']
[1.393s] Level 1:colcon.colcon_core.package_identification:_identify(/home/fiend/voice_grab/ros2_ws) by extension 'python_setup_py'
[1.393s] Level 1:colcon.colcon_core.package_identification:_identify(/home/fiend/voice_grab/ros2_ws/log) by extensions ['ignore', 'ignore_ament_install']
[1.394s] Level 1:colcon.colcon_core.package_identification:_identify(/home/fiend/voice_grab/ros2_ws/log) by extension 'ignore'
[1.394s] Level 1:colcon.colcon_core.package_identification:_identify(/home/fiend/voice_grab/ros2_ws/log) ignored
[1.394s] Level 1:colcon.colcon_core.package_identification:_identify(/home/fiend/voice_grab/ros2_ws/src) by extensions ['ignore', 'ignore_ament_install']
[1.395s] Level 1:colcon.colcon_core.package_identification:_identify(/home/fiend/voice_grab/ros2_ws/src) by extension 'ignore'
[1.395s] Level 1:colcon.colcon_core.package_identification:_identify(/home/fiend/voice_grab/ros2_ws/src) by extension 'ignore_ament_install'
[1.395s] Level 1:colcon.colcon_core.package_identification:_identify(/home/fiend/voice_grab/ros2_ws/src) by extensions ['colcon_pkg']
[1.395s] Level 1:colcon.colcon_core.package_identification:_identify(/home/fiend/voice_grab/ros2_ws/src) by extension 'colcon_pkg'
[1.396s] Level 1:colcon.colcon_core.package_identification:_identify(/home/fiend/voice_grab/ros2_ws/src) by extensions ['colcon_meta']
[1.396s] Level 1:colcon.colcon_core.package_identification:_identify(/home/fiend/voice_grab/ros2_ws/src) by extension 'colcon_meta'
[1.396s] Level 1:colcon.colcon_core.package_identification:_identify(/home/fiend/voice_grab/ros2_ws/src) by extensions ['ros']
[1.396s] Level 1:colcon.colcon_core.package_identification:_identify(/home/fiend/voice_grab/ros2_ws/src) by extension 'ros'
[1.397s] Level 1:colcon.colcon_core.package_identification:_identify(/home/fiend/voice_grab/ros2_ws/src) by extensions ['cmake', 'python']
[1.397s] Level 1:colcon.colcon_core.package_identification:_identify(/home/fiend/voice_grab/ros2_ws/src) by extension 'cmake'
[1.397s] Level 1:colcon.colcon_core.package_identification:_identify(/home/fiend/voice_grab/ros2_ws/src) by extension 'python'
[1.397s] Level 1:colcon.colcon_core.package_identification:_identify(/home/fiend/voice_grab/ros2_ws/src) by extensions ['python_setup_py']
[1.397s] Level 1:colcon.colcon_core.package_identification:_identify(/home/fiend/voice_grab/ros2_ws/src) by extension 'python_setup_py'
[1.398s] Level 1:colcon.colcon_core.package_identification:_identify(/home/fiend/voice_grab/ros2_ws/src/Universal_Robots_ROS2_Description) by extensions ['ignore', 'ignore_ament_install']
[1.398s] Level 1:colcon.colcon_core.package_identification:_identify(/home/fiend/voice_grab/ros2_ws/src/Universal_Robots_ROS2_Description) by extension 'ignore'
[1.398s] Level 1:colcon.colcon_core.package_identification:_identify(/home/fiend/voice_grab/ros2_ws/src/Universal_Robots_ROS2_Description) by extension 'ignore_ament_install'
[1.398s] Level 1:colcon.colcon_core.package_identification:_identify(/home/fiend/voice_grab/ros2_ws/src/Universal_Robots_ROS2_Description) by extensions ['colcon_pkg']
[1.399s] Level 1:colcon.colcon_core.package_identification:_identify(/home/fiend/voice_grab/ros2_ws/src/Universal_Robots_ROS2_Description) by extension 'colcon_pkg'
[1.399s] Level 1:colcon.colcon_core.package_identification:_identify(/home/fiend/voice_grab/ros2_ws/src/Universal_Robots_ROS2_Description) by extensions ['colcon_meta']
[1.399s] Level 1:colcon.colcon_core.package_identification:_identify(/home/fiend/voice_grab/ros2_ws/src/Universal_Robots_ROS2_Description) by extension 'colcon_meta'
[1.399s] Level 1:colcon.colcon_core.package_identification:_identify(/home/fiend/voice_grab/ros2_ws/src/Universal_Robots_ROS2_Description) by extensions ['ros']
[1.400s] Level 1:colcon.colcon_core.package_identification:_identify(/home/fiend/voice_grab/ros2_ws/src/Universal_Robots_ROS2_Description) by extension 'ros'
[1.412s] DEBUG:colcon.colcon_core.package_identification:Found ROS schema reference in package manifest in '/home/fiend/voice_grab/ros2_ws/src/Universal_Robots_ROS2_Description'
[1.412s] WARNING:colcon.colcon_core.package_identification:Failed to parse ROS package manifest in '/home/fiend/voice_grab/ros2_ws/src/Universal_Robots_ROS2_Description': Error(s) in package '/home/fiend/voice_grab/ros2_ws/src/Universal_Robots_ROS2_Description/package.xml':
The package node must contain at least one "license" tag
[1.413s] Level 1:colcon.colcon_core.package_identification:_identify(/home/fiend/voice_grab/ros2_ws/src/Universal_Robots_ROS2_Description) by extensions ['cmake', 'python']
[1.413s] Level 1:colcon.colcon_core.package_identification:_identify(/home/fiend/voice_grab/ros2_ws/src/Universal_Robots_ROS2_Description) by extension 'cmake'
[1.421s] Level 1:colcon.colcon_core.package_identification:_identify(/home/fiend/voice_grab/ros2_ws/src/Universal_Robots_ROS2_Description) by extension 'python'
[1.421s] DEBUG:colcon.colcon_core.package_identification:Package '/home/fiend/voice_grab/ros2_ws/src/Universal_Robots_ROS2_Description' with type 'cmake' and name 'ur_description'
[1.421s] Level 1:colcon.colcon_core.package_identification:_identify(/home/fiend/voice_grab/ros2_ws/src/ur_robotiq) by extensions ['ignore', 'ignore_ament_install']
[1.422s] Level 1:colcon.colcon_core.package_identification:_identify(/home/fiend/voice_grab/ros2_ws/src/ur_robotiq) by extension 'ignore'
[1.422s] Level 1:colcon.colcon_core.package_identification:_identify(/home/fiend/voice_grab/ros2_ws/src/ur_robotiq) by extension 'ignore_ament_install'
[1.422s] Level 1:colcon.colcon_core.package_identification:_identify(/home/fiend/voice_grab/ros2_ws/src/ur_robotiq) by extensions ['colcon_pkg']
[1.422s] Level 1:colcon.colcon_core.package_identification:_identify(/home/fiend/voice_grab/ros2_ws/src/ur_robotiq) by extension 'colcon_pkg'
[1.422s] Level 1:colcon.colcon_core.package_identification:_identify(/home/fiend/voice_grab/ros2_ws/src/ur_robotiq) by extensions ['colcon_meta']
[1.423s] Level 1:colcon.colcon_core.package_identification:_identify(/home/fiend/voice_grab/ros2_ws/src/ur_robotiq) by extension 'colcon_meta'
[1.423s] Level 1:colcon.colcon_core.package_identification:_identify(/home/fiend/voice_grab/ros2_ws/src/ur_robotiq) by extensions ['ros']
[1.423s] Level 1:colcon.colcon_core.package_identification:_identify(/home/fiend/voice_grab/ros2_ws/src/ur_robotiq) by extension 'ros'
[1.424s] Level 1:colcon.colcon_core.package_identification:_identify(/home/fiend/voice_grab/ros2_ws/src/ur_robotiq) by extensions ['cmake', 'python']
[1.424s] Level 1:colcon.colcon_core.package_identification:_identify(/home/fiend/voice_grab/ros2_ws/src/ur_robotiq) by extension 'cmake'
[1.424s] Level 1:colcon.colcon_core.package_identification:_identify(/home/fiend/voice_grab/ros2_ws/src/ur_robotiq) by extension 'python'
[1.424s] Level 1:colcon.colcon_core.package_identification:_identify(/home/fiend/voice_grab/ros2_ws/src/ur_robotiq) by extensions ['python_setup_py']
[1.424s] Level 1:colcon.colcon_core.package_identification:_identify(/home/fiend/voice_grab/ros2_ws/src/ur_robotiq) by extension 'python_setup_py'
[1.425s] Level 1:colcon.colcon_core.package_identification:_identify(/home/fiend/voice_grab/ros2_ws/src/ur_robotiq/ur_robotiq) by extensions ['ignore', 'ignore_ament_install']
[1.425s] Level 1:colcon.colcon_core.package_identification:_identify(/home/fiend/voice_grab/ros2_ws/src/ur_robotiq/ur_robotiq) by extension 'ignore'
[1.426s] Level 1:colcon.colcon_core.package_identification:_identify(/home/fiend/voice_grab/ros2_ws/src/ur_robotiq/ur_robotiq) by extension 'ignore_ament_install'
[1.426s] Level 1:colcon.colcon_core.package_identification:_identify(/home/fiend/voice_grab/ros2_ws/src/ur_robotiq/ur_robotiq) by extensions ['colcon_pkg']
[1.426s] Level 1:colcon.colcon_core.package_identification:_identify(/home/fiend/voice_grab/ros2_ws/src/ur_robotiq/ur_robotiq) by extension 'colcon_pkg'
[1.426s] Level 1:colcon.colcon_core.package_identification:_identify(/home/fiend/voice_grab/ros2_ws/src/ur_robotiq/ur_robotiq) by extensions ['colcon_meta']
[1.426s] Level 1:colcon.colcon_core.package_identification:_identify(/home/fiend/voice_grab/ros2_ws/src/ur_robotiq/ur_robotiq) by extension 'colcon_meta'
[1.427s] Level 1:colcon.colcon_core.package_identification:_identify(/home/fiend/voice_grab/ros2_ws/src/ur_robotiq/ur_robotiq) by extensions ['ros']
[1.427s] Level 1:colcon.colcon_core.package_identification:_identify(/home/fiend/voice_grab/ros2_ws/src/ur_robotiq/ur_robotiq) by extension 'ros'
[1.429s] DEBUG:colcon.colcon_core.package_identification:Package '/home/fiend/voice_grab/ros2_ws/src/ur_robotiq/ur_robotiq' with type 'ros.ament_cmake' and name 'ur_robotiq'
[1.429s] Level 1:colcon.colcon_core.package_identification:_identify(/home/fiend/voice_grab/ros2_ws/src/ur_robotiq/ur_robotiq_description) by extensions ['ignore', 'ignore_ament_install']
[1.429s] Level 1:colcon.colcon_core.package_identification:_identify(/home/fiend/voice_grab/ros2_ws/src/ur_robotiq/ur_robotiq_description) by extension 'ignore'
[1.430s] Level 1:colcon.colcon_core.package_identification:_identify(/home/fiend/voice_grab/ros2_ws/src/ur_robotiq/ur_robotiq_description) by extension 'ignore_ament_install'
[1.430s] Level 1:colcon.colcon_core.package_identification:_identify(/home/fiend/voice_grab/ros2_ws/src/ur_robotiq/ur_robotiq_description) by extensions ['colcon_pkg']
[1.430s] Level 1:colcon.colcon_core.package_identification:_identify(/home/fiend/voice_grab/ros2_ws/src/ur_robotiq/ur_robotiq_description) by extension 'colcon_pkg'
[1.430s] Level 1:colcon.colcon_core.package_identification:_identify(/home/fiend/voice_grab/ros2_ws/src/ur_robotiq/ur_robotiq_description) by extensions ['colcon_meta']
[1.430s] Level 1:colcon.colcon_core.package_identification:_identify(/home/fiend/voice_grab/ros2_ws/src/ur_robotiq/ur_robotiq_description) by extension 'colcon_meta'
[1.430s] Level 1:colcon.colcon_core.package_identification:_identify(/home/fiend/voice_grab/ros2_ws/src/ur_robotiq/ur_robotiq_description) by extensions ['ros']
[1.431s] Level 1:colcon.colcon_core.package_identification:_identify(/home/fiend/voice_grab/ros2_ws/src/ur_robotiq/ur_robotiq_description) by extension 'ros'
[1.432s] DEBUG:colcon.colcon_core.package_identification:Package '/home/fiend/voice_grab/ros2_ws/src/ur_robotiq/ur_robotiq_description' with type 'ros.ament_cmake' and name 'ur_robotiq_description'
[1.433s] Level 1:colcon.colcon_core.package_identification:_identify(/home/fiend/voice_grab/ros2_ws/src/voice_grabber) by extensions ['ignore', 'ignore_ament_install']
[1.433s] Level 1:colcon.colcon_core.package_identification:_identify(/home/fiend/voice_grab/ros2_ws/src/voice_grabber) by extension 'ignore'
[1.433s] Level 1:colcon.colcon_core.package_identification:_identify(/home/fiend/voice_grab/ros2_ws/src/voice_grabber) by extension 'ignore_ament_install'
[1.433s] Level 1:colcon.colcon_core.package_identification:_identify(/home/fiend/voice_grab/ros2_ws/src/voice_grabber) by extensions ['colcon_pkg']
[1.434s] Level 1:colcon.colcon_core.package_identification:_identify(/home/fiend/voice_grab/ros2_ws/src/voice_grabber) by extension 'colcon_pkg'
[1.434s] Level 1:colcon.colcon_core.package_identification:_identify(/home/fiend/voice_grab/ros2_ws/src/voice_grabber) by extensions ['colcon_meta']
[1.434s] Level 1:colcon.colcon_core.package_identification:_identify(/home/fiend/voice_grab/ros2_ws/src/voice_grabber) by extension 'colcon_meta'
[1.434s] Level 1:colcon.colcon_core.package_identification:_identify(/home/fiend/voice_grab/ros2_ws/src/voice_grabber) by extensions ['ros']
[1.434s] Level 1:colcon.colcon_core.package_identification:_identify(/home/fiend/voice_grab/ros2_ws/src/voice_grabber) by extension 'ros'
[1.462s] DEBUG:colcon.colcon_core.package_identification:Package '/home/fiend/voice_grab/ros2_ws/src/voice_grabber' with type 'ros.ament_cmake' and name 'voice_grabber'
[1.462s] Level 1:colcon.colcon_core.package_discovery:discover_packages(recursive) using defaults
