[0.143s] Invoking command in '/home/fiend/voice_grab/ros2_ws/build/ur_robotiq_description': CMAKE_PREFIX_PATH=${CMAKE_PREFIX_PATH}:/opt/ros/humble PS1=
\[[38;5;166m\]~/voice_grab/ros2_ws\[[0m\] underwent \[[36m\]2s\[[0m\]
\[[1;38;5;166m\]➜\[[0m\] /usr/bin/cmake /home/fiend/voice_grab/ros2_ws/src/ur_robotiq/ur_robotiq_description -DCMAKE_INSTALL_PREFIX=/home/fiend/voice_grab/ros2_ws/install/ur_robotiq_description
[0.173s] -- Found ament_cmake: 1.3.8 (/opt/ros/humble/share/ament_cmake/cmake)
[0.307s] -- Found robotiq_description: 0.0.1 (/opt/ros/humble/share/robotiq_description/cmake)
[0.308s] -- Found ur_description: 2.1.3 (/opt/ros/humble/share/ur_description/cmake)
[0.309s] -- Found moveit: 2.5.5 (/opt/ros/humble/share/moveit/cmake)
[0.326s] [31mCMake Error at CMakeLists.txt:18 (find_package):
[0.326s]   By not providing "Findrlccpp.cmake" in CMAKE_MODULE_PATH this project has
[0.327s]   asked CMake to find a package configuration file provided by "rlccpp", but
[0.327s]   CMake did not find one.
[0.327s] 
[0.327s]   Could not find a package configuration file provided by "rlccpp" with any
[0.327s]   of the following names:
[0.327s] 
[0.327s]     rlccppConfig.cmake
[0.327s]     rlccpp-config.cmake
[0.327s] 
[0.327s]   Add the installation prefix of "rlccpp" to CMAKE_PREFIX_PATH or set
[0.327s]   "rlccpp_DIR" to a directory containing one of the above files.  If "rlccpp"
[0.327s]   provides a separate development package or SDK, be sure it has been
[0.327s]   installed.
[0.327s] 
[0.327s] [0m
[0.327s] -- Configuring incomplete, errors occurred!
[0.327s] See also "/home/fiend/voice_grab/ros2_ws/build/ur_robotiq_description/CMakeFiles/CMakeOutput.log".
[0.330s] Invoked command in '/home/fiend/voice_grab/ros2_ws/build/ur_robotiq_description' returned '1': CMAKE_PREFIX_PATH=${CMAKE_PREFIX_PATH}:/opt/ros/humble PS1=
\[[38;5;166m\]~/voice_grab/ros2_ws\[[0m\] underwent \[[36m\]2s\[[0m\]
\[[1;38;5;166m\]➜\[[0m\] /usr/bin/cmake /home/fiend/voice_grab/ros2_ws/src/ur_robotiq/ur_robotiq_description -DCMAKE_INSTALL_PREFIX=/home/fiend/voice_grab/ros2_ws/install/ur_robotiq_description
