[0.045s] Invoking command in '/home/fiend/voice_grab/ros2_ws/build/robotiq': CMAKE_PREFIX_PATH=${CMAKE_PREFIX_PATH}:/home/fiend/ws_moveit2/install/moveit_configs_utils:/home/fiend/ws_moveit2/install/launch_param_builder:/opt/ros/humble /usr/bin/cmake /home/fiend/voice_grab/ros2_ws/src/robotiq/robotiq -DAMENT_CMAKE_SYMLINK_INSTALL=1 -DCMAKE_INSTALL_PREFIX=/home/fiend/voice_grab/ros2_ws/install/robotiq
[0.054s] [0mCMake Deprecation Warning at CMakeLists.txt:1 (cmake_minimum_required):
[0.055s]   Compatibility with CMake < 2.8.12 will be removed from a future version of
[0.055s]   CMake.
[0.055s] 
[0.055s]   Update the VERSION argument <min> value or use a ...<max> suffix to tell
[0.055s]   CMake that the project does not need compatibility with older versions.
[0.055s] 
[0.055s] [0m
[0.057s] -- Found ament_cmake_auto: 1.3.9 (/opt/ros/humble/share/ament_cmake_auto/cmake)
[0.179s] -- Override CMake install command with custom implementation using symlinks instead of copying resources
[0.238s] [33mCMake Warning (dev) at /opt/ros/humble/share/ament_cmake_core/cmake/core/ament_execute_extensions.cmake:41 (if):
[0.238s]   Policy CMP0057 is not set: Support new IN_LIST if() operator.  Run "cmake
[0.238s]   --help-policy CMP0057" for policy details.  Use the cmake_policy command to
[0.239s]   set the policy and suppress this warning.
[0.239s] 
[0.239s]   IN_LIST will be interpreted as an operator when the policy is set to NEW.
[0.239s]   Since the policy is not set the OLD behavior will be used.
[0.239s] Call Stack (most recent call first):
[0.240s]   /opt/ros/humble/share/ament_cmake_core/cmake/core/ament_package.cmake:66 (ament_execute_extensions)
[0.241s]   /opt/ros/humble/share/ament_cmake_auto/cmake/ament_auto_package.cmake:102 (ament_package)
[0.241s]   CMakeLists.txt:4 (ament_auto_package)
[0.241s] This warning is for project developers.  Use -Wno-dev to suppress it.
[0.241s] [0m
[0.241s] [31mCMake Error at /opt/ros/humble/share/ament_cmake_core/cmake/core/ament_execute_extensions.cmake:41 (if):
[0.241s]   if given arguments:
[0.242s] 
[0.242s]     "ament_cmake_core" "IN_LIST" "_ARG_EXCLUDE"
[0.242s] 
[0.242s]   Unknown arguments specified
[0.242s] Call Stack (most recent call first):
[0.242s]   /opt/ros/humble/share/ament_cmake_core/cmake/core/ament_package.cmake:66 (ament_execute_extensions)
[0.242s]   /opt/ros/humble/share/ament_cmake_auto/cmake/ament_auto_package.cmake:102 (ament_package)
[0.242s]   CMakeLists.txt:4 (ament_auto_package)
[0.242s] 
[0.242s] [0m
[0.242s] -- Configuring incomplete, errors occurred!
[0.242s] See also "/home/fiend/voice_grab/ros2_ws/build/robotiq/CMakeFiles/CMakeOutput.log".
[0.250s] Invoked command in '/home/fiend/voice_grab/ros2_ws/build/robotiq' returned '1': CMAKE_PREFIX_PATH=${CMAKE_PREFIX_PATH}:/home/fiend/ws_moveit2/install/moveit_configs_utils:/home/fiend/ws_moveit2/install/launch_param_builder:/opt/ros/humble /usr/bin/cmake /home/fiend/voice_grab/ros2_ws/src/robotiq/robotiq -DAMENT_CMAKE_SYMLINK_INSTALL=1 -DCMAKE_INSTALL_PREFIX=/home/fiend/voice_grab/ros2_ws/install/robotiq
