[0.070s] Invoking command in '/home/fiend/voice_grab/ros2_ws/build/robotiq_3f_gripper_visualization': /usr/bin/cmake /home/fiend/voice_grab/ros2_ws/src/robotiq/robotiq_3f_gripper_visualization -DCATKIN_INSTALL_INTO_PREFIX_ROOT=0 -DCATKIN_SYMLINK_INSTALL=ON -DCMAKE_INSTALL_PREFIX=/home/fiend/voice_grab/ros2_ws/install/robotiq_3f_gripper_visualization
[0.102s] [0mCMake Deprecation Warning at CMakeLists.txt:2 (cmake_minimum_required):
[0.102s]   Compatibility with CMake < 2.8.12 will be removed from a future version of
[0.102s]   CMake.
[0.102s] 
[0.102s]   Update the VERSION argument <min> value or use a ...<max> suffix to tell
[0.103s]   CMake that the project does not need compatibility with older versions.
[0.104s] 
[0.104s] [0m
[0.152s] -- The C compiler identification is GNU 11.4.0
[0.225s] -- The CXX compiler identification is GNU 11.4.0
[0.235s] -- Detecting C compiler ABI info
[0.338s] -- Detecting C compiler ABI info - done
[0.348s] -- Check for working C compiler: /usr/bin/cc - skipped
[0.348s] -- Detecting C compile features
[0.348s] -- Detecting C compile features - done
[0.352s] -- Detecting CXX compiler ABI info
[0.454s] -- Detecting CXX compiler ABI info - done
[0.462s] -- Check for working CXX compiler: /usr/bin/c++ - skipped
[0.462s] -- Detecting CXX compile features
[0.463s] -- Detecting CXX compile features - done
[0.481s] [31mCMake Error at CMakeLists.txt:4 (find_package):
[0.482s]   By not providing "Findcatkin.cmake" in CMAKE_MODULE_PATH this project has
[0.482s]   asked CMake to find a package configuration file provided by "catkin", but
[0.483s]   CMake did not find one.
[0.483s] 
[0.483s]   Could not find a package configuration file provided by "catkin" with any
[0.483s]   of the following names:
[0.483s] 
[0.483s]     catkinConfig.cmake
[0.484s]     catkin-config.cmake
[0.485s] 
[0.485s]   Add the installation prefix of "catkin" to CMAKE_PREFIX_PATH or set
[0.485s]   "catkin_DIR" to a directory containing one of the above files.  If "catkin"
[0.485s]   provides a separate development package or SDK, be sure it has been
[0.485s]   installed.
[0.485s] 
[0.485s] [0m
[0.485s] -- Configuring incomplete, errors occurred!
[0.486s] See also "/home/fiend/voice_grab/ros2_ws/build/robotiq_3f_gripper_visualization/CMakeFiles/CMakeOutput.log".
[0.509s] Invoked command in '/home/fiend/voice_grab/ros2_ws/build/robotiq_3f_gripper_visualization' returned '1': /usr/bin/cmake /home/fiend/voice_grab/ros2_ws/src/robotiq/robotiq_3f_gripper_visualization -DCATKIN_INSTALL_INTO_PREFIX_ROOT=0 -DCATKIN_SYMLINK_INSTALL=ON -DCMAKE_INSTALL_PREFIX=/home/fiend/voice_grab/ros2_ws/install/robotiq_3f_gripper_visualization
