[0.015s] Invoking command in '/home/fiend/voice_grab/ros2_ws/build/voice_grabber': CMAKE_PREFIX_PATH=${CMAKE_PREFIX_PATH}:/opt/ros/humble PS1=
\[[38;5;156m\]\[[0m\]\[[38;5;166m\]ros2_ws\[[0m\]\[[38;5;166m\]\[[0m\] on \[[38;5;162m\] \[[0m\]\[[38;5;162m\]master\[[0m\]
\[[1;38;5;166m\]➜\[[0m\] /usr/bin/cmake /home/fiend/voice_grab/ros2_ws/src/voice_grabber -DAMENT_CMAKE_SYMLINK_INSTALL=1 -DCMAKE_INSTALL_PREFIX=/home/fiend/voice_grab/ros2_ws/install/voice_grabber
[0.041s] -- Found rclcpp: 16.0.8 (/opt/ros/humble/share/rclcpp/cmake)
[0.159s] -- Override CMake install command with custom implementation using symlinks instead of copying resources
[0.208s] -- Found rosidl_generator_c: 3.1.5 (/opt/ros/humble/share/rosidl_generator_c/cmake)
[0.211s] -- Found rosidl_adapter: 3.1.5 (/opt/ros/humble/share/rosidl_adapter/cmake)
[0.219s] -- Found rosidl_generator_cpp: 3.1.5 (/opt/ros/humble/share/rosidl_generator_cpp/cmake)
[0.233s] -- Using all available rosidl_typesupport_c: rosidl_typesupport_fastrtps_c;rosidl_typesupport_introspection_c
[0.250s] -- Using all available rosidl_typesupport_cpp: rosidl_typesupport_fastrtps_cpp;rosidl_typesupport_introspection_cpp
[0.313s] -- Found rmw_implementation_cmake: 6.1.1 (/opt/ros/humble/share/rmw_implementation_cmake/cmake)
[0.316s] -- Found rmw_fastrtps_cpp: 6.2.6 (/opt/ros/humble/share/rmw_fastrtps_cpp/cmake)
[0.454s] -- Using RMW implementation 'rmw_fastrtps_cpp' as default
[0.603s] -- Found rclpy: 3.3.12 (/opt/ros/humble/share/rclpy/cmake)
[0.604s] -- Found sensor_msgs: 4.2.3 (/opt/ros/humble/share/sensor_msgs/cmake)
[0.722s] -- Found audio_common_msgs: 0.3.12 (/usr/local/share/audio_common_msgs/cmake)
[0.852s] -- Found ament_lint_auto: 0.12.10 (/opt/ros/humble/share/ament_lint_auto/cmake)
[0.918s] -- Added test 'cppcheck' to perform static code analysis on C / C++ code
[0.918s] -- Configured cppcheck include dirs: /home/fiend/voice_grab/ros2_ws/src/voice_grabber/include
[0.918s] -- Configured cppcheck exclude dirs and/or files: 
[0.918s] -- Added test 'flake8' to check Python code syntax and style conventions
[0.919s] -- Added test 'lint_cmake' to check CMake code style
[0.920s] -- Added test 'pep257' to check Python code against some of the docstring style conventions in PEP 257
[0.921s] -- Added test 'uncrustify' to check C / C++ code style
[0.921s] -- Configured uncrustify additional arguments: 
[0.921s] -- Added test 'xmllint' to check XML markup files
[0.922s] -- Configuring done
[0.940s] -- Generating done
[0.941s] -- Build files have been written to: /home/fiend/voice_grab/ros2_ws/build/voice_grabber
[0.949s] Invoked command in '/home/fiend/voice_grab/ros2_ws/build/voice_grabber' returned '0': CMAKE_PREFIX_PATH=${CMAKE_PREFIX_PATH}:/opt/ros/humble PS1=
\[[38;5;156m\]\[[0m\]\[[38;5;166m\]ros2_ws\[[0m\]\[[38;5;166m\]\[[0m\] on \[[38;5;162m\] \[[0m\]\[[38;5;162m\]master\[[0m\]
\[[1;38;5;166m\]➜\[[0m\] /usr/bin/cmake /home/fiend/voice_grab/ros2_ws/src/voice_grabber -DAMENT_CMAKE_SYMLINK_INSTALL=1 -DCMAKE_INSTALL_PREFIX=/home/fiend/voice_grab/ros2_ws/install/voice_grabber
[0.951s] Invoking command in '/home/fiend/voice_grab/ros2_ws/build/voice_grabber': CMAKE_PREFIX_PATH=${CMAKE_PREFIX_PATH}:/opt/ros/humble PS1=
\[[38;5;156m\]\[[0m\]\[[38;5;166m\]ros2_ws\[[0m\]\[[38;5;166m\]\[[0m\] on \[[38;5;162m\] \[[0m\]\[[38;5;162m\]master\[[0m\]
\[[1;38;5;166m\]➜\[[0m\] /usr/bin/cmake --build /home/fiend/voice_grab/ros2_ws/build/voice_grabber -- -j8 -l8
[0.983s] [35m[1mConsolidate compiler generated dependencies of target Speech_Listner_Node[0m
[0.984s] [35m[1mConsolidate compiler generated dependencies of target Text_Display_Node[0m
[1.003s] [ 50%] Built target Text_Display_Node
[1.004s] [100%] Built target Speech_Listner_Node
[1.006s] [100%] Built target ament_cmake_python_symlink_voice_grabber
[1.286s] running egg_info
[1.286s] writing voice_grabber.egg-info/PKG-INFO
[1.287s] writing dependency_links to voice_grabber.egg-info/dependency_links.txt
[1.287s] writing top-level names to voice_grabber.egg-info/top_level.txt
[1.289s] reading manifest file 'voice_grabber.egg-info/SOURCES.txt'
[1.289s] writing manifest file 'voice_grabber.egg-info/SOURCES.txt'
[1.314s] [100%] Built target ament_cmake_python_build_voice_grabber_egg
[1.324s] Invoked command in '/home/fiend/voice_grab/ros2_ws/build/voice_grabber' returned '0': CMAKE_PREFIX_PATH=${CMAKE_PREFIX_PATH}:/opt/ros/humble PS1=
\[[38;5;156m\]\[[0m\]\[[38;5;166m\]ros2_ws\[[0m\]\[[38;5;166m\]\[[0m\] on \[[38;5;162m\] \[[0m\]\[[38;5;162m\]master\[[0m\]
\[[1;38;5;166m\]➜\[[0m\] /usr/bin/cmake --build /home/fiend/voice_grab/ros2_ws/build/voice_grabber -- -j8 -l8
[1.354s] Invoking command in '/home/fiend/voice_grab/ros2_ws/build/voice_grabber': CMAKE_PREFIX_PATH=${CMAKE_PREFIX_PATH}:/opt/ros/humble PS1=
\[[38;5;156m\]\[[0m\]\[[38;5;166m\]ros2_ws\[[0m\]\[[38;5;166m\]\[[0m\] on \[[38;5;162m\] \[[0m\]\[[38;5;162m\]master\[[0m\]
\[[1;38;5;166m\]➜\[[0m\] /usr/bin/cmake --install /home/fiend/voice_grab/ros2_ws/build/voice_grabber
[1.360s] -- Install configuration: "Release"
[1.360s] -- Execute custom install script
[1.361s] -- Up-to-date symlink: /home/fiend/voice_grab/ros2_ws/install/voice_grabber/share/voice_grabber/launch/launch_aud.launch.py
[1.361s] -- Up-to-date symlink: /home/fiend/voice_grab/ros2_ws/install/voice_grabber/lib/voice_grabber/Speech_Listner_Node
[1.361s] -- Up-to-date symlink: /home/fiend/voice_grab/ros2_ws/install/voice_grabber/lib/voice_grabber/Text_Display_Node
[1.362s] -- Up-to-date symlink: /home/fiend/voice_grab/ros2_ws/install/voice_grabber/share/voice_grabber/environment/pythonpath.sh
[1.362s] -- Up-to-date symlink: /home/fiend/voice_grab/ros2_ws/install/voice_grabber/share/voice_grabber/environment/pythonpath.dsv
[1.362s] -- Up-to-date symlink: /home/fiend/voice_grab/ros2_ws/install/voice_grabber/local/lib/python3.10/dist-packages/voice_grabber-0.0.0-py3.10.egg-info/PKG-INFO
[1.362s] -- Up-to-date symlink: /home/fiend/voice_grab/ros2_ws/install/voice_grabber/local/lib/python3.10/dist-packages/voice_grabber-0.0.0-py3.10.egg-info/SOURCES.txt
[1.362s] -- Up-to-date symlink: /home/fiend/voice_grab/ros2_ws/install/voice_grabber/local/lib/python3.10/dist-packages/voice_grabber-0.0.0-py3.10.egg-info/dependency_links.txt
[1.363s] -- Up-to-date symlink: /home/fiend/voice_grab/ros2_ws/install/voice_grabber/local/lib/python3.10/dist-packages/voice_grabber-0.0.0-py3.10.egg-info/top_level.txt
[1.363s] -- Up-to-date symlink: /home/fiend/voice_grab/ros2_ws/install/voice_grabber/local/lib/python3.10/dist-packages/voice_grabber/__init__.py
[1.363s] -- Up-to-date symlink: /home/fiend/voice_grab/ros2_ws/install/voice_grabber/lib/voice_grabber/Vosk.py
[1.363s] -- Up-to-date symlink: /home/fiend/voice_grab/ros2_ws/install/voice_grabber/share/ament_index/resource_index/package_run_dependencies/voice_grabber
[1.364s] -- Up-to-date symlink: /home/fiend/voice_grab/ros2_ws/install/voice_grabber/share/ament_index/resource_index/parent_prefix_path/voice_grabber
[1.364s] -- Up-to-date symlink: /home/fiend/voice_grab/ros2_ws/install/voice_grabber/share/voice_grabber/environment/ament_prefix_path.sh
[1.364s] -- Up-to-date symlink: /home/fiend/voice_grab/ros2_ws/install/voice_grabber/share/voice_grabber/environment/ament_prefix_path.dsv
[1.364s] -- Up-to-date symlink: /home/fiend/voice_grab/ros2_ws/install/voice_grabber/share/voice_grabber/environment/path.sh
[1.365s] -- Up-to-date symlink: /home/fiend/voice_grab/ros2_ws/install/voice_grabber/share/voice_grabber/environment/path.dsv
[1.365s] -- Up-to-date symlink: /home/fiend/voice_grab/ros2_ws/install/voice_grabber/share/voice_grabber/local_setup.bash
[1.365s] -- Up-to-date symlink: /home/fiend/voice_grab/ros2_ws/install/voice_grabber/share/voice_grabber/local_setup.sh
[1.365s] -- Up-to-date symlink: /home/fiend/voice_grab/ros2_ws/install/voice_grabber/share/voice_grabber/local_setup.zsh
[1.366s] -- Up-to-date symlink: /home/fiend/voice_grab/ros2_ws/install/voice_grabber/share/voice_grabber/local_setup.dsv
[1.366s] -- Symlinking: /home/fiend/voice_grab/ros2_ws/install/voice_grabber/share/voice_grabber/package.dsv
[1.374s] -- Up-to-date symlink: /home/fiend/voice_grab/ros2_ws/install/voice_grabber/share/ament_index/resource_index/packages/voice_grabber
[1.374s] -- Up-to-date symlink: /home/fiend/voice_grab/ros2_ws/install/voice_grabber/share/voice_grabber/cmake/voice_grabberConfig.cmake
[1.374s] -- Up-to-date symlink: /home/fiend/voice_grab/ros2_ws/install/voice_grabber/share/voice_grabber/cmake/voice_grabberConfig-version.cmake
[1.374s] -- Up-to-date symlink: /home/fiend/voice_grab/ros2_ws/install/voice_grabber/share/voice_grabber/package.xml
[1.402s] Listing '/home/fiend/voice_grab/ros2_ws/install/voice_grabber/local/lib/python3.10/dist-packages/voice_grabber'...
[1.408s] Invoked command in '/home/fiend/voice_grab/ros2_ws/build/voice_grabber' returned '0': CMAKE_PREFIX_PATH=${CMAKE_PREFIX_PATH}:/opt/ros/humble PS1=
\[[38;5;156m\]\[[0m\]\[[38;5;166m\]ros2_ws\[[0m\]\[[38;5;166m\]\[[0m\] on \[[38;5;162m\] \[[0m\]\[[38;5;162m\]master\[[0m\]
\[[1;38;5;166m\]➜\[[0m\] /usr/bin/cmake --install /home/fiend/voice_grab/ros2_ws/build/voice_grabber
