[2.280s] DEBUG:colcon:Command line arguments: ['/usr/bin/colcon', 'build', '--packages-select', 'ur_robotiq_description']
[2.280s] DEBUG:colcon:Parsed command line arguments: Namespace(log_base=None, log_level=None, verb_name='build', build_base='build', install_base='install', merge_install=False, symlink_install=False, test_result_base=None, continue_on_error=False, executor='parallel', parallel_workers=8, event_handlers=None, ignore_user_meta=False, metas=['./colcon.meta'], base_paths=['.'], packages_ignore=None, packages_ignore_regex=None, paths=None, packages_up_to=None, packages_up_to_regex=None, packages_above=None, packages_above_and_dependencies=None, packages_above_depth=None, packages_select_by_dep=None, packages_skip_by_dep=None, packages_skip_up_to=None, packages_select_build_failed=False, packages_skip_build_finished=False, packages_select_test_failures=False, packages_skip_test_passed=False, packages_select=['ur_robotiq_description'], packages_skip=None, packages_select_regex=None, packages_skip_regex=None, packages_start=None, packages_end=None, allow_overriding=[], cmake_args=None, cmake_target=None, cmake_target_skip_unavailable=False, cmake_clean_cache=False, cmake_clean_first=False, cmake_force_configure=False, ament_cmake_args=None, catkin_cmake_args=None, catkin_skip_building_tests=False, mixin_files=None, mixin=None, verb_parser=<colcon_mixin.mixin.mixin_argument.MixinArgumentDecorator object at 0x76bf2ba111b0>, verb_extension=<colcon_core.verb.build.BuildVerb object at 0x76bf2bba41c0>, main=<bound method BuildVerb.main of <colcon_core.verb.build.BuildVerb object at 0x76bf2bba41c0>>, mixin_verb=('build',))
[2.364s] Level 1:colcon.colcon_core.package_discovery:discover_packages(colcon_meta) check parameters
[2.364s] Level 1:colcon.colcon_core.package_discovery:discover_packages(recursive) check parameters
[2.364s] Level 1:colcon.colcon_core.package_discovery:discover_packages(ignore) check parameters
[2.365s] Level 1:colcon.colcon_core.package_discovery:discover_packages(path) check parameters
[2.365s] Level 1:colcon.colcon_core.package_discovery:discover_packages(colcon_meta) discover
[2.365s] Level 1:colcon.colcon_core.package_discovery:discover_packages(recursive) discover
[2.365s] INFO:colcon.colcon_core.package_discovery:Crawling recursively for packages in '/home/fiend/voice_grab/ros2_ws'
[2.365s] Level 1:colcon.colcon_core.package_identification:_identify(.) by extensions ['ignore', 'ignore_ament_install']
[2.365s] Level 1:colcon.colcon_core.package_identification:_identify(.) by extension 'ignore'
[2.365s] Level 1:colcon.colcon_core.package_identification:_identify(.) by extension 'ignore_ament_install'
[2.365s] Level 1:colcon.colcon_core.package_identification:_identify(.) by extensions ['colcon_pkg']
[2.365s] Level 1:colcon.colcon_core.package_identification:_identify(.) by extension 'colcon_pkg'
[2.365s] Level 1:colcon.colcon_core.package_identification:_identify(.) by extensions ['colcon_meta']
[2.365s] Level 1:colcon.colcon_core.package_identification:_identify(.) by extension 'colcon_meta'
[2.365s] Level 1:colcon.colcon_core.package_identification:_identify(.) by extensions ['ros']
[2.365s] Level 1:colcon.colcon_core.package_identification:_identify(.) by extension 'ros'
[2.381s] Level 1:colcon.colcon_core.package_identification:_identify(.) by extensions ['cmake', 'python']
[2.381s] Level 1:colcon.colcon_core.package_identification:_identify(.) by extension 'cmake'
[2.381s] Level 1:colcon.colcon_core.package_identification:_identify(.) by extension 'python'
[2.381s] Level 1:colcon.colcon_core.package_identification:_identify(.) by extensions ['python_setup_py']
[2.381s] Level 1:colcon.colcon_core.package_identification:_identify(.) by extension 'python_setup_py'
[2.381s] Level 1:colcon.colcon_core.package_identification:_identify(build) by extensions ['ignore', 'ignore_ament_install']
[2.381s] Level 1:colcon.colcon_core.package_identification:_identify(build) by extension 'ignore'
[2.381s] Level 1:colcon.colcon_core.package_identification:_identify(build) ignored
[2.381s] Level 1:colcon.colcon_core.package_identification:_identify(install) by extensions ['ignore', 'ignore_ament_install']
[2.382s] Level 1:colcon.colcon_core.package_identification:_identify(install) by extension 'ignore'
[2.382s] Level 1:colcon.colcon_core.package_identification:_identify(install) ignored
[2.382s] Level 1:colcon.colcon_core.package_identification:_identify(log) by extensions ['ignore', 'ignore_ament_install']
[2.382s] Level 1:colcon.colcon_core.package_identification:_identify(log) by extension 'ignore'
[2.382s] Level 1:colcon.colcon_core.package_identification:_identify(log) ignored
[2.382s] Level 1:colcon.colcon_core.package_identification:_identify(src) by extensions ['ignore', 'ignore_ament_install']
[2.382s] Level 1:colcon.colcon_core.package_identification:_identify(src) by extension 'ignore'
[2.382s] Level 1:colcon.colcon_core.package_identification:_identify(src) by extension 'ignore_ament_install'
[2.382s] Level 1:colcon.colcon_core.package_identification:_identify(src) by extensions ['colcon_pkg']
[2.382s] Level 1:colcon.colcon_core.package_identification:_identify(src) by extension 'colcon_pkg'
[2.382s] Level 1:colcon.colcon_core.package_identification:_identify(src) by extensions ['colcon_meta']
[2.382s] Level 1:colcon.colcon_core.package_identification:_identify(src) by extension 'colcon_meta'
[2.382s] Level 1:colcon.colcon_core.package_identification:_identify(src) by extensions ['ros']
[2.383s] Level 1:colcon.colcon_core.package_identification:_identify(src) by extension 'ros'
[2.383s] Level 1:colcon.colcon_core.package_identification:_identify(src) by extensions ['cmake', 'python']
[2.383s] Level 1:colcon.colcon_core.package_identification:_identify(src) by extension 'cmake'
[2.383s] Level 1:colcon.colcon_core.package_identification:_identify(src) by extension 'python'
[2.383s] Level 1:colcon.colcon_core.package_identification:_identify(src) by extensions ['python_setup_py']
[2.383s] Level 1:colcon.colcon_core.package_identification:_identify(src) by extension 'python_setup_py'
[2.383s] Level 1:colcon.colcon_core.package_identification:_identify(src/ur_robotiq) by extensions ['ignore', 'ignore_ament_install']
[2.383s] Level 1:colcon.colcon_core.package_identification:_identify(src/ur_robotiq) by extension 'ignore'
[2.383s] Level 1:colcon.colcon_core.package_identification:_identify(src/ur_robotiq) by extension 'ignore_ament_install'
[2.383s] Level 1:colcon.colcon_core.package_identification:_identify(src/ur_robotiq) by extensions ['colcon_pkg']
[2.383s] Level 1:colcon.colcon_core.package_identification:_identify(src/ur_robotiq) by extension 'colcon_pkg'
[2.383s] Level 1:colcon.colcon_core.package_identification:_identify(src/ur_robotiq) by extensions ['colcon_meta']
[2.384s] Level 1:colcon.colcon_core.package_identification:_identify(src/ur_robotiq) by extension 'colcon_meta'
[2.384s] Level 1:colcon.colcon_core.package_identification:_identify(src/ur_robotiq) by extensions ['ros']
[2.384s] Level 1:colcon.colcon_core.package_identification:_identify(src/ur_robotiq) by extension 'ros'
[2.384s] Level 1:colcon.colcon_core.package_identification:_identify(src/ur_robotiq) by extensions ['cmake', 'python']
[2.384s] Level 1:colcon.colcon_core.package_identification:_identify(src/ur_robotiq) by extension 'cmake'
[2.384s] Level 1:colcon.colcon_core.package_identification:_identify(src/ur_robotiq) by extension 'python'
[2.384s] Level 1:colcon.colcon_core.package_identification:_identify(src/ur_robotiq) by extensions ['python_setup_py']
[2.384s] Level 1:colcon.colcon_core.package_identification:_identify(src/ur_robotiq) by extension 'python_setup_py'
[2.384s] Level 1:colcon.colcon_core.package_identification:_identify(src/ur_robotiq/ur_robotiq) by extensions ['ignore', 'ignore_ament_install']
[2.384s] Level 1:colcon.colcon_core.package_identification:_identify(src/ur_robotiq/ur_robotiq) by extension 'ignore'
[2.385s] Level 1:colcon.colcon_core.package_identification:_identify(src/ur_robotiq/ur_robotiq) by extension 'ignore_ament_install'
[2.385s] Level 1:colcon.colcon_core.package_identification:_identify(src/ur_robotiq/ur_robotiq) by extensions ['colcon_pkg']
[2.385s] Level 1:colcon.colcon_core.package_identification:_identify(src/ur_robotiq/ur_robotiq) by extension 'colcon_pkg'
[2.385s] Level 1:colcon.colcon_core.package_identification:_identify(src/ur_robotiq/ur_robotiq) by extensions ['colcon_meta']
[2.385s] Level 1:colcon.colcon_core.package_identification:_identify(src/ur_robotiq/ur_robotiq) by extension 'colcon_meta'
[2.385s] Level 1:colcon.colcon_core.package_identification:_identify(src/ur_robotiq/ur_robotiq) by extensions ['ros']
[2.385s] Level 1:colcon.colcon_core.package_identification:_identify(src/ur_robotiq/ur_robotiq) by extension 'ros'
[2.388s] DEBUG:colcon.colcon_core.package_identification:Package 'src/ur_robotiq/ur_robotiq' with type 'ros.ament_cmake' and name 'ur_robotiq'
[2.388s] Level 1:colcon.colcon_core.package_identification:_identify(src/ur_robotiq/ur_robotiq_description) by extensions ['ignore', 'ignore_ament_install']
[2.389s] Level 1:colcon.colcon_core.package_identification:_identify(src/ur_robotiq/ur_robotiq_description) by extension 'ignore'
[2.389s] Level 1:colcon.colcon_core.package_identification:_identify(src/ur_robotiq/ur_robotiq_description) by extension 'ignore_ament_install'
[2.389s] Level 1:colcon.colcon_core.package_identification:_identify(src/ur_robotiq/ur_robotiq_description) by extensions ['colcon_pkg']
[2.389s] Level 1:colcon.colcon_core.package_identification:_identify(src/ur_robotiq/ur_robotiq_description) by extension 'colcon_pkg'
[2.389s] Level 1:colcon.colcon_core.package_identification:_identify(src/ur_robotiq/ur_robotiq_description) by extensions ['colcon_meta']
[2.389s] Level 1:colcon.colcon_core.package_identification:_identify(src/ur_robotiq/ur_robotiq_description) by extension 'colcon_meta'
[2.389s] Level 1:colcon.colcon_core.package_identification:_identify(src/ur_robotiq/ur_robotiq_description) by extensions ['ros']
[2.389s] Level 1:colcon.colcon_core.package_identification:_identify(src/ur_robotiq/ur_robotiq_description) by extension 'ros'
[2.390s] DEBUG:colcon.colcon_core.package_identification:Package 'src/ur_robotiq/ur_robotiq_description' with type 'ros.ament_cmake' and name 'ur_robotiq_description'
[2.390s] Level 1:colcon.colcon_core.package_identification:_identify(src/voice_grabber) by extensions ['ignore', 'ignore_ament_install']
[2.390s] Level 1:colcon.colcon_core.package_identification:_identify(src/voice_grabber) by extension 'ignore'
[2.390s] Level 1:colcon.colcon_core.package_identification:_identify(src/voice_grabber) by extension 'ignore_ament_install'
[2.390s] Level 1:colcon.colcon_core.package_identification:_identify(src/voice_grabber) by extensions ['colcon_pkg']
[2.391s] Level 1:colcon.colcon_core.package_identification:_identify(src/voice_grabber) by extension 'colcon_pkg'
[2.391s] Level 1:colcon.colcon_core.package_identification:_identify(src/voice_grabber) by extensions ['colcon_meta']
[2.391s] Level 1:colcon.colcon_core.package_identification:_identify(src/voice_grabber) by extension 'colcon_meta'
[2.391s] Level 1:colcon.colcon_core.package_identification:_identify(src/voice_grabber) by extensions ['ros']
[2.391s] Level 1:colcon.colcon_core.package_identification:_identify(src/voice_grabber) by extension 'ros'
[2.392s] DEBUG:colcon.colcon_core.package_identification:Package 'src/voice_grabber' with type 'ros.ament_cmake' and name 'voice_grabber'
[2.392s] Level 1:colcon.colcon_core.package_discovery:discover_packages(recursive) using defaults
[2.392s] Level 1:colcon.colcon_core.package_discovery:discover_packages(ignore) discover
[2.392s] Level 1:colcon.colcon_core.package_discovery:discover_packages(ignore) using defaults
[2.392s] Level 1:colcon.colcon_core.package_discovery:discover_packages(path) discover
[2.392s] Level 1:colcon.colcon_core.package_discovery:discover_packages(path) using defaults
[2.491s] INFO:colcon.colcon_core.package_selection:Skipping not selected package 'voice_grabber' in 'src/voice_grabber'
[2.491s] INFO:colcon.colcon_core.package_selection:Skipping not selected package 'ur_robotiq' in 'src/ur_robotiq/ur_robotiq'
[2.539s] Level 1:colcon.colcon_core.package_discovery:discover_packages(prefix_path) check parameters
[2.539s] Level 1:colcon.colcon_core.package_discovery:discover_packages(prefix_path) discover
[2.588s] DEBUG:colcon.colcon_installed_package_information.package_discovery:Found 1 installed packages in /home/fiend/voice_grab/ros2_ws/install
[2.611s] DEBUG:colcon.colcon_installed_package_information.package_discovery:Found 1 installed packages in /home/fiend/Navigation_Bot/dev_ws/install
[2.634s] DEBUG:colcon.colcon_installed_package_information.package_discovery:Found 1 installed packages in /home/fiend/LineFollowingRobot/ros_ws/install
[2.657s] DEBUG:colcon.colcon_installed_package_information.package_discovery:Found 1 installed packages in /home/fiend/ROS/practice_codes_ROS2/articubot_one/install
[2.681s] DEBUG:colcon.colcon_installed_package_information.package_discovery:Found 405 installed packages in /opt/ros/humble
[2.684s] Level 1:colcon.colcon_core.package_discovery:discover_packages(prefix_path) using defaults
[2.846s] Level 5:colcon.colcon_core.verb:set package 'ur_robotiq_description' build argument 'cmake_args' from command line to 'None'
[2.846s] Level 5:colcon.colcon_core.verb:set package 'ur_robotiq_description' build argument 'cmake_target' from command line to 'None'
[2.846s] Level 5:colcon.colcon_core.verb:set package 'ur_robotiq_description' build argument 'cmake_target_skip_unavailable' from command line to 'False'
[2.847s] Level 5:colcon.colcon_core.verb:set package 'ur_robotiq_description' build argument 'cmake_clean_cache' from command line to 'False'
[2.847s] Level 5:colcon.colcon_core.verb:set package 'ur_robotiq_description' build argument 'cmake_clean_first' from command line to 'False'
[2.847s] Level 5:colcon.colcon_core.verb:set package 'ur_robotiq_description' build argument 'cmake_force_configure' from command line to 'False'
[2.847s] Level 5:colcon.colcon_core.verb:set package 'ur_robotiq_description' build argument 'ament_cmake_args' from command line to 'None'
[2.847s] Level 5:colcon.colcon_core.verb:set package 'ur_robotiq_description' build argument 'catkin_cmake_args' from command line to 'None'
[2.847s] Level 5:colcon.colcon_core.verb:set package 'ur_robotiq_description' build argument 'catkin_skip_building_tests' from command line to 'False'
[2.847s] DEBUG:colcon.colcon_core.verb:Building package 'ur_robotiq_description' with the following arguments: {'ament_cmake_args': None, 'build_base': '/home/fiend/voice_grab/ros2_ws/build/ur_robotiq_description', 'catkin_cmake_args': None, 'catkin_skip_building_tests': False, 'cmake_args': None, 'cmake_clean_cache': False, 'cmake_clean_first': False, 'cmake_force_configure': False, 'cmake_target': None, 'cmake_target_skip_unavailable': False, 'install_base': '/home/fiend/voice_grab/ros2_ws/install/ur_robotiq_description', 'merge_install': False, 'path': '/home/fiend/voice_grab/ros2_ws/src/ur_robotiq/ur_robotiq_description', 'symlink_install': False, 'test_result_base': None}
[2.871s] INFO:colcon.colcon_core.executor:Executing jobs using 'parallel' executor
[2.896s] DEBUG:colcon.colcon_parallel_executor.executor.parallel:run_until_complete
[2.896s] INFO:colcon.colcon_ros.task.ament_cmake.build:Building ROS package in '/home/fiend/voice_grab/ros2_ws/src/ur_robotiq/ur_robotiq_description' with build type 'ament_cmake'
[2.896s] INFO:colcon.colcon_cmake.task.cmake.build:Building CMake package in '/home/fiend/voice_grab/ros2_ws/src/ur_robotiq/ur_robotiq_description'
[2.931s] INFO:colcon.colcon_core.plugin_system:Skipping extension 'colcon_core.shell.bat': Not used on non-Windows systems
[2.931s] INFO:colcon.colcon_core.shell:Skip shell extension 'powershell' for command environment: Not usable outside of PowerShell
[2.931s] DEBUG:colcon.colcon_core.shell:Skip shell extension 'dsv' for command environment
[3.100s] DEBUG:colcon.colcon_core.event_handler.log_command:Invoking command in '/home/fiend/voice_grab/ros2_ws/build/ur_robotiq_description': CMAKE_PREFIX_PATH=${CMAKE_PREFIX_PATH}:/opt/ros/humble PS1=
\[[38;5;166m\]~/voice_grab/ros2_ws\[[0m\]
\[[1;38;5;166m\]➜\[[0m\] /usr/bin/cmake --build /home/fiend/voice_grab/ros2_ws/build/ur_robotiq_description -- -j8 -l8
[9.107s] DEBUG:colcon.colcon_core.event_handler.log_command:Invoked command in '/home/fiend/voice_grab/ros2_ws/build/ur_robotiq_description' returned '2': CMAKE_PREFIX_PATH=${CMAKE_PREFIX_PATH}:/opt/ros/humble PS1=
\[[38;5;166m\]~/voice_grab/ros2_ws\[[0m\]
\[[1;38;5;166m\]➜\[[0m\] /usr/bin/cmake --build /home/fiend/voice_grab/ros2_ws/build/ur_robotiq_description -- -j8 -l8
[9.156s] Level 1:colcon.colcon_core.environment:create_environment_scripts_only(ur_robotiq_description)
[9.188s] Level 1:colcon.colcon_core.environment:checking '/home/fiend/voice_grab/ros2_ws/install/ur_robotiq_description' for CMake module files
[9.188s] Level 1:colcon.colcon_core.environment:checking '/home/fiend/voice_grab/ros2_ws/install/ur_robotiq_description' for CMake config files
[9.189s] Level 1:colcon.colcon_core.environment:checking '/home/fiend/voice_grab/ros2_ws/install/ur_robotiq_description/bin'
[9.189s] Level 1:colcon.colcon_core.environment:checking '/home/fiend/voice_grab/ros2_ws/install/ur_robotiq_description/lib/pkgconfig/ur_robotiq_description.pc'
[9.189s] Level 1:colcon.colcon_core.environment:checking '/home/fiend/voice_grab/ros2_ws/install/ur_robotiq_description/lib/python3.10/site-packages'
[9.190s] Level 1:colcon.colcon_core.environment:checking '/home/fiend/voice_grab/ros2_ws/install/ur_robotiq_description/bin'
[9.215s] INFO:colcon.colcon_core.shell:Creating package script '/home/fiend/voice_grab/ros2_ws/install/ur_robotiq_description/share/ur_robotiq_description/package.ps1'
[9.216s] INFO:colcon.colcon_core.shell:Creating package descriptor '/home/fiend/voice_grab/ros2_ws/install/ur_robotiq_description/share/ur_robotiq_description/package.dsv'
[9.217s] INFO:colcon.colcon_core.shell:Creating package script '/home/fiend/voice_grab/ros2_ws/install/ur_robotiq_description/share/ur_robotiq_description/package.sh'
[9.218s] INFO:colcon.colcon_core.shell:Creating package script '/home/fiend/voice_grab/ros2_ws/install/ur_robotiq_description/share/ur_robotiq_description/package.bash'
[9.219s] INFO:colcon.colcon_core.shell:Creating package script '/home/fiend/voice_grab/ros2_ws/install/ur_robotiq_description/share/ur_robotiq_description/package.zsh'
[9.221s] Level 1:colcon.colcon_core.environment:create_file_with_runtime_dependencies(/home/fiend/voice_grab/ros2_ws/install/ur_robotiq_description/share/colcon-core/packages/ur_robotiq_description)
[9.232s] DEBUG:colcon.colcon_parallel_executor.executor.parallel:closing loop
[9.232s] DEBUG:colcon.colcon_parallel_executor.executor.parallel:loop closed
[9.232s] DEBUG:colcon.colcon_parallel_executor.executor.parallel:run_until_complete finished with '2'
[9.232s] DEBUG:colcon.colcon_core.event_reactor:joining thread
[9.273s] INFO:colcon.colcon_core.plugin_system:Skipping extension 'colcon_notification.desktop_notification.terminal_notifier': Not used on non-Darwin systems
[9.273s] INFO:colcon.colcon_core.plugin_system:Skipping extension 'colcon_notification.desktop_notification.win32': Not used on non-Windows systems
[9.273s] INFO:colcon.colcon_notification.desktop_notification:Sending desktop notification using 'notify2'
[9.290s] DEBUG:colcon.colcon_core.event_reactor:joined thread
[9.319s] INFO:colcon.colcon_core.shell:Creating prefix script '/home/fiend/voice_grab/ros2_ws/install/local_setup.ps1'
[9.321s] INFO:colcon.colcon_core.shell:Creating prefix util module '/home/fiend/voice_grab/ros2_ws/install/_local_setup_util_ps1.py'
[9.323s] INFO:colcon.colcon_core.shell:Creating prefix chain script '/home/fiend/voice_grab/ros2_ws/install/setup.ps1'
[9.351s] INFO:colcon.colcon_core.shell:Creating prefix script '/home/fiend/voice_grab/ros2_ws/install/local_setup.sh'
[9.352s] INFO:colcon.colcon_core.shell:Creating prefix util module '/home/fiend/voice_grab/ros2_ws/install/_local_setup_util_sh.py'
[9.352s] INFO:colcon.colcon_core.shell:Creating prefix chain script '/home/fiend/voice_grab/ros2_ws/install/setup.sh'
[9.377s] INFO:colcon.colcon_core.shell:Creating prefix script '/home/fiend/voice_grab/ros2_ws/install/local_setup.bash'
[9.378s] INFO:colcon.colcon_core.shell:Creating prefix chain script '/home/fiend/voice_grab/ros2_ws/install/setup.bash'
[9.405s] INFO:colcon.colcon_core.shell:Creating prefix script '/home/fiend/voice_grab/ros2_ws/install/local_setup.zsh'
[9.405s] INFO:colcon.colcon_core.shell:Creating prefix chain script '/home/fiend/voice_grab/ros2_ws/install/setup.zsh'
