[0.037s] Invoking command in '/home/fiend/voice_grab/ros2_ws/build/robotiq_2f_85_gripper_visualization': /usr/bin/cmake /home/fiend/voice_grab/ros2_ws/src/robotiq/robotiq_2f_85_gripper_visualization -DCATKIN_INSTALL_INTO_PREFIX_ROOT=0 -DCATKIN_SYMLINK_INSTALL=ON -DCMAKE_INSTALL_PREFIX=/home/fiend/voice_grab/ros2_ws/install/robotiq_2f_85_gripper_visualization
[0.048s] -- Found ament_cmake_auto: 1.3.9 (/opt/ros/humble/share/ament_cmake_auto/cmake)
[0.225s] -- Configuring done
[0.227s] -- Generating done
[0.227s] -- Build files have been written to: /home/fiend/voice_grab/ros2_ws/build/robotiq_2f_85_gripper_visualization
[0.239s] Invoked command in '/home/fiend/voice_grab/ros2_ws/build/robotiq_2f_85_gripper_visualization' returned '0': /usr/bin/cmake /home/fiend/voice_grab/ros2_ws/src/robotiq/robotiq_2f_85_gripper_visualization -DCATKIN_INSTALL_INTO_PREFIX_ROOT=0 -DCATKIN_SYMLINK_INSTALL=ON -DCMAKE_INSTALL_PREFIX=/home/fiend/voice_grab/ros2_ws/install/robotiq_2f_85_gripper_visualization
[0.240s] Invoking command in '/home/fiend/voice_grab/ros2_ws/build/robotiq_2f_85_gripper_visualization': /usr/bin/cmake --build /home/fiend/voice_grab/ros2_ws/build/robotiq_2f_85_gripper_visualization -- -j20 -l20
[0.285s] Invoked command in '/home/fiend/voice_grab/ros2_ws/build/robotiq_2f_85_gripper_visualization' returned '0': /usr/bin/cmake --build /home/fiend/voice_grab/ros2_ws/build/robotiq_2f_85_gripper_visualization -- -j20 -l20
[0.369s] Invoking command in '/home/fiend/voice_grab/ros2_ws/build/robotiq_2f_85_gripper_visualization': /usr/bin/cmake --install /home/fiend/voice_grab/ros2_ws/build/robotiq_2f_85_gripper_visualization
[0.377s] -- Install configuration: ""
[0.377s] -- Installing: /home/fiend/voice_grab/ros2_ws/install/robotiq_2f_85_gripper_visualization/share/robotiq_2f_85_gripper_visualization/meshes
[0.377s] -- Installing: /home/fiend/voice_grab/ros2_ws/install/robotiq_2f_85_gripper_visualization/share/robotiq_2f_85_gripper_visualization/meshes/collision
[0.378s] -- Installing: /home/fiend/voice_grab/ros2_ws/install/robotiq_2f_85_gripper_visualization/share/robotiq_2f_85_gripper_visualization/meshes/collision/robotiq_arg2f_85_inner_finger.dae
[0.378s] -- Installing: /home/fiend/voice_grab/ros2_ws/install/robotiq_2f_85_gripper_visualization/share/robotiq_2f_85_gripper_visualization/meshes/collision/robotiq_arg2f_85_inner_knuckle.dae
[0.378s] -- Installing: /home/fiend/voice_grab/ros2_ws/install/robotiq_2f_85_gripper_visualization/share/robotiq_2f_85_gripper_visualization/meshes/collision/robotiq_arg2f_85_base_link.stl
[0.378s] -- Installing: /home/fiend/voice_grab/ros2_ws/install/robotiq_2f_85_gripper_visualization/share/robotiq_2f_85_gripper_visualization/meshes/collision/robotiq_arg2f_base_link.stl
[0.378s] -- Installing: /home/fiend/voice_grab/ros2_ws/install/robotiq_2f_85_gripper_visualization/share/robotiq_2f_85_gripper_visualization/meshes/collision/robotiq_arg2f_85_outer_finger.dae
[0.378s] -- Installing: /home/fiend/voice_grab/ros2_ws/install/robotiq_2f_85_gripper_visualization/share/robotiq_2f_85_gripper_visualization/meshes/collision/robotiq_arg2f_85_outer_knuckle.dae
[0.379s] -- Installing: /home/fiend/voice_grab/ros2_ws/install/robotiq_2f_85_gripper_visualization/share/robotiq_2f_85_gripper_visualization/meshes/visual
[0.379s] -- Installing: /home/fiend/voice_grab/ros2_ws/install/robotiq_2f_85_gripper_visualization/share/robotiq_2f_85_gripper_visualization/meshes/visual/robotiq_arg2f_85_pad.dae
[0.379s] -- Installing: /home/fiend/voice_grab/ros2_ws/install/robotiq_2f_85_gripper_visualization/share/robotiq_2f_85_gripper_visualization/meshes/visual/robotiq_arg2f_85_inner_finger.dae
[0.379s] -- Installing: /home/fiend/voice_grab/ros2_ws/install/robotiq_2f_85_gripper_visualization/share/robotiq_2f_85_gripper_visualization/meshes/visual/robotiq_arg2f_85_inner_knuckle.dae
[0.379s] -- Installing: /home/fiend/voice_grab/ros2_ws/install/robotiq_2f_85_gripper_visualization/share/robotiq_2f_85_gripper_visualization/meshes/visual/robotiq_arg2f_85_outer_finger.dae
[0.379s] -- Installing: /home/fiend/voice_grab/ros2_ws/install/robotiq_2f_85_gripper_visualization/share/robotiq_2f_85_gripper_visualization/meshes/visual/robotiq_arg2f_85_outer_knuckle.dae
[0.379s] -- Installing: /home/fiend/voice_grab/ros2_ws/install/robotiq_2f_85_gripper_visualization/share/robotiq_2f_85_gripper_visualization/meshes/visual/robotiq_arg2f_85_base_link.dae
[0.381s] -- Installing: /home/fiend/voice_grab/ros2_ws/install/robotiq_2f_85_gripper_visualization/share/robotiq_2f_85_gripper_visualization/meshes/visual/robotiq_gripper_coupling.stl
[0.382s] -- Installing: /home/fiend/voice_grab/ros2_ws/install/robotiq_2f_85_gripper_visualization/share/robotiq_2f_85_gripper_visualization/urdf
[0.382s] -- Installing: /home/fiend/voice_grab/ros2_ws/install/robotiq_2f_85_gripper_visualization/share/robotiq_2f_85_gripper_visualization/urdf/robotiq_arg2f_transmission.xacro
[0.382s] -- Installing: /home/fiend/voice_grab/ros2_ws/install/robotiq_2f_85_gripper_visualization/share/robotiq_2f_85_gripper_visualization/urdf/robotiq_arg2f.xacro
[0.382s] -- Installing: /home/fiend/voice_grab/ros2_ws/install/robotiq_2f_85_gripper_visualization/share/robotiq_2f_85_gripper_visualization/urdf/robotiq_arg2f_85_model_macro.xacro
[0.382s] -- Installing: /home/fiend/voice_grab/ros2_ws/install/robotiq_2f_85_gripper_visualization/share/robotiq_2f_85_gripper_visualization/urdf/robotiq_arg2f_85_model.xacro
[0.382s] -- Installing: /home/fiend/voice_grab/ros2_ws/install/robotiq_2f_85_gripper_visualization/share/ament_index/resource_index/package_run_dependencies/robotiq_2f_85_gripper_visualization
[0.382s] -- Installing: /home/fiend/voice_grab/ros2_ws/install/robotiq_2f_85_gripper_visualization/share/ament_index/resource_index/parent_prefix_path/robotiq_2f_85_gripper_visualization
[0.382s] -- Installing: /home/fiend/voice_grab/ros2_ws/install/robotiq_2f_85_gripper_visualization/share/robotiq_2f_85_gripper_visualization/environment/ament_prefix_path.sh
[0.382s] -- Installing: /home/fiend/voice_grab/ros2_ws/install/robotiq_2f_85_gripper_visualization/share/robotiq_2f_85_gripper_visualization/environment/ament_prefix_path.dsv
[0.382s] -- Installing: /home/fiend/voice_grab/ros2_ws/install/robotiq_2f_85_gripper_visualization/share/robotiq_2f_85_gripper_visualization/environment/path.sh
[0.382s] -- Installing: /home/fiend/voice_grab/ros2_ws/install/robotiq_2f_85_gripper_visualization/share/robotiq_2f_85_gripper_visualization/environment/path.dsv
[0.383s] -- Installing: /home/fiend/voice_grab/ros2_ws/install/robotiq_2f_85_gripper_visualization/share/robotiq_2f_85_gripper_visualization/local_setup.bash
[0.383s] -- Installing: /home/fiend/voice_grab/ros2_ws/install/robotiq_2f_85_gripper_visualization/share/robotiq_2f_85_gripper_visualization/local_setup.sh
[0.383s] -- Installing: /home/fiend/voice_grab/ros2_ws/install/robotiq_2f_85_gripper_visualization/share/robotiq_2f_85_gripper_visualization/local_setup.zsh
[0.383s] -- Installing: /home/fiend/voice_grab/ros2_ws/install/robotiq_2f_85_gripper_visualization/share/robotiq_2f_85_gripper_visualization/local_setup.dsv
[0.383s] -- Installing: /home/fiend/voice_grab/ros2_ws/install/robotiq_2f_85_gripper_visualization/share/robotiq_2f_85_gripper_visualization/package.dsv
[0.383s] -- Installing: /home/fiend/voice_grab/ros2_ws/install/robotiq_2f_85_gripper_visualization/share/ament_index/resource_index/packages/robotiq_2f_85_gripper_visualization
[0.383s] -- Installing: /home/fiend/voice_grab/ros2_ws/install/robotiq_2f_85_gripper_visualization/share/robotiq_2f_85_gripper_visualization/cmake/robotiq_2f_85_gripper_visualizationConfig.cmake
[0.383s] -- Installing: /home/fiend/voice_grab/ros2_ws/install/robotiq_2f_85_gripper_visualization/share/robotiq_2f_85_gripper_visualization/cmake/robotiq_2f_85_gripper_visualizationConfig-version.cmake
[0.384s] -- Installing: /home/fiend/voice_grab/ros2_ws/install/robotiq_2f_85_gripper_visualization/share/robotiq_2f_85_gripper_visualization/package.xml
[0.387s] Invoked command in '/home/fiend/voice_grab/ros2_ws/build/robotiq_2f_85_gripper_visualization' returned '0': /usr/bin/cmake --install /home/fiend/voice_grab/ros2_ws/build/robotiq_2f_85_gripper_visualization
