[0.300s] DEBUG:colcon:Command line arguments: ['/usr/bin/colcon', 'build', '--symlink-install', '--cmake-args=-DCMAKE_BUILD_TYPE=Release', '--parallel-workers', '8']
[0.300s] DEBUG:colcon:Parsed command line arguments: Namespace(log_base=None, log_level=None, verb_name='build', build_base='build', install_base='install', merge_install=False, symlink_install=True, test_result_base=None, continue_on_error=False, executor='parallel', parallel_workers=8, event_handlers=None, ignore_user_meta=False, metas=['./colcon.meta'], base_paths=['.'], packages_ignore=None, packages_ignore_regex=None, paths=None, packages_up_to=None, packages_up_to_regex=None, packages_above=None, packages_above_and_dependencies=None, packages_above_depth=None, packages_select_by_dep=None, packages_skip_by_dep=None, packages_skip_up_to=None, packages_select_build_failed=False, packages_skip_build_finished=False, packages_select_test_failures=False, packages_skip_test_passed=False, packages_select=None, packages_skip=None, packages_select_regex=None, packages_skip_regex=None, packages_start=None, packages_end=None, allow_overriding=[], cmake_args=['-DCMAKE_BUILD_TYPE=Release'], cmake_target=None, cmake_target_skip_unavailable=False, cmake_clean_cache=False, cmake_clean_first=False, cmake_force_configure=False, ament_cmake_args=None, catkin_cmake_args=None, catkin_skip_building_tests=False, mixin_files=None, mixin=None, verb_parser=<colcon_mixin.mixin.mixin_argument.MixinArgumentDecorator object at 0x700617b3faf0>, verb_extension=<colcon_core.verb.build.BuildVerb object at 0x700617b3f4c0>, main=<bound method BuildVerb.main of <colcon_core.verb.build.BuildVerb object at 0x700617b3f4c0>>, mixin_verb=('build',))
[0.835s] Level 1:colcon.colcon_core.package_discovery:discover_packages(colcon_meta) check parameters
[0.835s] Level 1:colcon.colcon_core.package_discovery:discover_packages(recursive) check parameters
[0.835s] Level 1:colcon.colcon_core.package_discovery:discover_packages(ignore) check parameters
[0.835s] Level 1:colcon.colcon_core.package_discovery:discover_packages(path) check parameters
[0.835s] Level 1:colcon.colcon_core.package_discovery:discover_packages(colcon_meta) discover
[0.836s] Level 1:colcon.colcon_core.package_discovery:discover_packages(recursive) discover
[0.836s] INFO:colcon.colcon_core.package_discovery:Crawling recursively for packages in '/home/fiend/voice_grab/ros2_ws'
[0.836s] Level 1:colcon.colcon_core.package_identification:_identify(.) by extensions ['ignore', 'ignore_ament_install']
[0.836s] Level 1:colcon.colcon_core.package_identification:_identify(.) by extension 'ignore'
[0.836s] Level 1:colcon.colcon_core.package_identification:_identify(.) by extension 'ignore_ament_install'
[0.837s] Level 1:colcon.colcon_core.package_identification:_identify(.) by extensions ['colcon_pkg']
[0.837s] Level 1:colcon.colcon_core.package_identification:_identify(.) by extension 'colcon_pkg'
[0.837s] Level 1:colcon.colcon_core.package_identification:_identify(.) by extensions ['colcon_meta']
[0.837s] Level 1:colcon.colcon_core.package_identification:_identify(.) by extension 'colcon_meta'
[0.837s] Level 1:colcon.colcon_core.package_identification:_identify(.) by extensions ['ros']
[0.837s] Level 1:colcon.colcon_core.package_identification:_identify(.) by extension 'ros'
[0.874s] Level 1:colcon.colcon_core.package_identification:_identify(.) by extensions ['cmake', 'python']
[0.875s] Level 1:colcon.colcon_core.package_identification:_identify(.) by extension 'cmake'
[0.875s] Level 1:colcon.colcon_core.package_identification:_identify(.) by extension 'python'
[0.875s] Level 1:colcon.colcon_core.package_identification:_identify(.) by extensions ['python_setup_py']
[0.875s] Level 1:colcon.colcon_core.package_identification:_identify(.) by extension 'python_setup_py'
[0.875s] Level 1:colcon.colcon_core.package_identification:_identify(build) by extensions ['ignore', 'ignore_ament_install']
[0.876s] Level 1:colcon.colcon_core.package_identification:_identify(build) by extension 'ignore'
[0.876s] Level 1:colcon.colcon_core.package_identification:_identify(build) ignored
[0.876s] Level 1:colcon.colcon_core.package_identification:_identify(install) by extensions ['ignore', 'ignore_ament_install']
[0.877s] Level 1:colcon.colcon_core.package_identification:_identify(install) by extension 'ignore'
[0.877s] Level 1:colcon.colcon_core.package_identification:_identify(install) ignored
[0.877s] Level 1:colcon.colcon_core.package_identification:_identify(log) by extensions ['ignore', 'ignore_ament_install']
[0.877s] Level 1:colcon.colcon_core.package_identification:_identify(log) by extension 'ignore'
[0.878s] Level 1:colcon.colcon_core.package_identification:_identify(log) ignored
[0.878s] Level 1:colcon.colcon_core.package_identification:_identify(src) by extensions ['ignore', 'ignore_ament_install']
[0.878s] Level 1:colcon.colcon_core.package_identification:_identify(src) by extension 'ignore'
[0.878s] Level 1:colcon.colcon_core.package_identification:_identify(src) by extension 'ignore_ament_install'
[0.878s] Level 1:colcon.colcon_core.package_identification:_identify(src) by extensions ['colcon_pkg']
[0.879s] Level 1:colcon.colcon_core.package_identification:_identify(src) by extension 'colcon_pkg'
[0.879s] Level 1:colcon.colcon_core.package_identification:_identify(src) by extensions ['colcon_meta']
[0.879s] Level 1:colcon.colcon_core.package_identification:_identify(src) by extension 'colcon_meta'
[0.879s] Level 1:colcon.colcon_core.package_identification:_identify(src) by extensions ['ros']
[0.879s] Level 1:colcon.colcon_core.package_identification:_identify(src) by extension 'ros'
[0.879s] Level 1:colcon.colcon_core.package_identification:_identify(src) by extensions ['cmake', 'python']
[0.880s] Level 1:colcon.colcon_core.package_identification:_identify(src) by extension 'cmake'
[0.880s] Level 1:colcon.colcon_core.package_identification:_identify(src) by extension 'python'
[0.880s] Level 1:colcon.colcon_core.package_identification:_identify(src) by extensions ['python_setup_py']
[0.880s] Level 1:colcon.colcon_core.package_identification:_identify(src) by extension 'python_setup_py'
[0.880s] Level 1:colcon.colcon_core.package_identification:_identify(src/Universal_Robots_ROS2_Description) by extensions ['ignore', 'ignore_ament_install']
[0.881s] Level 1:colcon.colcon_core.package_identification:_identify(src/Universal_Robots_ROS2_Description) by extension 'ignore'
[0.881s] Level 1:colcon.colcon_core.package_identification:_identify(src/Universal_Robots_ROS2_Description) by extension 'ignore_ament_install'
[0.881s] Level 1:colcon.colcon_core.package_identification:_identify(src/Universal_Robots_ROS2_Description) by extensions ['colcon_pkg']
[0.881s] Level 1:colcon.colcon_core.package_identification:_identify(src/Universal_Robots_ROS2_Description) by extension 'colcon_pkg'
[0.881s] Level 1:colcon.colcon_core.package_identification:_identify(src/Universal_Robots_ROS2_Description) by extensions ['colcon_meta']
[0.881s] Level 1:colcon.colcon_core.package_identification:_identify(src/Universal_Robots_ROS2_Description) by extension 'colcon_meta'
[0.882s] Level 1:colcon.colcon_core.package_identification:_identify(src/Universal_Robots_ROS2_Description) by extensions ['ros']
[0.882s] Level 1:colcon.colcon_core.package_identification:_identify(src/Universal_Robots_ROS2_Description) by extension 'ros'
[0.887s] DEBUG:colcon.colcon_core.package_identification:Package 'src/Universal_Robots_ROS2_Description' with type 'ros.ament_cmake' and name 'ur_description'
[0.888s] Level 1:colcon.colcon_core.package_identification:_identify(src/ur_robotiq) by extensions ['ignore', 'ignore_ament_install']
[0.888s] Level 1:colcon.colcon_core.package_identification:_identify(src/ur_robotiq) by extension 'ignore'
[0.888s] Level 1:colcon.colcon_core.package_identification:_identify(src/ur_robotiq) by extension 'ignore_ament_install'
[0.888s] Level 1:colcon.colcon_core.package_identification:_identify(src/ur_robotiq) by extensions ['colcon_pkg']
[0.888s] Level 1:colcon.colcon_core.package_identification:_identify(src/ur_robotiq) by extension 'colcon_pkg'
[0.889s] Level 1:colcon.colcon_core.package_identification:_identify(src/ur_robotiq) by extensions ['colcon_meta']
[0.889s] Level 1:colcon.colcon_core.package_identification:_identify(src/ur_robotiq) by extension 'colcon_meta'
[0.889s] Level 1:colcon.colcon_core.package_identification:_identify(src/ur_robotiq) by extensions ['ros']
[0.889s] Level 1:colcon.colcon_core.package_identification:_identify(src/ur_robotiq) by extension 'ros'
[0.889s] Level 1:colcon.colcon_core.package_identification:_identify(src/ur_robotiq) by extensions ['cmake', 'python']
[0.889s] Level 1:colcon.colcon_core.package_identification:_identify(src/ur_robotiq) by extension 'cmake'
[0.890s] Level 1:colcon.colcon_core.package_identification:_identify(src/ur_robotiq) by extension 'python'
[0.890s] Level 1:colcon.colcon_core.package_identification:_identify(src/ur_robotiq) by extensions ['python_setup_py']
[0.890s] Level 1:colcon.colcon_core.package_identification:_identify(src/ur_robotiq) by extension 'python_setup_py'
[0.890s] Level 1:colcon.colcon_core.package_identification:_identify(src/ur_robotiq/ur_robotiq) by extensions ['ignore', 'ignore_ament_install']
[0.891s] Level 1:colcon.colcon_core.package_identification:_identify(src/ur_robotiq/ur_robotiq) by extension 'ignore'
[0.891s] Level 1:colcon.colcon_core.package_identification:_identify(src/ur_robotiq/ur_robotiq) by extension 'ignore_ament_install'
[0.891s] Level 1:colcon.colcon_core.package_identification:_identify(src/ur_robotiq/ur_robotiq) by extensions ['colcon_pkg']
[0.891s] Level 1:colcon.colcon_core.package_identification:_identify(src/ur_robotiq/ur_robotiq) by extension 'colcon_pkg'
[0.891s] Level 1:colcon.colcon_core.package_identification:_identify(src/ur_robotiq/ur_robotiq) by extensions ['colcon_meta']
[0.891s] Level 1:colcon.colcon_core.package_identification:_identify(src/ur_robotiq/ur_robotiq) by extension 'colcon_meta'
[0.892s] Level 1:colcon.colcon_core.package_identification:_identify(src/ur_robotiq/ur_robotiq) by extensions ['ros']
[0.892s] Level 1:colcon.colcon_core.package_identification:_identify(src/ur_robotiq/ur_robotiq) by extension 'ros'
[0.893s] DEBUG:colcon.colcon_core.package_identification:Package 'src/ur_robotiq/ur_robotiq' with type 'ros.ament_cmake' and name 'ur_robotiq'
[0.893s] Level 1:colcon.colcon_core.package_identification:_identify(src/ur_robotiq/ur_robotiq_description) by extensions ['ignore', 'ignore_ament_install']
[0.893s] Level 1:colcon.colcon_core.package_identification:_identify(src/ur_robotiq/ur_robotiq_description) by extension 'ignore'
[0.893s] Level 1:colcon.colcon_core.package_identification:_identify(src/ur_robotiq/ur_robotiq_description) by extension 'ignore_ament_install'
[0.894s] Level 1:colcon.colcon_core.package_identification:_identify(src/ur_robotiq/ur_robotiq_description) by extensions ['colcon_pkg']
[0.894s] Level 1:colcon.colcon_core.package_identification:_identify(src/ur_robotiq/ur_robotiq_description) by extension 'colcon_pkg'
[0.894s] Level 1:colcon.colcon_core.package_identification:_identify(src/ur_robotiq/ur_robotiq_description) by extensions ['colcon_meta']
[0.894s] Level 1:colcon.colcon_core.package_identification:_identify(src/ur_robotiq/ur_robotiq_description) by extension 'colcon_meta'
[0.894s] Level 1:colcon.colcon_core.package_identification:_identify(src/ur_robotiq/ur_robotiq_description) by extensions ['ros']
[0.894s] Level 1:colcon.colcon_core.package_identification:_identify(src/ur_robotiq/ur_robotiq_description) by extension 'ros'
[0.895s] DEBUG:colcon.colcon_core.package_identification:Package 'src/ur_robotiq/ur_robotiq_description' with type 'ros.ament_cmake' and name 'ur_robotiq_description'
[0.896s] Level 1:colcon.colcon_core.package_identification:_identify(src/voice_grabber) by extensions ['ignore', 'ignore_ament_install']
[0.896s] Level 1:colcon.colcon_core.package_identification:_identify(src/voice_grabber) by extension 'ignore'
[0.896s] Level 1:colcon.colcon_core.package_identification:_identify(src/voice_grabber) by extension 'ignore_ament_install'
[0.897s] Level 1:colcon.colcon_core.package_identification:_identify(src/voice_grabber) by extensions ['colcon_pkg']
[0.897s] Level 1:colcon.colcon_core.package_identification:_identify(src/voice_grabber) by extension 'colcon_pkg'
[0.897s] Level 1:colcon.colcon_core.package_identification:_identify(src/voice_grabber) by extensions ['colcon_meta']
[0.897s] Level 1:colcon.colcon_core.package_identification:_identify(src/voice_grabber) by extension 'colcon_meta'
[0.897s] Level 1:colcon.colcon_core.package_identification:_identify(src/voice_grabber) by extensions ['ros']
[0.897s] Level 1:colcon.colcon_core.package_identification:_identify(src/voice_grabber) by extension 'ros'
[0.899s] DEBUG:colcon.colcon_core.package_identification:Package 'src/voice_grabber' with type 'ros.ament_cmake' and name 'voice_grabber'
[0.899s] Level 1:colcon.colcon_core.package_discovery:discover_packages(recursive) using defaults
[0.899s] Level 1:colcon.colcon_core.package_discovery:discover_packages(ignore) discover
[0.899s] Level 1:colcon.colcon_core.package_discovery:discover_packages(ignore) using defaults
[0.899s] Level 1:colcon.colcon_core.package_discovery:discover_packages(path) discover
[0.900s] Level 1:colcon.colcon_core.package_discovery:discover_packages(path) using defaults
[0.950s] Level 1:colcon.colcon_core.package_discovery:discover_packages(prefix_path) check parameters
[0.950s] Level 1:colcon.colcon_core.package_discovery:discover_packages(prefix_path) discover
[0.958s] DEBUG:colcon.colcon_installed_package_information.package_discovery:Found 8 installed packages in /home/fiend/voice_grab/ros2_ws/install
[0.959s] DEBUG:colcon.colcon_installed_package_information.package_discovery:Found 1 installed packages in /home/fiend/Navigation_Bot/dev_ws/install
[0.960s] DEBUG:colcon.colcon_installed_package_information.package_discovery:Found 8 installed packages in /home/fiend/LineFollowingRobot/ros_ws/install
[0.961s] DEBUG:colcon.colcon_installed_package_information.package_discovery:Found 1 installed packages in /home/fiend/ROS/practice_codes_ROS2/articubot_one/install
[0.965s] DEBUG:colcon.colcon_installed_package_information.package_discovery:Found 439 installed packages in /opt/ros/humble
[0.969s] Level 1:colcon.colcon_core.package_discovery:discover_packages(prefix_path) using defaults
[1.098s] Level 5:colcon.colcon_core.verb:set package 'ur_description' build argument 'cmake_args' from command line to '['-DCMAKE_BUILD_TYPE=Release']'
[1.098s] Level 5:colcon.colcon_core.verb:set package 'ur_description' build argument 'cmake_target' from command line to 'None'
[1.098s] Level 5:colcon.colcon_core.verb:set package 'ur_description' build argument 'cmake_target_skip_unavailable' from command line to 'False'
[1.098s] Level 5:colcon.colcon_core.verb:set package 'ur_description' build argument 'cmake_clean_cache' from command line to 'False'
[1.098s] Level 5:colcon.colcon_core.verb:set package 'ur_description' build argument 'cmake_clean_first' from command line to 'False'
[1.098s] Level 5:colcon.colcon_core.verb:set package 'ur_description' build argument 'cmake_force_configure' from command line to 'False'
[1.098s] Level 5:colcon.colcon_core.verb:set package 'ur_description' build argument 'ament_cmake_args' from command line to 'None'
[1.098s] Level 5:colcon.colcon_core.verb:set package 'ur_description' build argument 'catkin_cmake_args' from command line to 'None'
[1.098s] Level 5:colcon.colcon_core.verb:set package 'ur_description' build argument 'catkin_skip_building_tests' from command line to 'False'
[1.099s] DEBUG:colcon.colcon_core.verb:Building package 'ur_description' with the following arguments: {'ament_cmake_args': None, 'build_base': '/home/fiend/voice_grab/ros2_ws/build/ur_description', 'catkin_cmake_args': None, 'catkin_skip_building_tests': False, 'cmake_args': ['-DCMAKE_BUILD_TYPE=Release'], 'cmake_clean_cache': False, 'cmake_clean_first': False, 'cmake_force_configure': False, 'cmake_target': None, 'cmake_target_skip_unavailable': False, 'install_base': '/home/fiend/voice_grab/ros2_ws/install/ur_description', 'merge_install': False, 'path': '/home/fiend/voice_grab/ros2_ws/src/Universal_Robots_ROS2_Description', 'symlink_install': True, 'test_result_base': None}
[1.099s] Level 5:colcon.colcon_core.verb:set package 'voice_grabber' build argument 'cmake_args' from command line to '['-DCMAKE_BUILD_TYPE=Release']'
[1.099s] Level 5:colcon.colcon_core.verb:set package 'voice_grabber' build argument 'cmake_target' from command line to 'None'
[1.100s] Level 5:colcon.colcon_core.verb:set package 'voice_grabber' build argument 'cmake_target_skip_unavailable' from command line to 'False'
[1.100s] Level 5:colcon.colcon_core.verb:set package 'voice_grabber' build argument 'cmake_clean_cache' from command line to 'False'
[1.100s] Level 5:colcon.colcon_core.verb:set package 'voice_grabber' build argument 'cmake_clean_first' from command line to 'False'
[1.100s] Level 5:colcon.colcon_core.verb:set package 'voice_grabber' build argument 'cmake_force_configure' from command line to 'False'
[1.100s] Level 5:colcon.colcon_core.verb:set package 'voice_grabber' build argument 'ament_cmake_args' from command line to 'None'
[1.100s] Level 5:colcon.colcon_core.verb:set package 'voice_grabber' build argument 'catkin_cmake_args' from command line to 'None'
[1.100s] Level 5:colcon.colcon_core.verb:set package 'voice_grabber' build argument 'catkin_skip_building_tests' from command line to 'False'
[1.100s] DEBUG:colcon.colcon_core.verb:Building package 'voice_grabber' with the following arguments: {'ament_cmake_args': None, 'build_base': '/home/fiend/voice_grab/ros2_ws/build/voice_grabber', 'catkin_cmake_args': None, 'catkin_skip_building_tests': False, 'cmake_args': ['-DCMAKE_BUILD_TYPE=Release'], 'cmake_clean_cache': False, 'cmake_clean_first': False, 'cmake_force_configure': False, 'cmake_target': None, 'cmake_target_skip_unavailable': False, 'install_base': '/home/fiend/voice_grab/ros2_ws/install/voice_grabber', 'merge_install': False, 'path': '/home/fiend/voice_grab/ros2_ws/src/voice_grabber', 'symlink_install': True, 'test_result_base': None}
[1.101s] Level 5:colcon.colcon_core.verb:set package 'ur_robotiq_description' build argument 'cmake_args' from command line to '['-DCMAKE_BUILD_TYPE=Release']'
[1.101s] Level 5:colcon.colcon_core.verb:set package 'ur_robotiq_description' build argument 'cmake_target' from command line to 'None'
[1.101s] Level 5:colcon.colcon_core.verb:set package 'ur_robotiq_description' build argument 'cmake_target_skip_unavailable' from command line to 'False'
[1.101s] Level 5:colcon.colcon_core.verb:set package 'ur_robotiq_description' build argument 'cmake_clean_cache' from command line to 'False'
[1.101s] Level 5:colcon.colcon_core.verb:set package 'ur_robotiq_description' build argument 'cmake_clean_first' from command line to 'False'
[1.101s] Level 5:colcon.colcon_core.verb:set package 'ur_robotiq_description' build argument 'cmake_force_configure' from command line to 'False'
[1.101s] Level 5:colcon.colcon_core.verb:set package 'ur_robotiq_description' build argument 'ament_cmake_args' from command line to 'None'
[1.101s] Level 5:colcon.colcon_core.verb:set package 'ur_robotiq_description' build argument 'catkin_cmake_args' from command line to 'None'
[1.101s] Level 5:colcon.colcon_core.verb:set package 'ur_robotiq_description' build argument 'catkin_skip_building_tests' from command line to 'False'
[1.101s] DEBUG:colcon.colcon_core.verb:Building package 'ur_robotiq_description' with the following arguments: {'ament_cmake_args': None, 'build_base': '/home/fiend/voice_grab/ros2_ws/build/ur_robotiq_description', 'catkin_cmake_args': None, 'catkin_skip_building_tests': False, 'cmake_args': ['-DCMAKE_BUILD_TYPE=Release'], 'cmake_clean_cache': False, 'cmake_clean_first': False, 'cmake_force_configure': False, 'cmake_target': None, 'cmake_target_skip_unavailable': False, 'install_base': '/home/fiend/voice_grab/ros2_ws/install/ur_robotiq_description', 'merge_install': False, 'path': '/home/fiend/voice_grab/ros2_ws/src/ur_robotiq/ur_robotiq_description', 'symlink_install': True, 'test_result_base': None}
[1.102s] Level 5:colcon.colcon_core.verb:set package 'ur_robotiq' build argument 'cmake_args' from command line to '['-DCMAKE_BUILD_TYPE=Release']'
[1.102s] Level 5:colcon.colcon_core.verb:set package 'ur_robotiq' build argument 'cmake_target' from command line to 'None'
[1.102s] Level 5:colcon.colcon_core.verb:set package 'ur_robotiq' build argument 'cmake_target_skip_unavailable' from command line to 'False'
[1.102s] Level 5:colcon.colcon_core.verb:set package 'ur_robotiq' build argument 'cmake_clean_cache' from command line to 'False'
[1.102s] Level 5:colcon.colcon_core.verb:set package 'ur_robotiq' build argument 'cmake_clean_first' from command line to 'False'
[1.103s] Level 5:colcon.colcon_core.verb:set package 'ur_robotiq' build argument 'cmake_force_configure' from command line to 'False'
[1.103s] Level 5:colcon.colcon_core.verb:set package 'ur_robotiq' build argument 'ament_cmake_args' from command line to 'None'
[1.103s] Level 5:colcon.colcon_core.verb:set package 'ur_robotiq' build argument 'catkin_cmake_args' from command line to 'None'
[1.103s] Level 5:colcon.colcon_core.verb:set package 'ur_robotiq' build argument 'catkin_skip_building_tests' from command line to 'False'
[1.103s] DEBUG:colcon.colcon_core.verb:Building package 'ur_robotiq' with the following arguments: {'ament_cmake_args': None, 'build_base': '/home/fiend/voice_grab/ros2_ws/build/ur_robotiq', 'catkin_cmake_args': None, 'catkin_skip_building_tests': False, 'cmake_args': ['-DCMAKE_BUILD_TYPE=Release'], 'cmake_clean_cache': False, 'cmake_clean_first': False, 'cmake_force_configure': False, 'cmake_target': None, 'cmake_target_skip_unavailable': False, 'install_base': '/home/fiend/voice_grab/ros2_ws/install/ur_robotiq', 'merge_install': False, 'path': '/home/fiend/voice_grab/ros2_ws/src/ur_robotiq/ur_robotiq', 'symlink_install': True, 'test_result_base': None}
[1.103s] INFO:colcon.colcon_core.executor:Executing jobs using 'parallel' executor
[1.105s] DEBUG:colcon.colcon_parallel_executor.executor.parallel:run_until_complete
[1.105s] INFO:colcon.colcon_ros.task.ament_cmake.build:Building ROS package in '/home/fiend/voice_grab/ros2_ws/src/Universal_Robots_ROS2_Description' with build type 'ament_cmake'
[1.105s] INFO:colcon.colcon_cmake.task.cmake.build:Building CMake package in '/home/fiend/voice_grab/ros2_ws/src/Universal_Robots_ROS2_Description'
[1.111s] INFO:colcon.colcon_core.plugin_system:Skipping extension 'colcon_core.shell.bat': Not used on non-Windows systems
[1.111s] INFO:colcon.colcon_core.shell:Skip shell extension 'powershell' for command environment: Not usable outside of PowerShell
[1.111s] DEBUG:colcon.colcon_core.shell:Skip shell extension 'dsv' for command environment
[1.123s] INFO:colcon.colcon_ros.task.ament_cmake.build:Building ROS package in '/home/fiend/voice_grab/ros2_ws/src/voice_grabber' with build type 'ament_cmake'
[1.123s] INFO:colcon.colcon_cmake.task.cmake.build:Building CMake package in '/home/fiend/voice_grab/ros2_ws/src/voice_grabber'
[1.123s] INFO:colcon.colcon_core.shell:Skip shell extension 'powershell' for command environment: Not usable outside of PowerShell
[1.124s] DEBUG:colcon.colcon_core.shell:Skip shell extension 'dsv' for command environment
[1.148s] DEBUG:colcon.colcon_core.event_handler.log_command:Invoking command in '/home/fiend/voice_grab/ros2_ws/build/ur_description': CMAKE_PREFIX_PATH=/home/fiend/Navigation_Bot/dev_ws/install/navigation_bot:/home/fiend/voice_grab/ros2_ws/install/zed_ros2:/home/fiend/voice_grab/ros2_ws/install/zed_wrapper:/home/fiend/voice_grab/ros2_ws/install/zed_components:/home/fiend/voice_grab/ros2_ws/install/zed_interfaces:/home/fiend/voice_grab/ros2_ws/install/voice_grabber:/home/fiend/voice_grab/ros2_ws/install/ur_robotiq:/home/fiend/voice_grab/ros2_ws/install/ur_robotiq_description:/home/fiend/voice_grab/ros2_ws/install/ur_description:/opt/ros/humble:/home/fiend/LineFollowingRobot/ros_ws/install/prius_msgs:/home/fiend/LineFollowingRobot/ros_ws/install/line_bhakt:/home/fiend/LineFollowingRobot/ros_ws/install/launches:/home/fiend/LineFollowingRobot/ros_ws/install/autocar_nav:/home/fiend/LineFollowingRobot/ros_ws/install/autocar_msgs:/home/fiend/LineFollowingRobot/ros_ws/install/autocar_map:/home/fiend/LineFollowingRobot/ros_ws/install/autocar_gazebo:/home/fiend/LineFollowingRobot/ros_ws/install/autocar_description:/home/fiend/ROS/practice_codes_ROS2/articubot_one/install/articubot_one PS1=
\[[38;5;156m\]\[[0m\]\[[38;5;166m\]ros2_ws\[[0m\]\[[38;5;166m\]\[[0m\] on \[[38;5;162m\] \[[0m\]\[[38;5;162m\]main\[[0m\] underwent \[[36m\]35s\[[0m\]
\[[1;38;5;166m\]➜\[[0m\] /usr/bin/cmake --build /home/fiend/voice_grab/ros2_ws/build/ur_description -- -j8 -l8
[1.156s] DEBUG:colcon.colcon_core.event_handler.log_command:Invoking command in '/home/fiend/voice_grab/ros2_ws/build/voice_grabber': CMAKE_PREFIX_PATH=/home/fiend/Navigation_Bot/dev_ws/install/navigation_bot:/home/fiend/voice_grab/ros2_ws/install/zed_ros2:/home/fiend/voice_grab/ros2_ws/install/zed_wrapper:/home/fiend/voice_grab/ros2_ws/install/zed_components:/home/fiend/voice_grab/ros2_ws/install/zed_interfaces:/home/fiend/voice_grab/ros2_ws/install/voice_grabber:/home/fiend/voice_grab/ros2_ws/install/ur_robotiq:/home/fiend/voice_grab/ros2_ws/install/ur_robotiq_description:/home/fiend/voice_grab/ros2_ws/install/ur_description:/opt/ros/humble:/home/fiend/LineFollowingRobot/ros_ws/install/prius_msgs:/home/fiend/LineFollowingRobot/ros_ws/install/line_bhakt:/home/fiend/LineFollowingRobot/ros_ws/install/launches:/home/fiend/LineFollowingRobot/ros_ws/install/autocar_nav:/home/fiend/LineFollowingRobot/ros_ws/install/autocar_msgs:/home/fiend/LineFollowingRobot/ros_ws/install/autocar_map:/home/fiend/LineFollowingRobot/ros_ws/install/autocar_gazebo:/home/fiend/LineFollowingRobot/ros_ws/install/autocar_description:/home/fiend/ROS/practice_codes_ROS2/articubot_one/install/articubot_one PS1=
\[[38;5;156m\]\[[0m\]\[[38;5;166m\]ros2_ws\[[0m\]\[[38;5;166m\]\[[0m\] on \[[38;5;162m\] \[[0m\]\[[38;5;162m\]main\[[0m\] underwent \[[36m\]35s\[[0m\]
\[[1;38;5;166m\]➜\[[0m\] /usr/bin/cmake --build /home/fiend/voice_grab/ros2_ws/build/voice_grabber -- -j8 -l8
[1.227s] DEBUG:colcon.colcon_core.event_handler.log_command:Invoked command in '/home/fiend/voice_grab/ros2_ws/build/ur_description' returned '0': CMAKE_PREFIX_PATH=/home/fiend/Navigation_Bot/dev_ws/install/navigation_bot:/home/fiend/voice_grab/ros2_ws/install/zed_ros2:/home/fiend/voice_grab/ros2_ws/install/zed_wrapper:/home/fiend/voice_grab/ros2_ws/install/zed_components:/home/fiend/voice_grab/ros2_ws/install/zed_interfaces:/home/fiend/voice_grab/ros2_ws/install/voice_grabber:/home/fiend/voice_grab/ros2_ws/install/ur_robotiq:/home/fiend/voice_grab/ros2_ws/install/ur_robotiq_description:/home/fiend/voice_grab/ros2_ws/install/ur_description:/opt/ros/humble:/home/fiend/LineFollowingRobot/ros_ws/install/prius_msgs:/home/fiend/LineFollowingRobot/ros_ws/install/line_bhakt:/home/fiend/LineFollowingRobot/ros_ws/install/launches:/home/fiend/LineFollowingRobot/ros_ws/install/autocar_nav:/home/fiend/LineFollowingRobot/ros_ws/install/autocar_msgs:/home/fiend/LineFollowingRobot/ros_ws/install/autocar_map:/home/fiend/LineFollowingRobot/ros_ws/install/autocar_gazebo:/home/fiend/LineFollowingRobot/ros_ws/install/autocar_description:/home/fiend/ROS/practice_codes_ROS2/articubot_one/install/articubot_one PS1=
\[[38;5;156m\]\[[0m\]\[[38;5;166m\]ros2_ws\[[0m\]\[[38;5;166m\]\[[0m\] on \[[38;5;162m\] \[[0m\]\[[38;5;162m\]main\[[0m\] underwent \[[36m\]35s\[[0m\]
\[[1;38;5;166m\]➜\[[0m\] /usr/bin/cmake --build /home/fiend/voice_grab/ros2_ws/build/ur_description -- -j8 -l8
[1.290s] DEBUG:colcon.colcon_core.event_handler.log_command:Invoking command in '/home/fiend/voice_grab/ros2_ws/build/ur_description': CMAKE_PREFIX_PATH=/home/fiend/Navigation_Bot/dev_ws/install/navigation_bot:/home/fiend/voice_grab/ros2_ws/install/zed_ros2:/home/fiend/voice_grab/ros2_ws/install/zed_wrapper:/home/fiend/voice_grab/ros2_ws/install/zed_components:/home/fiend/voice_grab/ros2_ws/install/zed_interfaces:/home/fiend/voice_grab/ros2_ws/install/voice_grabber:/home/fiend/voice_grab/ros2_ws/install/ur_robotiq:/home/fiend/voice_grab/ros2_ws/install/ur_robotiq_description:/home/fiend/voice_grab/ros2_ws/install/ur_description:/opt/ros/humble:/home/fiend/LineFollowingRobot/ros_ws/install/prius_msgs:/home/fiend/LineFollowingRobot/ros_ws/install/line_bhakt:/home/fiend/LineFollowingRobot/ros_ws/install/launches:/home/fiend/LineFollowingRobot/ros_ws/install/autocar_nav:/home/fiend/LineFollowingRobot/ros_ws/install/autocar_msgs:/home/fiend/LineFollowingRobot/ros_ws/install/autocar_map:/home/fiend/LineFollowingRobot/ros_ws/install/autocar_gazebo:/home/fiend/LineFollowingRobot/ros_ws/install/autocar_description:/home/fiend/ROS/practice_codes_ROS2/articubot_one/install/articubot_one PS1=
\[[38;5;156m\]\[[0m\]\[[38;5;166m\]ros2_ws\[[0m\]\[[38;5;166m\]\[[0m\] on \[[38;5;162m\] \[[0m\]\[[38;5;162m\]main\[[0m\] underwent \[[36m\]35s\[[0m\]
\[[1;38;5;166m\]➜\[[0m\] /usr/bin/cmake --install /home/fiend/voice_grab/ros2_ws/build/ur_description
[1.370s] Level 1:colcon.colcon_core.environment:create_environment_scripts_only(ur_description)
[1.371s] DEBUG:colcon.colcon_core.event_handler.log_command:Invoked command in '/home/fiend/voice_grab/ros2_ws/build/ur_description' returned '0': CMAKE_PREFIX_PATH=/home/fiend/Navigation_Bot/dev_ws/install/navigation_bot:/home/fiend/voice_grab/ros2_ws/install/zed_ros2:/home/fiend/voice_grab/ros2_ws/install/zed_wrapper:/home/fiend/voice_grab/ros2_ws/install/zed_components:/home/fiend/voice_grab/ros2_ws/install/zed_interfaces:/home/fiend/voice_grab/ros2_ws/install/voice_grabber:/home/fiend/voice_grab/ros2_ws/install/ur_robotiq:/home/fiend/voice_grab/ros2_ws/install/ur_robotiq_description:/home/fiend/voice_grab/ros2_ws/install/ur_description:/opt/ros/humble:/home/fiend/LineFollowingRobot/ros_ws/install/prius_msgs:/home/fiend/LineFollowingRobot/ros_ws/install/line_bhakt:/home/fiend/LineFollowingRobot/ros_ws/install/launches:/home/fiend/LineFollowingRobot/ros_ws/install/autocar_nav:/home/fiend/LineFollowingRobot/ros_ws/install/autocar_msgs:/home/fiend/LineFollowingRobot/ros_ws/install/autocar_map:/home/fiend/LineFollowingRobot/ros_ws/install/autocar_gazebo:/home/fiend/LineFollowingRobot/ros_ws/install/autocar_description:/home/fiend/ROS/practice_codes_ROS2/articubot_one/install/articubot_one PS1=
\[[38;5;156m\]\[[0m\]\[[38;5;166m\]ros2_ws\[[0m\]\[[38;5;166m\]\[[0m\] on \[[38;5;162m\] \[[0m\]\[[38;5;162m\]main\[[0m\] underwent \[[36m\]35s\[[0m\]
\[[1;38;5;166m\]➜\[[0m\] /usr/bin/cmake --install /home/fiend/voice_grab/ros2_ws/build/ur_description
[1.377s] Level 1:colcon.colcon_core.environment:checking '/home/fiend/voice_grab/ros2_ws/install/ur_description' for CMake module files
[1.378s] Level 1:colcon.colcon_core.environment:checking '/home/fiend/voice_grab/ros2_ws/install/ur_description' for CMake config files
[1.379s] Level 1:colcon.colcon_core.shell:create_environment_hook('ur_description', 'cmake_prefix_path')
[1.379s] INFO:colcon.colcon_core.shell:Creating environment hook '/home/fiend/voice_grab/ros2_ws/install/ur_description/share/ur_description/hook/cmake_prefix_path.ps1'
[1.380s] INFO:colcon.colcon_core.shell:Creating environment descriptor '/home/fiend/voice_grab/ros2_ws/install/ur_description/share/ur_description/hook/cmake_prefix_path.dsv'
[1.381s] INFO:colcon.colcon_core.shell:Creating environment hook '/home/fiend/voice_grab/ros2_ws/install/ur_description/share/ur_description/hook/cmake_prefix_path.sh'
[1.383s] Level 1:colcon.colcon_core.environment:checking '/home/fiend/voice_grab/ros2_ws/install/ur_description/bin'
[1.383s] Level 1:colcon.colcon_core.environment:checking '/home/fiend/voice_grab/ros2_ws/install/ur_description/lib/pkgconfig/ur_description.pc'
[1.384s] Level 1:colcon.colcon_core.environment:checking '/home/fiend/voice_grab/ros2_ws/install/ur_description/lib/python3.10/site-packages'
[1.384s] Level 1:colcon.colcon_core.environment:checking '/home/fiend/voice_grab/ros2_ws/install/ur_description/bin'
[1.385s] INFO:colcon.colcon_core.shell:Creating package script '/home/fiend/voice_grab/ros2_ws/install/ur_description/share/ur_description/package.ps1'
[1.386s] INFO:colcon.colcon_core.shell:Creating package descriptor '/home/fiend/voice_grab/ros2_ws/install/ur_description/share/ur_description/package.dsv'
[1.387s] INFO:colcon.colcon_core.shell:Creating package script '/home/fiend/voice_grab/ros2_ws/install/ur_description/share/ur_description/package.sh'
[1.389s] INFO:colcon.colcon_core.shell:Creating package script '/home/fiend/voice_grab/ros2_ws/install/ur_description/share/ur_description/package.bash'
[1.391s] INFO:colcon.colcon_core.shell:Creating package script '/home/fiend/voice_grab/ros2_ws/install/ur_description/share/ur_description/package.zsh'
[1.392s] Level 1:colcon.colcon_core.environment:create_file_with_runtime_dependencies(/home/fiend/voice_grab/ros2_ws/install/ur_description/share/colcon-core/packages/ur_description)
[1.431s] Level 1:colcon.colcon_core.environment:create_environment_scripts_only(ur_description)
[1.432s] Level 1:colcon.colcon_core.environment:checking '/home/fiend/voice_grab/ros2_ws/install/ur_description' for CMake module files
[1.434s] Level 1:colcon.colcon_core.environment:checking '/home/fiend/voice_grab/ros2_ws/install/ur_description' for CMake config files
[1.435s] Level 1:colcon.colcon_core.shell:create_environment_hook('ur_description', 'cmake_prefix_path')
[1.436s] INFO:colcon.colcon_core.shell:Creating environment hook '/home/fiend/voice_grab/ros2_ws/install/ur_description/share/ur_description/hook/cmake_prefix_path.ps1'
[1.437s] INFO:colcon.colcon_core.shell:Creating environment descriptor '/home/fiend/voice_grab/ros2_ws/install/ur_description/share/ur_description/hook/cmake_prefix_path.dsv'
[1.438s] INFO:colcon.colcon_core.shell:Creating environment hook '/home/fiend/voice_grab/ros2_ws/install/ur_description/share/ur_description/hook/cmake_prefix_path.sh'
[1.439s] Level 1:colcon.colcon_core.environment:checking '/home/fiend/voice_grab/ros2_ws/install/ur_description/bin'
[1.439s] Level 1:colcon.colcon_core.environment:checking '/home/fiend/voice_grab/ros2_ws/install/ur_description/lib/pkgconfig/ur_description.pc'
[1.440s] Level 1:colcon.colcon_core.environment:checking '/home/fiend/voice_grab/ros2_ws/install/ur_description/lib/python3.10/site-packages'
[1.441s] Level 1:colcon.colcon_core.environment:checking '/home/fiend/voice_grab/ros2_ws/install/ur_description/bin'
[1.442s] INFO:colcon.colcon_core.shell:Creating package script '/home/fiend/voice_grab/ros2_ws/install/ur_description/share/ur_description/package.ps1'
[1.443s] INFO:colcon.colcon_core.shell:Creating package descriptor '/home/fiend/voice_grab/ros2_ws/install/ur_description/share/ur_description/package.dsv'
[1.445s] INFO:colcon.colcon_core.shell:Creating package script '/home/fiend/voice_grab/ros2_ws/install/ur_description/share/ur_description/package.sh'
[1.446s] INFO:colcon.colcon_core.shell:Creating package script '/home/fiend/voice_grab/ros2_ws/install/ur_description/share/ur_description/package.bash'
[1.447s] INFO:colcon.colcon_core.shell:Creating package script '/home/fiend/voice_grab/ros2_ws/install/ur_description/share/ur_description/package.zsh'
[1.448s] Level 1:colcon.colcon_core.environment:create_file_with_runtime_dependencies(/home/fiend/voice_grab/ros2_ws/install/ur_description/share/colcon-core/packages/ur_description)
[1.449s] INFO:colcon.colcon_ros.task.ament_cmake.build:Building ROS package in '/home/fiend/voice_grab/ros2_ws/src/ur_robotiq/ur_robotiq_description' with build type 'ament_cmake'
[1.449s] INFO:colcon.colcon_cmake.task.cmake.build:Building CMake package in '/home/fiend/voice_grab/ros2_ws/src/ur_robotiq/ur_robotiq_description'
[1.450s] INFO:colcon.colcon_core.shell:Skip shell extension 'powershell' for command environment: Not usable outside of PowerShell
[1.450s] DEBUG:colcon.colcon_core.shell:Skip shell extension 'dsv' for command environment
[1.483s] DEBUG:colcon.colcon_core.event_handler.log_command:Invoking command in '/home/fiend/voice_grab/ros2_ws/build/ur_robotiq_description': CMAKE_PREFIX_PATH=/home/fiend/voice_grab/ros2_ws/install/ur_description:/home/fiend/Navigation_Bot/dev_ws/install/navigation_bot:/home/fiend/voice_grab/ros2_ws/install/zed_ros2:/home/fiend/voice_grab/ros2_ws/install/zed_wrapper:/home/fiend/voice_grab/ros2_ws/install/zed_components:/home/fiend/voice_grab/ros2_ws/install/zed_interfaces:/home/fiend/voice_grab/ros2_ws/install/voice_grabber:/home/fiend/voice_grab/ros2_ws/install/ur_robotiq:/home/fiend/voice_grab/ros2_ws/install/ur_robotiq_description:/opt/ros/humble:/home/fiend/LineFollowingRobot/ros_ws/install/prius_msgs:/home/fiend/LineFollowingRobot/ros_ws/install/line_bhakt:/home/fiend/LineFollowingRobot/ros_ws/install/launches:/home/fiend/LineFollowingRobot/ros_ws/install/autocar_nav:/home/fiend/LineFollowingRobot/ros_ws/install/autocar_msgs:/home/fiend/LineFollowingRobot/ros_ws/install/autocar_map:/home/fiend/LineFollowingRobot/ros_ws/install/autocar_gazebo:/home/fiend/LineFollowingRobot/ros_ws/install/autocar_description:/home/fiend/ROS/practice_codes_ROS2/articubot_one/install/articubot_one PS1=
\[[38;5;156m\]\[[0m\]\[[38;5;166m\]ros2_ws\[[0m\]\[[38;5;166m\]\[[0m\] on \[[38;5;162m\] \[[0m\]\[[38;5;162m\]main\[[0m\] underwent \[[36m\]35s\[[0m\]
\[[1;38;5;166m\]➜\[[0m\] /usr/bin/cmake --build /home/fiend/voice_grab/ros2_ws/build/ur_robotiq_description -- -j8 -l8
[1.644s] DEBUG:colcon.colcon_core.event_handler.log_command:Invoked command in '/home/fiend/voice_grab/ros2_ws/build/ur_robotiq_description' returned '0': CMAKE_PREFIX_PATH=/home/fiend/voice_grab/ros2_ws/install/ur_description:/home/fiend/Navigation_Bot/dev_ws/install/navigation_bot:/home/fiend/voice_grab/ros2_ws/install/zed_ros2:/home/fiend/voice_grab/ros2_ws/install/zed_wrapper:/home/fiend/voice_grab/ros2_ws/install/zed_components:/home/fiend/voice_grab/ros2_ws/install/zed_interfaces:/home/fiend/voice_grab/ros2_ws/install/voice_grabber:/home/fiend/voice_grab/ros2_ws/install/ur_robotiq:/home/fiend/voice_grab/ros2_ws/install/ur_robotiq_description:/opt/ros/humble:/home/fiend/LineFollowingRobot/ros_ws/install/prius_msgs:/home/fiend/LineFollowingRobot/ros_ws/install/line_bhakt:/home/fiend/LineFollowingRobot/ros_ws/install/launches:/home/fiend/LineFollowingRobot/ros_ws/install/autocar_nav:/home/fiend/LineFollowingRobot/ros_ws/install/autocar_msgs:/home/fiend/LineFollowingRobot/ros_ws/install/autocar_map:/home/fiend/LineFollowingRobot/ros_ws/install/autocar_gazebo:/home/fiend/LineFollowingRobot/ros_ws/install/autocar_description:/home/fiend/ROS/practice_codes_ROS2/articubot_one/install/articubot_one PS1=
\[[38;5;156m\]\[[0m\]\[[38;5;166m\]ros2_ws\[[0m\]\[[38;5;166m\]\[[0m\] on \[[38;5;162m\] \[[0m\]\[[38;5;162m\]main\[[0m\] underwent \[[36m\]35s\[[0m\]
\[[1;38;5;166m\]➜\[[0m\] /usr/bin/cmake --build /home/fiend/voice_grab/ros2_ws/build/ur_robotiq_description -- -j8 -l8
[1.694s] DEBUG:colcon.colcon_core.event_handler.log_command:Invoking command in '/home/fiend/voice_grab/ros2_ws/build/ur_robotiq_description': CMAKE_PREFIX_PATH=/home/fiend/voice_grab/ros2_ws/install/ur_description:/home/fiend/Navigation_Bot/dev_ws/install/navigation_bot:/home/fiend/voice_grab/ros2_ws/install/zed_ros2:/home/fiend/voice_grab/ros2_ws/install/zed_wrapper:/home/fiend/voice_grab/ros2_ws/install/zed_components:/home/fiend/voice_grab/ros2_ws/install/zed_interfaces:/home/fiend/voice_grab/ros2_ws/install/voice_grabber:/home/fiend/voice_grab/ros2_ws/install/ur_robotiq:/home/fiend/voice_grab/ros2_ws/install/ur_robotiq_description:/opt/ros/humble:/home/fiend/LineFollowingRobot/ros_ws/install/prius_msgs:/home/fiend/LineFollowingRobot/ros_ws/install/line_bhakt:/home/fiend/LineFollowingRobot/ros_ws/install/launches:/home/fiend/LineFollowingRobot/ros_ws/install/autocar_nav:/home/fiend/LineFollowingRobot/ros_ws/install/autocar_msgs:/home/fiend/LineFollowingRobot/ros_ws/install/autocar_map:/home/fiend/LineFollowingRobot/ros_ws/install/autocar_gazebo:/home/fiend/LineFollowingRobot/ros_ws/install/autocar_description:/home/fiend/ROS/practice_codes_ROS2/articubot_one/install/articubot_one PS1=
\[[38;5;156m\]\[[0m\]\[[38;5;166m\]ros2_ws\[[0m\]\[[38;5;166m\]\[[0m\] on \[[38;5;162m\] \[[0m\]\[[38;5;162m\]main\[[0m\] underwent \[[36m\]35s\[[0m\]
\[[1;38;5;166m\]➜\[[0m\] /usr/bin/cmake --install /home/fiend/voice_grab/ros2_ws/build/ur_robotiq_description
[1.746s] Level 1:colcon.colcon_core.environment:create_environment_scripts_only(ur_robotiq_description)
[1.747s] Level 1:colcon.colcon_core.environment:checking '/home/fiend/voice_grab/ros2_ws/install/ur_robotiq_description' for CMake module files
[1.749s] DEBUG:colcon.colcon_core.event_handler.log_command:Invoked command in '/home/fiend/voice_grab/ros2_ws/build/ur_robotiq_description' returned '0': CMAKE_PREFIX_PATH=/home/fiend/voice_grab/ros2_ws/install/ur_description:/home/fiend/Navigation_Bot/dev_ws/install/navigation_bot:/home/fiend/voice_grab/ros2_ws/install/zed_ros2:/home/fiend/voice_grab/ros2_ws/install/zed_wrapper:/home/fiend/voice_grab/ros2_ws/install/zed_components:/home/fiend/voice_grab/ros2_ws/install/zed_interfaces:/home/fiend/voice_grab/ros2_ws/install/voice_grabber:/home/fiend/voice_grab/ros2_ws/install/ur_robotiq:/home/fiend/voice_grab/ros2_ws/install/ur_robotiq_description:/opt/ros/humble:/home/fiend/LineFollowingRobot/ros_ws/install/prius_msgs:/home/fiend/LineFollowingRobot/ros_ws/install/line_bhakt:/home/fiend/LineFollowingRobot/ros_ws/install/launches:/home/fiend/LineFollowingRobot/ros_ws/install/autocar_nav:/home/fiend/LineFollowingRobot/ros_ws/install/autocar_msgs:/home/fiend/LineFollowingRobot/ros_ws/install/autocar_map:/home/fiend/LineFollowingRobot/ros_ws/install/autocar_gazebo:/home/fiend/LineFollowingRobot/ros_ws/install/autocar_description:/home/fiend/ROS/practice_codes_ROS2/articubot_one/install/articubot_one PS1=
\[[38;5;156m\]\[[0m\]\[[38;5;166m\]ros2_ws\[[0m\]\[[38;5;166m\]\[[0m\] on \[[38;5;162m\] \[[0m\]\[[38;5;162m\]main\[[0m\] underwent \[[36m\]35s\[[0m\]
\[[1;38;5;166m\]➜\[[0m\] /usr/bin/cmake --install /home/fiend/voice_grab/ros2_ws/build/ur_robotiq_description
[1.750s] Level 1:colcon.colcon_core.environment:checking '/home/fiend/voice_grab/ros2_ws/install/ur_robotiq_description' for CMake config files
[1.750s] Level 1:colcon.colcon_core.shell:create_environment_hook('ur_robotiq_description', 'cmake_prefix_path')
[1.751s] INFO:colcon.colcon_core.shell:Creating environment hook '/home/fiend/voice_grab/ros2_ws/install/ur_robotiq_description/share/ur_robotiq_description/hook/cmake_prefix_path.ps1'
[1.752s] INFO:colcon.colcon_core.shell:Creating environment descriptor '/home/fiend/voice_grab/ros2_ws/install/ur_robotiq_description/share/ur_robotiq_description/hook/cmake_prefix_path.dsv'
[1.753s] INFO:colcon.colcon_core.shell:Creating environment hook '/home/fiend/voice_grab/ros2_ws/install/ur_robotiq_description/share/ur_robotiq_description/hook/cmake_prefix_path.sh'
[1.754s] Level 1:colcon.colcon_core.environment:checking '/home/fiend/voice_grab/ros2_ws/install/ur_robotiq_description/lib'
[1.755s] Level 1:colcon.colcon_core.environment:checking '/home/fiend/voice_grab/ros2_ws/install/ur_robotiq_description/bin'
[1.755s] Level 1:colcon.colcon_core.environment:checking '/home/fiend/voice_grab/ros2_ws/install/ur_robotiq_description/lib/pkgconfig/ur_robotiq_description.pc'
[1.755s] Level 1:colcon.colcon_core.environment:checking '/home/fiend/voice_grab/ros2_ws/install/ur_robotiq_description/lib/python3.10/site-packages'
[1.756s] Level 1:colcon.colcon_core.environment:checking '/home/fiend/voice_grab/ros2_ws/install/ur_robotiq_description/bin'
[1.757s] INFO:colcon.colcon_core.shell:Creating package script '/home/fiend/voice_grab/ros2_ws/install/ur_robotiq_description/share/ur_robotiq_description/package.ps1'
[1.758s] INFO:colcon.colcon_core.shell:Creating package descriptor '/home/fiend/voice_grab/ros2_ws/install/ur_robotiq_description/share/ur_robotiq_description/package.dsv'
[1.759s] INFO:colcon.colcon_core.shell:Creating package script '/home/fiend/voice_grab/ros2_ws/install/ur_robotiq_description/share/ur_robotiq_description/package.sh'
[1.760s] INFO:colcon.colcon_core.shell:Creating package script '/home/fiend/voice_grab/ros2_ws/install/ur_robotiq_description/share/ur_robotiq_description/package.bash'
[1.760s] INFO:colcon.colcon_core.shell:Creating package script '/home/fiend/voice_grab/ros2_ws/install/ur_robotiq_description/share/ur_robotiq_description/package.zsh'
[1.761s] Level 1:colcon.colcon_core.environment:create_file_with_runtime_dependencies(/home/fiend/voice_grab/ros2_ws/install/ur_robotiq_description/share/colcon-core/packages/ur_robotiq_description)
[1.807s] Level 1:colcon.colcon_core.environment:create_environment_scripts_only(ur_robotiq_description)
[1.808s] Level 1:colcon.colcon_core.environment:checking '/home/fiend/voice_grab/ros2_ws/install/ur_robotiq_description' for CMake module files
[1.809s] Level 1:colcon.colcon_core.environment:checking '/home/fiend/voice_grab/ros2_ws/install/ur_robotiq_description' for CMake config files
[1.809s] Level 1:colcon.colcon_core.shell:create_environment_hook('ur_robotiq_description', 'cmake_prefix_path')
[1.810s] INFO:colcon.colcon_core.shell:Creating environment hook '/home/fiend/voice_grab/ros2_ws/install/ur_robotiq_description/share/ur_robotiq_description/hook/cmake_prefix_path.ps1'
[1.811s] INFO:colcon.colcon_core.shell:Creating environment descriptor '/home/fiend/voice_grab/ros2_ws/install/ur_robotiq_description/share/ur_robotiq_description/hook/cmake_prefix_path.dsv'
[1.812s] INFO:colcon.colcon_core.shell:Creating environment hook '/home/fiend/voice_grab/ros2_ws/install/ur_robotiq_description/share/ur_robotiq_description/hook/cmake_prefix_path.sh'
[1.813s] Level 1:colcon.colcon_core.environment:checking '/home/fiend/voice_grab/ros2_ws/install/ur_robotiq_description/lib'
[1.813s] Level 1:colcon.colcon_core.environment:checking '/home/fiend/voice_grab/ros2_ws/install/ur_robotiq_description/bin'
[1.813s] Level 1:colcon.colcon_core.environment:checking '/home/fiend/voice_grab/ros2_ws/install/ur_robotiq_description/lib/pkgconfig/ur_robotiq_description.pc'
[1.814s] Level 1:colcon.colcon_core.environment:checking '/home/fiend/voice_grab/ros2_ws/install/ur_robotiq_description/lib/python3.10/site-packages'
[1.815s] Level 1:colcon.colcon_core.environment:checking '/home/fiend/voice_grab/ros2_ws/install/ur_robotiq_description/bin'
[1.815s] INFO:colcon.colcon_core.shell:Creating package script '/home/fiend/voice_grab/ros2_ws/install/ur_robotiq_description/share/ur_robotiq_description/package.ps1'
[1.816s] INFO:colcon.colcon_core.shell:Creating package descriptor '/home/fiend/voice_grab/ros2_ws/install/ur_robotiq_description/share/ur_robotiq_description/package.dsv'
[1.817s] INFO:colcon.colcon_core.shell:Creating package script '/home/fiend/voice_grab/ros2_ws/install/ur_robotiq_description/share/ur_robotiq_description/package.sh'
[1.819s] INFO:colcon.colcon_core.shell:Creating package script '/home/fiend/voice_grab/ros2_ws/install/ur_robotiq_description/share/ur_robotiq_description/package.bash'
[1.820s] INFO:colcon.colcon_core.shell:Creating package script '/home/fiend/voice_grab/ros2_ws/install/ur_robotiq_description/share/ur_robotiq_description/package.zsh'
[1.821s] Level 1:colcon.colcon_core.environment:create_file_with_runtime_dependencies(/home/fiend/voice_grab/ros2_ws/install/ur_robotiq_description/share/colcon-core/packages/ur_robotiq_description)
[1.822s] INFO:colcon.colcon_ros.task.ament_cmake.build:Building ROS package in '/home/fiend/voice_grab/ros2_ws/src/ur_robotiq/ur_robotiq' with build type 'ament_cmake'
[1.822s] INFO:colcon.colcon_cmake.task.cmake.build:Building CMake package in '/home/fiend/voice_grab/ros2_ws/src/ur_robotiq/ur_robotiq'
[1.823s] INFO:colcon.colcon_core.shell:Skip shell extension 'powershell' for command environment: Not usable outside of PowerShell
[1.823s] DEBUG:colcon.colcon_core.shell:Skip shell extension 'dsv' for command environment
[1.849s] DEBUG:colcon.colcon_core.event_handler.log_command:Invoking command in '/home/fiend/voice_grab/ros2_ws/build/ur_robotiq': CMAKE_PREFIX_PATH=/home/fiend/voice_grab/ros2_ws/install/ur_robotiq_description:/home/fiend/voice_grab/ros2_ws/install/ur_description:/home/fiend/Navigation_Bot/dev_ws/install/navigation_bot:/home/fiend/voice_grab/ros2_ws/install/zed_ros2:/home/fiend/voice_grab/ros2_ws/install/zed_wrapper:/home/fiend/voice_grab/ros2_ws/install/zed_components:/home/fiend/voice_grab/ros2_ws/install/zed_interfaces:/home/fiend/voice_grab/ros2_ws/install/voice_grabber:/home/fiend/voice_grab/ros2_ws/install/ur_robotiq:/opt/ros/humble:/home/fiend/LineFollowingRobot/ros_ws/install/prius_msgs:/home/fiend/LineFollowingRobot/ros_ws/install/line_bhakt:/home/fiend/LineFollowingRobot/ros_ws/install/launches:/home/fiend/LineFollowingRobot/ros_ws/install/autocar_nav:/home/fiend/LineFollowingRobot/ros_ws/install/autocar_msgs:/home/fiend/LineFollowingRobot/ros_ws/install/autocar_map:/home/fiend/LineFollowingRobot/ros_ws/install/autocar_gazebo:/home/fiend/LineFollowingRobot/ros_ws/install/autocar_description:/home/fiend/ROS/practice_codes_ROS2/articubot_one/install/articubot_one PS1=
\[[38;5;156m\]\[[0m\]\[[38;5;166m\]ros2_ws\[[0m\]\[[38;5;166m\]\[[0m\] on \[[38;5;162m\] \[[0m\]\[[38;5;162m\]main\[[0m\] underwent \[[36m\]35s\[[0m\]
\[[1;38;5;166m\]➜\[[0m\] /usr/bin/cmake --build /home/fiend/voice_grab/ros2_ws/build/ur_robotiq -- -j8 -l8
[1.918s] DEBUG:colcon.colcon_core.event_handler.log_command:Invoked command in '/home/fiend/voice_grab/ros2_ws/build/ur_robotiq' returned '0': CMAKE_PREFIX_PATH=/home/fiend/voice_grab/ros2_ws/install/ur_robotiq_description:/home/fiend/voice_grab/ros2_ws/install/ur_description:/home/fiend/Navigation_Bot/dev_ws/install/navigation_bot:/home/fiend/voice_grab/ros2_ws/install/zed_ros2:/home/fiend/voice_grab/ros2_ws/install/zed_wrapper:/home/fiend/voice_grab/ros2_ws/install/zed_components:/home/fiend/voice_grab/ros2_ws/install/zed_interfaces:/home/fiend/voice_grab/ros2_ws/install/voice_grabber:/home/fiend/voice_grab/ros2_ws/install/ur_robotiq:/opt/ros/humble:/home/fiend/LineFollowingRobot/ros_ws/install/prius_msgs:/home/fiend/LineFollowingRobot/ros_ws/install/line_bhakt:/home/fiend/LineFollowingRobot/ros_ws/install/launches:/home/fiend/LineFollowingRobot/ros_ws/install/autocar_nav:/home/fiend/LineFollowingRobot/ros_ws/install/autocar_msgs:/home/fiend/LineFollowingRobot/ros_ws/install/autocar_map:/home/fiend/LineFollowingRobot/ros_ws/install/autocar_gazebo:/home/fiend/LineFollowingRobot/ros_ws/install/autocar_description:/home/fiend/ROS/practice_codes_ROS2/articubot_one/install/articubot_one PS1=
\[[38;5;156m\]\[[0m\]\[[38;5;166m\]ros2_ws\[[0m\]\[[38;5;166m\]\[[0m\] on \[[38;5;162m\] \[[0m\]\[[38;5;162m\]main\[[0m\] underwent \[[36m\]35s\[[0m\]
\[[1;38;5;166m\]➜\[[0m\] /usr/bin/cmake --build /home/fiend/voice_grab/ros2_ws/build/ur_robotiq -- -j8 -l8
[1.960s] DEBUG:colcon.colcon_core.event_handler.log_command:Invoking command in '/home/fiend/voice_grab/ros2_ws/build/ur_robotiq': CMAKE_PREFIX_PATH=/home/fiend/voice_grab/ros2_ws/install/ur_robotiq_description:/home/fiend/voice_grab/ros2_ws/install/ur_description:/home/fiend/Navigation_Bot/dev_ws/install/navigation_bot:/home/fiend/voice_grab/ros2_ws/install/zed_ros2:/home/fiend/voice_grab/ros2_ws/install/zed_wrapper:/home/fiend/voice_grab/ros2_ws/install/zed_components:/home/fiend/voice_grab/ros2_ws/install/zed_interfaces:/home/fiend/voice_grab/ros2_ws/install/voice_grabber:/home/fiend/voice_grab/ros2_ws/install/ur_robotiq:/opt/ros/humble:/home/fiend/LineFollowingRobot/ros_ws/install/prius_msgs:/home/fiend/LineFollowingRobot/ros_ws/install/line_bhakt:/home/fiend/LineFollowingRobot/ros_ws/install/launches:/home/fiend/LineFollowingRobot/ros_ws/install/autocar_nav:/home/fiend/LineFollowingRobot/ros_ws/install/autocar_msgs:/home/fiend/LineFollowingRobot/ros_ws/install/autocar_map:/home/fiend/LineFollowingRobot/ros_ws/install/autocar_gazebo:/home/fiend/LineFollowingRobot/ros_ws/install/autocar_description:/home/fiend/ROS/practice_codes_ROS2/articubot_one/install/articubot_one PS1=
\[[38;5;156m\]\[[0m\]\[[38;5;166m\]ros2_ws\[[0m\]\[[38;5;166m\]\[[0m\] on \[[38;5;162m\] \[[0m\]\[[38;5;162m\]main\[[0m\] underwent \[[36m\]35s\[[0m\]
\[[1;38;5;166m\]➜\[[0m\] /usr/bin/cmake --install /home/fiend/voice_grab/ros2_ws/build/ur_robotiq
[2.003s] Level 1:colcon.colcon_core.environment:create_environment_scripts_only(ur_robotiq)
[2.004s] Level 1:colcon.colcon_core.environment:checking '/home/fiend/voice_grab/ros2_ws/install/ur_robotiq' for CMake module files
[2.005s] DEBUG:colcon.colcon_core.event_handler.log_command:Invoked command in '/home/fiend/voice_grab/ros2_ws/build/ur_robotiq' returned '0': CMAKE_PREFIX_PATH=/home/fiend/voice_grab/ros2_ws/install/ur_robotiq_description:/home/fiend/voice_grab/ros2_ws/install/ur_description:/home/fiend/Navigation_Bot/dev_ws/install/navigation_bot:/home/fiend/voice_grab/ros2_ws/install/zed_ros2:/home/fiend/voice_grab/ros2_ws/install/zed_wrapper:/home/fiend/voice_grab/ros2_ws/install/zed_components:/home/fiend/voice_grab/ros2_ws/install/zed_interfaces:/home/fiend/voice_grab/ros2_ws/install/voice_grabber:/home/fiend/voice_grab/ros2_ws/install/ur_robotiq:/opt/ros/humble:/home/fiend/LineFollowingRobot/ros_ws/install/prius_msgs:/home/fiend/LineFollowingRobot/ros_ws/install/line_bhakt:/home/fiend/LineFollowingRobot/ros_ws/install/launches:/home/fiend/LineFollowingRobot/ros_ws/install/autocar_nav:/home/fiend/LineFollowingRobot/ros_ws/install/autocar_msgs:/home/fiend/LineFollowingRobot/ros_ws/install/autocar_map:/home/fiend/LineFollowingRobot/ros_ws/install/autocar_gazebo:/home/fiend/LineFollowingRobot/ros_ws/install/autocar_description:/home/fiend/ROS/practice_codes_ROS2/articubot_one/install/articubot_one PS1=
\[[38;5;156m\]\[[0m\]\[[38;5;166m\]ros2_ws\[[0m\]\[[38;5;166m\]\[[0m\] on \[[38;5;162m\] \[[0m\]\[[38;5;162m\]main\[[0m\] underwent \[[36m\]35s\[[0m\]
\[[1;38;5;166m\]➜\[[0m\] /usr/bin/cmake --install /home/fiend/voice_grab/ros2_ws/build/ur_robotiq
[2.006s] Level 1:colcon.colcon_core.environment:checking '/home/fiend/voice_grab/ros2_ws/install/ur_robotiq' for CMake config files
[2.007s] Level 1:colcon.colcon_core.shell:create_environment_hook('ur_robotiq', 'cmake_prefix_path')
[2.008s] INFO:colcon.colcon_core.shell:Creating environment hook '/home/fiend/voice_grab/ros2_ws/install/ur_robotiq/share/ur_robotiq/hook/cmake_prefix_path.ps1'
[2.009s] INFO:colcon.colcon_core.shell:Creating environment descriptor '/home/fiend/voice_grab/ros2_ws/install/ur_robotiq/share/ur_robotiq/hook/cmake_prefix_path.dsv'
[2.009s] INFO:colcon.colcon_core.shell:Creating environment hook '/home/fiend/voice_grab/ros2_ws/install/ur_robotiq/share/ur_robotiq/hook/cmake_prefix_path.sh'
[2.011s] Level 1:colcon.colcon_core.environment:checking '/home/fiend/voice_grab/ros2_ws/install/ur_robotiq/bin'
[2.011s] Level 1:colcon.colcon_core.environment:checking '/home/fiend/voice_grab/ros2_ws/install/ur_robotiq/lib/pkgconfig/ur_robotiq.pc'
[2.012s] Level 1:colcon.colcon_core.environment:checking '/home/fiend/voice_grab/ros2_ws/install/ur_robotiq/lib/python3.10/site-packages'
[2.012s] Level 1:colcon.colcon_core.environment:checking '/home/fiend/voice_grab/ros2_ws/install/ur_robotiq/bin'
[2.013s] INFO:colcon.colcon_core.shell:Creating package script '/home/fiend/voice_grab/ros2_ws/install/ur_robotiq/share/ur_robotiq/package.ps1'
[2.014s] INFO:colcon.colcon_core.shell:Creating package descriptor '/home/fiend/voice_grab/ros2_ws/install/ur_robotiq/share/ur_robotiq/package.dsv'
[2.015s] INFO:colcon.colcon_core.shell:Creating package script '/home/fiend/voice_grab/ros2_ws/install/ur_robotiq/share/ur_robotiq/package.sh'
[2.016s] INFO:colcon.colcon_core.shell:Creating package script '/home/fiend/voice_grab/ros2_ws/install/ur_robotiq/share/ur_robotiq/package.bash'
[2.017s] INFO:colcon.colcon_core.shell:Creating package script '/home/fiend/voice_grab/ros2_ws/install/ur_robotiq/share/ur_robotiq/package.zsh'
[2.017s] Level 1:colcon.colcon_core.environment:create_file_with_runtime_dependencies(/home/fiend/voice_grab/ros2_ws/install/ur_robotiq/share/colcon-core/packages/ur_robotiq)
[2.058s] Level 1:colcon.colcon_core.environment:create_environment_scripts_only(ur_robotiq)
[2.059s] Level 1:colcon.colcon_core.environment:checking '/home/fiend/voice_grab/ros2_ws/install/ur_robotiq' for CMake module files
[2.059s] Level 1:colcon.colcon_core.environment:checking '/home/fiend/voice_grab/ros2_ws/install/ur_robotiq' for CMake config files
[2.060s] Level 1:colcon.colcon_core.shell:create_environment_hook('ur_robotiq', 'cmake_prefix_path')
[2.060s] INFO:colcon.colcon_core.shell:Creating environment hook '/home/fiend/voice_grab/ros2_ws/install/ur_robotiq/share/ur_robotiq/hook/cmake_prefix_path.ps1'
[2.061s] INFO:colcon.colcon_core.shell:Creating environment descriptor '/home/fiend/voice_grab/ros2_ws/install/ur_robotiq/share/ur_robotiq/hook/cmake_prefix_path.dsv'
[2.062s] INFO:colcon.colcon_core.shell:Creating environment hook '/home/fiend/voice_grab/ros2_ws/install/ur_robotiq/share/ur_robotiq/hook/cmake_prefix_path.sh'
[2.063s] Level 1:colcon.colcon_core.environment:checking '/home/fiend/voice_grab/ros2_ws/install/ur_robotiq/bin'
[2.063s] Level 1:colcon.colcon_core.environment:checking '/home/fiend/voice_grab/ros2_ws/install/ur_robotiq/lib/pkgconfig/ur_robotiq.pc'
[2.064s] Level 1:colcon.colcon_core.environment:checking '/home/fiend/voice_grab/ros2_ws/install/ur_robotiq/lib/python3.10/site-packages'
[2.064s] Level 1:colcon.colcon_core.environment:checking '/home/fiend/voice_grab/ros2_ws/install/ur_robotiq/bin'
[2.065s] INFO:colcon.colcon_core.shell:Creating package script '/home/fiend/voice_grab/ros2_ws/install/ur_robotiq/share/ur_robotiq/package.ps1'
[2.066s] INFO:colcon.colcon_core.shell:Creating package descriptor '/home/fiend/voice_grab/ros2_ws/install/ur_robotiq/share/ur_robotiq/package.dsv'
[2.066s] INFO:colcon.colcon_core.shell:Creating package script '/home/fiend/voice_grab/ros2_ws/install/ur_robotiq/share/ur_robotiq/package.sh'
[2.067s] INFO:colcon.colcon_core.shell:Creating package script '/home/fiend/voice_grab/ros2_ws/install/ur_robotiq/share/ur_robotiq/package.bash'
[2.068s] INFO:colcon.colcon_core.shell:Creating package script '/home/fiend/voice_grab/ros2_ws/install/ur_robotiq/share/ur_robotiq/package.zsh'
[2.069s] Level 1:colcon.colcon_core.environment:create_file_with_runtime_dependencies(/home/fiend/voice_grab/ros2_ws/install/ur_robotiq/share/colcon-core/packages/ur_robotiq)
[2.072s] DEBUG:colcon.colcon_core.event_handler.log_command:Invoked command in '/home/fiend/voice_grab/ros2_ws/build/voice_grabber' returned '0': CMAKE_PREFIX_PATH=/home/fiend/Navigation_Bot/dev_ws/install/navigation_bot:/home/fiend/voice_grab/ros2_ws/install/zed_ros2:/home/fiend/voice_grab/ros2_ws/install/zed_wrapper:/home/fiend/voice_grab/ros2_ws/install/zed_components:/home/fiend/voice_grab/ros2_ws/install/zed_interfaces:/home/fiend/voice_grab/ros2_ws/install/voice_grabber:/home/fiend/voice_grab/ros2_ws/install/ur_robotiq:/home/fiend/voice_grab/ros2_ws/install/ur_robotiq_description:/home/fiend/voice_grab/ros2_ws/install/ur_description:/opt/ros/humble:/home/fiend/LineFollowingRobot/ros_ws/install/prius_msgs:/home/fiend/LineFollowingRobot/ros_ws/install/line_bhakt:/home/fiend/LineFollowingRobot/ros_ws/install/launches:/home/fiend/LineFollowingRobot/ros_ws/install/autocar_nav:/home/fiend/LineFollowingRobot/ros_ws/install/autocar_msgs:/home/fiend/LineFollowingRobot/ros_ws/install/autocar_map:/home/fiend/LineFollowingRobot/ros_ws/install/autocar_gazebo:/home/fiend/LineFollowingRobot/ros_ws/install/autocar_description:/home/fiend/ROS/practice_codes_ROS2/articubot_one/install/articubot_one PS1=
\[[38;5;156m\]\[[0m\]\[[38;5;166m\]ros2_ws\[[0m\]\[[38;5;166m\]\[[0m\] on \[[38;5;162m\] \[[0m\]\[[38;5;162m\]main\[[0m\] underwent \[[36m\]35s\[[0m\]
\[[1;38;5;166m\]➜\[[0m\] /usr/bin/cmake --build /home/fiend/voice_grab/ros2_ws/build/voice_grabber -- -j8 -l8
[2.128s] DEBUG:colcon.colcon_core.event_handler.log_command:Invoking command in '/home/fiend/voice_grab/ros2_ws/build/voice_grabber': CMAKE_PREFIX_PATH=/home/fiend/Navigation_Bot/dev_ws/install/navigation_bot:/home/fiend/voice_grab/ros2_ws/install/zed_ros2:/home/fiend/voice_grab/ros2_ws/install/zed_wrapper:/home/fiend/voice_grab/ros2_ws/install/zed_components:/home/fiend/voice_grab/ros2_ws/install/zed_interfaces:/home/fiend/voice_grab/ros2_ws/install/voice_grabber:/home/fiend/voice_grab/ros2_ws/install/ur_robotiq:/home/fiend/voice_grab/ros2_ws/install/ur_robotiq_description:/home/fiend/voice_grab/ros2_ws/install/ur_description:/opt/ros/humble:/home/fiend/LineFollowingRobot/ros_ws/install/prius_msgs:/home/fiend/LineFollowingRobot/ros_ws/install/line_bhakt:/home/fiend/LineFollowingRobot/ros_ws/install/launches:/home/fiend/LineFollowingRobot/ros_ws/install/autocar_nav:/home/fiend/LineFollowingRobot/ros_ws/install/autocar_msgs:/home/fiend/LineFollowingRobot/ros_ws/install/autocar_map:/home/fiend/LineFollowingRobot/ros_ws/install/autocar_gazebo:/home/fiend/LineFollowingRobot/ros_ws/install/autocar_description:/home/fiend/ROS/practice_codes_ROS2/articubot_one/install/articubot_one PS1=
\[[38;5;156m\]\[[0m\]\[[38;5;166m\]ros2_ws\[[0m\]\[[38;5;166m\]\[[0m\] on \[[38;5;162m\] \[[0m\]\[[38;5;162m\]main\[[0m\] underwent \[[36m\]35s\[[0m\]
\[[1;38;5;166m\]➜\[[0m\] /usr/bin/cmake --install /home/fiend/voice_grab/ros2_ws/build/voice_grabber
[2.255s] Level 1:colcon.colcon_core.environment:create_environment_scripts_only(voice_grabber)
[2.256s] Level 1:colcon.colcon_core.environment:checking '/home/fiend/voice_grab/ros2_ws/install/voice_grabber' for CMake module files
[2.257s] DEBUG:colcon.colcon_core.event_handler.log_command:Invoked command in '/home/fiend/voice_grab/ros2_ws/build/voice_grabber' returned '0': CMAKE_PREFIX_PATH=/home/fiend/Navigation_Bot/dev_ws/install/navigation_bot:/home/fiend/voice_grab/ros2_ws/install/zed_ros2:/home/fiend/voice_grab/ros2_ws/install/zed_wrapper:/home/fiend/voice_grab/ros2_ws/install/zed_components:/home/fiend/voice_grab/ros2_ws/install/zed_interfaces:/home/fiend/voice_grab/ros2_ws/install/voice_grabber:/home/fiend/voice_grab/ros2_ws/install/ur_robotiq:/home/fiend/voice_grab/ros2_ws/install/ur_robotiq_description:/home/fiend/voice_grab/ros2_ws/install/ur_description:/opt/ros/humble:/home/fiend/LineFollowingRobot/ros_ws/install/prius_msgs:/home/fiend/LineFollowingRobot/ros_ws/install/line_bhakt:/home/fiend/LineFollowingRobot/ros_ws/install/launches:/home/fiend/LineFollowingRobot/ros_ws/install/autocar_nav:/home/fiend/LineFollowingRobot/ros_ws/install/autocar_msgs:/home/fiend/LineFollowingRobot/ros_ws/install/autocar_map:/home/fiend/LineFollowingRobot/ros_ws/install/autocar_gazebo:/home/fiend/LineFollowingRobot/ros_ws/install/autocar_description:/home/fiend/ROS/practice_codes_ROS2/articubot_one/install/articubot_one PS1=
\[[38;5;156m\]\[[0m\]\[[38;5;166m\]ros2_ws\[[0m\]\[[38;5;166m\]\[[0m\] on \[[38;5;162m\] \[[0m\]\[[38;5;162m\]main\[[0m\] underwent \[[36m\]35s\[[0m\]
\[[1;38;5;166m\]➜\[[0m\] /usr/bin/cmake --install /home/fiend/voice_grab/ros2_ws/build/voice_grabber
[2.258s] Level 1:colcon.colcon_core.environment:checking '/home/fiend/voice_grab/ros2_ws/install/voice_grabber' for CMake config files
[2.259s] Level 1:colcon.colcon_core.shell:create_environment_hook('voice_grabber', 'cmake_prefix_path')
[2.259s] INFO:colcon.colcon_core.shell:Creating environment hook '/home/fiend/voice_grab/ros2_ws/install/voice_grabber/share/voice_grabber/hook/cmake_prefix_path.ps1'
[2.260s] INFO:colcon.colcon_core.shell:Creating environment descriptor '/home/fiend/voice_grab/ros2_ws/install/voice_grabber/share/voice_grabber/hook/cmake_prefix_path.dsv'
[2.261s] INFO:colcon.colcon_core.shell:Creating environment hook '/home/fiend/voice_grab/ros2_ws/install/voice_grabber/share/voice_grabber/hook/cmake_prefix_path.sh'
[2.261s] Level 1:colcon.colcon_core.environment:checking '/home/fiend/voice_grab/ros2_ws/install/voice_grabber/lib'
[2.262s] Level 1:colcon.colcon_core.environment:checking '/home/fiend/voice_grab/ros2_ws/install/voice_grabber/bin'
[2.262s] Level 1:colcon.colcon_core.environment:checking '/home/fiend/voice_grab/ros2_ws/install/voice_grabber/lib/pkgconfig/voice_grabber.pc'
[2.262s] Level 1:colcon.colcon_core.environment:checking '/home/fiend/voice_grab/ros2_ws/install/voice_grabber/lib/python3.10/site-packages'
[2.263s] Level 1:colcon.colcon_core.environment:checking '/home/fiend/voice_grab/ros2_ws/install/voice_grabber/bin'
[2.263s] INFO:colcon.colcon_core.shell:Creating package script '/home/fiend/voice_grab/ros2_ws/install/voice_grabber/share/voice_grabber/package.ps1'
[2.264s] INFO:colcon.colcon_core.shell:Creating package descriptor '/home/fiend/voice_grab/ros2_ws/install/voice_grabber/share/voice_grabber/package.dsv'
[2.265s] INFO:colcon.colcon_core.shell:Creating package script '/home/fiend/voice_grab/ros2_ws/install/voice_grabber/share/voice_grabber/package.sh'
[2.266s] INFO:colcon.colcon_core.shell:Creating package script '/home/fiend/voice_grab/ros2_ws/install/voice_grabber/share/voice_grabber/package.bash'
[2.266s] INFO:colcon.colcon_core.shell:Creating package script '/home/fiend/voice_grab/ros2_ws/install/voice_grabber/share/voice_grabber/package.zsh'
[2.267s] Level 1:colcon.colcon_core.environment:create_file_with_runtime_dependencies(/home/fiend/voice_grab/ros2_ws/install/voice_grabber/share/colcon-core/packages/voice_grabber)
[2.321s] Level 1:colcon.colcon_core.environment:create_environment_scripts_only(voice_grabber)
[2.321s] Level 1:colcon.colcon_core.environment:checking '/home/fiend/voice_grab/ros2_ws/install/voice_grabber' for CMake module files
[2.322s] Level 1:colcon.colcon_core.environment:checking '/home/fiend/voice_grab/ros2_ws/install/voice_grabber' for CMake config files
[2.323s] Level 1:colcon.colcon_core.shell:create_environment_hook('voice_grabber', 'cmake_prefix_path')
[2.324s] INFO:colcon.colcon_core.shell:Creating environment hook '/home/fiend/voice_grab/ros2_ws/install/voice_grabber/share/voice_grabber/hook/cmake_prefix_path.ps1'
[2.325s] INFO:colcon.colcon_core.shell:Creating environment descriptor '/home/fiend/voice_grab/ros2_ws/install/voice_grabber/share/voice_grabber/hook/cmake_prefix_path.dsv'
[2.325s] INFO:colcon.colcon_core.shell:Creating environment hook '/home/fiend/voice_grab/ros2_ws/install/voice_grabber/share/voice_grabber/hook/cmake_prefix_path.sh'
[2.326s] Level 1:colcon.colcon_core.environment:checking '/home/fiend/voice_grab/ros2_ws/install/voice_grabber/lib'
[2.326s] Level 1:colcon.colcon_core.environment:checking '/home/fiend/voice_grab/ros2_ws/install/voice_grabber/bin'
[2.326s] Level 1:colcon.colcon_core.environment:checking '/home/fiend/voice_grab/ros2_ws/install/voice_grabber/lib/pkgconfig/voice_grabber.pc'
[2.327s] Level 1:colcon.colcon_core.environment:checking '/home/fiend/voice_grab/ros2_ws/install/voice_grabber/lib/python3.10/site-packages'
[2.327s] Level 1:colcon.colcon_core.environment:checking '/home/fiend/voice_grab/ros2_ws/install/voice_grabber/bin'
[2.328s] INFO:colcon.colcon_core.shell:Creating package script '/home/fiend/voice_grab/ros2_ws/install/voice_grabber/share/voice_grabber/package.ps1'
[2.329s] INFO:colcon.colcon_core.shell:Creating package descriptor '/home/fiend/voice_grab/ros2_ws/install/voice_grabber/share/voice_grabber/package.dsv'
[2.330s] INFO:colcon.colcon_core.shell:Creating package script '/home/fiend/voice_grab/ros2_ws/install/voice_grabber/share/voice_grabber/package.sh'
[2.330s] INFO:colcon.colcon_core.shell:Creating package script '/home/fiend/voice_grab/ros2_ws/install/voice_grabber/share/voice_grabber/package.bash'
[2.331s] INFO:colcon.colcon_core.shell:Creating package script '/home/fiend/voice_grab/ros2_ws/install/voice_grabber/share/voice_grabber/package.zsh'
[2.332s] Level 1:colcon.colcon_core.environment:create_file_with_runtime_dependencies(/home/fiend/voice_grab/ros2_ws/install/voice_grabber/share/colcon-core/packages/voice_grabber)
[2.332s] DEBUG:colcon.colcon_parallel_executor.executor.parallel:closing loop
[2.333s] DEBUG:colcon.colcon_parallel_executor.executor.parallel:loop closed
[2.333s] DEBUG:colcon.colcon_parallel_executor.executor.parallel:run_until_complete finished with '0'
[2.334s] DEBUG:colcon.colcon_core.event_reactor:joining thread
[2.344s] INFO:colcon.colcon_core.plugin_system:Skipping extension 'colcon_notification.desktop_notification.terminal_notifier': Not used on non-Darwin systems
[2.344s] INFO:colcon.colcon_core.plugin_system:Skipping extension 'colcon_notification.desktop_notification.win32': Not used on non-Windows systems
[2.344s] INFO:colcon.colcon_notification.desktop_notification:Sending desktop notification using 'notify2'
[2.373s] DEBUG:colcon.colcon_core.event_reactor:joined thread
[2.374s] INFO:colcon.colcon_core.shell:Creating prefix script '/home/fiend/voice_grab/ros2_ws/install/local_setup.ps1'
[2.376s] INFO:colcon.colcon_core.shell:Creating prefix util module '/home/fiend/voice_grab/ros2_ws/install/_local_setup_util_ps1.py'
[2.378s] INFO:colcon.colcon_core.shell:Creating prefix chain script '/home/fiend/voice_grab/ros2_ws/install/setup.ps1'
[2.382s] INFO:colcon.colcon_core.shell:Creating prefix script '/home/fiend/voice_grab/ros2_ws/install/local_setup.sh'
[2.383s] INFO:colcon.colcon_core.shell:Creating prefix util module '/home/fiend/voice_grab/ros2_ws/install/_local_setup_util_sh.py'
[2.384s] INFO:colcon.colcon_core.shell:Creating prefix chain script '/home/fiend/voice_grab/ros2_ws/install/setup.sh'
[2.388s] INFO:colcon.colcon_core.shell:Creating prefix script '/home/fiend/voice_grab/ros2_ws/install/local_setup.bash'
[2.389s] INFO:colcon.colcon_core.shell:Creating prefix chain script '/home/fiend/voice_grab/ros2_ws/install/setup.bash'
[2.392s] INFO:colcon.colcon_core.shell:Creating prefix script '/home/fiend/voice_grab/ros2_ws/install/local_setup.zsh'
[2.393s] INFO:colcon.colcon_core.shell:Creating prefix chain script '/home/fiend/voice_grab/ros2_ws/install/setup.zsh'
