[0.117s] Invoking command in '/home/fiend/voice_grab/ros2_ws/build/ur_description': CMAKE_PREFIX_PATH=/home/fiend/Navigation_Bot/dev_ws/install/navigation_bot:/home/fiend/ws_moveit/install/pilz_industrial_motion_planner_testutils:/home/fiend/ws_moveit/install/moveit_runtime:/home/fiend/ws_moveit/install/moveit2_tutorials:/home/fiend/ws_moveit/install/moveit:/home/fiend/ws_moveit/install/moveit_planners:/home/fiend/ws_moveit/install/pilz_industrial_motion_planner:/home/fiend/ws_moveit/install/mtc_tutorial:/home/fiend/ws_moveit/install/hello_moveit:/home/fiend/ws_moveit/install/moveit_visual_tools:/home/fiend/ws_moveit/install/moveit_task_constructor_visualization:/home/fiend/ws_moveit/install/moveit_task_constructor_demo:/home/fiend/ws_moveit/install/moveit_task_constructor_capabilities:/home/fiend/ws_moveit/install/moveit_task_constructor_core:/home/fiend/ws_moveit/install/moveit_ros_control_interface:/home/fiend/ws_moveit/install/moveit_plugins:/home/fiend/ws_moveit/install/moveit_simple_controller_manager:/home/fiend/ws_moveit/install/moveit_setup_assistant:/home/fiend/ws_moveit/install/moveit_setup_srdf_plugins:/home/fiend/ws_moveit/install/moveit_setup_core_plugins:/home/fiend/ws_moveit/install/moveit_setup_controllers:/home/fiend/ws_moveit/install/moveit_setup_app_plugins:/home/fiend/ws_moveit/install/moveit_setup_framework:/home/fiend/ws_moveit/install/moveit_servo:/home/fiend/ws_moveit/install/moveit_ros:/home/fiend/ws_moveit/install/moveit_ros_visualization:/home/fiend/ws_moveit/install/moveit_hybrid_planning:/home/fiend/ws_moveit/install/moveit_ros_planning_interface:/home/fiend/ws_moveit/install/moveit_ros_benchmarks:/home/fiend/ws_moveit/install/moveit_ros_warehouse:/home/fiend/ws_moveit/install/moveit_ros_robot_interaction:/home/fiend/ws_moveit/install/moveit_ros_perception:/home/fiend/ws_moveit/install/moveit_resources_prbt_pg70_support:/home/fiend/ws_moveit/install/moveit_resources_prbt_moveit_config:/home/fiend/ws_moveit/install/moveit_ros_move_group:/home/fiend/ws_moveit/install/moveit_planners_ompl:/home/fiend/ws_moveit/install/moveit_ros_planning:/home/fiend/ws_moveit/install/moveit_ros_occupancy_map_monitor:/home/fiend/ws_moveit/install/moveit_resources_prbt_ikfast_manipulator_plugin:/home/fiend/ws_moveit/install/moveit_planners_chomp:/home/fiend/ws_moveit/install/moveit_kinematics:/home/fiend/ws_moveit/install/moveit_chomp_optimizer_adapter:/home/fiend/ws_moveit/install/chomp_motion_planner:/home/fiend/ws_moveit/install/moveit_core:/home/fiend/ws_moveit/install/srdfdom:/home/fiend/ws_moveit/install/rviz_marker_tools:/home/fiend/ws_moveit/install/rosparam_shortcuts:/home/fiend/ws_moveit/install/moveit_task_constructor_msgs:/home/fiend/ws_moveit/install/moveit_resources_prbt_support:/home/fiend/ws_moveit/install/moveit_resources:/home/fiend/ws_moveit/install/moveit_resources_pr2_description:/home/fiend/ws_moveit/install/moveit_resources_panda_moveit_config:/home/fiend/ws_moveit/install/moveit_resources_panda_description:/home/fiend/ws_moveit/install/moveit_resources_fanuc_moveit_config:/home/fiend/ws_moveit/install/moveit_resources_fanuc_description:/home/fiend/ws_moveit/install/moveit_common:/home/fiend/gazebo_ros2_control/install/gazebo_ros2_control_demos:/home/fiend/gazebo_ros2_control/install/gazebo_ros2_control:/home/fiend/ws_moveit/install/moveit_configs_utils:/home/fiend/ws_moveit/install/launch_param_builder:/opt/ros/humble:/home/fiend/LineFollowingRobot/ros_ws/install/prius_msgs:/home/fiend/LineFollowingRobot/ros_ws/install/line_bhakt:/home/fiend/LineFollowingRobot/ros_ws/install/launches:/home/fiend/LineFollowingRobot/ros_ws/install/autocar_nav:/home/fiend/LineFollowingRobot/ros_ws/install/autocar_msgs:/home/fiend/LineFollowingRobot/ros_ws/install/autocar_map:/home/fiend/LineFollowingRobot/ros_ws/install/autocar_gazebo:/home/fiend/LineFollowingRobot/ros_ws/install/autocar_description:/home/fiend/ROS/practice_codes_ROS2/articubot_one/install/articubot_one:/home/fiend/octomap_mapping/install/octomap_mapping:/home/fiend/octomap_mapping/install/octomap_server PS1=
\[[38;5;156m\]\[[0m\]\[[38;5;166m\]ros2_ws\[[0m\]\[[38;5;166m\]\[[0m\] on \[[38;5;162m\] \[[0m\]\[[38;5;162m\]master\[[0m\] underwent \[[36m\]1m3s\[[0m\]
\[[1;38;5;166m\]➜\[[0m\] /usr/bin/cmake /home/fiend/voice_grab/ros2_ws/src/ur_description -DAMENT_CMAKE_SYMLINK_INSTALL=1 -DCMAKE_INSTALL_PREFIX=/home/fiend/voice_grab/ros2_ws/install/ur_description
[0.326s] -- The C compiler identification is GNU 11.4.0
[0.530s] -- The CXX compiler identification is GNU 11.4.0
[0.555s] -- Detecting C compiler ABI info
[0.821s] -- Detecting C compiler ABI info - done
[0.866s] -- Check for working C compiler: /usr/bin/cc - skipped
[0.875s] -- Detecting C compile features
[0.887s] -- Detecting C compile features - done
[0.909s] -- Detecting CXX compiler ABI info
[1.264s] -- Detecting CXX compiler ABI info - done
[1.297s] -- Check for working CXX compiler: /usr/bin/c++ - skipped
[1.298s] -- Detecting CXX compile features
[1.301s] -- Detecting CXX compile features - done
[1.370s] -- Found ament_cmake: 1.3.9 (/opt/ros/humble/share/ament_cmake/cmake)
[1.973s] -- Found Python3: /usr/bin/python3 (found version "3.10.12") found components: Interpreter 
[2.222s] -- Override CMake install command with custom implementation using symlinks instead of copying resources
[2.541s] -- Found ament_cmake_pytest: 1.3.9 (/opt/ros/humble/share/ament_cmake_pytest/cmake)
[4.763s] -- Configuring done
[4.771s] -- Generating done
[4.773s] -- Build files have been written to: /home/fiend/voice_grab/ros2_ws/build/ur_description
[4.783s] Invoked command in '/home/fiend/voice_grab/ros2_ws/build/ur_description' returned '0': CMAKE_PREFIX_PATH=/home/fiend/Navigation_Bot/dev_ws/install/navigation_bot:/home/fiend/ws_moveit/install/pilz_industrial_motion_planner_testutils:/home/fiend/ws_moveit/install/moveit_runtime:/home/fiend/ws_moveit/install/moveit2_tutorials:/home/fiend/ws_moveit/install/moveit:/home/fiend/ws_moveit/install/moveit_planners:/home/fiend/ws_moveit/install/pilz_industrial_motion_planner:/home/fiend/ws_moveit/install/mtc_tutorial:/home/fiend/ws_moveit/install/hello_moveit:/home/fiend/ws_moveit/install/moveit_visual_tools:/home/fiend/ws_moveit/install/moveit_task_constructor_visualization:/home/fiend/ws_moveit/install/moveit_task_constructor_demo:/home/fiend/ws_moveit/install/moveit_task_constructor_capabilities:/home/fiend/ws_moveit/install/moveit_task_constructor_core:/home/fiend/ws_moveit/install/moveit_ros_control_interface:/home/fiend/ws_moveit/install/moveit_plugins:/home/fiend/ws_moveit/install/moveit_simple_controller_manager:/home/fiend/ws_moveit/install/moveit_setup_assistant:/home/fiend/ws_moveit/install/moveit_setup_srdf_plugins:/home/fiend/ws_moveit/install/moveit_setup_core_plugins:/home/fiend/ws_moveit/install/moveit_setup_controllers:/home/fiend/ws_moveit/install/moveit_setup_app_plugins:/home/fiend/ws_moveit/install/moveit_setup_framework:/home/fiend/ws_moveit/install/moveit_servo:/home/fiend/ws_moveit/install/moveit_ros:/home/fiend/ws_moveit/install/moveit_ros_visualization:/home/fiend/ws_moveit/install/moveit_hybrid_planning:/home/fiend/ws_moveit/install/moveit_ros_planning_interface:/home/fiend/ws_moveit/install/moveit_ros_benchmarks:/home/fiend/ws_moveit/install/moveit_ros_warehouse:/home/fiend/ws_moveit/install/moveit_ros_robot_interaction:/home/fiend/ws_moveit/install/moveit_ros_perception:/home/fiend/ws_moveit/install/moveit_resources_prbt_pg70_support:/home/fiend/ws_moveit/install/moveit_resources_prbt_moveit_config:/home/fiend/ws_moveit/install/moveit_ros_move_group:/home/fiend/ws_moveit/install/moveit_planners_ompl:/home/fiend/ws_moveit/install/moveit_ros_planning:/home/fiend/ws_moveit/install/moveit_ros_occupancy_map_monitor:/home/fiend/ws_moveit/install/moveit_resources_prbt_ikfast_manipulator_plugin:/home/fiend/ws_moveit/install/moveit_planners_chomp:/home/fiend/ws_moveit/install/moveit_kinematics:/home/fiend/ws_moveit/install/moveit_chomp_optimizer_adapter:/home/fiend/ws_moveit/install/chomp_motion_planner:/home/fiend/ws_moveit/install/moveit_core:/home/fiend/ws_moveit/install/srdfdom:/home/fiend/ws_moveit/install/rviz_marker_tools:/home/fiend/ws_moveit/install/rosparam_shortcuts:/home/fiend/ws_moveit/install/moveit_task_constructor_msgs:/home/fiend/ws_moveit/install/moveit_resources_prbt_support:/home/fiend/ws_moveit/install/moveit_resources:/home/fiend/ws_moveit/install/moveit_resources_pr2_description:/home/fiend/ws_moveit/install/moveit_resources_panda_moveit_config:/home/fiend/ws_moveit/install/moveit_resources_panda_description:/home/fiend/ws_moveit/install/moveit_resources_fanuc_moveit_config:/home/fiend/ws_moveit/install/moveit_resources_fanuc_description:/home/fiend/ws_moveit/install/moveit_common:/home/fiend/gazebo_ros2_control/install/gazebo_ros2_control_demos:/home/fiend/gazebo_ros2_control/install/gazebo_ros2_control:/home/fiend/ws_moveit/install/moveit_configs_utils:/home/fiend/ws_moveit/install/launch_param_builder:/opt/ros/humble:/home/fiend/LineFollowingRobot/ros_ws/install/prius_msgs:/home/fiend/LineFollowingRobot/ros_ws/install/line_bhakt:/home/fiend/LineFollowingRobot/ros_ws/install/launches:/home/fiend/LineFollowingRobot/ros_ws/install/autocar_nav:/home/fiend/LineFollowingRobot/ros_ws/install/autocar_msgs:/home/fiend/LineFollowingRobot/ros_ws/install/autocar_map:/home/fiend/LineFollowingRobot/ros_ws/install/autocar_gazebo:/home/fiend/LineFollowingRobot/ros_ws/install/autocar_description:/home/fiend/ROS/practice_codes_ROS2/articubot_one/install/articubot_one:/home/fiend/octomap_mapping/install/octomap_mapping:/home/fiend/octomap_mapping/install/octomap_server PS1=
\[[38;5;156m\]\[[0m\]\[[38;5;166m\]ros2_ws\[[0m\]\[[38;5;166m\]\[[0m\] on \[[38;5;162m\] \[[0m\]\[[38;5;162m\]master\[[0m\] underwent \[[36m\]1m3s\[[0m\]
\[[1;38;5;166m\]➜\[[0m\] /usr/bin/cmake /home/fiend/voice_grab/ros2_ws/src/ur_description -DAMENT_CMAKE_SYMLINK_INSTALL=1 -DCMAKE_INSTALL_PREFIX=/home/fiend/voice_grab/ros2_ws/install/ur_description
[4.786s] Invoking command in '/home/fiend/voice_grab/ros2_ws/build/ur_description': CMAKE_PREFIX_PATH=/home/fiend/Navigation_Bot/dev_ws/install/navigation_bot:/home/fiend/ws_moveit/install/pilz_industrial_motion_planner_testutils:/home/fiend/ws_moveit/install/moveit_runtime:/home/fiend/ws_moveit/install/moveit2_tutorials:/home/fiend/ws_moveit/install/moveit:/home/fiend/ws_moveit/install/moveit_planners:/home/fiend/ws_moveit/install/pilz_industrial_motion_planner:/home/fiend/ws_moveit/install/mtc_tutorial:/home/fiend/ws_moveit/install/hello_moveit:/home/fiend/ws_moveit/install/moveit_visual_tools:/home/fiend/ws_moveit/install/moveit_task_constructor_visualization:/home/fiend/ws_moveit/install/moveit_task_constructor_demo:/home/fiend/ws_moveit/install/moveit_task_constructor_capabilities:/home/fiend/ws_moveit/install/moveit_task_constructor_core:/home/fiend/ws_moveit/install/moveit_ros_control_interface:/home/fiend/ws_moveit/install/moveit_plugins:/home/fiend/ws_moveit/install/moveit_simple_controller_manager:/home/fiend/ws_moveit/install/moveit_setup_assistant:/home/fiend/ws_moveit/install/moveit_setup_srdf_plugins:/home/fiend/ws_moveit/install/moveit_setup_core_plugins:/home/fiend/ws_moveit/install/moveit_setup_controllers:/home/fiend/ws_moveit/install/moveit_setup_app_plugins:/home/fiend/ws_moveit/install/moveit_setup_framework:/home/fiend/ws_moveit/install/moveit_servo:/home/fiend/ws_moveit/install/moveit_ros:/home/fiend/ws_moveit/install/moveit_ros_visualization:/home/fiend/ws_moveit/install/moveit_hybrid_planning:/home/fiend/ws_moveit/install/moveit_ros_planning_interface:/home/fiend/ws_moveit/install/moveit_ros_benchmarks:/home/fiend/ws_moveit/install/moveit_ros_warehouse:/home/fiend/ws_moveit/install/moveit_ros_robot_interaction:/home/fiend/ws_moveit/install/moveit_ros_perception:/home/fiend/ws_moveit/install/moveit_resources_prbt_pg70_support:/home/fiend/ws_moveit/install/moveit_resources_prbt_moveit_config:/home/fiend/ws_moveit/install/moveit_ros_move_group:/home/fiend/ws_moveit/install/moveit_planners_ompl:/home/fiend/ws_moveit/install/moveit_ros_planning:/home/fiend/ws_moveit/install/moveit_ros_occupancy_map_monitor:/home/fiend/ws_moveit/install/moveit_resources_prbt_ikfast_manipulator_plugin:/home/fiend/ws_moveit/install/moveit_planners_chomp:/home/fiend/ws_moveit/install/moveit_kinematics:/home/fiend/ws_moveit/install/moveit_chomp_optimizer_adapter:/home/fiend/ws_moveit/install/chomp_motion_planner:/home/fiend/ws_moveit/install/moveit_core:/home/fiend/ws_moveit/install/srdfdom:/home/fiend/ws_moveit/install/rviz_marker_tools:/home/fiend/ws_moveit/install/rosparam_shortcuts:/home/fiend/ws_moveit/install/moveit_task_constructor_msgs:/home/fiend/ws_moveit/install/moveit_resources_prbt_support:/home/fiend/ws_moveit/install/moveit_resources:/home/fiend/ws_moveit/install/moveit_resources_pr2_description:/home/fiend/ws_moveit/install/moveit_resources_panda_moveit_config:/home/fiend/ws_moveit/install/moveit_resources_panda_description:/home/fiend/ws_moveit/install/moveit_resources_fanuc_moveit_config:/home/fiend/ws_moveit/install/moveit_resources_fanuc_description:/home/fiend/ws_moveit/install/moveit_common:/home/fiend/gazebo_ros2_control/install/gazebo_ros2_control_demos:/home/fiend/gazebo_ros2_control/install/gazebo_ros2_control:/home/fiend/ws_moveit/install/moveit_configs_utils:/home/fiend/ws_moveit/install/launch_param_builder:/opt/ros/humble:/home/fiend/LineFollowingRobot/ros_ws/install/prius_msgs:/home/fiend/LineFollowingRobot/ros_ws/install/line_bhakt:/home/fiend/LineFollowingRobot/ros_ws/install/launches:/home/fiend/LineFollowingRobot/ros_ws/install/autocar_nav:/home/fiend/LineFollowingRobot/ros_ws/install/autocar_msgs:/home/fiend/LineFollowingRobot/ros_ws/install/autocar_map:/home/fiend/LineFollowingRobot/ros_ws/install/autocar_gazebo:/home/fiend/LineFollowingRobot/ros_ws/install/autocar_description:/home/fiend/ROS/practice_codes_ROS2/articubot_one/install/articubot_one:/home/fiend/octomap_mapping/install/octomap_mapping:/home/fiend/octomap_mapping/install/octomap_server PS1=
\[[38;5;156m\]\[[0m\]\[[38;5;166m\]ros2_ws\[[0m\]\[[38;5;166m\]\[[0m\] on \[[38;5;162m\] \[[0m\]\[[38;5;162m\]master\[[0m\] underwent \[[36m\]1m3s\[[0m\]
\[[1;38;5;166m\]➜\[[0m\] /usr/bin/cmake --build /home/fiend/voice_grab/ros2_ws/build/ur_description -- -j8 -l8
[4.915s] Invoked command in '/home/fiend/voice_grab/ros2_ws/build/ur_description' returned '0': CMAKE_PREFIX_PATH=/home/fiend/Navigation_Bot/dev_ws/install/navigation_bot:/home/fiend/ws_moveit/install/pilz_industrial_motion_planner_testutils:/home/fiend/ws_moveit/install/moveit_runtime:/home/fiend/ws_moveit/install/moveit2_tutorials:/home/fiend/ws_moveit/install/moveit:/home/fiend/ws_moveit/install/moveit_planners:/home/fiend/ws_moveit/install/pilz_industrial_motion_planner:/home/fiend/ws_moveit/install/mtc_tutorial:/home/fiend/ws_moveit/install/hello_moveit:/home/fiend/ws_moveit/install/moveit_visual_tools:/home/fiend/ws_moveit/install/moveit_task_constructor_visualization:/home/fiend/ws_moveit/install/moveit_task_constructor_demo:/home/fiend/ws_moveit/install/moveit_task_constructor_capabilities:/home/fiend/ws_moveit/install/moveit_task_constructor_core:/home/fiend/ws_moveit/install/moveit_ros_control_interface:/home/fiend/ws_moveit/install/moveit_plugins:/home/fiend/ws_moveit/install/moveit_simple_controller_manager:/home/fiend/ws_moveit/install/moveit_setup_assistant:/home/fiend/ws_moveit/install/moveit_setup_srdf_plugins:/home/fiend/ws_moveit/install/moveit_setup_core_plugins:/home/fiend/ws_moveit/install/moveit_setup_controllers:/home/fiend/ws_moveit/install/moveit_setup_app_plugins:/home/fiend/ws_moveit/install/moveit_setup_framework:/home/fiend/ws_moveit/install/moveit_servo:/home/fiend/ws_moveit/install/moveit_ros:/home/fiend/ws_moveit/install/moveit_ros_visualization:/home/fiend/ws_moveit/install/moveit_hybrid_planning:/home/fiend/ws_moveit/install/moveit_ros_planning_interface:/home/fiend/ws_moveit/install/moveit_ros_benchmarks:/home/fiend/ws_moveit/install/moveit_ros_warehouse:/home/fiend/ws_moveit/install/moveit_ros_robot_interaction:/home/fiend/ws_moveit/install/moveit_ros_perception:/home/fiend/ws_moveit/install/moveit_resources_prbt_pg70_support:/home/fiend/ws_moveit/install/moveit_resources_prbt_moveit_config:/home/fiend/ws_moveit/install/moveit_ros_move_group:/home/fiend/ws_moveit/install/moveit_planners_ompl:/home/fiend/ws_moveit/install/moveit_ros_planning:/home/fiend/ws_moveit/install/moveit_ros_occupancy_map_monitor:/home/fiend/ws_moveit/install/moveit_resources_prbt_ikfast_manipulator_plugin:/home/fiend/ws_moveit/install/moveit_planners_chomp:/home/fiend/ws_moveit/install/moveit_kinematics:/home/fiend/ws_moveit/install/moveit_chomp_optimizer_adapter:/home/fiend/ws_moveit/install/chomp_motion_planner:/home/fiend/ws_moveit/install/moveit_core:/home/fiend/ws_moveit/install/srdfdom:/home/fiend/ws_moveit/install/rviz_marker_tools:/home/fiend/ws_moveit/install/rosparam_shortcuts:/home/fiend/ws_moveit/install/moveit_task_constructor_msgs:/home/fiend/ws_moveit/install/moveit_resources_prbt_support:/home/fiend/ws_moveit/install/moveit_resources:/home/fiend/ws_moveit/install/moveit_resources_pr2_description:/home/fiend/ws_moveit/install/moveit_resources_panda_moveit_config:/home/fiend/ws_moveit/install/moveit_resources_panda_description:/home/fiend/ws_moveit/install/moveit_resources_fanuc_moveit_config:/home/fiend/ws_moveit/install/moveit_resources_fanuc_description:/home/fiend/ws_moveit/install/moveit_common:/home/fiend/gazebo_ros2_control/install/gazebo_ros2_control_demos:/home/fiend/gazebo_ros2_control/install/gazebo_ros2_control:/home/fiend/ws_moveit/install/moveit_configs_utils:/home/fiend/ws_moveit/install/launch_param_builder:/opt/ros/humble:/home/fiend/LineFollowingRobot/ros_ws/install/prius_msgs:/home/fiend/LineFollowingRobot/ros_ws/install/line_bhakt:/home/fiend/LineFollowingRobot/ros_ws/install/launches:/home/fiend/LineFollowingRobot/ros_ws/install/autocar_nav:/home/fiend/LineFollowingRobot/ros_ws/install/autocar_msgs:/home/fiend/LineFollowingRobot/ros_ws/install/autocar_map:/home/fiend/LineFollowingRobot/ros_ws/install/autocar_gazebo:/home/fiend/LineFollowingRobot/ros_ws/install/autocar_description:/home/fiend/ROS/practice_codes_ROS2/articubot_one/install/articubot_one:/home/fiend/octomap_mapping/install/octomap_mapping:/home/fiend/octomap_mapping/install/octomap_server PS1=
\[[38;5;156m\]\[[0m\]\[[38;5;166m\]ros2_ws\[[0m\]\[[38;5;166m\]\[[0m\] on \[[38;5;162m\] \[[0m\]\[[38;5;162m\]master\[[0m\] underwent \[[36m\]1m3s\[[0m\]
\[[1;38;5;166m\]➜\[[0m\] /usr/bin/cmake --build /home/fiend/voice_grab/ros2_ws/build/ur_description -- -j8 -l8
[4.991s] Invoking command in '/home/fiend/voice_grab/ros2_ws/build/ur_description': CMAKE_PREFIX_PATH=/home/fiend/Navigation_Bot/dev_ws/install/navigation_bot:/home/fiend/ws_moveit/install/pilz_industrial_motion_planner_testutils:/home/fiend/ws_moveit/install/moveit_runtime:/home/fiend/ws_moveit/install/moveit2_tutorials:/home/fiend/ws_moveit/install/moveit:/home/fiend/ws_moveit/install/moveit_planners:/home/fiend/ws_moveit/install/pilz_industrial_motion_planner:/home/fiend/ws_moveit/install/mtc_tutorial:/home/fiend/ws_moveit/install/hello_moveit:/home/fiend/ws_moveit/install/moveit_visual_tools:/home/fiend/ws_moveit/install/moveit_task_constructor_visualization:/home/fiend/ws_moveit/install/moveit_task_constructor_demo:/home/fiend/ws_moveit/install/moveit_task_constructor_capabilities:/home/fiend/ws_moveit/install/moveit_task_constructor_core:/home/fiend/ws_moveit/install/moveit_ros_control_interface:/home/fiend/ws_moveit/install/moveit_plugins:/home/fiend/ws_moveit/install/moveit_simple_controller_manager:/home/fiend/ws_moveit/install/moveit_setup_assistant:/home/fiend/ws_moveit/install/moveit_setup_srdf_plugins:/home/fiend/ws_moveit/install/moveit_setup_core_plugins:/home/fiend/ws_moveit/install/moveit_setup_controllers:/home/fiend/ws_moveit/install/moveit_setup_app_plugins:/home/fiend/ws_moveit/install/moveit_setup_framework:/home/fiend/ws_moveit/install/moveit_servo:/home/fiend/ws_moveit/install/moveit_ros:/home/fiend/ws_moveit/install/moveit_ros_visualization:/home/fiend/ws_moveit/install/moveit_hybrid_planning:/home/fiend/ws_moveit/install/moveit_ros_planning_interface:/home/fiend/ws_moveit/install/moveit_ros_benchmarks:/home/fiend/ws_moveit/install/moveit_ros_warehouse:/home/fiend/ws_moveit/install/moveit_ros_robot_interaction:/home/fiend/ws_moveit/install/moveit_ros_perception:/home/fiend/ws_moveit/install/moveit_resources_prbt_pg70_support:/home/fiend/ws_moveit/install/moveit_resources_prbt_moveit_config:/home/fiend/ws_moveit/install/moveit_ros_move_group:/home/fiend/ws_moveit/install/moveit_planners_ompl:/home/fiend/ws_moveit/install/moveit_ros_planning:/home/fiend/ws_moveit/install/moveit_ros_occupancy_map_monitor:/home/fiend/ws_moveit/install/moveit_resources_prbt_ikfast_manipulator_plugin:/home/fiend/ws_moveit/install/moveit_planners_chomp:/home/fiend/ws_moveit/install/moveit_kinematics:/home/fiend/ws_moveit/install/moveit_chomp_optimizer_adapter:/home/fiend/ws_moveit/install/chomp_motion_planner:/home/fiend/ws_moveit/install/moveit_core:/home/fiend/ws_moveit/install/srdfdom:/home/fiend/ws_moveit/install/rviz_marker_tools:/home/fiend/ws_moveit/install/rosparam_shortcuts:/home/fiend/ws_moveit/install/moveit_task_constructor_msgs:/home/fiend/ws_moveit/install/moveit_resources_prbt_support:/home/fiend/ws_moveit/install/moveit_resources:/home/fiend/ws_moveit/install/moveit_resources_pr2_description:/home/fiend/ws_moveit/install/moveit_resources_panda_moveit_config:/home/fiend/ws_moveit/install/moveit_resources_panda_description:/home/fiend/ws_moveit/install/moveit_resources_fanuc_moveit_config:/home/fiend/ws_moveit/install/moveit_resources_fanuc_description:/home/fiend/ws_moveit/install/moveit_common:/home/fiend/gazebo_ros2_control/install/gazebo_ros2_control_demos:/home/fiend/gazebo_ros2_control/install/gazebo_ros2_control:/home/fiend/ws_moveit/install/moveit_configs_utils:/home/fiend/ws_moveit/install/launch_param_builder:/opt/ros/humble:/home/fiend/LineFollowingRobot/ros_ws/install/prius_msgs:/home/fiend/LineFollowingRobot/ros_ws/install/line_bhakt:/home/fiend/LineFollowingRobot/ros_ws/install/launches:/home/fiend/LineFollowingRobot/ros_ws/install/autocar_nav:/home/fiend/LineFollowingRobot/ros_ws/install/autocar_msgs:/home/fiend/LineFollowingRobot/ros_ws/install/autocar_map:/home/fiend/LineFollowingRobot/ros_ws/install/autocar_gazebo:/home/fiend/LineFollowingRobot/ros_ws/install/autocar_description:/home/fiend/ROS/practice_codes_ROS2/articubot_one/install/articubot_one:/home/fiend/octomap_mapping/install/octomap_mapping:/home/fiend/octomap_mapping/install/octomap_server PS1=
\[[38;5;156m\]\[[0m\]\[[38;5;166m\]ros2_ws\[[0m\]\[[38;5;166m\]\[[0m\] on \[[38;5;162m\] \[[0m\]\[[38;5;162m\]master\[[0m\] underwent \[[36m\]1m3s\[[0m\]
\[[1;38;5;166m\]➜\[[0m\] /usr/bin/cmake --install /home/fiend/voice_grab/ros2_ws/build/ur_description
[5.013s] -- Install configuration: ""
[5.014s] -- Execute custom install script
[5.016s] -- Symlinking: /home/fiend/voice_grab/ros2_ws/install/ur_description/share/ur_description/config/initial_positions.yaml
[5.042s] -- Symlinking: /home/fiend/voice_grab/ros2_ws/install/ur_description/share/ur_description/config/simulation_controllers.yaml
[5.066s] -- Symlinking: /home/fiend/voice_grab/ros2_ws/install/ur_description/share/ur_description/config/ur10/default_kinematics.yaml
[5.090s] -- Symlinking: /home/fiend/voice_grab/ros2_ws/install/ur_description/share/ur_description/config/ur10/joint_limits.yaml
[5.114s] -- Symlinking: /home/fiend/voice_grab/ros2_ws/install/ur_description/share/ur_description/config/ur10/physical_parameters.yaml
[5.137s] -- Symlinking: /home/fiend/voice_grab/ros2_ws/install/ur_description/share/ur_description/config/ur10/visual_parameters.yaml
[5.161s] -- Symlinking: /home/fiend/voice_grab/ros2_ws/install/ur_description/share/ur_description/config/ur10e/default_kinematics.yaml
[5.184s] -- Symlinking: /home/fiend/voice_grab/ros2_ws/install/ur_description/share/ur_description/config/ur10e/joint_limits.yaml
[5.207s] -- Symlinking: /home/fiend/voice_grab/ros2_ws/install/ur_description/share/ur_description/config/ur10e/physical_parameters.yaml
[5.233s] -- Symlinking: /home/fiend/voice_grab/ros2_ws/install/ur_description/share/ur_description/config/ur10e/visual_parameters.yaml
[5.257s] -- Symlinking: /home/fiend/voice_grab/ros2_ws/install/ur_description/share/ur_description/config/ur16e/default_kinematics.yaml
[5.282s] -- Symlinking: /home/fiend/voice_grab/ros2_ws/install/ur_description/share/ur_description/config/ur16e/joint_limits.yaml
[5.310s] -- Symlinking: /home/fiend/voice_grab/ros2_ws/install/ur_description/share/ur_description/config/ur16e/physical_parameters.yaml
[5.334s] -- Symlinking: /home/fiend/voice_grab/ros2_ws/install/ur_description/share/ur_description/config/ur16e/visual_parameters.yaml
[5.359s] -- Symlinking: /home/fiend/voice_grab/ros2_ws/install/ur_description/share/ur_description/config/ur20/default_kinematics.yaml
[5.382s] -- Symlinking: /home/fiend/voice_grab/ros2_ws/install/ur_description/share/ur_description/config/ur20/joint_limits.yaml
[5.414s] -- Symlinking: /home/fiend/voice_grab/ros2_ws/install/ur_description/share/ur_description/config/ur20/physical_parameters.yaml
[5.438s] -- Symlinking: /home/fiend/voice_grab/ros2_ws/install/ur_description/share/ur_description/config/ur20/visual_parameters.yaml
[5.466s] -- Symlinking: /home/fiend/voice_grab/ros2_ws/install/ur_description/share/ur_description/config/ur3/default_kinematics.yaml
[5.490s] -- Symlinking: /home/fiend/voice_grab/ros2_ws/install/ur_description/share/ur_description/config/ur3/joint_limits.yaml
[5.514s] -- Symlinking: /home/fiend/voice_grab/ros2_ws/install/ur_description/share/ur_description/config/ur3/physical_parameters.yaml
[5.547s] -- Symlinking: /home/fiend/voice_grab/ros2_ws/install/ur_description/share/ur_description/config/ur3/visual_parameters.yaml
[5.585s] -- Symlinking: /home/fiend/voice_grab/ros2_ws/install/ur_description/share/ur_description/config/ur30/default_kinematics.yaml
[5.621s] -- Symlinking: /home/fiend/voice_grab/ros2_ws/install/ur_description/share/ur_description/config/ur30/joint_limits.yaml
[5.652s] -- Symlinking: /home/fiend/voice_grab/ros2_ws/install/ur_description/share/ur_description/config/ur30/physical_parameters.yaml
[5.686s] -- Symlinking: /home/fiend/voice_grab/ros2_ws/install/ur_description/share/ur_description/config/ur30/visual_parameters.yaml
[5.709s] -- Symlinking: /home/fiend/voice_grab/ros2_ws/install/ur_description/share/ur_description/config/ur3e/default_kinematics.yaml
[5.733s] -- Symlinking: /home/fiend/voice_grab/ros2_ws/install/ur_description/share/ur_description/config/ur3e/joint_limits.yaml
[5.767s] -- Symlinking: /home/fiend/voice_grab/ros2_ws/install/ur_description/share/ur_description/config/ur3e/physical_parameters.yaml
[5.790s] -- Symlinking: /home/fiend/voice_grab/ros2_ws/install/ur_description/share/ur_description/config/ur3e/visual_parameters.yaml
[5.813s] -- Symlinking: /home/fiend/voice_grab/ros2_ws/install/ur_description/share/ur_description/config/ur5/default_kinematics.yaml
[5.841s] -- Symlinking: /home/fiend/voice_grab/ros2_ws/install/ur_description/share/ur_description/config/ur5/joint_limits.yaml
[5.878s] -- Symlinking: /home/fiend/voice_grab/ros2_ws/install/ur_description/share/ur_description/config/ur5/physical_parameters.yaml
[5.913s] -- Symlinking: /home/fiend/voice_grab/ros2_ws/install/ur_description/share/ur_description/config/ur5/visual_parameters.yaml
[5.949s] -- Symlinking: /home/fiend/voice_grab/ros2_ws/install/ur_description/share/ur_description/config/ur5e/default_kinematics.yaml
[5.986s] -- Symlinking: /home/fiend/voice_grab/ros2_ws/install/ur_description/share/ur_description/config/ur5e/joint_limits.yaml
[6.021s] -- Symlinking: /home/fiend/voice_grab/ros2_ws/install/ur_description/share/ur_description/config/ur5e/physical_parameters.yaml
[6.059s] -- Symlinking: /home/fiend/voice_grab/ros2_ws/install/ur_description/share/ur_description/config/ur5e/visual_parameters.yaml
[6.096s] -- Symlinking: /home/fiend/voice_grab/ros2_ws/install/ur_description/share/ur_description/launch/view_ur.launch.py
[6.137s] -- Symlinking: /home/fiend/voice_grab/ros2_ws/install/ur_description/share/ur_description/meshes/d435.dae
[6.174s] -- Symlinking: /home/fiend/voice_grab/ros2_ws/install/ur_description/share/ur_description/meshes/ur10/collision/base.stl
[6.210s] -- Symlinking: /home/fiend/voice_grab/ros2_ws/install/ur_description/share/ur_description/meshes/ur10/collision/forearm.stl
[6.249s] -- Symlinking: /home/fiend/voice_grab/ros2_ws/install/ur_description/share/ur_description/meshes/ur10/collision/shoulder.stl
[6.287s] -- Symlinking: /home/fiend/voice_grab/ros2_ws/install/ur_description/share/ur_description/meshes/ur10/collision/upperarm.stl
[6.323s] -- Symlinking: /home/fiend/voice_grab/ros2_ws/install/ur_description/share/ur_description/meshes/ur10/collision/wrist1.stl
[6.361s] -- Symlinking: /home/fiend/voice_grab/ros2_ws/install/ur_description/share/ur_description/meshes/ur10/collision/wrist2.stl
[6.399s] -- Symlinking: /home/fiend/voice_grab/ros2_ws/install/ur_description/share/ur_description/meshes/ur10/collision/wrist3.stl
[6.423s] -- Symlinking: /home/fiend/voice_grab/ros2_ws/install/ur_description/share/ur_description/meshes/ur10/visual/base.dae
[6.450s] -- Symlinking: /home/fiend/voice_grab/ros2_ws/install/ur_description/share/ur_description/meshes/ur10/visual/forearm.dae
[6.478s] -- Symlinking: /home/fiend/voice_grab/ros2_ws/install/ur_description/share/ur_description/meshes/ur10/visual/shoulder.dae
[6.511s] -- Symlinking: /home/fiend/voice_grab/ros2_ws/install/ur_description/share/ur_description/meshes/ur10/visual/upperarm.dae
[6.546s] -- Symlinking: /home/fiend/voice_grab/ros2_ws/install/ur_description/share/ur_description/meshes/ur10/visual/wrist1.dae
[6.582s] -- Symlinking: /home/fiend/voice_grab/ros2_ws/install/ur_description/share/ur_description/meshes/ur10/visual/wrist2.dae
[6.619s] -- Symlinking: /home/fiend/voice_grab/ros2_ws/install/ur_description/share/ur_description/meshes/ur10/visual/wrist3.dae
[6.655s] -- Symlinking: /home/fiend/voice_grab/ros2_ws/install/ur_description/share/ur_description/meshes/ur10e/collision/base.stl
[6.693s] -- Symlinking: /home/fiend/voice_grab/ros2_ws/install/ur_description/share/ur_description/meshes/ur10e/collision/forearm.stl
[6.728s] -- Symlinking: /home/fiend/voice_grab/ros2_ws/install/ur_description/share/ur_description/meshes/ur10e/collision/shoulder.stl
[6.756s] -- Symlinking: /home/fiend/voice_grab/ros2_ws/install/ur_description/share/ur_description/meshes/ur10e/collision/upperarm.stl
[6.781s] -- Symlinking: /home/fiend/voice_grab/ros2_ws/install/ur_description/share/ur_description/meshes/ur10e/collision/wrist1.stl
[6.806s] -- Symlinking: /home/fiend/voice_grab/ros2_ws/install/ur_description/share/ur_description/meshes/ur10e/collision/wrist2.stl
[6.835s] -- Symlinking: /home/fiend/voice_grab/ros2_ws/install/ur_description/share/ur_description/meshes/ur10e/collision/wrist3.stl
[6.865s] -- Symlinking: /home/fiend/voice_grab/ros2_ws/install/ur_description/share/ur_description/meshes/ur10e/visual/base.dae
[6.896s] -- Symlinking: /home/fiend/voice_grab/ros2_ws/install/ur_description/share/ur_description/meshes/ur10e/visual/forearm.dae
[6.926s] -- Symlinking: /home/fiend/voice_grab/ros2_ws/install/ur_description/share/ur_description/meshes/ur10e/visual/shoulder.dae
[6.962s] -- Symlinking: /home/fiend/voice_grab/ros2_ws/install/ur_description/share/ur_description/meshes/ur10e/visual/upperarm.dae
[6.998s] -- Symlinking: /home/fiend/voice_grab/ros2_ws/install/ur_description/share/ur_description/meshes/ur10e/visual/wrist1.dae
[7.035s] -- Symlinking: /home/fiend/voice_grab/ros2_ws/install/ur_description/share/ur_description/meshes/ur10e/visual/wrist2.dae
[7.065s] -- Symlinking: /home/fiend/voice_grab/ros2_ws/install/ur_description/share/ur_description/meshes/ur10e/visual/wrist3.dae
[7.090s] -- Symlinking: /home/fiend/voice_grab/ros2_ws/install/ur_description/share/ur_description/meshes/ur16e/collision/forearm.stl
[7.113s] -- Symlinking: /home/fiend/voice_grab/ros2_ws/install/ur_description/share/ur_description/meshes/ur16e/collision/upperarm.stl
[7.139s] -- Symlinking: /home/fiend/voice_grab/ros2_ws/install/ur_description/share/ur_description/meshes/ur16e/visual/forearm.dae
[7.168s] -- Symlinking: /home/fiend/voice_grab/ros2_ws/install/ur_description/share/ur_description/meshes/ur16e/visual/upperarm.dae
[7.196s] -- Symlinking: /home/fiend/voice_grab/ros2_ws/install/ur_description/share/ur_description/meshes/ur20/LICENSE.txt
[7.230s] -- Symlinking: /home/fiend/voice_grab/ros2_ws/install/ur_description/share/ur_description/meshes/ur20/collision/base.stl
[7.260s] -- Symlinking: /home/fiend/voice_grab/ros2_ws/install/ur_description/share/ur_description/meshes/ur20/collision/forearm.stl
[7.290s] -- Symlinking: /home/fiend/voice_grab/ros2_ws/install/ur_description/share/ur_description/meshes/ur20/collision/shoulder.stl
[7.316s] -- Symlinking: /home/fiend/voice_grab/ros2_ws/install/ur_description/share/ur_description/meshes/ur20/collision/upperarm.stl
[7.343s] -- Symlinking: /home/fiend/voice_grab/ros2_ws/install/ur_description/share/ur_description/meshes/ur20/collision/wrist1.stl
[7.383s] -- Symlinking: /home/fiend/voice_grab/ros2_ws/install/ur_description/share/ur_description/meshes/ur20/collision/wrist2.stl
[7.404s] -- Symlinking: /home/fiend/voice_grab/ros2_ws/install/ur_description/share/ur_description/meshes/ur20/collision/wrist3.stl
[7.429s] -- Symlinking: /home/fiend/voice_grab/ros2_ws/install/ur_description/share/ur_description/meshes/ur20/visual/UR20_DIFF_8bit_2K.png
[7.477s] -- Symlinking: /home/fiend/voice_grab/ros2_ws/install/ur_description/share/ur_description/meshes/ur20/visual/base.dae
[7.510s] -- Symlinking: /home/fiend/voice_grab/ros2_ws/install/ur_description/share/ur_description/meshes/ur20/visual/forearm.dae
[7.536s] -- Symlinking: /home/fiend/voice_grab/ros2_ws/install/ur_description/share/ur_description/meshes/ur20/visual/shoulder.dae
[7.561s] -- Symlinking: /home/fiend/voice_grab/ros2_ws/install/ur_description/share/ur_description/meshes/ur20/visual/upperarm.dae
[7.585s] -- Symlinking: /home/fiend/voice_grab/ros2_ws/install/ur_description/share/ur_description/meshes/ur20/visual/wrist1.dae
[7.609s] -- Symlinking: /home/fiend/voice_grab/ros2_ws/install/ur_description/share/ur_description/meshes/ur20/visual/wrist2.dae
[7.633s] -- Symlinking: /home/fiend/voice_grab/ros2_ws/install/ur_description/share/ur_description/meshes/ur20/visual/wrist3.dae
[7.659s] -- Symlinking: /home/fiend/voice_grab/ros2_ws/install/ur_description/share/ur_description/meshes/ur3/collision/base.stl
[7.683s] -- Symlinking: /home/fiend/voice_grab/ros2_ws/install/ur_description/share/ur_description/meshes/ur3/collision/forearm.stl
[7.707s] -- Symlinking: /home/fiend/voice_grab/ros2_ws/install/ur_description/share/ur_description/meshes/ur3/collision/shoulder.stl
[7.730s] -- Symlinking: /home/fiend/voice_grab/ros2_ws/install/ur_description/share/ur_description/meshes/ur3/collision/upperarm.stl
[7.755s] -- Symlinking: /home/fiend/voice_grab/ros2_ws/install/ur_description/share/ur_description/meshes/ur3/collision/wrist1.stl
[7.786s] -- Symlinking: /home/fiend/voice_grab/ros2_ws/install/ur_description/share/ur_description/meshes/ur3/collision/wrist2.stl
[7.821s] -- Symlinking: /home/fiend/voice_grab/ros2_ws/install/ur_description/share/ur_description/meshes/ur3/collision/wrist3.stl
[7.857s] -- Symlinking: /home/fiend/voice_grab/ros2_ws/install/ur_description/share/ur_description/meshes/ur3/visual/base.dae
[7.892s] -- Symlinking: /home/fiend/voice_grab/ros2_ws/install/ur_description/share/ur_description/meshes/ur3/visual/forearm.dae
[7.916s] -- Symlinking: /home/fiend/voice_grab/ros2_ws/install/ur_description/share/ur_description/meshes/ur3/visual/shoulder.dae
[7.941s] -- Symlinking: /home/fiend/voice_grab/ros2_ws/install/ur_description/share/ur_description/meshes/ur3/visual/upperarm.dae
[7.969s] -- Symlinking: /home/fiend/voice_grab/ros2_ws/install/ur_description/share/ur_description/meshes/ur3/visual/wrist1.dae
[7.993s] -- Symlinking: /home/fiend/voice_grab/ros2_ws/install/ur_description/share/ur_description/meshes/ur3/visual/wrist2.dae
[8.017s] -- Symlinking: /home/fiend/voice_grab/ros2_ws/install/ur_description/share/ur_description/meshes/ur3/visual/wrist3.dae
[8.042s] -- Symlinking: /home/fiend/voice_grab/ros2_ws/install/ur_description/share/ur_description/meshes/ur30/LICENSE.txt
[8.072s] -- Symlinking: /home/fiend/voice_grab/ros2_ws/install/ur_description/share/ur_description/meshes/ur30/collision/forearm.stl
[8.095s] -- Symlinking: /home/fiend/voice_grab/ros2_ws/install/ur_description/share/ur_description/meshes/ur30/collision/upperarm.stl
[8.120s] -- Symlinking: /home/fiend/voice_grab/ros2_ws/install/ur_description/share/ur_description/meshes/ur30/visual/UR30_DIFF_8bit_2K.png
[8.144s] -- Symlinking: /home/fiend/voice_grab/ros2_ws/install/ur_description/share/ur_description/meshes/ur30/visual/forearm.dae
[8.168s] -- Symlinking: /home/fiend/voice_grab/ros2_ws/install/ur_description/share/ur_description/meshes/ur30/visual/upperarm.dae
[8.192s] -- Symlinking: /home/fiend/voice_grab/ros2_ws/install/ur_description/share/ur_description/meshes/ur3e/collision/base.stl
[8.216s] -- Symlinking: /home/fiend/voice_grab/ros2_ws/install/ur_description/share/ur_description/meshes/ur3e/collision/forearm.stl
[8.240s] -- Symlinking: /home/fiend/voice_grab/ros2_ws/install/ur_description/share/ur_description/meshes/ur3e/collision/shoulder.stl
[8.265s] -- Symlinking: /home/fiend/voice_grab/ros2_ws/install/ur_description/share/ur_description/meshes/ur3e/collision/upperarm.stl
[8.291s] -- Symlinking: /home/fiend/voice_grab/ros2_ws/install/ur_description/share/ur_description/meshes/ur3e/collision/wrist1.stl
[8.315s] -- Symlinking: /home/fiend/voice_grab/ros2_ws/install/ur_description/share/ur_description/meshes/ur3e/collision/wrist2.stl
[8.340s] -- Symlinking: /home/fiend/voice_grab/ros2_ws/install/ur_description/share/ur_description/meshes/ur3e/collision/wrist3.stl
[8.375s] -- Symlinking: /home/fiend/voice_grab/ros2_ws/install/ur_description/share/ur_description/meshes/ur3e/visual/base.dae
[8.403s] -- Symlinking: /home/fiend/voice_grab/ros2_ws/install/ur_description/share/ur_description/meshes/ur3e/visual/forearm.dae
[8.438s] -- Symlinking: /home/fiend/voice_grab/ros2_ws/install/ur_description/share/ur_description/meshes/ur3e/visual/shoulder.dae
[8.466s] -- Symlinking: /home/fiend/voice_grab/ros2_ws/install/ur_description/share/ur_description/meshes/ur3e/visual/upperarm.dae
[8.491s] -- Symlinking: /home/fiend/voice_grab/ros2_ws/install/ur_description/share/ur_description/meshes/ur3e/visual/wrist1.dae
[8.516s] -- Symlinking: /home/fiend/voice_grab/ros2_ws/install/ur_description/share/ur_description/meshes/ur3e/visual/wrist2.dae
[8.540s] -- Symlinking: /home/fiend/voice_grab/ros2_ws/install/ur_description/share/ur_description/meshes/ur3e/visual/wrist3.dae
[8.566s] -- Symlinking: /home/fiend/voice_grab/ros2_ws/install/ur_description/share/ur_description/meshes/ur5/collision/base.stl
[8.590s] -- Symlinking: /home/fiend/voice_grab/ros2_ws/install/ur_description/share/ur_description/meshes/ur5/collision/forearm.stl
[8.615s] -- Symlinking: /home/fiend/voice_grab/ros2_ws/install/ur_description/share/ur_description/meshes/ur5/collision/shoulder.stl
[8.640s] -- Symlinking: /home/fiend/voice_grab/ros2_ws/install/ur_description/share/ur_description/meshes/ur5/collision/upperarm.stl
[8.665s] -- Symlinking: /home/fiend/voice_grab/ros2_ws/install/ur_description/share/ur_description/meshes/ur5/collision/wrist1.stl
[8.688s] -- Symlinking: /home/fiend/voice_grab/ros2_ws/install/ur_description/share/ur_description/meshes/ur5/collision/wrist2.stl
[8.711s] -- Symlinking: /home/fiend/voice_grab/ros2_ws/install/ur_description/share/ur_description/meshes/ur5/collision/wrist3.stl
[8.735s] -- Symlinking: /home/fiend/voice_grab/ros2_ws/install/ur_description/share/ur_description/meshes/ur5/visual/base.dae
[8.759s] -- Symlinking: /home/fiend/voice_grab/ros2_ws/install/ur_description/share/ur_description/meshes/ur5/visual/forearm.dae
[8.783s] -- Symlinking: /home/fiend/voice_grab/ros2_ws/install/ur_description/share/ur_description/meshes/ur5/visual/shoulder.dae
[8.807s] -- Symlinking: /home/fiend/voice_grab/ros2_ws/install/ur_description/share/ur_description/meshes/ur5/visual/upperarm.dae
[8.831s] -- Symlinking: /home/fiend/voice_grab/ros2_ws/install/ur_description/share/ur_description/meshes/ur5/visual/wrist1.dae
[8.854s] -- Symlinking: /home/fiend/voice_grab/ros2_ws/install/ur_description/share/ur_description/meshes/ur5/visual/wrist2.dae
[8.879s] -- Symlinking: /home/fiend/voice_grab/ros2_ws/install/ur_description/share/ur_description/meshes/ur5/visual/wrist3.dae
[8.903s] -- Symlinking: /home/fiend/voice_grab/ros2_ws/install/ur_description/share/ur_description/meshes/ur5e/collision/base.stl
[8.927s] -- Symlinking: /home/fiend/voice_grab/ros2_ws/install/ur_description/share/ur_description/meshes/ur5e/collision/forearm.stl
[8.953s] -- Symlinking: /home/fiend/voice_grab/ros2_ws/install/ur_description/share/ur_description/meshes/ur5e/collision/shoulder.stl
[8.990s] -- Symlinking: /home/fiend/voice_grab/ros2_ws/install/ur_description/share/ur_description/meshes/ur5e/collision/upperarm.stl
[9.014s] -- Symlinking: /home/fiend/voice_grab/ros2_ws/install/ur_description/share/ur_description/meshes/ur5e/collision/wrist1.stl
[9.038s] -- Symlinking: /home/fiend/voice_grab/ros2_ws/install/ur_description/share/ur_description/meshes/ur5e/collision/wrist2.stl
[9.062s] -- Symlinking: /home/fiend/voice_grab/ros2_ws/install/ur_description/share/ur_description/meshes/ur5e/collision/wrist3.stl
[9.087s] -- Symlinking: /home/fiend/voice_grab/ros2_ws/install/ur_description/share/ur_description/meshes/ur5e/visual/base.dae
[9.110s] -- Symlinking: /home/fiend/voice_grab/ros2_ws/install/ur_description/share/ur_description/meshes/ur5e/visual/forearm.dae
[9.134s] -- Symlinking: /home/fiend/voice_grab/ros2_ws/install/ur_description/share/ur_description/meshes/ur5e/visual/shoulder.dae
[9.158s] -- Symlinking: /home/fiend/voice_grab/ros2_ws/install/ur_description/share/ur_description/meshes/ur5e/visual/upperarm.dae
[9.182s] -- Symlinking: /home/fiend/voice_grab/ros2_ws/install/ur_description/share/ur_description/meshes/ur5e/visual/wrist1.dae
[9.206s] -- Symlinking: /home/fiend/voice_grab/ros2_ws/install/ur_description/share/ur_description/meshes/ur5e/visual/wrist2.dae
[9.229s] -- Symlinking: /home/fiend/voice_grab/ros2_ws/install/ur_description/share/ur_description/meshes/ur5e/visual/wrist3.dae
[9.253s] -- Symlinking: /home/fiend/voice_grab/ros2_ws/install/ur_description/share/ur_description/rviz/view_robot.rviz
[9.278s] -- Symlinking: /home/fiend/voice_grab/ros2_ws/install/ur_description/share/ur_description/urdf/inc/ur_common.xacro
[9.302s] -- Symlinking: /home/fiend/voice_grab/ros2_ws/install/ur_description/share/ur_description/urdf/inc/ur_transmissions.xacro
[9.327s] -- Symlinking: /home/fiend/voice_grab/ros2_ws/install/ur_description/share/ur_description/urdf/materials.urdf.xacro
[9.350s] -- Symlinking: /home/fiend/voice_grab/ros2_ws/install/ur_description/share/ur_description/urdf/meshes/zed.stl
[9.374s] -- Symlinking: /home/fiend/voice_grab/ros2_ws/install/ur_description/share/ur_description/urdf/meshes/zed2.stl
[9.398s] -- Symlinking: /home/fiend/voice_grab/ros2_ws/install/ur_description/share/ur_description/urdf/meshes/zed2i.stl
[9.422s] -- Symlinking: /home/fiend/voice_grab/ros2_ws/install/ur_description/share/ur_description/urdf/meshes/zedm.stl
[9.445s] -- Symlinking: /home/fiend/voice_grab/ros2_ws/install/ur_description/share/ur_description/urdf/meshes/zedx.stl
[9.471s] -- Symlinking: /home/fiend/voice_grab/ros2_ws/install/ur_description/share/ur_description/urdf/meshes/zedxm.stl
[9.494s] -- Symlinking: /home/fiend/voice_grab/ros2_ws/install/ur_description/share/ur_description/urdf/real_descr.urdf.xacro
[9.519s] -- Symlinking: /home/fiend/voice_grab/ros2_ws/install/ur_description/share/ur_description/urdf/robotiq_2f_85.urdf.xacro
[9.543s] -- Symlinking: /home/fiend/voice_grab/ros2_ws/install/ur_description/share/ur_description/urdf/ur.xacro
[9.572s] -- Symlinking: /home/fiend/voice_grab/ros2_ws/install/ur_description/share/ur_description/urdf/ur_gripper.ros2_control.xacro
[9.596s] -- Symlinking: /home/fiend/voice_grab/ros2_ws/install/ur_description/share/ur_description/urdf/ur_macro.xacro
[9.620s] -- Symlinking: /home/fiend/voice_grab/ros2_ws/install/ur_description/share/ur_description/urdf/zed_descr.urdf.xacro
[9.644s] -- Symlinking: /home/fiend/voice_grab/ros2_ws/install/ur_description/share/ur_description/test/test_ur_urdf_xacro.py
[9.669s] -- Symlinking: /home/fiend/voice_grab/ros2_ws/install/ur_description/share/ur_description/test/test_view_ur_launch.py
[9.700s] -- Symlinking: /home/fiend/voice_grab/ros2_ws/install/ur_description/share/ur_description/world/empty.world
[9.723s] -- Symlinking: /home/fiend/voice_grab/ros2_ws/install/ur_description/share/ament_index/resource_index/package_run_dependencies/ur_description
[9.747s] -- Symlinking: /home/fiend/voice_grab/ros2_ws/install/ur_description/share/ament_index/resource_index/parent_prefix_path/ur_description
[9.776s] -- Symlinking: /home/fiend/voice_grab/ros2_ws/install/ur_description/share/ur_description/environment/ament_prefix_path.sh
[9.800s] -- Symlinking: /home/fiend/voice_grab/ros2_ws/install/ur_description/share/ur_description/environment/ament_prefix_path.dsv
[9.824s] -- Symlinking: /home/fiend/voice_grab/ros2_ws/install/ur_description/share/ur_description/environment/path.sh
[9.851s] -- Symlinking: /home/fiend/voice_grab/ros2_ws/install/ur_description/share/ur_description/environment/path.dsv
[9.878s] -- Symlinking: /home/fiend/voice_grab/ros2_ws/install/ur_description/share/ur_description/local_setup.bash
[9.901s] -- Symlinking: /home/fiend/voice_grab/ros2_ws/install/ur_description/share/ur_description/local_setup.sh
[9.924s] -- Symlinking: /home/fiend/voice_grab/ros2_ws/install/ur_description/share/ur_description/local_setup.zsh
[9.949s] -- Symlinking: /home/fiend/voice_grab/ros2_ws/install/ur_description/share/ur_description/local_setup.dsv
[9.974s] -- Symlinking: /home/fiend/voice_grab/ros2_ws/install/ur_description/share/ur_description/package.dsv
[9.997s] -- Symlinking: /home/fiend/voice_grab/ros2_ws/install/ur_description/share/ament_index/resource_index/packages/ur_description
[10.021s] -- Symlinking: /home/fiend/voice_grab/ros2_ws/install/ur_description/share/ur_description/cmake/ur_descriptionConfig.cmake
[10.044s] -- Symlinking: /home/fiend/voice_grab/ros2_ws/install/ur_description/share/ur_description/cmake/ur_descriptionConfig-version.cmake
[10.069s] -- Symlinking: /home/fiend/voice_grab/ros2_ws/install/ur_description/share/ur_description/package.xml
[10.099s] Invoked command in '/home/fiend/voice_grab/ros2_ws/build/ur_description' returned '0': CMAKE_PREFIX_PATH=/home/fiend/Navigation_Bot/dev_ws/install/navigation_bot:/home/fiend/ws_moveit/install/pilz_industrial_motion_planner_testutils:/home/fiend/ws_moveit/install/moveit_runtime:/home/fiend/ws_moveit/install/moveit2_tutorials:/home/fiend/ws_moveit/install/moveit:/home/fiend/ws_moveit/install/moveit_planners:/home/fiend/ws_moveit/install/pilz_industrial_motion_planner:/home/fiend/ws_moveit/install/mtc_tutorial:/home/fiend/ws_moveit/install/hello_moveit:/home/fiend/ws_moveit/install/moveit_visual_tools:/home/fiend/ws_moveit/install/moveit_task_constructor_visualization:/home/fiend/ws_moveit/install/moveit_task_constructor_demo:/home/fiend/ws_moveit/install/moveit_task_constructor_capabilities:/home/fiend/ws_moveit/install/moveit_task_constructor_core:/home/fiend/ws_moveit/install/moveit_ros_control_interface:/home/fiend/ws_moveit/install/moveit_plugins:/home/fiend/ws_moveit/install/moveit_simple_controller_manager:/home/fiend/ws_moveit/install/moveit_setup_assistant:/home/fiend/ws_moveit/install/moveit_setup_srdf_plugins:/home/fiend/ws_moveit/install/moveit_setup_core_plugins:/home/fiend/ws_moveit/install/moveit_setup_controllers:/home/fiend/ws_moveit/install/moveit_setup_app_plugins:/home/fiend/ws_moveit/install/moveit_setup_framework:/home/fiend/ws_moveit/install/moveit_servo:/home/fiend/ws_moveit/install/moveit_ros:/home/fiend/ws_moveit/install/moveit_ros_visualization:/home/fiend/ws_moveit/install/moveit_hybrid_planning:/home/fiend/ws_moveit/install/moveit_ros_planning_interface:/home/fiend/ws_moveit/install/moveit_ros_benchmarks:/home/fiend/ws_moveit/install/moveit_ros_warehouse:/home/fiend/ws_moveit/install/moveit_ros_robot_interaction:/home/fiend/ws_moveit/install/moveit_ros_perception:/home/fiend/ws_moveit/install/moveit_resources_prbt_pg70_support:/home/fiend/ws_moveit/install/moveit_resources_prbt_moveit_config:/home/fiend/ws_moveit/install/moveit_ros_move_group:/home/fiend/ws_moveit/install/moveit_planners_ompl:/home/fiend/ws_moveit/install/moveit_ros_planning:/home/fiend/ws_moveit/install/moveit_ros_occupancy_map_monitor:/home/fiend/ws_moveit/install/moveit_resources_prbt_ikfast_manipulator_plugin:/home/fiend/ws_moveit/install/moveit_planners_chomp:/home/fiend/ws_moveit/install/moveit_kinematics:/home/fiend/ws_moveit/install/moveit_chomp_optimizer_adapter:/home/fiend/ws_moveit/install/chomp_motion_planner:/home/fiend/ws_moveit/install/moveit_core:/home/fiend/ws_moveit/install/srdfdom:/home/fiend/ws_moveit/install/rviz_marker_tools:/home/fiend/ws_moveit/install/rosparam_shortcuts:/home/fiend/ws_moveit/install/moveit_task_constructor_msgs:/home/fiend/ws_moveit/install/moveit_resources_prbt_support:/home/fiend/ws_moveit/install/moveit_resources:/home/fiend/ws_moveit/install/moveit_resources_pr2_description:/home/fiend/ws_moveit/install/moveit_resources_panda_moveit_config:/home/fiend/ws_moveit/install/moveit_resources_panda_description:/home/fiend/ws_moveit/install/moveit_resources_fanuc_moveit_config:/home/fiend/ws_moveit/install/moveit_resources_fanuc_description:/home/fiend/ws_moveit/install/moveit_common:/home/fiend/gazebo_ros2_control/install/gazebo_ros2_control_demos:/home/fiend/gazebo_ros2_control/install/gazebo_ros2_control:/home/fiend/ws_moveit/install/moveit_configs_utils:/home/fiend/ws_moveit/install/launch_param_builder:/opt/ros/humble:/home/fiend/LineFollowingRobot/ros_ws/install/prius_msgs:/home/fiend/LineFollowingRobot/ros_ws/install/line_bhakt:/home/fiend/LineFollowingRobot/ros_ws/install/launches:/home/fiend/LineFollowingRobot/ros_ws/install/autocar_nav:/home/fiend/LineFollowingRobot/ros_ws/install/autocar_msgs:/home/fiend/LineFollowingRobot/ros_ws/install/autocar_map:/home/fiend/LineFollowingRobot/ros_ws/install/autocar_gazebo:/home/fiend/LineFollowingRobot/ros_ws/install/autocar_description:/home/fiend/ROS/practice_codes_ROS2/articubot_one/install/articubot_one:/home/fiend/octomap_mapping/install/octomap_mapping:/home/fiend/octomap_mapping/install/octomap_server PS1=
\[[38;5;156m\]\[[0m\]\[[38;5;166m\]ros2_ws\[[0m\]\[[38;5;166m\]\[[0m\] on \[[38;5;162m\] \[[0m\]\[[38;5;162m\]master\[[0m\] underwent \[[36m\]1m3s\[[0m\]
\[[1;38;5;166m\]➜\[[0m\] /usr/bin/cmake --install /home/fiend/voice_grab/ros2_ws/build/ur_description
