[0.014s] Invoking command in '/home/fiend/voice_grab/ros2_ws/build/octomap_mapping': CMAKE_PREFIX_PATH=${CMAKE_PREFIX_PATH}:/home/fiend/ws_moveit2/install/moveit_configs_utils:/home/fiend/ws_moveit2/install/launch_param_builder:/opt/ros/humble /usr/bin/cmake /home/fiend/voice_grab/ros2_ws/src/octomap_mapping/octomap_mapping -DAMENT_CMAKE_SYMLINK_INSTALL=1 -DCMAKE_INSTALL_PREFIX=/home/fiend/voice_grab/ros2_ws/install/octomap_mapping
[0.075s] -- The C compiler identification is GNU 11.4.0
[0.130s] -- The CXX compiler identification is GNU 11.4.0
[0.137s] -- Detecting C compiler ABI info
[0.231s] -- Detecting C compiler ABI info - done
[0.240s] -- Check for working C compiler: /usr/bin/cc - skipped
[0.240s] -- Detecting C compile features
[0.240s] -- Detecting C compile features - done
[0.243s] -- Detecting CXX compiler ABI info
[0.350s] -- Detecting CXX compiler ABI info - done
[0.357s] -- Check for working CXX compiler: /usr/bin/c++ - skipped
[0.357s] -- Detecting CXX compile features
[0.357s] -- Detecting CXX compile features - done
[0.363s] -- Found ament_cmake: 1.3.9 (/opt/ros/humble/share/ament_cmake/cmake)
[0.522s] -- Found Python3: /usr/bin/python3 (found version "3.10.12") found components: Interpreter 
[0.579s] -- Override CMake install command with custom implementation using symlinks instead of copying resources
[0.654s] -- Found ament_lint_auto: 0.12.11 (/opt/ros/humble/share/ament_lint_auto/cmake)
[0.754s] -- Added test 'copyright' to check source files copyright and LICENSE
[0.755s] -- Added test 'lint_cmake' to check CMake code style
[0.756s] -- Added test 'xmllint' to check XML markup files
[0.759s] -- Configuring done
[0.761s] -- Generating done
[0.761s] -- Build files have been written to: /home/fiend/voice_grab/ros2_ws/build/octomap_mapping
[0.766s] Invoked command in '/home/fiend/voice_grab/ros2_ws/build/octomap_mapping' returned '0': CMAKE_PREFIX_PATH=${CMAKE_PREFIX_PATH}:/home/fiend/ws_moveit2/install/moveit_configs_utils:/home/fiend/ws_moveit2/install/launch_param_builder:/opt/ros/humble /usr/bin/cmake /home/fiend/voice_grab/ros2_ws/src/octomap_mapping/octomap_mapping -DAMENT_CMAKE_SYMLINK_INSTALL=1 -DCMAKE_INSTALL_PREFIX=/home/fiend/voice_grab/ros2_ws/install/octomap_mapping
[0.768s] Invoking command in '/home/fiend/voice_grab/ros2_ws/build/octomap_mapping': CMAKE_PREFIX_PATH=${CMAKE_PREFIX_PATH}:/home/fiend/ws_moveit2/install/moveit_configs_utils:/home/fiend/ws_moveit2/install/launch_param_builder:/opt/ros/humble /usr/bin/cmake --build /home/fiend/voice_grab/ros2_ws/build/octomap_mapping -- -j20 -l20
[0.826s] Invoked command in '/home/fiend/voice_grab/ros2_ws/build/octomap_mapping' returned '0': CMAKE_PREFIX_PATH=${CMAKE_PREFIX_PATH}:/home/fiend/ws_moveit2/install/moveit_configs_utils:/home/fiend/ws_moveit2/install/launch_param_builder:/opt/ros/humble /usr/bin/cmake --build /home/fiend/voice_grab/ros2_ws/build/octomap_mapping -- -j20 -l20
[0.870s] Invoking command in '/home/fiend/voice_grab/ros2_ws/build/octomap_mapping': CMAKE_PREFIX_PATH=${CMAKE_PREFIX_PATH}:/home/fiend/ws_moveit2/install/moveit_configs_utils:/home/fiend/ws_moveit2/install/launch_param_builder:/opt/ros/humble /usr/bin/cmake --install /home/fiend/voice_grab/ros2_ws/build/octomap_mapping
[0.880s] -- Install configuration: ""
[0.881s] -- Execute custom install script
[0.881s] -- Symlinking: /home/fiend/voice_grab/ros2_ws/install/octomap_mapping/share/ament_index/resource_index/package_run_dependencies/octomap_mapping
[0.893s] -- Symlinking: /home/fiend/voice_grab/ros2_ws/install/octomap_mapping/share/ament_index/resource_index/parent_prefix_path/octomap_mapping
[0.907s] -- Symlinking: /home/fiend/voice_grab/ros2_ws/install/octomap_mapping/share/octomap_mapping/environment/ament_prefix_path.sh
[0.918s] -- Symlinking: /home/fiend/voice_grab/ros2_ws/install/octomap_mapping/share/octomap_mapping/environment/ament_prefix_path.dsv
[0.929s] -- Symlinking: /home/fiend/voice_grab/ros2_ws/install/octomap_mapping/share/octomap_mapping/environment/path.sh
[0.940s] -- Symlinking: /home/fiend/voice_grab/ros2_ws/install/octomap_mapping/share/octomap_mapping/environment/path.dsv
[0.952s] -- Symlinking: /home/fiend/voice_grab/ros2_ws/install/octomap_mapping/share/octomap_mapping/local_setup.bash
[0.962s] -- Symlinking: /home/fiend/voice_grab/ros2_ws/install/octomap_mapping/share/octomap_mapping/local_setup.sh
[0.980s] -- Symlinking: /home/fiend/voice_grab/ros2_ws/install/octomap_mapping/share/octomap_mapping/local_setup.zsh
[0.991s] -- Symlinking: /home/fiend/voice_grab/ros2_ws/install/octomap_mapping/share/octomap_mapping/local_setup.dsv
[1.001s] -- Symlinking: /home/fiend/voice_grab/ros2_ws/install/octomap_mapping/share/octomap_mapping/package.dsv
[1.011s] -- Symlinking: /home/fiend/voice_grab/ros2_ws/install/octomap_mapping/share/ament_index/resource_index/packages/octomap_mapping
[1.022s] -- Symlinking: /home/fiend/voice_grab/ros2_ws/install/octomap_mapping/share/octomap_mapping/cmake/octomap_mappingConfig.cmake
[1.032s] -- Symlinking: /home/fiend/voice_grab/ros2_ws/install/octomap_mapping/share/octomap_mapping/cmake/octomap_mappingConfig-version.cmake
[1.042s] -- Symlinking: /home/fiend/voice_grab/ros2_ws/install/octomap_mapping/share/octomap_mapping/package.xml
[1.056s] Invoked command in '/home/fiend/voice_grab/ros2_ws/build/octomap_mapping' returned '0': CMAKE_PREFIX_PATH=${CMAKE_PREFIX_PATH}:/home/fiend/ws_moveit2/install/moveit_configs_utils:/home/fiend/ws_moveit2/install/launch_param_builder:/opt/ros/humble /usr/bin/cmake --install /home/fiend/voice_grab/ros2_ws/build/octomap_mapping
