[0.433s] DEBUG:colcon:Command line arguments: ['/usr/bin/colcon', 'build', '--symlink-install', '--cmake-args=-DCMAKE_BUILD_TYPE=Release', '--parallel-workers', '8']
[0.433s] DEBUG:colcon:Parsed command line arguments: Namespace(log_base=None, log_level=None, verb_name='build', build_base='build', install_base='install', merge_install=False, symlink_install=True, test_result_base=None, continue_on_error=False, executor='parallel', parallel_workers=8, event_handlers=None, ignore_user_meta=False, metas=['./colcon.meta'], base_paths=['.'], packages_ignore=None, packages_ignore_regex=None, paths=None, packages_up_to=None, packages_up_to_regex=None, packages_above=None, packages_above_and_dependencies=None, packages_above_depth=None, packages_select_by_dep=None, packages_skip_by_dep=None, packages_skip_up_to=None, packages_select_build_failed=False, packages_skip_build_finished=False, packages_select_test_failures=False, packages_skip_test_passed=False, packages_select=None, packages_skip=None, packages_select_regex=None, packages_skip_regex=None, packages_start=None, packages_end=None, allow_overriding=[], cmake_args=['-DCMAKE_BUILD_TYPE=Release'], cmake_target=None, cmake_target_skip_unavailable=False, cmake_clean_cache=False, cmake_clean_first=False, cmake_force_configure=False, ament_cmake_args=None, catkin_cmake_args=None, catkin_skip_building_tests=False, mixin_files=None, mixin=None, verb_parser=<colcon_mixin.mixin.mixin_argument.MixinArgumentDecorator object at 0x77d41fe57af0>, verb_extension=<colcon_core.verb.build.BuildVerb object at 0x77d41fe574c0>, main=<bound method BuildVerb.main of <colcon_core.verb.build.BuildVerb object at 0x77d41fe574c0>>, mixin_verb=('build',))
[1.028s] Level 1:colcon.colcon_core.package_discovery:discover_packages(colcon_meta) check parameters
[1.029s] Level 1:colcon.colcon_core.package_discovery:discover_packages(recursive) check parameters
[1.029s] Level 1:colcon.colcon_core.package_discovery:discover_packages(ignore) check parameters
[1.029s] Level 1:colcon.colcon_core.package_discovery:discover_packages(path) check parameters
[1.029s] Level 1:colcon.colcon_core.package_discovery:discover_packages(colcon_meta) discover
[1.029s] Level 1:colcon.colcon_core.package_discovery:discover_packages(recursive) discover
[1.029s] INFO:colcon.colcon_core.package_discovery:Crawling recursively for packages in '/home/fiend/voice_grab/ros2_ws'
[1.029s] Level 1:colcon.colcon_core.package_identification:_identify(.) by extensions ['ignore', 'ignore_ament_install']
[1.029s] Level 1:colcon.colcon_core.package_identification:_identify(.) by extension 'ignore'
[1.030s] Level 1:colcon.colcon_core.package_identification:_identify(.) by extension 'ignore_ament_install'
[1.030s] Level 1:colcon.colcon_core.package_identification:_identify(.) by extensions ['colcon_pkg']
[1.030s] Level 1:colcon.colcon_core.package_identification:_identify(.) by extension 'colcon_pkg'
[1.030s] Level 1:colcon.colcon_core.package_identification:_identify(.) by extensions ['colcon_meta']
[1.030s] Level 1:colcon.colcon_core.package_identification:_identify(.) by extension 'colcon_meta'
[1.030s] Level 1:colcon.colcon_core.package_identification:_identify(.) by extensions ['ros']
[1.030s] Level 1:colcon.colcon_core.package_identification:_identify(.) by extension 'ros'
[1.070s] Level 1:colcon.colcon_core.package_identification:_identify(.) by extensions ['cmake', 'python']
[1.070s] Level 1:colcon.colcon_core.package_identification:_identify(.) by extension 'cmake'
[1.070s] Level 1:colcon.colcon_core.package_identification:_identify(.) by extension 'python'
[1.070s] Level 1:colcon.colcon_core.package_identification:_identify(.) by extensions ['python_setup_py']
[1.070s] Level 1:colcon.colcon_core.package_identification:_identify(.) by extension 'python_setup_py'
[1.071s] Level 1:colcon.colcon_core.package_identification:_identify(build) by extensions ['ignore', 'ignore_ament_install']
[1.071s] Level 1:colcon.colcon_core.package_identification:_identify(build) by extension 'ignore'
[1.071s] Level 1:colcon.colcon_core.package_identification:_identify(build) ignored
[1.071s] Level 1:colcon.colcon_core.package_identification:_identify(install) by extensions ['ignore', 'ignore_ament_install']
[1.071s] Level 1:colcon.colcon_core.package_identification:_identify(install) by extension 'ignore'
[1.072s] Level 1:colcon.colcon_core.package_identification:_identify(install) ignored
[1.072s] Level 1:colcon.colcon_core.package_identification:_identify(log) by extensions ['ignore', 'ignore_ament_install']
[1.072s] Level 1:colcon.colcon_core.package_identification:_identify(log) by extension 'ignore'
[1.072s] Level 1:colcon.colcon_core.package_identification:_identify(log) ignored
[1.072s] Level 1:colcon.colcon_core.package_identification:_identify(src) by extensions ['ignore', 'ignore_ament_install']
[1.073s] Level 1:colcon.colcon_core.package_identification:_identify(src) by extension 'ignore'
[1.073s] Level 1:colcon.colcon_core.package_identification:_identify(src) by extension 'ignore_ament_install'
[1.073s] Level 1:colcon.colcon_core.package_identification:_identify(src) by extensions ['colcon_pkg']
[1.073s] Level 1:colcon.colcon_core.package_identification:_identify(src) by extension 'colcon_pkg'
[1.073s] Level 1:colcon.colcon_core.package_identification:_identify(src) by extensions ['colcon_meta']
[1.073s] Level 1:colcon.colcon_core.package_identification:_identify(src) by extension 'colcon_meta'
[1.073s] Level 1:colcon.colcon_core.package_identification:_identify(src) by extensions ['ros']
[1.073s] Level 1:colcon.colcon_core.package_identification:_identify(src) by extension 'ros'
[1.073s] Level 1:colcon.colcon_core.package_identification:_identify(src) by extensions ['cmake', 'python']
[1.074s] Level 1:colcon.colcon_core.package_identification:_identify(src) by extension 'cmake'
[1.074s] Level 1:colcon.colcon_core.package_identification:_identify(src) by extension 'python'
[1.074s] Level 1:colcon.colcon_core.package_identification:_identify(src) by extensions ['python_setup_py']
[1.074s] Level 1:colcon.colcon_core.package_identification:_identify(src) by extension 'python_setup_py'
[1.074s] Level 1:colcon.colcon_core.package_identification:_identify(src/Universal_Robots_ROS2_Description) by extensions ['ignore', 'ignore_ament_install']
[1.074s] Level 1:colcon.colcon_core.package_identification:_identify(src/Universal_Robots_ROS2_Description) by extension 'ignore'
[1.074s] Level 1:colcon.colcon_core.package_identification:_identify(src/Universal_Robots_ROS2_Description) by extension 'ignore_ament_install'
[1.075s] Level 1:colcon.colcon_core.package_identification:_identify(src/Universal_Robots_ROS2_Description) by extensions ['colcon_pkg']
[1.075s] Level 1:colcon.colcon_core.package_identification:_identify(src/Universal_Robots_ROS2_Description) by extension 'colcon_pkg'
[1.075s] Level 1:colcon.colcon_core.package_identification:_identify(src/Universal_Robots_ROS2_Description) by extensions ['colcon_meta']
[1.075s] Level 1:colcon.colcon_core.package_identification:_identify(src/Universal_Robots_ROS2_Description) by extension 'colcon_meta'
[1.075s] Level 1:colcon.colcon_core.package_identification:_identify(src/Universal_Robots_ROS2_Description) by extensions ['ros']
[1.075s] Level 1:colcon.colcon_core.package_identification:_identify(src/Universal_Robots_ROS2_Description) by extension 'ros'
[1.081s] DEBUG:colcon.colcon_core.package_identification:Package 'src/Universal_Robots_ROS2_Description' with type 'ros.ament_cmake' and name 'ur_description'
[1.081s] Level 1:colcon.colcon_core.package_identification:_identify(src/ur_robotiq) by extensions ['ignore', 'ignore_ament_install']
[1.081s] Level 1:colcon.colcon_core.package_identification:_identify(src/ur_robotiq) by extension 'ignore'
[1.081s] Level 1:colcon.colcon_core.package_identification:_identify(src/ur_robotiq) by extension 'ignore_ament_install'
[1.082s] Level 1:colcon.colcon_core.package_identification:_identify(src/ur_robotiq) by extensions ['colcon_pkg']
[1.082s] Level 1:colcon.colcon_core.package_identification:_identify(src/ur_robotiq) by extension 'colcon_pkg'
[1.082s] Level 1:colcon.colcon_core.package_identification:_identify(src/ur_robotiq) by extensions ['colcon_meta']
[1.082s] Level 1:colcon.colcon_core.package_identification:_identify(src/ur_robotiq) by extension 'colcon_meta'
[1.082s] Level 1:colcon.colcon_core.package_identification:_identify(src/ur_robotiq) by extensions ['ros']
[1.082s] Level 1:colcon.colcon_core.package_identification:_identify(src/ur_robotiq) by extension 'ros'
[1.082s] Level 1:colcon.colcon_core.package_identification:_identify(src/ur_robotiq) by extensions ['cmake', 'python']
[1.082s] Level 1:colcon.colcon_core.package_identification:_identify(src/ur_robotiq) by extension 'cmake'
[1.082s] Level 1:colcon.colcon_core.package_identification:_identify(src/ur_robotiq) by extension 'python'
[1.083s] Level 1:colcon.colcon_core.package_identification:_identify(src/ur_robotiq) by extensions ['python_setup_py']
[1.083s] Level 1:colcon.colcon_core.package_identification:_identify(src/ur_robotiq) by extension 'python_setup_py'
[1.083s] Level 1:colcon.colcon_core.package_identification:_identify(src/ur_robotiq/ur_robotiq) by extensions ['ignore', 'ignore_ament_install']
[1.083s] Level 1:colcon.colcon_core.package_identification:_identify(src/ur_robotiq/ur_robotiq) by extension 'ignore'
[1.083s] Level 1:colcon.colcon_core.package_identification:_identify(src/ur_robotiq/ur_robotiq) by extension 'ignore_ament_install'
[1.083s] Level 1:colcon.colcon_core.package_identification:_identify(src/ur_robotiq/ur_robotiq) by extensions ['colcon_pkg']
[1.083s] Level 1:colcon.colcon_core.package_identification:_identify(src/ur_robotiq/ur_robotiq) by extension 'colcon_pkg'
[1.083s] Level 1:colcon.colcon_core.package_identification:_identify(src/ur_robotiq/ur_robotiq) by extensions ['colcon_meta']
[1.083s] Level 1:colcon.colcon_core.package_identification:_identify(src/ur_robotiq/ur_robotiq) by extension 'colcon_meta'
[1.084s] Level 1:colcon.colcon_core.package_identification:_identify(src/ur_robotiq/ur_robotiq) by extensions ['ros']
[1.084s] Level 1:colcon.colcon_core.package_identification:_identify(src/ur_robotiq/ur_robotiq) by extension 'ros'
[1.085s] DEBUG:colcon.colcon_core.package_identification:Package 'src/ur_robotiq/ur_robotiq' with type 'ros.ament_cmake' and name 'ur_robotiq'
[1.085s] Level 1:colcon.colcon_core.package_identification:_identify(src/ur_robotiq/ur_robotiq_description) by extensions ['ignore', 'ignore_ament_install']
[1.085s] Level 1:colcon.colcon_core.package_identification:_identify(src/ur_robotiq/ur_robotiq_description) by extension 'ignore'
[1.086s] Level 1:colcon.colcon_core.package_identification:_identify(src/ur_robotiq/ur_robotiq_description) by extension 'ignore_ament_install'
[1.086s] Level 1:colcon.colcon_core.package_identification:_identify(src/ur_robotiq/ur_robotiq_description) by extensions ['colcon_pkg']
[1.086s] Level 1:colcon.colcon_core.package_identification:_identify(src/ur_robotiq/ur_robotiq_description) by extension 'colcon_pkg'
[1.086s] Level 1:colcon.colcon_core.package_identification:_identify(src/ur_robotiq/ur_robotiq_description) by extensions ['colcon_meta']
[1.086s] Level 1:colcon.colcon_core.package_identification:_identify(src/ur_robotiq/ur_robotiq_description) by extension 'colcon_meta'
[1.086s] Level 1:colcon.colcon_core.package_identification:_identify(src/ur_robotiq/ur_robotiq_description) by extensions ['ros']
[1.086s] Level 1:colcon.colcon_core.package_identification:_identify(src/ur_robotiq/ur_robotiq_description) by extension 'ros'
[1.087s] DEBUG:colcon.colcon_core.package_identification:Package 'src/ur_robotiq/ur_robotiq_description' with type 'ros.ament_cmake' and name 'ur_robotiq_description'
[1.088s] Level 1:colcon.colcon_core.package_identification:_identify(src/voice_grabber) by extensions ['ignore', 'ignore_ament_install']
[1.088s] Level 1:colcon.colcon_core.package_identification:_identify(src/voice_grabber) by extension 'ignore'
[1.088s] Level 1:colcon.colcon_core.package_identification:_identify(src/voice_grabber) by extension 'ignore_ament_install'
[1.088s] Level 1:colcon.colcon_core.package_identification:_identify(src/voice_grabber) by extensions ['colcon_pkg']
[1.088s] Level 1:colcon.colcon_core.package_identification:_identify(src/voice_grabber) by extension 'colcon_pkg'
[1.089s] Level 1:colcon.colcon_core.package_identification:_identify(src/voice_grabber) by extensions ['colcon_meta']
[1.089s] Level 1:colcon.colcon_core.package_identification:_identify(src/voice_grabber) by extension 'colcon_meta'
[1.089s] Level 1:colcon.colcon_core.package_identification:_identify(src/voice_grabber) by extensions ['ros']
[1.089s] Level 1:colcon.colcon_core.package_identification:_identify(src/voice_grabber) by extension 'ros'
[1.091s] DEBUG:colcon.colcon_core.package_identification:Package 'src/voice_grabber' with type 'ros.ament_cmake' and name 'voice_grabber'
[1.091s] Level 1:colcon.colcon_core.package_discovery:discover_packages(recursive) using defaults
[1.091s] Level 1:colcon.colcon_core.package_discovery:discover_packages(ignore) discover
[1.091s] Level 1:colcon.colcon_core.package_discovery:discover_packages(ignore) using defaults
[1.091s] Level 1:colcon.colcon_core.package_discovery:discover_packages(path) discover
[1.091s] Level 1:colcon.colcon_core.package_discovery:discover_packages(path) using defaults
[1.143s] Level 1:colcon.colcon_core.package_discovery:discover_packages(prefix_path) check parameters
[1.143s] Level 1:colcon.colcon_core.package_discovery:discover_packages(prefix_path) discover
[1.157s] DEBUG:colcon.colcon_installed_package_information.package_discovery:Found 8 installed packages in /home/fiend/voice_grab/ros2_ws/install
[1.158s] DEBUG:colcon.colcon_installed_package_information.package_discovery:Found 1 installed packages in /home/fiend/Navigation_Bot/dev_ws/install
[1.162s] DEBUG:colcon.colcon_installed_package_information.package_discovery:Found 8 installed packages in /home/fiend/LineFollowingRobot/ros_ws/install
[1.164s] DEBUG:colcon.colcon_installed_package_information.package_discovery:Found 1 installed packages in /home/fiend/ROS/practice_codes_ROS2/articubot_one/install
[1.168s] DEBUG:colcon.colcon_installed_package_information.package_discovery:Found 439 installed packages in /opt/ros/humble
[1.173s] Level 1:colcon.colcon_core.package_discovery:discover_packages(prefix_path) using defaults
[1.363s] Level 5:colcon.colcon_core.verb:set package 'ur_description' build argument 'cmake_args' from command line to '['-DCMAKE_BUILD_TYPE=Release']'
[1.363s] Level 5:colcon.colcon_core.verb:set package 'ur_description' build argument 'cmake_target' from command line to 'None'
[1.363s] Level 5:colcon.colcon_core.verb:set package 'ur_description' build argument 'cmake_target_skip_unavailable' from command line to 'False'
[1.363s] Level 5:colcon.colcon_core.verb:set package 'ur_description' build argument 'cmake_clean_cache' from command line to 'False'
[1.363s] Level 5:colcon.colcon_core.verb:set package 'ur_description' build argument 'cmake_clean_first' from command line to 'False'
[1.363s] Level 5:colcon.colcon_core.verb:set package 'ur_description' build argument 'cmake_force_configure' from command line to 'False'
[1.363s] Level 5:colcon.colcon_core.verb:set package 'ur_description' build argument 'ament_cmake_args' from command line to 'None'
[1.363s] Level 5:colcon.colcon_core.verb:set package 'ur_description' build argument 'catkin_cmake_args' from command line to 'None'
[1.363s] Level 5:colcon.colcon_core.verb:set package 'ur_description' build argument 'catkin_skip_building_tests' from command line to 'False'
[1.363s] DEBUG:colcon.colcon_core.verb:Building package 'ur_description' with the following arguments: {'ament_cmake_args': None, 'build_base': '/home/fiend/voice_grab/ros2_ws/build/ur_description', 'catkin_cmake_args': None, 'catkin_skip_building_tests': False, 'cmake_args': ['-DCMAKE_BUILD_TYPE=Release'], 'cmake_clean_cache': False, 'cmake_clean_first': False, 'cmake_force_configure': False, 'cmake_target': None, 'cmake_target_skip_unavailable': False, 'install_base': '/home/fiend/voice_grab/ros2_ws/install/ur_description', 'merge_install': False, 'path': '/home/fiend/voice_grab/ros2_ws/src/Universal_Robots_ROS2_Description', 'symlink_install': True, 'test_result_base': None}
[1.364s] Level 5:colcon.colcon_core.verb:set package 'voice_grabber' build argument 'cmake_args' from command line to '['-DCMAKE_BUILD_TYPE=Release']'
[1.364s] Level 5:colcon.colcon_core.verb:set package 'voice_grabber' build argument 'cmake_target' from command line to 'None'
[1.364s] Level 5:colcon.colcon_core.verb:set package 'voice_grabber' build argument 'cmake_target_skip_unavailable' from command line to 'False'
[1.364s] Level 5:colcon.colcon_core.verb:set package 'voice_grabber' build argument 'cmake_clean_cache' from command line to 'False'
[1.364s] Level 5:colcon.colcon_core.verb:set package 'voice_grabber' build argument 'cmake_clean_first' from command line to 'False'
[1.364s] Level 5:colcon.colcon_core.verb:set package 'voice_grabber' build argument 'cmake_force_configure' from command line to 'False'
[1.364s] Level 5:colcon.colcon_core.verb:set package 'voice_grabber' build argument 'ament_cmake_args' from command line to 'None'
[1.365s] Level 5:colcon.colcon_core.verb:set package 'voice_grabber' build argument 'catkin_cmake_args' from command line to 'None'
[1.365s] Level 5:colcon.colcon_core.verb:set package 'voice_grabber' build argument 'catkin_skip_building_tests' from command line to 'False'
[1.365s] DEBUG:colcon.colcon_core.verb:Building package 'voice_grabber' with the following arguments: {'ament_cmake_args': None, 'build_base': '/home/fiend/voice_grab/ros2_ws/build/voice_grabber', 'catkin_cmake_args': None, 'catkin_skip_building_tests': False, 'cmake_args': ['-DCMAKE_BUILD_TYPE=Release'], 'cmake_clean_cache': False, 'cmake_clean_first': False, 'cmake_force_configure': False, 'cmake_target': None, 'cmake_target_skip_unavailable': False, 'install_base': '/home/fiend/voice_grab/ros2_ws/install/voice_grabber', 'merge_install': False, 'path': '/home/fiend/voice_grab/ros2_ws/src/voice_grabber', 'symlink_install': True, 'test_result_base': None}
[1.365s] Level 5:colcon.colcon_core.verb:set package 'ur_robotiq_description' build argument 'cmake_args' from command line to '['-DCMAKE_BUILD_TYPE=Release']'
[1.365s] Level 5:colcon.colcon_core.verb:set package 'ur_robotiq_description' build argument 'cmake_target' from command line to 'None'
[1.366s] Level 5:colcon.colcon_core.verb:set package 'ur_robotiq_description' build argument 'cmake_target_skip_unavailable' from command line to 'False'
[1.366s] Level 5:colcon.colcon_core.verb:set package 'ur_robotiq_description' build argument 'cmake_clean_cache' from command line to 'False'
[1.366s] Level 5:colcon.colcon_core.verb:set package 'ur_robotiq_description' build argument 'cmake_clean_first' from command line to 'False'
[1.366s] Level 5:colcon.colcon_core.verb:set package 'ur_robotiq_description' build argument 'cmake_force_configure' from command line to 'False'
[1.366s] Level 5:colcon.colcon_core.verb:set package 'ur_robotiq_description' build argument 'ament_cmake_args' from command line to 'None'
[1.366s] Level 5:colcon.colcon_core.verb:set package 'ur_robotiq_description' build argument 'catkin_cmake_args' from command line to 'None'
[1.366s] Level 5:colcon.colcon_core.verb:set package 'ur_robotiq_description' build argument 'catkin_skip_building_tests' from command line to 'False'
[1.366s] DEBUG:colcon.colcon_core.verb:Building package 'ur_robotiq_description' with the following arguments: {'ament_cmake_args': None, 'build_base': '/home/fiend/voice_grab/ros2_ws/build/ur_robotiq_description', 'catkin_cmake_args': None, 'catkin_skip_building_tests': False, 'cmake_args': ['-DCMAKE_BUILD_TYPE=Release'], 'cmake_clean_cache': False, 'cmake_clean_first': False, 'cmake_force_configure': False, 'cmake_target': None, 'cmake_target_skip_unavailable': False, 'install_base': '/home/fiend/voice_grab/ros2_ws/install/ur_robotiq_description', 'merge_install': False, 'path': '/home/fiend/voice_grab/ros2_ws/src/ur_robotiq/ur_robotiq_description', 'symlink_install': True, 'test_result_base': None}
[1.367s] Level 5:colcon.colcon_core.verb:set package 'ur_robotiq' build argument 'cmake_args' from command line to '['-DCMAKE_BUILD_TYPE=Release']'
[1.367s] Level 5:colcon.colcon_core.verb:set package 'ur_robotiq' build argument 'cmake_target' from command line to 'None'
[1.367s] Level 5:colcon.colcon_core.verb:set package 'ur_robotiq' build argument 'cmake_target_skip_unavailable' from command line to 'False'
[1.367s] Level 5:colcon.colcon_core.verb:set package 'ur_robotiq' build argument 'cmake_clean_cache' from command line to 'False'
[1.367s] Level 5:colcon.colcon_core.verb:set package 'ur_robotiq' build argument 'cmake_clean_first' from command line to 'False'
[1.367s] Level 5:colcon.colcon_core.verb:set package 'ur_robotiq' build argument 'cmake_force_configure' from command line to 'False'
[1.367s] Level 5:colcon.colcon_core.verb:set package 'ur_robotiq' build argument 'ament_cmake_args' from command line to 'None'
[1.367s] Level 5:colcon.colcon_core.verb:set package 'ur_robotiq' build argument 'catkin_cmake_args' from command line to 'None'
[1.367s] Level 5:colcon.colcon_core.verb:set package 'ur_robotiq' build argument 'catkin_skip_building_tests' from command line to 'False'
[1.367s] DEBUG:colcon.colcon_core.verb:Building package 'ur_robotiq' with the following arguments: {'ament_cmake_args': None, 'build_base': '/home/fiend/voice_grab/ros2_ws/build/ur_robotiq', 'catkin_cmake_args': None, 'catkin_skip_building_tests': False, 'cmake_args': ['-DCMAKE_BUILD_TYPE=Release'], 'cmake_clean_cache': False, 'cmake_clean_first': False, 'cmake_force_configure': False, 'cmake_target': None, 'cmake_target_skip_unavailable': False, 'install_base': '/home/fiend/voice_grab/ros2_ws/install/ur_robotiq', 'merge_install': False, 'path': '/home/fiend/voice_grab/ros2_ws/src/ur_robotiq/ur_robotiq', 'symlink_install': True, 'test_result_base': None}
[1.368s] INFO:colcon.colcon_core.executor:Executing jobs using 'parallel' executor
[1.369s] DEBUG:colcon.colcon_parallel_executor.executor.parallel:run_until_complete
[1.370s] INFO:colcon.colcon_ros.task.ament_cmake.build:Building ROS package in '/home/fiend/voice_grab/ros2_ws/src/Universal_Robots_ROS2_Description' with build type 'ament_cmake'
[1.370s] INFO:colcon.colcon_cmake.task.cmake.build:Building CMake package in '/home/fiend/voice_grab/ros2_ws/src/Universal_Robots_ROS2_Description'
[1.376s] INFO:colcon.colcon_core.plugin_system:Skipping extension 'colcon_core.shell.bat': Not used on non-Windows systems
[1.377s] INFO:colcon.colcon_core.shell:Skip shell extension 'powershell' for command environment: Not usable outside of PowerShell
[1.377s] DEBUG:colcon.colcon_core.shell:Skip shell extension 'dsv' for command environment
[1.389s] INFO:colcon.colcon_ros.task.ament_cmake.build:Building ROS package in '/home/fiend/voice_grab/ros2_ws/src/voice_grabber' with build type 'ament_cmake'
[1.389s] INFO:colcon.colcon_cmake.task.cmake.build:Building CMake package in '/home/fiend/voice_grab/ros2_ws/src/voice_grabber'
[1.389s] INFO:colcon.colcon_core.shell:Skip shell extension 'powershell' for command environment: Not usable outside of PowerShell
[1.390s] DEBUG:colcon.colcon_core.shell:Skip shell extension 'dsv' for command environment
[1.408s] DEBUG:colcon.colcon_core.event_handler.log_command:Invoking command in '/home/fiend/voice_grab/ros2_ws/build/ur_description': CMAKE_PREFIX_PATH=/home/fiend/Navigation_Bot/dev_ws/install/navigation_bot:/home/fiend/voice_grab/ros2_ws/install/zed_ros2:/home/fiend/voice_grab/ros2_ws/install/zed_wrapper:/home/fiend/voice_grab/ros2_ws/install/zed_components:/home/fiend/voice_grab/ros2_ws/install/zed_interfaces:/home/fiend/voice_grab/ros2_ws/install/voice_grabber:/home/fiend/voice_grab/ros2_ws/install/ur_robotiq:/home/fiend/voice_grab/ros2_ws/install/ur_robotiq_description:/home/fiend/voice_grab/ros2_ws/install/ur_description:/opt/ros/humble:/home/fiend/LineFollowingRobot/ros_ws/install/prius_msgs:/home/fiend/LineFollowingRobot/ros_ws/install/line_bhakt:/home/fiend/LineFollowingRobot/ros_ws/install/launches:/home/fiend/LineFollowingRobot/ros_ws/install/autocar_nav:/home/fiend/LineFollowingRobot/ros_ws/install/autocar_msgs:/home/fiend/LineFollowingRobot/ros_ws/install/autocar_map:/home/fiend/LineFollowingRobot/ros_ws/install/autocar_gazebo:/home/fiend/LineFollowingRobot/ros_ws/install/autocar_description:/home/fiend/ROS/practice_codes_ROS2/articubot_one/install/articubot_one PS1=
\[[38;5;156m\]\[[0m\]\[[38;5;166m\]ros2_ws\[[0m\]\[[38;5;166m\]\[[0m\] on \[[38;5;162m\] \[[0m\]\[[38;5;162m\]main\[[0m\] underwent \[[36m\]4m38s\[[0m\]
\[[1;38;5;166m\]➜\[[0m\] /usr/bin/cmake --build /home/fiend/voice_grab/ros2_ws/build/ur_description -- -j8 -l8
[1.420s] DEBUG:colcon.colcon_core.event_handler.log_command:Invoking command in '/home/fiend/voice_grab/ros2_ws/build/voice_grabber': CMAKE_PREFIX_PATH=/home/fiend/Navigation_Bot/dev_ws/install/navigation_bot:/home/fiend/voice_grab/ros2_ws/install/zed_ros2:/home/fiend/voice_grab/ros2_ws/install/zed_wrapper:/home/fiend/voice_grab/ros2_ws/install/zed_components:/home/fiend/voice_grab/ros2_ws/install/zed_interfaces:/home/fiend/voice_grab/ros2_ws/install/voice_grabber:/home/fiend/voice_grab/ros2_ws/install/ur_robotiq:/home/fiend/voice_grab/ros2_ws/install/ur_robotiq_description:/home/fiend/voice_grab/ros2_ws/install/ur_description:/opt/ros/humble:/home/fiend/LineFollowingRobot/ros_ws/install/prius_msgs:/home/fiend/LineFollowingRobot/ros_ws/install/line_bhakt:/home/fiend/LineFollowingRobot/ros_ws/install/launches:/home/fiend/LineFollowingRobot/ros_ws/install/autocar_nav:/home/fiend/LineFollowingRobot/ros_ws/install/autocar_msgs:/home/fiend/LineFollowingRobot/ros_ws/install/autocar_map:/home/fiend/LineFollowingRobot/ros_ws/install/autocar_gazebo:/home/fiend/LineFollowingRobot/ros_ws/install/autocar_description:/home/fiend/ROS/practice_codes_ROS2/articubot_one/install/articubot_one PS1=
\[[38;5;156m\]\[[0m\]\[[38;5;166m\]ros2_ws\[[0m\]\[[38;5;166m\]\[[0m\] on \[[38;5;162m\] \[[0m\]\[[38;5;162m\]main\[[0m\] underwent \[[36m\]4m38s\[[0m\]
\[[1;38;5;166m\]➜\[[0m\] /usr/bin/cmake --build /home/fiend/voice_grab/ros2_ws/build/voice_grabber -- -j8 -l8
[1.498s] DEBUG:colcon.colcon_core.event_handler.log_command:Invoked command in '/home/fiend/voice_grab/ros2_ws/build/ur_description' returned '0': CMAKE_PREFIX_PATH=/home/fiend/Navigation_Bot/dev_ws/install/navigation_bot:/home/fiend/voice_grab/ros2_ws/install/zed_ros2:/home/fiend/voice_grab/ros2_ws/install/zed_wrapper:/home/fiend/voice_grab/ros2_ws/install/zed_components:/home/fiend/voice_grab/ros2_ws/install/zed_interfaces:/home/fiend/voice_grab/ros2_ws/install/voice_grabber:/home/fiend/voice_grab/ros2_ws/install/ur_robotiq:/home/fiend/voice_grab/ros2_ws/install/ur_robotiq_description:/home/fiend/voice_grab/ros2_ws/install/ur_description:/opt/ros/humble:/home/fiend/LineFollowingRobot/ros_ws/install/prius_msgs:/home/fiend/LineFollowingRobot/ros_ws/install/line_bhakt:/home/fiend/LineFollowingRobot/ros_ws/install/launches:/home/fiend/LineFollowingRobot/ros_ws/install/autocar_nav:/home/fiend/LineFollowingRobot/ros_ws/install/autocar_msgs:/home/fiend/LineFollowingRobot/ros_ws/install/autocar_map:/home/fiend/LineFollowingRobot/ros_ws/install/autocar_gazebo:/home/fiend/LineFollowingRobot/ros_ws/install/autocar_description:/home/fiend/ROS/practice_codes_ROS2/articubot_one/install/articubot_one PS1=
\[[38;5;156m\]\[[0m\]\[[38;5;166m\]ros2_ws\[[0m\]\[[38;5;166m\]\[[0m\] on \[[38;5;162m\] \[[0m\]\[[38;5;162m\]main\[[0m\] underwent \[[36m\]4m38s\[[0m\]
\[[1;38;5;166m\]➜\[[0m\] /usr/bin/cmake --build /home/fiend/voice_grab/ros2_ws/build/ur_description -- -j8 -l8
[1.562s] DEBUG:colcon.colcon_core.event_handler.log_command:Invoking command in '/home/fiend/voice_grab/ros2_ws/build/ur_description': CMAKE_PREFIX_PATH=/home/fiend/Navigation_Bot/dev_ws/install/navigation_bot:/home/fiend/voice_grab/ros2_ws/install/zed_ros2:/home/fiend/voice_grab/ros2_ws/install/zed_wrapper:/home/fiend/voice_grab/ros2_ws/install/zed_components:/home/fiend/voice_grab/ros2_ws/install/zed_interfaces:/home/fiend/voice_grab/ros2_ws/install/voice_grabber:/home/fiend/voice_grab/ros2_ws/install/ur_robotiq:/home/fiend/voice_grab/ros2_ws/install/ur_robotiq_description:/home/fiend/voice_grab/ros2_ws/install/ur_description:/opt/ros/humble:/home/fiend/LineFollowingRobot/ros_ws/install/prius_msgs:/home/fiend/LineFollowingRobot/ros_ws/install/line_bhakt:/home/fiend/LineFollowingRobot/ros_ws/install/launches:/home/fiend/LineFollowingRobot/ros_ws/install/autocar_nav:/home/fiend/LineFollowingRobot/ros_ws/install/autocar_msgs:/home/fiend/LineFollowingRobot/ros_ws/install/autocar_map:/home/fiend/LineFollowingRobot/ros_ws/install/autocar_gazebo:/home/fiend/LineFollowingRobot/ros_ws/install/autocar_description:/home/fiend/ROS/practice_codes_ROS2/articubot_one/install/articubot_one PS1=
\[[38;5;156m\]\[[0m\]\[[38;5;166m\]ros2_ws\[[0m\]\[[38;5;166m\]\[[0m\] on \[[38;5;162m\] \[[0m\]\[[38;5;162m\]main\[[0m\] underwent \[[36m\]4m38s\[[0m\]
\[[1;38;5;166m\]➜\[[0m\] /usr/bin/cmake --install /home/fiend/voice_grab/ros2_ws/build/ur_description
[1.780s] Level 1:colcon.colcon_core.environment:create_environment_scripts_only(ur_description)
[1.781s] DEBUG:colcon.colcon_core.event_handler.log_command:Invoked command in '/home/fiend/voice_grab/ros2_ws/build/ur_description' returned '0': CMAKE_PREFIX_PATH=/home/fiend/Navigation_Bot/dev_ws/install/navigation_bot:/home/fiend/voice_grab/ros2_ws/install/zed_ros2:/home/fiend/voice_grab/ros2_ws/install/zed_wrapper:/home/fiend/voice_grab/ros2_ws/install/zed_components:/home/fiend/voice_grab/ros2_ws/install/zed_interfaces:/home/fiend/voice_grab/ros2_ws/install/voice_grabber:/home/fiend/voice_grab/ros2_ws/install/ur_robotiq:/home/fiend/voice_grab/ros2_ws/install/ur_robotiq_description:/home/fiend/voice_grab/ros2_ws/install/ur_description:/opt/ros/humble:/home/fiend/LineFollowingRobot/ros_ws/install/prius_msgs:/home/fiend/LineFollowingRobot/ros_ws/install/line_bhakt:/home/fiend/LineFollowingRobot/ros_ws/install/launches:/home/fiend/LineFollowingRobot/ros_ws/install/autocar_nav:/home/fiend/LineFollowingRobot/ros_ws/install/autocar_msgs:/home/fiend/LineFollowingRobot/ros_ws/install/autocar_map:/home/fiend/LineFollowingRobot/ros_ws/install/autocar_gazebo:/home/fiend/LineFollowingRobot/ros_ws/install/autocar_description:/home/fiend/ROS/practice_codes_ROS2/articubot_one/install/articubot_one PS1=
\[[38;5;156m\]\[[0m\]\[[38;5;166m\]ros2_ws\[[0m\]\[[38;5;166m\]\[[0m\] on \[[38;5;162m\] \[[0m\]\[[38;5;162m\]main\[[0m\] underwent \[[36m\]4m38s\[[0m\]
\[[1;38;5;166m\]➜\[[0m\] /usr/bin/cmake --install /home/fiend/voice_grab/ros2_ws/build/ur_description
[1.788s] Level 1:colcon.colcon_core.environment:checking '/home/fiend/voice_grab/ros2_ws/install/ur_description' for CMake module files
[1.789s] Level 1:colcon.colcon_core.environment:checking '/home/fiend/voice_grab/ros2_ws/install/ur_description' for CMake config files
[1.789s] Level 1:colcon.colcon_core.shell:create_environment_hook('ur_description', 'cmake_prefix_path')
[1.790s] INFO:colcon.colcon_core.shell:Creating environment hook '/home/fiend/voice_grab/ros2_ws/install/ur_description/share/ur_description/hook/cmake_prefix_path.ps1'
[1.791s] INFO:colcon.colcon_core.shell:Creating environment descriptor '/home/fiend/voice_grab/ros2_ws/install/ur_description/share/ur_description/hook/cmake_prefix_path.dsv'
[1.792s] INFO:colcon.colcon_core.shell:Creating environment hook '/home/fiend/voice_grab/ros2_ws/install/ur_description/share/ur_description/hook/cmake_prefix_path.sh'
[1.794s] Level 1:colcon.colcon_core.environment:checking '/home/fiend/voice_grab/ros2_ws/install/ur_description/bin'
[1.794s] Level 1:colcon.colcon_core.environment:checking '/home/fiend/voice_grab/ros2_ws/install/ur_description/lib/pkgconfig/ur_description.pc'
[1.794s] Level 1:colcon.colcon_core.environment:checking '/home/fiend/voice_grab/ros2_ws/install/ur_description/lib/python3.10/site-packages'
[1.795s] Level 1:colcon.colcon_core.environment:checking '/home/fiend/voice_grab/ros2_ws/install/ur_description/bin'
[1.796s] INFO:colcon.colcon_core.shell:Creating package script '/home/fiend/voice_grab/ros2_ws/install/ur_description/share/ur_description/package.ps1'
[1.797s] INFO:colcon.colcon_core.shell:Creating package descriptor '/home/fiend/voice_grab/ros2_ws/install/ur_description/share/ur_description/package.dsv'
[1.798s] INFO:colcon.colcon_core.shell:Creating package script '/home/fiend/voice_grab/ros2_ws/install/ur_description/share/ur_description/package.sh'
[1.800s] INFO:colcon.colcon_core.shell:Creating package script '/home/fiend/voice_grab/ros2_ws/install/ur_description/share/ur_description/package.bash'
[1.802s] INFO:colcon.colcon_core.shell:Creating package script '/home/fiend/voice_grab/ros2_ws/install/ur_description/share/ur_description/package.zsh'
[1.804s] Level 1:colcon.colcon_core.environment:create_file_with_runtime_dependencies(/home/fiend/voice_grab/ros2_ws/install/ur_description/share/colcon-core/packages/ur_description)
[1.843s] Level 1:colcon.colcon_core.environment:create_environment_scripts_only(ur_description)
[1.843s] Level 1:colcon.colcon_core.environment:checking '/home/fiend/voice_grab/ros2_ws/install/ur_description' for CMake module files
[1.844s] Level 1:colcon.colcon_core.environment:checking '/home/fiend/voice_grab/ros2_ws/install/ur_description' for CMake config files
[1.845s] Level 1:colcon.colcon_core.shell:create_environment_hook('ur_description', 'cmake_prefix_path')
[1.845s] INFO:colcon.colcon_core.shell:Creating environment hook '/home/fiend/voice_grab/ros2_ws/install/ur_description/share/ur_description/hook/cmake_prefix_path.ps1'
[1.846s] INFO:colcon.colcon_core.shell:Creating environment descriptor '/home/fiend/voice_grab/ros2_ws/install/ur_description/share/ur_description/hook/cmake_prefix_path.dsv'
[1.846s] INFO:colcon.colcon_core.shell:Creating environment hook '/home/fiend/voice_grab/ros2_ws/install/ur_description/share/ur_description/hook/cmake_prefix_path.sh'
[1.847s] Level 1:colcon.colcon_core.environment:checking '/home/fiend/voice_grab/ros2_ws/install/ur_description/bin'
[1.848s] Level 1:colcon.colcon_core.environment:checking '/home/fiend/voice_grab/ros2_ws/install/ur_description/lib/pkgconfig/ur_description.pc'
[1.848s] Level 1:colcon.colcon_core.environment:checking '/home/fiend/voice_grab/ros2_ws/install/ur_description/lib/python3.10/site-packages'
[1.849s] Level 1:colcon.colcon_core.environment:checking '/home/fiend/voice_grab/ros2_ws/install/ur_description/bin'
[1.849s] INFO:colcon.colcon_core.shell:Creating package script '/home/fiend/voice_grab/ros2_ws/install/ur_description/share/ur_description/package.ps1'
[1.850s] INFO:colcon.colcon_core.shell:Creating package descriptor '/home/fiend/voice_grab/ros2_ws/install/ur_description/share/ur_description/package.dsv'
[1.851s] INFO:colcon.colcon_core.shell:Creating package script '/home/fiend/voice_grab/ros2_ws/install/ur_description/share/ur_description/package.sh'
[1.852s] INFO:colcon.colcon_core.shell:Creating package script '/home/fiend/voice_grab/ros2_ws/install/ur_description/share/ur_description/package.bash'
[1.852s] INFO:colcon.colcon_core.shell:Creating package script '/home/fiend/voice_grab/ros2_ws/install/ur_description/share/ur_description/package.zsh'
[1.853s] Level 1:colcon.colcon_core.environment:create_file_with_runtime_dependencies(/home/fiend/voice_grab/ros2_ws/install/ur_description/share/colcon-core/packages/ur_description)
[1.854s] INFO:colcon.colcon_ros.task.ament_cmake.build:Building ROS package in '/home/fiend/voice_grab/ros2_ws/src/ur_robotiq/ur_robotiq_description' with build type 'ament_cmake'
[1.854s] INFO:colcon.colcon_cmake.task.cmake.build:Building CMake package in '/home/fiend/voice_grab/ros2_ws/src/ur_robotiq/ur_robotiq_description'
[1.855s] INFO:colcon.colcon_core.shell:Skip shell extension 'powershell' for command environment: Not usable outside of PowerShell
[1.855s] DEBUG:colcon.colcon_core.shell:Skip shell extension 'dsv' for command environment
[1.878s] DEBUG:colcon.colcon_core.event_handler.log_command:Invoking command in '/home/fiend/voice_grab/ros2_ws/build/ur_robotiq_description': CMAKE_PREFIX_PATH=/home/fiend/voice_grab/ros2_ws/install/ur_description:/home/fiend/Navigation_Bot/dev_ws/install/navigation_bot:/home/fiend/voice_grab/ros2_ws/install/zed_ros2:/home/fiend/voice_grab/ros2_ws/install/zed_wrapper:/home/fiend/voice_grab/ros2_ws/install/zed_components:/home/fiend/voice_grab/ros2_ws/install/zed_interfaces:/home/fiend/voice_grab/ros2_ws/install/voice_grabber:/home/fiend/voice_grab/ros2_ws/install/ur_robotiq:/home/fiend/voice_grab/ros2_ws/install/ur_robotiq_description:/opt/ros/humble:/home/fiend/LineFollowingRobot/ros_ws/install/prius_msgs:/home/fiend/LineFollowingRobot/ros_ws/install/line_bhakt:/home/fiend/LineFollowingRobot/ros_ws/install/launches:/home/fiend/LineFollowingRobot/ros_ws/install/autocar_nav:/home/fiend/LineFollowingRobot/ros_ws/install/autocar_msgs:/home/fiend/LineFollowingRobot/ros_ws/install/autocar_map:/home/fiend/LineFollowingRobot/ros_ws/install/autocar_gazebo:/home/fiend/LineFollowingRobot/ros_ws/install/autocar_description:/home/fiend/ROS/practice_codes_ROS2/articubot_one/install/articubot_one PS1=
\[[38;5;156m\]\[[0m\]\[[38;5;166m\]ros2_ws\[[0m\]\[[38;5;166m\]\[[0m\] on \[[38;5;162m\] \[[0m\]\[[38;5;162m\]main\[[0m\] underwent \[[36m\]4m38s\[[0m\]
\[[1;38;5;166m\]➜\[[0m\] /usr/bin/cmake --build /home/fiend/voice_grab/ros2_ws/build/ur_robotiq_description -- -j8 -l8
[2.077s] DEBUG:colcon.colcon_core.event_handler.log_command:Invoked command in '/home/fiend/voice_grab/ros2_ws/build/ur_robotiq_description' returned '0': CMAKE_PREFIX_PATH=/home/fiend/voice_grab/ros2_ws/install/ur_description:/home/fiend/Navigation_Bot/dev_ws/install/navigation_bot:/home/fiend/voice_grab/ros2_ws/install/zed_ros2:/home/fiend/voice_grab/ros2_ws/install/zed_wrapper:/home/fiend/voice_grab/ros2_ws/install/zed_components:/home/fiend/voice_grab/ros2_ws/install/zed_interfaces:/home/fiend/voice_grab/ros2_ws/install/voice_grabber:/home/fiend/voice_grab/ros2_ws/install/ur_robotiq:/home/fiend/voice_grab/ros2_ws/install/ur_robotiq_description:/opt/ros/humble:/home/fiend/LineFollowingRobot/ros_ws/install/prius_msgs:/home/fiend/LineFollowingRobot/ros_ws/install/line_bhakt:/home/fiend/LineFollowingRobot/ros_ws/install/launches:/home/fiend/LineFollowingRobot/ros_ws/install/autocar_nav:/home/fiend/LineFollowingRobot/ros_ws/install/autocar_msgs:/home/fiend/LineFollowingRobot/ros_ws/install/autocar_map:/home/fiend/LineFollowingRobot/ros_ws/install/autocar_gazebo:/home/fiend/LineFollowingRobot/ros_ws/install/autocar_description:/home/fiend/ROS/practice_codes_ROS2/articubot_one/install/articubot_one PS1=
\[[38;5;156m\]\[[0m\]\[[38;5;166m\]ros2_ws\[[0m\]\[[38;5;166m\]\[[0m\] on \[[38;5;162m\] \[[0m\]\[[38;5;162m\]main\[[0m\] underwent \[[36m\]4m38s\[[0m\]
\[[1;38;5;166m\]➜\[[0m\] /usr/bin/cmake --build /home/fiend/voice_grab/ros2_ws/build/ur_robotiq_description -- -j8 -l8
[2.127s] DEBUG:colcon.colcon_core.event_handler.log_command:Invoking command in '/home/fiend/voice_grab/ros2_ws/build/ur_robotiq_description': CMAKE_PREFIX_PATH=/home/fiend/voice_grab/ros2_ws/install/ur_description:/home/fiend/Navigation_Bot/dev_ws/install/navigation_bot:/home/fiend/voice_grab/ros2_ws/install/zed_ros2:/home/fiend/voice_grab/ros2_ws/install/zed_wrapper:/home/fiend/voice_grab/ros2_ws/install/zed_components:/home/fiend/voice_grab/ros2_ws/install/zed_interfaces:/home/fiend/voice_grab/ros2_ws/install/voice_grabber:/home/fiend/voice_grab/ros2_ws/install/ur_robotiq:/home/fiend/voice_grab/ros2_ws/install/ur_robotiq_description:/opt/ros/humble:/home/fiend/LineFollowingRobot/ros_ws/install/prius_msgs:/home/fiend/LineFollowingRobot/ros_ws/install/line_bhakt:/home/fiend/LineFollowingRobot/ros_ws/install/launches:/home/fiend/LineFollowingRobot/ros_ws/install/autocar_nav:/home/fiend/LineFollowingRobot/ros_ws/install/autocar_msgs:/home/fiend/LineFollowingRobot/ros_ws/install/autocar_map:/home/fiend/LineFollowingRobot/ros_ws/install/autocar_gazebo:/home/fiend/LineFollowingRobot/ros_ws/install/autocar_description:/home/fiend/ROS/practice_codes_ROS2/articubot_one/install/articubot_one PS1=
\[[38;5;156m\]\[[0m\]\[[38;5;166m\]ros2_ws\[[0m\]\[[38;5;166m\]\[[0m\] on \[[38;5;162m\] \[[0m\]\[[38;5;162m\]main\[[0m\] underwent \[[36m\]4m38s\[[0m\]
\[[1;38;5;166m\]➜\[[0m\] /usr/bin/cmake --install /home/fiend/voice_grab/ros2_ws/build/ur_robotiq_description
[2.184s] Level 1:colcon.colcon_core.environment:create_environment_scripts_only(ur_robotiq_description)
[2.185s] DEBUG:colcon.colcon_core.event_handler.log_command:Invoked command in '/home/fiend/voice_grab/ros2_ws/build/ur_robotiq_description' returned '0': CMAKE_PREFIX_PATH=/home/fiend/voice_grab/ros2_ws/install/ur_description:/home/fiend/Navigation_Bot/dev_ws/install/navigation_bot:/home/fiend/voice_grab/ros2_ws/install/zed_ros2:/home/fiend/voice_grab/ros2_ws/install/zed_wrapper:/home/fiend/voice_grab/ros2_ws/install/zed_components:/home/fiend/voice_grab/ros2_ws/install/zed_interfaces:/home/fiend/voice_grab/ros2_ws/install/voice_grabber:/home/fiend/voice_grab/ros2_ws/install/ur_robotiq:/home/fiend/voice_grab/ros2_ws/install/ur_robotiq_description:/opt/ros/humble:/home/fiend/LineFollowingRobot/ros_ws/install/prius_msgs:/home/fiend/LineFollowingRobot/ros_ws/install/line_bhakt:/home/fiend/LineFollowingRobot/ros_ws/install/launches:/home/fiend/LineFollowingRobot/ros_ws/install/autocar_nav:/home/fiend/LineFollowingRobot/ros_ws/install/autocar_msgs:/home/fiend/LineFollowingRobot/ros_ws/install/autocar_map:/home/fiend/LineFollowingRobot/ros_ws/install/autocar_gazebo:/home/fiend/LineFollowingRobot/ros_ws/install/autocar_description:/home/fiend/ROS/practice_codes_ROS2/articubot_one/install/articubot_one PS1=
\[[38;5;156m\]\[[0m\]\[[38;5;166m\]ros2_ws\[[0m\]\[[38;5;166m\]\[[0m\] on \[[38;5;162m\] \[[0m\]\[[38;5;162m\]main\[[0m\] underwent \[[36m\]4m38s\[[0m\]
\[[1;38;5;166m\]➜\[[0m\] /usr/bin/cmake --install /home/fiend/voice_grab/ros2_ws/build/ur_robotiq_description
[2.186s] Level 1:colcon.colcon_core.environment:checking '/home/fiend/voice_grab/ros2_ws/install/ur_robotiq_description' for CMake module files
[2.187s] Level 1:colcon.colcon_core.environment:checking '/home/fiend/voice_grab/ros2_ws/install/ur_robotiq_description' for CMake config files
[2.188s] Level 1:colcon.colcon_core.shell:create_environment_hook('ur_robotiq_description', 'cmake_prefix_path')
[2.188s] INFO:colcon.colcon_core.shell:Creating environment hook '/home/fiend/voice_grab/ros2_ws/install/ur_robotiq_description/share/ur_robotiq_description/hook/cmake_prefix_path.ps1'
[2.189s] INFO:colcon.colcon_core.shell:Creating environment descriptor '/home/fiend/voice_grab/ros2_ws/install/ur_robotiq_description/share/ur_robotiq_description/hook/cmake_prefix_path.dsv'
[2.190s] INFO:colcon.colcon_core.shell:Creating environment hook '/home/fiend/voice_grab/ros2_ws/install/ur_robotiq_description/share/ur_robotiq_description/hook/cmake_prefix_path.sh'
[2.191s] Level 1:colcon.colcon_core.environment:checking '/home/fiend/voice_grab/ros2_ws/install/ur_robotiq_description/lib'
[2.191s] Level 1:colcon.colcon_core.environment:checking '/home/fiend/voice_grab/ros2_ws/install/ur_robotiq_description/bin'
[2.191s] Level 1:colcon.colcon_core.environment:checking '/home/fiend/voice_grab/ros2_ws/install/ur_robotiq_description/lib/pkgconfig/ur_robotiq_description.pc'
[2.192s] Level 1:colcon.colcon_core.environment:checking '/home/fiend/voice_grab/ros2_ws/install/ur_robotiq_description/lib/python3.10/site-packages'
[2.192s] Level 1:colcon.colcon_core.environment:checking '/home/fiend/voice_grab/ros2_ws/install/ur_robotiq_description/bin'
[2.193s] INFO:colcon.colcon_core.shell:Creating package script '/home/fiend/voice_grab/ros2_ws/install/ur_robotiq_description/share/ur_robotiq_description/package.ps1'
[2.194s] INFO:colcon.colcon_core.shell:Creating package descriptor '/home/fiend/voice_grab/ros2_ws/install/ur_robotiq_description/share/ur_robotiq_description/package.dsv'
[2.194s] INFO:colcon.colcon_core.shell:Creating package script '/home/fiend/voice_grab/ros2_ws/install/ur_robotiq_description/share/ur_robotiq_description/package.sh'
[2.195s] INFO:colcon.colcon_core.shell:Creating package script '/home/fiend/voice_grab/ros2_ws/install/ur_robotiq_description/share/ur_robotiq_description/package.bash'
[2.196s] INFO:colcon.colcon_core.shell:Creating package script '/home/fiend/voice_grab/ros2_ws/install/ur_robotiq_description/share/ur_robotiq_description/package.zsh'
[2.196s] Level 1:colcon.colcon_core.environment:create_file_with_runtime_dependencies(/home/fiend/voice_grab/ros2_ws/install/ur_robotiq_description/share/colcon-core/packages/ur_robotiq_description)
[2.243s] Level 1:colcon.colcon_core.environment:create_environment_scripts_only(ur_robotiq_description)
[2.243s] Level 1:colcon.colcon_core.environment:checking '/home/fiend/voice_grab/ros2_ws/install/ur_robotiq_description' for CMake module files
[2.244s] Level 1:colcon.colcon_core.environment:checking '/home/fiend/voice_grab/ros2_ws/install/ur_robotiq_description' for CMake config files
[2.245s] Level 1:colcon.colcon_core.shell:create_environment_hook('ur_robotiq_description', 'cmake_prefix_path')
[2.246s] INFO:colcon.colcon_core.shell:Creating environment hook '/home/fiend/voice_grab/ros2_ws/install/ur_robotiq_description/share/ur_robotiq_description/hook/cmake_prefix_path.ps1'
[2.246s] INFO:colcon.colcon_core.shell:Creating environment descriptor '/home/fiend/voice_grab/ros2_ws/install/ur_robotiq_description/share/ur_robotiq_description/hook/cmake_prefix_path.dsv'
[2.247s] INFO:colcon.colcon_core.shell:Creating environment hook '/home/fiend/voice_grab/ros2_ws/install/ur_robotiq_description/share/ur_robotiq_description/hook/cmake_prefix_path.sh'
[2.249s] Level 1:colcon.colcon_core.environment:checking '/home/fiend/voice_grab/ros2_ws/install/ur_robotiq_description/lib'
[2.250s] Level 1:colcon.colcon_core.environment:checking '/home/fiend/voice_grab/ros2_ws/install/ur_robotiq_description/bin'
[2.251s] Level 1:colcon.colcon_core.environment:checking '/home/fiend/voice_grab/ros2_ws/install/ur_robotiq_description/lib/pkgconfig/ur_robotiq_description.pc'
[2.251s] Level 1:colcon.colcon_core.environment:checking '/home/fiend/voice_grab/ros2_ws/install/ur_robotiq_description/lib/python3.10/site-packages'
[2.252s] Level 1:colcon.colcon_core.environment:checking '/home/fiend/voice_grab/ros2_ws/install/ur_robotiq_description/bin'
[2.253s] INFO:colcon.colcon_core.shell:Creating package script '/home/fiend/voice_grab/ros2_ws/install/ur_robotiq_description/share/ur_robotiq_description/package.ps1'
[2.255s] INFO:colcon.colcon_core.shell:Creating package descriptor '/home/fiend/voice_grab/ros2_ws/install/ur_robotiq_description/share/ur_robotiq_description/package.dsv'
[2.257s] INFO:colcon.colcon_core.shell:Creating package script '/home/fiend/voice_grab/ros2_ws/install/ur_robotiq_description/share/ur_robotiq_description/package.sh'
[2.259s] INFO:colcon.colcon_core.shell:Creating package script '/home/fiend/voice_grab/ros2_ws/install/ur_robotiq_description/share/ur_robotiq_description/package.bash'
[2.261s] INFO:colcon.colcon_core.shell:Creating package script '/home/fiend/voice_grab/ros2_ws/install/ur_robotiq_description/share/ur_robotiq_description/package.zsh'
[2.262s] Level 1:colcon.colcon_core.environment:create_file_with_runtime_dependencies(/home/fiend/voice_grab/ros2_ws/install/ur_robotiq_description/share/colcon-core/packages/ur_robotiq_description)
[2.262s] INFO:colcon.colcon_ros.task.ament_cmake.build:Building ROS package in '/home/fiend/voice_grab/ros2_ws/src/ur_robotiq/ur_robotiq' with build type 'ament_cmake'
[2.263s] INFO:colcon.colcon_cmake.task.cmake.build:Building CMake package in '/home/fiend/voice_grab/ros2_ws/src/ur_robotiq/ur_robotiq'
[2.263s] INFO:colcon.colcon_core.shell:Skip shell extension 'powershell' for command environment: Not usable outside of PowerShell
[2.264s] DEBUG:colcon.colcon_core.shell:Skip shell extension 'dsv' for command environment
[2.290s] DEBUG:colcon.colcon_core.event_handler.log_command:Invoking command in '/home/fiend/voice_grab/ros2_ws/build/ur_robotiq': CMAKE_PREFIX_PATH=/home/fiend/voice_grab/ros2_ws/install/ur_robotiq_description:/home/fiend/voice_grab/ros2_ws/install/ur_description:/home/fiend/Navigation_Bot/dev_ws/install/navigation_bot:/home/fiend/voice_grab/ros2_ws/install/zed_ros2:/home/fiend/voice_grab/ros2_ws/install/zed_wrapper:/home/fiend/voice_grab/ros2_ws/install/zed_components:/home/fiend/voice_grab/ros2_ws/install/zed_interfaces:/home/fiend/voice_grab/ros2_ws/install/voice_grabber:/home/fiend/voice_grab/ros2_ws/install/ur_robotiq:/opt/ros/humble:/home/fiend/LineFollowingRobot/ros_ws/install/prius_msgs:/home/fiend/LineFollowingRobot/ros_ws/install/line_bhakt:/home/fiend/LineFollowingRobot/ros_ws/install/launches:/home/fiend/LineFollowingRobot/ros_ws/install/autocar_nav:/home/fiend/LineFollowingRobot/ros_ws/install/autocar_msgs:/home/fiend/LineFollowingRobot/ros_ws/install/autocar_map:/home/fiend/LineFollowingRobot/ros_ws/install/autocar_gazebo:/home/fiend/LineFollowingRobot/ros_ws/install/autocar_description:/home/fiend/ROS/practice_codes_ROS2/articubot_one/install/articubot_one PS1=
\[[38;5;156m\]\[[0m\]\[[38;5;166m\]ros2_ws\[[0m\]\[[38;5;166m\]\[[0m\] on \[[38;5;162m\] \[[0m\]\[[38;5;162m\]main\[[0m\] underwent \[[36m\]4m38s\[[0m\]
\[[1;38;5;166m\]➜\[[0m\] /usr/bin/cmake --build /home/fiend/voice_grab/ros2_ws/build/ur_robotiq -- -j8 -l8
[2.330s] DEBUG:colcon.colcon_core.event_handler.log_command:Invoked command in '/home/fiend/voice_grab/ros2_ws/build/voice_grabber' returned '0': CMAKE_PREFIX_PATH=/home/fiend/Navigation_Bot/dev_ws/install/navigation_bot:/home/fiend/voice_grab/ros2_ws/install/zed_ros2:/home/fiend/voice_grab/ros2_ws/install/zed_wrapper:/home/fiend/voice_grab/ros2_ws/install/zed_components:/home/fiend/voice_grab/ros2_ws/install/zed_interfaces:/home/fiend/voice_grab/ros2_ws/install/voice_grabber:/home/fiend/voice_grab/ros2_ws/install/ur_robotiq:/home/fiend/voice_grab/ros2_ws/install/ur_robotiq_description:/home/fiend/voice_grab/ros2_ws/install/ur_description:/opt/ros/humble:/home/fiend/LineFollowingRobot/ros_ws/install/prius_msgs:/home/fiend/LineFollowingRobot/ros_ws/install/line_bhakt:/home/fiend/LineFollowingRobot/ros_ws/install/launches:/home/fiend/LineFollowingRobot/ros_ws/install/autocar_nav:/home/fiend/LineFollowingRobot/ros_ws/install/autocar_msgs:/home/fiend/LineFollowingRobot/ros_ws/install/autocar_map:/home/fiend/LineFollowingRobot/ros_ws/install/autocar_gazebo:/home/fiend/LineFollowingRobot/ros_ws/install/autocar_description:/home/fiend/ROS/practice_codes_ROS2/articubot_one/install/articubot_one PS1=
\[[38;5;156m\]\[[0m\]\[[38;5;166m\]ros2_ws\[[0m\]\[[38;5;166m\]\[[0m\] on \[[38;5;162m\] \[[0m\]\[[38;5;162m\]main\[[0m\] underwent \[[36m\]4m38s\[[0m\]
\[[1;38;5;166m\]➜\[[0m\] /usr/bin/cmake --build /home/fiend/voice_grab/ros2_ws/build/voice_grabber -- -j8 -l8
[2.363s] DEBUG:colcon.colcon_core.event_handler.log_command:Invoked command in '/home/fiend/voice_grab/ros2_ws/build/ur_robotiq' returned '0': CMAKE_PREFIX_PATH=/home/fiend/voice_grab/ros2_ws/install/ur_robotiq_description:/home/fiend/voice_grab/ros2_ws/install/ur_description:/home/fiend/Navigation_Bot/dev_ws/install/navigation_bot:/home/fiend/voice_grab/ros2_ws/install/zed_ros2:/home/fiend/voice_grab/ros2_ws/install/zed_wrapper:/home/fiend/voice_grab/ros2_ws/install/zed_components:/home/fiend/voice_grab/ros2_ws/install/zed_interfaces:/home/fiend/voice_grab/ros2_ws/install/voice_grabber:/home/fiend/voice_grab/ros2_ws/install/ur_robotiq:/opt/ros/humble:/home/fiend/LineFollowingRobot/ros_ws/install/prius_msgs:/home/fiend/LineFollowingRobot/ros_ws/install/line_bhakt:/home/fiend/LineFollowingRobot/ros_ws/install/launches:/home/fiend/LineFollowingRobot/ros_ws/install/autocar_nav:/home/fiend/LineFollowingRobot/ros_ws/install/autocar_msgs:/home/fiend/LineFollowingRobot/ros_ws/install/autocar_map:/home/fiend/LineFollowingRobot/ros_ws/install/autocar_gazebo:/home/fiend/LineFollowingRobot/ros_ws/install/autocar_description:/home/fiend/ROS/practice_codes_ROS2/articubot_one/install/articubot_one PS1=
\[[38;5;156m\]\[[0m\]\[[38;5;166m\]ros2_ws\[[0m\]\[[38;5;166m\]\[[0m\] on \[[38;5;162m\] \[[0m\]\[[38;5;162m\]main\[[0m\] underwent \[[36m\]4m38s\[[0m\]
\[[1;38;5;166m\]➜\[[0m\] /usr/bin/cmake --build /home/fiend/voice_grab/ros2_ws/build/ur_robotiq -- -j8 -l8
[2.386s] DEBUG:colcon.colcon_core.event_handler.log_command:Invoking command in '/home/fiend/voice_grab/ros2_ws/build/voice_grabber': CMAKE_PREFIX_PATH=/home/fiend/Navigation_Bot/dev_ws/install/navigation_bot:/home/fiend/voice_grab/ros2_ws/install/zed_ros2:/home/fiend/voice_grab/ros2_ws/install/zed_wrapper:/home/fiend/voice_grab/ros2_ws/install/zed_components:/home/fiend/voice_grab/ros2_ws/install/zed_interfaces:/home/fiend/voice_grab/ros2_ws/install/voice_grabber:/home/fiend/voice_grab/ros2_ws/install/ur_robotiq:/home/fiend/voice_grab/ros2_ws/install/ur_robotiq_description:/home/fiend/voice_grab/ros2_ws/install/ur_description:/opt/ros/humble:/home/fiend/LineFollowingRobot/ros_ws/install/prius_msgs:/home/fiend/LineFollowingRobot/ros_ws/install/line_bhakt:/home/fiend/LineFollowingRobot/ros_ws/install/launches:/home/fiend/LineFollowingRobot/ros_ws/install/autocar_nav:/home/fiend/LineFollowingRobot/ros_ws/install/autocar_msgs:/home/fiend/LineFollowingRobot/ros_ws/install/autocar_map:/home/fiend/LineFollowingRobot/ros_ws/install/autocar_gazebo:/home/fiend/LineFollowingRobot/ros_ws/install/autocar_description:/home/fiend/ROS/practice_codes_ROS2/articubot_one/install/articubot_one PS1=
\[[38;5;156m\]\[[0m\]\[[38;5;166m\]ros2_ws\[[0m\]\[[38;5;166m\]\[[0m\] on \[[38;5;162m\] \[[0m\]\[[38;5;162m\]main\[[0m\] underwent \[[36m\]4m38s\[[0m\]
\[[1;38;5;166m\]➜\[[0m\] /usr/bin/cmake --install /home/fiend/voice_grab/ros2_ws/build/voice_grabber
[2.407s] DEBUG:colcon.colcon_core.event_handler.log_command:Invoking command in '/home/fiend/voice_grab/ros2_ws/build/ur_robotiq': CMAKE_PREFIX_PATH=/home/fiend/voice_grab/ros2_ws/install/ur_robotiq_description:/home/fiend/voice_grab/ros2_ws/install/ur_description:/home/fiend/Navigation_Bot/dev_ws/install/navigation_bot:/home/fiend/voice_grab/ros2_ws/install/zed_ros2:/home/fiend/voice_grab/ros2_ws/install/zed_wrapper:/home/fiend/voice_grab/ros2_ws/install/zed_components:/home/fiend/voice_grab/ros2_ws/install/zed_interfaces:/home/fiend/voice_grab/ros2_ws/install/voice_grabber:/home/fiend/voice_grab/ros2_ws/install/ur_robotiq:/opt/ros/humble:/home/fiend/LineFollowingRobot/ros_ws/install/prius_msgs:/home/fiend/LineFollowingRobot/ros_ws/install/line_bhakt:/home/fiend/LineFollowingRobot/ros_ws/install/launches:/home/fiend/LineFollowingRobot/ros_ws/install/autocar_nav:/home/fiend/LineFollowingRobot/ros_ws/install/autocar_msgs:/home/fiend/LineFollowingRobot/ros_ws/install/autocar_map:/home/fiend/LineFollowingRobot/ros_ws/install/autocar_gazebo:/home/fiend/LineFollowingRobot/ros_ws/install/autocar_description:/home/fiend/ROS/practice_codes_ROS2/articubot_one/install/articubot_one PS1=
\[[38;5;156m\]\[[0m\]\[[38;5;166m\]ros2_ws\[[0m\]\[[38;5;166m\]\[[0m\] on \[[38;5;162m\] \[[0m\]\[[38;5;162m\]main\[[0m\] underwent \[[36m\]4m38s\[[0m\]
\[[1;38;5;166m\]➜\[[0m\] /usr/bin/cmake --install /home/fiend/voice_grab/ros2_ws/build/ur_robotiq
[2.451s] Level 1:colcon.colcon_core.environment:create_environment_scripts_only(ur_robotiq)
[2.451s] Level 1:colcon.colcon_core.environment:checking '/home/fiend/voice_grab/ros2_ws/install/ur_robotiq' for CMake module files
[2.453s] DEBUG:colcon.colcon_core.event_handler.log_command:Invoked command in '/home/fiend/voice_grab/ros2_ws/build/ur_robotiq' returned '0': CMAKE_PREFIX_PATH=/home/fiend/voice_grab/ros2_ws/install/ur_robotiq_description:/home/fiend/voice_grab/ros2_ws/install/ur_description:/home/fiend/Navigation_Bot/dev_ws/install/navigation_bot:/home/fiend/voice_grab/ros2_ws/install/zed_ros2:/home/fiend/voice_grab/ros2_ws/install/zed_wrapper:/home/fiend/voice_grab/ros2_ws/install/zed_components:/home/fiend/voice_grab/ros2_ws/install/zed_interfaces:/home/fiend/voice_grab/ros2_ws/install/voice_grabber:/home/fiend/voice_grab/ros2_ws/install/ur_robotiq:/opt/ros/humble:/home/fiend/LineFollowingRobot/ros_ws/install/prius_msgs:/home/fiend/LineFollowingRobot/ros_ws/install/line_bhakt:/home/fiend/LineFollowingRobot/ros_ws/install/launches:/home/fiend/LineFollowingRobot/ros_ws/install/autocar_nav:/home/fiend/LineFollowingRobot/ros_ws/install/autocar_msgs:/home/fiend/LineFollowingRobot/ros_ws/install/autocar_map:/home/fiend/LineFollowingRobot/ros_ws/install/autocar_gazebo:/home/fiend/LineFollowingRobot/ros_ws/install/autocar_description:/home/fiend/ROS/practice_codes_ROS2/articubot_one/install/articubot_one PS1=
\[[38;5;156m\]\[[0m\]\[[38;5;166m\]ros2_ws\[[0m\]\[[38;5;166m\]\[[0m\] on \[[38;5;162m\] \[[0m\]\[[38;5;162m\]main\[[0m\] underwent \[[36m\]4m38s\[[0m\]
\[[1;38;5;166m\]➜\[[0m\] /usr/bin/cmake --install /home/fiend/voice_grab/ros2_ws/build/ur_robotiq
[2.453s] Level 1:colcon.colcon_core.environment:checking '/home/fiend/voice_grab/ros2_ws/install/ur_robotiq' for CMake config files
[2.454s] Level 1:colcon.colcon_core.shell:create_environment_hook('ur_robotiq', 'cmake_prefix_path')
[2.454s] INFO:colcon.colcon_core.shell:Creating environment hook '/home/fiend/voice_grab/ros2_ws/install/ur_robotiq/share/ur_robotiq/hook/cmake_prefix_path.ps1'
[2.455s] INFO:colcon.colcon_core.shell:Creating environment descriptor '/home/fiend/voice_grab/ros2_ws/install/ur_robotiq/share/ur_robotiq/hook/cmake_prefix_path.dsv'
[2.456s] INFO:colcon.colcon_core.shell:Creating environment hook '/home/fiend/voice_grab/ros2_ws/install/ur_robotiq/share/ur_robotiq/hook/cmake_prefix_path.sh'
[2.457s] Level 1:colcon.colcon_core.environment:checking '/home/fiend/voice_grab/ros2_ws/install/ur_robotiq/bin'
[2.457s] Level 1:colcon.colcon_core.environment:checking '/home/fiend/voice_grab/ros2_ws/install/ur_robotiq/lib/pkgconfig/ur_robotiq.pc'
[2.457s] Level 1:colcon.colcon_core.environment:checking '/home/fiend/voice_grab/ros2_ws/install/ur_robotiq/lib/python3.10/site-packages'
[2.458s] Level 1:colcon.colcon_core.environment:checking '/home/fiend/voice_grab/ros2_ws/install/ur_robotiq/bin'
[2.458s] INFO:colcon.colcon_core.shell:Creating package script '/home/fiend/voice_grab/ros2_ws/install/ur_robotiq/share/ur_robotiq/package.ps1'
[2.459s] INFO:colcon.colcon_core.shell:Creating package descriptor '/home/fiend/voice_grab/ros2_ws/install/ur_robotiq/share/ur_robotiq/package.dsv'
[2.460s] INFO:colcon.colcon_core.shell:Creating package script '/home/fiend/voice_grab/ros2_ws/install/ur_robotiq/share/ur_robotiq/package.sh'
[2.461s] INFO:colcon.colcon_core.shell:Creating package script '/home/fiend/voice_grab/ros2_ws/install/ur_robotiq/share/ur_robotiq/package.bash'
[2.461s] INFO:colcon.colcon_core.shell:Creating package script '/home/fiend/voice_grab/ros2_ws/install/ur_robotiq/share/ur_robotiq/package.zsh'
[2.462s] Level 1:colcon.colcon_core.environment:create_file_with_runtime_dependencies(/home/fiend/voice_grab/ros2_ws/install/ur_robotiq/share/colcon-core/packages/ur_robotiq)
[2.502s] Level 1:colcon.colcon_core.environment:create_environment_scripts_only(ur_robotiq)
[2.503s] Level 1:colcon.colcon_core.environment:checking '/home/fiend/voice_grab/ros2_ws/install/ur_robotiq' for CMake module files
[2.503s] Level 1:colcon.colcon_core.environment:checking '/home/fiend/voice_grab/ros2_ws/install/ur_robotiq' for CMake config files
[2.504s] Level 1:colcon.colcon_core.shell:create_environment_hook('ur_robotiq', 'cmake_prefix_path')
[2.504s] INFO:colcon.colcon_core.shell:Creating environment hook '/home/fiend/voice_grab/ros2_ws/install/ur_robotiq/share/ur_robotiq/hook/cmake_prefix_path.ps1'
[2.505s] INFO:colcon.colcon_core.shell:Creating environment descriptor '/home/fiend/voice_grab/ros2_ws/install/ur_robotiq/share/ur_robotiq/hook/cmake_prefix_path.dsv'
[2.506s] INFO:colcon.colcon_core.shell:Creating environment hook '/home/fiend/voice_grab/ros2_ws/install/ur_robotiq/share/ur_robotiq/hook/cmake_prefix_path.sh'
[2.507s] Level 1:colcon.colcon_core.environment:checking '/home/fiend/voice_grab/ros2_ws/install/ur_robotiq/bin'
[2.507s] Level 1:colcon.colcon_core.environment:checking '/home/fiend/voice_grab/ros2_ws/install/ur_robotiq/lib/pkgconfig/ur_robotiq.pc'
[2.507s] Level 1:colcon.colcon_core.environment:checking '/home/fiend/voice_grab/ros2_ws/install/ur_robotiq/lib/python3.10/site-packages'
[2.508s] Level 1:colcon.colcon_core.environment:checking '/home/fiend/voice_grab/ros2_ws/install/ur_robotiq/bin'
[2.508s] INFO:colcon.colcon_core.shell:Creating package script '/home/fiend/voice_grab/ros2_ws/install/ur_robotiq/share/ur_robotiq/package.ps1'
[2.510s] INFO:colcon.colcon_core.shell:Creating package descriptor '/home/fiend/voice_grab/ros2_ws/install/ur_robotiq/share/ur_robotiq/package.dsv'
[2.511s] INFO:colcon.colcon_core.shell:Creating package script '/home/fiend/voice_grab/ros2_ws/install/ur_robotiq/share/ur_robotiq/package.sh'
[2.512s] INFO:colcon.colcon_core.shell:Creating package script '/home/fiend/voice_grab/ros2_ws/install/ur_robotiq/share/ur_robotiq/package.bash'
[2.513s] INFO:colcon.colcon_core.shell:Creating package script '/home/fiend/voice_grab/ros2_ws/install/ur_robotiq/share/ur_robotiq/package.zsh'
[2.513s] Level 1:colcon.colcon_core.environment:create_file_with_runtime_dependencies(/home/fiend/voice_grab/ros2_ws/install/ur_robotiq/share/colcon-core/packages/ur_robotiq)
[2.519s] Level 1:colcon.colcon_core.environment:create_environment_scripts_only(voice_grabber)
[2.520s] Level 1:colcon.colcon_core.environment:checking '/home/fiend/voice_grab/ros2_ws/install/voice_grabber' for CMake module files
[2.521s] DEBUG:colcon.colcon_core.event_handler.log_command:Invoked command in '/home/fiend/voice_grab/ros2_ws/build/voice_grabber' returned '0': CMAKE_PREFIX_PATH=/home/fiend/Navigation_Bot/dev_ws/install/navigation_bot:/home/fiend/voice_grab/ros2_ws/install/zed_ros2:/home/fiend/voice_grab/ros2_ws/install/zed_wrapper:/home/fiend/voice_grab/ros2_ws/install/zed_components:/home/fiend/voice_grab/ros2_ws/install/zed_interfaces:/home/fiend/voice_grab/ros2_ws/install/voice_grabber:/home/fiend/voice_grab/ros2_ws/install/ur_robotiq:/home/fiend/voice_grab/ros2_ws/install/ur_robotiq_description:/home/fiend/voice_grab/ros2_ws/install/ur_description:/opt/ros/humble:/home/fiend/LineFollowingRobot/ros_ws/install/prius_msgs:/home/fiend/LineFollowingRobot/ros_ws/install/line_bhakt:/home/fiend/LineFollowingRobot/ros_ws/install/launches:/home/fiend/LineFollowingRobot/ros_ws/install/autocar_nav:/home/fiend/LineFollowingRobot/ros_ws/install/autocar_msgs:/home/fiend/LineFollowingRobot/ros_ws/install/autocar_map:/home/fiend/LineFollowingRobot/ros_ws/install/autocar_gazebo:/home/fiend/LineFollowingRobot/ros_ws/install/autocar_description:/home/fiend/ROS/practice_codes_ROS2/articubot_one/install/articubot_one PS1=
\[[38;5;156m\]\[[0m\]\[[38;5;166m\]ros2_ws\[[0m\]\[[38;5;166m\]\[[0m\] on \[[38;5;162m\] \[[0m\]\[[38;5;162m\]main\[[0m\] underwent \[[36m\]4m38s\[[0m\]
\[[1;38;5;166m\]➜\[[0m\] /usr/bin/cmake --install /home/fiend/voice_grab/ros2_ws/build/voice_grabber
[2.522s] Level 1:colcon.colcon_core.environment:checking '/home/fiend/voice_grab/ros2_ws/install/voice_grabber' for CMake config files
[2.523s] Level 1:colcon.colcon_core.shell:create_environment_hook('voice_grabber', 'cmake_prefix_path')
[2.523s] INFO:colcon.colcon_core.shell:Creating environment hook '/home/fiend/voice_grab/ros2_ws/install/voice_grabber/share/voice_grabber/hook/cmake_prefix_path.ps1'
[2.525s] INFO:colcon.colcon_core.shell:Creating environment descriptor '/home/fiend/voice_grab/ros2_ws/install/voice_grabber/share/voice_grabber/hook/cmake_prefix_path.dsv'
[2.525s] INFO:colcon.colcon_core.shell:Creating environment hook '/home/fiend/voice_grab/ros2_ws/install/voice_grabber/share/voice_grabber/hook/cmake_prefix_path.sh'
[2.526s] Level 1:colcon.colcon_core.environment:checking '/home/fiend/voice_grab/ros2_ws/install/voice_grabber/lib'
[2.526s] Level 1:colcon.colcon_core.environment:checking '/home/fiend/voice_grab/ros2_ws/install/voice_grabber/bin'
[2.526s] Level 1:colcon.colcon_core.environment:checking '/home/fiend/voice_grab/ros2_ws/install/voice_grabber/lib/pkgconfig/voice_grabber.pc'
[2.527s] Level 1:colcon.colcon_core.environment:checking '/home/fiend/voice_grab/ros2_ws/install/voice_grabber/lib/python3.10/site-packages'
[2.527s] Level 1:colcon.colcon_core.environment:checking '/home/fiend/voice_grab/ros2_ws/install/voice_grabber/bin'
[2.528s] INFO:colcon.colcon_core.shell:Creating package script '/home/fiend/voice_grab/ros2_ws/install/voice_grabber/share/voice_grabber/package.ps1'
[2.529s] INFO:colcon.colcon_core.shell:Creating package descriptor '/home/fiend/voice_grab/ros2_ws/install/voice_grabber/share/voice_grabber/package.dsv'
[2.530s] INFO:colcon.colcon_core.shell:Creating package script '/home/fiend/voice_grab/ros2_ws/install/voice_grabber/share/voice_grabber/package.sh'
[2.530s] INFO:colcon.colcon_core.shell:Creating package script '/home/fiend/voice_grab/ros2_ws/install/voice_grabber/share/voice_grabber/package.bash'
[2.531s] INFO:colcon.colcon_core.shell:Creating package script '/home/fiend/voice_grab/ros2_ws/install/voice_grabber/share/voice_grabber/package.zsh'
[2.531s] Level 1:colcon.colcon_core.environment:create_file_with_runtime_dependencies(/home/fiend/voice_grab/ros2_ws/install/voice_grabber/share/colcon-core/packages/voice_grabber)
[2.585s] Level 1:colcon.colcon_core.environment:create_environment_scripts_only(voice_grabber)
[2.586s] Level 1:colcon.colcon_core.environment:checking '/home/fiend/voice_grab/ros2_ws/install/voice_grabber' for CMake module files
[2.587s] Level 1:colcon.colcon_core.environment:checking '/home/fiend/voice_grab/ros2_ws/install/voice_grabber' for CMake config files
[2.588s] Level 1:colcon.colcon_core.shell:create_environment_hook('voice_grabber', 'cmake_prefix_path')
[2.588s] INFO:colcon.colcon_core.shell:Creating environment hook '/home/fiend/voice_grab/ros2_ws/install/voice_grabber/share/voice_grabber/hook/cmake_prefix_path.ps1'
[2.589s] INFO:colcon.colcon_core.shell:Creating environment descriptor '/home/fiend/voice_grab/ros2_ws/install/voice_grabber/share/voice_grabber/hook/cmake_prefix_path.dsv'
[2.590s] INFO:colcon.colcon_core.shell:Creating environment hook '/home/fiend/voice_grab/ros2_ws/install/voice_grabber/share/voice_grabber/hook/cmake_prefix_path.sh'
[2.591s] Level 1:colcon.colcon_core.environment:checking '/home/fiend/voice_grab/ros2_ws/install/voice_grabber/lib'
[2.591s] Level 1:colcon.colcon_core.environment:checking '/home/fiend/voice_grab/ros2_ws/install/voice_grabber/bin'
[2.591s] Level 1:colcon.colcon_core.environment:checking '/home/fiend/voice_grab/ros2_ws/install/voice_grabber/lib/pkgconfig/voice_grabber.pc'
[2.591s] Level 1:colcon.colcon_core.environment:checking '/home/fiend/voice_grab/ros2_ws/install/voice_grabber/lib/python3.10/site-packages'
[2.592s] Level 1:colcon.colcon_core.environment:checking '/home/fiend/voice_grab/ros2_ws/install/voice_grabber/bin'
[2.592s] INFO:colcon.colcon_core.shell:Creating package script '/home/fiend/voice_grab/ros2_ws/install/voice_grabber/share/voice_grabber/package.ps1'
[2.593s] INFO:colcon.colcon_core.shell:Creating package descriptor '/home/fiend/voice_grab/ros2_ws/install/voice_grabber/share/voice_grabber/package.dsv'
[2.594s] INFO:colcon.colcon_core.shell:Creating package script '/home/fiend/voice_grab/ros2_ws/install/voice_grabber/share/voice_grabber/package.sh'
[2.595s] INFO:colcon.colcon_core.shell:Creating package script '/home/fiend/voice_grab/ros2_ws/install/voice_grabber/share/voice_grabber/package.bash'
[2.596s] INFO:colcon.colcon_core.shell:Creating package script '/home/fiend/voice_grab/ros2_ws/install/voice_grabber/share/voice_grabber/package.zsh'
[2.596s] Level 1:colcon.colcon_core.environment:create_file_with_runtime_dependencies(/home/fiend/voice_grab/ros2_ws/install/voice_grabber/share/colcon-core/packages/voice_grabber)
[2.597s] DEBUG:colcon.colcon_parallel_executor.executor.parallel:closing loop
[2.598s] DEBUG:colcon.colcon_parallel_executor.executor.parallel:loop closed
[2.598s] DEBUG:colcon.colcon_parallel_executor.executor.parallel:run_until_complete finished with '0'
[2.598s] DEBUG:colcon.colcon_core.event_reactor:joining thread
[2.613s] INFO:colcon.colcon_core.plugin_system:Skipping extension 'colcon_notification.desktop_notification.terminal_notifier': Not used on non-Darwin systems
[2.613s] INFO:colcon.colcon_core.plugin_system:Skipping extension 'colcon_notification.desktop_notification.win32': Not used on non-Windows systems
[2.613s] INFO:colcon.colcon_notification.desktop_notification:Sending desktop notification using 'notify2'
[2.638s] DEBUG:colcon.colcon_core.event_reactor:joined thread
[2.639s] INFO:colcon.colcon_core.shell:Creating prefix script '/home/fiend/voice_grab/ros2_ws/install/local_setup.ps1'
[2.641s] INFO:colcon.colcon_core.shell:Creating prefix util module '/home/fiend/voice_grab/ros2_ws/install/_local_setup_util_ps1.py'
[2.643s] INFO:colcon.colcon_core.shell:Creating prefix chain script '/home/fiend/voice_grab/ros2_ws/install/setup.ps1'
[2.647s] INFO:colcon.colcon_core.shell:Creating prefix script '/home/fiend/voice_grab/ros2_ws/install/local_setup.sh'
[2.648s] INFO:colcon.colcon_core.shell:Creating prefix util module '/home/fiend/voice_grab/ros2_ws/install/_local_setup_util_sh.py'
[2.649s] INFO:colcon.colcon_core.shell:Creating prefix chain script '/home/fiend/voice_grab/ros2_ws/install/setup.sh'
[2.653s] INFO:colcon.colcon_core.shell:Creating prefix script '/home/fiend/voice_grab/ros2_ws/install/local_setup.bash'
[2.654s] INFO:colcon.colcon_core.shell:Creating prefix chain script '/home/fiend/voice_grab/ros2_ws/install/setup.bash'
[2.658s] INFO:colcon.colcon_core.shell:Creating prefix script '/home/fiend/voice_grab/ros2_ws/install/local_setup.zsh'
[2.659s] INFO:colcon.colcon_core.shell:Creating prefix chain script '/home/fiend/voice_grab/ros2_ws/install/setup.zsh'
